org/apache/spark/status/api/v1/OutputMetrics.bytesWritten-api.scala-241-241=45
org/apache/spark/rdd/RDD.doCheckpoint-RDD.scala-1800-1800=5
org/apache/spark/mllib/linalg/DenseMatrix.isTransposed-Matrices.scala-287-287=2
org/apache/spark/mllib/linalg/distributed/RowMatrix.computeGramianMatrix-RowMatrix.scala-115-142=1
org/apache/spark/status/api/v1/TaskMetrics.resultSize-api.scala-225-225=30
org/apache/spark/mllib/feature/PCA.fit-PCA.scala-43-53=1
org/apache/spark/rdd/RDD.org$apache$spark$rdd$RDD$$partitions_-RDD.scala-242-242=50
org/apache/spark/status/api/v1/ShuffleReadMetrics.localBlocksFetched-api.scala-246-246=32
org/apache/spark/rdd/RDD.org$apache$spark$rdd$RDD$$sc-RDD.scala-89-100=13
org/apache/spark/rdd/RDDOperationScope$$anonfun$2.apply-RDDOperationScope.scala-105-105=6
org/apache/spark/rdd/RDD.id-RDD.scala-150-150=67
org/apache/spark/rdd/RDD.scope-RDD.scala-1743-1743=6
org/apache/spark/status/api/v1/InputMetrics.recordsRead-api.scala-238-238=45
org/apache/spark/util/JsonProtocol$$anonfun$rddInfoToJson$5.apply-JsonProtocol.scala-440-440=16
org/apache/spark/mllib/linalg/Matrices$.fromBreeze-Matrices.scala-991-1007=1
org/apache/spark/status/api/v1/ShuffleWriteMetrics.writeTime-api.scala-255-255=32
org/apache/spark/status/api/v1/TaskMetrics.peakExecutionMemory-api.scala-230-230=32
org/apache/spark/rdd/MapPartitionsRDD$.$lessinit$greater$default$4-MapPartitionsRDD.scala-43-43=1
org/apache/spark/status/api/v1/TaskMetrics.shuffleWriteMetrics-api.scala-234-234=122
org/apache/spark/status/api/v1/StageData.attemptId-api.scala-166-166=7
org/apache/spark/mllib/linalg/distributed/RowMatrix$$anonfun$1.apply-RowMatrix.scala-406-406=2000
org/apache/spark/rdd/RDD$.CHECKPOINT_ALL_MARKED_ANCESTORS-RDD.scala-2006-2006=1
org/apache/spark/status/api/v1/StageData.stageId-api.scala-165-165=7
org/apache/spark/status/api/v1/ShuffleReadMetrics.remoteBytesReadToDisk-api.scala-249-249=32
org/apache/spark/rdd/RDD.getNarrowAncestors-RDD.scala-320-335=2
org/apache/spark/rdd/RDD.elementClassTag-RDD.scala-1749-1749=1
org/apache/spark/mllib/feature/VectorTransformer$class.$init$-VectorTransformer.scala-31-31=1
org/apache/spark/rdd/RDD$$anonfun$partitions$2$$anonfun$apply$3.apply-RDD.scala-274-274=20
org/apache/spark/status/api/v1/TaskMetrics.memoryBytesSpilled-api.scala-228-228=45
org/apache/spark/rdd/RDD.isCheckpointedAndMaterialized-RDD.scala-1677-1677=3
org/apache/spark/rdd/RDD.withScope-RDD.scala-385-385=3
org/apache/spark/mllib/linalg/DenseMatrix.values-Matrices.scala-286-286=2
org/apache/spark/rdd/RDD.org$apache$spark$rdd$RDD$$doCheckpointCalled-RDD.scala-1792-1792=5
org/apache/spark/status/api/v1/ShuffleReadMetrics.recordsRead-api.scala-251-251=45
org/apache/spark/rdd/RDD$$anonfun$org$apache$spark$rdd$RDD$$visit$1$1.apply-RDD.scala-326-326=4
org/apache/spark/status/api/v1/OutputMetrics.recordsWritten-api.scala-242-242=44
org/apache/spark/rdd/RDD.creationSite-RDD.scala-1734-1734=6
org/apache/spark/mllib/linalg/Vector$class.$init$-Vectors.scala-47-47=1
org/apache/spark/rdd/RDD$$anonfun$6.apply-RDD.scala-325-325=8
org/apache/spark/rdd/RDD$$anonfun$map$1.apply-RDD.scala-392-392=1
org/apache/spark/rdd/RDD$$anonfun$preferredLocations$2.apply-RDD.scala-297-297=10
org/apache/spark/mllib/linalg/distributed/RowMatrix$$anonfun$9.apply-RowMatrix.scala-132-132=12
org/apache/spark/rdd/RDD.org$apache$spark$rdd$RDD$$dependencies_-RDD.scala-241-241=74
org/apache/spark/rdd/MapPartitionsRDD$.$lessinit$greater$default$3-MapPartitionsRDD.scala-42-42=1
org/apache/spark/status/api/v1/TaskMetrics.executorCpuTime-api.scala-224-224=37
org/apache/spark/rdd/RDDOperationScope.toJson-RDDOperationScope.scala-52-52=14
org/apache/spark/rdd/RDD.org$apache$spark$rdd$RDD$$visit$1-RDD.scala-323-326=6
org/apache/spark/rdd/RDD.isBarrier-RDD.scala-1931-1931=6
org/apache/spark/rdd/HadoopPartition.index-HadoopRDD.scala-48-48=10
org/apache/spark/status/api/v1/InputMetrics.bytesRead-api.scala-237-237=45
org/apache/spark/rdd/RDD.getPreferredLocations-RDD.scala-137-137=10
org/apache/spark/status/api/v1/ExecutorSummary.hostPort-api.scala-78-78=86
org/apache/spark/rdd/RDD$$anonfun$fold$1$$anonfun$22.apply-RDD.scala-1141-1141=4
org/apache/spark/rdd/RDD$$anonfun$doCheckpoint$1.apply-RDD.scala-1801-1801=5
org/apache/spark/mllib/linalg/DenseVector.apply-Vectors.scala-630-630=501500
org/apache/spark/mllib/linalg/distributed/RowMatrix.computePrincipalComponentsAndExplainedVariance-RowMatrix.scala-398-403=1
org/apache/spark/rdd/MapPartitionsRDD.computeOrReadCheckpoint-MapPartitionsRDD.scala-343-343=4
org/apache/spark/rdd/MapPartitionsRDD$$anonfun$isBarrier_$1.apply-MapPartitionsRDD.scala-60-60=2
org/apache/spark/mllib/linalg/distributed/RowMatrix$$anonfun$1.apply$mcDD$sp-RowMatrix.scala-406-406=1000
org/apache/spark/rdd/RDD.iterator-RDD.scala-307-307=4
org/apache/spark/status/api/v1/ShuffleWriteMetrics.bytesWritten-api.scala-254-254=45
org/apache/spark/mllib/feature/PCA.k-PCA.scala-32-32=1
org/apache/spark/rdd/RDD.context-RDD.scala-1772-1772=1
org/apache/spark/util/JsonProtocol$$anonfun$rddInfoToJson$7.apply-JsonProtocol.scala-444-444=16
org/apache/spark/rdd/RDDOperationScope$.$lessinit$greater$default$2-RDDOperationScope.scala-48-48=5
org/apache/spark/rdd/RDDOperationScope$$anonfun$getAllScopes$2.apply-RDDOperationScope.scala-61-61=4
org/apache/spark/rdd/RDD.firstParent-RDD.scala-1763-1763=3
org/apache/spark/rdd/RDDOperationScope$.withScope-RDDOperationScope.scala-134-155=8
org/apache/spark/rdd/RDD.fold-RDD.scala-1137-1137=1
org/apache/spark/rdd/RDDOperationScope.getAllScopes-RDDOperationScope.scala-61-61=4
org/apache/spark/mllib/linalg/distributed/RowMatrix.computeCovariance-RowMatrix.scala-345-376=1
org/apache/spark/util/JsonProtocol$$anonfun$rddInfoToJson$2.apply-JsonProtocol.scala-437-437=16
org/apache/spark/rdd/RDD.org$apache$spark$rdd$RDD$$stateLock-RDD.scala-237-237=2
org/apache/spark/rdd/MapPartitionsRDD.getPartitions-MapPartitionsRDD.scala-49-49=1
org/apache/spark/status/api/v1/ShuffleReadMetrics.remoteBytesRead-api.scala-248-248=45
org/apache/spark/rdd/InputFileBlockHolder$.unset-InputFileBlockHolder.scala-86-86=2
org/apache/spark/rdd/RDD$$anonfun$fold$1$$anonfun$23.apply-RDD.scala-1142-1142=4
org/apache/spark/mllib/linalg/distributed/RowMatrix$.org$apache$spark$mllib$linalg$distributed$RowMatrix$$triuToFull-RowMatrix.scala-711-731=1
org/apache/spark/rdd/RDDOperationScope.name-RDDOperationScope.scala-47-47=18
org/apache/spark/status/api/v1/TaskMetrics.inputMetrics-api.scala-231-231=90
org/apache/spark/status/api/v1/TaskMetrics.executorRunTime-api.scala-223-223=37
org/apache/spark/rdd/RDD$$anonfun$5.apply-RDD.scala-324-324=8
org/apache/spark/rdd/RDD.treeAggregate-RDD.scala-1182-1182=1
org/apache/spark/rdd/RDD.name-RDD.scala-153-153=6
org/apache/spark/util/JsonProtocol$$anonfun$rddInfoToJson$6.apply-JsonProtocol.scala-443-443=16
org/apache/spark/rdd/ShuffledRDDPartition.index-ShuffledRDD.scala-27-27=7
org/apache/spark/mllib/linalg/Matrix$class.$init$-Matrices.scala-52-52=3
org/apache/spark/rdd/RDD$$anonfun$dependencies$2.apply-RDD.scala-252-252=37
org/apache/spark/rdd/RDD.computeOrReadCheckpoint-RDD.scala-343-343=4
org/apache/spark/rdd/PairRDDFunctions$$anonfun$values$1.apply-PairRDDFunctions.scala-1109-1109=4
org/apache/spark/status/api/v1/TaskMetrics.outputMetrics-api.scala-232-232=90
org/apache/spark/rdd/RDD.map-RDD.scala-392-392=1
org/apache/spark/rdd/RDD.org$apache$spark$rdd$RDD$$partitions__$eq-RDD.scala-242-242=1
org/apache/spark/mllib/linalg/DenseMatrix.numRows-Matrices.scala-284-284=2
org/apache/spark/rdd/RDD$$anonfun$37.apply-RDD.scala-1744-1744=2
org/apache/spark/util/JsonProtocol$$anonfun$rddInfoToJson$8.apply-JsonProtocol.scala-445-445=16
org/apache/spark/status/api/v1/TaskMetrics.executorDeserializeCpuTime-api.scala-222-222=30
org/apache/spark/rdd/RDDOperationScope$.withScope$default$2-RDDOperationScope.scala-101-101=1
org/apache/spark/rdd/RDD.preferredLocations-RDD.scala-296-296=10
org/apache/spark/rdd/RDD.dependencies-RDD.scala-252-252=37
org/apache/spark/rdd/RDDOperationScope$$anonfun$3.apply-RDDOperationScope.scala-106-106=2
org/apache/spark/status/api/v1/ShuffleReadMetrics.fetchWaitTime-api.scala-247-247=32
org/apache/spark/rdd/MapPartitionsRDD.isBarrier_-MapPartitionsRDD.scala-60-60=6
org/apache/spark/mllib/linalg/DenseMatrix.asBreeze-Matrices.scala-321-321=2
org/apache/spark/rdd/RDD$$anonfun$map$1$$anonfun$apply$5.apply-RDD.scala-394-394=4
org/apache/spark/rdd/RDD.org$apache$spark$rdd$RDD$$dependencies__$eq-RDD.scala-241-241=1
org/apache/spark/mllib/linalg/DenseVector.values-Vectors.scala-617-617=501500
org/apache/spark/status/api/v1/TaskMetrics.shuffleReadMetrics-api.scala-233-233=262
org/apache/spark/rdd/RDD$$anonfun$fold$1.apply-RDD.scala-1139-1144=1
org/apache/spark/status/api/v1/ShuffleReadMetrics.remoteBlocksFetched-api.scala-245-245=32
org/apache/spark/mllib/linalg/DenseMatrix.org$apache$spark$mllib$linalg$Matrix$_setter_$isTransposed_$eq-Matrices.scala-283-283=3
org/apache/spark/status/api/v1/ShuffleWriteMetrics.recordsWritten-api.scala-256-256=44
org/apache/spark/util/JsonProtocol$$anonfun$rddInfoToJson$1.apply-JsonProtocol.scala-437-437=16
org/apache/spark/status/api/v1/TaskMetrics.diskBytesSpilled-api.scala-229-229=45
org/apache/spark/mllib/linalg/DenseMatrix.numCols-Matrices.scala-285-285=2
org/apache/spark/status/api/v1/TaskMetrics.resultSerializationTime-api.scala-227-227=32
org/apache/spark/rdd/RDD$$anonfun$partitions$2.apply-RDD.scala-269-269=24
org/apache/spark/rdd/RDD.getStorageLevel-RDD.scala-223-223=8
org/apache/spark/rdd/MapPartitionsRDD.isCheckpointedAndMaterialized-MapPartitionsRDD.scala-1677-1677=3
org/apache/spark/mllib/linalg/distributed/RowMatrix$$anonfun$9.apply-RowMatrix.scala-133-133=12
org/apache/spark/rdd/RDDOperationScope.id-RDDOperationScope.scala-49-49=18
org/apache/spark/rdd/RDD$$anonfun$doCheckpoint$1$$anonfun$apply$mcV$sp$2.apply-RDD.scala-1813-1813=8
org/apache/spark/rdd/RDDOperationScope$$anonfun$1.apply-RDDOperationScope.scala-104-104=4
org/apache/spark/rdd/RDD$$anonfun$4.apply-RDD.scala-323-323=10
org/apache/spark/util/JsonProtocol$$anonfun$rddInfoToJson$4$$anonfun$apply$19.apply-JsonProtocol.scala-439-439=16
org/apache/spark/rdd/RDD.sparkContext-RDD.scala-147-147=1
org/apache/spark/rdd/RDDOperationScope$.org$apache$spark$rdd$RDDOperationScope$$jsonMapper-RDDOperationScope.scala-82-82=20
org/apache/spark/rdd/RDDOperationScope$.withScope-RDDOperationScope.scala-102-112=3
org/apache/spark/util/JsonProtocol$$anonfun$rddInfoToJson$9.apply-JsonProtocol.scala-446-446=16
org/apache/spark/util/JsonProtocol$$anonfun$rddInfoToJson$3.apply-JsonProtocol.scala-439-439=16
org/apache/spark/rdd/RDDOperationScope$.nextScopeId-RDDOperationScope.scala-90-90=6
org/apache/spark/rdd/RDD.checkpointData-RDD.scala-1751-1751=78
org/apache/spark/util/JsonProtocol$$anonfun$rddInfoToJson$4.apply-JsonProtocol.scala-439-439=16
org/apache/spark/status/api/v1/ShuffleReadMetrics.localBytesRead-api.scala-250-250=45
org/apache/spark/mllib/linalg/Matrices$.dense-Matrices.scala-963-963=2
org/apache/spark/rdd/MapPartitionsRDD.compute-MapPartitionsRDD.scala-52-52=2
org/apache/spark/rdd/RDDOperationScope$$anonfun$5.apply-RDDOperationScope.scala-137-137=10
org/apache/spark/rdd/RDD$$anonfun$doCheckpoint$1.apply$mcV$sp-RDD.scala-1801-1801=5
org/apache/spark/status/api/v1/TaskMetrics.executorDeserializeTime-api.scala-221-221=35
org/apache/spark/rdd/MapPartitionsRDD.org$apache$spark$rdd$RDD$$dependencies_-MapPartitionsRDD.scala-241-241=7
org/apache/spark/rdd/RDD$$anonfun$getNarrowAncestors$1.apply-RDD.scala-335-335=8
org/apache/spark/rdd/RDD.org$apache$spark$internal$Logging$$log__$eq-RDD.scala-77-77=1
org/apache/spark/rdd/MapPartitionsRDD.dependencies-MapPartitionsRDD.scala-252-252=4
org/apache/spark/rdd/RDD.org$apache$spark$rdd$RDD$$doCheckpointCalled_$eq-RDD.scala-1792-1792=4
org/apache/spark/rdd/RDDOperationScope$.fromJson-RDDOperationScope.scala-86-86=6
org/apache/spark/rdd/MapPartitionsRDD.firstParent-MapPartitionsRDD.scala-1763-1763=2
org/apache/spark/rdd/RDDOperationScope.parent-RDDOperationScope.scala-48-48=18
org/apache/spark/rdd/RDD.partitions-RDD.scala-269-269=24
org/apache/spark/status/api/v1/JobData.jobId-api.scala-110-110=8
org/apache/spark/status/api/v1/ExecutorSummary.id-api.scala-77-77=86
org/apache/spark/rdd/MapPartitionsRDD.checkpointData-MapPartitionsRDD.scala-1751-1751=6
org/apache/spark/mllib/linalg/Vectors$.dense-Vectors.scala-308-308=1
org/apache/spark/status/api/v1/TaskMetrics.jvmGcTime-api.scala-226-226=31
org/apache/spark/rdd/MapPartitionsRDD.iterator-MapPartitionsRDD.scala-307-307=4
org/apache/spark/status/api/v1/RDDStorageInfo.id-api.scala-132-132=38
org/apache/spark/rdd/RDD$$anonfun$treeAggregate$1.apply-RDD.scala-1183-1182=1
org/apache/spark/rdd/RDD$$anonfun$org$apache$spark$rdd$RDD$$visit$1$1.apply-RDD.scala-327-328=4
org/apache/spark/rdd/MapPartitionsRDD$.$lessinit$greater$default$5-MapPartitionsRDD.scala-44-44=1
org/apache/spark/rdd/RDD.getDependencies-RDD.scala-132-132=1
org/apache/spark/rdd/ShuffledRDD.compute-ShuffledRDD.scala-103-105=2
org/apache/spark/rdd/RDDOperationScope$.$lessinit$greater$default$3-RDDOperationScope.scala-49-49=6
