org/apache/spark/status/api/v1/OutputMetrics.bytesWritten-api.scala-241-241=214
org/apache/spark/rdd/RDD$$anonfun$treeAggregate$1$$anonfun$28$$anonfun$apply$41.apply-RDD.scala-1202-1202=9
org/apache/spark/mllib/stat/MultivariateOnlineSummarizer$$anonfun$add$2.apply-MultivariateOnlineSummarizer.scala-84-84=9658
org/apache/spark/mllib/linalg/DenseVector.foreachActive-Vectors.scala-639-638=98
org/apache/spark/mllib/regression/LabeledPoint.features-LabeledPoint.scala-38-38=98
org/apache/spark/status/api/v1/TaskMetrics.resultSize-api.scala-225-225=192
org/apache/spark/rdd/MapPartitionsRDD.initializeLogIfNecessary-MapPartitionsRDD.scala-77-77=11
org/apache/spark/rdd/RDD.org$apache$spark$rdd$RDD$$partitions_-RDD.scala-242-242=32
org/apache/spark/status/api/v1/ShuffleReadMetrics.localBlocksFetched-api.scala-246-246=200
org/apache/spark/rdd/HadoopRDD.jobConfCacheKey-HadoopRDD.scala-127-127=4
org/apache/spark/rdd/RDD.id-RDD.scala-150-150=31
org/apache/spark/rdd/RDD.scope-RDD.scala-1743-1743=6
org/apache/spark/status/api/v1/InputMetrics.recordsRead-api.scala-238-238=214
org/apache/spark/mllib/linalg/distributed/RowMatrix$$anonfun$18.apply-RowMatrix.scala-435-435=19
org/apache/spark/util/JsonProtocol$$anonfun$rddInfoToJson$5.apply-JsonProtocol.scala-440-440=12
org/apache/spark/status/api/v1/ShuffleWriteMetrics.writeTime-api.scala-255-255=197
org/apache/spark/status/api/v1/TaskMetrics.peakExecutionMemory-api.scala-230-230=182
org/apache/spark/status/api/v1/TaskMetrics.shuffleWriteMetrics-api.scala-234-234=628
org/apache/spark/status/api/v1/StageData.attemptId-api.scala-166-166=14
org/apache/spark/status/api/v1/StageData.stageId-api.scala-165-165=17
org/apache/spark/status/api/v1/ShuffleReadMetrics.remoteBytesReadToDisk-api.scala-249-249=186
org/apache/spark/rdd/RDD.getNarrowAncestors-RDD.scala-320-335=1
org/apache/spark/rdd/RDD.elementClassTag-RDD.scala-1749-1749=7
org/apache/spark/rdd/RDD.logDebug-RDD.scala-77-77=6
org/apache/spark/rdd/HadoopRDD$$anon$1.org$apache$spark$rdd$HadoopRDD$$anon$$updateBytesRead-HadoopRDD.scala-254-254=12
org/apache/spark/status/api/v1/TaskMetrics.memoryBytesSpilled-api.scala-228-228=205
org/apache/spark/rdd/RDD.isCheckpointedAndMaterialized-RDD.scala-1677-1677=28
org/apache/spark/rdd/HadoopRDD$$anon$1.close-HadoopRDD.scala-314-314=6
org/apache/spark/rdd/HadoopRDD$$anon$1$$anonfun$org$apache$spark$rdd$HadoopRDD$$anon$$updateBytesRead$1.apply-HadoopRDD.scala-254-254=11
org/apache/spark/mllib/stat/MultivariateOnlineSummarizer.add-MultivariateOnlineSummarizer.scala-67-67=99
org/apache/spark/mllib/linalg/DenseVector.size-Vectors.scala-620-620=110
org/apache/spark/rdd/HadoopPartition.inputSplit-HadoopRDD.scala-51-51=20
org/apache/spark/status/api/v1/ShuffleReadMetrics.recordsRead-api.scala-251-251=231
org/apache/spark/rdd/RDD$$anonfun$org$apache$spark$rdd$RDD$$visit$1$1.apply-RDD.scala-326-326=5
org/apache/spark/status/api/v1/OutputMetrics.recordsWritten-api.scala-242-242=223
org/apache/spark/rdd/RDD.creationSite-RDD.scala-1734-1734=6
org/apache/spark/mllib/linalg/Vector$class.$init$-Vectors.scala-47-47=55
org/apache/spark/rdd/RDD$$anonfun$treeAggregate$1$$anonfun$26.apply-RDD.scala-1190-1190=18
org/apache/spark/rdd/PairRDDFunctions$$anonfun$foldByKey$1.org$apache$spark$rdd$PairRDDFunctions$$anonfun$$cachedSerializer$2-PairRDDFunctions.scala-218-218=8
org/apache/spark/rdd/RDD$$anonfun$6.apply-RDD.scala-325-325=10
org/apache/spark/rdd/RDD.log-RDD.scala-77-77=17
org/apache/spark/mllib/stat/MultivariateOnlineSummarizer.add-MultivariateOnlineSummarizer.scala-70-122=98
org/apache/spark/rdd/RDD$$anonfun$preferredLocations$2.apply-RDD.scala-297-297=4
org/apache/spark/rdd/RDD.org$apache$spark$rdd$RDD$$dependencies_-RDD.scala-241-241=90
org/apache/spark/rdd/MapPartitionsRDD.getOrCompute-MapPartitionsRDD.scala-354-357=5
org/apache/spark/status/api/v1/TaskMetrics.executorCpuTime-api.scala-224-224=207
org/apache/spark/rdd/PairRDDFunctions$$anonfun$foldByKey$1$$anonfun$apply$7.apply-PairRDDFunctions.scala-222-222=10
org/apache/spark/rdd/RDDOperationScope.toJson-RDDOperationScope.scala-52-52=6
org/apache/spark/rdd/RDD.org$apache$spark$rdd$RDD$$visit$1-RDD.scala-323-326=6
org/apache/spark/rdd/RDD.isBarrier-RDD.scala-1931-1931=10
org/apache/spark/rdd/HadoopPartition.index-HadoopRDD.scala-48-48=44
org/apache/spark/mllib/linalg/Vectors$.parseNumeric-Vectors.scala-395-401=57
org/apache/spark/status/api/v1/InputMetrics.bytesRead-api.scala-237-237=212
org/apache/spark/mllib/regression/LabeledPoint$.parse-LabeledPoint.scala-61-61=58
org/apache/spark/rdd/RDD.getPreferredLocations-RDD.scala-137-137=2
org/apache/spark/status/api/v1/ExecutorSummary.hostPort-api.scala-78-78=12
org/apache/spark/rdd/MapPartitionsRDD.computeOrReadCheckpoint-MapPartitionsRDD.scala-343-343=44
org/apache/spark/rdd/RDD.getOrCompute-RDD.scala-354-357=4
org/apache/spark/rdd/HadoopRDD$$anon$1$$anonfun$3.apply-HadoopRDD.scala-284-285=6
org/apache/spark/rdd/MapPartitionsRDD.id-MapPartitionsRDD.scala-150-150=5
org/apache/spark/rdd/RDD.iterator-RDD.scala-307-307=44
org/apache/spark/status/api/v1/ShuffleWriteMetrics.bytesWritten-api.scala-254-254=227
org/apache/spark/rdd/MapPartitionsRDD.elementClassTag-MapPartitionsRDD.scala-1749-1749=7
org/apache/spark/rdd/MapPartitionsRDD.org$apache$spark$internal$Logging$$log_-MapPartitionsRDD.scala-77-77=30
org/apache/spark/util/JsonProtocol$$anonfun$rddInfoToJson$7.apply-JsonProtocol.scala-444-444=12
org/apache/spark/rdd/RDD.firstParent-RDD.scala-1763-1763=25
org/apache/spark/mllib/stat/MultivariateOnlineSummarizer.org$apache$spark$mllib$stat$MultivariateOnlineSummarizer$$n-MultivariateOnlineSummarizer.scala-47-47=262
org/apache/spark/util/JsonProtocol$$anonfun$rddInfoToJson$2.apply-JsonProtocol.scala-437-437=12
org/apache/spark/status/api/v1/ShuffleReadMetrics.remoteBytesRead-api.scala-248-248=228
org/apache/spark/mllib/linalg/distributed/RowMatrix$$anonfun$17.apply-RowMatrix.scala-434-434=196
org/apache/spark/rdd/InputFileBlockHolder$.unset-InputFileBlockHolder.scala-86-86=13
org/apache/spark/rdd/RDD$$anonfun$treeAggregate$1$$anonfun$26$$anonfun$apply$40.apply-RDD.scala-1190-1190=7
org/apache/spark/rdd/HadoopRDD$.addLocalConfiguration-HadoopRDD.scala-401-408=7
org/apache/spark/rdd/RDDOperationScope.name-RDDOperationScope.scala-47-47=6
org/apache/spark/status/api/v1/TaskMetrics.executorRunTime-api.scala-223-223=211
org/apache/spark/status/api/v1/TaskMetrics.inputMetrics-api.scala-231-231=425
org/apache/spark/rdd/RDD$$anonfun$5.apply-RDD.scala-324-324=10
org/apache/spark/rdd/MapPartitionsRDD.org$apache$spark$internal$Logging$$log__$eq-MapPartitionsRDD.scala-77-77=5
org/apache/spark/rdd/MapPartitionsRDD.logInfo-MapPartitionsRDD.scala-77-77=5
org/apache/spark/rdd/HadoopRDD$$anon$1$$anonfun$org$apache$spark$rdd$HadoopRDD$$anon$$updateBytesRead$1.apply-HadoopRDD.scala-255-255=13
org/apache/spark/mllib/stat/MultivariateOnlineSummarizer.merge-MultivariateOnlineSummarizer.scala-134-178=9
org/apache/spark/rdd/RDD.name-RDD.scala-153-153=6
org/apache/spark/util/JsonProtocol$$anonfun$rddInfoToJson$6.apply-JsonProtocol.scala-443-443=12
org/apache/spark/rdd/ShuffledRDDPartition.index-ShuffledRDD.scala-27-27=2
org/apache/spark/rdd/HadoopRDD$$anonfun$getJobConf$4.apply-HadoopRDD.scala-167-167=5
org/apache/spark/rdd/HadoopRDD$$anon$1.getNext-HadoopRDD.scala-224-224=60
org/apache/spark/rdd/RDD$$anonfun$mapPartitionsWithIndex$1$$anonfun$apply$25.apply-RDD.scala-875-875=17
org/apache/spark/rdd/RDD$$anonfun$dependencies$2.apply-RDD.scala-252-252=46
org/apache/spark/rdd/RDD.computeOrReadCheckpoint-RDD.scala-343-343=44
org/apache/spark/rdd/HadoopRDD$$anon$1.org$apache$spark$rdd$HadoopRDD$$anon$$existingBytesRead-HadoopRDD.scala-231-231=14
org/apache/spark/rdd/RDD.org$apache$spark$internal$Logging$$log_-RDD.scala-77-77=33
org/apache/spark/status/api/v1/RDDPartitionInfo.executors-api.scala-161-161=5
org/apache/spark/rdd/HadoopRDD$$anon$1$$anonfun$2.apply-HadoopRDD.scala-227-227=4
org/apache/spark/rdd/HadoopRDD$$anon$1.org$apache$spark$rdd$HadoopRDD$$anon$$inputMetrics-HadoopRDD.scala-230-230=131
org/apache/spark/status/api/v1/TaskMetrics.outputMetrics-api.scala-232-232=429
org/apache/spark/rdd/MapPartitionsRDD.logDebug-MapPartitionsRDD.scala-77-77=6
org/apache/spark/rdd/RDD$$anonfun$treeAggregate$1$$anonfun$28.apply-RDD.scala-1202-1202=17
org/apache/spark/status/api/v1/RDDPartitionInfo.diskUsed-api.scala-160-160=1
org/apache/spark/mllib/stat/MultivariateOnlineSummarizer$$anonfun$add$3.apply$mcVID$sp-MultivariateOnlineSummarizer.scala-99-99=97692
org/apache/spark/util/JsonProtocol$$anonfun$rddInfoToJson$8.apply-JsonProtocol.scala-445-445=12
org/apache/spark/status/api/v1/TaskMetrics.executorDeserializeCpuTime-api.scala-222-222=198
org/apache/spark/rdd/RDD.preferredLocations-RDD.scala-296-296=4
org/apache/spark/rdd/MapPartitionsRDD.logName-MapPartitionsRDD.scala-77-77=5
org/apache/spark/rdd/RDD.dependencies-RDD.scala-252-252=44
org/apache/spark/mllib/util/NumericParser$.parse-NumericParser.scala-37-49=56
org/apache/spark/status/api/v1/ShuffleReadMetrics.fetchWaitTime-api.scala-247-247=205
org/apache/spark/rdd/RDD.logName-RDD.scala-77-77=5
org/apache/spark/rdd/MapPartitionsRDD.isBarrier_-MapPartitionsRDD.scala-60-60=10
org/apache/spark/rdd/RDD$$anonfun$mapPartitions$1$$anonfun$apply$23.apply-RDD.scala-823-823=20
org/apache/spark/rdd/HadoopRDD.getJobConf-HadoopRDD.scala-144-153=5
org/apache/spark/rdd/RDD$$anonfun$map$1$$anonfun$apply$5.apply-RDD.scala-394-394=40
org/apache/spark/mllib/linalg/DenseVector.values-Vectors.scala-617-617=306
org/apache/spark/rdd/ShuffledRDD.getPreferredLocations-ShuffledRDD.scala-97-99=2
org/apache/spark/status/api/v1/TaskMetrics.shuffleReadMetrics-api.scala-233-233=1446
org/apache/spark/status/api/v1/RDDPartitionInfo.memoryUsed-api.scala-159-159=3
org/apache/spark/status/api/v1/ShuffleReadMetrics.remoteBlocksFetched-api.scala-245-245=199
org/apache/spark/rdd/RDD$$anonfun$treeAggregate$1$$anonfun$26.org$apache$spark$rdd$RDD$$anonfun$$anonfun$$$outer-RDD.scala-1190-1190=7
org/apache/spark/status/api/v1/ShuffleWriteMetrics.recordsWritten-api.scala-256-256=191
org/apache/spark/rdd/PairRDDFunctions$$anonfun$foldByKey$1.org$apache$spark$rdd$PairRDDFunctions$$anonfun$$$outer-PairRDDFunctions.scala-211-211=8
org/apache/spark/util/JsonProtocol$$anonfun$rddInfoToJson$1.apply-JsonProtocol.scala-437-437=13
org/apache/spark/status/api/v1/TaskMetrics.diskBytesSpilled-api.scala-229-229=212
org/apache/spark/status/api/v1/TaskMetrics.resultSerializationTime-api.scala-227-227=198
org/apache/spark/rdd/RDD$$anonfun$partitions$2.apply-RDD.scala-269-269=16
org/apache/spark/rdd/RDD.getStorageLevel-RDD.scala-223-223=8
org/apache/spark/rdd/MapPartitionsRDD.isCheckpointedAndMaterialized-MapPartitionsRDD.scala-1677-1677=30
org/apache/spark/rdd/RDDOperationScope.id-RDDOperationScope.scala-49-49=6
org/apache/spark/mllib/util/MLUtils$$anonfun$loadLabeledPoints$1.apply-MLUtils.scala-216-216=113
org/apache/spark/rdd/RDD$$anonfun$4.apply-RDD.scala-323-323=10
org/apache/spark/util/JsonProtocol$$anonfun$rddInfoToJson$4$$anonfun$apply$19.apply-JsonProtocol.scala-439-439=12
org/apache/spark/rdd/InputFileBlockHolder$$anon$1.initialValue-InputFileBlockHolder.scala-53-53=2
org/apache/spark/rdd/RDD.sparkContext-RDD.scala-147-147=1
org/apache/spark/rdd/RDDOperationScope$.org$apache$spark$rdd$RDDOperationScope$$jsonMapper-RDDOperationScope.scala-82-82=6
org/apache/spark/rdd/InputFileBlockHolder$.initialize-InputFileBlockHolder.scala-92-92=1
org/apache/spark/util/JsonProtocol$$anonfun$rddInfoToJson$9.apply-JsonProtocol.scala-446-446=12
org/apache/spark/util/JsonProtocol$$anonfun$rddInfoToJson$3.apply-JsonProtocol.scala-439-439=12
org/apache/spark/rdd/RDD.checkpointData-RDD.scala-1751-1751=100
org/apache/spark/util/JsonProtocol$$anonfun$rddInfoToJson$4.apply-JsonProtocol.scala-439-439=12
org/apache/spark/status/api/v1/ShuffleReadMetrics.localBytesRead-api.scala-250-250=214
org/apache/spark/rdd/HadoopRDD$.getCachedMetadata-HadoopRDD.scala-393-393=5
org/apache/spark/rdd/HadoopRDD.getInputFormat-HadoopRDD.scala-190-196=5
org/apache/spark/mllib/stat/MultivariateOnlineSummarizer$$anonfun$add$2.apply$mcD$sp-MultivariateOnlineSummarizer.scala-84-84=9649
org/apache/spark/rdd/HadoopRDD$$anon$1$$anonfun$3.apply-HadoopRDD.scala-281-281=6
org/apache/spark/rdd/MapPartitionsRDD.compute-MapPartitionsRDD.scala-52-52=38
org/apache/spark/status/api/v1/TaskMetrics.executorDeserializeTime-api.scala-221-221=206
org/apache/spark/rdd/MapPartitionsRDD.org$apache$spark$rdd$RDD$$dependencies_-MapPartitionsRDD.scala-241-241=57
org/apache/spark/rdd/PairRDDFunctions$$anonfun$foldByKey$1$$anonfun$2.apply-PairRDDFunctions.scala-219-219=8
org/apache/spark/rdd/RDD$$anonfun$getNarrowAncestors$1.apply-RDD.scala-335-335=10
org/apache/spark/rdd/RDD.org$apache$spark$internal$Logging$$log__$eq-RDD.scala-77-77=5
org/apache/spark/rdd/HadoopRDD.org$apache$spark$rdd$HadoopRDD$$createTime-HadoopRDD.scala-132-132=5
org/apache/spark/mllib/stat/MultivariateOnlineSummarizer$$anonfun$add$1.apply$mcD$sp-MultivariateOnlineSummarizer.scala-83-83=9500
org/apache/spark/rdd/MapPartitionsRDD.dependencies-MapPartitionsRDD.scala-252-252=31
org/apache/spark/rdd/MapPartitionsRDD.log-MapPartitionsRDD.scala-77-77=14
org/apache/spark/rdd/RDD.logInfo-RDD.scala-77-77=4
org/apache/spark/rdd/MapPartitionsRDD.firstParent-MapPartitionsRDD.scala-1763-1763=27
org/apache/spark/rdd/RDD$$anonfun$treeAggregate$1$$anonfun$27.apply-RDD.scala-1191-1191=18
org/apache/spark/rdd/RDDOperationScope.parent-RDDOperationScope.scala-48-48=6
org/apache/spark/rdd/HadoopRDD$$anon$1.org$apache$spark$rdd$HadoopRDD$$anon$$split-HadoopRDD.scala-226-226=22
org/apache/spark/rdd/InputFileBlockHolder$.set-InputFileBlockHolder.scala-77-80=5
org/apache/spark/rdd/HadoopRDD.compute-HadoopRDD.scala-95-95=7
org/apache/spark/rdd/RDD.partitions-RDD.scala-269-269=16
org/apache/spark/rdd/RDD.initializeLogIfNecessary-RDD.scala-77-77=12
org/apache/spark/rdd/RDD$$anon$1.next-RDD.scala-367-368=10
org/apache/spark/status/api/v1/JobData.jobId-api.scala-110-110=10
org/apache/spark/status/api/v1/ExecutorSummary.id-api.scala-77-77=11
org/apache/spark/rdd/RDD$$anonfun$7.apply-RDD.scala-357-357=6
org/apache/spark/rdd/MapPartitionsRDD.checkpointData-MapPartitionsRDD.scala-1751-1751=61
org/apache/spark/mllib/stat/MultivariateOnlineSummarizer$$anonfun$add$1.apply-MultivariateOnlineSummarizer.scala-83-83=9500
org/apache/spark/mllib/linalg/Vectors$.dense-Vectors.scala-308-308=57
org/apache/spark/status/api/v1/TaskMetrics.jvmGcTime-api.scala-226-226=201
org/apache/spark/status/api/v1/RDDStorageInfo.id-api.scala-132-132=7
org/apache/spark/rdd/MapPartitionsRDD.iterator-MapPartitionsRDD.scala-307-307=43
org/apache/spark/rdd/RDD$$anonfun$org$apache$spark$rdd$RDD$$visit$1$1.apply-RDD.scala-327-328=5
