org/apache/spark/rdd/ZippedPartitionsPartition$$anonfun$writeObject$1.apply-ZippedPartitionsRDD.scala-38-38=11
org/apache/spark/rdd/RDD.org$apache$spark$rdd$RDD$$partitions_-RDD.scala-242-242=126
org/apache/spark/rdd/ZippedPartitionsPartition.index-ZippedPartitionsRDD.scala-33-33=6
org/apache/spark/rdd/RDD.id-RDD.scala-150-150=124
org/apache/spark/rdd/ZippedPartitionsPartition$$anonfun$writeObject$1.apply$mcV$sp-ZippedPartitionsRDD.scala-40-41=12
org/apache/spark/rdd/ZippedPartitionsPartition.org$apache$spark$rdd$ZippedPartitionsPartition$$rdds-ZippedPartitionsRDD.scala-29-29=14
org/apache/spark/rdd/ZippedPartitionsPartition.partitionValues_$eq-ZippedPartitionsRDD.scala-34-34=11
org/apache/spark/rdd/RDD$$anonfun$preferredLocations$2.apply-RDD.scala-297-297=30
org/apache/spark/rdd/ZippedPartitionsPartition$$anonfun$writeObject$1$$anonfun$apply$mcV$sp$1.apply-ZippedPartitionsRDD.scala-40-40=53
org/apache/spark/rdd/RDD.getPreferredLocations-RDD.scala-137-137=10
org/apache/spark/rdd/ZippedPartitionsPartition.preferredLocations-ZippedPartitionsRDD.scala-30-30=20
org/apache/spark/rdd/ZippedPartitionsBaseRDD.getPreferredLocations-ZippedPartitionsRDD.scala-70-70=20
org/apache/spark/rdd/MapPartitionsRDD.computeOrReadCheckpoint-MapPartitionsRDD.scala-343-343=5
org/apache/spark/rdd/ZippedPartitionsRDD2.getPreferredLocations-ZippedPartitionsRDD.scala-70-70=20
org/apache/spark/rdd/ZippedPartitionsPartition$$anonfun$writeObject$1.org$apache$spark$rdd$ZippedPartitionsPartition$$anonfun$$$outer-ZippedPartitionsRDD.scala-38-38=25
org/apache/spark/rdd/RDD.preferredLocations-RDD.scala-296-296=30
org/apache/spark/rdd/RDD$$anonfun$partitions$2.apply-RDD.scala-269-269=62
org/apache/spark/rdd/RDD.checkpointData-RDD.scala-1751-1751=135
org/apache/spark/rdd/MapPartitionsRDD.org$apache$spark$rdd$RDD$$dependencies_-MapPartitionsRDD.scala-241-241=1
org/apache/spark/rdd/MapPartitionsRDD.dependencies-MapPartitionsRDD.scala-252-252=2
org/apache/spark/rdd/RDD.partitions-RDD.scala-269-269=66
org/apache/spark/rdd/MapPartitionsRDD.checkpointData-MapPartitionsRDD.scala-1751-1751=5
org/apache/spark/rdd/MapPartitionsRDD.iterator-MapPartitionsRDD.scala-307-307=12
