org/apache/spark/rdd/RDD.org$apache$spark$rdd$RDD$$partitions_-RDD.scala-242-242=1136
org/apache/spark/rdd/RDD.id-RDD.scala-150-150=1390
org/apache/spark/status/api/v1/InputMetrics.recordsRead-api.scala-238-238=1277
org/apache/spark/rdd/RDD$$anonfun$preferredLocations$2.apply-RDD.scala-297-297=380
org/apache/spark/rdd/RDD.isBarrier-RDD.scala-1931-1931=60
org/apache/spark/status/api/v1/InputMetrics.bytesRead-api.scala-237-237=1289
org/apache/spark/rdd/RDD.getPreferredLocations-RDD.scala-137-137=220
org/apache/spark/rdd/ZippedPartitionsPartition.preferredLocations-ZippedPartitionsRDD.scala-30-30=60
org/apache/spark/rdd/ZippedPartitionsBaseRDD.getPreferredLocations-ZippedPartitionsRDD.scala-70-70=60
org/apache/spark/rdd/ZippedPartitionsRDD2.getPreferredLocations-ZippedPartitionsRDD.scala-70-70=60
org/apache/spark/rdd/RDD$$anonfun$5.apply-RDD.scala-324-324=4
org/apache/spark/rdd/RDD.preferredLocations-RDD.scala-296-296=380
org/apache/spark/rdd/MapPartitionsRDD.isBarrier_-MapPartitionsRDD.scala-60-60=60
org/apache/spark/rdd/RDD$$anonfun$partitions$2.apply-RDD.scala-269-269=569
org/apache/spark/rdd/RDD$$anonfun$4.apply-RDD.scala-323-323=6
org/apache/spark/util/JsonProtocol$$anonfun$rddInfoToJson$3.apply-JsonProtocol.scala-439-439=20
org/apache/spark/rdd/RDD.checkpointData-RDD.scala-1751-1751=1587
org/apache/spark/util/JsonProtocol$$anonfun$rddInfoToJson$4.apply-JsonProtocol.scala-439-439=21
org/apache/spark/rdd/RDD.partitions-RDD.scala-269-269=568
org/apache/spark/rdd/RDD$$anonfun$org$apache$spark$rdd$RDD$$visit$1$1.apply-RDD.scala-327-328=2
