org/apache/spark/rdd/RDD.doCheckpoint-RDD.scala-1800-1800=4
org/apache/spark/rdd/ZippedPartitionsPartition$$anonfun$writeObject$1.apply-ZippedPartitionsRDD.scala-38-38=6
org/apache/spark/rdd/RDD.org$apache$spark$rdd$RDD$$partitions_-RDD.scala-242-242=136
org/apache/spark/rdd/RDD.org$apache$spark$rdd$RDD$$sc-RDD.scala-89-100=27
org/apache/spark/status/api/v1/InputMetrics.recordsRead-api.scala-238-238=63
org/apache/spark/rdd/ZippedPartitionsRDD2.f-ZippedPartitionsRDD.scala-81-81=4
org/apache/spark/status/api/v1/TaskMetrics.shuffleWriteMetrics-api.scala-234-234=187
org/apache/spark/status/api/v1/StageData.attemptId-api.scala-166-166=8
org/apache/spark/rdd/RDD$.CHECKPOINT_ALL_MARKED_ANCESTORS-RDD.scala-2006-2006=2
org/apache/spark/rdd/ZippedPartitionsPartition$$anonfun$writeObject$1.apply$mcV$sp-ZippedPartitionsRDD.scala-40-41=6
org/apache/spark/status/api/v1/ShuffleReadMetrics.remoteBytesReadToDisk-api.scala-249-249=54
org/apache/spark/rdd/RDD.getNarrowAncestors-RDD.scala-320-335=2
org/apache/spark/status/api/v1/TaskMetrics.memoryBytesSpilled-api.scala-228-228=65
org/apache/spark/rdd/RDD.isCheckpointedAndMaterialized-RDD.scala-1677-1677=8
org/apache/spark/rdd/ZippedPartitionsRDD2.compute-ZippedPartitionsRDD.scala-88-89=4
org/apache/spark/rdd/ZippedPartitionsRDD2.getPartitions-ZippedPartitionsRDD.scala-55-57=1
org/apache/spark/rdd/RDD.isBarrier_-RDD.scala-1935-1935=1
org/apache/spark/mllib/clustering/KMeans$$anonfun$11$$anonfun$apply$6.apply-KMeans.scala-413-413=30
org/apache/spark/rdd/RDD.org$apache$spark$rdd$RDD$$doCheckpointCalled-RDD.scala-1792-1792=4
org/apache/spark/rdd/ZippedPartitionsPartition.org$apache$spark$rdd$ZippedPartitionsPartition$$rdds-ZippedPartitionsRDD.scala-29-29=6
org/apache/spark/status/api/v1/OutputMetrics.recordsWritten-api.scala-242-242=64
org/apache/spark/rdd/RDD.creationSite-RDD.scala-1734-1734=22
org/apache/spark/rdd/RDD$$anonfun$isBarrier_$2.apply-RDD.scala-1936-1936=4
org/apache/spark/rdd/RDD$$anonfun$6.apply-RDD.scala-325-325=52
org/apache/spark/rdd/RDD.org$apache$spark$rdd$RDD$$dependencies_-RDD.scala-241-241=154
org/apache/spark/rdd/MapPartitionsRDD$.$lessinit$greater$default$3-MapPartitionsRDD.scala-42-42=1
org/apache/spark/status/api/v1/TaskMetrics.executorCpuTime-api.scala-224-224=59
org/apache/spark/rdd/RDDOperationScope.toJson-RDDOperationScope.scala-52-52=30
org/apache/spark/rdd/RDD$$anonfun$isBarrier_$1.apply-RDD.scala-1936-1936=4
org/apache/spark/rdd/ZippedPartitionsBaseRDD$$anonfun$getPartitions$3$$anonfun$3.apply-ZippedPartitionsRDD.scala-63-63=4
org/apache/spark/status/api/v1/InputMetrics.bytesRead-api.scala-237-237=65
org/apache/spark/rdd/RDD.getPreferredLocations-RDD.scala-137-137=8
org/apache/spark/status/api/v1/ExecutorSummary.hostPort-api.scala-78-78=19
org/apache/spark/rdd/RDD$$anonfun$zipPartitions$1.apply-RDD.scala-931-931=1
org/apache/spark/rdd/RDD$$anonfun$doCheckpoint$1.apply-RDD.scala-1801-1801=4
org/apache/spark/rdd/ZippedPartitionsPartition$$anonfun$1.apply-ZippedPartitionsRDD.scala-34-34=8
org/apache/spark/rdd/MapPartitionsRDD$$anonfun$isBarrier_$1.apply-MapPartitionsRDD.scala-60-60=2
org/apache/spark/rdd/RDD.getOrCompute-RDD.scala-354-357=6
org/apache/spark/mllib/clustering/KMeans$$anonfun$11.org$apache$spark$mllib$clustering$KMeans$$anonfun$$$outer-KMeans.scala-411-411=93
org/apache/spark/rdd/ZippedPartitionsRDD2.getPreferredLocations-ZippedPartitionsRDD.scala-70-70=4
org/apache/spark/status/api/v1/ShuffleWriteMetrics.bytesWritten-api.scala-254-254=66
org/apache/spark/rdd/RDD$$anonfun$zip$1$$anonfun$apply$26.apply-RDD.scala-909-909=4
org/apache/spark/rdd/ZippedPartitionsBaseRDD$$anonfun$$lessinit$greater$1.apply-ZippedPartitionsRDD.scala-49-49=4
org/apache/spark/rdd/MapPartitionsRDD.elementClassTag-MapPartitionsRDD.scala-1749-1749=6
org/apache/spark/rdd/RDD.context-RDD.scala-1772-1772=2
org/apache/spark/rdd/RDD.firstParent-RDD.scala-1763-1763=5
org/apache/spark/rdd/RDDOperationScope$.withScope-RDDOperationScope.scala-134-155=8
org/apache/spark/rdd/RDD.persist-RDD.scala-189-189=1
org/apache/spark/rdd/RDD.org$apache$spark$rdd$RDD$$stateLock-RDD.scala-237-237=4
org/apache/spark/rdd/RDDOperationScope.name-RDDOperationScope.scala-47-47=50
org/apache/spark/rdd/RDD$$anonfun$5.apply-RDD.scala-324-324=52
org/apache/spark/rdd/RDD.name-RDD.scala-153-153=22
org/apache/spark/rdd/RDD$$anonfun$mapPartitionsWithIndex$1$$anonfun$apply$25.apply-RDD.scala-875-875=4
org/apache/spark/rdd/RDD$$anonfun$dependencies$2.apply-RDD.scala-252-252=76
org/apache/spark/rdd/ZippedPartitionsRDD2.rdd2-ZippedPartitionsRDD.scala-83-83=4
org/apache/spark/rdd/RDD.computeOrReadCheckpoint-RDD.scala-343-343=8
org/apache/spark/status/api/v1/TaskMetrics.outputMetrics-api.scala-232-232=127
org/apache/spark/rdd/RDD.map-RDD.scala-392-392=1
org/apache/spark/rdd/RDD$$anonfun$37.apply-RDD.scala-1744-1744=4
org/apache/spark/util/JsonProtocol$$anonfun$rddInfoToJson$8.apply-JsonProtocol.scala-445-445=44
org/apache/spark/rdd/ZippedPartitionsPartition$$anonfun$writeObject$1.org$apache$spark$rdd$ZippedPartitionsPartition$$anonfun$$$outer-ZippedPartitionsRDD.scala-38-38=12
org/apache/spark/rdd/RDDOperationScope$.withScope$default$2-RDDOperationScope.scala-101-101=5
org/apache/spark/rdd/RDD.preferredLocations-RDD.scala-296-296=12
org/apache/spark/rdd/RDDOperationScope$$anonfun$3.apply-RDDOperationScope.scala-106-106=10
org/apache/spark/rdd/RDD$$anonfun$collect$1.apply-RDD.scala-990-991=1
org/apache/spark/rdd/ZippedPartitionsBaseRDD.getPartitions-ZippedPartitionsRDD.scala-55-57=1
org/apache/spark/rdd/RDD.org$apache$spark$rdd$RDD$$dependencies__$eq-RDD.scala-241-241=2
org/apache/spark/mllib/linalg/DenseVector.values-Vectors.scala-617-617=16
org/apache/spark/rdd/RDD.zip-RDD.scala-908-908=1
org/apache/spark/util/JsonProtocol$$anonfun$rddInfoToJson$1.apply-JsonProtocol.scala-437-437=46
org/apache/spark/rdd/ZippedPartitionsBaseRDD$$anonfun$getPartitions$3.apply-ZippedPartitionsRDD.scala-60-60=2
org/apache/spark/status/api/v1/TaskMetrics.resultSerializationTime-api.scala-227-227=51
org/apache/spark/rdd/RDD.getStorageLevel-RDD.scala-223-223=29
org/apache/spark/rdd/RDD$$anonfun$zip$1$$anonfun$apply$26.apply-RDD.scala-910-910=4
org/apache/spark/rdd/MapPartitionsRDD.isCheckpointedAndMaterialized-MapPartitionsRDD.scala-1677-1677=8
org/apache/spark/rdd/RDD$$anonfun$doCheckpoint$1$$anonfun$apply$mcV$sp$2.apply-RDD.scala-1813-1813=6
org/apache/spark/rdd/RDDOperationScope$$anonfun$1.apply-RDDOperationScope.scala-104-104=20
org/apache/spark/rdd/RDD.sparkContext-RDD.scala-147-147=1
org/apache/spark/util/JsonProtocol$$anonfun$rddInfoToJson$3.apply-JsonProtocol.scala-439-439=46
org/apache/spark/rdd/RDDOperationScope$.nextScopeId-RDDOperationScope.scala-90-90=7
org/apache/spark/rdd/RDD.checkpointData-RDD.scala-1751-1751=165
org/apache/spark/status/api/v1/TaskMetrics.executorDeserializeTime-api.scala-221-221=60
org/apache/spark/rdd/MapPartitionsRDD.org$apache$spark$rdd$RDD$$dependencies_-MapPartitionsRDD.scala-241-241=8
org/apache/spark/rdd/ZippedPartitionsBaseRDD.rdds-ZippedPartitionsRDD.scala-47-47=6
org/apache/spark/rdd/ZippedPartitionsPartition.partitionValues-ZippedPartitionsRDD.scala-34-34=4
org/apache/spark/rdd/RDD.org$apache$spark$internal$Logging$$log__$eq-RDD.scala-77-77=2
org/apache/spark/rdd/MapPartitionsRDD.dependencies-MapPartitionsRDD.scala-252-252=4
org/apache/spark/mllib/clustering/KMeans$$anonfun$11.apply-KMeans.scala-411-411=2
org/apache/spark/rdd/RDDOperationScope$.fromJson-RDDOperationScope.scala-86-86=8
org/apache/spark/mllib/clustering/KMeans$$anonfun$11$$anonfun$apply$5.apply-KMeans.scala-413-413=183
org/apache/spark/rdd/RDD.partitions-RDD.scala-269-269=66
org/apache/spark/status/api/v1/ExecutorSummary.id-api.scala-77-77=19
org/apache/spark/status/api/v1/RDDStorageInfo.id-api.scala-132-132=21
org/apache/spark/rdd/RDD$$anonfun$zip$1$$anonfun$apply$26$$anon$2.filter-RDD.scala-910-910=2
org/apache/spark/rdd/RDD$$anonfun$org$apache$spark$rdd$RDD$$visit$1$1.apply-RDD.scala-327-328=20
org/apache/spark/rdd/RDD$$anonfun$collect$1$$anonfun$15.apply-RDD.scala-990-990=2
org/apache/spark/rdd/MapPartitionsRDD$.$lessinit$greater$default$5-MapPartitionsRDD.scala-44-44=1
org/apache/spark/mllib/clustering/KMeans.org$apache$spark$mllib$clustering$KMeans$$k-KMeans.scala-43-43=92
org/apache/spark/rdd/RDD$$anonfun$zip$1$$anonfun$apply$26$$anon$2.map-RDD.scala-910-910=2
org/apache/spark/status/api/v1/OutputMetrics.bytesWritten-api.scala-241-241=63
org/apache/spark/status/api/v1/TaskMetrics.resultSize-api.scala-225-225=52
org/apache/spark/rdd/ZippedPartitionsRDD2.rdd1-ZippedPartitionsRDD.scala-82-82=4
org/apache/spark/mllib/clustering/VectorWithNorm.toDense-KMeans.scala-603-603=16
org/apache/spark/rdd/ZippedPartitionsPartition.index-ZippedPartitionsRDD.scala-33-33=12
org/apache/spark/status/api/v1/ShuffleReadMetrics.localBlocksFetched-api.scala-246-246=52
org/apache/spark/rdd/RDD$.doubleRDDToDoubleRDDFunctions-RDD.scala-2040-2040=1
org/apache/spark/rdd/RDDOperationScope$$anonfun$2.apply-RDDOperationScope.scala-105-105=30
org/apache/spark/rdd/RDD.id-RDD.scala-150-150=105
org/apache/spark/rdd/RDD.scope-RDD.scala-1743-1743=22
org/apache/spark/util/JsonProtocol$$anonfun$rddInfoToJson$5.apply-JsonProtocol.scala-440-440=44
org/apache/spark/status/api/v1/ShuffleWriteMetrics.writeTime-api.scala-255-255=53
org/apache/spark/status/api/v1/TaskMetrics.peakExecutionMemory-api.scala-230-230=52
org/apache/spark/rdd/MapPartitionsRDD$.$lessinit$greater$default$4-MapPartitionsRDD.scala-43-43=1
org/apache/spark/rdd/ZippedPartitionsBaseRDD$$anonfun$getPartitions$1.apply-ZippedPartitionsRDD.scala-56-56=4
org/apache/spark/status/api/v1/StageData.stageId-api.scala-165-165=8
org/apache/spark/rdd/RDD.elementClassTag-RDD.scala-1749-1749=8
org/apache/spark/mllib/clustering/VectorWithNorm.vector-KMeans.scala-595-595=16
org/apache/spark/rdd/RDD$$anonfun$partitions$2$$anonfun$apply$3.apply-RDD.scala-274-274=8
org/apache/spark/rdd/RDD.withScope-RDD.scala-385-385=4
org/apache/spark/rdd/RDD$$anonfun$persist$1.apply-RDD.scala-176-176=2
org/apache/spark/status/api/v1/ShuffleReadMetrics.recordsRead-api.scala-251-251=66
org/apache/spark/rdd/ZippedPartitionsBaseRDD$$anonfun$getPartitions$3$$anonfun$2.apply-ZippedPartitionsRDD.scala-61-61=8
org/apache/spark/rdd/RDD$$anonfun$org$apache$spark$rdd$RDD$$visit$1$1.apply-RDD.scala-326-326=20
org/apache/spark/mllib/linalg/Vector$class.$init$-Vectors.scala-47-47=16
org/apache/spark/rdd/ZippedPartitionsPartition.partitionValues_$eq-ZippedPartitionsRDD.scala-34-34=6
org/apache/spark/rdd/DoubleRDDFunctions.org$apache$spark$internal$Logging$$log__$eq-DoubleRDDFunctions.scala-32-32=1
org/apache/spark/rdd/RDD$$anonfun$map$1.apply-RDD.scala-392-392=1
org/apache/spark/rdd/RDD$$anonfun$preferredLocations$2.apply-RDD.scala-297-297=12
org/apache/spark/mllib/clustering/KMeans$$anonfun$initKMeansParallel$3.apply-KMeans.scala-415-415=32
org/apache/spark/rdd/MapPartitionsRDD.getOrCompute-MapPartitionsRDD.scala-354-357=6
org/apache/spark/rdd/RDD.org$apache$spark$rdd$RDD$$visit$1-RDD.scala-323-326=22
org/apache/spark/rdd/ZippedPartitionsBaseRDD$$anonfun$getPartitions$3.apply-ZippedPartitionsRDD.scala-61-65=2
org/apache/spark/rdd/RDD.isBarrier-RDD.scala-1931-1931=8
org/apache/spark/rdd/HadoopPartition.index-HadoopRDD.scala-48-48=4
org/apache/spark/rdd/ZippedPartitionsPartition$$anonfun$writeObject$1$$anonfun$apply$mcV$sp$1.apply-ZippedPartitionsRDD.scala-40-40=24
org/apache/spark/rdd/ZippedPartitionsPartition.preferredLocations-ZippedPartitionsRDD.scala-30-30=4
org/apache/spark/rdd/RDD$$anonfun$collect$1.org$apache$spark$rdd$RDD$$anonfun$$$outer-RDD.scala-989-989=2
org/apache/spark/rdd/ZippedPartitionsBaseRDD.getPreferredLocations-ZippedPartitionsRDD.scala-70-70=4
org/apache/spark/rdd/MapPartitionsRDD.computeOrReadCheckpoint-MapPartitionsRDD.scala-343-343=8
org/apache/spark/mllib/linalg/DenseVector.toArray-Vectors.scala-625-625=16
org/apache/spark/rdd/MapPartitionsRDD.id-MapPartitionsRDD.scala-150-150=6
org/apache/spark/rdd/RDD.iterator-RDD.scala-307-307=14
org/apache/spark/rdd/ZippedPartitionsPartition.partitions-ZippedPartitionsRDD.scala-35-35=4
org/apache/spark/mllib/clustering/VectorWithNorm.norm-KMeans.scala-595-595=16
org/apache/spark/rdd/RDDOperationScope$$anonfun$getAllScopes$2.apply-RDDOperationScope.scala-61-61=19
org/apache/spark/util/JsonProtocol$$anonfun$rddInfoToJson$7.apply-JsonProtocol.scala-444-444=44
org/apache/spark/rdd/RDDOperationScope$.$lessinit$greater$default$2-RDDOperationScope.scala-48-48=4
org/apache/spark/rdd/RDDOperationScope.getAllScopes-RDDOperationScope.scala-61-61=19
org/apache/spark/mllib/clustering/KMeans$$anonfun$11.apply-KMeans.scala-412-413=2
org/apache/spark/util/JsonProtocol$$anonfun$rddInfoToJson$2.apply-JsonProtocol.scala-437-437=46
org/apache/spark/rdd/MapPartitionsRDD.getPartitions-MapPartitionsRDD.scala-49-49=1
org/apache/spark/status/api/v1/ShuffleReadMetrics.remoteBytesRead-api.scala-248-248=66
org/apache/spark/rdd/InputFileBlockHolder$.unset-InputFileBlockHolder.scala-86-86=1
org/apache/spark/status/api/v1/TaskMetrics.executorRunTime-api.scala-223-223=59
org/apache/spark/status/api/v1/TaskMetrics.inputMetrics-api.scala-231-231=127
org/apache/spark/util/JsonProtocol$$anonfun$rddInfoToJson$6.apply-JsonProtocol.scala-443-443=44
org/apache/spark/rdd/RDD.org$apache$spark$rdd$RDD$$partitions__$eq-RDD.scala-242-242=2
org/apache/spark/rdd/RDD.isLocallyCheckpointed-RDD.scala-1684-1684=1
org/apache/spark/rdd/RDD$$anonfun$zip$1$$anonfun$apply$26$$anon$2.next-RDD.scala-910-910=186
org/apache/spark/status/api/v1/TaskMetrics.executorDeserializeCpuTime-api.scala-222-222=53
org/apache/spark/rdd/RDD.dependencies-RDD.scala-252-252=76
org/apache/spark/status/api/v1/ShuffleReadMetrics.fetchWaitTime-api.scala-247-247=52
org/apache/spark/rdd/MapPartitionsRDD.isBarrier_-MapPartitionsRDD.scala-60-60=7
org/apache/spark/rdd/RDD.zipPartitions-RDD.scala-930-930=1
org/apache/spark/rdd/RDD$$anonfun$map$1$$anonfun$apply$5.apply-RDD.scala-394-394=4
org/apache/spark/status/api/v1/TaskMetrics.shuffleReadMetrics-api.scala-233-233=409
org/apache/spark/status/api/v1/ShuffleReadMetrics.remoteBlocksFetched-api.scala-245-245=51
org/apache/spark/status/api/v1/ShuffleWriteMetrics.recordsWritten-api.scala-256-256=67
org/apache/spark/mllib/clustering/KMeans$$anonfun$4.apply-KMeans.scala-248-248=185
org/apache/spark/status/api/v1/TaskMetrics.diskBytesSpilled-api.scala-229-229=65
org/apache/spark/rdd/ZippedPartitionsRDD2.rdds-ZippedPartitionsRDD.scala-47-47=6
org/apache/spark/rdd/RDD$$anonfun$partitions$2.apply-RDD.scala-269-269=66
org/apache/spark/rdd/RDD$$anonfun$zip$1$$anonfun$apply$26$$anon$2.hasNext-RDD.scala-911-914=188
org/apache/spark/rdd/RDDOperationScope.id-RDDOperationScope.scala-49-49=49
org/apache/spark/rdd/RDD$$anonfun$4.apply-RDD.scala-323-323=52
org/apache/spark/util/JsonProtocol$$anonfun$rddInfoToJson$4$$anonfun$apply$19.apply-JsonProtocol.scala-439-439=45
org/apache/spark/rdd/RDDOperationScope$.org$apache$spark$rdd$RDDOperationScope$$jsonMapper-RDDOperationScope.scala-82-82=38
org/apache/spark/rdd/RDDOperationScope$.withScope-RDDOperationScope.scala-102-112=4
org/apache/spark/util/JsonProtocol$$anonfun$rddInfoToJson$9.apply-JsonProtocol.scala-446-446=44
org/apache/spark/util/JsonProtocol$$anonfun$rddInfoToJson$4.apply-JsonProtocol.scala-439-439=44
org/apache/spark/status/api/v1/ShuffleReadMetrics.localBytesRead-api.scala-250-250=67
org/apache/spark/rdd/RDD.collect-RDD.scala-989-989=1
org/apache/spark/rdd/MapPartitionsRDD.compute-MapPartitionsRDD.scala-52-52=4
org/apache/spark/rdd/RDDOperationScope$$anonfun$5.apply-RDDOperationScope.scala-137-137=12
org/apache/spark/rdd/RDD$$anonfun$doCheckpoint$1.apply$mcV$sp-RDD.scala-1801-1801=4
org/apache/spark/rdd/RDD$$anonfun$getNarrowAncestors$1.apply-RDD.scala-335-335=40
org/apache/spark/rdd/RDD.org$apache$spark$rdd$RDD$$doCheckpointCalled_$eq-RDD.scala-1792-1792=2
org/apache/spark/rdd/MapPartitionsRDD.firstParent-MapPartitionsRDD.scala-1763-1763=4
org/apache/spark/rdd/RDDOperationScope.parent-RDDOperationScope.scala-48-48=49
org/apache/spark/rdd/RDD$$anon$1.next-RDD.scala-367-368=280
org/apache/spark/status/api/v1/JobData.jobId-api.scala-110-110=9
org/apache/spark/rdd/MapPartitionsRDD.checkpointData-MapPartitionsRDD.scala-1751-1751=12
org/apache/spark/mllib/linalg/Vectors$.dense-Vectors.scala-308-308=16
org/apache/spark/status/api/v1/TaskMetrics.jvmGcTime-api.scala-226-226=51
org/apache/spark/rdd/MapPartitionsRDD.iterator-MapPartitionsRDD.scala-307-307=14
org/apache/spark/rdd/RDD$$anonfun$zip$1.apply-RDD.scala-909-909=1
org/apache/spark/rdd/RDD.getDependencies-RDD.scala-132-132=2
org/apache/spark/rdd/RDDOperationScope$.$lessinit$greater$default$3-RDDOperationScope.scala-49-49=7
