org/apache/spark/status/api/v1/OutputMetrics.bytesWritten-api.scala-241-241=178
org/apache/spark/mllib/clustering/EuclideanDistanceMeasure$$anonfun$findClosest$2.apply-DistanceMeasure.scala-166-166=3554
org/apache/spark/status/api/v1/TaskMetrics.resultSize-api.scala-225-225=145
org/apache/spark/rdd/ZippedPartitionsPartition$$anonfun$writeObject$1.apply-ZippedPartitionsRDD.scala-38-38=2
org/apache/spark/rdd/ZippedPartitionsRDD2.rdd1-ZippedPartitionsRDD.scala-82-82=2
org/apache/spark/rdd/PairRDDFunctions$$anonfun$mapValues$1$$anonfun$apply$37$$anonfun$apply$38.apply-PairRDDFunctions.scala-757-757=200
org/apache/spark/mllib/linalg/DenseVector$.unapply-Vectors.scala-734-734=68
org/apache/spark/mllib/util/MLUtils$.fastSquaredDistance$default$5-MLUtils.scala-505-505=2932
org/apache/spark/rdd/RDD.org$apache$spark$rdd$RDD$$partitions_-RDD.scala-242-242=40
org/apache/spark/rdd/ZippedPartitionsPartition.index-ZippedPartitionsRDD.scala-33-33=10
org/apache/spark/status/api/v1/ShuffleReadMetrics.localBlocksFetched-api.scala-246-246=143
org/apache/spark/rdd/RDD.id-RDD.scala-150-150=29
org/apache/spark/rdd/RDD.scope-RDD.scala-1743-1743=9
org/apache/spark/status/api/v1/InputMetrics.recordsRead-api.scala-238-238=174
org/apache/spark/rdd/ZippedPartitionsRDD2.f-ZippedPartitionsRDD.scala-81-81=2
org/apache/spark/util/JsonProtocol$$anonfun$rddInfoToJson$5.apply-JsonProtocol.scala-440-440=46
org/apache/spark/status/api/v1/ShuffleWriteMetrics.writeTime-api.scala-255-255=142
org/apache/spark/status/api/v1/TaskMetrics.peakExecutionMemory-api.scala-230-230=143
org/apache/spark/status/api/v1/TaskMetrics.shuffleWriteMetrics-api.scala-234-234=498
org/apache/spark/rdd/PairRDDFunctions$$anonfun$mapValues$1$$anonfun$apply$37.apply-PairRDDFunctions.scala-757-757=4
org/apache/spark/status/api/v1/StageData.attemptId-api.scala-166-166=24
org/apache/spark/rdd/ZippedPartitionsPartition$$anonfun$writeObject$1.apply$mcV$sp-ZippedPartitionsRDD.scala-40-41=2
org/apache/spark/status/api/v1/StageData.stageId-api.scala-165-165=24
org/apache/spark/status/api/v1/ShuffleReadMetrics.remoteBytesReadToDisk-api.scala-249-249=147
org/apache/spark/rdd/RDD.getNarrowAncestors-RDD.scala-320-335=1
org/apache/spark/rdd/RDD.elementClassTag-RDD.scala-1749-1749=4
org/apache/spark/mllib/clustering/VectorWithNorm.vector-KMeans.scala-595-595=5866
org/apache/spark/status/api/v1/TaskMetrics.memoryBytesSpilled-api.scala-228-228=180
org/apache/spark/rdd/RDD.isCheckpointedAndMaterialized-RDD.scala-1677-1677=10
org/apache/spark/rdd/ZippedPartitionsRDD2.compute-ZippedPartitionsRDD.scala-88-89=2
org/apache/spark/rdd/PairRDDFunctions$$anonfun$countByKey$1$$anonfun$apply$3.apply-PairRDDFunctions.scala-370-370=82
org/apache/spark/mllib/linalg/DenseVector.size-Vectors.scala-620-620=14629
org/apache/spark/status/api/v1/ShuffleReadMetrics.recordsRead-api.scala-251-251=181
org/apache/spark/rdd/ZippedPartitionsPartition.org$apache$spark$rdd$ZippedPartitionsPartition$$rdds-ZippedPartitionsRDD.scala-29-29=2
org/apache/spark/rdd/RDD$$anonfun$org$apache$spark$rdd$RDD$$visit$1$1.apply-RDD.scala-326-326=8
org/apache/spark/status/api/v1/OutputMetrics.recordsWritten-api.scala-242-242=178
org/apache/spark/rdd/RDD.creationSite-RDD.scala-1734-1734=9
org/apache/spark/rdd/ZippedPartitionsPartition.partitionValues_$eq-ZippedPartitionsRDD.scala-34-34=2
org/apache/spark/rdd/RDD$$anonfun$6.apply-RDD.scala-325-325=18
org/apache/spark/rdd/RDD$$anonfun$preferredLocations$2.apply-RDD.scala-297-297=2
org/apache/spark/rdd/RDD.org$apache$spark$rdd$RDD$$dependencies_-RDD.scala-241-241=58
org/apache/spark/rdd/MapPartitionsRDD.getOrCompute-MapPartitionsRDD.scala-354-357=4
org/apache/spark/status/api/v1/TaskMetrics.executorCpuTime-api.scala-224-224=166
org/apache/spark/mllib/linalg/Vectors$.sqdist-Vectors.scala-488-534=35
org/apache/spark/rdd/PairRDDFunctions$$anonfun$countByKey$1$$anonfun$apply$13.apply-PairRDDFunctions.scala-370-370=100
org/apache/spark/rdd/RDDOperationScope.toJson-RDDOperationScope.scala-52-52=23
org/apache/spark/rdd/RDD.org$apache$spark$rdd$RDD$$visit$1-RDD.scala-323-326=9
org/apache/spark/rdd/RDD.isBarrier-RDD.scala-1931-1931=2
org/apache/spark/rdd/HadoopPartition.index-HadoopRDD.scala-48-48=4
org/apache/spark/status/api/v1/InputMetrics.bytesRead-api.scala-237-237=179
org/apache/spark/rdd/ZippedPartitionsPartition$$anonfun$writeObject$1$$anonfun$apply$mcV$sp$1.apply-ZippedPartitionsRDD.scala-40-40=8
org/apache/spark/status/api/v1/ExecutorSummary.hostPort-api.scala-78-78=23
org/apache/spark/rdd/RDD$$anonfun$countByValue$1$$anonfun$apply$43.apply-RDD.scala-1259-1259=100
org/apache/spark/rdd/MapPartitionsRDD.computeOrReadCheckpoint-MapPartitionsRDD.scala-343-343=10
org/apache/spark/mllib/clustering/EuclideanDistanceMeasure.findClosest-DistanceMeasure.scala-163-180=100
org/apache/spark/rdd/RDD.getOrCompute-RDD.scala-354-357=4
org/apache/spark/rdd/MapPartitionsRDD.id-MapPartitionsRDD.scala-150-150=4
org/apache/spark/rdd/RDD.iterator-RDD.scala-307-307=14
org/apache/spark/rdd/ZippedPartitionsPartition.partitions-ZippedPartitionsRDD.scala-35-35=2
org/apache/spark/status/api/v1/ShuffleWriteMetrics.bytesWritten-api.scala-254-254=180
org/apache/spark/rdd/RDD$$anonfun$zip$1$$anonfun$apply$26.apply-RDD.scala-909-909=2
org/apache/spark/rdd/MapPartitionsRDD.elementClassTag-MapPartitionsRDD.scala-1749-1749=4
org/apache/spark/mllib/clustering/VectorWithNorm.norm-KMeans.scala-595-595=12983
org/apache/spark/util/JsonProtocol$$anonfun$rddInfoToJson$7.apply-JsonProtocol.scala-444-444=46
org/apache/spark/rdd/RDD.firstParent-RDD.scala-1763-1763=8
org/apache/spark/mllib/clustering/KMeans$$anonfun$14.apply-KMeans.scala-433-433=200
org/apache/spark/mllib/clustering/EuclideanDistanceMeasure$$anonfun$findClosest$2.apply-DistanceMeasure.scala-169-178=3553
org/apache/spark/util/JsonProtocol$$anonfun$rddInfoToJson$2.apply-JsonProtocol.scala-437-437=46
org/apache/spark/status/api/v1/ShuffleReadMetrics.remoteBytesRead-api.scala-248-248=184
org/apache/spark/rdd/InputFileBlockHolder$.unset-InputFileBlockHolder.scala-86-86=2
org/apache/spark/status/api/v1/TaskMetrics.executorRunTime-api.scala-223-223=163
org/apache/spark/status/api/v1/TaskMetrics.inputMetrics-api.scala-231-231=357
org/apache/spark/rdd/RDDOperationScope.name-RDDOperationScope.scala-47-47=23
org/apache/spark/rdd/RDD$$anonfun$5.apply-RDD.scala-324-324=18
org/apache/spark/rdd/RDD.name-RDD.scala-153-153=9
org/apache/spark/util/JsonProtocol$$anonfun$rddInfoToJson$6.apply-JsonProtocol.scala-443-443=46
org/apache/spark/rdd/ShuffledRDDPartition.index-ShuffledRDD.scala-27-27=2
org/apache/spark/rdd/RDD$$anonfun$dependencies$2.apply-RDD.scala-252-252=29
org/apache/spark/rdd/ZippedPartitionsRDD2.rdd2-ZippedPartitionsRDD.scala-83-83=2
org/apache/spark/rdd/RDD.computeOrReadCheckpoint-RDD.scala-343-343=10
org/apache/spark/mllib/linalg/BLAS$.dot-BLAS.scala-106-119=2897
org/apache/spark/status/api/v1/TaskMetrics.outputMetrics-api.scala-232-232=355
org/apache/spark/util/JsonProtocol$$anonfun$rddInfoToJson$8.apply-JsonProtocol.scala-445-445=46
org/apache/spark/rdd/RDD$$anonfun$zip$1$$anonfun$apply$26$$anon$2.next-RDD.scala-910-910=100
org/apache/spark/rdd/ZippedPartitionsPartition$$anonfun$writeObject$1.org$apache$spark$rdd$ZippedPartitionsPartition$$anonfun$$$outer-ZippedPartitionsRDD.scala-38-38=4
org/apache/spark/status/api/v1/TaskMetrics.executorDeserializeCpuTime-api.scala-222-222=137
org/apache/spark/rdd/RDD.preferredLocations-RDD.scala-296-296=2
org/apache/spark/rdd/RDD.dependencies-RDD.scala-252-252=29
org/apache/spark/mllib/util/MLUtils$.EPSILON-MLUtils.scala-44-44=5873
org/apache/spark/rdd/PairRDDFunctions$$anonfun$countByKey$1$$anonfun$apply$3.apply$mcJJJ$sp-PairRDDFunctions.scala-370-370=41
org/apache/spark/status/api/v1/ShuffleReadMetrics.fetchWaitTime-api.scala-247-247=144
org/apache/spark/rdd/MapPartitionsRDD.isBarrier_-MapPartitionsRDD.scala-60-60=2
org/apache/spark/rdd/RDD$$anonfun$map$1$$anonfun$apply$5.apply-RDD.scala-394-394=12
org/apache/spark/mllib/linalg/DenseVector.values-Vectors.scala-617-617=20493
org/apache/spark/rdd/ShuffledRDD.getPreferredLocations-ShuffledRDD.scala-97-99=2
org/apache/spark/mllib/clustering/EuclideanDistanceMeasure$.fastSquaredDistance-DistanceMeasure.scala-232-232=2932
org/apache/spark/status/api/v1/TaskMetrics.shuffleReadMetrics-api.scala-233-233=1120
org/apache/spark/status/api/v1/ShuffleReadMetrics.remoteBlocksFetched-api.scala-245-245=141
org/apache/spark/status/api/v1/ShuffleWriteMetrics.recordsWritten-api.scala-256-256=176
org/apache/spark/mllib/clustering/KMeans$$anonfun$4.apply-KMeans.scala-248-248=200
org/apache/spark/status/api/v1/TaskMetrics.diskBytesSpilled-api.scala-229-229=179
org/apache/spark/util/JsonProtocol$$anonfun$rddInfoToJson$1.apply-JsonProtocol.scala-437-437=46
org/apache/spark/mllib/linalg/BLAS$.f2jBLAS-BLAS.scala-35-38=2892
org/apache/spark/status/api/v1/TaskMetrics.resultSerializationTime-api.scala-227-227=137
org/apache/spark/rdd/RDD$$anonfun$partitions$2.apply-RDD.scala-269-269=20
org/apache/spark/rdd/RDD.getStorageLevel-RDD.scala-223-223=10
org/apache/spark/rdd/RDD$$anonfun$zip$1$$anonfun$apply$26.apply-RDD.scala-910-910=2
org/apache/spark/rdd/MapPartitionsRDD.isCheckpointedAndMaterialized-MapPartitionsRDD.scala-1677-1677=10
org/apache/spark/rdd/RDD$$anonfun$zip$1$$anonfun$apply$26$$anon$2.hasNext-RDD.scala-911-914=102
org/apache/spark/rdd/RDDOperationScope.id-RDDOperationScope.scala-49-49=23
org/apache/spark/rdd/RDD$$anonfun$4.apply-RDD.scala-323-323=18
org/apache/spark/util/JsonProtocol$$anonfun$rddInfoToJson$4$$anonfun$apply$19.apply-JsonProtocol.scala-439-439=46
org/apache/spark/mllib/util/MLUtils$.fastSquaredDistance-MLUtils.scala-506-538=2931
org/apache/spark/rdd/RDD.sparkContext-RDD.scala-147-147=1
org/apache/spark/rdd/RDDOperationScope$.org$apache$spark$rdd$RDDOperationScope$$jsonMapper-RDDOperationScope.scala-82-82=23
org/apache/spark/util/JsonProtocol$$anonfun$rddInfoToJson$9.apply-JsonProtocol.scala-446-446=46
org/apache/spark/util/JsonProtocol$$anonfun$rddInfoToJson$3.apply-JsonProtocol.scala-439-439=46
org/apache/spark/rdd/RDD.checkpointData-RDD.scala-1751-1751=61
org/apache/spark/status/api/v1/ShuffleReadMetrics.localBytesRead-api.scala-250-250=185
org/apache/spark/util/JsonProtocol$$anonfun$rddInfoToJson$4.apply-JsonProtocol.scala-439-439=46
org/apache/spark/rdd/MapPartitionsRDD.compute-MapPartitionsRDD.scala-52-52=8
org/apache/spark/status/api/v1/TaskMetrics.executorDeserializeTime-api.scala-221-221=153
org/apache/spark/rdd/MapPartitionsRDD.org$apache$spark$rdd$RDD$$dependencies_-MapPartitionsRDD.scala-241-241=16
org/apache/spark/rdd/ZippedPartitionsPartition.partitionValues-ZippedPartitionsRDD.scala-34-34=2
org/apache/spark/rdd/RDD$$anonfun$getNarrowAncestors$1.apply-RDD.scala-335-335=16
org/apache/spark/rdd/MapPartitionsRDD.dependencies-MapPartitionsRDD.scala-252-252=8
org/apache/spark/rdd/MapPartitionsRDD.firstParent-MapPartitionsRDD.scala-1763-1763=8
org/apache/spark/rdd/PairRDDFunctions$$anonfun$reduceByKey$1$$anonfun$apply$10.apply-PairRDDFunctions.scala-307-307=59
org/apache/spark/rdd/RDDOperationScope.parent-RDDOperationScope.scala-48-48=23
org/apache/spark/rdd/RDD.partitions-RDD.scala-269-269=20
org/apache/spark/rdd/RDD$$anon$1.next-RDD.scala-367-368=200
org/apache/spark/status/api/v1/JobData.jobId-api.scala-110-110=13
org/apache/spark/status/api/v1/ExecutorSummary.id-api.scala-77-77=24
org/apache/spark/rdd/MapPartitionsRDD.checkpointData-MapPartitionsRDD.scala-1751-1751=18
org/apache/spark/status/api/v1/TaskMetrics.jvmGcTime-api.scala-226-226=141
org/apache/spark/status/api/v1/RDDStorageInfo.id-api.scala-132-132=21
org/apache/spark/rdd/MapPartitionsRDD.iterator-MapPartitionsRDD.scala-307-307=14
org/apache/spark/rdd/RDD$$anonfun$org$apache$spark$rdd$RDD$$visit$1$1.apply-RDD.scala-327-328=8
org/apache/spark/rdd/RDD$$anonfun$zip$1$$anonfun$apply$26$$anon$2.map-RDD.scala-910-910=2
