org/apache/spark/rdd/RDD.doCheckpoint-RDD.scala-1800-1800=5
org/apache/spark/rdd/MapPartitionsRDD.partitioner-MapPartitionsRDD.scala-47-47=2
org/apache/spark/rdd/RDD.getNumPartitions-RDD.scala-289-289=1
org/apache/spark/mllib/linalg/DenseVector$.unapply-Vectors.scala-734-734=78
org/apache/spark/rdd/RDD.org$apache$spark$rdd$RDD$$partitions_-RDD.scala-242-242=68
org/apache/spark/mllib/clustering/LocalKMeans$.log-LocalKMeans.scala-30-30=1
org/apache/spark/rdd/RDD.org$apache$spark$rdd$RDD$$sc-RDD.scala-89-100=30
org/apache/spark/rdd/RDD$$anonfun$countByValue$1.apply-RDD.scala-1259-1259=1
org/apache/spark/rdd/RDD$.rddToPairRDDFunctions-RDD.scala-2016-2016=2
org/apache/spark/mllib/clustering/LocalKMeans$.logName-LocalKMeans.scala-30-30=1
org/apache/spark/status/api/v1/InputMetrics.recordsRead-api.scala-238-238=37
org/apache/spark/status/api/v1/TaskMetrics.shuffleWriteMetrics-api.scala-234-234=100
org/apache/spark/status/api/v1/StageData.attemptId-api.scala-166-166=7
org/apache/spark/rdd/RDD$.CHECKPOINT_ALL_MARKED_ANCESTORS-RDD.scala-2006-2006=2
org/apache/spark/status/api/v1/ShuffleReadMetrics.remoteBytesReadToDisk-api.scala-249-249=26
org/apache/spark/rdd/RDD.getNarrowAncestors-RDD.scala-320-335=3
org/apache/spark/rdd/PairRDDFunctions.combineByKeyWithClassTag-PairRDDFunctions.scala-77-77=1
org/apache/spark/status/api/v1/TaskMetrics.memoryBytesSpilled-api.scala-228-228=37
org/apache/spark/rdd/RDD.isCheckpointedAndMaterialized-RDD.scala-1677-1677=2
org/apache/spark/rdd/PairRDDFunctions$$anonfun$countByKey$1$$anonfun$apply$3.apply-PairRDDFunctions.scala-370-370=43
org/apache/spark/rdd/RDD$$anonfun$mapPartitions$1.apply-RDD.scala-819-819=1
org/apache/spark/rdd/RDD.org$apache$spark$rdd$RDD$$doCheckpointCalled-RDD.scala-1792-1792=5
org/apache/spark/mllib/linalg/DenseVector.size-Vectors.scala-620-620=7231
org/apache/spark/status/api/v1/OutputMetrics.recordsWritten-api.scala-242-242=37
org/apache/spark/mllib/clustering/KMeans.log-KMeans.scala-42-42=1
org/apache/spark/rdd/RDD.creationSite-RDD.scala-1734-1734=10
org/apache/spark/rdd/RDD$$anonfun$6.apply-RDD.scala-325-325=14
org/apache/spark/rdd/RDD.org$apache$spark$rdd$RDD$$dependencies_-RDD.scala-241-241=104
org/apache/spark/status/api/v1/TaskMetrics.executorCpuTime-api.scala-224-224=31
org/apache/spark/rdd/RDDOperationScope.toJson-RDDOperationScope.scala-52-52=18
org/apache/spark/rdd/PairRDDFunctions$$anonfun$combineByKeyWithClassTag$1.apply-PairRDDFunctions.scala-77-77=1
org/apache/spark/status/api/v1/InputMetrics.bytesRead-api.scala-237-237=37
org/apache/spark/rdd/RDD.getPreferredLocations-RDD.scala-137-137=4
org/apache/spark/status/api/v1/ExecutorSummary.hostPort-api.scala-78-78=293
org/apache/spark/rdd/PairRDDFunctions.org$apache$spark$internal$Logging$$log__$eq-PairRDDFunctions.scala-49-49=2
org/apache/spark/rdd/RDD$$anonfun$doCheckpoint$1.apply-RDD.scala-1801-1801=5
org/apache/spark/mllib/clustering/EuclideanDistanceMeasure.findClosest-DistanceMeasure.scala-163-180=108
org/apache/spark/rdd/MapPartitionsRDD$$anonfun$isBarrier_$1.apply-MapPartitionsRDD.scala-60-60=2
org/apache/spark/mllib/clustering/LocalKMeans$$anonfun$kMeansPlusPlus$1$$anonfun$apply$mcVI$sp$1.apply$mcVI$sp-LocalKMeans.scala-70-70=324
org/apache/spark/mllib/clustering/LocalKMeans$$anonfun$2.apply-LocalKMeans.scala-85-85=30
org/apache/spark/rdd/ZippedPartitionsRDD2.getPreferredLocations-ZippedPartitionsRDD.scala-70-70=2
org/apache/spark/status/api/v1/ShuffleWriteMetrics.bytesWritten-api.scala-254-254=37
org/apache/spark/rdd/RDD.context-RDD.scala-1772-1772=8
org/apache/spark/rdd/RDD.firstParent-RDD.scala-1763-1763=1
org/apache/spark/rdd/RDDOperationScope$.withScope-RDDOperationScope.scala-134-155=12
org/apache/spark/rdd/RDD.org$apache$spark$rdd$RDD$$stateLock-RDD.scala-237-237=4
org/apache/spark/rdd/ShuffledRDD.getPartitions-ShuffledRDD.scala-93-93=1
org/apache/spark/rdd/PairRDDFunctions.combineByKeyWithClassTag$default$5-PairRDDFunctions.scala-76-76=1
org/apache/spark/rdd/RDDOperationScope.name-RDDOperationScope.scala-47-47=26
org/apache/spark/rdd/RDD$$anonfun$5.apply-RDD.scala-324-324=14
org/apache/spark/rdd/PairRDDFunctions.reduceByKey-PairRDDFunctions.scala-325-325=1
org/apache/spark/rdd/RDD.name-RDD.scala-153-153=9
org/apache/spark/mllib/clustering/LocalKMeans$$anonfun$kMeansPlusPlus$1.apply$mcVI$sp-LocalKMeans.scala-52-69=9
org/apache/spark/rdd/RDD$$anonfun$dependencies$2.apply-RDD.scala-252-252=51
org/apache/spark/rdd/RDD.computeOrReadCheckpoint-RDD.scala-343-343=1
org/apache/spark/mllib/linalg/BLAS$.dot-BLAS.scala-106-119=1362
org/apache/spark/status/api/v1/TaskMetrics.outputMetrics-api.scala-232-232=74
org/apache/spark/rdd/RDD$$anonfun$37.apply-RDD.scala-1744-1744=4
org/apache/spark/rdd/PairRDDFunctions$$anonfun$reduceByKey$1.apply-PairRDDFunctions.scala-307-307=1
org/apache/spark/util/JsonProtocol$$anonfun$rddInfoToJson$8.apply-JsonProtocol.scala-445-445=20
org/apache/spark/mllib/clustering/LocalKMeans$$anonfun$2.apply$mcD$sp-LocalKMeans.scala-85-85=30
org/apache/spark/rdd/RDDOperationScope$.withScope$default$2-RDDOperationScope.scala-101-101=6
org/apache/spark/rdd/RDD.preferredLocations-RDD.scala-296-296=6
org/apache/spark/rdd/RDDOperationScope$$anonfun$3.apply-RDDOperationScope.scala-106-106=12
org/apache/spark/rdd/PairRDDFunctions$$anonfun$countByKey$1$$anonfun$apply$3.apply$mcJJJ$sp-PairRDDFunctions.scala-370-370=22
org/apache/spark/rdd/RDD$$anonfun$collect$1.apply-RDD.scala-990-991=1
org/apache/spark/mllib/clustering/KMeans.logInfo-KMeans.scala-42-42=1
org/apache/spark/rdd/RDD.org$apache$spark$rdd$RDD$$dependencies__$eq-RDD.scala-241-241=2
org/apache/spark/mllib/linalg/DenseVector.values-Vectors.scala-617-617=10319
org/apache/spark/mllib/linalg/BLAS$.org$apache$spark$internal$Logging$$log__$eq-BLAS.scala-28-28=1
org/apache/spark/mllib/clustering/EuclideanDistanceMeasure$.fastSquaredDistance-DistanceMeasure.scala-232-232=1386
org/apache/spark/mllib/clustering/KMeans.initKMeansParallel-KMeans.scala-382-380=1
org/apache/spark/mllib/clustering/KMeans$$anonfun$2.apply-KMeans.scala-438-438=72
org/apache/spark/rdd/ShuffledRDD$$anonfun$1.apply-ShuffledRDD.scala-79-79=1
org/apache/spark/mllib/clustering/KMeans.org$apache$spark$internal$Logging$$log__$eq-KMeans.scala-42-42=1
org/apache/spark/util/JsonProtocol$$anonfun$rddInfoToJson$1.apply-JsonProtocol.scala-437-437=20
org/apache/spark/mllib/clustering/KMeans.org$apache$spark$internal$Logging$$log_-KMeans.scala-42-42=2
org/apache/spark/mllib/linalg/BLAS$.f2jBLAS-BLAS.scala-35-38=1500
org/apache/spark/mllib/linalg/BLAS$.axpy-BLAS.scala-45-58=108
org/apache/spark/status/api/v1/TaskMetrics.resultSerializationTime-api.scala-227-227=26
org/apache/spark/rdd/RDD.getStorageLevel-RDD.scala-223-223=15
org/apache/spark/rdd/MapPartitionsRDD.isCheckpointedAndMaterialized-MapPartitionsRDD.scala-1677-1677=2
org/apache/spark/rdd/RDD$$anonfun$doCheckpoint$1$$anonfun$apply$mcV$sp$2.apply-RDD.scala-1813-1813=8
org/apache/spark/rdd/RDDOperationScope$$anonfun$1.apply-RDDOperationScope.scala-104-104=24
org/apache/spark/rdd/ShuffledRDD$$anonfun$getPartitions$1.apply-ShuffledRDD.scala-93-93=4
org/apache/spark/rdd/RDD.sparkContext-RDD.scala-147-147=2
org/apache/spark/rdd/InputFileBlockHolder$.initialize-InputFileBlockHolder.scala-92-92=2
org/apache/spark/rdd/ShuffledRDD.setSerializer-ShuffledRDD.scala-56-57=1
org/apache/spark/mllib/clustering/KMeans.initializeLogIfNecessary-KMeans.scala-42-42=2
org/apache/spark/util/JsonProtocol$$anonfun$rddInfoToJson$3.apply-JsonProtocol.scala-439-439=20
org/apache/spark/rdd/RDDOperationScope$.nextScopeId-RDDOperationScope.scala-90-90=8
org/apache/spark/rdd/PairRDDFunctions$$anonfun$countByKey$1.apply-PairRDDFunctions.scala-370-370=1
org/apache/spark/mllib/clustering/KMeans.org$apache$spark$mllib$clustering$KMeans$$maxIterations-KMeans.scala-44-44=1
org/apache/spark/rdd/RDD.checkpointData-RDD.scala-1751-1751=95
org/apache/spark/status/api/v1/TaskMetrics.executorDeserializeTime-api.scala-221-221=30
org/apache/spark/rdd/MapPartitionsRDD.org$apache$spark$rdd$RDD$$dependencies_-MapPartitionsRDD.scala-241-241=4
org/apache/spark/rdd/RDD.org$apache$spark$internal$Logging$$log__$eq-RDD.scala-77-77=2
org/apache/spark/rdd/MapPartitionsRDD.dependencies-MapPartitionsRDD.scala-252-252=2
org/apache/spark/rdd/RDDOperationScope$.fromJson-RDDOperationScope.scala-86-86=10
org/apache/spark/rdd/RDD.partitions-RDD.scala-269-269=32
org/apache/spark/status/api/v1/ExecutorSummary.id-api.scala-77-77=293
org/apache/spark/mllib/linalg/BLAS$.scal-BLAS.scala-221-227=30
org/apache/spark/status/api/v1/RDDStorageInfo.id-api.scala-132-132=284
org/apache/spark/rdd/PairRDDFunctions.countByKey-PairRDDFunctions.scala-369-369=1
org/apache/spark/rdd/RDD$$anonfun$org$apache$spark$rdd$RDD$$visit$1$1.apply-RDD.scala-327-328=6
org/apache/spark/rdd/RDD$$anonfun$collect$1$$anonfun$15.apply-RDD.scala-990-990=2
org/apache/spark/rdd/MapPartitionsRDD$.$lessinit$greater$default$5-MapPartitionsRDD.scala-44-44=1
org/apache/spark/mllib/clustering/LocalKMeans$.org$apache$spark$internal$Logging$$log__$eq-LocalKMeans.scala-30-30=2
org/apache/spark/mllib/clustering/KMeans.org$apache$spark$mllib$clustering$KMeans$$k-KMeans.scala-43-43=1
org/apache/spark/status/api/v1/OutputMetrics.bytesWritten-api.scala-241-241=37
org/apache/spark/mllib/clustering/EuclideanDistanceMeasure$$anonfun$findClosest$2.apply-DistanceMeasure.scala-166-166=1080
org/apache/spark/status/api/v1/TaskMetrics.resultSize-api.scala-225-225=26
org/apache/spark/mllib/clustering/VectorWithNorm.toDense-KMeans.scala-603-603=10
org/apache/spark/mllib/clustering/LocalKMeans$.logInfo-LocalKMeans.scala-30-30=1
org/apache/spark/mllib/util/MLUtils$.fastSquaredDistance$default$5-MLUtils.scala-505-505=1386
org/apache/spark/rdd/ShuffledRDD.isBarrier-ShuffledRDD.scala-114-114=5
org/apache/spark/mllib/clustering/LocalKMeans$$anonfun$3.apply-LocalKMeans.scala-49-49=72
org/apache/spark/rdd/ZippedPartitionsPartition.index-ZippedPartitionsRDD.scala-33-33=2
org/apache/spark/status/api/v1/ShuffleReadMetrics.localBlocksFetched-api.scala-246-246=26
org/apache/spark/rdd/RDDOperationScope$$anonfun$2.apply-RDDOperationScope.scala-105-105=36
org/apache/spark/rdd/PairRDDFunctions.reduceByKey-PairRDDFunctions.scala-306-306=1
org/apache/spark/rdd/RDD.id-RDD.scala-150-150=56
org/apache/spark/rdd/RDD.scope-RDD.scala-1743-1743=9
org/apache/spark/util/JsonProtocol$$anonfun$rddInfoToJson$5.apply-JsonProtocol.scala-440-440=20
org/apache/spark/status/api/v1/ShuffleWriteMetrics.writeTime-api.scala-255-255=26
org/apache/spark/status/api/v1/TaskMetrics.peakExecutionMemory-api.scala-230-230=26
org/apache/spark/rdd/MapPartitionsRDD$.$lessinit$greater$default$4-MapPartitionsRDD.scala-43-43=1
org/apache/spark/status/api/v1/StageData.stageId-api.scala-165-165=7
org/apache/spark/rdd/ShuffledRDD.getDependencies-ShuffledRDD.scala-79-87=1
org/apache/spark/rdd/RDD.elementClassTag-RDD.scala-1749-1749=2
org/apache/spark/mllib/clustering/VectorWithNorm.vector-KMeans.scala-595-595=2891
org/apache/spark/rdd/RDD$$anonfun$partitions$2$$anonfun$apply$3.apply-RDD.scala-274-274=8
org/apache/spark/rdd/RDD.withScope-RDD.scala-385-385=7
org/apache/spark/status/api/v1/ShuffleReadMetrics.recordsRead-api.scala-251-251=37
org/apache/spark/mllib/clustering/LocalKMeans$$anonfun$5.apply-LocalKMeans.scala-86-86=30
org/apache/spark/rdd/RDD$$anonfun$org$apache$spark$rdd$RDD$$visit$1$1.apply-RDD.scala-326-326=6
org/apache/spark/mllib/linalg/Vector$class.$init$-Vectors.scala-47-47=40
org/apache/spark/rdd/RDD$$anonfun$preferredLocations$2.apply-RDD.scala-297-297=6
org/apache/spark/mllib/linalg/Vectors$.sqdist-Vectors.scala-488-534=24
org/apache/spark/mllib/clustering/LocalKMeans$$anonfun$1.apply-LocalKMeans.scala-80-80=36
org/apache/spark/rdd/RDD.org$apache$spark$rdd$RDD$$visit$1-RDD.scala-323-326=9
org/apache/spark/rdd/RDD.isBarrier-RDD.scala-1931-1931=4
org/apache/spark/rdd/ZippedPartitionsPartition.preferredLocations-ZippedPartitionsRDD.scala-30-30=2
org/apache/spark/rdd/RDD$$anonfun$collect$1.org$apache$spark$rdd$RDD$$anonfun$$$outer-RDD.scala-989-989=1
org/apache/spark/rdd/ZippedPartitionsBaseRDD.getPreferredLocations-ZippedPartitionsRDD.scala-70-70=2
org/apache/spark/rdd/MapPartitionsRDD.computeOrReadCheckpoint-MapPartitionsRDD.scala-343-343=1
org/apache/spark/mllib/util/MLUtils$.org$apache$spark$internal$Logging$$log__$eq-MLUtils.scala-42-42=1
org/apache/spark/mllib/clustering/LocalKMeans$$anonfun$kMeansPlusPlus$1$$anonfun$4.apply-LocalKMeans.scala-52-52=648
org/apache/spark/mllib/linalg/DenseVector.toArray-Vectors.scala-625-625=10
org/apache/spark/rdd/RDD.iterator-RDD.scala-307-307=1
org/apache/spark/mllib/linalg/Vectors$.zeros-Vectors.scala-362-362=30
org/apache/spark/rdd/ShuffledRDD.setAggregator-ShuffledRDD.scala-68-69=1
org/apache/spark/mllib/clustering/VectorWithNorm.norm-KMeans.scala-595-595=4942
org/apache/spark/util/JsonProtocol$$anonfun$rddInfoToJson$7.apply-JsonProtocol.scala-444-444=20
org/apache/spark/rdd/RDDOperationScope$.$lessinit$greater$default$2-RDDOperationScope.scala-48-48=5
org/apache/spark/rdd/RDDOperationScope$$anonfun$getAllScopes$2.apply-RDDOperationScope.scala-61-61=8
org/apache/spark/mllib/clustering/EuclideanDistanceMeasure$$anonfun$findClosest$2.apply-DistanceMeasure.scala-169-178=1080
org/apache/spark/rdd/RDDOperationScope.getAllScopes-RDDOperationScope.scala-61-61=8
org/apache/spark/rdd/ShuffledRDD.prev-ShuffledRDD.scala-42-42=1
org/apache/spark/util/JsonProtocol$$anonfun$rddInfoToJson$2.apply-JsonProtocol.scala-437-437=20
org/apache/spark/rdd/MapPartitionsRDD.getPartitions-MapPartitionsRDD.scala-49-49=1
org/apache/spark/status/api/v1/ShuffleReadMetrics.remoteBytesRead-api.scala-248-248=37
org/apache/spark/rdd/InputFileBlockHolder$.unset-InputFileBlockHolder.scala-86-86=2
org/apache/spark/status/api/v1/TaskMetrics.executorRunTime-api.scala-223-223=33
org/apache/spark/status/api/v1/TaskMetrics.inputMetrics-api.scala-231-231=73
org/apache/spark/util/JsonProtocol$$anonfun$rddInfoToJson$6.apply-JsonProtocol.scala-443-443=20
org/apache/spark/rdd/ShuffledRDDPartition.index-ShuffledRDD.scala-27-27=8
org/apache/spark/mllib/linalg/Vectors$.norm-Vectors.scala-435-440=30
org/apache/spark/mllib/clustering/LocalKMeans$.org$apache$spark$internal$Logging$$log_-LocalKMeans.scala-30-30=2
org/apache/spark/rdd/RDD.org$apache$spark$rdd$RDD$$partitions__$eq-RDD.scala-242-242=2
org/apache/spark/mllib/clustering/KMeans.logName-KMeans.scala-42-42=1
org/apache/spark/status/api/v1/TaskMetrics.executorDeserializeCpuTime-api.scala-222-222=26
org/apache/spark/rdd/RDD.dependencies-RDD.scala-252-252=51
org/apache/spark/mllib/util/MLUtils$.EPSILON-MLUtils.scala-44-44=2772
org/apache/spark/rdd/PairRDDFunctions.keyClass-PairRDDFunctions.scala-1111-1111=1
org/apache/spark/status/api/v1/ShuffleReadMetrics.fetchWaitTime-api.scala-247-247=26
org/apache/spark/mllib/clustering/LocalKMeans$.initializeLogIfNecessary-LocalKMeans.scala-30-30=2
org/apache/spark/rdd/MapPartitionsRDD.isBarrier_-MapPartitionsRDD.scala-60-60=4
org/apache/spark/rdd/RDD.mapPartitions$default$2-RDD.scala-819-819=1
org/apache/spark/status/api/v1/TaskMetrics.shuffleReadMetrics-api.scala-233-233=215
org/apache/spark/status/api/v1/ShuffleReadMetrics.remoteBlocksFetched-api.scala-245-245=26
org/apache/spark/status/api/v1/ShuffleWriteMetrics.recordsWritten-api.scala-256-256=37
org/apache/spark/rdd/ShuffledRDD.org$apache$spark$rdd$ShuffledRDD$$mapSideCombine-ShuffledRDD.scala-52-52=2
org/apache/spark/status/api/v1/TaskMetrics.diskBytesSpilled-api.scala-229-229=37
org/apache/spark/mllib/clustering/LocalKMeans$$anonfun$1.apply$mcI$sp-LocalKMeans.scala-80-80=36
org/apache/spark/rdd/RDD.mapPartitions-RDD.scala-819-819=1
org/apache/spark/rdd/RDD$$anonfun$partitions$2.apply-RDD.scala-269-269=32
org/apache/spark/mllib/clustering/LocalKMeans$.kMeansPlusPlus-LocalKMeans.scala-43-120=1
org/apache/spark/rdd/RDDOperationScope.id-RDDOperationScope.scala-49-49=26
org/apache/spark/rdd/RDD$$anonfun$4.apply-RDD.scala-323-323=18
org/apache/spark/util/JsonProtocol$$anonfun$rddInfoToJson$4$$anonfun$apply$19.apply-JsonProtocol.scala-439-439=20
org/apache/spark/rdd/InputFileBlockHolder$$anon$1.initialValue-InputFileBlockHolder.scala-53-53=2
org/apache/spark/mllib/util/MLUtils$.fastSquaredDistance-MLUtils.scala-506-538=1386
org/apache/spark/rdd/RDDOperationScope$.org$apache$spark$rdd$RDDOperationScope$$jsonMapper-RDDOperationScope.scala-82-82=28
org/apache/spark/rdd/PairRDDFunctions$$anonfun$reduceByKey$3.apply-PairRDDFunctions.scala-326-326=1
org/apache/spark/rdd/RDDOperationScope$.withScope-RDDOperationScope.scala-102-112=7
org/apache/spark/util/JsonProtocol$$anonfun$rddInfoToJson$9.apply-JsonProtocol.scala-446-446=20
org/apache/spark/rdd/RDD.countByValue-RDD.scala-1258-1258=1
org/apache/spark/status/api/v1/ShuffleReadMetrics.localBytesRead-api.scala-250-250=37
org/apache/spark/util/JsonProtocol$$anonfun$rddInfoToJson$4.apply-JsonProtocol.scala-439-439=20
org/apache/spark/rdd/RDD.collect-RDD.scala-989-989=1
org/apache/spark/rdd/RDDOperationScope$$anonfun$5.apply-RDDOperationScope.scala-137-137=16
org/apache/spark/rdd/RDD$$anonfun$doCheckpoint$1.apply$mcV$sp-RDD.scala-1801-1801=5
org/apache/spark/rdd/RDD$$anonfun$getNarrowAncestors$1.apply-RDD.scala-335-335=12
org/apache/spark/rdd/RDD.org$apache$spark$rdd$RDD$$doCheckpointCalled_$eq-RDD.scala-1792-1792=4
org/apache/spark/mllib/clustering/KMeans$$anonfun$2.apply$mcDI$sp-KMeans.scala-438-438=36
org/apache/spark/rdd/RDDOperationScope.parent-RDDOperationScope.scala-48-48=26
org/apache/spark/rdd/ShuffledRDD.setMapSideCombine-ShuffledRDD.scala-74-75=1
org/apache/spark/status/api/v1/JobData.jobId-api.scala-110-110=7
org/apache/spark/rdd/MapPartitionsRDD.checkpointData-MapPartitionsRDD.scala-1751-1751=4
org/apache/spark/mllib/linalg/Vectors$.dense-Vectors.scala-308-308=10
org/apache/spark/status/api/v1/TaskMetrics.jvmGcTime-api.scala-226-226=26
org/apache/spark/rdd/PairRDDFunctions.combineByKeyWithClassTag$default$6-PairRDDFunctions.scala-77-77=1
org/apache/spark/rdd/MapPartitionsRDD.iterator-MapPartitionsRDD.scala-307-307=1
org/apache/spark/rdd/RDD.getDependencies-RDD.scala-132-132=1
org/apache/spark/rdd/ShuffledRDD.compute-ShuffledRDD.scala-103-105=1
org/apache/spark/rdd/RDDOperationScope$.$lessinit$greater$default$3-RDDOperationScope.scala-49-49=8
