org/apache/spark/rdd/RDD.doCheckpoint-RDD.scala-1800-1800=5
org/apache/spark/rdd/ZippedPartitionsPartition$$anonfun$writeObject$1.apply-ZippedPartitionsRDD.scala-38-38=4
org/apache/spark/rdd/DoubleRDDFunctions$$anonfun$sum$1.apply-DoubleRDDFunctions.scala-35-35=1
org/apache/spark/mllib/linalg/DenseVector$.unapply-Vectors.scala-734-734=2
org/apache/spark/rdd/RDD.org$apache$spark$rdd$RDD$$partitions_-RDD.scala-242-242=124
org/apache/spark/rdd/RDD.org$apache$spark$rdd$RDD$$sc-RDD.scala-89-100=23
org/apache/spark/status/api/v1/InputMetrics.recordsRead-api.scala-238-238=109
org/apache/spark/rdd/ZippedPartitionsRDD2.f-ZippedPartitionsRDD.scala-81-81=6
org/apache/spark/status/api/v1/TaskMetrics.shuffleWriteMetrics-api.scala-234-234=307
org/apache/spark/status/api/v1/StageData.attemptId-api.scala-166-166=11
org/apache/spark/rdd/RDD$$anonfun$mapPartitionsWithIndex$1.apply-RDD.scala-871-871=1
org/apache/spark/rdd/RDD$.CHECKPOINT_ALL_MARKED_ANCESTORS-RDD.scala-2006-2006=2
org/apache/spark/rdd/ZippedPartitionsPartition$$anonfun$writeObject$1.apply$mcV$sp-ZippedPartitionsRDD.scala-40-41=4
org/apache/spark/status/api/v1/ShuffleReadMetrics.remoteBytesReadToDisk-api.scala-249-249=89
org/apache/spark/rdd/RDD.getNarrowAncestors-RDD.scala-320-335=2
org/apache/spark/status/api/v1/TaskMetrics.memoryBytesSpilled-api.scala-228-228=109
org/apache/spark/rdd/RDD.isCheckpointedAndMaterialized-RDD.scala-1677-1677=14
org/apache/spark/rdd/ZippedPartitionsRDD2.compute-ZippedPartitionsRDD.scala-88-89=6
org/apache/spark/rdd/ZippedPartitionsRDD2.getPartitions-ZippedPartitionsRDD.scala-55-57=1
org/apache/spark/rdd/RDD.isBarrier_-RDD.scala-1935-1935=1
org/apache/spark/mllib/linalg/DenseVector.size-Vectors.scala-620-620=499
org/apache/spark/rdd/RDD.org$apache$spark$rdd$RDD$$doCheckpointCalled-RDD.scala-1792-1792=5
org/apache/spark/rdd/ZippedPartitionsPartition.org$apache$spark$rdd$ZippedPartitionsPartition$$rdds-ZippedPartitionsRDD.scala-29-29=4
org/apache/spark/status/api/v1/OutputMetrics.recordsWritten-api.scala-242-242=109
org/apache/spark/rdd/RDD.creationSite-RDD.scala-1734-1734=20
org/apache/spark/rdd/RDD$$anonfun$isBarrier_$2.apply-RDD.scala-1936-1936=4
org/apache/spark/rdd/RDD$$anonfun$6.apply-RDD.scala-325-325=46
org/apache/spark/rdd/RDD.log-RDD.scala-77-77=1
org/apache/spark/rdd/DoubleRDDFunctions$$anonfun$sum$1$$anonfun$apply$mcD$sp$1.apply$mcDDD$sp-DoubleRDDFunctions.scala-35-35=99
org/apache/spark/rdd/RDD.org$apache$spark$rdd$RDD$$dependencies_-RDD.scala-241-241=156
org/apache/spark/status/api/v1/TaskMetrics.executorCpuTime-api.scala-224-224=100
org/apache/spark/rdd/RDDOperationScope.toJson-RDDOperationScope.scala-52-52=37
org/apache/spark/rdd/RDD$$anonfun$isBarrier_$1.apply-RDD.scala-1936-1936=4
org/apache/spark/rdd/ZippedPartitionsBaseRDD$$anonfun$getPartitions$3$$anonfun$3.apply-ZippedPartitionsRDD.scala-63-63=4
org/apache/spark/status/api/v1/InputMetrics.bytesRead-api.scala-237-237=109
org/apache/spark/rdd/RDD.getPreferredLocations-RDD.scala-137-137=8
org/apache/spark/status/api/v1/ExecutorSummary.hostPort-api.scala-78-78=47
org/apache/spark/rdd/RDD$$anonfun$zipPartitions$1.apply-RDD.scala-931-931=1
org/apache/spark/rdd/RDD$$anonfun$doCheckpoint$1.apply-RDD.scala-1801-1801=5
org/apache/spark/rdd/ZippedPartitionsPartition$$anonfun$1.apply-ZippedPartitionsRDD.scala-34-34=8
org/apache/spark/mllib/clustering/EuclideanDistanceMeasure.findClosest-DistanceMeasure.scala-163-180=100
org/apache/spark/rdd/MapPartitionsRDD$$anonfun$isBarrier_$1.apply-MapPartitionsRDD.scala-60-60=2
org/apache/spark/rdd/RDD.getOrCompute-RDD.scala-354-357=9
org/apache/spark/rdd/ZippedPartitionsRDD2.getPreferredLocations-ZippedPartitionsRDD.scala-70-70=4
org/apache/spark/status/api/v1/ShuffleWriteMetrics.bytesWritten-api.scala-254-254=109
org/apache/spark/rdd/RDD$$anonfun$zip$1$$anonfun$apply$26.apply-RDD.scala-909-909=6
org/apache/spark/rdd/ZippedPartitionsBaseRDD$$anonfun$$lessinit$greater$1.apply-ZippedPartitionsRDD.scala-49-49=4
org/apache/spark/rdd/MapPartitionsRDD.elementClassTag-MapPartitionsRDD.scala-1749-1749=10
org/apache/spark/rdd/RDD.context-RDD.scala-1772-1772=1
org/apache/spark/mllib/clustering/KMeans$$anonfun$10.apply-KMeans.scala-382-382=200
org/apache/spark/rdd/RDD.firstParent-RDD.scala-1763-1763=9
org/apache/spark/rdd/RDDOperationScope$.withScope-RDDOperationScope.scala-134-155=10
org/apache/spark/rdd/RDD.org$apache$spark$rdd$RDD$$stateLock-RDD.scala-237-237=4
org/apache/spark/rdd/RDDOperationScope.name-RDDOperationScope.scala-47-47=45
org/apache/spark/rdd/RDD$$anonfun$5.apply-RDD.scala-324-324=46
org/apache/spark/rdd/RDD.name-RDD.scala-153-153=20
org/apache/spark/rdd/RDD$$anonfun$dependencies$2.apply-RDD.scala-252-252=77
org/apache/spark/rdd/ZippedPartitionsRDD2.rdd2-ZippedPartitionsRDD.scala-83-83=6
org/apache/spark/rdd/RDD.computeOrReadCheckpoint-RDD.scala-343-343=14
org/apache/spark/rdd/RDD.unpersist-RDD.scala-216-219=1
org/apache/spark/mllib/linalg/BLAS$.dot-BLAS.scala-106-119=99
org/apache/spark/rdd/RDD.org$apache$spark$internal$Logging$$log_-RDD.scala-77-77=2
org/apache/spark/status/api/v1/RDDPartitionInfo.executors-api.scala-161-161=2
org/apache/spark/status/api/v1/TaskMetrics.outputMetrics-api.scala-232-232=218
org/apache/spark/rdd/RDD$$anonfun$37.apply-RDD.scala-1744-1744=4
org/apache/spark/util/JsonProtocol$$anonfun$rddInfoToJson$8.apply-JsonProtocol.scala-445-445=58
org/apache/spark/rdd/ZippedPartitionsPartition$$anonfun$writeObject$1.org$apache$spark$rdd$ZippedPartitionsPartition$$anonfun$$$outer-ZippedPartitionsRDD.scala-38-38=8
org/apache/spark/rdd/RDDOperationScope$.withScope$default$2-RDDOperationScope.scala-101-101=4
org/apache/spark/rdd/RDD.preferredLocations-RDD.scala-296-296=12
org/apache/spark/rdd/RDDOperationScope$$anonfun$3.apply-RDDOperationScope.scala-106-106=8
org/apache/spark/rdd/ZippedPartitionsBaseRDD.getPartitions-ZippedPartitionsRDD.scala-55-57=1
org/apache/spark/rdd/RDD.org$apache$spark$rdd$RDD$$dependencies__$eq-RDD.scala-241-241=2
org/apache/spark/mllib/linalg/DenseVector.values-Vectors.scala-617-617=699
org/apache/spark/mllib/linalg/BLAS$.org$apache$spark$internal$Logging$$log__$eq-BLAS.scala-28-28=1
org/apache/spark/mllib/clustering/EuclideanDistanceMeasure$.fastSquaredDistance-DistanceMeasure.scala-232-232=100
org/apache/spark/rdd/RDD.zip-RDD.scala-908-908=1
org/apache/spark/util/JsonProtocol$$anonfun$rddInfoToJson$1.apply-JsonProtocol.scala-437-437=58
org/apache/spark/rdd/ZippedPartitionsBaseRDD$$anonfun$getPartitions$3.apply-ZippedPartitionsRDD.scala-60-60=2
org/apache/spark/mllib/linalg/BLAS$.f2jBLAS-BLAS.scala-35-38=99
org/apache/spark/status/api/v1/TaskMetrics.resultSerializationTime-api.scala-227-227=89
org/apache/spark/rdd/RDD.getStorageLevel-RDD.scala-223-223=27
org/apache/spark/rdd/RDD$$anonfun$zip$1$$anonfun$apply$26.apply-RDD.scala-910-910=6
org/apache/spark/rdd/MapPartitionsRDD.isCheckpointedAndMaterialized-MapPartitionsRDD.scala-1677-1677=14
org/apache/spark/rdd/RDD$$anonfun$doCheckpoint$1$$anonfun$apply$mcV$sp$2.apply-RDD.scala-1813-1813=8
org/apache/spark/rdd/RDDOperationScope$$anonfun$1.apply-RDDOperationScope.scala-104-104=16
org/apache/spark/rdd/RDD.sparkContext-RDD.scala-147-147=1
org/apache/spark/util/JsonProtocol$$anonfun$rddInfoToJson$3.apply-JsonProtocol.scala-439-439=58
org/apache/spark/rdd/RDDOperationScope$.nextScopeId-RDDOperationScope.scala-90-90=8
org/apache/spark/rdd/RDD.checkpointData-RDD.scala-1751-1751=166
org/apache/spark/status/api/v1/TaskMetrics.executorDeserializeTime-api.scala-221-221=102
org/apache/spark/rdd/MapPartitionsRDD.org$apache$spark$rdd$RDD$$dependencies_-MapPartitionsRDD.scala-241-241=16
org/apache/spark/rdd/ZippedPartitionsBaseRDD.rdds-ZippedPartitionsRDD.scala-47-47=6
org/apache/spark/rdd/ZippedPartitionsPartition.partitionValues-ZippedPartitionsRDD.scala-34-34=6
org/apache/spark/rdd/RDD.org$apache$spark$internal$Logging$$log__$eq-RDD.scala-77-77=3
org/apache/spark/rdd/MapPartitionsRDD.dependencies-MapPartitionsRDD.scala-252-252=8
org/apache/spark/rdd/RDDOperationScope$.fromJson-RDDOperationScope.scala-86-86=8
org/apache/spark/rdd/RDD.partitions-RDD.scala-269-269=60
org/apache/spark/status/api/v1/ExecutorSummary.id-api.scala-77-77=46
org/apache/spark/rdd/RDD$$anonfun$7.apply-RDD.scala-357-357=2
org/apache/spark/status/api/v1/RDDStorageInfo.id-api.scala-132-132=65
org/apache/spark/rdd/RDD$$anonfun$org$apache$spark$rdd$RDD$$visit$1$1.apply-RDD.scala-327-328=18
org/apache/spark/rdd/MapPartitionsRDD$.$lessinit$greater$default$5-MapPartitionsRDD.scala-44-44=1
org/apache/spark/rdd/RDD$$anonfun$zip$1$$anonfun$apply$26$$anon$2.map-RDD.scala-910-910=6
org/apache/spark/status/api/v1/OutputMetrics.bytesWritten-api.scala-241-241=109
org/apache/spark/rdd/DoubleRDDFunctions.sum-DoubleRDDFunctions.scala-34-34=1
org/apache/spark/mllib/clustering/EuclideanDistanceMeasure$$anonfun$findClosest$2.apply-DistanceMeasure.scala-166-166=100
org/apache/spark/status/api/v1/TaskMetrics.resultSize-api.scala-225-225=89
org/apache/spark/rdd/ZippedPartitionsRDD2.rdd1-ZippedPartitionsRDD.scala-82-82=6
org/apache/spark/mllib/util/MLUtils$.fastSquaredDistance$default$5-MLUtils.scala-505-505=100
org/apache/spark/rdd/ZippedPartitionsPartition.index-ZippedPartitionsRDD.scala-33-33=16
org/apache/spark/rdd/RDD.mapPartitionsWithIndex-RDD.scala-871-871=1
org/apache/spark/rdd/DoubleRDDFunctions$$anonfun$sum$1.apply$mcD$sp-DoubleRDDFunctions.scala-35-35=1
org/apache/spark/status/api/v1/ShuffleReadMetrics.localBlocksFetched-api.scala-246-246=89
org/apache/spark/rdd/RDDOperationScope$$anonfun$2.apply-RDDOperationScope.scala-105-105=24
org/apache/spark/rdd/RDD.id-RDD.scala-150-150=101
org/apache/spark/rdd/RDD.scope-RDD.scala-1743-1743=20
org/apache/spark/util/JsonProtocol$$anonfun$rddInfoToJson$5.apply-JsonProtocol.scala-440-440=58
org/apache/spark/status/api/v1/ShuffleWriteMetrics.writeTime-api.scala-255-255=89
org/apache/spark/status/api/v1/TaskMetrics.peakExecutionMemory-api.scala-230-230=89
org/apache/spark/rdd/MapPartitionsRDD$.$lessinit$greater$default$4-MapPartitionsRDD.scala-43-43=1
org/apache/spark/rdd/ZippedPartitionsBaseRDD$$anonfun$getPartitions$1.apply-ZippedPartitionsRDD.scala-56-56=4
org/apache/spark/status/api/v1/StageData.stageId-api.scala-165-165=11
org/apache/spark/rdd/RDD.elementClassTag-RDD.scala-1749-1749=12
org/apache/spark/mllib/clustering/VectorWithNorm.vector-KMeans.scala-595-595=200
org/apache/spark/rdd/RDD$$anonfun$partitions$2$$anonfun$apply$3.apply-RDD.scala-274-274=8
org/apache/spark/rdd/RDD.withScope-RDD.scala-385-385=5
org/apache/spark/status/api/v1/ShuffleReadMetrics.recordsRead-api.scala-251-251=109
org/apache/spark/rdd/ZippedPartitionsBaseRDD$$anonfun$getPartitions$3$$anonfun$2.apply-ZippedPartitionsRDD.scala-61-61=8
org/apache/spark/rdd/RDD$$anonfun$org$apache$spark$rdd$RDD$$visit$1$1.apply-RDD.scala-326-326=18
org/apache/spark/rdd/ZippedPartitionsPartition.partitionValues_$eq-ZippedPartitionsRDD.scala-34-34=4
org/apache/spark/rdd/RDD$$anonfun$preferredLocations$2.apply-RDD.scala-297-297=12
org/apache/spark/rdd/MapPartitionsRDD.getOrCompute-MapPartitionsRDD.scala-354-357=9
org/apache/spark/mllib/clustering/KMeans$$anonfun$initKMeansParallel$2.apply-KMeans.scala-403-403=200
org/apache/spark/mllib/linalg/Vectors$.sqdist-Vectors.scala-488-534=1
org/apache/spark/rdd/RDD.org$apache$spark$rdd$RDD$$visit$1-RDD.scala-323-326=20
org/apache/spark/rdd/ZippedPartitionsBaseRDD$$anonfun$getPartitions$3.apply-ZippedPartitionsRDD.scala-61-65=2
org/apache/spark/rdd/RDD.isBarrier-RDD.scala-1931-1931=8
org/apache/spark/rdd/HadoopPartition.index-HadoopRDD.scala-48-48=8
org/apache/spark/rdd/ZippedPartitionsPartition$$anonfun$writeObject$1$$anonfun$apply$mcV$sp$1.apply-ZippedPartitionsRDD.scala-40-40=16
org/apache/spark/rdd/ZippedPartitionsPartition.preferredLocations-ZippedPartitionsRDD.scala-30-30=4
org/apache/spark/rdd/ZippedPartitionsBaseRDD.getPreferredLocations-ZippedPartitionsRDD.scala-70-70=4
org/apache/spark/rdd/RDD$$anonfun$fold$1$$anonfun$22.apply-RDD.scala-1141-1141=4
org/apache/spark/rdd/MapPartitionsRDD.computeOrReadCheckpoint-MapPartitionsRDD.scala-343-343=14
org/apache/spark/mllib/util/MLUtils$.org$apache$spark$internal$Logging$$log__$eq-MLUtils.scala-42-42=1
org/apache/spark/rdd/MapPartitionsRDD.id-MapPartitionsRDD.scala-150-150=10
org/apache/spark/rdd/RDD.iterator-RDD.scala-307-307=22
org/apache/spark/rdd/ZippedPartitionsPartition.partitions-ZippedPartitionsRDD.scala-35-35=6
org/apache/spark/mllib/clustering/VectorWithNorm.norm-KMeans.scala-595-595=400
org/apache/spark/util/JsonProtocol$$anonfun$rddInfoToJson$7.apply-JsonProtocol.scala-444-444=58
org/apache/spark/rdd/RDDOperationScope$$anonfun$getAllScopes$2.apply-RDDOperationScope.scala-61-61=9
org/apache/spark/rdd/RDDOperationScope$.$lessinit$greater$default$2-RDDOperationScope.scala-48-48=5
org/apache/spark/rdd/RDDOperationScope.getAllScopes-RDDOperationScope.scala-61-61=9
org/apache/spark/mllib/clustering/EuclideanDistanceMeasure$$anonfun$findClosest$2.apply-DistanceMeasure.scala-169-178=100
org/apache/spark/rdd/RDD.fold-RDD.scala-1137-1137=1
org/apache/spark/util/JsonProtocol$$anonfun$rddInfoToJson$2.apply-JsonProtocol.scala-437-437=58
org/apache/spark/rdd/MapPartitionsRDD.getPartitions-MapPartitionsRDD.scala-49-49=1
org/apache/spark/status/api/v1/ShuffleReadMetrics.remoteBytesRead-api.scala-248-248=109
org/apache/spark/rdd/InputFileBlockHolder$.unset-InputFileBlockHolder.scala-86-86=2
org/apache/spark/rdd/RDD$$anonfun$fold$1$$anonfun$23.apply-RDD.scala-1142-1142=4
org/apache/spark/status/api/v1/TaskMetrics.executorRunTime-api.scala-223-223=100
org/apache/spark/status/api/v1/TaskMetrics.inputMetrics-api.scala-231-231=218
org/apache/spark/util/JsonProtocol$$anonfun$rddInfoToJson$6.apply-JsonProtocol.scala-443-443=58
org/apache/spark/mllib/clustering/DistanceMeasure.pointCost-DistanceMeasure.scala-53-53=100
org/apache/spark/rdd/RDD.org$apache$spark$rdd$RDD$$partitions__$eq-RDD.scala-242-242=2
org/apache/spark/rdd/RDD$$anonfun$zip$1$$anonfun$apply$26$$anon$2.next-RDD.scala-910-910=300
org/apache/spark/status/api/v1/TaskMetrics.executorDeserializeCpuTime-api.scala-222-222=89
org/apache/spark/rdd/RDD.dependencies-RDD.scala-252-252=77
org/apache/spark/mllib/util/MLUtils$.EPSILON-MLUtils.scala-44-44=200
org/apache/spark/rdd/DoubleRDDFunctions$$anonfun$sum$1$$anonfun$apply$mcD$sp$1.apply-DoubleRDDFunctions.scala-35-35=200
org/apache/spark/status/api/v1/ShuffleReadMetrics.fetchWaitTime-api.scala-247-247=89
org/apache/spark/rdd/RDD.logName-RDD.scala-77-77=1
org/apache/spark/rdd/MapPartitionsRDD.isBarrier_-MapPartitionsRDD.scala-60-60=7
org/apache/spark/rdd/RDD.zipPartitions-RDD.scala-930-930=1
org/apache/spark/rdd/RDD$$anonfun$map$1$$anonfun$apply$5.apply-RDD.scala-394-394=16
org/apache/spark/status/api/v1/TaskMetrics.shuffleReadMetrics-api.scala-233-233=683
org/apache/spark/status/api/v1/RDDPartitionInfo.memoryUsed-api.scala-159-159=1
org/apache/spark/rdd/RDD$$anonfun$fold$1.apply-RDD.scala-1139-1144=1
org/apache/spark/status/api/v1/ShuffleReadMetrics.remoteBlocksFetched-api.scala-245-245=89
org/apache/spark/status/api/v1/ShuffleWriteMetrics.recordsWritten-api.scala-256-256=109
org/apache/spark/mllib/clustering/KMeans$$anonfun$4.apply-KMeans.scala-248-248=400
org/apache/spark/status/api/v1/TaskMetrics.diskBytesSpilled-api.scala-229-229=109
org/apache/spark/rdd/ZippedPartitionsRDD2.rdds-ZippedPartitionsRDD.scala-47-47=6
org/apache/spark/rdd/RDD$$anonfun$partitions$2.apply-RDD.scala-269-269=60
org/apache/spark/rdd/RDD$$anonfun$zip$1$$anonfun$apply$26$$anon$2.hasNext-RDD.scala-911-914=306
org/apache/spark/rdd/RDDOperationScope.id-RDDOperationScope.scala-49-49=46
org/apache/spark/rdd/RDD$$anonfun$4.apply-RDD.scala-323-323=46
org/apache/spark/util/JsonProtocol$$anonfun$rddInfoToJson$4$$anonfun$apply$19.apply-JsonProtocol.scala-439-439=58
org/apache/spark/mllib/util/MLUtils$.fastSquaredDistance-MLUtils.scala-506-538=100
org/apache/spark/rdd/RDDOperationScope$.org$apache$spark$rdd$RDDOperationScope$$jsonMapper-RDDOperationScope.scala-82-82=45
org/apache/spark/rdd/RDDOperationScope$.withScope-RDDOperationScope.scala-102-112=5
org/apache/spark/util/JsonProtocol$$anonfun$rddInfoToJson$9.apply-JsonProtocol.scala-446-446=58
org/apache/spark/util/JsonProtocol$$anonfun$rddInfoToJson$4.apply-JsonProtocol.scala-439-439=58
org/apache/spark/status/api/v1/ShuffleReadMetrics.localBytesRead-api.scala-250-250=109
org/apache/spark/rdd/MapPartitionsRDD.compute-MapPartitionsRDD.scala-52-52=8
org/apache/spark/rdd/RDDOperationScope$$anonfun$5.apply-RDDOperationScope.scala-137-137=12
org/apache/spark/rdd/RDD$$anonfun$doCheckpoint$1.apply$mcV$sp-RDD.scala-1801-1801=5
org/apache/spark/rdd/RDD$$anonfun$getNarrowAncestors$1.apply-RDD.scala-335-335=36
org/apache/spark/rdd/RDD.logInfo-RDD.scala-77-77=1
org/apache/spark/rdd/RDD.org$apache$spark$rdd$RDD$$doCheckpointCalled_$eq-RDD.scala-1792-1792=3
org/apache/spark/rdd/MapPartitionsRDD.firstParent-MapPartitionsRDD.scala-1763-1763=8
org/apache/spark/rdd/RDDOperationScope.parent-RDDOperationScope.scala-48-48=45
org/apache/spark/rdd/RDD$$anon$1.next-RDD.scala-367-368=400
org/apache/spark/rdd/RDD.initializeLogIfNecessary-RDD.scala-77-77=2
org/apache/spark/status/api/v1/JobData.jobId-api.scala-110-110=12
org/apache/spark/rdd/MapPartitionsRDD.checkpointData-MapPartitionsRDD.scala-1751-1751=22
org/apache/spark/status/api/v1/TaskMetrics.jvmGcTime-api.scala-226-226=89
org/apache/spark/rdd/RDD.mapPartitionsWithIndex$default$2-RDD.scala-871-871=1
org/apache/spark/rdd/MapPartitionsRDD.iterator-MapPartitionsRDD.scala-307-307=21
org/apache/spark/rdd/RDD$$anonfun$zip$1.apply-RDD.scala-909-909=1
org/apache/spark/rdd/RDD.getDependencies-RDD.scala-132-132=2
org/apache/spark/rdd/RDDOperationScope$.$lessinit$greater$default$3-RDDOperationScope.scala-49-49=8
