org/apache/spark/status/api/v1/OutputMetrics.bytesWritten-api.scala-241-241=16
org/apache/spark/rdd/RDD.doCheckpoint-RDD.scala-1800-1800=3
org/apache/spark/status/api/v1/TaskMetrics.resultSize-api.scala-225-225=12
org/apache/spark/mllib/linalg/DenseVector$.unapply-Vectors.scala-734-734=20
org/apache/spark/mllib/util/MLUtils$.fastSquaredDistance$default$5-MLUtils.scala-505-505=1
org/apache/spark/rdd/PairRDDFunctions$$anonfun$collectAsMap$1.apply-PairRDDFunctions.scala-742-742=1
org/apache/spark/rdd/RDD.org$apache$spark$rdd$RDD$$partitions_-RDD.scala-242-242=44
org/apache/spark/rdd/ShuffledRDD.isBarrier-ShuffledRDD.scala-114-114=2
org/apache/spark/status/api/v1/ShuffleReadMetrics.localBlocksFetched-api.scala-246-246=11
org/apache/spark/rdd/RDD.org$apache$spark$rdd$RDD$$sc-RDD.scala-89-100=26
org/apache/spark/rdd/RDDOperationScope$$anonfun$2.apply-RDDOperationScope.scala-105-105=36
org/apache/spark/rdd/RDD$.rddToPairRDDFunctions-RDD.scala-2016-2016=1
org/apache/spark/rdd/RDD.id-RDD.scala-150-150=36
org/apache/spark/rdd/RDD.scope-RDD.scala-1743-1743=6
org/apache/spark/status/api/v1/InputMetrics.recordsRead-api.scala-238-238=16
org/apache/spark/util/JsonProtocol$$anonfun$rddInfoToJson$5.apply-JsonProtocol.scala-440-440=4
org/apache/spark/status/api/v1/ShuffleWriteMetrics.writeTime-api.scala-255-255=12
org/apache/spark/status/api/v1/TaskMetrics.peakExecutionMemory-api.scala-230-230=10
org/apache/spark/rdd/MapPartitionsRDD$.$lessinit$greater$default$4-MapPartitionsRDD.scala-43-43=2
org/apache/spark/status/api/v1/TaskMetrics.shuffleWriteMetrics-api.scala-234-234=49
org/apache/spark/status/api/v1/StageData.attemptId-api.scala-166-166=3
org/apache/spark/rdd/RDD$.CHECKPOINT_ALL_MARKED_ANCESTORS-RDD.scala-2006-2006=2
org/apache/spark/status/api/v1/StageData.stageId-api.scala-165-165=3
org/apache/spark/status/api/v1/ShuffleReadMetrics.remoteBytesReadToDisk-api.scala-249-249=11
org/apache/spark/rdd/RDD.getNarrowAncestors-RDD.scala-320-335=2
org/apache/spark/rdd/RDD.elementClassTag-RDD.scala-1749-1749=2
org/apache/spark/mllib/clustering/VectorWithNorm.vector-KMeans.scala-595-595=12
org/apache/spark/rdd/RDD$$anonfun$partitions$2$$anonfun$apply$3.apply-RDD.scala-274-274=8
org/apache/spark/status/api/v1/TaskMetrics.memoryBytesSpilled-api.scala-228-228=17
org/apache/spark/rdd/RDD.withScope-RDD.scala-385-385=4
org/apache/spark/mllib/clustering/KMeansModel.clusterCenters-KMeansModel.scala-39-39=1
org/apache/spark/rdd/RDD$$anonfun$mapPartitions$1.apply-RDD.scala-819-819=1
org/apache/spark/mllib/linalg/DenseVector.size-Vectors.scala-620-620=23
org/apache/spark/rdd/RDD.org$apache$spark$rdd$RDD$$doCheckpointCalled-RDD.scala-1792-1792=3
org/apache/spark/status/api/v1/ShuffleReadMetrics.recordsRead-api.scala-251-251=17
org/apache/spark/status/api/v1/OutputMetrics.recordsWritten-api.scala-242-242=17
org/apache/spark/mllib/clustering/KMeans.log-KMeans.scala-42-42=3
org/apache/spark/mllib/pmml/PMMLExportable$class.$init$-PMMLExportable.scala-37-37=1
org/apache/spark/rdd/RDD$$anonfun$org$apache$spark$rdd$RDD$$visit$1$1.apply-RDD.scala-326-326=4
org/apache/spark/rdd/RDD.creationSite-RDD.scala-1734-1734=6
org/apache/spark/mllib/clustering/KMeans$$anonfun$9.apply-KMeans.scala-326-326=20
org/apache/spark/rdd/RDD.log-RDD.scala-77-77=1
org/apache/spark/rdd/RDD$$anonfun$map$1.apply-RDD.scala-392-392=1
org/apache/spark/rdd/RDD$$anonfun$6.apply-RDD.scala-325-325=8
org/apache/spark/rdd/RDD$$anonfun$preferredLocations$2.apply-RDD.scala-297-297=4
org/apache/spark/rdd/RDD.unpersist$default$1-RDD.scala-215-215=1
org/apache/spark/rdd/RDD.org$apache$spark$rdd$RDD$$dependencies_-RDD.scala-241-241=63
org/apache/spark/rdd/MapPartitionsRDD$.$lessinit$greater$default$3-MapPartitionsRDD.scala-42-42=1
org/apache/spark/status/api/v1/TaskMetrics.executorCpuTime-api.scala-224-224=15
org/apache/spark/mllib/clustering/KMeans$.train-KMeans.scala-524-528=1
org/apache/spark/mllib/clustering/KMeans.org$apache$spark$mllib$clustering$KMeans$$epsilon-KMeans.scala-47-47=1
org/apache/spark/rdd/RDDOperationScope.toJson-RDDOperationScope.scala-52-52=7
org/apache/spark/rdd/RDD.org$apache$spark$rdd$RDD$$visit$1-RDD.scala-323-326=6
org/apache/spark/rdd/HadoopPartition.index-HadoopRDD.scala-48-48=4
org/apache/spark/rdd/RDD.isBarrier-RDD.scala-1931-1931=5
org/apache/spark/status/api/v1/InputMetrics.bytesRead-api.scala-237-237=17
org/apache/spark/rdd/RDD.getPreferredLocations-RDD.scala-137-137=4
org/apache/spark/status/api/v1/ExecutorSummary.hostPort-api.scala-78-78=166
org/apache/spark/rdd/RDD$$anonfun$collect$1.org$apache$spark$rdd$RDD$$anonfun$$$outer-RDD.scala-989-989=1
org/apache/spark/mllib/clustering/DistanceMeasure$.EUCLIDEAN-DistanceMeasure.scala-135-135=1
org/apache/spark/rdd/PairRDDFunctions.org$apache$spark$internal$Logging$$log__$eq-PairRDDFunctions.scala-49-49=1
org/apache/spark/rdd/RDD$$anonfun$doCheckpoint$1.apply-RDD.scala-1801-1801=3
org/apache/spark/rdd/MapPartitionsRDD.computeOrReadCheckpoint-MapPartitionsRDD.scala-343-343=1
org/apache/spark/rdd/MapPartitionsRDD$$anonfun$isBarrier_$1.apply-MapPartitionsRDD.scala-60-60=4
org/apache/spark/rdd/RDD.iterator-RDD.scala-307-307=1
org/apache/spark/status/api/v1/ShuffleWriteMetrics.bytesWritten-api.scala-254-254=19
org/apache/spark/mllib/clustering/VectorWithNorm.norm-KMeans.scala-595-595=2
org/apache/spark/mllib/clustering/EuclideanDistanceMeasure.isCenterConverged-DistanceMeasure.scala-190-190=1
org/apache/spark/rdd/RDD.context-RDD.scala-1772-1772=4
org/apache/spark/util/JsonProtocol$$anonfun$rddInfoToJson$7.apply-JsonProtocol.scala-444-444=4
org/apache/spark/rdd/RDDOperationScope$.$lessinit$greater$default$2-RDDOperationScope.scala-48-48=3
org/apache/spark/rdd/RDD.firstParent-RDD.scala-1763-1763=2
org/apache/spark/rdd/RDDOperationScope$.withScope-RDDOperationScope.scala-134-155=7
org/apache/spark/util/JsonProtocol$$anonfun$rddInfoToJson$2.apply-JsonProtocol.scala-437-437=4
org/apache/spark/rdd/RDD.org$apache$spark$rdd$RDD$$stateLock-RDD.scala-237-237=4
org/apache/spark/rdd/MapPartitionsRDD.getPartitions-MapPartitionsRDD.scala-49-49=2
org/apache/spark/status/api/v1/ShuffleReadMetrics.remoteBytesRead-api.scala-248-248=18
org/apache/spark/mllib/clustering/KMeans$$anonfun$8.apply-KMeans.scala-317-317=8
org/apache/spark/rdd/InputFileBlockHolder$.unset-InputFileBlockHolder.scala-86-86=2
org/apache/spark/rdd/HadoopRDD$.addLocalConfiguration-HadoopRDD.scala-401-408=1
org/apache/spark/rdd/RDDOperationScope.name-RDDOperationScope.scala-47-47=7
org/apache/spark/status/api/v1/TaskMetrics.executorRunTime-api.scala-223-223=15
org/apache/spark/status/api/v1/TaskMetrics.inputMetrics-api.scala-231-231=33
org/apache/spark/rdd/RDD$$anonfun$5.apply-RDD.scala-324-324=8
org/apache/spark/rdd/RDD.name-RDD.scala-153-153=6
org/apache/spark/util/JsonProtocol$$anonfun$rddInfoToJson$6.apply-JsonProtocol.scala-443-443=4
org/apache/spark/rdd/PairRDDFunctions.valueClass-PairRDDFunctions.scala-1113-1113=1
org/apache/spark/rdd/ShuffledRDDPartition.index-ShuffledRDD.scala-27-27=6
org/apache/spark/mllib/linalg/Vectors$.norm-Vectors.scala-435-440=20
org/apache/spark/rdd/PairRDDFunctions.saveAsHadoopFile$default$6-PairRDDFunctions.scala-1032-1032=1
org/apache/spark/rdd/RDD$$anonfun$dependencies$2.apply-RDD.scala-252-252=30
org/apache/spark/rdd/RDD.computeOrReadCheckpoint-RDD.scala-343-343=1
org/apache/spark/rdd/RDD.unpersist-RDD.scala-216-219=1
org/apache/spark/mllib/linalg/BLAS$.dot-BLAS.scala-106-119=1
org/apache/spark/rdd/RDD.org$apache$spark$internal$Logging$$log_-RDD.scala-77-77=2
org/apache/spark/status/api/v1/RDDPartitionInfo.executors-api.scala-161-161=2
org/apache/spark/status/api/v1/TaskMetrics.outputMetrics-api.scala-232-232=32
org/apache/spark/rdd/RDD.map-RDD.scala-392-392=1
org/apache/spark/rdd/RDD.conf-RDD.scala-107-107=2
org/apache/spark/rdd/RDD.org$apache$spark$rdd$RDD$$partitions__$eq-RDD.scala-242-242=2
org/apache/spark/rdd/RDD$$anonfun$37.apply-RDD.scala-1744-1744=4
org/apache/spark/rdd/PairRDDFunctions$$anonfun$collectAsMap$1$$anonfun$apply$36.apply-PairRDDFunctions.scala-746-746=20
org/apache/spark/util/JsonProtocol$$anonfun$rddInfoToJson$8.apply-JsonProtocol.scala-445-445=4
org/apache/spark/status/api/v1/TaskMetrics.executorDeserializeCpuTime-api.scala-222-222=11
org/apache/spark/rdd/RDDOperationScope$.withScope$default$2-RDDOperationScope.scala-101-101=6
org/apache/spark/rdd/RDD.preferredLocations-RDD.scala-296-296=4
org/apache/spark/rdd/RDD.dependencies-RDD.scala-252-252=31
org/apache/spark/mllib/util/MLUtils$.EPSILON-MLUtils.scala-44-44=2
org/apache/spark/rdd/RDDOperationScope$$anonfun$3.apply-RDDOperationScope.scala-106-106=12
org/apache/spark/rdd/PairRDDFunctions.keyClass-PairRDDFunctions.scala-1111-1111=1
org/apache/spark/status/api/v1/ShuffleReadMetrics.fetchWaitTime-api.scala-247-247=11
org/apache/spark/rdd/RDD.logName-RDD.scala-77-77=1
org/apache/spark/rdd/RDD$$anonfun$collect$1.apply-RDD.scala-990-991=1
org/apache/spark/rdd/MapPartitionsRDD.isBarrier_-MapPartitionsRDD.scala-60-60=5
org/apache/spark/mllib/clustering/KMeans.logInfo-KMeans.scala-42-42=3
org/apache/spark/mllib/clustering/KMeans.run-KMeans.scala-240-259=1
org/apache/spark/rdd/PairRDDFunctions.collectAsMap-PairRDDFunctions.scala-742-742=1
org/apache/spark/rdd/PairRDDFunctions.saveAsHadoopFile$default$5-PairRDDFunctions.scala-1031-1031=1
org/apache/spark/rdd/RDD.mapPartitions$default$2-RDD.scala-819-819=1
org/apache/spark/rdd/RDD.org$apache$spark$rdd$RDD$$dependencies__$eq-RDD.scala-241-241=2
org/apache/spark/mllib/linalg/DenseVector.values-Vectors.scala-617-617=92
org/apache/spark/mllib/clustering/EuclideanDistanceMeasure$.fastSquaredDistance-DistanceMeasure.scala-232-232=1
org/apache/spark/status/api/v1/TaskMetrics.shuffleReadMetrics-api.scala-233-233=95
org/apache/spark/mllib/clustering/DistanceMeasure.centroid-DistanceMeasure.scala-99-100=10
org/apache/spark/status/api/v1/ShuffleReadMetrics.remoteBlocksFetched-api.scala-245-245=11
org/apache/spark/mllib/clustering/KMeans$$anonfun$runAlgorithm$9.apply-KMeans.scala-357-357=20
org/apache/spark/status/api/v1/ShuffleWriteMetrics.recordsWritten-api.scala-256-256=18
org/apache/spark/util/JsonProtocol$$anonfun$rddInfoToJson$1.apply-JsonProtocol.scala-437-437=5
org/apache/spark/status/api/v1/TaskMetrics.diskBytesSpilled-api.scala-229-229=18
org/apache/spark/mllib/clustering/KMeans.org$apache$spark$internal$Logging$$log_-KMeans.scala-42-42=6
org/apache/spark/mllib/linalg/BLAS$.f2jBLAS-BLAS.scala-35-38=17
org/apache/spark/rdd/RDD.mapPartitions-RDD.scala-819-819=1
org/apache/spark/mllib/linalg/BLAS$.axpy-BLAS.scala-45-58=6
org/apache/spark/mllib/clustering/KMeans$$anonfun$runAlgorithm$4.apply-KMeans.scala-334-334=20
org/apache/spark/status/api/v1/TaskMetrics.resultSerializationTime-api.scala-227-227=12
org/apache/spark/rdd/RDD$$anonfun$partitions$2.apply-RDD.scala-269-269=20
org/apache/spark/rdd/RDD.getStorageLevel-RDD.scala-223-223=10
org/apache/spark/rdd/RDDOperationScope.id-RDDOperationScope.scala-49-49=7
org/apache/spark/rdd/RDD$$anonfun$doCheckpoint$1$$anonfun$apply$mcV$sp$2.apply-RDD.scala-1813-1813=4
org/apache/spark/rdd/RDDOperationScope$$anonfun$1.apply-RDDOperationScope.scala-104-104=24
org/apache/spark/rdd/RDD$$anonfun$4.apply-RDD.scala-323-323=10
org/apache/spark/util/JsonProtocol$$anonfun$rddInfoToJson$4$$anonfun$apply$19.apply-JsonProtocol.scala-439-439=4
org/apache/spark/rdd/InputFileBlockHolder$$anon$1.initialValue-InputFileBlockHolder.scala-53-53=1
org/apache/spark/mllib/util/MLUtils$.fastSquaredDistance-MLUtils.scala-506-538=1
org/apache/spark/rdd/RDD.sparkContext-RDD.scala-147-147=1
org/apache/spark/rdd/RDDOperationScope$.org$apache$spark$rdd$RDDOperationScope$$jsonMapper-RDDOperationScope.scala-82-82=16
org/apache/spark/rdd/RDDOperationScope$.withScope-RDDOperationScope.scala-102-112=4
org/apache/spark/util/JsonProtocol$$anonfun$rddInfoToJson$9.apply-JsonProtocol.scala-446-446=4
org/apache/spark/util/JsonProtocol$$anonfun$rddInfoToJson$3.apply-JsonProtocol.scala-439-439=4
org/apache/spark/rdd/RDDOperationScope$.nextScopeId-RDDOperationScope.scala-90-90=5
org/apache/spark/mllib/clustering/KMeans.org$apache$spark$mllib$clustering$KMeans$$maxIterations-KMeans.scala-44-44=2
org/apache/spark/rdd/RDD.checkpointData-RDD.scala-1751-1751=55
org/apache/spark/util/JsonProtocol$$anonfun$rddInfoToJson$4.apply-JsonProtocol.scala-439-439=4
org/apache/spark/status/api/v1/ShuffleReadMetrics.localBytesRead-api.scala-250-250=18
org/apache/spark/rdd/RDD.collect-RDD.scala-989-989=1
org/apache/spark/rdd/RDDOperationScope$$anonfun$5.apply-RDDOperationScope.scala-137-137=14
org/apache/spark/rdd/RDD$$anonfun$doCheckpoint$1.apply$mcV$sp-RDD.scala-1801-1801=3
org/apache/spark/mllib/clustering/KMeans.run-KMeans.scala-233-233=1
org/apache/spark/status/api/v1/TaskMetrics.executorDeserializeTime-api.scala-221-221=13
org/apache/spark/rdd/MapPartitionsRDD.org$apache$spark$rdd$RDD$$dependencies_-MapPartitionsRDD.scala-241-241=1
org/apache/spark/mllib/linalg/DenseVector.toString-Vectors.scala-622-622=10
org/apache/spark/rdd/RDD.org$apache$spark$internal$Logging$$log__$eq-RDD.scala-77-77=3
org/apache/spark/rdd/RDD$$anonfun$getNarrowAncestors$1.apply-RDD.scala-335-335=8
org/apache/spark/rdd/MapPartitionsRDD.dependencies-MapPartitionsRDD.scala-252-252=2
org/apache/spark/rdd/RDD.logInfo-RDD.scala-77-77=1
org/apache/spark/rdd/RDD.org$apache$spark$rdd$RDD$$doCheckpointCalled_$eq-RDD.scala-1792-1792=2
org/apache/spark/rdd/RDDOperationScope$.fromJson-RDDOperationScope.scala-86-86=9
org/apache/spark/rdd/RDDOperationScope.parent-RDDOperationScope.scala-48-48=7
org/apache/spark/rdd/RDD.partitions-RDD.scala-269-269=20
org/apache/spark/mllib/clustering/KMeansModel$$anonfun$1.apply-KMeansModel.scala-49-49=20
org/apache/spark/rdd/RDD.initializeLogIfNecessary-RDD.scala-77-77=2
org/apache/spark/status/api/v1/JobData.jobId-api.scala-110-110=5
org/apache/spark/status/api/v1/ExecutorSummary.id-api.scala-77-77=166
org/apache/spark/rdd/MapPartitionsRDD.checkpointData-MapPartitionsRDD.scala-1751-1751=3
org/apache/spark/mllib/linalg/BLAS$.scal-BLAS.scala-221-227=10
org/apache/spark/mllib/clustering/DistanceMeasure$.decodeFromString-DistanceMeasure.scala-140-143=1
org/apache/spark/status/api/v1/TaskMetrics.jvmGcTime-api.scala-226-226=12
org/apache/spark/rdd/MapPartitionsRDD.iterator-MapPartitionsRDD.scala-307-307=1
org/apache/spark/status/api/v1/RDDStorageInfo.id-api.scala-132-132=112
org/apache/spark/rdd/RDD$$anonfun$org$apache$spark$rdd$RDD$$visit$1$1.apply-RDD.scala-327-328=4
org/apache/spark/rdd/RDD$$anonfun$collect$1$$anonfun$15.apply-RDD.scala-990-990=2
org/apache/spark/rdd/MapPartitionsRDD$.$lessinit$greater$default$5-MapPartitionsRDD.scala-44-44=2
org/apache/spark/rdd/RDD.getDependencies-RDD.scala-132-132=2
org/apache/spark/rdd/ShuffledRDD.compute-ShuffledRDD.scala-103-105=1
org/apache/spark/rdd/RDDOperationScope$.$lessinit$greater$default$3-RDDOperationScope.scala-49-49=5
