org/apache/spark/status/api/v1/OutputMetrics.bytesWritten-api.scala-241-241=36
org/apache/spark/rdd/RDD.doCheckpoint-RDD.scala-1800-1800=3
org/apache/spark/mllib/clustering/EuclideanDistanceMeasure$$anonfun$findClosest$2.apply-DistanceMeasure.scala-166-166=989
org/apache/spark/status/api/v1/TaskMetrics.resultSize-api.scala-225-225=25
org/apache/spark/mllib/linalg/DenseVector$.unapply-Vectors.scala-734-734=102
org/apache/spark/mllib/util/MLUtils$.fastSquaredDistance$default$5-MLUtils.scala-505-505=986
org/apache/spark/rdd/RDD.org$apache$spark$rdd$RDD$$partitions_-RDD.scala-242-242=40
org/apache/spark/rdd/RDD$$anonfun$saveAsTextFile$1.apply$mcV$sp-RDD.scala-1534-1544=1
org/apache/spark/status/api/v1/ShuffleReadMetrics.localBlocksFetched-api.scala-246-246=28
org/apache/spark/rdd/PairRDDFunctions$$anonfun$saveAsHadoopDataset$1.apply-PairRDDFunctions.scala-1094-1094=1
org/apache/spark/rdd/RDD$.doubleRDDToDoubleRDDFunctions-RDD.scala-2040-2040=1
org/apache/spark/rdd/RDD.org$apache$spark$rdd$RDD$$sc-RDD.scala-89-100=16
org/apache/spark/rdd/PairRDDFunctions.saveAsHadoopFile-PairRDDFunctions.scala-957-957=1
org/apache/spark/rdd/RDDOperationScope$$anonfun$2.apply-RDDOperationScope.scala-105-105=18
org/apache/spark/rdd/RDD.id-RDD.scala-150-150=34
org/apache/spark/rdd/RDD.scope-RDD.scala-1743-1743=9
org/apache/spark/status/api/v1/InputMetrics.recordsRead-api.scala-238-238=36
org/apache/spark/rdd/PairRDDFunctions$$anonfun$saveAsHadoopDataset$1.apply$mcV$sp-PairRDDFunctions.scala-1095-1096=1
org/apache/spark/util/JsonProtocol$$anonfun$rddInfoToJson$5.apply-JsonProtocol.scala-440-440=30
org/apache/spark/status/api/v1/ShuffleWriteMetrics.writeTime-api.scala-255-255=24
org/apache/spark/status/api/v1/TaskMetrics.peakExecutionMemory-api.scala-230-230=25
org/apache/spark/rdd/MapPartitionsRDD$.$lessinit$greater$default$4-MapPartitionsRDD.scala-43-43=1
org/apache/spark/rdd/PairRDDFunctions$$anonfun$saveAsHadoopFile$1.apply$mcV$sp-PairRDDFunctions.scala-958-958=1
org/apache/spark/status/api/v1/TaskMetrics.shuffleWriteMetrics-api.scala-234-234=90
org/apache/spark/status/api/v1/StageData.attemptId-api.scala-166-166=5
org/apache/spark/rdd/RDD$.CHECKPOINT_ALL_MARKED_ANCESTORS-RDD.scala-2006-2006=1
org/apache/spark/status/api/v1/StageData.stageId-api.scala-165-165=5
org/apache/spark/status/api/v1/ShuffleReadMetrics.remoteBytesReadToDisk-api.scala-249-249=28
org/apache/spark/rdd/RDD.getNarrowAncestors-RDD.scala-320-335=2
org/apache/spark/rdd/RDD.elementClassTag-RDD.scala-1749-1749=3
org/apache/spark/mllib/clustering/VectorWithNorm.vector-KMeans.scala-595-595=1977
org/apache/spark/rdd/RDD$$anonfun$partitions$2$$anonfun$apply$3.apply-RDD.scala-274-274=4
org/apache/spark/status/api/v1/TaskMetrics.memoryBytesSpilled-api.scala-228-228=38
org/apache/spark/rdd/RDD.isCheckpointedAndMaterialized-RDD.scala-1677-1677=4
org/apache/spark/rdd/RDD.withScope-RDD.scala-385-385=5
org/apache/spark/mllib/linalg/DenseVector.size-Vectors.scala-620-620=4955
org/apache/spark/rdd/RDD.org$apache$spark$rdd$RDD$$doCheckpointCalled-RDD.scala-1792-1792=3
org/apache/spark/status/api/v1/ShuffleReadMetrics.recordsRead-api.scala-251-251=31
org/apache/spark/rdd/RDD$$anonfun$org$apache$spark$rdd$RDD$$visit$1$1.apply-RDD.scala-326-326=7
org/apache/spark/status/api/v1/OutputMetrics.recordsWritten-api.scala-242-242=38
org/apache/spark/rdd/RDD.creationSite-RDD.scala-1734-1734=9
org/apache/spark/rdd/DoubleRDDFunctions.org$apache$spark$internal$Logging$$log__$eq-DoubleRDDFunctions.scala-32-32=1
org/apache/spark/rdd/RDD$$anonfun$6.apply-RDD.scala-325-325=14
org/apache/spark/rdd/RDD$$anonfun$map$1.apply-RDD.scala-392-392=1
org/apache/spark/rdd/RDD$$anonfun$preferredLocations$2.apply-RDD.scala-297-297=2
org/apache/spark/rdd/RDD.org$apache$spark$rdd$RDD$$dependencies_-RDD.scala-241-241=67
org/apache/spark/rdd/MapPartitionsRDD.getOrCompute-MapPartitionsRDD.scala-354-357=2
org/apache/spark/rdd/RDD$$anonfun$saveAsTextFile$1$$anonfun$33.apply-RDD.scala-1536-1536=2
org/apache/spark/mllib/clustering/KMeansModel.org$apache$spark$mllib$clustering$KMeansModel$$distanceMeasureInstance-KMeansModel.scala-45-45=95
org/apache/spark/rdd/MapPartitionsRDD$.$lessinit$greater$default$3-MapPartitionsRDD.scala-42-42=1
org/apache/spark/status/api/v1/TaskMetrics.executorCpuTime-api.scala-224-224=31
org/apache/spark/mllib/linalg/Vectors$.sqdist-Vectors.scala-488-534=1
org/apache/spark/rdd/RDDOperationScope.toJson-RDDOperationScope.scala-52-52=20
org/apache/spark/rdd/RDD.org$apache$spark$rdd$RDD$$visit$1-RDD.scala-323-326=9
org/apache/spark/rdd/RDD.isBarrier-RDD.scala-1931-1931=6
org/apache/spark/rdd/HadoopPartition.index-HadoopRDD.scala-48-48=10
org/apache/spark/status/api/v1/InputMetrics.bytesRead-api.scala-237-237=39
org/apache/spark/rdd/RDD.getPreferredLocations-RDD.scala-137-137=2
org/apache/spark/status/api/v1/ExecutorSummary.hostPort-api.scala-78-78=23
org/apache/spark/rdd/RDD$$anonfun$doCheckpoint$1.apply-RDD.scala-1801-1801=3
org/apache/spark/rdd/MapPartitionsRDD.computeOrReadCheckpoint-MapPartitionsRDD.scala-343-343=4
org/apache/spark/mllib/clustering/EuclideanDistanceMeasure.findClosest-DistanceMeasure.scala-163-180=100
org/apache/spark/rdd/MapPartitionsRDD$$anonfun$isBarrier_$1.apply-MapPartitionsRDD.scala-60-60=2
org/apache/spark/rdd/RDD.getOrCompute-RDD.scala-354-357=2
org/apache/spark/rdd/MapPartitionsRDD.id-MapPartitionsRDD.scala-150-150=2
org/apache/spark/rdd/RDD.iterator-RDD.scala-307-307=6
org/apache/spark/status/api/v1/ShuffleWriteMetrics.bytesWritten-api.scala-254-254=32
org/apache/spark/rdd/MapPartitionsRDD.elementClassTag-MapPartitionsRDD.scala-1749-1749=2
org/apache/spark/mllib/clustering/VectorWithNorm.norm-KMeans.scala-595-595=3952
org/apache/spark/rdd/RDD.context-RDD.scala-1772-1772=2
org/apache/spark/rdd/PairRDDFunctions$$anonfun$saveAsHadoopFile$4.apply-PairRDDFunctions.scala-1032-1032=1
org/apache/spark/util/JsonProtocol$$anonfun$rddInfoToJson$7.apply-JsonProtocol.scala-444-444=30
org/apache/spark/rdd/RDDOperationScope$$anonfun$getAllScopes$2.apply-RDDOperationScope.scala-61-61=5
org/apache/spark/rdd/RDDOperationScope$.$lessinit$greater$default$2-RDDOperationScope.scala-48-48=3
org/apache/spark/rdd/RDD.firstParent-RDD.scala-1763-1763=5
org/apache/spark/rdd/RDDOperationScope$.withScope-RDDOperationScope.scala-134-155=8
org/apache/spark/rdd/RDDOperationScope.getAllScopes-RDDOperationScope.scala-61-61=5
org/apache/spark/mllib/clustering/EuclideanDistanceMeasure$$anonfun$findClosest$2.apply-DistanceMeasure.scala-169-178=989
org/apache/spark/rdd/RDD$$anonfun$saveAsTextFile$1$$anonfun$33$$anonfun$apply$52.apply-RDD.scala-1538-1538=96
org/apache/spark/util/JsonProtocol$$anonfun$rddInfoToJson$2.apply-JsonProtocol.scala-437-437=30
org/apache/spark/rdd/RDD.org$apache$spark$rdd$RDD$$stateLock-RDD.scala-237-237=2
org/apache/spark/rdd/MapPartitionsRDD.getPartitions-MapPartitionsRDD.scala-49-49=1
org/apache/spark/status/api/v1/ShuffleReadMetrics.remoteBytesRead-api.scala-248-248=38
org/apache/spark/rdd/InputFileBlockHolder$.unset-InputFileBlockHolder.scala-86-86=2
org/apache/spark/rdd/HadoopRDD$.addLocalConfiguration-HadoopRDD.scala-401-408=2
org/apache/spark/rdd/RDDOperationScope.name-RDDOperationScope.scala-47-47=25
org/apache/spark/status/api/v1/TaskMetrics.executorRunTime-api.scala-223-223=31
org/apache/spark/status/api/v1/TaskMetrics.inputMetrics-api.scala-231-231=74
org/apache/spark/rdd/RDD$$anonfun$5.apply-RDD.scala-324-324=14
org/apache/spark/rdd/RDD$$anonfun$saveAsTextFile$1.apply-RDD.scala-1523-1523=1
org/apache/spark/rdd/RDD.name-RDD.scala-153-153=9
org/apache/spark/util/JsonProtocol$$anonfun$rddInfoToJson$6.apply-JsonProtocol.scala-443-443=30
org/apache/spark/mllib/linalg/Vectors$.norm-Vectors.scala-435-440=98
org/apache/spark/rdd/PairRDDFunctions$$anonfun$saveAsHadoopFile$1.apply-PairRDDFunctions.scala-958-958=1
org/apache/spark/rdd/RDD$$anonfun$dependencies$2.apply-RDD.scala-252-252=33
org/apache/spark/rdd/RDD.computeOrReadCheckpoint-RDD.scala-343-343=4
org/apache/spark/mllib/linalg/BLAS$.dot-BLAS.scala-106-119=987
org/apache/spark/status/api/v1/TaskMetrics.outputMetrics-api.scala-232-232=70
org/apache/spark/rdd/RDD.map-RDD.scala-392-392=1
org/apache/spark/rdd/RDD.org$apache$spark$rdd$RDD$$partitions__$eq-RDD.scala-242-242=1
org/apache/spark/rdd/RDD$$anonfun$37.apply-RDD.scala-1744-1744=2
org/apache/spark/util/JsonProtocol$$anonfun$rddInfoToJson$8.apply-JsonProtocol.scala-445-445=30
org/apache/spark/status/api/v1/TaskMetrics.executorDeserializeCpuTime-api.scala-222-222=22
org/apache/spark/rdd/RDDOperationScope$.withScope$default$2-RDDOperationScope.scala-101-101=3
org/apache/spark/rdd/RDD.preferredLocations-RDD.scala-296-296=2
org/apache/spark/rdd/RDD.dependencies-RDD.scala-252-252=33
org/apache/spark/mllib/util/MLUtils$.EPSILON-MLUtils.scala-44-44=1981
org/apache/spark/rdd/RDDOperationScope$$anonfun$3.apply-RDDOperationScope.scala-106-106=6
org/apache/spark/rdd/PairRDDFunctions$$anonfun$saveAsHadoopFile$4.apply$mcV$sp-PairRDDFunctions.scala-1034-1067=1
org/apache/spark/status/api/v1/ShuffleReadMetrics.fetchWaitTime-api.scala-247-247=29
org/apache/spark/rdd/MapPartitionsRDD.isBarrier_-MapPartitionsRDD.scala-60-60=6
org/apache/spark/rdd/RDD$$anonfun$mapPartitions$1$$anonfun$apply$23.apply-RDD.scala-823-823=4
org/apache/spark/rdd/RDD$$anonfun$map$1$$anonfun$apply$5.apply-RDD.scala-394-394=4
org/apache/spark/rdd/RDD.org$apache$spark$rdd$RDD$$dependencies__$eq-RDD.scala-241-241=1
org/apache/spark/mllib/linalg/DenseVector.values-Vectors.scala-617-617=7118
org/apache/spark/mllib/clustering/EuclideanDistanceMeasure$.fastSquaredDistance-DistanceMeasure.scala-232-232=988
org/apache/spark/status/api/v1/TaskMetrics.shuffleReadMetrics-api.scala-233-233=218
org/apache/spark/mllib/clustering/KMeansModel.org$apache$spark$mllib$clustering$KMeansModel$$clusterCentersWithNorm-KMeansModel.scala-48-48=97
org/apache/spark/status/api/v1/ShuffleReadMetrics.remoteBlocksFetched-api.scala-245-245=28
org/apache/spark/status/api/v1/ShuffleWriteMetrics.recordsWritten-api.scala-256-256=35
org/apache/spark/mllib/clustering/KMeansModel.predict-KMeansModel.scala-76-76=99
org/apache/spark/util/JsonProtocol$$anonfun$rddInfoToJson$1.apply-JsonProtocol.scala-437-437=30
org/apache/spark/status/api/v1/TaskMetrics.diskBytesSpilled-api.scala-229-229=37
org/apache/spark/mllib/linalg/BLAS$.f2jBLAS-BLAS.scala-35-38=988
org/apache/spark/status/api/v1/TaskMetrics.resultSerializationTime-api.scala-227-227=35
org/apache/spark/rdd/RDD$$anonfun$saveAsTextFile$1$$anonfun$33.apply-RDD.scala-1537-1538=2
org/apache/spark/rdd/RDD$$anonfun$partitions$2.apply-RDD.scala-269-269=19
org/apache/spark/rdd/RDD.getStorageLevel-RDD.scala-223-223=11
org/apache/spark/rdd/MapPartitionsRDD.isCheckpointedAndMaterialized-MapPartitionsRDD.scala-1677-1677=4
org/apache/spark/rdd/RDDOperationScope.id-RDDOperationScope.scala-49-49=25
org/apache/spark/rdd/RDD$$anonfun$doCheckpoint$1$$anonfun$apply$mcV$sp$2.apply-RDD.scala-1813-1813=4
org/apache/spark/rdd/RDDOperationScope$$anonfun$1.apply-RDDOperationScope.scala-104-104=12
org/apache/spark/rdd/RDD$$anonfun$4.apply-RDD.scala-323-323=14
org/apache/spark/util/JsonProtocol$$anonfun$rddInfoToJson$4$$anonfun$apply$19.apply-JsonProtocol.scala-439-439=30
org/apache/spark/rdd/InputFileBlockHolder$$anon$1.initialValue-InputFileBlockHolder.scala-53-53=1
org/apache/spark/mllib/util/MLUtils$.fastSquaredDistance-MLUtils.scala-506-538=992
org/apache/spark/rdd/RDD.sparkContext-RDD.scala-147-147=1
org/apache/spark/rdd/RDDOperationScope$.org$apache$spark$rdd$RDDOperationScope$$jsonMapper-RDDOperationScope.scala-82-82=25
org/apache/spark/rdd/InputFileBlockHolder$.initialize-InputFileBlockHolder.scala-92-92=1
org/apache/spark/rdd/RDDOperationScope$.withScope-RDDOperationScope.scala-102-112=5
org/apache/spark/util/JsonProtocol$$anonfun$rddInfoToJson$9.apply-JsonProtocol.scala-446-446=30
org/apache/spark/util/JsonProtocol$$anonfun$rddInfoToJson$3.apply-JsonProtocol.scala-439-439=30
org/apache/spark/rdd/RDDOperationScope$.nextScopeId-RDDOperationScope.scala-90-90=5
org/apache/spark/rdd/PairRDDFunctions.saveAsHadoopFile-PairRDDFunctions.scala-1032-1032=1
org/apache/spark/rdd/RDD.checkpointData-RDD.scala-1751-1751=60
org/apache/spark/util/JsonProtocol$$anonfun$rddInfoToJson$4.apply-JsonProtocol.scala-439-439=30
org/apache/spark/status/api/v1/ShuffleReadMetrics.localBytesRead-api.scala-250-250=29
org/apache/spark/rdd/MapPartitionsRDD.compute-MapPartitionsRDD.scala-52-52=4
org/apache/spark/rdd/RDDOperationScope$$anonfun$5.apply-RDDOperationScope.scala-137-137=8
org/apache/spark/rdd/RDD$$anonfun$doCheckpoint$1.apply$mcV$sp-RDD.scala-1801-1801=3
org/apache/spark/status/api/v1/TaskMetrics.executorDeserializeTime-api.scala-221-221=29
org/apache/spark/rdd/MapPartitionsRDD.org$apache$spark$rdd$RDD$$dependencies_-MapPartitionsRDD.scala-241-241=8
org/apache/spark/mllib/linalg/DenseVector.toString-Vectors.scala-622-622=97
org/apache/spark/rdd/RDD$$anonfun$getNarrowAncestors$1.apply-RDD.scala-335-335=14
org/apache/spark/rdd/RDD.org$apache$spark$internal$Logging$$log__$eq-RDD.scala-77-77=1
org/apache/spark/rdd/PairRDDFunctions.saveAsHadoopDataset-PairRDDFunctions.scala-1094-1094=1
org/apache/spark/rdd/MapPartitionsRDD.dependencies-MapPartitionsRDD.scala-252-252=4
org/apache/spark/rdd/RDD.org$apache$spark$rdd$RDD$$doCheckpointCalled_$eq-RDD.scala-1792-1792=2
org/apache/spark/rdd/RDDOperationScope$.fromJson-RDDOperationScope.scala-86-86=5
org/apache/spark/rdd/MapPartitionsRDD.firstParent-MapPartitionsRDD.scala-1763-1763=4
org/apache/spark/rdd/RDDOperationScope.parent-RDDOperationScope.scala-48-48=25
org/apache/spark/rdd/RDD.partitions-RDD.scala-269-269=19
org/apache/spark/rdd/RDD$$anon$1.next-RDD.scala-367-368=96
org/apache/spark/status/api/v1/JobData.jobId-api.scala-110-110=6
org/apache/spark/status/api/v1/ExecutorSummary.id-api.scala-77-77=23
org/apache/spark/rdd/MapPartitionsRDD.checkpointData-MapPartitionsRDD.scala-1751-1751=8
org/apache/spark/status/api/v1/TaskMetrics.jvmGcTime-api.scala-226-226=33
org/apache/spark/status/api/v1/RDDStorageInfo.id-api.scala-132-132=10
org/apache/spark/rdd/MapPartitionsRDD.iterator-MapPartitionsRDD.scala-307-307=6
org/apache/spark/rdd/RDD$$anonfun$org$apache$spark$rdd$RDD$$visit$1$1.apply-RDD.scala-327-328=7
org/apache/spark/rdd/MapPartitionsRDD$.$lessinit$greater$default$5-MapPartitionsRDD.scala-44-44=1
org/apache/spark/rdd/RDD.getDependencies-RDD.scala-132-132=1
org/apache/spark/rdd/RDDOperationScope$.$lessinit$greater$default$3-RDDOperationScope.scala-49-49=5
org/apache/spark/rdd/RDD.saveAsTextFile-RDD.scala-1523-1523=1
