org/apache/spark/status/api/v1/OutputMetrics.bytesWritten-api.scala-241-241=132
org/apache/spark/mllib/clustering/EuclideanDistanceMeasure$$anonfun$findClosest$2.apply-DistanceMeasure.scala-166-166=990
org/apache/spark/mllib/clustering/KMeans$$anonfun$6$$anonfun$apply$2.apply-KMeans.scala-309-309=99
org/apache/spark/status/api/v1/TaskMetrics.resultSize-api.scala-225-225=100
org/apache/spark/rdd/ZippedPartitionsPartition$$anonfun$writeObject$1.apply-ZippedPartitionsRDD.scala-38-38=2
org/apache/spark/rdd/ZippedPartitionsRDD2.rdd1-ZippedPartitionsRDD.scala-82-82=2
org/apache/spark/mllib/clustering/KMeans$$anonfun$6$$anonfun$apply$2.apply-KMeans.scala-310-310=98
org/apache/spark/mllib/linalg/DenseVector$.unapply-Vectors.scala-734-734=4
org/apache/spark/mllib/util/MLUtils$.fastSquaredDistance$default$5-MLUtils.scala-505-505=986
org/apache/spark/rdd/RDD.org$apache$spark$rdd$RDD$$partitions_-RDD.scala-242-242=36
org/apache/spark/rdd/ZippedPartitionsPartition.index-ZippedPartitionsRDD.scala-33-33=6
org/apache/spark/status/api/v1/ShuffleReadMetrics.localBlocksFetched-api.scala-246-246=105
org/apache/spark/rdd/RDD.id-RDD.scala-150-150=25
org/apache/spark/rdd/RDD.scope-RDD.scala-1743-1743=7
org/apache/spark/status/api/v1/InputMetrics.recordsRead-api.scala-238-238=131
org/apache/spark/rdd/ZippedPartitionsRDD2.f-ZippedPartitionsRDD.scala-81-81=2
org/apache/spark/util/JsonProtocol$$anonfun$rddInfoToJson$5.apply-JsonProtocol.scala-440-440=14
org/apache/spark/status/api/v1/ShuffleWriteMetrics.writeTime-api.scala-255-255=105
org/apache/spark/status/api/v1/TaskMetrics.peakExecutionMemory-api.scala-230-230=105
org/apache/spark/status/api/v1/TaskMetrics.shuffleWriteMetrics-api.scala-234-234=362
org/apache/spark/status/api/v1/StageData.attemptId-api.scala-166-166=16
org/apache/spark/rdd/ZippedPartitionsPartition$$anonfun$writeObject$1.apply$mcV$sp-ZippedPartitionsRDD.scala-40-41=2
org/apache/spark/status/api/v1/StageData.stageId-api.scala-165-165=17
org/apache/spark/mllib/clustering/KMeans$$anonfun$6$$anonfun$1.apply$mcJ$sp-KMeans.scala-307-307=20
org/apache/spark/status/api/v1/ShuffleReadMetrics.remoteBytesReadToDisk-api.scala-249-249=106
org/apache/spark/rdd/RDD.getNarrowAncestors-RDD.scala-320-335=1
org/apache/spark/rdd/RDD.elementClassTag-RDD.scala-1749-1749=4
org/apache/spark/mllib/clustering/VectorWithNorm.vector-KMeans.scala-595-595=2068
org/apache/spark/status/api/v1/TaskMetrics.memoryBytesSpilled-api.scala-228-228=125
org/apache/spark/rdd/RDD.isCheckpointedAndMaterialized-RDD.scala-1677-1677=6
org/apache/spark/rdd/ZippedPartitionsRDD2.compute-ZippedPartitionsRDD.scala-88-89=2
org/apache/spark/mllib/linalg/DenseVector.size-Vectors.scala-620-620=5222
org/apache/spark/status/api/v1/ShuffleReadMetrics.recordsRead-api.scala-251-251=128
org/apache/spark/rdd/ZippedPartitionsPartition.org$apache$spark$rdd$ZippedPartitionsPartition$$rdds-ZippedPartitionsRDD.scala-29-29=2
org/apache/spark/rdd/RDD$$anonfun$org$apache$spark$rdd$RDD$$visit$1$1.apply-RDD.scala-326-326=6
org/apache/spark/status/api/v1/OutputMetrics.recordsWritten-api.scala-242-242=129
org/apache/spark/rdd/RDD.creationSite-RDD.scala-1734-1734=7
org/apache/spark/mllib/linalg/Vector$class.$init$-Vectors.scala-47-47=20
org/apache/spark/mllib/clustering/KMeans$$anonfun$6$$anonfun$apply$1.apply$mcZI$sp-KMeans.scala-316-316=20
org/apache/spark/rdd/ZippedPartitionsPartition.partitionValues_$eq-ZippedPartitionsRDD.scala-34-34=2
org/apache/spark/rdd/RDD$$anonfun$6.apply-RDD.scala-325-325=14
org/apache/spark/rdd/RDD$$anonfun$preferredLocations$2.apply-RDD.scala-297-297=2
org/apache/spark/rdd/RDD.org$apache$spark$rdd$RDD$$dependencies_-RDD.scala-241-241=42
org/apache/spark/rdd/MapPartitionsRDD.getOrCompute-MapPartitionsRDD.scala-354-357=4
org/apache/spark/status/api/v1/TaskMetrics.executorCpuTime-api.scala-224-224=123
org/apache/spark/mllib/linalg/Vectors$.sqdist-Vectors.scala-488-534=2
org/apache/spark/rdd/RDDOperationScope.toJson-RDDOperationScope.scala-52-52=7
org/apache/spark/rdd/RDD.org$apache$spark$rdd$RDD$$visit$1-RDD.scala-323-326=7
org/apache/spark/mllib/clustering/KMeans$$anonfun$6$$anonfun$apply$1.apply-KMeans.scala-316-316=40
org/apache/spark/rdd/RDD.isBarrier-RDD.scala-1931-1931=2
org/apache/spark/rdd/HadoopPartition.index-HadoopRDD.scala-48-48=4
org/apache/spark/status/api/v1/InputMetrics.bytesRead-api.scala-237-237=126
org/apache/spark/rdd/ZippedPartitionsPartition$$anonfun$writeObject$1$$anonfun$apply$mcV$sp$1.apply-ZippedPartitionsRDD.scala-40-40=8
org/apache/spark/status/api/v1/ExecutorSummary.hostPort-api.scala-78-78=17
org/apache/spark/rdd/MapPartitionsRDD.computeOrReadCheckpoint-MapPartitionsRDD.scala-343-343=6
org/apache/spark/mllib/clustering/EuclideanDistanceMeasure.findClosest-DistanceMeasure.scala-163-180=98
org/apache/spark/rdd/RDD.getOrCompute-RDD.scala-354-357=4
org/apache/spark/rdd/MapPartitionsRDD.id-MapPartitionsRDD.scala-150-150=4
org/apache/spark/rdd/RDD.iterator-RDD.scala-307-307=10
org/apache/spark/rdd/ZippedPartitionsPartition.partitions-ZippedPartitionsRDD.scala-35-35=2
org/apache/spark/status/api/v1/ShuffleWriteMetrics.bytesWritten-api.scala-254-254=129
org/apache/spark/rdd/RDD$$anonfun$zip$1$$anonfun$apply$26.apply-RDD.scala-909-909=2
org/apache/spark/mllib/linalg/Vectors$.zeros-Vectors.scala-362-362=20
org/apache/spark/mllib/clustering/KMeans$$anonfun$6.apply-KMeans.scala-303-316=2
org/apache/spark/rdd/MapPartitionsRDD.elementClassTag-MapPartitionsRDD.scala-1749-1749=4
org/apache/spark/mllib/clustering/VectorWithNorm.norm-KMeans.scala-595-595=3952
org/apache/spark/util/JsonProtocol$$anonfun$rddInfoToJson$7.apply-JsonProtocol.scala-444-444=14
org/apache/spark/rdd/RDD.firstParent-RDD.scala-1763-1763=4
org/apache/spark/mllib/clustering/EuclideanDistanceMeasure$$anonfun$findClosest$2.apply-DistanceMeasure.scala-169-178=990
org/apache/spark/util/JsonProtocol$$anonfun$rddInfoToJson$2.apply-JsonProtocol.scala-437-437=14
org/apache/spark/status/api/v1/ShuffleReadMetrics.remoteBytesRead-api.scala-248-248=128
org/apache/spark/mllib/clustering/KMeans$$anonfun$6$$anonfun$1.apply-KMeans.scala-307-307=20
org/apache/spark/rdd/InputFileBlockHolder$.unset-InputFileBlockHolder.scala-86-86=1
org/apache/spark/rdd/RDDOperationScope.name-RDDOperationScope.scala-47-47=7
org/apache/spark/status/api/v1/TaskMetrics.executorRunTime-api.scala-223-223=124
org/apache/spark/status/api/v1/TaskMetrics.inputMetrics-api.scala-231-231=253
org/apache/spark/rdd/RDD$$anonfun$5.apply-RDD.scala-324-324=14
org/apache/spark/rdd/RDD.name-RDD.scala-153-153=7
org/apache/spark/util/JsonProtocol$$anonfun$rddInfoToJson$6.apply-JsonProtocol.scala-443-443=14
org/apache/spark/rdd/ShuffledRDDPartition.index-ShuffledRDD.scala-27-27=2
org/apache/spark/mllib/clustering/DistanceMeasure.updateClusterSum-DistanceMeasure.scala-88-88=98
org/apache/spark/rdd/RDD$$anonfun$dependencies$2.apply-RDD.scala-252-252=21
org/apache/spark/rdd/ZippedPartitionsRDD2.rdd2-ZippedPartitionsRDD.scala-83-83=2
org/apache/spark/rdd/RDD.computeOrReadCheckpoint-RDD.scala-343-343=6
org/apache/spark/mllib/linalg/BLAS$.dot-BLAS.scala-106-119=979
org/apache/spark/status/api/v1/TaskMetrics.outputMetrics-api.scala-232-232=264
org/apache/spark/util/JsonProtocol$$anonfun$rddInfoToJson$8.apply-JsonProtocol.scala-445-445=14
org/apache/spark/rdd/RDD$$anonfun$zip$1$$anonfun$apply$26$$anon$2.next-RDD.scala-910-910=98
org/apache/spark/rdd/ZippedPartitionsPartition$$anonfun$writeObject$1.org$apache$spark$rdd$ZippedPartitionsPartition$$anonfun$$$outer-ZippedPartitionsRDD.scala-38-38=4
org/apache/spark/status/api/v1/TaskMetrics.executorDeserializeCpuTime-api.scala-222-222=103
org/apache/spark/rdd/RDD.preferredLocations-RDD.scala-296-296=2
org/apache/spark/rdd/RDD.dependencies-RDD.scala-252-252=21
org/apache/spark/mllib/util/MLUtils$.EPSILON-MLUtils.scala-44-44=1973
org/apache/spark/status/api/v1/ShuffleReadMetrics.fetchWaitTime-api.scala-247-247=103
org/apache/spark/rdd/MapPartitionsRDD.isBarrier_-MapPartitionsRDD.scala-60-60=2
org/apache/spark/rdd/RDD$$anonfun$mapPartitions$1$$anonfun$apply$23.apply-RDD.scala-823-823=4
org/apache/spark/rdd/RDD$$anonfun$map$1$$anonfun$apply$5.apply-RDD.scala-394-394=4
org/apache/spark/mllib/linalg/DenseVector.values-Vectors.scala-617-617=7391
org/apache/spark/rdd/ShuffledRDD.getPreferredLocations-ShuffledRDD.scala-97-99=2
org/apache/spark/mllib/clustering/EuclideanDistanceMeasure$.fastSquaredDistance-DistanceMeasure.scala-232-232=987
org/apache/spark/status/api/v1/TaskMetrics.shuffleReadMetrics-api.scala-233-233=807
org/apache/spark/status/api/v1/ShuffleReadMetrics.remoteBlocksFetched-api.scala-245-245=106
org/apache/spark/status/api/v1/ShuffleWriteMetrics.recordsWritten-api.scala-256-256=128
org/apache/spark/mllib/clustering/KMeans$$anonfun$4.apply-KMeans.scala-248-248=196
org/apache/spark/util/JsonProtocol$$anonfun$rddInfoToJson$1.apply-JsonProtocol.scala-437-437=15
org/apache/spark/status/api/v1/TaskMetrics.diskBytesSpilled-api.scala-229-229=127
org/apache/spark/mllib/clustering/KMeans$$anonfun$6$$anonfun$apply$3.apply-KMeans.scala-316-316=38
org/apache/spark/mllib/clustering/KMeans$$anonfun$6.apply-KMeans.scala-302-302=2
org/apache/spark/mllib/linalg/BLAS$.f2jBLAS-BLAS.scala-35-38=1083
org/apache/spark/mllib/linalg/BLAS$.axpy-BLAS.scala-45-58=99
org/apache/spark/status/api/v1/TaskMetrics.resultSerializationTime-api.scala-227-227=103
org/apache/spark/rdd/RDD$$anonfun$partitions$2.apply-RDD.scala-269-269=18
org/apache/spark/rdd/RDD.getStorageLevel-RDD.scala-223-223=8
org/apache/spark/rdd/RDD$$anonfun$zip$1$$anonfun$apply$26.apply-RDD.scala-910-910=2
org/apache/spark/rdd/MapPartitionsRDD.isCheckpointedAndMaterialized-MapPartitionsRDD.scala-1677-1677=6
org/apache/spark/rdd/RDD$$anonfun$zip$1$$anonfun$apply$26$$anon$2.hasNext-RDD.scala-911-914=100
org/apache/spark/rdd/RDDOperationScope.id-RDDOperationScope.scala-49-49=7
org/apache/spark/rdd/RDD$$anonfun$4.apply-RDD.scala-323-323=14
org/apache/spark/util/JsonProtocol$$anonfun$rddInfoToJson$4$$anonfun$apply$19.apply-JsonProtocol.scala-439-439=14
org/apache/spark/mllib/util/MLUtils$.fastSquaredDistance-MLUtils.scala-506-538=985
org/apache/spark/rdd/RDD.sparkContext-RDD.scala-147-147=1
org/apache/spark/rdd/RDDOperationScope$.org$apache$spark$rdd$RDDOperationScope$$jsonMapper-RDDOperationScope.scala-82-82=7
org/apache/spark/rdd/InputFileBlockHolder$.initialize-InputFileBlockHolder.scala-92-92=1
org/apache/spark/util/JsonProtocol$$anonfun$rddInfoToJson$9.apply-JsonProtocol.scala-446-446=14
org/apache/spark/util/JsonProtocol$$anonfun$rddInfoToJson$3.apply-JsonProtocol.scala-439-439=14
org/apache/spark/rdd/RDD.checkpointData-RDD.scala-1751-1751=47
org/apache/spark/util/JsonProtocol$$anonfun$rddInfoToJson$4.apply-JsonProtocol.scala-439-439=14
org/apache/spark/status/api/v1/ShuffleReadMetrics.localBytesRead-api.scala-250-250=127
org/apache/spark/rdd/MapPartitionsRDD.compute-MapPartitionsRDD.scala-52-52=4
org/apache/spark/status/api/v1/TaskMetrics.executorDeserializeTime-api.scala-221-221=116
org/apache/spark/rdd/MapPartitionsRDD.org$apache$spark$rdd$RDD$$dependencies_-MapPartitionsRDD.scala-241-241=8
org/apache/spark/mllib/clustering/KMeans$$anonfun$6$$anonfun$7.apply-KMeans.scala-306-306=20
org/apache/spark/rdd/ZippedPartitionsPartition.partitionValues-ZippedPartitionsRDD.scala-34-34=2
org/apache/spark/rdd/RDD$$anonfun$getNarrowAncestors$1.apply-RDD.scala-335-335=12
org/apache/spark/rdd/MapPartitionsRDD.dependencies-MapPartitionsRDD.scala-252-252=4
org/apache/spark/rdd/MapPartitionsRDD.firstParent-MapPartitionsRDD.scala-1763-1763=4
org/apache/spark/rdd/PairRDDFunctions$$anonfun$reduceByKey$1$$anonfun$apply$10.apply-PairRDDFunctions.scala-307-307=14
org/apache/spark/rdd/RDDOperationScope.parent-RDDOperationScope.scala-48-48=7
org/apache/spark/rdd/RDD.partitions-RDD.scala-269-269=18
org/apache/spark/rdd/RDD$$anon$1.next-RDD.scala-367-368=196
org/apache/spark/status/api/v1/JobData.jobId-api.scala-110-110=9
org/apache/spark/status/api/v1/ExecutorSummary.id-api.scala-77-77=17
org/apache/spark/rdd/MapPartitionsRDD.checkpointData-MapPartitionsRDD.scala-1751-1751=10
org/apache/spark/status/api/v1/TaskMetrics.jvmGcTime-api.scala-226-226=103
org/apache/spark/status/api/v1/RDDStorageInfo.id-api.scala-132-132=16
org/apache/spark/rdd/MapPartitionsRDD.iterator-MapPartitionsRDD.scala-307-307=10
org/apache/spark/rdd/RDD$$anonfun$org$apache$spark$rdd$RDD$$visit$1$1.apply-RDD.scala-327-328=6
org/apache/spark/rdd/RDD$$anonfun$zip$1$$anonfun$apply$26$$anon$2.map-RDD.scala-910-910=2
