org/apache/spark/rdd/RDD.org$apache$spark$rdd$RDD$$partitions_-RDD.scala-242-242=205
org/apache/spark/rdd/RDD.id-RDD.scala-150-150=201
org/apache/spark/status/api/v1/InputMetrics.recordsRead-api.scala-238-238=684
org/apache/spark/rdd/RDD$$anonfun$preferredLocations$2.apply-RDD.scala-297-297=76
org/apache/spark/rdd/RDD.isBarrier-RDD.scala-1931-1931=25
org/apache/spark/status/api/v1/InputMetrics.bytesRead-api.scala-237-237=682
org/apache/spark/rdd/RDD.getPreferredLocations-RDD.scala-137-137=40
org/apache/spark/rdd/MapPartitionsRDD.computeOrReadCheckpoint-MapPartitionsRDD.scala-343-343=41
org/apache/spark/rdd/RDD$$anonfun$5.apply-RDD.scala-324-324=46
org/apache/spark/rdd/RDD.preferredLocations-RDD.scala-296-296=76
org/apache/spark/rdd/MapPartitionsRDD.isBarrier_-MapPartitionsRDD.scala-60-60=21
org/apache/spark/rdd/RDD$$anonfun$partitions$2.apply-RDD.scala-269-269=103
org/apache/spark/rdd/RDD$$anonfun$4.apply-RDD.scala-323-323=56
org/apache/spark/util/JsonProtocol$$anonfun$rddInfoToJson$3.apply-JsonProtocol.scala-439-439=66
org/apache/spark/rdd/RDD.checkpointData-RDD.scala-1751-1751=430
org/apache/spark/util/JsonProtocol$$anonfun$rddInfoToJson$4.apply-JsonProtocol.scala-439-439=74
org/apache/spark/rdd/MapPartitionsRDD.org$apache$spark$rdd$RDD$$dependencies_-MapPartitionsRDD.scala-241-241=77
org/apache/spark/rdd/MapPartitionsRDD.dependencies-MapPartitionsRDD.scala-252-252=45
org/apache/spark/rdd/RDD.partitions-RDD.scala-269-269=101
org/apache/spark/rdd/MapPartitionsRDD.checkpointData-MapPartitionsRDD.scala-1751-1751=78
org/apache/spark/rdd/MapPartitionsRDD.iterator-MapPartitionsRDD.scala-307-307=37
org/apache/spark/rdd/RDD$$anonfun$org$apache$spark$rdd$RDD$$visit$1$1.apply-RDD.scala-327-328=23
