org/apache/spark/status/api/v1/OutputMetrics.bytesWritten-api.scala-241-241=86
org/apache/spark/status/api/v1/TaskMetrics.resultSize-api.scala-225-225=67
org/apache/spark/rdd/PairRDDFunctions$$anonfun$mapValues$1$$anonfun$apply$37$$anonfun$apply$38.apply-PairRDDFunctions.scala-757-757=10
org/apache/spark/rdd/RDD.org$apache$spark$rdd$RDD$$partitions_-RDD.scala-242-242=56
org/apache/spark/status/api/v1/ShuffleReadMetrics.localBlocksFetched-api.scala-246-246=72
org/apache/spark/rdd/RDD.id-RDD.scala-150-150=62
org/apache/spark/rdd/RDD.scope-RDD.scala-1743-1743=3
org/apache/spark/status/api/v1/InputMetrics.recordsRead-api.scala-238-238=86
org/apache/spark/util/JsonProtocol$$anonfun$rddInfoToJson$5.apply-JsonProtocol.scala-440-440=12
org/apache/spark/status/api/v1/ShuffleWriteMetrics.writeTime-api.scala-255-255=66
org/apache/spark/status/api/v1/TaskMetrics.peakExecutionMemory-api.scala-230-230=68
org/apache/spark/status/api/v1/TaskMetrics.shuffleWriteMetrics-api.scala-234-234=235
org/apache/spark/rdd/PairRDDFunctions$$anonfun$mapValues$1$$anonfun$apply$37.apply-PairRDDFunctions.scala-757-757=12
org/apache/spark/status/api/v1/StageData.attemptId-api.scala-166-166=8
org/apache/spark/status/api/v1/StageData.stageId-api.scala-165-165=8
org/apache/spark/status/api/v1/ShuffleReadMetrics.remoteBytesReadToDisk-api.scala-249-249=67
org/apache/spark/rdd/RDD.getNarrowAncestors-RDD.scala-320-335=1
org/apache/spark/rdd/RDD.elementClassTag-RDD.scala-1749-1749=4
org/apache/spark/status/api/v1/TaskMetrics.memoryBytesSpilled-api.scala-228-228=81
org/apache/spark/rdd/RDD.isCheckpointedAndMaterialized-RDD.scala-1677-1677=15
org/apache/spark/status/api/v1/ShuffleReadMetrics.recordsRead-api.scala-251-251=81
org/apache/spark/rdd/RDD$$anonfun$org$apache$spark$rdd$RDD$$visit$1$1.apply-RDD.scala-326-326=2
org/apache/spark/status/api/v1/OutputMetrics.recordsWritten-api.scala-242-242=84
org/apache/spark/rdd/PairRDDFunctions$$anonfun$groupByKey$1$$anonfun$9.apply-PairRDDFunctions.scala-503-503=80
org/apache/spark/rdd/RDD.creationSite-RDD.scala-1734-1734=3
org/apache/spark/rdd/RDD$$anonfun$6.apply-RDD.scala-325-325=4
org/apache/spark/rdd/RDD$$anonfun$preferredLocations$2.apply-RDD.scala-297-297=15
org/apache/spark/rdd/RDD.org$apache$spark$rdd$RDD$$dependencies_-RDD.scala-241-241=83
org/apache/spark/rdd/MapPartitionsRDD.getOrCompute-MapPartitionsRDD.scala-354-357=4
org/apache/spark/status/api/v1/TaskMetrics.executorCpuTime-api.scala-224-224=76
org/apache/spark/rdd/RDDOperationScope.toJson-RDDOperationScope.scala-52-52=6
org/apache/spark/rdd/RDD.org$apache$spark$rdd$RDD$$visit$1-RDD.scala-323-326=3
org/apache/spark/rdd/RDD.isBarrier-RDD.scala-1931-1931=10
org/apache/spark/status/api/v1/InputMetrics.bytesRead-api.scala-237-237=86
org/apache/spark/rdd/RDD.getPreferredLocations-RDD.scala-137-137=10
org/apache/spark/status/api/v1/ExecutorSummary.hostPort-api.scala-78-78=9
org/apache/spark/rdd/MapPartitionsRDD.computeOrReadCheckpoint-MapPartitionsRDD.scala-343-343=14
org/apache/spark/rdd/RDD.getOrCompute-RDD.scala-354-357=5
org/apache/spark/rdd/MapPartitionsRDD.id-MapPartitionsRDD.scala-150-150=7
org/apache/spark/rdd/RDD.iterator-RDD.scala-307-307=13
org/apache/spark/status/api/v1/ShuffleWriteMetrics.bytesWritten-api.scala-254-254=83
org/apache/spark/rdd/MapPartitionsRDD.elementClassTag-MapPartitionsRDD.scala-1749-1749=7
org/apache/spark/rdd/PairRDDFunctions$$anonfun$groupByKey$1.org$apache$spark$rdd$PairRDDFunctions$$anonfun$$$outer-PairRDDFunctions.scala-498-498=13
org/apache/spark/util/JsonProtocol$$anonfun$rddInfoToJson$7.apply-JsonProtocol.scala-444-444=12
org/apache/spark/rdd/RDD.firstParent-RDD.scala-1763-1763=11
org/apache/spark/util/JsonProtocol$$anonfun$rddInfoToJson$2.apply-JsonProtocol.scala-437-437=12
org/apache/spark/status/api/v1/ShuffleReadMetrics.remoteBytesRead-api.scala-248-248=87
org/apache/spark/rdd/InputFileBlockHolder$.unset-InputFileBlockHolder.scala-86-86=1
org/apache/spark/rdd/PairRDDFunctions$$anonfun$groupByKey$1$$anonfun$8.apply-PairRDDFunctions.scala-502-502=14
org/apache/spark/rdd/RDDOperationScope.name-RDDOperationScope.scala-47-47=6
org/apache/spark/status/api/v1/TaskMetrics.inputMetrics-api.scala-231-231=173
org/apache/spark/status/api/v1/TaskMetrics.executorRunTime-api.scala-223-223=77
org/apache/spark/rdd/RDD$$anonfun$5.apply-RDD.scala-324-324=4
org/apache/spark/rdd/RDD.name-RDD.scala-153-153=3
org/apache/spark/util/JsonProtocol$$anonfun$rddInfoToJson$6.apply-JsonProtocol.scala-443-443=12
org/apache/spark/rdd/ShuffledRDDPartition.index-ShuffledRDD.scala-27-27=43
org/apache/spark/rdd/RDD$$anonfun$dependencies$2.apply-RDD.scala-252-252=42
org/apache/spark/rdd/RDD.computeOrReadCheckpoint-RDD.scala-343-343=14
org/apache/spark/status/api/v1/RDDPartitionInfo.executors-api.scala-161-161=6
org/apache/spark/status/api/v1/TaskMetrics.outputMetrics-api.scala-232-232=170
org/apache/spark/status/api/v1/RDDPartitionInfo.diskUsed-api.scala-160-160=6
org/apache/spark/util/JsonProtocol$$anonfun$rddInfoToJson$8.apply-JsonProtocol.scala-445-445=12
org/apache/spark/status/api/v1/TaskMetrics.executorDeserializeCpuTime-api.scala-222-222=71
org/apache/spark/rdd/RDD.preferredLocations-RDD.scala-296-296=15
org/apache/spark/rdd/RDD.dependencies-RDD.scala-252-252=40
org/apache/spark/status/api/v1/ShuffleReadMetrics.fetchWaitTime-api.scala-247-247=71
org/apache/spark/rdd/MapPartitionsRDD.isBarrier_-MapPartitionsRDD.scala-60-60=10
org/apache/spark/rdd/RDD$$anonfun$map$1$$anonfun$apply$5.apply-RDD.scala-394-394=9
org/apache/spark/rdd/ShuffledRDD.getPreferredLocations-ShuffledRDD.scala-97-99=5
org/apache/spark/status/api/v1/TaskMetrics.shuffleReadMetrics-api.scala-233-233=532
org/apache/spark/status/api/v1/RDDPartitionInfo.memoryUsed-api.scala-159-159=6
org/apache/spark/status/api/v1/ShuffleReadMetrics.remoteBlocksFetched-api.scala-245-245=71
org/apache/spark/status/api/v1/ShuffleWriteMetrics.recordsWritten-api.scala-256-256=80
org/apache/spark/util/JsonProtocol$$anonfun$rddInfoToJson$1.apply-JsonProtocol.scala-437-437=12
org/apache/spark/status/api/v1/TaskMetrics.diskBytesSpilled-api.scala-229-229=85
org/apache/spark/status/api/v1/TaskMetrics.resultSerializationTime-api.scala-227-227=66
org/apache/spark/rdd/RDD$$anonfun$partitions$2.apply-RDD.scala-269-269=28
org/apache/spark/rdd/RDD.getStorageLevel-RDD.scala-223-223=6
org/apache/spark/rdd/MapPartitionsRDD.isCheckpointedAndMaterialized-MapPartitionsRDD.scala-1677-1677=17
org/apache/spark/rdd/RDDOperationScope.id-RDDOperationScope.scala-49-49=6
org/apache/spark/rdd/RDD$$anonfun$4.apply-RDD.scala-323-323=6
org/apache/spark/util/JsonProtocol$$anonfun$rddInfoToJson$4$$anonfun$apply$19.apply-JsonProtocol.scala-439-439=12
org/apache/spark/rdd/InputFileBlockHolder$$anon$1.initialValue-InputFileBlockHolder.scala-53-53=4
org/apache/spark/rdd/RDD.sparkContext-RDD.scala-147-147=1
org/apache/spark/rdd/RDDOperationScope$.org$apache$spark$rdd$RDDOperationScope$$jsonMapper-RDDOperationScope.scala-82-82=6
org/apache/spark/rdd/InputFileBlockHolder$.initialize-InputFileBlockHolder.scala-92-92=6
org/apache/spark/util/JsonProtocol$$anonfun$rddInfoToJson$9.apply-JsonProtocol.scala-446-446=12
org/apache/spark/util/JsonProtocol$$anonfun$rddInfoToJson$3.apply-JsonProtocol.scala-439-439=12
org/apache/spark/rdd/RDD.checkpointData-RDD.scala-1751-1751=98
org/apache/spark/util/JsonProtocol$$anonfun$rddInfoToJson$4.apply-JsonProtocol.scala-439-439=12
org/apache/spark/status/api/v1/ShuffleReadMetrics.localBytesRead-api.scala-250-250=84
org/apache/spark/rdd/MapPartitionsRDD.compute-MapPartitionsRDD.scala-52-52=9
org/apache/spark/status/api/v1/TaskMetrics.executorDeserializeTime-api.scala-221-221=80
org/apache/spark/rdd/MapPartitionsRDD.org$apache$spark$rdd$RDD$$dependencies_-MapPartitionsRDD.scala-241-241=34
org/apache/spark/rdd/RDD$$anonfun$getNarrowAncestors$1.apply-RDD.scala-335-335=4
org/apache/spark/rdd/MapPartitionsRDD.dependencies-MapPartitionsRDD.scala-252-252=22
org/apache/spark/rdd/MapPartitionsRDD.firstParent-MapPartitionsRDD.scala-1763-1763=13
org/apache/spark/rdd/RDDOperationScope.parent-RDDOperationScope.scala-48-48=6
org/apache/spark/rdd/RDD.partitions-RDD.scala-269-269=28
org/apache/spark/status/api/v1/JobData.jobId-api.scala-110-110=7
org/apache/spark/status/api/v1/ExecutorSummary.id-api.scala-77-77=10
org/apache/spark/rdd/RDD$$anonfun$7.apply-RDD.scala-357-357=5
org/apache/spark/rdd/MapPartitionsRDD.checkpointData-MapPartitionsRDD.scala-1751-1751=35
org/apache/spark/status/api/v1/TaskMetrics.jvmGcTime-api.scala-226-226=69
org/apache/spark/status/api/v1/RDDStorageInfo.id-api.scala-132-132=13
org/apache/spark/rdd/MapPartitionsRDD.iterator-MapPartitionsRDD.scala-307-307=12
org/apache/spark/rdd/RDD$$anonfun$org$apache$spark$rdd$RDD$$visit$1$1.apply-RDD.scala-327-328=2
org/apache/spark/rdd/ShuffledRDD.compute-ShuffledRDD.scala-103-105=6
