org/apache/spark/status/api/v1/OutputMetrics.bytesWritten-api.scala-241-241=79
org/apache/spark/status/api/v1/TaskMetrics.resultSize-api.scala-225-225=58
org/apache/spark/rdd/MapPartitionsRDD.initializeLogIfNecessary-MapPartitionsRDD.scala-77-77=13
org/apache/spark/rdd/RDD.org$apache$spark$rdd$RDD$$partitions_-RDD.scala-242-242=98
org/apache/spark/status/api/v1/ShuffleReadMetrics.localBlocksFetched-api.scala-246-246=59
org/apache/spark/rdd/HadoopRDD.jobConfCacheKey-HadoopRDD.scala-127-127=5
org/apache/spark/rdd/RDD.id-RDD.scala-150-150=94
org/apache/spark/rdd/RDD.scope-RDD.scala-1743-1743=5
org/apache/spark/status/api/v1/InputMetrics.recordsRead-api.scala-238-238=81
org/apache/spark/util/JsonProtocol$$anonfun$rddInfoToJson$5.apply-JsonProtocol.scala-440-440=20
org/apache/spark/status/api/v1/ShuffleWriteMetrics.writeTime-api.scala-255-255=64
org/apache/spark/status/api/v1/TaskMetrics.peakExecutionMemory-api.scala-230-230=63
org/apache/spark/status/api/v1/TaskMetrics.shuffleWriteMetrics-api.scala-234-234=206
org/apache/spark/status/api/v1/StageData.attemptId-api.scala-166-166=6
org/apache/spark/status/api/v1/StageData.stageId-api.scala-165-165=8
org/apache/spark/status/api/v1/ShuffleReadMetrics.remoteBytesReadToDisk-api.scala-249-249=64
org/apache/spark/rdd/RDD.getNarrowAncestors-RDD.scala-320-335=1
org/apache/spark/rdd/RDD.elementClassTag-RDD.scala-1749-1749=5
org/apache/spark/rdd/RDD.logDebug-RDD.scala-77-77=6
org/apache/spark/rdd/HadoopRDD$$anon$1.org$apache$spark$rdd$HadoopRDD$$anon$$updateBytesRead-HadoopRDD.scala-254-254=16
org/apache/spark/status/api/v1/TaskMetrics.memoryBytesSpilled-api.scala-228-228=77
org/apache/spark/rdd/RDD.isCheckpointedAndMaterialized-RDD.scala-1677-1677=30
org/apache/spark/rdd/HadoopRDD$$anon$1.close-HadoopRDD.scala-314-314=8
org/apache/spark/rdd/HadoopRDD$$anon$1$$anonfun$org$apache$spark$rdd$HadoopRDD$$anon$$updateBytesRead$1.apply-HadoopRDD.scala-254-254=15
org/apache/spark/rdd/HadoopPartition.inputSplit-HadoopRDD.scala-51-51=23
org/apache/spark/status/api/v1/ShuffleReadMetrics.recordsRead-api.scala-251-251=73
org/apache/spark/rdd/RDD$$anonfun$org$apache$spark$rdd$RDD$$visit$1$1.apply-RDD.scala-326-326=4
org/apache/spark/status/api/v1/OutputMetrics.recordsWritten-api.scala-242-242=83
org/apache/spark/rdd/RDD.creationSite-RDD.scala-1734-1734=5
org/apache/spark/rdd/RDD$$anonfun$6.apply-RDD.scala-325-325=8
org/apache/spark/rdd/RDD.log-RDD.scala-77-77=19
org/apache/spark/rdd/RDD$$anonfun$preferredLocations$2.apply-RDD.scala-297-297=30
org/apache/spark/rdd/RDD.org$apache$spark$rdd$RDD$$dependencies_-RDD.scala-241-241=138
org/apache/spark/rdd/MapPartitionsRDD.getOrCompute-MapPartitionsRDD.scala-354-357=9
org/apache/spark/status/api/v1/TaskMetrics.executorCpuTime-api.scala-224-224=66
org/apache/spark/rdd/RDDOperationScope.toJson-RDDOperationScope.scala-52-52=10
org/apache/spark/rdd/RDD.org$apache$spark$rdd$RDD$$visit$1-RDD.scala-323-326=5
org/apache/spark/rdd/RDD.isBarrier-RDD.scala-1931-1931=10
org/apache/spark/rdd/HadoopPartition.index-HadoopRDD.scala-48-48=43
org/apache/spark/api/java/JavaPairRDD$$anonfun$toScalaFunction$1.apply-JavaPairRDD.scala-1040-1040=846
org/apache/spark/status/api/v1/InputMetrics.bytesRead-api.scala-237-237=80
org/apache/spark/mllib/recommendation/Rating.product-ALS.scala-33-33=869
org/apache/spark/rdd/RDD.getPreferredLocations-RDD.scala-137-137=20
org/apache/spark/status/api/v1/ExecutorSummary.hostPort-api.scala-78-78=9
org/apache/spark/rdd/MapPartitionsRDD.computeOrReadCheckpoint-MapPartitionsRDD.scala-343-343=39
org/apache/spark/rdd/RDD.getOrCompute-RDD.scala-354-357=9
org/apache/spark/rdd/HadoopRDD$$anon$1$$anonfun$3.apply-HadoopRDD.scala-284-285=8
org/apache/spark/rdd/MapPartitionsRDD.id-MapPartitionsRDD.scala-150-150=5
org/apache/spark/rdd/RDD.iterator-RDD.scala-307-307=40
org/apache/spark/status/api/v1/ShuffleWriteMetrics.bytesWritten-api.scala-254-254=70
org/apache/spark/rdd/MapPartitionsRDD.elementClassTag-MapPartitionsRDD.scala-1749-1749=6
org/apache/spark/rdd/MapPartitionsRDD.org$apache$spark$internal$Logging$$log_-MapPartitionsRDD.scala-77-77=37
org/apache/spark/util/JsonProtocol$$anonfun$rddInfoToJson$7.apply-JsonProtocol.scala-444-444=20
org/apache/spark/rdd/RDD.firstParent-RDD.scala-1763-1763=25
org/apache/spark/util/JsonProtocol$$anonfun$rddInfoToJson$2.apply-JsonProtocol.scala-437-437=20
org/apache/spark/status/api/v1/ShuffleReadMetrics.remoteBytesRead-api.scala-248-248=80
org/apache/spark/rdd/InputFileBlockHolder$.unset-InputFileBlockHolder.scala-86-86=17
org/apache/spark/rdd/HadoopRDD$.addLocalConfiguration-HadoopRDD.scala-401-408=6
org/apache/spark/rdd/RDDOperationScope.name-RDDOperationScope.scala-47-47=10
org/apache/spark/status/api/v1/TaskMetrics.executorRunTime-api.scala-223-223=67
org/apache/spark/status/api/v1/TaskMetrics.inputMetrics-api.scala-231-231=161
org/apache/spark/rdd/RDD$$anonfun$5.apply-RDD.scala-324-324=8
org/apache/spark/rdd/MapPartitionsRDD.org$apache$spark$internal$Logging$$log__$eq-MapPartitionsRDD.scala-77-77=5
org/apache/spark/rdd/MapPartitionsRDD.logInfo-MapPartitionsRDD.scala-77-77=5
org/apache/spark/rdd/HadoopRDD$$anon$1$$anonfun$org$apache$spark$rdd$HadoopRDD$$anon$$updateBytesRead$1.apply-HadoopRDD.scala-255-255=15
org/apache/spark/rdd/RDD.name-RDD.scala-153-153=5
org/apache/spark/util/JsonProtocol$$anonfun$rddInfoToJson$6.apply-JsonProtocol.scala-443-443=20
org/apache/spark/rdd/ShuffledRDDPartition.index-ShuffledRDD.scala-27-27=10
org/apache/spark/rdd/HadoopRDD$$anonfun$getJobConf$4.apply-HadoopRDD.scala-167-167=6
org/apache/spark/rdd/HadoopRDD$$anon$1.getNext-HadoopRDD.scala-224-224=855
org/apache/spark/rdd/RDD$$anonfun$dependencies$2.apply-RDD.scala-252-252=69
org/apache/spark/rdd/RDD.computeOrReadCheckpoint-RDD.scala-343-343=38
org/apache/spark/rdd/HadoopRDD$$anon$1.org$apache$spark$rdd$HadoopRDD$$anon$$existingBytesRead-HadoopRDD.scala-231-231=16
org/apache/spark/rdd/RDD.org$apache$spark$internal$Logging$$log_-RDD.scala-77-77=41
org/apache/spark/status/api/v1/RDDPartitionInfo.executors-api.scala-161-161=1
org/apache/spark/rdd/HadoopRDD$$anon$1$$anonfun$2.apply-HadoopRDD.scala-227-227=5
org/apache/spark/rdd/HadoopRDD$$anon$1.org$apache$spark$rdd$HadoopRDD$$anon$$inputMetrics-HadoopRDD.scala-230-230=1731
org/apache/spark/status/api/v1/TaskMetrics.outputMetrics-api.scala-232-232=162
org/apache/spark/rdd/MapPartitionsRDD.logDebug-MapPartitionsRDD.scala-77-77=7
org/apache/spark/status/api/v1/RDDPartitionInfo.diskUsed-api.scala-160-160=1
org/apache/spark/util/JsonProtocol$$anonfun$rddInfoToJson$8.apply-JsonProtocol.scala-445-445=20
org/apache/spark/status/api/v1/TaskMetrics.executorDeserializeCpuTime-api.scala-222-222=61
org/apache/spark/rdd/RDD.preferredLocations-RDD.scala-296-296=30
org/apache/spark/rdd/MapPartitionsRDD.logName-MapPartitionsRDD.scala-77-77=7
org/apache/spark/rdd/RDD.dependencies-RDD.scala-252-252=68
org/apache/spark/status/api/v1/ShuffleReadMetrics.fetchWaitTime-api.scala-247-247=70
org/apache/spark/rdd/RDD.logName-RDD.scala-77-77=7
org/apache/spark/rdd/MapPartitionsRDD.isBarrier_-MapPartitionsRDD.scala-60-60=10
org/apache/spark/rdd/RDD$$anonfun$mapPartitions$1$$anonfun$apply$23.apply-RDD.scala-823-823=18
org/apache/spark/rdd/HadoopRDD.getJobConf-HadoopRDD.scala-144-153=6
org/apache/spark/rdd/RDD$$anonfun$map$1$$anonfun$apply$5.apply-RDD.scala-394-394=43
org/apache/spark/rdd/ShuffledRDD.getPreferredLocations-ShuffledRDD.scala-97-99=10
org/apache/spark/status/api/v1/TaskMetrics.shuffleReadMetrics-api.scala-233-233=475
org/apache/spark/status/api/v1/RDDPartitionInfo.memoryUsed-api.scala-159-159=1
org/apache/spark/status/api/v1/ShuffleReadMetrics.remoteBlocksFetched-api.scala-245-245=63
org/apache/spark/status/api/v1/ShuffleWriteMetrics.recordsWritten-api.scala-256-256=76
org/apache/spark/util/JsonProtocol$$anonfun$rddInfoToJson$1.apply-JsonProtocol.scala-437-437=20
org/apache/spark/status/api/v1/TaskMetrics.diskBytesSpilled-api.scala-229-229=76
org/apache/spark/mllib/recommendation/Rating.rating-ALS.scala-34-34=884
org/apache/spark/status/api/v1/TaskMetrics.resultSerializationTime-api.scala-227-227=65
org/apache/spark/rdd/RDD$$anonfun$partitions$2.apply-RDD.scala-269-269=49
org/apache/spark/rdd/RDD.getStorageLevel-RDD.scala-223-223=8
org/apache/spark/rdd/MapPartitionsRDD.isCheckpointedAndMaterialized-MapPartitionsRDD.scala-1677-1677=30
org/apache/spark/rdd/RDDOperationScope.id-RDDOperationScope.scala-49-49=10
org/apache/spark/rdd/RDD$$anonfun$4.apply-RDD.scala-323-323=8
org/apache/spark/util/JsonProtocol$$anonfun$rddInfoToJson$4$$anonfun$apply$19.apply-JsonProtocol.scala-439-439=20
org/apache/spark/rdd/InputFileBlockHolder$$anon$1.initialValue-InputFileBlockHolder.scala-53-53=3
org/apache/spark/rdd/RDD.sparkContext-RDD.scala-147-147=1
org/apache/spark/rdd/RDDOperationScope$.org$apache$spark$rdd$RDDOperationScope$$jsonMapper-RDDOperationScope.scala-82-82=10
org/apache/spark/rdd/InputFileBlockHolder$.initialize-InputFileBlockHolder.scala-92-92=3
org/apache/spark/util/JsonProtocol$$anonfun$rddInfoToJson$9.apply-JsonProtocol.scala-446-446=20
org/apache/spark/util/JsonProtocol$$anonfun$rddInfoToJson$3.apply-JsonProtocol.scala-439-439=20
org/apache/spark/rdd/RDD.checkpointData-RDD.scala-1751-1751=172
org/apache/spark/util/JsonProtocol$$anonfun$rddInfoToJson$4.apply-JsonProtocol.scala-439-439=20
org/apache/spark/status/api/v1/ShuffleReadMetrics.localBytesRead-api.scala-250-250=74
org/apache/spark/rdd/HadoopRDD$.getCachedMetadata-HadoopRDD.scala-393-393=5
org/apache/spark/rdd/HadoopRDD.getInputFormat-HadoopRDD.scala-190-196=6
org/apache/spark/rdd/HadoopRDD$$anon$1$$anonfun$3.apply-HadoopRDD.scala-281-281=7
org/apache/spark/rdd/MapPartitionsRDD.compute-MapPartitionsRDD.scala-52-52=32
org/apache/spark/mllib/recommendation/Rating.user-ALS.scala-32-32=869
org/apache/spark/status/api/v1/TaskMetrics.executorDeserializeTime-api.scala-221-221=76
org/apache/spark/rdd/MapPartitionsRDD.org$apache$spark$rdd$RDD$$dependencies_-MapPartitionsRDD.scala-241-241=47
org/apache/spark/rdd/RDD$$anonfun$getNarrowAncestors$1.apply-RDD.scala-335-335=8
org/apache/spark/rdd/RDD.org$apache$spark$internal$Logging$$log__$eq-RDD.scala-77-77=5
org/apache/spark/rdd/HadoopRDD.org$apache$spark$rdd$HadoopRDD$$createTime-HadoopRDD.scala-132-132=7
org/apache/spark/rdd/MapPartitionsRDD.dependencies-MapPartitionsRDD.scala-252-252=24
org/apache/spark/rdd/MapPartitionsRDD.log-MapPartitionsRDD.scala-77-77=20
org/apache/spark/rdd/RDD.logInfo-RDD.scala-77-77=5
org/apache/spark/rdd/MapPartitionsRDD.firstParent-MapPartitionsRDD.scala-1763-1763=28
org/apache/spark/rdd/RDDOperationScope.parent-RDDOperationScope.scala-48-48=10
org/apache/spark/rdd/HadoopRDD$$anon$1.org$apache$spark$rdd$HadoopRDD$$anon$$split-HadoopRDD.scala-226-226=24
org/apache/spark/rdd/InputFileBlockHolder$.set-InputFileBlockHolder.scala-77-80=6
org/apache/spark/rdd/HadoopRDD.compute-HadoopRDD.scala-95-95=8
org/apache/spark/rdd/RDD.partitions-RDD.scala-269-269=49
org/apache/spark/rdd/RDD.initializeLogIfNecessary-RDD.scala-77-77=14
org/apache/spark/rdd/RDD$$anon$1.next-RDD.scala-367-368=100
org/apache/spark/status/api/v1/JobData.jobId-api.scala-110-110=6
org/apache/spark/status/api/v1/ExecutorSummary.id-api.scala-77-77=8
org/apache/spark/rdd/RDD$$anonfun$7.apply-RDD.scala-357-357=7
org/apache/spark/rdd/MapPartitionsRDD.checkpointData-MapPartitionsRDD.scala-1751-1751=53
org/apache/spark/status/api/v1/TaskMetrics.jvmGcTime-api.scala-226-226=64
org/apache/spark/status/api/v1/RDDStorageInfo.id-api.scala-132-132=4
org/apache/spark/rdd/MapPartitionsRDD.iterator-MapPartitionsRDD.scala-307-307=40
org/apache/spark/rdd/RDD$$anonfun$org$apache$spark$rdd$RDD$$visit$1$1.apply-RDD.scala-327-328=4
org/apache/spark/mllib/recommendation/ALS$$anonfun$1.apply-ALS.scala-256-256=1741
