org/apache/spark/status/api/v1/OutputMetrics.bytesWritten-api.scala-241-241=94
org/apache/spark/rdd/PairRDDFunctions$$anonfun$flatMapValues$1$$anonfun$apply$39.apply-PairRDDFunctions.scala-768-768=16
org/apache/spark/rdd/PairRDDFunctions$$anonfun$flatMapValues$1$$anonfun$apply$39$$anonfun$apply$40.apply-PairRDDFunctions.scala-768-768=19
org/apache/spark/rdd/RDD.doCheckpoint-RDD.scala-1800-1800=8
org/apache/spark/status/api/v1/TaskMetrics.resultSize-api.scala-225-225=56
org/apache/spark/rdd/PairRDDFunctions$$anonfun$mapValues$1$$anonfun$apply$37$$anonfun$apply$38.apply-PairRDDFunctions.scala-757-757=57
org/apache/spark/rdd/CoGroupedRDD$$anonfun$compute$2.apply-CoGroupedRDD.scala-137-137=34
org/apache/spark/rdd/RDD.getNumPartitions-RDD.scala-289-289=10
org/apache/spark/rdd/CoGroupedRDD$$anonfun$compute$1.apply-CoGroupedRDD.scala-137-137=32
org/apache/spark/rdd/RDD.org$apache$spark$rdd$RDD$$partitions_-RDD.scala-242-242=322
org/apache/spark/rdd/PairRDDFunctions$$anonfun$join$1$$anonfun$apply$20.apply-PairRDDFunctions.scala-547-547=9
org/apache/spark/status/api/v1/ShuffleReadMetrics.localBlocksFetched-api.scala-246-246=55
org/apache/spark/rdd/RDD.org$apache$spark$rdd$RDD$$sc-RDD.scala-89-100=12
org/apache/spark/rdd/RDDOperationScope$$anonfun$2.apply-RDDOperationScope.scala-105-105=12
org/apache/spark/rdd/RDD.id-RDD.scala-150-150=253
org/apache/spark/rdd/RDD.scope-RDD.scala-1743-1743=108
org/apache/spark/status/api/v1/InputMetrics.recordsRead-api.scala-238-238=96
org/apache/spark/util/JsonProtocol$$anonfun$rddInfoToJson$5.apply-JsonProtocol.scala-440-440=208
org/apache/spark/status/api/v1/ShuffleWriteMetrics.writeTime-api.scala-255-255=50
org/apache/spark/rdd/CoGroupedRDD$$anonfun$1.apply-CoGroupedRDD.scala-166-166=9
org/apache/spark/status/api/v1/TaskMetrics.peakExecutionMemory-api.scala-230-230=51
org/apache/spark/status/api/v1/TaskMetrics.shuffleWriteMetrics-api.scala-234-234=239
org/apache/spark/rdd/PairRDDFunctions$$anonfun$mapValues$1$$anonfun$apply$37.apply-PairRDDFunctions.scala-757-757=43
org/apache/spark/status/api/v1/StageData.attemptId-api.scala-166-166=39
org/apache/spark/rdd/CoGroupPartition.narrowDeps-CoGroupedRDD.scala-61-61=16
org/apache/spark/rdd/PairRDDFunctions$$anonfun$flatMapValues$1$$anonfun$apply$39$$anonfun$apply$40$$anonfun$apply$41.apply-PairRDDFunctions.scala-769-769=9
org/apache/spark/status/api/v1/StageData.stageId-api.scala-165-165=39
org/apache/spark/status/api/v1/ShuffleReadMetrics.remoteBytesReadToDisk-api.scala-249-249=54
org/apache/spark/rdd/RDD.getNarrowAncestors-RDD.scala-320-335=12
org/apache/spark/rdd/RDD.elementClassTag-RDD.scala-1749-1749=13
org/apache/spark/rdd/RDD.count-RDD.scala-1213-1213=1
org/apache/spark/mllib/recommendation/ALS$$anonfun$3$$anonfun$apply$2.apply$mcDF$sp-ALS.scala-275-275=141
org/apache/spark/rdd/CoGroupPartition.index-CoGroupedRDD.scala-61-61=40
org/apache/spark/status/api/v1/TaskMetrics.memoryBytesSpilled-api.scala-228-228=94
org/apache/spark/rdd/RDD.isCheckpointedAndMaterialized-RDD.scala-1677-1677=47
org/apache/spark/rdd/CoGroupedRDD.compute-CoGroupedRDD.scala-132-159=8
org/apache/spark/rdd/RDD.org$apache$spark$rdd$RDD$$doCheckpointCalled-RDD.scala-1792-1792=8
org/apache/spark/rdd/CoGroupedRDD$$anonfun$compute$4.apply-CoGroupedRDD.scala-153-153=39
org/apache/spark/status/api/v1/ShuffleReadMetrics.recordsRead-api.scala-251-251=97
org/apache/spark/mllib/recommendation/MatrixFactorizationModel.org$apache$spark$internal$Logging$$log__$eq-MatrixFactorizationModel.scala-55-55=1
org/apache/spark/rdd/RDD$$anonfun$org$apache$spark$rdd$RDD$$visit$1$1.apply-RDD.scala-326-326=96
org/apache/spark/status/api/v1/OutputMetrics.recordsWritten-api.scala-242-242=97
org/apache/spark/rdd/PairRDDFunctions$$anonfun$groupByKey$1$$anonfun$9.apply-PairRDDFunctions.scala-503-503=35
org/apache/spark/rdd/RDD.creationSite-RDD.scala-1734-1734=118
org/apache/spark/rdd/RDD$$anonfun$6.apply-RDD.scala-325-325=206
org/apache/spark/rdd/RDD.org$apache$spark$rdd$RDD$$dependencies_-RDD.scala-241-241=907
org/apache/spark/rdd/MapPartitionsRDD.getOrCompute-MapPartitionsRDD.scala-354-357=8
org/apache/spark/status/api/v1/TaskMetrics.executorCpuTime-api.scala-224-224=90
org/apache/spark/rdd/RDDOperationScope.toJson-RDDOperationScope.scala-52-52=114
org/apache/spark/rdd/RDD.org$apache$spark$rdd$RDD$$visit$1-RDD.scala-323-326=108
org/apache/spark/rdd/RDD.isBarrier-RDD.scala-1931-1931=38
org/apache/spark/rdd/NarrowCoGroupSplitDep.splitIndex-CoGroupedRDD.scala-40-40=17
org/apache/spark/status/api/v1/InputMetrics.bytesRead-api.scala-237-237=93
org/apache/spark/status/api/v1/ExecutorSummary.hostPort-api.scala-78-78=19
org/apache/spark/rdd/CoGroupedRDD$$anonfun$1$$anonfun$2.apply-CoGroupedRDD.scala-167-167=16
org/apache/spark/rdd/RDD$$anonfun$doCheckpoint$1.apply-RDD.scala-1801-1801=8
org/apache/spark/rdd/MapPartitionsRDD.computeOrReadCheckpoint-MapPartitionsRDD.scala-343-343=44
org/apache/spark/rdd/RDD.getOrCompute-RDD.scala-354-357=9
org/apache/spark/rdd/MapPartitionsRDD.id-MapPartitionsRDD.scala-150-150=12
org/apache/spark/rdd/RDD.iterator-RDD.scala-307-307=52
org/apache/spark/status/api/v1/ShuffleWriteMetrics.bytesWritten-api.scala-254-254=91
org/apache/spark/rdd/MapPartitionsRDD.elementClassTag-MapPartitionsRDD.scala-1749-1749=13
org/apache/spark/rdd/PairRDDFunctions$$anonfun$groupByKey$1.org$apache$spark$rdd$PairRDDFunctions$$anonfun$$$outer-PairRDDFunctions.scala-498-498=4
org/apache/spark/rdd/CoGroupedRDD$$anonfun$3.apply-CoGroupedRDD.scala-173-174=8
org/apache/spark/util/JsonProtocol$$anonfun$rddInfoToJson$7.apply-JsonProtocol.scala-444-444=208
org/apache/spark/rdd/RDDOperationScope$$anonfun$getAllScopes$2.apply-RDDOperationScope.scala-61-61=83
org/apache/spark/rdd/RDDOperationScope$.$lessinit$greater$default$2-RDDOperationScope.scala-48-48=8
org/apache/spark/rdd/RDD.firstParent-RDD.scala-1763-1763=34
org/apache/spark/rdd/RDDOperationScope$.withScope-RDDOperationScope.scala-134-155=8
org/apache/spark/rdd/RDDOperationScope.getAllScopes-RDDOperationScope.scala-61-61=83
org/apache/spark/rdd/RDD$$anonfun$count$1.apply-RDD.scala-1213-1213=2
org/apache/spark/util/JsonProtocol$$anonfun$rddInfoToJson$2.apply-JsonProtocol.scala-437-437=210
org/apache/spark/status/api/v1/ShuffleReadMetrics.remoteBytesRead-api.scala-248-248=100
org/apache/spark/rdd/InputFileBlockHolder$.unset-InputFileBlockHolder.scala-86-86=1
org/apache/spark/rdd/PairRDDFunctions$$anonfun$groupByKey$1$$anonfun$8.apply-PairRDDFunctions.scala-502-502=4
org/apache/spark/rdd/RDDOperationScope.name-RDDOperationScope.scala-47-47=196
org/apache/spark/status/api/v1/TaskMetrics.executorRunTime-api.scala-223-223=89
org/apache/spark/status/api/v1/TaskMetrics.inputMetrics-api.scala-231-231=188
org/apache/spark/rdd/RDD$$anonfun$5.apply-RDD.scala-324-324=206
org/apache/spark/rdd/PairRDDFunctions$$anonfun$join$1$$anonfun$apply$20.apply-PairRDDFunctions.scala-546-546=10
org/apache/spark/util/JsonProtocol$$anonfun$rddInfoToJson$6.apply-JsonProtocol.scala-443-443=208
org/apache/spark/rdd/RDD.name-RDD.scala-153-153=108
org/apache/spark/rdd/ShuffledRDDPartition.index-ShuffledRDD.scala-27-27=22
org/apache/spark/rdd/RDD$$anonfun$dependencies$2.apply-RDD.scala-252-252=453
org/apache/spark/rdd/RDD.computeOrReadCheckpoint-RDD.scala-343-343=46
org/apache/spark/status/api/v1/RDDPartitionInfo.executors-api.scala-161-161=3
org/apache/spark/status/api/v1/TaskMetrics.outputMetrics-api.scala-232-232=192
org/apache/spark/status/api/v1/RDDPartitionInfo.diskUsed-api.scala-160-160=3
org/apache/spark/rdd/RDD.conf-RDD.scala-107-107=1
org/apache/spark/rdd/PairRDDFunctions$$anonfun$join$1$$anonfun$apply$20$$anonfun$apply$21.apply-PairRDDFunctions.scala-547-547=9
org/apache/spark/rdd/NarrowCoGroupSplitDep.split_$eq-CoGroupedRDD.scala-41-41=17
org/apache/spark/util/JsonProtocol$$anonfun$rddInfoToJson$8.apply-JsonProtocol.scala-445-445=208
org/apache/spark/status/api/v1/TaskMetrics.executorDeserializeCpuTime-api.scala-222-222=55
org/apache/spark/rdd/RDDOperationScope$.withScope$default$2-RDDOperationScope.scala-101-101=2
org/apache/spark/rdd/RDD.dependencies-RDD.scala-252-252=452
org/apache/spark/rdd/CoGroupedRDD$$anonfun$1.apply-CoGroupedRDD.scala-167-169=8
org/apache/spark/rdd/RDDOperationScope$$anonfun$3.apply-RDDOperationScope.scala-106-106=4
org/apache/spark/rdd/NarrowCoGroupSplitDep.rdd-CoGroupedRDD.scala-39-39=17
org/apache/spark/status/api/v1/ShuffleReadMetrics.fetchWaitTime-api.scala-247-247=55
org/apache/spark/rdd/MapPartitionsRDD.isBarrier_-MapPartitionsRDD.scala-60-60=38
org/apache/spark/rdd/RDD$$anonfun$mapPartitions$1$$anonfun$apply$23.apply-RDD.scala-823-823=8
org/apache/spark/status/api/v1/TaskMetrics.shuffleReadMetrics-api.scala-233-233=515
org/apache/spark/mllib/recommendation/ALS$$anonfun$3.apply-ALS.scala-275-275=23
org/apache/spark/status/api/v1/RDDPartitionInfo.memoryUsed-api.scala-159-159=3
org/apache/spark/rdd/PairRDDFunctions$$anonfun$cogroup$2$$anonfun$apply$43.apply-PairRDDFunctions.scala-806-806=19
org/apache/spark/status/api/v1/ShuffleReadMetrics.remoteBlocksFetched-api.scala-245-245=53
org/apache/spark/status/api/v1/ShuffleWriteMetrics.recordsWritten-api.scala-256-256=97
org/apache/spark/util/JsonProtocol$$anonfun$rddInfoToJson$1.apply-JsonProtocol.scala-437-437=208
org/apache/spark/status/api/v1/TaskMetrics.diskBytesSpilled-api.scala-229-229=95
org/apache/spark/rdd/NarrowCoGroupSplitDep$$anonfun$writeObject$1.apply$mcV$sp-CoGroupedRDD.scala-47-48=18
org/apache/spark/rdd/CoGroupedRDD$$anonfun$compute$3.apply-CoGroupedRDD.scala-153-153=37
org/apache/spark/mllib/recommendation/ALS$$anonfun$3$$anonfun$apply$2.apply-ALS.scala-275-275=277
org/apache/spark/status/api/v1/TaskMetrics.resultSerializationTime-api.scala-227-227=52
org/apache/spark/rdd/RDD$$anonfun$partitions$2.apply-RDD.scala-269-269=162
org/apache/spark/rdd/RDD.getStorageLevel-RDD.scala-223-223=109
org/apache/spark/rdd/MapPartitionsRDD.isCheckpointedAndMaterialized-MapPartitionsRDD.scala-1677-1677=49
org/apache/spark/rdd/RDDOperationScope.id-RDDOperationScope.scala-49-49=196
org/apache/spark/rdd/RDD$$anonfun$doCheckpoint$1$$anonfun$apply$mcV$sp$2.apply-RDD.scala-1813-1813=14
org/apache/spark/rdd/RDDOperationScope$$anonfun$1.apply-RDDOperationScope.scala-104-104=8
org/apache/spark/rdd/RDD$$anonfun$4.apply-RDD.scala-323-323=244
org/apache/spark/rdd/PairRDDFunctions$$anonfun$join$1$$anonfun$apply$20$$anonfun$apply$21$$anonfun$apply$22.apply-PairRDDFunctions.scala-547-547=9
org/apache/spark/util/JsonProtocol$$anonfun$rddInfoToJson$4$$anonfun$apply$19.apply-JsonProtocol.scala-439-439=208
org/apache/spark/rdd/InputFileBlockHolder$$anon$1.initialValue-InputFileBlockHolder.scala-53-53=1
org/apache/spark/rdd/RDD.sparkContext-RDD.scala-147-147=1
org/apache/spark/rdd/RDDOperationScope$.org$apache$spark$rdd$RDDOperationScope$$jsonMapper-RDDOperationScope.scala-82-82=122
org/apache/spark/rdd/InputFileBlockHolder$.initialize-InputFileBlockHolder.scala-92-92=1
org/apache/spark/rdd/CoGroupedRDD$$anonfun$compute$4$$anonfun$apply$3.apply-CoGroupedRDD.scala-154-154=34
org/apache/spark/util/JsonProtocol$$anonfun$rddInfoToJson$9.apply-JsonProtocol.scala-446-446=208
org/apache/spark/util/JsonProtocol$$anonfun$rddInfoToJson$3.apply-JsonProtocol.scala-439-439=209
org/apache/spark/rdd/RDDOperationScope$.nextScopeId-RDDOperationScope.scala-90-90=9
org/apache/spark/rdd/RDD.checkpointData-RDD.scala-1751-1751=669
org/apache/spark/util/JsonProtocol$$anonfun$rddInfoToJson$4.apply-JsonProtocol.scala-439-439=208
org/apache/spark/status/api/v1/ShuffleReadMetrics.localBytesRead-api.scala-250-250=98
org/apache/spark/rdd/MapPartitionsRDD.compute-MapPartitionsRDD.scala-52-52=33
org/apache/spark/rdd/RDDOperationScope$$anonfun$5.apply-RDDOperationScope.scala-137-137=16
org/apache/spark/rdd/RDD$$anonfun$doCheckpoint$1.apply$mcV$sp-RDD.scala-1801-1801=8
org/apache/spark/status/api/v1/TaskMetrics.executorDeserializeTime-api.scala-221-221=64
org/apache/spark/rdd/MapPartitionsRDD.org$apache$spark$rdd$RDD$$dependencies_-MapPartitionsRDD.scala-241-241=109
org/apache/spark/rdd/NarrowCoGroupSplitDep$$anonfun$writeObject$1.apply-CoGroupedRDD.scala-45-45=18
org/apache/spark/rdd/RDD$$anonfun$getNarrowAncestors$1.apply-RDD.scala-335-335=192
org/apache/spark/rdd/NarrowCoGroupSplitDep.split-CoGroupedRDD.scala-41-41=16
org/apache/spark/rdd/MapPartitionsRDD.dependencies-MapPartitionsRDD.scala-252-252=54
org/apache/spark/rdd/RDD.org$apache$spark$rdd$RDD$$doCheckpointCalled_$eq-RDD.scala-1792-1792=6
org/apache/spark/rdd/CoGroupedRDD$$anonfun$3.apply-CoGroupedRDD.scala-172-172=9
org/apache/spark/rdd/RDDOperationScope$.fromJson-RDDOperationScope.scala-86-86=8
org/apache/spark/rdd/MapPartitionsRDD.firstParent-MapPartitionsRDD.scala-1763-1763=34
org/apache/spark/rdd/RDDOperationScope.parent-RDDOperationScope.scala-48-48=197
org/apache/spark/rdd/RDD.partitions-RDD.scala-269-269=162
org/apache/spark/rdd/RDD$$anon$1.next-RDD.scala-367-368=8
org/apache/spark/status/api/v1/JobData.jobId-api.scala-110-110=7
org/apache/spark/status/api/v1/ExecutorSummary.id-api.scala-77-77=19
org/apache/spark/rdd/RDD$$anonfun$7.apply-RDD.scala-357-357=4
org/apache/spark/rdd/MapPartitionsRDD.checkpointData-MapPartitionsRDD.scala-1751-1751=105
org/apache/spark/status/api/v1/TaskMetrics.jvmGcTime-api.scala-226-226=56
org/apache/spark/status/api/v1/RDDStorageInfo.id-api.scala-132-132=67
org/apache/spark/rdd/MapPartitionsRDD.iterator-MapPartitionsRDD.scala-307-307=52
org/apache/spark/rdd/RDD$$anonfun$org$apache$spark$rdd$RDD$$visit$1$1.apply-RDD.scala-327-328=96
org/apache/spark/rdd/ShuffledRDD.compute-ShuffledRDD.scala-103-105=4
org/apache/spark/rdd/RDDOperationScope$.$lessinit$greater$default$3-RDDOperationScope.scala-49-49=9
org/apache/spark/mllib/linalg/CholeskyDecomposition$.solve-CholeskyDecomposition.scala-38-42=20
