org/apache/spark/status/api/v1/OutputMetrics.bytesWritten-api.scala-241-241=234
org/apache/spark/rdd/PairRDDFunctions$$anonfun$flatMapValues$1$$anonfun$apply$39.apply-PairRDDFunctions.scala-768-768=10
org/apache/spark/rdd/PairRDDFunctions$$anonfun$flatMapValues$1$$anonfun$apply$39$$anonfun$apply$40.apply-PairRDDFunctions.scala-768-768=8
org/apache/spark/status/api/v1/TaskMetrics.resultSize-api.scala-225-225=158
org/apache/spark/rdd/PairRDDFunctions$$anonfun$mapValues$1$$anonfun$apply$37$$anonfun$apply$38.apply-PairRDDFunctions.scala-757-757=8
org/apache/spark/rdd/CoGroupedRDD$$anonfun$compute$2.apply-CoGroupedRDD.scala-137-137=18
org/apache/spark/rdd/CoGroupedRDD$$anonfun$compute$1.apply-CoGroupedRDD.scala-137-137=17
org/apache/spark/rdd/RDD.org$apache$spark$rdd$RDD$$partitions_-RDD.scala-242-242=88
org/apache/spark/rdd/PairRDDFunctions$$anonfun$join$1$$anonfun$apply$20.apply-PairRDDFunctions.scala-547-547=4
org/apache/spark/status/api/v1/ShuffleReadMetrics.localBlocksFetched-api.scala-246-246=158
org/apache/spark/rdd/RDD.id-RDD.scala-150-150=112
org/apache/spark/rdd/RDD.scope-RDD.scala-1743-1743=7
org/apache/spark/status/api/v1/InputMetrics.recordsRead-api.scala-238-238=234
org/apache/spark/util/JsonProtocol$$anonfun$rddInfoToJson$5.apply-JsonProtocol.scala-440-440=33
org/apache/spark/status/api/v1/ShuffleWriteMetrics.writeTime-api.scala-255-255=160
org/apache/spark/rdd/CoGroupedRDD$$anonfun$1.apply-CoGroupedRDD.scala-166-166=4
org/apache/spark/status/api/v1/TaskMetrics.peakExecutionMemory-api.scala-230-230=157
org/apache/spark/status/api/v1/TaskMetrics.shuffleWriteMetrics-api.scala-234-234=633
org/apache/spark/rdd/PairRDDFunctions$$anonfun$mapValues$1$$anonfun$apply$37.apply-PairRDDFunctions.scala-757-757=8
org/apache/spark/status/api/v1/StageData.attemptId-api.scala-166-166=67
org/apache/spark/rdd/CoGroupPartition.narrowDeps-CoGroupedRDD.scala-61-61=4
org/apache/spark/rdd/PairRDDFunctions$$anonfun$flatMapValues$1$$anonfun$apply$39$$anonfun$apply$40$$anonfun$apply$41.apply-PairRDDFunctions.scala-769-769=1
org/apache/spark/status/api/v1/StageData.stageId-api.scala-165-165=67
org/apache/spark/status/api/v1/ShuffleReadMetrics.remoteBytesReadToDisk-api.scala-249-249=159
org/apache/spark/rdd/RDD.getNarrowAncestors-RDD.scala-320-335=1
org/apache/spark/rdd/RDD.elementClassTag-RDD.scala-1749-1749=4
org/apache/spark/rdd/CoGroupPartition.index-CoGroupedRDD.scala-61-61=27
org/apache/spark/status/api/v1/TaskMetrics.memoryBytesSpilled-api.scala-228-228=236
org/apache/spark/rdd/RDD.isCheckpointedAndMaterialized-RDD.scala-1677-1677=18
org/apache/spark/rdd/CoGroupedRDD.compute-CoGroupedRDD.scala-132-159=4
org/apache/spark/rdd/CoGroupedRDD$$anonfun$compute$4.apply-CoGroupedRDD.scala-153-153=16
org/apache/spark/status/api/v1/ShuffleReadMetrics.recordsRead-api.scala-251-251=238
org/apache/spark/status/api/v1/OutputMetrics.recordsWritten-api.scala-242-242=234
org/apache/spark/rdd/RDD$$anonfun$org$apache$spark$rdd$RDD$$visit$1$1.apply-RDD.scala-326-326=6
org/apache/spark/rdd/RDD.creationSite-RDD.scala-1734-1734=7
org/apache/spark/rdd/RDD$$anonfun$6.apply-RDD.scala-325-325=12
org/apache/spark/rdd/RDD$$anonfun$preferredLocations$2.apply-RDD.scala-297-297=20
org/apache/spark/rdd/RDD.org$apache$spark$rdd$RDD$$dependencies_-RDD.scala-241-241=131
org/apache/spark/rdd/MapPartitionsRDD.getOrCompute-MapPartitionsRDD.scala-354-357=4
org/apache/spark/status/api/v1/TaskMetrics.executorCpuTime-api.scala-224-224=226
org/apache/spark/rdd/RDDOperationScope.toJson-RDDOperationScope.scala-52-52=16
org/apache/spark/rdd/RDD.org$apache$spark$rdd$RDD$$visit$1-RDD.scala-323-326=7
org/apache/spark/rdd/RDD.isBarrier-RDD.scala-1931-1931=5
org/apache/spark/rdd/NarrowCoGroupSplitDep.splitIndex-CoGroupedRDD.scala-40-40=5
org/apache/spark/status/api/v1/InputMetrics.bytesRead-api.scala-237-237=234
org/apache/spark/rdd/RDD.getPreferredLocations-RDD.scala-137-137=20
org/apache/spark/status/api/v1/ExecutorSummary.hostPort-api.scala-78-78=19
org/apache/spark/rdd/RDD$$anonfun$flatMap$1$$anonfun$apply$6.apply-RDD.scala-403-403=10
org/apache/spark/rdd/CoGroupedRDD$$anonfun$1$$anonfun$2.apply-CoGroupedRDD.scala-167-167=8
org/apache/spark/rdd/MapPartitionsRDD.computeOrReadCheckpoint-MapPartitionsRDD.scala-343-343=18
org/apache/spark/rdd/RDD.getOrCompute-RDD.scala-354-357=4
org/apache/spark/rdd/MapPartitionsRDD.id-MapPartitionsRDD.scala-150-150=4
org/apache/spark/rdd/RDD.iterator-RDD.scala-307-307=23
org/apache/spark/status/api/v1/ShuffleWriteMetrics.bytesWritten-api.scala-254-254=238
org/apache/spark/rdd/MapPartitionsRDD.elementClassTag-MapPartitionsRDD.scala-1749-1749=4
org/apache/spark/rdd/CoGroupedRDD$$anonfun$3.apply-CoGroupedRDD.scala-173-174=4
org/apache/spark/util/JsonProtocol$$anonfun$rddInfoToJson$7.apply-JsonProtocol.scala-444-444=34
org/apache/spark/rdd/RDD.firstParent-RDD.scala-1763-1763=13
org/apache/spark/util/JsonProtocol$$anonfun$rddInfoToJson$2.apply-JsonProtocol.scala-437-437=32
org/apache/spark/status/api/v1/ShuffleReadMetrics.remoteBytesRead-api.scala-248-248=238
org/apache/spark/rdd/InputFileBlockHolder$.unset-InputFileBlockHolder.scala-86-86=1
org/apache/spark/rdd/RDDOperationScope.name-RDDOperationScope.scala-47-47=16
org/apache/spark/status/api/v1/TaskMetrics.executorRunTime-api.scala-223-223=225
org/apache/spark/status/api/v1/TaskMetrics.inputMetrics-api.scala-231-231=468
org/apache/spark/rdd/RDD$$anonfun$5.apply-RDD.scala-324-324=12
org/apache/spark/rdd/PairRDDFunctions$$anonfun$join$1$$anonfun$apply$20.apply-PairRDDFunctions.scala-546-546=4
org/apache/spark/util/JsonProtocol$$anonfun$rddInfoToJson$6.apply-JsonProtocol.scala-443-443=34
org/apache/spark/rdd/RDD.name-RDD.scala-153-153=7
org/apache/spark/rdd/ShuffledRDDPartition.index-ShuffledRDD.scala-27-27=4
org/apache/spark/rdd/RDD$$anonfun$dependencies$2.apply-RDD.scala-252-252=66
org/apache/spark/rdd/RDD.computeOrReadCheckpoint-RDD.scala-343-343=18
org/apache/spark/status/api/v1/TaskMetrics.outputMetrics-api.scala-232-232=467
org/apache/spark/rdd/PairRDDFunctions$$anonfun$join$1$$anonfun$apply$20$$anonfun$apply$21.apply-PairRDDFunctions.scala-547-547=2
org/apache/spark/rdd/NarrowCoGroupSplitDep.split_$eq-CoGroupedRDD.scala-41-41=5
org/apache/spark/util/JsonProtocol$$anonfun$rddInfoToJson$8.apply-JsonProtocol.scala-445-445=34
org/apache/spark/status/api/v1/TaskMetrics.executorDeserializeCpuTime-api.scala-222-222=159
org/apache/spark/rdd/RDD.preferredLocations-RDD.scala-296-296=20
org/apache/spark/rdd/RDD.dependencies-RDD.scala-252-252=65
org/apache/spark/rdd/CoGroupedRDD$$anonfun$1.apply-CoGroupedRDD.scala-167-169=5
org/apache/spark/rdd/NarrowCoGroupSplitDep.rdd-CoGroupedRDD.scala-39-39=4
org/apache/spark/status/api/v1/ShuffleReadMetrics.fetchWaitTime-api.scala-247-247=159
org/apache/spark/rdd/MapPartitionsRDD.isBarrier_-MapPartitionsRDD.scala-60-60=5
org/apache/spark/status/api/v1/TaskMetrics.shuffleReadMetrics-api.scala-233-233=1345
org/apache/spark/rdd/PairRDDFunctions$$anonfun$cogroup$2$$anonfun$apply$43.apply-PairRDDFunctions.scala-806-806=8
org/apache/spark/status/api/v1/ShuffleReadMetrics.remoteBlocksFetched-api.scala-245-245=155
org/apache/spark/status/api/v1/ShuffleWriteMetrics.recordsWritten-api.scala-256-256=236
org/apache/spark/util/JsonProtocol$$anonfun$rddInfoToJson$1.apply-JsonProtocol.scala-437-437=32
org/apache/spark/status/api/v1/TaskMetrics.diskBytesSpilled-api.scala-229-229=236
org/apache/spark/rdd/NarrowCoGroupSplitDep$$anonfun$writeObject$1.apply$mcV$sp-CoGroupedRDD.scala-47-48=5
org/apache/spark/rdd/CoGroupedRDD$$anonfun$compute$3.apply-CoGroupedRDD.scala-153-153=16
org/apache/spark/status/api/v1/TaskMetrics.resultSerializationTime-api.scala-227-227=158
org/apache/spark/rdd/RDD$$anonfun$partitions$2.apply-RDD.scala-269-269=44
org/apache/spark/rdd/RDD.getStorageLevel-RDD.scala-223-223=18
org/apache/spark/rdd/MapPartitionsRDD.isCheckpointedAndMaterialized-MapPartitionsRDD.scala-1677-1677=19
org/apache/spark/rdd/RDDOperationScope.id-RDDOperationScope.scala-49-49=16
org/apache/spark/rdd/RDD$$anonfun$4.apply-RDD.scala-323-323=16
org/apache/spark/rdd/PairRDDFunctions$$anonfun$join$1$$anonfun$apply$20$$anonfun$apply$21$$anonfun$apply$22.apply-PairRDDFunctions.scala-547-547=2
org/apache/spark/util/JsonProtocol$$anonfun$rddInfoToJson$4$$anonfun$apply$19.apply-JsonProtocol.scala-439-439=32
org/apache/spark/rdd/InputFileBlockHolder$$anon$1.initialValue-InputFileBlockHolder.scala-53-53=4
org/apache/spark/rdd/RDD.sparkContext-RDD.scala-147-147=1
org/apache/spark/rdd/RDDOperationScope$.org$apache$spark$rdd$RDDOperationScope$$jsonMapper-RDDOperationScope.scala-82-82=16
org/apache/spark/rdd/InputFileBlockHolder$.initialize-InputFileBlockHolder.scala-92-92=4
org/apache/spark/rdd/CoGroupedRDD$$anonfun$compute$4$$anonfun$apply$3.apply-CoGroupedRDD.scala-154-154=16
org/apache/spark/util/JsonProtocol$$anonfun$rddInfoToJson$9.apply-JsonProtocol.scala-446-446=34
org/apache/spark/util/JsonProtocol$$anonfun$rddInfoToJson$3.apply-JsonProtocol.scala-439-439=32
org/apache/spark/rdd/RDD.checkpointData-RDD.scala-1751-1751=146
org/apache/spark/status/api/v1/ShuffleReadMetrics.localBytesRead-api.scala-250-250=238
org/apache/spark/util/JsonProtocol$$anonfun$rddInfoToJson$4.apply-JsonProtocol.scala-439-439=32
org/apache/spark/rdd/MapPartitionsRDD.compute-MapPartitionsRDD.scala-52-52=13
org/apache/spark/status/api/v1/TaskMetrics.executorDeserializeTime-api.scala-221-221=182
org/apache/spark/rdd/MapPartitionsRDD.org$apache$spark$rdd$RDD$$dependencies_-MapPartitionsRDD.scala-241-241=45
org/apache/spark/rdd/NarrowCoGroupSplitDep$$anonfun$writeObject$1.apply-CoGroupedRDD.scala-45-45=5
org/apache/spark/rdd/RDD$$anonfun$getNarrowAncestors$1.apply-RDD.scala-335-335=12
org/apache/spark/rdd/NarrowCoGroupSplitDep.split-CoGroupedRDD.scala-41-41=4
org/apache/spark/rdd/MapPartitionsRDD.dependencies-MapPartitionsRDD.scala-252-252=22
org/apache/spark/rdd/CoGroupedRDD$$anonfun$3.apply-CoGroupedRDD.scala-172-172=5
org/apache/spark/rdd/MapPartitionsRDD.firstParent-MapPartitionsRDD.scala-1763-1763=14
org/apache/spark/rdd/RDDOperationScope.parent-RDDOperationScope.scala-48-48=16
org/apache/spark/rdd/RDD.partitions-RDD.scala-269-269=44
org/apache/spark/rdd/RDD$$anon$1.next-RDD.scala-367-368=4
org/apache/spark/status/api/v1/JobData.jobId-api.scala-110-110=13
org/apache/spark/status/api/v1/ExecutorSummary.id-api.scala-77-77=19
org/apache/spark/rdd/MapPartitionsRDD.checkpointData-MapPartitionsRDD.scala-1751-1751=39
org/apache/spark/status/api/v1/TaskMetrics.jvmGcTime-api.scala-226-226=158
org/apache/spark/status/api/v1/RDDStorageInfo.id-api.scala-132-132=38
org/apache/spark/rdd/MapPartitionsRDD.iterator-MapPartitionsRDD.scala-307-307=23
org/apache/spark/rdd/RDD$$anonfun$org$apache$spark$rdd$RDD$$visit$1$1.apply-RDD.scala-327-328=6
