org/apache/spark/status/api/v1/OutputMetrics.bytesWritten-api.scala-241-241=40
org/apache/spark/rdd/RDD.doCheckpoint-RDD.scala-1800-1800=8
org/apache/spark/rdd/MapPartitionsRDD.partitioner-MapPartitionsRDD.scala-47-47=2
org/apache/spark/status/api/v1/TaskMetrics.resultSize-api.scala-225-225=32
org/apache/spark/rdd/PairRDDFunctions$$anonfun$mapValues$1$$anonfun$apply$37$$anonfun$apply$38.apply-PairRDDFunctions.scala-757-757=7
org/apache/spark/rdd/PairRDDFunctions$$anonfun$groupByKey$1.apply-PairRDDFunctions.scala-498-498=1
org/apache/spark/rdd/RDD.getNumPartitions-RDD.scala-289-289=2
org/apache/spark/rdd/RDD.org$apache$spark$rdd$RDD$$partitions_-RDD.scala-242-242=124
org/apache/spark/rdd/ShuffledRDD.isBarrier-ShuffledRDD.scala-114-114=1
org/apache/spark/status/api/v1/ShuffleReadMetrics.localBlocksFetched-api.scala-246-246=33
org/apache/spark/rdd/RDD.org$apache$spark$rdd$RDD$$sc-RDD.scala-89-100=54
org/apache/spark/rdd/RDDOperationScope$$anonfun$2.apply-RDDOperationScope.scala-105-105=36
org/apache/spark/rdd/RDD$.rddToPairRDDFunctions-RDD.scala-2016-2016=3
org/apache/spark/rdd/RDD.id-RDD.scala-150-150=139
org/apache/spark/rdd/RDD.scope-RDD.scala-1743-1743=15
org/apache/spark/status/api/v1/InputMetrics.recordsRead-api.scala-238-238=42
org/apache/spark/util/JsonProtocol$$anonfun$rddInfoToJson$5.apply-JsonProtocol.scala-440-440=36
org/apache/spark/status/api/v1/ShuffleWriteMetrics.writeTime-api.scala-255-255=35
org/apache/spark/status/api/v1/TaskMetrics.peakExecutionMemory-api.scala-230-230=33
org/apache/spark/rdd/MapPartitionsRDD$.$lessinit$greater$default$4-MapPartitionsRDD.scala-43-43=4
org/apache/spark/status/api/v1/TaskMetrics.shuffleWriteMetrics-api.scala-234-234=122
org/apache/spark/rdd/PairRDDFunctions$$anonfun$mapValues$1$$anonfun$apply$37.apply-PairRDDFunctions.scala-757-757=12
org/apache/spark/status/api/v1/StageData.attemptId-api.scala-166-166=5
org/apache/spark/rdd/RDD$.CHECKPOINT_ALL_MARKED_ANCESTORS-RDD.scala-2006-2006=5
org/apache/spark/status/api/v1/StageData.stageId-api.scala-165-165=4
org/apache/spark/status/api/v1/ShuffleReadMetrics.remoteBytesReadToDisk-api.scala-249-249=33
org/apache/spark/rdd/ShuffledRDD.getDependencies-ShuffledRDD.scala-79-87=1
org/apache/spark/rdd/RDD.getNarrowAncestors-RDD.scala-320-335=4
org/apache/spark/rdd/RDD.elementClassTag-RDD.scala-1749-1749=13
org/apache/spark/rdd/RDD.count-RDD.scala-1213-1213=1
org/apache/spark/rdd/PairRDDFunctions.combineByKeyWithClassTag-PairRDDFunctions.scala-77-77=1
org/apache/spark/rdd/RDD$$anonfun$partitions$2$$anonfun$apply$3.apply-RDD.scala-274-274=70
org/apache/spark/status/api/v1/TaskMetrics.memoryBytesSpilled-api.scala-228-228=42
org/apache/spark/rdd/RDD.isCheckpointedAndMaterialized-RDD.scala-1677-1677=14
org/apache/spark/rdd/RDD.withScope-RDD.scala-385-385=6
org/apache/spark/rdd/RDD$$anonfun$persist$1.apply-RDD.scala-176-176=4
org/apache/spark/rdd/RDD.org$apache$spark$rdd$RDD$$doCheckpointCalled-RDD.scala-1792-1792=8
org/apache/spark/status/api/v1/ShuffleReadMetrics.recordsRead-api.scala-251-251=44
org/apache/spark/rdd/RDD$$anonfun$org$apache$spark$rdd$RDD$$visit$1$1.apply-RDD.scala-326-326=11
org/apache/spark/status/api/v1/OutputMetrics.recordsWritten-api.scala-242-242=42
org/apache/spark/rdd/PairRDDFunctions$$anonfun$groupByKey$1$$anonfun$9.apply-PairRDDFunctions.scala-503-503=30
org/apache/spark/rdd/RDD.creationSite-RDD.scala-1734-1734=17
org/apache/spark/rdd/RDD$$anonfun$6.apply-RDD.scala-325-325=22
org/apache/spark/rdd/RDD$$anonfun$map$1.apply-RDD.scala-392-392=2
org/apache/spark/rdd/ShuffledRDD.partitioner-ShuffledRDD.scala-41-41=1
org/apache/spark/rdd/RDD$$anonfun$preferredLocations$2.apply-RDD.scala-297-297=20
org/apache/spark/rdd/RDD.org$apache$spark$rdd$RDD$$dependencies_-RDD.scala-241-241=217
org/apache/spark/rdd/MapPartitionsRDD.getOrCompute-MapPartitionsRDD.scala-354-357=4
org/apache/spark/rdd/MapPartitionsRDD$.$lessinit$greater$default$3-MapPartitionsRDD.scala-42-42=2
org/apache/spark/status/api/v1/TaskMetrics.executorCpuTime-api.scala-224-224=38
org/apache/spark/rdd/PairRDDFunctions.groupByKey-PairRDDFunctions.scala-498-498=1
org/apache/spark/rdd/RDDOperationScope.toJson-RDDOperationScope.scala-52-52=31
org/apache/spark/rdd/PairRDDFunctions$$anonfun$combineByKeyWithClassTag$1.apply-PairRDDFunctions.scala-77-77=1
org/apache/spark/rdd/RDD.org$apache$spark$rdd$RDD$$visit$1-RDD.scala-323-326=15
org/apache/spark/rdd/RDD.isBarrier-RDD.scala-1931-1931=17
org/apache/spark/status/api/v1/InputMetrics.bytesRead-api.scala-237-237=42
org/apache/spark/rdd/RDD.getPreferredLocations-RDD.scala-137-137=20
org/apache/spark/status/api/v1/ExecutorSummary.hostPort-api.scala-78-78=7
org/apache/spark/rdd/PairRDDFunctions.org$apache$spark$internal$Logging$$log__$eq-PairRDDFunctions.scala-49-49=3
org/apache/spark/rdd/RDD$$anonfun$doCheckpoint$1.apply-RDD.scala-1801-1801=8
org/apache/spark/rdd/MapPartitionsRDD.computeOrReadCheckpoint-MapPartitionsRDD.scala-343-343=11
org/apache/spark/rdd/MapPartitionsRDD$$anonfun$isBarrier_$1.apply-MapPartitionsRDD.scala-60-60=8
org/apache/spark/rdd/RDD.getOrCompute-RDD.scala-354-357=4
org/apache/spark/rdd/MapPartitionsRDD.id-MapPartitionsRDD.scala-150-150=8
org/apache/spark/rdd/RDD.iterator-RDD.scala-307-307=4
org/apache/spark/status/api/v1/ShuffleWriteMetrics.bytesWritten-api.scala-254-254=44
org/apache/spark/rdd/ShuffledRDD.setAggregator-ShuffledRDD.scala-68-69=1
org/apache/spark/rdd/MapPartitionsRDD.elementClassTag-MapPartitionsRDD.scala-1749-1749=8
org/apache/spark/rdd/PairRDDFunctions$$anonfun$groupByKey$1.org$apache$spark$rdd$PairRDDFunctions$$anonfun$$$outer-PairRDDFunctions.scala-498-498=4
org/apache/spark/rdd/RDD.context-RDD.scala-1772-1772=12
org/apache/spark/util/JsonProtocol$$anonfun$rddInfoToJson$7.apply-JsonProtocol.scala-444-444=36
org/apache/spark/rdd/RDDOperationScope$.$lessinit$greater$default$2-RDDOperationScope.scala-48-48=8
org/apache/spark/rdd/RDD.firstParent-RDD.scala-1763-1763=15
org/apache/spark/rdd/RDDOperationScope$.withScope-RDDOperationScope.scala-134-155=14
org/apache/spark/rdd/RDD.persist-RDD.scala-189-189=2
org/apache/spark/rdd/RDD$$anonfun$count$1.apply-RDD.scala-1213-1213=2
org/apache/spark/rdd/ShuffledRDD.prev-ShuffledRDD.scala-42-42=1
org/apache/spark/util/JsonProtocol$$anonfun$rddInfoToJson$2.apply-JsonProtocol.scala-437-437=36
org/apache/spark/rdd/RDD.org$apache$spark$rdd$RDD$$stateLock-RDD.scala-237-237=10
org/apache/spark/rdd/MapPartitionsRDD.getPartitions-MapPartitionsRDD.scala-49-49=4
org/apache/spark/status/api/v1/ShuffleReadMetrics.remoteBytesRead-api.scala-248-248=42
org/apache/spark/rdd/InputFileBlockHolder$.unset-InputFileBlockHolder.scala-86-86=3
org/apache/spark/rdd/ShuffledRDD.getPartitions-ShuffledRDD.scala-93-93=1
org/apache/spark/rdd/PairRDDFunctions$$anonfun$groupByKey$1$$anonfun$8.apply-PairRDDFunctions.scala-502-502=4
org/apache/spark/status/api/v1/TaskMetrics.executorRunTime-api.scala-223-223=37
org/apache/spark/status/api/v1/TaskMetrics.inputMetrics-api.scala-231-231=86
org/apache/spark/rdd/RDDOperationScope.name-RDDOperationScope.scala-47-47=31
org/apache/spark/rdd/PairRDDFunctions$$anonfun$mapValues$1.apply-PairRDDFunctions.scala-754-754=2
org/apache/spark/rdd/RDD$$anonfun$5.apply-RDD.scala-324-324=22
org/apache/spark/rdd/RDD.name-RDD.scala-153-153=15
org/apache/spark/util/JsonProtocol$$anonfun$rddInfoToJson$6.apply-JsonProtocol.scala-443-443=36
org/apache/spark/rdd/ShuffledRDDPartition.index-ShuffledRDD.scala-27-27=65
org/apache/spark/rdd/RDD$$anonfun$dependencies$2.apply-RDD.scala-252-252=106
org/apache/spark/rdd/RDD.computeOrReadCheckpoint-RDD.scala-343-343=8
org/apache/spark/status/api/v1/RDDPartitionInfo.executors-api.scala-161-161=9
org/apache/spark/status/api/v1/TaskMetrics.outputMetrics-api.scala-232-232=80
org/apache/spark/rdd/RDD.map-RDD.scala-392-392=2
org/apache/spark/status/api/v1/RDDPartitionInfo.diskUsed-api.scala-160-160=9
org/apache/spark/rdd/RDD.org$apache$spark$rdd$RDD$$partitions__$eq-RDD.scala-242-242=5
org/apache/spark/rdd/RDD$$anonfun$37.apply-RDD.scala-1744-1744=10
org/apache/spark/rdd/RDD.isLocallyCheckpointed-RDD.scala-1684-1684=2
org/apache/spark/util/JsonProtocol$$anonfun$rddInfoToJson$8.apply-JsonProtocol.scala-445-445=36
org/apache/spark/status/api/v1/TaskMetrics.executorDeserializeCpuTime-api.scala-222-222=31
org/apache/spark/rdd/RDDOperationScope$.withScope$default$2-RDDOperationScope.scala-101-101=6
org/apache/spark/rdd/RDD.preferredLocations-RDD.scala-296-296=20
org/apache/spark/rdd/RDD.dependencies-RDD.scala-252-252=106
org/apache/spark/rdd/RDDOperationScope$$anonfun$3.apply-RDDOperationScope.scala-106-106=12
org/apache/spark/rdd/PairRDDFunctions.keyClass-PairRDDFunctions.scala-1111-1111=1
org/apache/spark/status/api/v1/ShuffleReadMetrics.fetchWaitTime-api.scala-247-247=34
org/apache/spark/rdd/MapPartitionsRDD.isBarrier_-MapPartitionsRDD.scala-60-60=17
org/apache/spark/rdd/RDD.org$apache$spark$rdd$RDD$$dependencies__$eq-RDD.scala-241-241=5
org/apache/spark/status/api/v1/TaskMetrics.shuffleReadMetrics-api.scala-233-233=258
org/apache/spark/status/api/v1/RDDPartitionInfo.memoryUsed-api.scala-159-159=10
org/apache/spark/status/api/v1/ShuffleReadMetrics.remoteBlocksFetched-api.scala-245-245=32
org/apache/spark/rdd/ShuffledRDD$$anonfun$1.apply-ShuffledRDD.scala-79-79=1
org/apache/spark/status/api/v1/ShuffleWriteMetrics.recordsWritten-api.scala-256-256=44
org/apache/spark/rdd/ShuffledRDD.org$apache$spark$rdd$ShuffledRDD$$mapSideCombine-ShuffledRDD.scala-52-52=2
org/apache/spark/status/api/v1/TaskMetrics.diskBytesSpilled-api.scala-229-229=41
org/apache/spark/util/JsonProtocol$$anonfun$rddInfoToJson$1.apply-JsonProtocol.scala-437-437=36
org/apache/spark/status/api/v1/TaskMetrics.resultSerializationTime-api.scala-227-227=33
org/apache/spark/rdd/RDD$$anonfun$partitions$2.apply-RDD.scala-269-269=57
org/apache/spark/rdd/RDD.getStorageLevel-RDD.scala-223-223=21
org/apache/spark/rdd/MapPartitionsRDD.isCheckpointedAndMaterialized-MapPartitionsRDD.scala-1677-1677=14
org/apache/spark/rdd/RDDOperationScope.id-RDDOperationScope.scala-49-49=31
org/apache/spark/rdd/RDD$$anonfun$doCheckpoint$1$$anonfun$apply$mcV$sp$2.apply-RDD.scala-1813-1813=14
org/apache/spark/rdd/RDDOperationScope$$anonfun$1.apply-RDDOperationScope.scala-104-104=24
org/apache/spark/rdd/RDD$$anonfun$4.apply-RDD.scala-323-323=28
org/apache/spark/util/JsonProtocol$$anonfun$rddInfoToJson$4$$anonfun$apply$19.apply-JsonProtocol.scala-439-439=36
org/apache/spark/rdd/ShuffledRDD$$anonfun$getPartitions$1.apply-ShuffledRDD.scala-93-93=10
org/apache/spark/rdd/RDD.name_$eq-RDD.scala-153-153=2
org/apache/spark/rdd/RDD.sparkContext-RDD.scala-147-147=2
org/apache/spark/rdd/RDDOperationScope$.org$apache$spark$rdd$RDDOperationScope$$jsonMapper-RDDOperationScope.scala-82-82=44
org/apache/spark/rdd/InputFileBlockHolder$.initialize-InputFileBlockHolder.scala-92-92=1
org/apache/spark/rdd/ShuffledRDD.setSerializer-ShuffledRDD.scala-56-57=1
org/apache/spark/rdd/RDDOperationScope$.withScope-RDDOperationScope.scala-102-112=6
org/apache/spark/util/JsonProtocol$$anonfun$rddInfoToJson$9.apply-JsonProtocol.scala-446-446=36
org/apache/spark/util/JsonProtocol$$anonfun$rddInfoToJson$3.apply-JsonProtocol.scala-439-439=36
org/apache/spark/rdd/RDDOperationScope$.nextScopeId-RDDOperationScope.scala-90-90=13
org/apache/spark/rdd/RDD.checkpointData-RDD.scala-1751-1751=206
org/apache/spark/status/api/v1/ShuffleReadMetrics.localBytesRead-api.scala-250-250=42
org/apache/spark/util/JsonProtocol$$anonfun$rddInfoToJson$4.apply-JsonProtocol.scala-439-439=36
org/apache/spark/rdd/MapPartitionsRDD.compute-MapPartitionsRDD.scala-52-52=7
org/apache/spark/rdd/RDDOperationScope$$anonfun$5.apply-RDDOperationScope.scala-137-137=16
org/apache/spark/rdd/RDD$$anonfun$doCheckpoint$1.apply$mcV$sp-RDD.scala-1801-1801=8
org/apache/spark/status/api/v1/TaskMetrics.executorDeserializeTime-api.scala-221-221=39
org/apache/spark/rdd/MapPartitionsRDD.org$apache$spark$rdd$RDD$$dependencies_-MapPartitionsRDD.scala-241-241=26
org/apache/spark/rdd/RDD$$anonfun$getNarrowAncestors$1.apply-RDD.scala-335-335=22
org/apache/spark/rdd/RDD.org$apache$spark$internal$Logging$$log__$eq-RDD.scala-77-77=5
org/apache/spark/rdd/MapPartitionsRDD.dependencies-MapPartitionsRDD.scala-252-252=14
org/apache/spark/rdd/RDD.org$apache$spark$rdd$RDD$$doCheckpointCalled_$eq-RDD.scala-1792-1792=7
org/apache/spark/rdd/RDDOperationScope$.fromJson-RDDOperationScope.scala-86-86=13
org/apache/spark/rdd/MapPartitionsRDD.firstParent-MapPartitionsRDD.scala-1763-1763=9
org/apache/spark/rdd/RDD.setName-RDD.scala-157-158=2
org/apache/spark/rdd/RDDOperationScope.parent-RDDOperationScope.scala-48-48=31
org/apache/spark/rdd/RDD.partitions-RDD.scala-269-269=57
org/apache/spark/rdd/ShuffledRDD.setMapSideCombine-ShuffledRDD.scala-74-75=1
org/apache/spark/rdd/PairRDDFunctions.mapValues-PairRDDFunctions.scala-754-754=2
org/apache/spark/status/api/v1/ExecutorSummary.id-api.scala-77-77=6
org/apache/spark/status/api/v1/JobData.jobId-api.scala-110-110=5
org/apache/spark/rdd/RDD$$anonfun$7.apply-RDD.scala-357-357=4
org/apache/spark/rdd/MapPartitionsRDD.checkpointData-MapPartitionsRDD.scala-1751-1751=28
org/apache/spark/status/api/v1/TaskMetrics.jvmGcTime-api.scala-226-226=32
org/apache/spark/rdd/PairRDDFunctions.combineByKeyWithClassTag$default$6-PairRDDFunctions.scala-77-77=1
org/apache/spark/status/api/v1/RDDStorageInfo.id-api.scala-132-132=31
org/apache/spark/rdd/MapPartitionsRDD.iterator-MapPartitionsRDD.scala-307-307=5
org/apache/spark/rdd/RDD$$anonfun$org$apache$spark$rdd$RDD$$visit$1$1.apply-RDD.scala-327-328=11
org/apache/spark/rdd/MapPartitionsRDD$.$lessinit$greater$default$5-MapPartitionsRDD.scala-44-44=4
org/apache/spark/rdd/RDD.getDependencies-RDD.scala-132-132=4
org/apache/spark/rdd/ShuffledRDD.compute-ShuffledRDD.scala-103-105=3
org/apache/spark/rdd/RDDOperationScope$.$lessinit$greater$default$3-RDDOperationScope.scala-49-49=13
