org/apache/spark/status/api/v1/OutputMetrics.bytesWritten-api.scala-241-241=109
org/apache/spark/rdd/PairRDDFunctions$$anonfun$flatMapValues$1$$anonfun$apply$39.apply-PairRDDFunctions.scala-768-768=10
org/apache/spark/rdd/PairRDDFunctions$$anonfun$flatMapValues$1$$anonfun$apply$39$$anonfun$apply$40.apply-PairRDDFunctions.scala-768-768=35
org/apache/spark/status/api/v1/TaskMetrics.resultSize-api.scala-225-225=73
org/apache/spark/rdd/PairRDDFunctions$$anonfun$mapValues$1$$anonfun$apply$37$$anonfun$apply$38.apply-PairRDDFunctions.scala-757-757=32
org/apache/spark/rdd/CoGroupedRDD$$anonfun$compute$2.apply-CoGroupedRDD.scala-137-137=16
org/apache/spark/rdd/CoGroupedRDD$$anonfun$compute$1.apply-CoGroupedRDD.scala-137-137=16
org/apache/spark/rdd/RDD.org$apache$spark$rdd$RDD$$partitions_-RDD.scala-242-242=116
org/apache/spark/rdd/PairRDDFunctions$$anonfun$join$1$$anonfun$apply$20.apply-PairRDDFunctions.scala-547-547=15
org/apache/spark/status/api/v1/ShuffleReadMetrics.localBlocksFetched-api.scala-246-246=90
org/apache/spark/rdd/RDD.id-RDD.scala-150-150=116
org/apache/spark/rdd/RDD.scope-RDD.scala-1743-1743=10
org/apache/spark/status/api/v1/InputMetrics.recordsRead-api.scala-238-238=115
org/apache/spark/util/JsonProtocol$$anonfun$rddInfoToJson$5.apply-JsonProtocol.scala-440-440=54
org/apache/spark/status/api/v1/ShuffleWriteMetrics.writeTime-api.scala-255-255=81
org/apache/spark/rdd/CoGroupedRDD$$anonfun$1.apply-CoGroupedRDD.scala-166-166=20
org/apache/spark/status/api/v1/TaskMetrics.peakExecutionMemory-api.scala-230-230=75
org/apache/spark/status/api/v1/TaskMetrics.shuffleWriteMetrics-api.scala-234-234=301
org/apache/spark/rdd/PairRDDFunctions$$anonfun$mapValues$1$$anonfun$apply$37.apply-PairRDDFunctions.scala-757-757=10
org/apache/spark/status/api/v1/StageData.attemptId-api.scala-166-166=16
org/apache/spark/rdd/CoGroupPartition.narrowDeps-CoGroupedRDD.scala-61-61=4
org/apache/spark/rdd/PairRDDFunctions$$anonfun$flatMapValues$1$$anonfun$apply$39$$anonfun$apply$40$$anonfun$apply$41.apply-PairRDDFunctions.scala-769-769=813
org/apache/spark/status/api/v1/StageData.stageId-api.scala-165-165=18
org/apache/spark/status/api/v1/ShuffleReadMetrics.remoteBytesReadToDisk-api.scala-249-249=83
org/apache/spark/rdd/RDD.getNarrowAncestors-RDD.scala-320-335=1
org/apache/spark/rdd/RDD.elementClassTag-RDD.scala-1749-1749=5
org/apache/spark/rdd/CoGroupPartition.index-CoGroupedRDD.scala-61-61=28
org/apache/spark/rdd/RDD.isCheckpointedAndMaterialized-RDD.scala-1677-1677=21
org/apache/spark/status/api/v1/TaskMetrics.memoryBytesSpilled-api.scala-228-228=101
org/apache/spark/rdd/CoGroupedRDD.compute-CoGroupedRDD.scala-132-159=5
org/apache/spark/rdd/CoGroupedRDD$$anonfun$compute$4.apply-CoGroupedRDD.scala-153-153=20
org/apache/spark/status/api/v1/ShuffleReadMetrics.recordsRead-api.scala-251-251=115
org/apache/spark/rdd/RDD$$anonfun$org$apache$spark$rdd$RDD$$visit$1$1.apply-RDD.scala-326-326=12
org/apache/spark/status/api/v1/OutputMetrics.recordsWritten-api.scala-242-242=120
org/apache/spark/rdd/RDD.creationSite-RDD.scala-1734-1734=10
org/apache/spark/rdd/RDD$$anonfun$6.apply-RDD.scala-325-325=22
org/apache/spark/rdd/RDD$$anonfun$preferredLocations$2.apply-RDD.scala-297-297=25
org/apache/spark/rdd/RDD.org$apache$spark$rdd$RDD$$dependencies_-RDD.scala-241-241=164
org/apache/spark/rdd/MapPartitionsRDD.getOrCompute-MapPartitionsRDD.scala-354-357=6
org/apache/spark/status/api/v1/TaskMetrics.executorCpuTime-api.scala-224-224=82
org/apache/spark/rdd/RDDOperationScope.toJson-RDDOperationScope.scala-52-52=26
org/apache/spark/rdd/RDD.org$apache$spark$rdd$RDD$$visit$1-RDD.scala-323-326=15
org/apache/spark/api/java/JavaPairRDD$$anonfun$toScalaFunction$1.apply-JavaPairRDD.scala-1040-1040=467
org/apache/spark/rdd/HadoopPartition.index-HadoopRDD.scala-48-48=4
org/apache/spark/rdd/RDD.isBarrier-RDD.scala-1931-1931=3
org/apache/spark/rdd/NarrowCoGroupSplitDep.splitIndex-CoGroupedRDD.scala-40-40=14
org/apache/spark/mllib/recommendation/Rating.product-ALS.scala-33-33=485
org/apache/spark/status/api/v1/InputMetrics.bytesRead-api.scala-237-237=102
org/apache/spark/rdd/RDD.getPreferredLocations-RDD.scala-137-137=25
org/apache/spark/status/api/v1/ExecutorSummary.hostPort-api.scala-78-78=12
org/apache/spark/rdd/CoGroupedRDD$$anonfun$1$$anonfun$2.apply-CoGroupedRDD.scala-167-167=40
org/apache/spark/rdd/MapPartitionsRDD.computeOrReadCheckpoint-MapPartitionsRDD.scala-343-343=22
org/apache/spark/rdd/RDD.getOrCompute-RDD.scala-354-357=6
org/apache/spark/rdd/RDD.iterator-RDD.scala-307-307=27
org/apache/spark/rdd/MapPartitionsRDD.id-MapPartitionsRDD.scala-150-150=4
org/apache/spark/status/api/v1/ShuffleWriteMetrics.bytesWritten-api.scala-254-254=114
org/apache/spark/rdd/MapPartitionsRDD.elementClassTag-MapPartitionsRDD.scala-1749-1749=5
org/apache/spark/rdd/CoGroupedRDD$$anonfun$3.apply-CoGroupedRDD.scala-173-174=848
org/apache/spark/util/JsonProtocol$$anonfun$rddInfoToJson$7.apply-JsonProtocol.scala-444-444=50
org/apache/spark/rdd/RDD.firstParent-RDD.scala-1763-1763=14
org/apache/spark/util/JsonProtocol$$anonfun$rddInfoToJson$2.apply-JsonProtocol.scala-437-437=49
org/apache/spark/status/api/v1/ShuffleReadMetrics.remoteBytesRead-api.scala-248-248=120
org/apache/spark/rdd/InputFileBlockHolder$.unset-InputFileBlockHolder.scala-86-86=10
org/apache/spark/status/api/v1/TaskMetrics.executorRunTime-api.scala-223-223=84
org/apache/spark/status/api/v1/TaskMetrics.inputMetrics-api.scala-231-231=219
org/apache/spark/rdd/RDDOperationScope.name-RDDOperationScope.scala-47-47=27
org/apache/spark/rdd/RDD$$anonfun$5.apply-RDD.scala-324-324=28
org/apache/spark/rdd/PairRDDFunctions$$anonfun$join$1$$anonfun$apply$20.apply-PairRDDFunctions.scala-546-546=16
org/apache/spark/rdd/RDD.name-RDD.scala-153-153=8
org/apache/spark/util/JsonProtocol$$anonfun$rddInfoToJson$6.apply-JsonProtocol.scala-443-443=52
org/apache/spark/rdd/RDD$$anonfun$dependencies$2.apply-RDD.scala-252-252=78
org/apache/spark/rdd/RDD.computeOrReadCheckpoint-RDD.scala-343-343=23
org/apache/spark/status/api/v1/TaskMetrics.outputMetrics-api.scala-232-232=219
org/apache/spark/rdd/PairRDDFunctions$$anonfun$join$1$$anonfun$apply$20$$anonfun$apply$21.apply-PairRDDFunctions.scala-547-547=16
org/apache/spark/rdd/NarrowCoGroupSplitDep.split_$eq-CoGroupedRDD.scala-41-41=16
org/apache/spark/util/JsonProtocol$$anonfun$rddInfoToJson$8.apply-JsonProtocol.scala-445-445=48
org/apache/spark/status/api/v1/TaskMetrics.executorDeserializeCpuTime-api.scala-222-222=71
org/apache/spark/rdd/RDD.preferredLocations-RDD.scala-296-296=25
org/apache/spark/rdd/RDD.dependencies-RDD.scala-252-252=77
org/apache/spark/rdd/CoGroupedRDD$$anonfun$1.apply-CoGroupedRDD.scala-167-169=20
org/apache/spark/rdd/NarrowCoGroupSplitDep.rdd-CoGroupedRDD.scala-39-39=14
org/apache/spark/status/api/v1/ShuffleReadMetrics.fetchWaitTime-api.scala-247-247=87
org/apache/spark/rdd/MapPartitionsRDD.isBarrier_-MapPartitionsRDD.scala-60-60=3
org/apache/spark/rdd/RDD$$anonfun$map$1$$anonfun$apply$5.apply-RDD.scala-394-394=16
org/apache/spark/status/api/v1/TaskMetrics.shuffleReadMetrics-api.scala-233-233=699
org/apache/spark/rdd/PairRDDFunctions$$anonfun$cogroup$2$$anonfun$apply$43.apply-PairRDDFunctions.scala-806-806=29
org/apache/spark/status/api/v1/ShuffleReadMetrics.remoteBlocksFetched-api.scala-245-245=86
org/apache/spark/status/api/v1/ShuffleWriteMetrics.recordsWritten-api.scala-256-256=92
org/apache/spark/util/JsonProtocol$$anonfun$rddInfoToJson$1.apply-JsonProtocol.scala-437-437=50
org/apache/spark/status/api/v1/TaskMetrics.diskBytesSpilled-api.scala-229-229=99
org/apache/spark/rdd/NarrowCoGroupSplitDep$$anonfun$writeObject$1.apply$mcV$sp-CoGroupedRDD.scala-47-48=13
org/apache/spark/rdd/CoGroupedRDD$$anonfun$compute$3.apply-CoGroupedRDD.scala-153-153=18
org/apache/spark/mllib/recommendation/Rating.rating-ALS.scala-34-34=474
org/apache/spark/status/api/v1/TaskMetrics.resultSerializationTime-api.scala-227-227=71
org/apache/spark/mllib/recommendation/MatrixFactorizationModel$$anonfun$5.apply-MatrixFactorizationModel.scala-142-142=1616
org/apache/spark/rdd/RDD$$anonfun$partitions$2.apply-RDD.scala-269-269=60
org/apache/spark/rdd/RDD.getStorageLevel-RDD.scala-223-223=19
org/apache/spark/rdd/MapPartitionsRDD.isCheckpointedAndMaterialized-MapPartitionsRDD.scala-1677-1677=18
org/apache/spark/rdd/RDDOperationScope.id-RDDOperationScope.scala-49-49=24
org/apache/spark/rdd/RDD$$anonfun$4.apply-RDD.scala-323-323=25
org/apache/spark/rdd/PairRDDFunctions$$anonfun$join$1$$anonfun$apply$20$$anonfun$apply$21$$anonfun$apply$22.apply-PairRDDFunctions.scala-547-547=809
org/apache/spark/util/JsonProtocol$$anonfun$rddInfoToJson$4$$anonfun$apply$19.apply-JsonProtocol.scala-439-439=50
org/apache/spark/rdd/InputFileBlockHolder$$anon$1.initialValue-InputFileBlockHolder.scala-53-53=4
org/apache/spark/rdd/RDD.sparkContext-RDD.scala-147-147=1
org/apache/spark/rdd/RDDOperationScope$.org$apache$spark$rdd$RDDOperationScope$$jsonMapper-RDDOperationScope.scala-82-82=26
org/apache/spark/rdd/InputFileBlockHolder$.initialize-InputFileBlockHolder.scala-92-92=3
org/apache/spark/rdd/CoGroupedRDD$$anonfun$compute$4$$anonfun$apply$3.apply-CoGroupedRDD.scala-154-154=1731
org/apache/spark/util/JsonProtocol$$anonfun$rddInfoToJson$9.apply-JsonProtocol.scala-446-446=46
org/apache/spark/util/JsonProtocol$$anonfun$rddInfoToJson$3.apply-JsonProtocol.scala-439-439=48
org/apache/spark/rdd/RDD.checkpointData-RDD.scala-1751-1751=180
org/apache/spark/status/api/v1/ShuffleReadMetrics.localBytesRead-api.scala-250-250=112
org/apache/spark/util/JsonProtocol$$anonfun$rddInfoToJson$4.apply-JsonProtocol.scala-439-439=47
org/apache/spark/mllib/recommendation/Rating.user-ALS.scala-32-32=491
org/apache/spark/rdd/MapPartitionsRDD.compute-MapPartitionsRDD.scala-52-52=17
org/apache/spark/status/api/v1/TaskMetrics.executorDeserializeTime-api.scala-221-221=82
org/apache/spark/rdd/MapPartitionsRDD.org$apache$spark$rdd$RDD$$dependencies_-MapPartitionsRDD.scala-241-241=47
org/apache/spark/rdd/NarrowCoGroupSplitDep$$anonfun$writeObject$1.apply-CoGroupedRDD.scala-45-45=12
org/apache/spark/rdd/RDD$$anonfun$getNarrowAncestors$1.apply-RDD.scala-335-335=18
org/apache/spark/rdd/NarrowCoGroupSplitDep.split-CoGroupedRDD.scala-41-41=4
org/apache/spark/rdd/MapPartitionsRDD.dependencies-MapPartitionsRDD.scala-252-252=24
org/apache/spark/rdd/CoGroupedRDD$$anonfun$3.apply-CoGroupedRDD.scala-172-172=847
org/apache/spark/rdd/MapPartitionsRDD.firstParent-MapPartitionsRDD.scala-1763-1763=14
org/apache/spark/rdd/RDDOperationScope.parent-RDDOperationScope.scala-48-48=27
org/apache/spark/rdd/RDD$$anon$1.next-RDD.scala-367-368=486
org/apache/spark/rdd/RDD.partitions-RDD.scala-269-269=60
org/apache/spark/status/api/v1/JobData.jobId-api.scala-110-110=9
org/apache/spark/status/api/v1/ExecutorSummary.id-api.scala-77-77=10
org/apache/spark/rdd/MapPartitionsRDD.checkpointData-MapPartitionsRDD.scala-1751-1751=41
org/apache/spark/status/api/v1/TaskMetrics.jvmGcTime-api.scala-226-226=72
org/apache/spark/rdd/MapPartitionsRDD.iterator-MapPartitionsRDD.scala-307-307=28
org/apache/spark/status/api/v1/RDDStorageInfo.id-api.scala-132-132=7
org/apache/spark/rdd/RDD$$anonfun$org$apache$spark$rdd$RDD$$visit$1$1.apply-RDD.scala-327-328=11
