org/apache/spark/status/api/v1/OutputMetrics.bytesWritten-api.scala-241-241=59
org/apache/spark/status/api/v1/TaskMetrics.resultSize-api.scala-225-225=43
org/apache/spark/rdd/RDD.org$apache$spark$rdd$RDD$$partitions_-RDD.scala-242-242=58
org/apache/spark/status/api/v1/ShuffleReadMetrics.localBlocksFetched-api.scala-246-246=41
org/apache/spark/rdd/RDD.id-RDD.scala-150-150=61
org/apache/spark/rdd/RDD.scope-RDD.scala-1743-1743=4
org/apache/spark/status/api/v1/InputMetrics.recordsRead-api.scala-238-238=58
org/apache/spark/util/JsonProtocol$$anonfun$rddInfoToJson$5.apply-JsonProtocol.scala-440-440=14
org/apache/spark/status/api/v1/ShuffleWriteMetrics.writeTime-api.scala-255-255=43
org/apache/spark/status/api/v1/TaskMetrics.peakExecutionMemory-api.scala-230-230=43
org/apache/spark/status/api/v1/TaskMetrics.shuffleWriteMetrics-api.scala-234-234=158
org/apache/spark/status/api/v1/StageData.attemptId-api.scala-166-166=10
org/apache/spark/status/api/v1/StageData.stageId-api.scala-165-165=10
org/apache/spark/status/api/v1/ShuffleReadMetrics.remoteBytesReadToDisk-api.scala-249-249=43
org/apache/spark/rdd/RDD.getNarrowAncestors-RDD.scala-320-335=1
org/apache/spark/rdd/RDD.elementClassTag-RDD.scala-1749-1749=1
org/apache/spark/status/api/v1/TaskMetrics.memoryBytesSpilled-api.scala-228-228=55
org/apache/spark/rdd/RDD.isCheckpointedAndMaterialized-RDD.scala-1677-1677=7
org/apache/spark/status/api/v1/ShuffleReadMetrics.recordsRead-api.scala-251-251=60
org/apache/spark/rdd/RDD$$anonfun$org$apache$spark$rdd$RDD$$visit$1$1.apply-RDD.scala-326-326=3
org/apache/spark/status/api/v1/OutputMetrics.recordsWritten-api.scala-242-242=59
org/apache/spark/rdd/RDD.creationSite-RDD.scala-1734-1734=4
org/apache/spark/rdd/RDD$$anonfun$6.apply-RDD.scala-325-325=6
org/apache/spark/rdd/RDD$$anonfun$preferredLocations$2.apply-RDD.scala-297-297=15
org/apache/spark/rdd/RDD.org$apache$spark$rdd$RDD$$dependencies_-RDD.scala-241-241=79
org/apache/spark/rdd/MapPartitionsRDD.getOrCompute-MapPartitionsRDD.scala-354-357=4
org/apache/spark/status/api/v1/TaskMetrics.executorCpuTime-api.scala-224-224=52
org/apache/spark/rdd/RDDOperationScope.toJson-RDDOperationScope.scala-52-52=7
org/apache/spark/rdd/RDD.org$apache$spark$rdd$RDD$$visit$1-RDD.scala-323-326=4
org/apache/spark/rdd/RDD.isBarrier-RDD.scala-1931-1931=10
org/apache/spark/status/api/v1/InputMetrics.bytesRead-api.scala-237-237=54
org/apache/spark/rdd/RDD.getPreferredLocations-RDD.scala-137-137=10
org/apache/spark/status/api/v1/ExecutorSummary.hostPort-api.scala-78-78=7
org/apache/spark/rdd/MapPartitionsRDD.computeOrReadCheckpoint-MapPartitionsRDD.scala-343-343=14
org/apache/spark/rdd/RDD.getOrCompute-RDD.scala-354-357=3
org/apache/spark/rdd/MapPartitionsRDD.id-MapPartitionsRDD.scala-150-150=3
org/apache/spark/rdd/RDD.iterator-RDD.scala-307-307=14
org/apache/spark/status/api/v1/ShuffleWriteMetrics.bytesWritten-api.scala-254-254=60
org/apache/spark/rdd/MapPartitionsRDD.elementClassTag-MapPartitionsRDD.scala-1749-1749=2
org/apache/spark/util/JsonProtocol$$anonfun$rddInfoToJson$7.apply-JsonProtocol.scala-444-444=14
org/apache/spark/rdd/RDDOperationScope$$anonfun$getAllScopes$2.apply-RDDOperationScope.scala-61-61=12
org/apache/spark/rdd/RDD.firstParent-RDD.scala-1763-1763=13
org/apache/spark/rdd/RDDOperationScope.getAllScopes-RDDOperationScope.scala-61-61=12
org/apache/spark/util/JsonProtocol$$anonfun$rddInfoToJson$2.apply-JsonProtocol.scala-437-437=14
org/apache/spark/status/api/v1/ShuffleReadMetrics.remoteBytesRead-api.scala-248-248=60
org/apache/spark/rdd/InputFileBlockHolder$.unset-InputFileBlockHolder.scala-86-86=6
org/apache/spark/status/api/v1/TaskMetrics.inputMetrics-api.scala-231-231=111
org/apache/spark/status/api/v1/TaskMetrics.executorRunTime-api.scala-223-223=51
org/apache/spark/rdd/RDDOperationScope.name-RDDOperationScope.scala-47-47=19
org/apache/spark/rdd/RDD$$anonfun$5.apply-RDD.scala-324-324=6
org/apache/spark/rdd/RDD.name-RDD.scala-153-153=4
org/apache/spark/util/JsonProtocol$$anonfun$rddInfoToJson$6.apply-JsonProtocol.scala-443-443=14
org/apache/spark/rdd/ShuffledRDDPartition.index-ShuffledRDD.scala-27-27=29
org/apache/spark/rdd/RDD$$anonfun$dependencies$2.apply-RDD.scala-252-252=35
org/apache/spark/rdd/RDD.computeOrReadCheckpoint-RDD.scala-343-343=15
org/apache/spark/status/api/v1/RDDPartitionInfo.executors-api.scala-161-161=2
org/apache/spark/status/api/v1/TaskMetrics.outputMetrics-api.scala-232-232=120
org/apache/spark/status/api/v1/RDDPartitionInfo.diskUsed-api.scala-160-160=2
org/apache/spark/util/JsonProtocol$$anonfun$rddInfoToJson$8.apply-JsonProtocol.scala-445-445=14
org/apache/spark/status/api/v1/TaskMetrics.executorDeserializeCpuTime-api.scala-222-222=43
org/apache/spark/rdd/RDD.preferredLocations-RDD.scala-296-296=15
org/apache/spark/rdd/RDD.dependencies-RDD.scala-252-252=38
org/apache/spark/status/api/v1/ShuffleReadMetrics.fetchWaitTime-api.scala-247-247=44
org/apache/spark/rdd/MapPartitionsRDD.isBarrier_-MapPartitionsRDD.scala-60-60=10
org/apache/spark/rdd/RDD$$anonfun$map$1$$anonfun$apply$5.apply-RDD.scala-394-394=20
org/apache/spark/rdd/ShuffledRDD.getPreferredLocations-ShuffledRDD.scala-97-99=5
org/apache/spark/status/api/v1/TaskMetrics.shuffleReadMetrics-api.scala-233-233=347
org/apache/spark/status/api/v1/RDDPartitionInfo.memoryUsed-api.scala-159-159=2
org/apache/spark/status/api/v1/ShuffleReadMetrics.remoteBlocksFetched-api.scala-245-245=42
org/apache/spark/status/api/v1/ShuffleWriteMetrics.recordsWritten-api.scala-256-256=59
org/apache/spark/status/api/v1/TaskMetrics.diskBytesSpilled-api.scala-229-229=55
org/apache/spark/util/JsonProtocol$$anonfun$rddInfoToJson$1.apply-JsonProtocol.scala-437-437=16
org/apache/spark/status/api/v1/TaskMetrics.resultSerializationTime-api.scala-227-227=39
org/apache/spark/rdd/RDD$$anonfun$partitions$2.apply-RDD.scala-269-269=29
org/apache/spark/rdd/RDD.getStorageLevel-RDD.scala-223-223=7
org/apache/spark/rdd/MapPartitionsRDD.isCheckpointedAndMaterialized-MapPartitionsRDD.scala-1677-1677=11
org/apache/spark/rdd/RDDOperationScope.id-RDDOperationScope.scala-49-49=19
org/apache/spark/rdd/RDD$$anonfun$4.apply-RDD.scala-323-323=8
org/apache/spark/util/JsonProtocol$$anonfun$rddInfoToJson$4$$anonfun$apply$19.apply-JsonProtocol.scala-439-439=14
org/apache/spark/rdd/InputFileBlockHolder$$anon$1.initialValue-InputFileBlockHolder.scala-53-53=1
org/apache/spark/rdd/RDD.sparkContext-RDD.scala-147-147=1
org/apache/spark/rdd/RDDOperationScope$.org$apache$spark$rdd$RDDOperationScope$$jsonMapper-RDDOperationScope.scala-82-82=7
org/apache/spark/rdd/InputFileBlockHolder$.initialize-InputFileBlockHolder.scala-92-92=3
org/apache/spark/util/JsonProtocol$$anonfun$rddInfoToJson$9.apply-JsonProtocol.scala-446-446=14
org/apache/spark/util/JsonProtocol$$anonfun$rddInfoToJson$3.apply-JsonProtocol.scala-439-439=14
org/apache/spark/rdd/RDD.checkpointData-RDD.scala-1751-1751=89
org/apache/spark/status/api/v1/ShuffleReadMetrics.localBytesRead-api.scala-250-250=60
org/apache/spark/util/JsonProtocol$$anonfun$rddInfoToJson$4.apply-JsonProtocol.scala-439-439=14
org/apache/spark/rdd/MapPartitionsRDD.compute-MapPartitionsRDD.scala-52-52=11
org/apache/spark/status/api/v1/TaskMetrics.executorDeserializeTime-api.scala-221-221=51
org/apache/spark/rdd/MapPartitionsRDD.org$apache$spark$rdd$RDD$$dependencies_-MapPartitionsRDD.scala-241-241=31
org/apache/spark/rdd/RDD$$anonfun$getNarrowAncestors$1.apply-RDD.scala-335-335=6
org/apache/spark/rdd/MapPartitionsRDD.dependencies-MapPartitionsRDD.scala-252-252=10
org/apache/spark/rdd/MapPartitionsRDD.firstParent-MapPartitionsRDD.scala-1763-1763=13
org/apache/spark/rdd/RDDOperationScope.parent-RDDOperationScope.scala-48-48=19
org/apache/spark/rdd/RDD.partitions-RDD.scala-269-269=29
org/apache/spark/rdd/RDD$$anon$1.next-RDD.scala-367-368=9
org/apache/spark/status/api/v1/JobData.jobId-api.scala-110-110=8
org/apache/spark/status/api/v1/ExecutorSummary.id-api.scala-77-77=7
org/apache/spark/rdd/MapPartitionsRDD.checkpointData-MapPartitionsRDD.scala-1751-1751=14
org/apache/spark/status/api/v1/TaskMetrics.jvmGcTime-api.scala-226-226=42
org/apache/spark/status/api/v1/RDDStorageInfo.id-api.scala-132-132=9
org/apache/spark/rdd/MapPartitionsRDD.iterator-MapPartitionsRDD.scala-307-307=16
org/apache/spark/rdd/RDD$$anonfun$org$apache$spark$rdd$RDD$$visit$1$1.apply-RDD.scala-327-328=3
