org/apache/spark/rdd/RDD$$anonfun$flatMap$1.apply-RDD.scala-401-401=6
org/apache/spark/rdd/RDD.doCheckpoint-RDD.scala-1800-1800=6
org/apache/spark/rdd/MapPartitionsRDD.partitioner-MapPartitionsRDD.scala-47-47=88
org/apache/spark/rdd/PairRDDFunctions$$anonfun$flatMapValues$1.apply-PairRDDFunctions.scala-765-765=14
org/apache/spark/rdd/RDD.getNumPartitions-RDD.scala-289-289=24
org/apache/spark/rdd/RDD.org$apache$spark$rdd$RDD$$partitions_-RDD.scala-242-242=1110
org/apache/spark/rdd/RDD.org$apache$spark$rdd$RDD$$sc-RDD.scala-89-100=558
org/apache/spark/rdd/RDD$.rddToPairRDDFunctions-RDD.scala-2016-2016=58
org/apache/spark/status/api/v1/InputMetrics.recordsRead-api.scala-238-238=79
org/apache/spark/status/api/v1/TaskMetrics.shuffleWriteMetrics-api.scala-234-234=213
org/apache/spark/status/api/v1/StageData.attemptId-api.scala-166-166=20
org/apache/spark/rdd/PairRDDFunctions.flatMapValues-PairRDDFunctions.scala-765-765=14
org/apache/spark/rdd/RDD$.CHECKPOINT_ALL_MARKED_ANCESTORS-RDD.scala-2006-2006=68
org/apache/spark/status/api/v1/ShuffleReadMetrics.remoteBytesReadToDisk-api.scala-249-249=52
org/apache/spark/rdd/RDD.getNarrowAncestors-RDD.scala-320-335=12
org/apache/spark/rdd/PairRDDFunctions.combineByKeyWithClassTag-PairRDDFunctions.scala-77-77=6
org/apache/spark/status/api/v1/TaskMetrics.memoryBytesSpilled-api.scala-228-228=78
org/apache/spark/rdd/RDD.isCheckpointedAndMaterialized-RDD.scala-1677-1677=7
org/apache/spark/rdd/RDD.isBarrier_-RDD.scala-1935-1935=13
org/apache/spark/rdd/RDD$$anonfun$mapPartitions$1.apply-RDD.scala-819-819=2
org/apache/spark/rdd/RDD.org$apache$spark$rdd$RDD$$doCheckpointCalled-RDD.scala-1792-1792=6
org/apache/spark/status/api/v1/OutputMetrics.recordsWritten-api.scala-242-242=78
org/apache/spark/rdd/PairRDDFunctions$$anonfun$groupByKey$1$$anonfun$9.apply-PairRDDFunctions.scala-503-503=10
org/apache/spark/rdd/RDD.creationSite-RDD.scala-1734-1734=108
org/apache/spark/rdd/RDD$$anonfun$isBarrier_$2.apply-RDD.scala-1936-1936=50
org/apache/spark/rdd/RDD$$anonfun$6.apply-RDD.scala-325-325=184
org/apache/spark/rdd/RDD.log-RDD.scala-77-77=26
org/apache/spark/rdd/RDD.org$apache$spark$rdd$RDD$$dependencies_-RDD.scala-241-241=1508
org/apache/spark/rdd/MapPartitionsRDD$.$lessinit$greater$default$3-MapPartitionsRDD.scala-42-42=8
org/apache/spark/rdd/CoGroupedRDD.getPartitions-CoGroupedRDD.scala-113-126=13
org/apache/spark/status/api/v1/TaskMetrics.executorCpuTime-api.scala-224-224=70
org/apache/spark/rdd/PairRDDFunctions.cogroup-PairRDDFunctions.scala-801-801=14
org/apache/spark/rdd/RDDOperationScope.toJson-RDDOperationScope.scala-52-52=80
org/apache/spark/rdd/PairRDDFunctions$$anonfun$combineByKeyWithClassTag$1.apply-PairRDDFunctions.scala-77-77=6
org/apache/spark/rdd/RDD$$anonfun$isBarrier_$1.apply-RDD.scala-1936-1936=52
org/apache/spark/status/api/v1/InputMetrics.bytesRead-api.scala-237-237=82
org/apache/spark/rdd/RDD.getPreferredLocations-RDD.scala-137-137=5
org/apache/spark/status/api/v1/ExecutorSummary.hostPort-api.scala-78-78=66
org/apache/spark/rdd/PairRDDFunctions.org$apache$spark$internal$Logging$$log__$eq-PairRDDFunctions.scala-49-49=58
org/apache/spark/rdd/RDD$$anonfun$doCheckpoint$1.apply-RDD.scala-1801-1801=6
org/apache/spark/rdd/MapPartitionsRDD$$anonfun$isBarrier_$1.apply-MapPartitionsRDD.scala-60-60=84
org/apache/spark/rdd/RDD.getOrCompute-RDD.scala-354-357=2
org/apache/spark/status/api/v1/ShuffleWriteMetrics.bytesWritten-api.scala-254-254=83
org/apache/spark/rdd/RDD.context-RDD.scala-1772-1772=152
org/apache/spark/rdd/RDD.firstParent-RDD.scala-1763-1763=87
org/apache/spark/rdd/RDDOperationScope$.withScope-RDDOperationScope.scala-134-155=108
org/apache/spark/rdd/RDD.persist-RDD.scala-189-189=4
org/apache/spark/rdd/RDD.org$apache$spark$rdd$RDD$$stateLock-RDD.scala-237-237=128
org/apache/spark/rdd/ShuffledRDD.getPartitions-ShuffledRDD.scala-93-93=6
org/apache/spark/rdd/CoGroupedRDD$$anonfun$getDependencies$1.apply-CoGroupedRDD.scala-100-100=26
org/apache/spark/rdd/RDDOperationScope.name-RDDOperationScope.scala-47-47=114
org/apache/spark/rdd/RDD$$anonfun$5.apply-RDD.scala-324-324=184
org/apache/spark/rdd/RDD.name-RDD.scala-153-153=98
org/apache/spark/rdd/PairRDDFunctions$$anonfun$cogroup$2.apply-PairRDDFunctions.scala-801-801=14
org/apache/spark/rdd/RDD$$anonfun$dependencies$2.apply-RDD.scala-252-252=719
org/apache/spark/rdd/RDD.computeOrReadCheckpoint-RDD.scala-343-343=6
org/apache/spark/rdd/RDD.org$apache$spark$internal$Logging$$log_-RDD.scala-77-77=52
org/apache/spark/status/api/v1/RDDPartitionInfo.executors-api.scala-161-161=10
org/apache/spark/status/api/v1/TaskMetrics.outputMetrics-api.scala-232-232=157
org/apache/spark/rdd/RDD.map-RDD.scala-392-392=2
org/apache/spark/rdd/RDD$$anonfun$37.apply-RDD.scala-1744-1744=136
org/apache/spark/util/JsonProtocol$$anonfun$rddInfoToJson$8.apply-JsonProtocol.scala-445-445=64
org/apache/spark/rdd/RDDOperationScope$.withScope$default$2-RDDOperationScope.scala-101-101=102
org/apache/spark/rdd/RDD.preferredLocations-RDD.scala-296-296=5
org/apache/spark/rdd/RDDOperationScope$$anonfun$3.apply-RDDOperationScope.scala-106-106=204
org/apache/spark/rdd/PairRDDFunctions$$anonfun$join$1.apply-PairRDDFunctions.scala-546-546=14
org/apache/spark/rdd/RDD.org$apache$spark$rdd$RDD$$dependencies__$eq-RDD.scala-241-241=66
org/apache/spark/rdd/CoGroupedRDD$$anonfun$getPartitions$1.org$apache$spark$rdd$CoGroupedRDD$$anonfun$$$outer-CoGroupedRDD.scala-114-114=130
org/apache/spark/rdd/ShuffledRDD$$anonfun$1.apply-ShuffledRDD.scala-79-79=6
org/apache/spark/util/JsonProtocol$$anonfun$rddInfoToJson$1.apply-JsonProtocol.scala-437-437=65
org/apache/spark/status/api/v1/TaskMetrics.resultSerializationTime-api.scala-227-227=48
org/apache/spark/rdd/RDD.getStorageLevel-RDD.scala-223-223=163
org/apache/spark/rdd/MapPartitionsRDD.isCheckpointedAndMaterialized-MapPartitionsRDD.scala-1677-1677=9
org/apache/spark/rdd/RDD$$anonfun$doCheckpoint$1$$anonfun$apply$mcV$sp$2.apply-RDD.scala-1813-1813=10
org/apache/spark/rdd/RDDOperationScope$$anonfun$1.apply-RDDOperationScope.scala-104-104=408
org/apache/spark/rdd/ShuffledRDD$$anonfun$getPartitions$1.apply-ShuffledRDD.scala-93-93=60
org/apache/spark/rdd/RDD.sparkContext-RDD.scala-147-147=8
org/apache/spark/rdd/CoGroupedRDD.partitioner-CoGroupedRDD.scala-79-79=14
org/apache/spark/rdd/ShuffledRDD.setSerializer-ShuffledRDD.scala-56-57=6
org/apache/spark/util/JsonProtocol$$anonfun$rddInfoToJson$3.apply-JsonProtocol.scala-439-439=68
org/apache/spark/rdd/RDDOperationScope$.nextScopeId-RDDOperationScope.scala-90-90=46
org/apache/spark/rdd/RDD.checkpointData-RDD.scala-1751-1751=1235
org/apache/spark/status/api/v1/TaskMetrics.executorDeserializeTime-api.scala-221-221=54
org/apache/spark/rdd/MapPartitionsRDD.org$apache$spark$rdd$RDD$$dependencies_-MapPartitionsRDD.scala-241-241=15
org/apache/spark/rdd/RDD.org$apache$spark$internal$Logging$$log__$eq-RDD.scala-77-77=81
org/apache/spark/rdd/MapPartitionsRDD.dependencies-MapPartitionsRDD.scala-252-252=8
org/apache/spark/rdd/RDDOperationScope$.fromJson-RDDOperationScope.scala-86-86=135
org/apache/spark/rdd/RDD.partitions-RDD.scala-269-269=493
org/apache/spark/rdd/PairRDDFunctions.mapValues-PairRDDFunctions.scala-754-754=24
org/apache/spark/status/api/v1/ExecutorSummary.id-api.scala-77-77=66
org/apache/spark/rdd/RDD$$anonfun$7.apply-RDD.scala-357-357=3
org/apache/spark/status/api/v1/RDDStorageInfo.id-api.scala-132-132=223
org/apache/spark/rdd/RDD$$anonfun$org$apache$spark$rdd$RDD$$visit$1$1.apply-RDD.scala-327-328=86
org/apache/spark/rdd/MapPartitionsRDD$.$lessinit$greater$default$5-MapPartitionsRDD.scala-44-44=48
org/apache/spark/status/api/v1/OutputMetrics.bytesWritten-api.scala-241-241=77
org/apache/spark/status/api/v1/TaskMetrics.resultSize-api.scala-225-225=49
org/apache/spark/rdd/CoGroupedRDD$$anonfun$getDependencies$1.apply-CoGroupedRDD.scala-101-101=26
org/apache/spark/rdd/PairRDDFunctions$$anonfun$mapValues$1$$anonfun$apply$37$$anonfun$apply$38.apply-PairRDDFunctions.scala-757-757=3
org/apache/spark/rdd/PairRDDFunctions$$anonfun$groupByKey$1.apply-PairRDDFunctions.scala-498-498=6
org/apache/spark/rdd/ShuffledRDD.isBarrier-ShuffledRDD.scala-114-114=6
org/apache/spark/status/api/v1/ShuffleReadMetrics.localBlocksFetched-api.scala-246-246=49
org/apache/spark/rdd/RDDOperationScope$$anonfun$2.apply-RDDOperationScope.scala-105-105=612
org/apache/spark/rdd/RDD.id-RDD.scala-150-150=477
org/apache/spark/rdd/RDD.scope-RDD.scala-1743-1743=98
org/apache/spark/rdd/CoGroupedRDD.rdds-CoGroupedRDD.scala-80-80=78
org/apache/spark/util/JsonProtocol$$anonfun$rddInfoToJson$5.apply-JsonProtocol.scala-440-440=66
org/apache/spark/status/api/v1/ShuffleWriteMetrics.writeTime-api.scala-255-255=51
org/apache/spark/status/api/v1/TaskMetrics.peakExecutionMemory-api.scala-230-230=52
org/apache/spark/rdd/MapPartitionsRDD$.$lessinit$greater$default$4-MapPartitionsRDD.scala-43-43=48
org/apache/spark/rdd/PairRDDFunctions$$anonfun$mapValues$1$$anonfun$apply$37.apply-PairRDDFunctions.scala-757-757=4
org/apache/spark/status/api/v1/StageData.stageId-api.scala-165-165=20
org/apache/spark/rdd/ShuffledRDD.getDependencies-ShuffledRDD.scala-79-87=6
org/apache/spark/rdd/RDD.elementClassTag-RDD.scala-1749-1749=69
org/apache/spark/rdd/RDD.count-RDD.scala-1213-1213=1
org/apache/spark/rdd/RDD.logDebug-RDD.scala-77-77=26
org/apache/spark/rdd/RDD$$anonfun$partitions$2$$anonfun$apply$3.apply-RDD.scala-274-274=620
org/apache/spark/rdd/CoGroupPartition.index-CoGroupedRDD.scala-61-61=265
org/apache/spark/rdd/RDD.withScope-RDD.scala-385-385=102
org/apache/spark/rdd/RDD$$anonfun$persist$1.apply-RDD.scala-176-176=8
org/apache/spark/status/api/v1/ShuffleReadMetrics.recordsRead-api.scala-251-251=80
org/apache/spark/rdd/RDD$$anonfun$org$apache$spark$rdd$RDD$$visit$1$1.apply-RDD.scala-326-326=86
org/apache/spark/rdd/RDD$$anonfun$map$1.apply-RDD.scala-392-392=2
org/apache/spark/rdd/ShuffledRDD.partitioner-ShuffledRDD.scala-41-41=12
org/apache/spark/rdd/RDD$$anonfun$preferredLocations$2.apply-RDD.scala-297-297=5
org/apache/spark/rdd/MapPartitionsRDD.getOrCompute-MapPartitionsRDD.scala-354-357=2
org/apache/spark/rdd/PairRDDFunctions.groupByKey-PairRDDFunctions.scala-498-498=6
org/apache/spark/rdd/CoGroupedRDD.getDependencies-CoGroupedRDD.scala-100-100=13
org/apache/spark/rdd/RDD.org$apache$spark$rdd$RDD$$visit$1-RDD.scala-323-326=98
org/apache/spark/rdd/RDD.isBarrier-RDD.scala-1931-1931=99
org/apache/spark/rdd/PairRDDFunctions$$anonfun$join$2.apply-PairRDDFunctions.scala-650-650=14
org/apache/spark/rdd/MapPartitionsRDD.computeOrReadCheckpoint-MapPartitionsRDD.scala-343-343=5
org/apache/spark/rdd/MapPartitionsRDD.id-MapPartitionsRDD.scala-150-150=3
org/apache/spark/rdd/RDD.iterator-RDD.scala-307-307=5
org/apache/spark/rdd/ShuffledRDD.setAggregator-ShuffledRDD.scala-68-69=6
org/apache/spark/rdd/PairRDDFunctions$$anonfun$groupByKey$1.org$apache$spark$rdd$PairRDDFunctions$$anonfun$$$outer-PairRDDFunctions.scala-498-498=1
org/apache/spark/util/JsonProtocol$$anonfun$rddInfoToJson$7.apply-JsonProtocol.scala-444-444=65
org/apache/spark/rdd/RDDOperationScope$.$lessinit$greater$default$2-RDDOperationScope.scala-48-48=6
org/apache/spark/rdd/RDDOperationScope$$anonfun$getAllScopes$2.apply-RDDOperationScope.scala-61-61=35
org/apache/spark/rdd/CoGroupedRDD$$anonfun$getPartitions$1$$anonfun$apply$mcVI$sp$1.apply-CoGroupedRDD.scala-116-116=260
org/apache/spark/rdd/RDDOperationScope.getAllScopes-RDDOperationScope.scala-61-61=34
org/apache/spark/rdd/RDD$$anonfun$count$1.apply-RDD.scala-1213-1213=2
org/apache/spark/rdd/ShuffledRDD.prev-ShuffledRDD.scala-42-42=6
org/apache/spark/util/JsonProtocol$$anonfun$rddInfoToJson$2.apply-JsonProtocol.scala-437-437=67
org/apache/spark/rdd/MapPartitionsRDD.getPartitions-MapPartitionsRDD.scala-49-49=43
org/apache/spark/status/api/v1/ShuffleReadMetrics.remoteBytesRead-api.scala-248-248=79
org/apache/spark/rdd/PairRDDFunctions$$anonfun$groupByKey$1$$anonfun$8.apply-PairRDDFunctions.scala-502-502=1
org/apache/spark/status/api/v1/TaskMetrics.inputMetrics-api.scala-231-231=160
org/apache/spark/status/api/v1/TaskMetrics.executorRunTime-api.scala-223-223=71
org/apache/spark/rdd/PairRDDFunctions$$anonfun$mapValues$1.apply-PairRDDFunctions.scala-754-754=24
org/apache/spark/util/JsonProtocol$$anonfun$rddInfoToJson$6.apply-JsonProtocol.scala-443-443=66
org/apache/spark/rdd/CoGroupedRDD.org$apache$spark$rdd$CoGroupedRDD$$serializer-CoGroupedRDD.scala-91-91=1
org/apache/spark/rdd/ShuffledRDDPartition.index-ShuffledRDD.scala-27-27=62
org/apache/spark/status/api/v1/RDDPartitionInfo.diskUsed-api.scala-160-160=10
org/apache/spark/rdd/RDD.org$apache$spark$rdd$RDD$$partitions__$eq-RDD.scala-242-242=62
org/apache/spark/rdd/RDD.isLocallyCheckpointed-RDD.scala-1684-1684=4
org/apache/spark/status/api/v1/TaskMetrics.executorDeserializeCpuTime-api.scala-222-222=48
org/apache/spark/rdd/RDD.dependencies-RDD.scala-252-252=721
org/apache/spark/rdd/PairRDDFunctions.keyClass-PairRDDFunctions.scala-1111-1111=20
org/apache/spark/status/api/v1/ShuffleReadMetrics.fetchWaitTime-api.scala-247-247=54
org/apache/spark/rdd/RDD.logName-RDD.scala-77-77=13
org/apache/spark/rdd/MapPartitionsRDD.isBarrier_-MapPartitionsRDD.scala-60-60=86
org/apache/spark/rdd/CoGroupedRDD$$anonfun$getPartitions$1.apply$mcVI$sp-CoGroupedRDD.scala-116-116=65
org/apache/spark/rdd/RDD.flatMap-RDD.scala-401-401=6
org/apache/spark/status/api/v1/TaskMetrics.shuffleReadMetrics-api.scala-233-233=442
org/apache/spark/status/api/v1/RDDPartitionInfo.memoryUsed-api.scala-159-159=10
org/apache/spark/status/api/v1/ShuffleReadMetrics.remoteBlocksFetched-api.scala-245-245=49
org/apache/spark/status/api/v1/ShuffleWriteMetrics.recordsWritten-api.scala-256-256=79
org/apache/spark/rdd/ShuffledRDD.org$apache$spark$rdd$ShuffledRDD$$mapSideCombine-ShuffledRDD.scala-52-52=12
org/apache/spark/status/api/v1/TaskMetrics.diskBytesSpilled-api.scala-229-229=79
org/apache/spark/rdd/RDD.mapPartitions-RDD.scala-819-819=2
org/apache/spark/rdd/RDD$$anonfun$partitions$2.apply-RDD.scala-269-269=493
org/apache/spark/rdd/RDDOperationScope.id-RDDOperationScope.scala-49-49=116
org/apache/spark/rdd/RDD$$anonfun$4.apply-RDD.scala-323-323=220
org/apache/spark/util/JsonProtocol$$anonfun$rddInfoToJson$4$$anonfun$apply$19.apply-JsonProtocol.scala-439-439=67
org/apache/spark/rdd/PairRDDFunctions.join-PairRDDFunctions.scala-649-649=14
org/apache/spark/rdd/RDD.name_$eq-RDD.scala-153-153=4
org/apache/spark/rdd/RDDOperationScope$.org$apache$spark$rdd$RDDOperationScope$$jsonMapper-RDDOperationScope.scala-82-82=216
org/apache/spark/rdd/RDDOperationScope$.withScope-RDDOperationScope.scala-102-112=102
org/apache/spark/util/JsonProtocol$$anonfun$rddInfoToJson$9.apply-JsonProtocol.scala-446-446=64
org/apache/spark/status/api/v1/ShuffleReadMetrics.localBytesRead-api.scala-250-250=81
org/apache/spark/util/JsonProtocol$$anonfun$rddInfoToJson$4.apply-JsonProtocol.scala-439-439=69
org/apache/spark/rdd/RDDOperationScope$$anonfun$5.apply-RDDOperationScope.scala-137-137=134
org/apache/spark/rdd/RDD$$anonfun$doCheckpoint$1.apply$mcV$sp-RDD.scala-1801-1801=6
org/apache/spark/rdd/RDD$$anonfun$getNarrowAncestors$1.apply-RDD.scala-335-335=172
org/apache/spark/rdd/RDD.org$apache$spark$rdd$RDD$$doCheckpointCalled_$eq-RDD.scala-1792-1792=5
org/apache/spark/rdd/MapPartitionsRDD.firstParent-MapPartitionsRDD.scala-1763-1763=5
org/apache/spark/rdd/RDD.setName-RDD.scala-157-158=4
org/apache/spark/rdd/RDDOperationScope.parent-RDDOperationScope.scala-48-48=115
org/apache/spark/rdd/PairRDDFunctions.join-PairRDDFunctions.scala-545-545=14
org/apache/spark/rdd/ShuffledRDD.setMapSideCombine-ShuffledRDD.scala-74-75=6
org/apache/spark/rdd/RDD.initializeLogIfNecessary-RDD.scala-77-77=26
org/apache/spark/status/api/v1/JobData.jobId-api.scala-110-110=10
org/apache/spark/rdd/MapPartitionsRDD.checkpointData-MapPartitionsRDD.scala-1751-1751=12
org/apache/spark/status/api/v1/TaskMetrics.jvmGcTime-api.scala-226-226=47
org/apache/spark/rdd/PairRDDFunctions.combineByKeyWithClassTag$default$6-PairRDDFunctions.scala-77-77=6
org/apache/spark/rdd/MapPartitionsRDD.iterator-MapPartitionsRDD.scala-307-307=4
org/apache/spark/rdd/RDD.getDependencies-RDD.scala-132-132=47
org/apache/spark/rdd/ShuffledRDD.compute-ShuffledRDD.scala-103-105=3
org/apache/spark/rdd/RDDOperationScope$.$lessinit$greater$default$3-RDDOperationScope.scala-49-49=46
