org/apache/spark/status/api/v1/OutputMetrics.bytesWritten-api.scala-241-241=24
org/apache/spark/rdd/RDD.doCheckpoint-RDD.scala-1800-1800=1
org/apache/spark/rdd/MapPartitionsRDD.partitioner-MapPartitionsRDD.scala-47-47=1
org/apache/spark/status/api/v1/TaskMetrics.resultSize-api.scala-225-225=6
org/apache/spark/mllib/recommendation/MatrixFactorizationModel.rank-MatrixFactorizationModel.scala-56-56=1
org/apache/spark/rdd/RDD.getNumPartitions-RDD.scala-289-289=9
org/apache/spark/rdd/RDD.org$apache$spark$rdd$RDD$$partitions_-RDD.scala-242-242=266
org/apache/spark/status/api/v1/ShuffleReadMetrics.localBlocksFetched-api.scala-246-246=6
org/apache/spark/rdd/RDD.org$apache$spark$rdd$RDD$$sc-RDD.scala-89-100=5
org/apache/spark/rdd/RDDOperationScope$$anonfun$2.apply-RDDOperationScope.scala-105-105=12
org/apache/spark/rdd/RDD.id-RDD.scala-150-150=214
org/apache/spark/rdd/RDD.scope-RDD.scala-1743-1743=96
org/apache/spark/status/api/v1/InputMetrics.recordsRead-api.scala-238-238=23
org/apache/spark/util/JsonProtocol$$anonfun$rddInfoToJson$5.apply-JsonProtocol.scala-440-440=230
org/apache/spark/status/api/v1/ShuffleWriteMetrics.writeTime-api.scala-255-255=6
org/apache/spark/status/api/v1/TaskMetrics.peakExecutionMemory-api.scala-230-230=6
org/apache/spark/status/api/v1/TaskMetrics.shuffleWriteMetrics-api.scala-234-234=54
org/apache/spark/status/api/v1/StageData.attemptId-api.scala-166-166=16
org/apache/spark/rdd/RDD$$anonfun$take$1$$anonfun$apply$48.apply-RDD.scala-1411-1411=1
org/apache/spark/status/api/v1/StageData.stageId-api.scala-165-165=16
org/apache/spark/status/api/v1/ShuffleReadMetrics.remoteBytesReadToDisk-api.scala-249-249=6
org/apache/spark/rdd/RDD.getNarrowAncestors-RDD.scala-320-335=11
org/apache/spark/rdd/RDD.elementClassTag-RDD.scala-1749-1749=1
org/apache/spark/rdd/RDD.take-RDD.scala-1382-1382=1
org/apache/spark/rdd/CoGroupPartition.index-CoGroupedRDD.scala-61-61=2
org/apache/spark/status/api/v1/TaskMetrics.memoryBytesSpilled-api.scala-228-228=24
org/apache/spark/rdd/RDD.withScope-RDD.scala-385-385=2
org/apache/spark/rdd/RDD.org$apache$spark$rdd$RDD$$doCheckpointCalled-RDD.scala-1792-1792=1
org/apache/spark/status/api/v1/ShuffleReadMetrics.recordsRead-api.scala-251-251=24
org/apache/spark/status/api/v1/OutputMetrics.recordsWritten-api.scala-242-242=24
org/apache/spark/rdd/RDD$$anonfun$org$apache$spark$rdd$RDD$$visit$1$1.apply-RDD.scala-326-326=85
org/apache/spark/rdd/RDD.creationSite-RDD.scala-1734-1734=105
org/apache/spark/rdd/RDD$$anonfun$6.apply-RDD.scala-325-325=182
org/apache/spark/rdd/RDD.org$apache$spark$rdd$RDD$$dependencies_-RDD.scala-241-241=700
org/apache/spark/status/api/v1/TaskMetrics.executorCpuTime-api.scala-224-224=21
org/apache/spark/rdd/RDDOperationScope.toJson-RDDOperationScope.scala-52-52=115
org/apache/spark/rdd/RDD.org$apache$spark$rdd$RDD$$visit$1-RDD.scala-323-326=96
org/apache/spark/rdd/RDD.isBarrier-RDD.scala-1931-1931=31
org/apache/spark/rdd/NarrowCoGroupSplitDep.splitIndex-CoGroupedRDD.scala-40-40=4
org/apache/spark/status/api/v1/InputMetrics.bytesRead-api.scala-237-237=23
org/apache/spark/status/api/v1/ExecutorSummary.hostPort-api.scala-78-78=9
org/apache/spark/rdd/RDD$$anonfun$doCheckpoint$1.apply-RDD.scala-1801-1801=1
org/apache/spark/rdd/RDD.getOrCompute-RDD.scala-354-357=1
org/apache/spark/rdd/MapPartitionsRDD.id-MapPartitionsRDD.scala-150-150=1
org/apache/spark/rdd/RDD.iterator-RDD.scala-307-307=1
org/apache/spark/status/api/v1/ShuffleWriteMetrics.bytesWritten-api.scala-254-254=24
org/apache/spark/rdd/MapPartitionsRDD.elementClassTag-MapPartitionsRDD.scala-1749-1749=1
org/apache/spark/util/JsonProtocol$$anonfun$rddInfoToJson$7.apply-JsonProtocol.scala-444-444=229
org/apache/spark/rdd/RDDOperationScope$$anonfun$getAllScopes$2.apply-RDDOperationScope.scala-61-61=95
org/apache/spark/rdd/RDDOperationScope$.$lessinit$greater$default$2-RDDOperationScope.scala-48-48=1
org/apache/spark/rdd/RDDOperationScope$.withScope-RDDOperationScope.scala-134-155=3
org/apache/spark/rdd/RDDOperationScope.getAllScopes-RDDOperationScope.scala-61-61=95
org/apache/spark/util/JsonProtocol$$anonfun$rddInfoToJson$2.apply-JsonProtocol.scala-437-437=226
org/apache/spark/status/api/v1/ShuffleReadMetrics.remoteBytesRead-api.scala-248-248=24
org/apache/spark/rdd/RDD$$anonfun$take$1.apply-RDD.scala-1383-1382=1
org/apache/spark/status/api/v1/TaskMetrics.executorRunTime-api.scala-223-223=21
org/apache/spark/status/api/v1/TaskMetrics.inputMetrics-api.scala-231-231=46
org/apache/spark/rdd/RDDOperationScope.name-RDDOperationScope.scala-47-47=211
org/apache/spark/rdd/RDD$$anonfun$5.apply-RDD.scala-324-324=182
org/apache/spark/util/JsonProtocol$$anonfun$rddInfoToJson$6.apply-JsonProtocol.scala-443-443=229
org/apache/spark/rdd/RDD.name-RDD.scala-153-153=96
org/apache/spark/rdd/RDD$$anonfun$dependencies$2.apply-RDD.scala-252-252=350
org/apache/spark/rdd/RDD.first-RDD.scala-1422-1422=1
org/apache/spark/status/api/v1/TaskMetrics.outputMetrics-api.scala-232-232=47
org/apache/spark/rdd/RDD.conf-RDD.scala-107-107=1
org/apache/spark/rdd/NarrowCoGroupSplitDep.split_$eq-CoGroupedRDD.scala-41-41=4
org/apache/spark/util/JsonProtocol$$anonfun$rddInfoToJson$8.apply-JsonProtocol.scala-445-445=229
org/apache/spark/status/api/v1/TaskMetrics.executorDeserializeCpuTime-api.scala-222-222=6
org/apache/spark/rdd/RDDOperationScope$.withScope$default$2-RDDOperationScope.scala-101-101=2
org/apache/spark/rdd/RDD.dependencies-RDD.scala-252-252=350
org/apache/spark/rdd/RDDOperationScope$$anonfun$3.apply-RDDOperationScope.scala-106-106=4
org/apache/spark/rdd/NarrowCoGroupSplitDep.rdd-CoGroupedRDD.scala-39-39=4
org/apache/spark/status/api/v1/ShuffleReadMetrics.fetchWaitTime-api.scala-247-247=6
org/apache/spark/rdd/MapPartitionsRDD.isBarrier_-MapPartitionsRDD.scala-60-60=31
org/apache/spark/status/api/v1/TaskMetrics.shuffleReadMetrics-api.scala-233-233=96
org/apache/spark/status/api/v1/ShuffleReadMetrics.remoteBlocksFetched-api.scala-245-245=6
org/apache/spark/status/api/v1/ShuffleWriteMetrics.recordsWritten-api.scala-256-256=24
org/apache/spark/status/api/v1/TaskMetrics.diskBytesSpilled-api.scala-229-229=24
org/apache/spark/util/JsonProtocol$$anonfun$rddInfoToJson$1.apply-JsonProtocol.scala-437-437=229
org/apache/spark/rdd/NarrowCoGroupSplitDep$$anonfun$writeObject$1.apply$mcV$sp-CoGroupedRDD.scala-47-48=4
org/apache/spark/rdd/RDD$$anonfun$first$1.apply-RDD.scala-1423-1425=1
org/apache/spark/status/api/v1/TaskMetrics.resultSerializationTime-api.scala-227-227=6
org/apache/spark/rdd/RDD$$anonfun$partitions$2.apply-RDD.scala-269-269=133
org/apache/spark/rdd/RDD.getStorageLevel-RDD.scala-223-223=98
org/apache/spark/rdd/RDDOperationScope.id-RDDOperationScope.scala-49-49=210
org/apache/spark/rdd/RDDOperationScope$$anonfun$1.apply-RDDOperationScope.scala-104-104=8
org/apache/spark/rdd/RDD$$anonfun$4.apply-RDD.scala-323-323=216
org/apache/spark/util/JsonProtocol$$anonfun$rddInfoToJson$4$$anonfun$apply$19.apply-JsonProtocol.scala-439-439=230
org/apache/spark/rdd/RDD.sparkContext-RDD.scala-147-147=1
org/apache/spark/rdd/RDDOperationScope$.org$apache$spark$rdd$RDDOperationScope$$jsonMapper-RDDOperationScope.scala-82-82=117
org/apache/spark/rdd/RDDOperationScope$.withScope-RDDOperationScope.scala-102-112=2
org/apache/spark/util/JsonProtocol$$anonfun$rddInfoToJson$9.apply-JsonProtocol.scala-446-446=228
org/apache/spark/util/JsonProtocol$$anonfun$rddInfoToJson$3.apply-JsonProtocol.scala-439-439=228
org/apache/spark/rdd/RDDOperationScope$.nextScopeId-RDDOperationScope.scala-90-90=2
org/apache/spark/rdd/RDD.checkpointData-RDD.scala-1751-1751=483
org/apache/spark/status/api/v1/ShuffleReadMetrics.localBytesRead-api.scala-250-250=24
org/apache/spark/util/JsonProtocol$$anonfun$rddInfoToJson$4.apply-JsonProtocol.scala-439-439=230
org/apache/spark/rdd/RDDOperationScope$$anonfun$5.apply-RDDOperationScope.scala-137-137=4
org/apache/spark/rdd/RDD$$anonfun$doCheckpoint$1.apply$mcV$sp-RDD.scala-1801-1801=1
org/apache/spark/status/api/v1/TaskMetrics.executorDeserializeTime-api.scala-221-221=7
org/apache/spark/rdd/NarrowCoGroupSplitDep$$anonfun$writeObject$1.apply-CoGroupedRDD.scala-45-45=4
org/apache/spark/rdd/RDD$$anonfun$getNarrowAncestors$1.apply-RDD.scala-335-335=170
org/apache/spark/rdd/RDDOperationScope$.fromJson-RDDOperationScope.scala-86-86=2
org/apache/spark/rdd/RDDOperationScope.parent-RDDOperationScope.scala-48-48=210
org/apache/spark/rdd/RDD.partitions-RDD.scala-269-269=133
org/apache/spark/rdd/RDD$$anon$1.next-RDD.scala-367-368=1
org/apache/spark/status/api/v1/JobData.jobId-api.scala-110-110=4
org/apache/spark/status/api/v1/ExecutorSummary.id-api.scala-77-77=9
org/apache/spark/status/api/v1/TaskMetrics.jvmGcTime-api.scala-226-226=6
org/apache/spark/rdd/MapPartitionsRDD.iterator-MapPartitionsRDD.scala-307-307=1
org/apache/spark/status/api/v1/RDDStorageInfo.id-api.scala-132-132=18
org/apache/spark/rdd/RDD$$anonfun$org$apache$spark$rdd$RDD$$visit$1$1.apply-RDD.scala-327-328=85
org/apache/spark/rdd/RDDOperationScope$.$lessinit$greater$default$3-RDDOperationScope.scala-49-49=2
