org/apache/spark/rdd/RDD.doCheckpoint-RDD.scala-1800-1800=2
org/apache/spark/rdd/MapPartitionsRDD.partitioner-MapPartitionsRDD.scala-47-47=17
org/apache/spark/rdd/PairRDDFunctions$$anonfun$flatMapValues$1.apply-PairRDDFunctions.scala-765-765=3
org/apache/spark/rdd/RDD$$anonfun$aggregate$1$$anonfun$24.org$apache$spark$rdd$RDD$$anonfun$$anonfun$$$outer-RDD.scala-1167-1167=8
org/apache/spark/mllib/recommendation/MatrixFactorizationModel$$anonfun$1.apply-MatrixFactorizationModel.scala-102-102=782
org/apache/spark/rdd/RDD.getNumPartitions-RDD.scala-289-289=16
org/apache/spark/rdd/RDD.org$apache$spark$rdd$RDD$$partitions_-RDD.scala-242-242=548
org/apache/spark/rdd/RDD.org$apache$spark$rdd$RDD$$sc-RDD.scala-89-100=151
org/apache/spark/rdd/RDD$.rddToPairRDDFunctions-RDD.scala-2016-2016=9
org/apache/spark/status/api/v1/InputMetrics.recordsRead-api.scala-238-238=139
org/apache/spark/status/api/v1/TaskMetrics.shuffleWriteMetrics-api.scala-234-234=404
org/apache/spark/status/api/v1/StageData.attemptId-api.scala-166-166=7
org/apache/spark/rdd/PairRDDFunctions.flatMapValues-PairRDDFunctions.scala-765-765=3
org/apache/spark/rdd/RDD$.CHECKPOINT_ALL_MARKED_ANCESTORS-RDD.scala-2006-2006=18
org/apache/spark/status/api/v1/ShuffleReadMetrics.remoteBytesReadToDisk-api.scala-249-249=121
org/apache/spark/rdd/RDD.getNarrowAncestors-RDD.scala-320-335=16
org/apache/spark/status/api/v1/TaskMetrics.memoryBytesSpilled-api.scala-228-228=146
org/apache/spark/rdd/RDD.isCheckpointedAndMaterialized-RDD.scala-1677-1677=7
org/apache/spark/rdd/RDD.isBarrier_-RDD.scala-1935-1935=3
org/apache/spark/rdd/RDD$$anonfun$mapPartitions$1.apply-RDD.scala-819-819=1
org/apache/spark/rdd/RDD.org$apache$spark$rdd$RDD$$doCheckpointCalled-RDD.scala-1792-1792=2
org/apache/spark/api/java/JavaRDD.rdd-JavaRDD.scala-30-30=6
org/apache/spark/status/api/v1/OutputMetrics.recordsWritten-api.scala-242-242=139
org/apache/spark/rdd/RDD.creationSite-RDD.scala-1734-1734=150
org/apache/spark/rdd/RDD$$anonfun$isBarrier_$2.apply-RDD.scala-1936-1936=4
org/apache/spark/rdd/RDD$$anonfun$6.apply-RDD.scala-325-325=254
org/apache/spark/rdd/RDD.log-RDD.scala-77-77=6
org/apache/spark/rdd/RDD.org$apache$spark$rdd$RDD$$dependencies_-RDD.scala-241-241=1404
org/apache/spark/rdd/MapPartitionsRDD$.$lessinit$greater$default$3-MapPartitionsRDD.scala-42-42=8
org/apache/spark/rdd/CoGroupedRDD.getPartitions-CoGroupedRDD.scala-113-126=3
org/apache/spark/status/api/v1/TaskMetrics.executorCpuTime-api.scala-224-224=131
org/apache/spark/rdd/PairRDDFunctions.cogroup-PairRDDFunctions.scala-801-801=3
org/apache/spark/rdd/RDDOperationScope.toJson-RDDOperationScope.scala-52-52=21
org/apache/spark/rdd/RDD$$anonfun$isBarrier_$1.apply-RDD.scala-1936-1936=12
org/apache/spark/api/java/JavaPairRDD$$anonfun$toScalaFunction$1.apply-JavaPairRDD.scala-1040-1040=809
org/apache/spark/status/api/v1/InputMetrics.bytesRead-api.scala-237-237=139
org/apache/spark/mllib/recommendation/Rating.product-ALS.scala-33-33=808
org/apache/spark/rdd/RDD.getPreferredLocations-RDD.scala-137-137=10
org/apache/spark/status/api/v1/ExecutorSummary.hostPort-api.scala-78-78=69
org/apache/spark/rdd/PairRDDFunctions.org$apache$spark$internal$Logging$$log__$eq-PairRDDFunctions.scala-49-49=9
org/apache/spark/rdd/RDD$$anonfun$doCheckpoint$1.apply-RDD.scala-1801-1801=2
org/apache/spark/rdd/MapPartitionsRDD$$anonfun$isBarrier_$1.apply-MapPartitionsRDD.scala-60-60=28
org/apache/spark/rdd/RDD.getOrCompute-RDD.scala-354-357=14
org/apache/spark/status/api/v1/ShuffleWriteMetrics.bytesWritten-api.scala-254-254=142
org/apache/spark/rdd/MapPartitionsRDD.elementClassTag-MapPartitionsRDD.scala-1749-1749=14
org/apache/spark/rdd/RDD.context-RDD.scala-1772-1772=35
org/apache/spark/api/java/JavaPairRDD.map-JavaPairRDD.scala-45-45=3
org/apache/spark/rdd/RDD.firstParent-RDD.scala-1763-1763=29
org/apache/spark/rdd/RDDOperationScope$.withScope-RDDOperationScope.scala-134-155=27
org/apache/spark/rdd/RDD.org$apache$spark$rdd$RDD$$stateLock-RDD.scala-237-237=34
org/apache/spark/api/java/AbstractJavaRDDLike.map-JavaRDDLike.scala-45-45=3
org/apache/spark/rdd/CoGroupedRDD$$anonfun$getDependencies$1.apply-CoGroupedRDD.scala-100-100=6
org/apache/spark/rdd/RDDOperationScope.name-RDDOperationScope.scala-47-47=22
org/apache/spark/rdd/RDD$$anonfun$5.apply-RDD.scala-324-324=254
org/apache/spark/rdd/RDD.name-RDD.scala-153-153=136
org/apache/spark/api/java/JavaPairRDD$.fromJavaRDD-JavaPairRDD.scala-1047-1049=2
org/apache/spark/rdd/PairRDDFunctions$$anonfun$cogroup$2.apply-PairRDDFunctions.scala-801-801=3
org/apache/spark/rdd/RDD$$anonfun$dependencies$2.apply-RDD.scala-252-252=694
org/apache/spark/rdd/RDD.computeOrReadCheckpoint-RDD.scala-343-343=6
org/apache/spark/rdd/RDD.org$apache$spark$internal$Logging$$log_-RDD.scala-77-77=12
org/apache/spark/status/api/v1/RDDPartitionInfo.executors-api.scala-161-161=5
org/apache/spark/status/api/v1/TaskMetrics.outputMetrics-api.scala-232-232=275
org/apache/spark/rdd/RDD.map-RDD.scala-392-392=8
org/apache/spark/rdd/RDD$$anonfun$37.apply-RDD.scala-1744-1744=36
org/apache/spark/mllib/recommendation/MatrixFactorizationModel$$anonfun$1.apply-MatrixFactorizationModel.scala-103-105=780
org/apache/spark/api/java/JavaRDDLike$class.$init$-JavaRDDLike.scala-53-53=9
org/apache/spark/mllib/recommendation/MatrixFactorizationModel$$anonfun$2.apply-MatrixFactorizationModel.scala-107-107=6
org/apache/spark/util/JsonProtocol$$anonfun$rddInfoToJson$8.apply-JsonProtocol.scala-445-445=16
org/apache/spark/rdd/RDDOperationScope$.withScope$default$2-RDDOperationScope.scala-101-101=27
org/apache/spark/rdd/RDD.preferredLocations-RDD.scala-296-296=10
org/apache/spark/api/java/JavaPairRDD.fromJavaRDD-JavaPairRDD.scala--1--1=2
org/apache/spark/rdd/RDDOperationScope$$anonfun$3.apply-RDDOperationScope.scala-106-106=54
org/apache/spark/rdd/PairRDDFunctions$$anonfun$join$1.apply-PairRDDFunctions.scala-546-546=3
org/apache/spark/api/java/JavaPairRDD$.toRDD-JavaPairRDD.scala-1033-1033=1
org/apache/spark/rdd/RDD.org$apache$spark$rdd$RDD$$dependencies__$eq-RDD.scala-241-241=17
org/apache/spark/rdd/CoGroupedRDD$$anonfun$getPartitions$1.org$apache$spark$rdd$CoGroupedRDD$$anonfun$$$outer-CoGroupedRDD.scala-114-114=40
org/apache/spark/api/java/JavaPairRDD.values-JavaPairRDD.scala-947-947=1
org/apache/spark/util/JsonProtocol$$anonfun$rddInfoToJson$1.apply-JsonProtocol.scala-437-437=17
org/apache/spark/api/java/JavaDoubleRDD$.fromRDD-JavaDoubleRDD.scala-286-286=1
org/apache/spark/status/api/v1/TaskMetrics.resultSerializationTime-api.scala-227-227=127
org/apache/spark/rdd/RDD.getStorageLevel-RDD.scala-223-223=155
org/apache/spark/rdd/MapPartitionsRDD.isCheckpointedAndMaterialized-MapPartitionsRDD.scala-1677-1677=8
org/apache/spark/rdd/RDD$$anonfun$doCheckpoint$1$$anonfun$apply$mcV$sp$2.apply-RDD.scala-1813-1813=2
org/apache/spark/rdd/RDDOperationScope$$anonfun$1.apply-RDDOperationScope.scala-104-104=108
org/apache/spark/rdd/RDD.sparkContext-RDD.scala-147-147=5
org/apache/spark/rdd/InputFileBlockHolder$.initialize-InputFileBlockHolder.scala-92-92=2
org/apache/spark/rdd/CoGroupedRDD.partitioner-CoGroupedRDD.scala-79-79=3
org/apache/spark/rdd/RDD.aggregate-RDD.scala-1162-1162=1
org/apache/spark/util/JsonProtocol$$anonfun$rddInfoToJson$3.apply-JsonProtocol.scala-439-439=16
org/apache/spark/rdd/RDDOperationScope$.nextScopeId-RDDOperationScope.scala-90-90=14
org/apache/spark/rdd/RDD.checkpointData-RDD.scala-1751-1751=969
org/apache/spark/mllib/recommendation/Rating.user-ALS.scala-32-32=815
org/apache/spark/status/api/v1/TaskMetrics.executorDeserializeTime-api.scala-221-221=137
org/apache/spark/rdd/MapPartitionsRDD.org$apache$spark$rdd$RDD$$dependencies_-MapPartitionsRDD.scala-241-241=9
org/apache/spark/rdd/RDD.org$apache$spark$internal$Logging$$log__$eq-RDD.scala-77-77=21
org/apache/spark/rdd/MapPartitionsRDD.dependencies-MapPartitionsRDD.scala-252-252=6
org/apache/spark/rdd/RDDOperationScope$.fromJson-RDDOperationScope.scala-86-86=35
org/apache/spark/rdd/RDD.partitions-RDD.scala-269-269=257
org/apache/spark/rdd/PairRDDFunctions.mapValues-PairRDDFunctions.scala-754-754=3
org/apache/spark/status/api/v1/ExecutorSummary.id-api.scala-77-77=68
org/apache/spark/rdd/RDD$$anonfun$7.apply-RDD.scala-357-357=7
org/apache/spark/status/api/v1/RDDStorageInfo.id-api.scala-132-132=322
org/apache/spark/rdd/RDD$$anonfun$org$apache$spark$rdd$RDD$$visit$1$1.apply-RDD.scala-327-328=120
org/apache/spark/rdd/MapPartitionsRDD$.$lessinit$greater$default$5-MapPartitionsRDD.scala-44-44=15
org/apache/spark/status/api/v1/OutputMetrics.bytesWritten-api.scala-241-241=139
org/apache/spark/api/java/JavaPairRDD.vClassTag-JavaPairRDD.scala-46-46=3
org/apache/spark/status/api/v1/TaskMetrics.resultSize-api.scala-225-225=118
org/apache/spark/rdd/CoGroupedRDD$$anonfun$getDependencies$1.apply-CoGroupedRDD.scala-101-101=6
org/apache/spark/api/java/JavaDoubleRDD.srdd-JavaDoubleRDD.scala-34-34=1
org/apache/spark/mllib/recommendation/MatrixFactorizationModel$$anonfun$2.apply-MatrixFactorizationModel.scala-108-110=4
org/apache/spark/status/api/v1/ShuffleReadMetrics.localBlocksFetched-api.scala-246-246=122
org/apache/spark/rdd/RDD$.doubleRDDToDoubleRDDFunctions-RDD.scala-2040-2040=1
org/apache/spark/api/java/JavaRDD$.fromRDD-JavaRDD.scala-213-213=1
org/apache/spark/rdd/RDDOperationScope$$anonfun$2.apply-RDDOperationScope.scala-105-105=162
org/apache/spark/api/java/JavaRDDLike$class.map-JavaRDDLike.scala-93-93=3
org/apache/spark/rdd/RDD.id-RDD.scala-150-150=417
org/apache/spark/rdd/RDD.scope-RDD.scala-1743-1743=136
org/apache/spark/rdd/CoGroupedRDD.rdds-CoGroupedRDD.scala-80-80=23
org/apache/spark/rdd/RDD.toJavaRDD-RDD.scala-1917-1917=1
org/apache/spark/util/JsonProtocol$$anonfun$rddInfoToJson$5.apply-JsonProtocol.scala-440-440=16
org/apache/spark/status/api/v1/ShuffleWriteMetrics.writeTime-api.scala-255-255=122
org/apache/spark/status/api/v1/TaskMetrics.peakExecutionMemory-api.scala-230-230=127
org/apache/spark/rdd/MapPartitionsRDD$.$lessinit$greater$default$4-MapPartitionsRDD.scala-43-43=15
org/apache/spark/api/java/JavaSparkContext$.fakeClassTag-JavaSparkContext.scala-870-870=10
org/apache/spark/status/api/v1/StageData.stageId-api.scala-165-165=7
org/apache/spark/rdd/RDD.elementClassTag-RDD.scala-1749-1749=34
org/apache/spark/rdd/RDD.logDebug-RDD.scala-77-77=6
org/apache/spark/rdd/RDD$$anonfun$partitions$2$$anonfun$apply$3.apply-RDD.scala-274-274=250
org/apache/spark/rdd/CoGroupPartition.index-CoGroupedRDD.scala-61-61=105
org/apache/spark/rdd/RDD.withScope-RDD.scala-385-385=25
org/apache/spark/status/api/v1/ShuffleReadMetrics.recordsRead-api.scala-251-251=143
org/apache/spark/rdd/RDD$$anonfun$org$apache$spark$rdd$RDD$$visit$1$1.apply-RDD.scala-326-326=120
org/apache/spark/api/java/JavaPairRDD.kClassTag-JavaPairRDD.scala-46-46=2
org/apache/spark/rdd/DoubleRDDFunctions.org$apache$spark$internal$Logging$$log__$eq-DoubleRDDFunctions.scala-32-32=1
org/apache/spark/rdd/RDD$$anonfun$map$1.apply-RDD.scala-392-392=8
org/apache/spark/rdd/RDD$$anonfun$preferredLocations$2.apply-RDD.scala-297-297=10
org/apache/spark/rdd/MapPartitionsRDD.getOrCompute-MapPartitionsRDD.scala-354-357=12
org/apache/spark/rdd/CoGroupedRDD.getDependencies-CoGroupedRDD.scala-100-100=3
org/apache/spark/rdd/RDD.org$apache$spark$rdd$RDD$$visit$1-RDD.scala-323-326=136
org/apache/spark/rdd/RDD.isBarrier-RDD.scala-1931-1931=71
org/apache/spark/rdd/HadoopPartition.index-HadoopRDD.scala-48-48=53
org/apache/spark/rdd/PairRDDFunctions$$anonfun$join$2.apply-PairRDDFunctions.scala-650-650=3
org/apache/spark/api/java/JavaPairRDD$.fromRDD-JavaPairRDD.scala-1030-1030=1
org/apache/spark/rdd/MapPartitionsRDD.computeOrReadCheckpoint-MapPartitionsRDD.scala-343-343=5
org/apache/spark/rdd/MapPartitionsRDD.id-MapPartitionsRDD.scala-150-150=13
org/apache/spark/rdd/RDD.iterator-RDD.scala-307-307=11
org/apache/spark/api/java/JavaPairRDD.rdd-JavaPairRDD.scala-45-45=3
org/apache/spark/util/JsonProtocol$$anonfun$rddInfoToJson$7.apply-JsonProtocol.scala-444-444=16
org/apache/spark/rdd/RDDOperationScope$.$lessinit$greater$default$2-RDDOperationScope.scala-48-48=2
org/apache/spark/rdd/RDD$.rddToPairRDDFunctions$default$4-RDD.scala-2015-2015=1
org/apache/spark/rdd/CoGroupedRDD$$anonfun$getPartitions$1$$anonfun$apply$mcVI$sp$1.apply-CoGroupedRDD.scala-116-116=80
org/apache/spark/util/JsonProtocol$$anonfun$rddInfoToJson$2.apply-JsonProtocol.scala-437-437=16
org/apache/spark/rdd/MapPartitionsRDD.getPartitions-MapPartitionsRDD.scala-49-49=14
org/apache/spark/status/api/v1/ShuffleReadMetrics.remoteBytesRead-api.scala-248-248=142
org/apache/spark/rdd/InputFileBlockHolder$.unset-InputFileBlockHolder.scala-86-86=5
org/apache/spark/status/api/v1/TaskMetrics.executorRunTime-api.scala-223-223=140
org/apache/spark/status/api/v1/TaskMetrics.inputMetrics-api.scala-231-231=287
org/apache/spark/rdd/PairRDDFunctions$$anonfun$mapValues$1.apply-PairRDDFunctions.scala-754-754=3
org/apache/spark/util/JsonProtocol$$anonfun$rddInfoToJson$6.apply-JsonProtocol.scala-443-443=16
org/apache/spark/rdd/CoGroupedRDD.org$apache$spark$rdd$CoGroupedRDD$$serializer-CoGroupedRDD.scala-91-91=4
org/apache/spark/api/java/JavaDoubleRDD.fromRDD-JavaDoubleRDD.scala--1--1=1
org/apache/spark/mllib/recommendation/MatrixFactorizationModel.userFeatures-MatrixFactorizationModel.scala-57-57=1
org/apache/spark/status/api/v1/RDDPartitionInfo.diskUsed-api.scala-160-160=5
org/apache/spark/rdd/RDD.org$apache$spark$rdd$RDD$$partitions__$eq-RDD.scala-242-242=17
org/apache/spark/rdd/RDD$$anonfun$aggregate$1$$anonfun$25.apply-RDD.scala-1168-1168=6
org/apache/spark/api/java/JavaPairRDD.join-JavaPairRDD.scala-567-567=1
org/apache/spark/rdd/RDD$$anonfun$aggregate$1$$anonfun$24$$anonfun$apply$38.apply-RDD.scala-1167-1167=8
org/apache/spark/mllib/recommendation/MatrixFactorizationModel.productFeatures-MatrixFactorizationModel.scala-58-58=1
org/apache/spark/status/api/v1/TaskMetrics.executorDeserializeCpuTime-api.scala-222-222=117
org/apache/spark/rdd/RDD.dependencies-RDD.scala-252-252=696
org/apache/spark/api/java/JavaPairRDD$.toScalaFunction-JavaPairRDD.scala-1040-1040=3
org/apache/spark/rdd/PairRDDFunctions.keyClass-PairRDDFunctions.scala-1111-1111=3
org/apache/spark/status/api/v1/ShuffleReadMetrics.fetchWaitTime-api.scala-247-247=121
org/apache/spark/rdd/RDD.logName-RDD.scala-77-77=3
org/apache/spark/rdd/MapPartitionsRDD.isBarrier_-MapPartitionsRDD.scala-60-60=68
org/apache/spark/rdd/CoGroupedRDD$$anonfun$getPartitions$1.apply$mcVI$sp-CoGroupedRDD.scala-116-116=20
org/apache/spark/rdd/RDD.mapPartitions$default$2-RDD.scala-819-819=1
org/apache/spark/rdd/RDD$$anonfun$map$1$$anonfun$apply$5.apply-RDD.scala-394-394=10
org/apache/spark/status/api/v1/TaskMetrics.shuffleReadMetrics-api.scala-233-233=921
org/apache/spark/status/api/v1/RDDPartitionInfo.memoryUsed-api.scala-159-159=4
org/apache/spark/status/api/v1/ShuffleReadMetrics.remoteBlocksFetched-api.scala-245-245=121
org/apache/spark/status/api/v1/ShuffleWriteMetrics.recordsWritten-api.scala-256-256=142
org/apache/spark/status/api/v1/TaskMetrics.diskBytesSpilled-api.scala-229-229=147
org/apache/spark/rdd/RDD$$anonfun$aggregate$1$$anonfun$24.apply-RDD.scala-1167-1167=13
org/apache/spark/rdd/RDD.mapPartitions-RDD.scala-819-819=1
org/apache/spark/rdd/RDD$$anonfun$partitions$2.apply-RDD.scala-269-269=257
org/apache/spark/rdd/RDDOperationScope.id-RDDOperationScope.scala-49-49=22
org/apache/spark/rdd/RDD$$anonfun$4.apply-RDD.scala-323-323=300
org/apache/spark/util/JsonProtocol$$anonfun$rddInfoToJson$4$$anonfun$apply$19.apply-JsonProtocol.scala-439-439=16
org/apache/spark/rdd/PairRDDFunctions.join-PairRDDFunctions.scala-649-649=3
org/apache/spark/rdd/InputFileBlockHolder$$anon$1.initialValue-InputFileBlockHolder.scala-53-53=3
org/apache/spark/rdd/RDDOperationScope$.org$apache$spark$rdd$RDDOperationScope$$jsonMapper-RDDOperationScope.scala-82-82=57
org/apache/spark/rdd/RDD$$anonfun$aggregate$1.apply-RDD.scala-1164-1170=1
org/apache/spark/rdd/RDDOperationScope$.withScope-RDDOperationScope.scala-102-112=25
org/apache/spark/util/JsonProtocol$$anonfun$rddInfoToJson$9.apply-JsonProtocol.scala-446-446=16
org/apache/spark/util/JsonProtocol$$anonfun$rddInfoToJson$4.apply-JsonProtocol.scala-439-439=16
org/apache/spark/status/api/v1/ShuffleReadMetrics.localBytesRead-api.scala-250-250=148
org/apache/spark/rdd/MapPartitionsRDD.compute-MapPartitionsRDD.scala-52-52=5
org/apache/spark/rdd/RDDOperationScope$$anonfun$5.apply-RDDOperationScope.scala-137-137=34
org/apache/spark/rdd/RDD$$anonfun$doCheckpoint$1.apply$mcV$sp-RDD.scala-1801-1801=2
org/apache/spark/rdd/RDD$$anonfun$getNarrowAncestors$1.apply-RDD.scala-335-335=240
org/apache/spark/rdd/RDD.org$apache$spark$rdd$RDD$$doCheckpointCalled_$eq-RDD.scala-1792-1792=1
org/apache/spark/mllib/recommendation/MatrixFactorizationModel.predict-MatrixFactorizationModel.scala-131-131=1
org/apache/spark/rdd/MapPartitionsRDD.firstParent-MapPartitionsRDD.scala-1763-1763=9
org/apache/spark/rdd/RDDOperationScope.parent-RDDOperationScope.scala-48-48=22
org/apache/spark/rdd/RDD$$anon$1.next-RDD.scala-367-368=821
org/apache/spark/rdd/PairRDDFunctions.join-PairRDDFunctions.scala-545-545=3
org/apache/spark/rdd/RDD.initializeLogIfNecessary-RDD.scala-77-77=6
org/apache/spark/status/api/v1/JobData.jobId-api.scala-110-110=9
org/apache/spark/rdd/MapPartitionsRDD.checkpointData-MapPartitionsRDD.scala-1751-1751=13
org/apache/spark/status/api/v1/TaskMetrics.jvmGcTime-api.scala-226-226=123
org/apache/spark/rdd/MapPartitionsRDD.iterator-MapPartitionsRDD.scala-307-307=15
org/apache/spark/rdd/RDD.getDependencies-RDD.scala-132-132=14
org/apache/spark/rdd/RDDOperationScope$.$lessinit$greater$default$3-RDDOperationScope.scala-49-49=14
