org/apache/spark/status/api/v1/OutputMetrics.bytesWritten-api.scala-241-241=31
org/apache/spark/rdd/RDD.doCheckpoint-RDD.scala-1800-1800=1
org/apache/spark/rdd/MapPartitionsRDD.partitioner-MapPartitionsRDD.scala-47-47=1
org/apache/spark/api/java/JavaRDD.toRDD-JavaRDD.scala--1--1=1
org/apache/spark/status/api/v1/TaskMetrics.resultSize-api.scala-225-225=6
org/apache/spark/mllib/recommendation/MatrixFactorizationModel.rank-MatrixFactorizationModel.scala-56-56=1
org/apache/spark/rdd/RDD.org$apache$spark$rdd$RDD$$partitions_-RDD.scala-242-242=80
org/apache/spark/mllib/recommendation/ALS.run-ALS.scala-240-255=1
org/apache/spark/status/api/v1/ShuffleReadMetrics.localBlocksFetched-api.scala-246-246=6
org/apache/spark/rdd/RDD.org$apache$spark$rdd$RDD$$sc-RDD.scala-89-100=15
org/apache/spark/mllib/recommendation/ALS$.train-ALS.scala-359-359=1
org/apache/spark/api/java/JavaRDD$.fromRDD-JavaRDD.scala-213-213=1
org/apache/spark/rdd/RDDOperationScope$$anonfun$2.apply-RDDOperationScope.scala-105-105=12
org/apache/spark/api/java/JavaRDDLike$class.map-JavaRDDLike.scala-93-93=1
org/apache/spark/rdd/RDD.id-RDD.scala-150-150=103
org/apache/spark/rdd/RDD.scope-RDD.scala-1743-1743=17
org/apache/spark/status/api/v1/InputMetrics.recordsRead-api.scala-238-238=31
org/apache/spark/rdd/RDD$$anonfun$take$1$$anonfun$31.apply-RDD.scala-1409-1409=2
org/apache/spark/util/JsonProtocol$$anonfun$rddInfoToJson$5.apply-JsonProtocol.scala-440-440=226
org/apache/spark/status/api/v1/ShuffleWriteMetrics.writeTime-api.scala-255-255=6
org/apache/spark/rdd/MapPartitionsRDD$.$lessinit$greater$default$4-MapPartitionsRDD.scala-43-43=1
org/apache/spark/status/api/v1/TaskMetrics.peakExecutionMemory-api.scala-230-230=6
org/apache/spark/status/api/v1/TaskMetrics.shuffleWriteMetrics-api.scala-234-234=67
org/apache/spark/rdd/RDD$$anonfun$take$1.org$apache$spark$rdd$RDD$$anonfun$$$outer-RDD.scala-1382-1382=1
org/apache/spark/status/api/v1/StageData.attemptId-api.scala-166-166=23
org/apache/spark/api/java/JavaSparkContext$.fakeClassTag-JavaSparkContext.scala-870-870=2
org/apache/spark/rdd/RDD$.CHECKPOINT_ALL_MARKED_ANCESTORS-RDD.scala-2006-2006=1
org/apache/spark/rdd/RDD$$anonfun$take$1$$anonfun$apply$48.apply-RDD.scala-1411-1411=1
org/apache/spark/status/api/v1/StageData.stageId-api.scala-165-165=23
org/apache/spark/status/api/v1/ShuffleReadMetrics.remoteBytesReadToDisk-api.scala-249-249=6
org/apache/spark/rdd/RDD.getNarrowAncestors-RDD.scala-320-335=2
org/apache/spark/rdd/RDD.elementClassTag-RDD.scala-1749-1749=1
org/apache/spark/rdd/RDD.take-RDD.scala-1382-1382=1
org/apache/spark/rdd/CoGroupPartition.index-CoGroupedRDD.scala-61-61=2
org/apache/spark/rdd/RDD$$anonfun$partitions$2$$anonfun$apply$3.apply-RDD.scala-274-274=20
org/apache/spark/status/api/v1/TaskMetrics.memoryBytesSpilled-api.scala-228-228=31
org/apache/spark/rdd/RDD.withScope-RDD.scala-385-385=3
org/apache/spark/rdd/RDD$$anonfun$persist$1.apply-RDD.scala-176-176=2
org/apache/spark/rdd/RDD.org$apache$spark$rdd$RDD$$doCheckpointCalled-RDD.scala-1792-1792=1
org/apache/spark/api/java/JavaRDD.rdd-JavaRDD.scala-30-30=3
org/apache/spark/status/api/v1/ShuffleReadMetrics.recordsRead-api.scala-251-251=31
org/apache/spark/rdd/RDD$$anonfun$org$apache$spark$rdd$RDD$$visit$1$1.apply-RDD.scala-326-326=15
org/apache/spark/status/api/v1/OutputMetrics.recordsWritten-api.scala-242-242=31
org/apache/spark/rdd/RDD.creationSite-RDD.scala-1734-1734=17
org/apache/spark/rdd/RDD$$anonfun$6.apply-RDD.scala-325-325=32
org/apache/spark/rdd/RDD$$anonfun$map$1.apply-RDD.scala-392-392=1
org/apache/spark/rdd/RDD$$anonfun$preferredLocations$2.apply-RDD.scala-297-297=10
org/apache/spark/rdd/RDD.org$apache$spark$rdd$RDD$$dependencies_-RDD.scala-241-241=103
org/apache/spark/rdd/MapPartitionsRDD$.$lessinit$greater$default$3-MapPartitionsRDD.scala-42-42=1
org/apache/spark/status/api/v1/TaskMetrics.executorCpuTime-api.scala-224-224=29
org/apache/spark/rdd/RDDOperationScope.toJson-RDDOperationScope.scala-52-52=116
org/apache/spark/rdd/RDD.org$apache$spark$rdd$RDD$$visit$1-RDD.scala-323-326=17
org/apache/spark/rdd/RDD.isBarrier-RDD.scala-1931-1931=5
org/apache/spark/rdd/HadoopPartition.index-HadoopRDD.scala-48-48=10
org/apache/spark/rdd/NarrowCoGroupSplitDep.splitIndex-CoGroupedRDD.scala-40-40=4
org/apache/spark/status/api/v1/InputMetrics.bytesRead-api.scala-237-237=31
org/apache/spark/rdd/RDD.getPreferredLocations-RDD.scala-137-137=10
org/apache/spark/status/api/v1/ExecutorSummary.hostPort-api.scala-78-78=19
org/apache/spark/rdd/RDD$$anonfun$doCheckpoint$1.apply-RDD.scala-1801-1801=1
org/apache/spark/rdd/MapPartitionsRDD$$anonfun$isBarrier_$1.apply-MapPartitionsRDD.scala-60-60=2
org/apache/spark/rdd/RDD.getOrCompute-RDD.scala-354-357=1
org/apache/spark/rdd/RDD.iterator-RDD.scala-307-307=1
org/apache/spark/status/api/v1/ShuffleWriteMetrics.bytesWritten-api.scala-254-254=30
org/apache/spark/rdd/MapPartitionsRDD.elementClassTag-MapPartitionsRDD.scala-1749-1749=1
org/apache/spark/rdd/RDD.context-RDD.scala-1772-1772=1
org/apache/spark/api/java/JavaPairRDD.map-JavaPairRDD.scala-45-45=1
org/apache/spark/util/JsonProtocol$$anonfun$rddInfoToJson$7.apply-JsonProtocol.scala-444-444=226
org/apache/spark/rdd/RDDOperationScope$.$lessinit$greater$default$2-RDDOperationScope.scala-48-48=1
org/apache/spark/rdd/RDDOperationScope$$anonfun$getAllScopes$2.apply-RDDOperationScope.scala-61-61=87
org/apache/spark/rdd/RDD.firstParent-RDD.scala-1763-1763=1
org/apache/spark/rdd/RDDOperationScope$.withScope-RDDOperationScope.scala-134-155=4
org/apache/spark/rdd/RDD.persist-RDD.scala-189-189=1
org/apache/spark/rdd/RDDOperationScope.getAllScopes-RDDOperationScope.scala-61-61=87
org/apache/spark/util/JsonProtocol$$anonfun$rddInfoToJson$2.apply-JsonProtocol.scala-437-437=226
org/apache/spark/rdd/RDD.org$apache$spark$rdd$RDD$$stateLock-RDD.scala-237-237=2
org/apache/spark/rdd/MapPartitionsRDD.getPartitions-MapPartitionsRDD.scala-49-49=1
org/apache/spark/status/api/v1/ShuffleReadMetrics.remoteBytesRead-api.scala-248-248=29
org/apache/spark/api/java/AbstractJavaRDDLike.map-JavaRDDLike.scala-45-45=1
org/apache/spark/rdd/RDD$$anonfun$take$1.apply-RDD.scala-1383-1382=1
org/apache/spark/mllib/recommendation/ALS.train-ALS.scala--1--1=1
org/apache/spark/rdd/RDDOperationScope.name-RDDOperationScope.scala-47-47=203
org/apache/spark/status/api/v1/TaskMetrics.executorRunTime-api.scala-223-223=29
org/apache/spark/status/api/v1/TaskMetrics.inputMetrics-api.scala-231-231=62
org/apache/spark/rdd/RDD$$anonfun$5.apply-RDD.scala-324-324=32
org/apache/spark/util/JsonProtocol$$anonfun$rddInfoToJson$6.apply-JsonProtocol.scala-443-443=226
org/apache/spark/rdd/RDD.name-RDD.scala-153-153=17
org/apache/spark/rdd/RDD$$anonfun$dependencies$2.apply-RDD.scala-252-252=51
org/apache/spark/rdd/RDD.first-RDD.scala-1422-1422=1
org/apache/spark/status/api/v1/TaskMetrics.outputMetrics-api.scala-232-232=62
org/apache/spark/rdd/RDD.map-RDD.scala-392-392=1
org/apache/spark/rdd/RDD.org$apache$spark$rdd$RDD$$partitions__$eq-RDD.scala-242-242=1
org/apache/spark/rdd/RDD$$anonfun$37.apply-RDD.scala-1744-1744=2
org/apache/spark/rdd/NarrowCoGroupSplitDep.split_$eq-CoGroupedRDD.scala-41-41=4
org/apache/spark/api/java/JavaRDDLike$class.$init$-JavaRDDLike.scala-53-53=2
org/apache/spark/rdd/RDD.isLocallyCheckpointed-RDD.scala-1684-1684=1
org/apache/spark/util/JsonProtocol$$anonfun$rddInfoToJson$8.apply-JsonProtocol.scala-445-445=226
org/apache/spark/rdd/RDDOperationScope$.withScope$default$2-RDDOperationScope.scala-101-101=2
org/apache/spark/status/api/v1/TaskMetrics.executorDeserializeCpuTime-api.scala-222-222=6
org/apache/spark/rdd/RDD.preferredLocations-RDD.scala-296-296=10
org/apache/spark/rdd/RDD.dependencies-RDD.scala-252-252=51
org/apache/spark/rdd/RDDOperationScope$$anonfun$3.apply-RDDOperationScope.scala-106-106=4
org/apache/spark/rdd/NarrowCoGroupSplitDep.rdd-CoGroupedRDD.scala-39-39=4
org/apache/spark/api/java/JavaPairRDD$.toScalaFunction-JavaPairRDD.scala-1040-1040=1
org/apache/spark/status/api/v1/ShuffleReadMetrics.fetchWaitTime-api.scala-247-247=6
org/apache/spark/rdd/MapPartitionsRDD.isBarrier_-MapPartitionsRDD.scala-60-60=5
org/apache/spark/rdd/RDD.org$apache$spark$rdd$RDD$$dependencies__$eq-RDD.scala-241-241=1
org/apache/spark/mllib/recommendation/ALS$.train-ALS.scala-342-342=1
org/apache/spark/status/api/v1/TaskMetrics.shuffleReadMetrics-api.scala-233-233=116
org/apache/spark/status/api/v1/ShuffleReadMetrics.remoteBlocksFetched-api.scala-245-245=6
org/apache/spark/status/api/v1/ShuffleWriteMetrics.recordsWritten-api.scala-256-256=30
org/apache/spark/util/JsonProtocol$$anonfun$rddInfoToJson$1.apply-JsonProtocol.scala-437-437=225
org/apache/spark/status/api/v1/TaskMetrics.diskBytesSpilled-api.scala-229-229=31
org/apache/spark/rdd/NarrowCoGroupSplitDep$$anonfun$writeObject$1.apply$mcV$sp-CoGroupedRDD.scala-47-48=4
org/apache/spark/rdd/RDD$$anonfun$first$1.apply-RDD.scala-1423-1425=1
org/apache/spark/status/api/v1/TaskMetrics.resultSerializationTime-api.scala-227-227=6
org/apache/spark/api/java/JavaRDD.persist-JavaRDD.scala-47-47=1
org/apache/spark/rdd/RDD$$anonfun$partitions$2.apply-RDD.scala-269-269=39
org/apache/spark/rdd/RDD.getStorageLevel-RDD.scala-223-223=20
org/apache/spark/rdd/RDDOperationScope.id-RDDOperationScope.scala-49-49=203
org/apache/spark/rdd/RDDOperationScope$$anonfun$1.apply-RDDOperationScope.scala-104-104=8
org/apache/spark/rdd/RDD$$anonfun$4.apply-RDD.scala-323-323=36
org/apache/spark/util/JsonProtocol$$anonfun$rddInfoToJson$4$$anonfun$apply$19.apply-JsonProtocol.scala-439-439=226
org/apache/spark/rdd/InputFileBlockHolder$$anon$1.initialValue-InputFileBlockHolder.scala-53-53=1
org/apache/spark/rdd/RDD.sparkContext-RDD.scala-147-147=1
org/apache/spark/rdd/RDDOperationScope$.org$apache$spark$rdd$RDDOperationScope$$jsonMapper-RDDOperationScope.scala-82-82=118
org/apache/spark/rdd/InputFileBlockHolder$.initialize-InputFileBlockHolder.scala-92-92=1
org/apache/spark/rdd/RDDOperationScope$.withScope-RDDOperationScope.scala-102-112=3
org/apache/spark/util/JsonProtocol$$anonfun$rddInfoToJson$9.apply-JsonProtocol.scala-446-446=226
org/apache/spark/util/JsonProtocol$$anonfun$rddInfoToJson$3.apply-JsonProtocol.scala-439-439=226
org/apache/spark/rdd/RDDOperationScope$.nextScopeId-RDDOperationScope.scala-90-90=3
org/apache/spark/rdd/RDD.checkpointData-RDD.scala-1751-1751=101
org/apache/spark/util/JsonProtocol$$anonfun$rddInfoToJson$4.apply-JsonProtocol.scala-439-439=226
org/apache/spark/status/api/v1/ShuffleReadMetrics.localBytesRead-api.scala-250-250=31
org/apache/spark/rdd/RDDOperationScope$$anonfun$5.apply-RDDOperationScope.scala-137-137=2
org/apache/spark/rdd/RDD$$anonfun$doCheckpoint$1.apply$mcV$sp-RDD.scala-1801-1801=1
org/apache/spark/status/api/v1/TaskMetrics.executorDeserializeTime-api.scala-221-221=7
org/apache/spark/rdd/NarrowCoGroupSplitDep$$anonfun$writeObject$1.apply-CoGroupedRDD.scala-45-45=4
org/apache/spark/rdd/RDD$$anonfun$getNarrowAncestors$1.apply-RDD.scala-335-335=30
org/apache/spark/rdd/RDD.org$apache$spark$internal$Logging$$log__$eq-RDD.scala-77-77=1
org/apache/spark/rdd/RDDOperationScope$.fromJson-RDDOperationScope.scala-86-86=2
org/apache/spark/rdd/RDDOperationScope.parent-RDDOperationScope.scala-48-48=203
org/apache/spark/rdd/RDD.partitions-RDD.scala-269-269=39
org/apache/spark/status/api/v1/JobData.jobId-api.scala-110-110=5
org/apache/spark/status/api/v1/ExecutorSummary.id-api.scala-77-77=19
org/apache/spark/status/api/v1/TaskMetrics.jvmGcTime-api.scala-226-226=6
org/apache/spark/rdd/MapPartitionsRDD.iterator-MapPartitionsRDD.scala-307-307=1
org/apache/spark/status/api/v1/RDDStorageInfo.id-api.scala-132-132=58
org/apache/spark/rdd/RDD$$anonfun$org$apache$spark$rdd$RDD$$visit$1$1.apply-RDD.scala-327-328=15
org/apache/spark/rdd/MapPartitionsRDD$.$lessinit$greater$default$5-MapPartitionsRDD.scala-44-44=1
org/apache/spark/rdd/RDD.getDependencies-RDD.scala-132-132=1
org/apache/spark/rdd/RDDOperationScope$.$lessinit$greater$default$3-RDDOperationScope.scala-49-49=3
org/apache/spark/api/java/JavaRDD$.toRDD-JavaRDD.scala-215-215=1
org/apache/spark/api/java/JavaRDD.classTag-JavaRDD.scala-30-30=1
