org/apache/spark/status/api/v1/OutputMetrics.bytesWritten-api.scala-241-241=22
org/apache/spark/rdd/PairRDDFunctions$$anonfun$flatMapValues$1$$anonfun$apply$39.apply-PairRDDFunctions.scala-768-768=15
org/apache/spark/rdd/PairRDDFunctions$$anonfun$flatMapValues$1$$anonfun$apply$39$$anonfun$apply$40.apply-PairRDDFunctions.scala-768-768=5
org/apache/spark/status/api/v1/TaskMetrics.resultSize-api.scala-225-225=17
org/apache/spark/rdd/PairRDDFunctions$$anonfun$mapValues$1$$anonfun$apply$37$$anonfun$apply$38.apply-PairRDDFunctions.scala-757-757=12
org/apache/spark/rdd/CoGroupedRDD$$anonfun$compute$2.apply-CoGroupedRDD.scala-137-137=26
org/apache/spark/rdd/CoGroupedRDD$$anonfun$compute$1.apply-CoGroupedRDD.scala-137-137=36
org/apache/spark/rdd/RDD.org$apache$spark$rdd$RDD$$partitions_-RDD.scala-242-242=127
org/apache/spark/rdd/PairRDDFunctions$$anonfun$join$1$$anonfun$apply$20.apply-PairRDDFunctions.scala-547-547=4
org/apache/spark/status/api/v1/ShuffleReadMetrics.localBlocksFetched-api.scala-246-246=19
org/apache/spark/rdd/RDD.id-RDD.scala-150-150=128
org/apache/spark/rdd/RDD.scope-RDD.scala-1743-1743=12
org/apache/spark/status/api/v1/InputMetrics.recordsRead-api.scala-238-238=22
org/apache/spark/util/JsonProtocol$$anonfun$rddInfoToJson$5.apply-JsonProtocol.scala-440-440=30
org/apache/spark/status/api/v1/ShuffleWriteMetrics.writeTime-api.scala-255-255=17
org/apache/spark/rdd/CoGroupedRDD$$anonfun$1.apply-CoGroupedRDD.scala-166-166=6
org/apache/spark/status/api/v1/TaskMetrics.peakExecutionMemory-api.scala-230-230=17
org/apache/spark/status/api/v1/TaskMetrics.shuffleWriteMetrics-api.scala-234-234=61
org/apache/spark/rdd/PairRDDFunctions$$anonfun$mapValues$1$$anonfun$apply$37.apply-PairRDDFunctions.scala-757-757=19
org/apache/spark/status/api/v1/StageData.attemptId-api.scala-166-166=3
org/apache/spark/rdd/CoGroupPartition.narrowDeps-CoGroupedRDD.scala-61-61=18
org/apache/spark/rdd/PairRDDFunctions$$anonfun$flatMapValues$1$$anonfun$apply$39$$anonfun$apply$40$$anonfun$apply$41.apply-PairRDDFunctions.scala-769-769=2
org/apache/spark/status/api/v1/StageData.stageId-api.scala-165-165=3
org/apache/spark/status/api/v1/ShuffleReadMetrics.remoteBytesReadToDisk-api.scala-249-249=24
org/apache/spark/rdd/RDD.getNarrowAncestors-RDD.scala-320-335=1
org/apache/spark/rdd/RDD.elementClassTag-RDD.scala-1749-1749=9
org/apache/spark/rdd/CoGroupPartition.index-CoGroupedRDD.scala-61-61=29
org/apache/spark/status/api/v1/TaskMetrics.memoryBytesSpilled-api.scala-228-228=22
org/apache/spark/rdd/RDD.isCheckpointedAndMaterialized-RDD.scala-1677-1677=34
org/apache/spark/rdd/CoGroupedRDD.compute-CoGroupedRDD.scala-132-159=3
org/apache/spark/rdd/CoGroupedRDD$$anonfun$compute$4.apply-CoGroupedRDD.scala-153-153=20
org/apache/spark/status/api/v1/ShuffleReadMetrics.recordsRead-api.scala-251-251=26
org/apache/spark/rdd/RDD$$anonfun$org$apache$spark$rdd$RDD$$visit$1$1.apply-RDD.scala-326-326=11
org/apache/spark/status/api/v1/OutputMetrics.recordsWritten-api.scala-242-242=24
org/apache/spark/rdd/PairRDDFunctions$$anonfun$groupByKey$1$$anonfun$9.apply-PairRDDFunctions.scala-503-503=29
org/apache/spark/rdd/RDD.creationSite-RDD.scala-1734-1734=12
org/apache/spark/rdd/RDD$$anonfun$6.apply-RDD.scala-325-325=24
org/apache/spark/rdd/RDD$$anonfun$preferredLocations$2.apply-RDD.scala-297-297=20
org/apache/spark/rdd/RDD.org$apache$spark$rdd$RDD$$dependencies_-RDD.scala-241-241=193
org/apache/spark/rdd/MapPartitionsRDD.getOrCompute-MapPartitionsRDD.scala-354-357=9
org/apache/spark/status/api/v1/TaskMetrics.executorCpuTime-api.scala-224-224=20
org/apache/spark/rdd/RDDOperationScope.toJson-RDDOperationScope.scala-52-52=16
org/apache/spark/rdd/RDD.org$apache$spark$rdd$RDD$$visit$1-RDD.scala-323-326=12
org/apache/spark/rdd/RDD.isBarrier-RDD.scala-1931-1931=5
org/apache/spark/rdd/NarrowCoGroupSplitDep.splitIndex-CoGroupedRDD.scala-40-40=18
org/apache/spark/status/api/v1/InputMetrics.bytesRead-api.scala-237-237=20
org/apache/spark/rdd/RDD.getPreferredLocations-RDD.scala-137-137=20
org/apache/spark/status/api/v1/ExecutorSummary.hostPort-api.scala-78-78=5
org/apache/spark/rdd/RDD$$anonfun$flatMap$1$$anonfun$apply$6.apply-RDD.scala-403-403=6
org/apache/spark/rdd/CoGroupedRDD$$anonfun$1$$anonfun$2.apply-CoGroupedRDD.scala-167-167=13
org/apache/spark/rdd/MapPartitionsRDD.computeOrReadCheckpoint-MapPartitionsRDD.scala-343-343=28
org/apache/spark/rdd/RDD.getOrCompute-RDD.scala-354-357=8
org/apache/spark/rdd/MapPartitionsRDD.id-MapPartitionsRDD.scala-150-150=9
org/apache/spark/rdd/RDD.iterator-RDD.scala-307-307=33
org/apache/spark/status/api/v1/ShuffleWriteMetrics.bytesWritten-api.scala-254-254=22
org/apache/spark/rdd/MapPartitionsRDD.elementClassTag-MapPartitionsRDD.scala-1749-1749=9
org/apache/spark/rdd/PairRDDFunctions$$anonfun$groupByKey$1.org$apache$spark$rdd$PairRDDFunctions$$anonfun$$$outer-PairRDDFunctions.scala-498-498=3
org/apache/spark/rdd/CoGroupedRDD$$anonfun$3.apply-CoGroupedRDD.scala-173-174=4
org/apache/spark/util/JsonProtocol$$anonfun$rddInfoToJson$7.apply-JsonProtocol.scala-444-444=30
org/apache/spark/rdd/RDD.firstParent-RDD.scala-1763-1763=22
org/apache/spark/util/JsonProtocol$$anonfun$rddInfoToJson$2.apply-JsonProtocol.scala-437-437=31
org/apache/spark/status/api/v1/ShuffleReadMetrics.remoteBytesRead-api.scala-248-248=29
org/apache/spark/rdd/InputFileBlockHolder$.unset-InputFileBlockHolder.scala-86-86=2
org/apache/spark/rdd/PairRDDFunctions$$anonfun$groupByKey$1$$anonfun$8.apply-PairRDDFunctions.scala-502-502=3
org/apache/spark/status/api/v1/TaskMetrics.executorRunTime-api.scala-223-223=17
org/apache/spark/status/api/v1/TaskMetrics.inputMetrics-api.scala-231-231=44
org/apache/spark/rdd/RDDOperationScope.name-RDDOperationScope.scala-47-47=16
org/apache/spark/rdd/RDD$$anonfun$5.apply-RDD.scala-324-324=24
org/apache/spark/rdd/PairRDDFunctions$$anonfun$join$1$$anonfun$apply$20.apply-PairRDDFunctions.scala-546-546=2
org/apache/spark/rdd/RDD.name-RDD.scala-153-153=12
org/apache/spark/util/JsonProtocol$$anonfun$rddInfoToJson$6.apply-JsonProtocol.scala-443-443=26
org/apache/spark/rdd/ShuffledRDDPartition.index-ShuffledRDD.scala-27-27=16
org/apache/spark/rdd/RDD$$anonfun$dependencies$2.apply-RDD.scala-252-252=96
org/apache/spark/rdd/RDD.computeOrReadCheckpoint-RDD.scala-343-343=27
org/apache/spark/status/api/v1/TaskMetrics.outputMetrics-api.scala-232-232=44
org/apache/spark/rdd/PairRDDFunctions$$anonfun$join$1$$anonfun$apply$20$$anonfun$apply$21.apply-PairRDDFunctions.scala-547-547=2
org/apache/spark/rdd/NarrowCoGroupSplitDep.split_$eq-CoGroupedRDD.scala-41-41=18
org/apache/spark/util/JsonProtocol$$anonfun$rddInfoToJson$8.apply-JsonProtocol.scala-445-445=32
org/apache/spark/status/api/v1/TaskMetrics.executorDeserializeCpuTime-api.scala-222-222=13
org/apache/spark/rdd/RDD.preferredLocations-RDD.scala-296-296=20
org/apache/spark/rdd/RDD.dependencies-RDD.scala-252-252=98
org/apache/spark/rdd/CoGroupedRDD$$anonfun$1.apply-CoGroupedRDD.scala-167-169=6
org/apache/spark/rdd/NarrowCoGroupSplitDep.rdd-CoGroupedRDD.scala-39-39=17
org/apache/spark/status/api/v1/ShuffleReadMetrics.fetchWaitTime-api.scala-247-247=21
org/apache/spark/rdd/MapPartitionsRDD.isBarrier_-MapPartitionsRDD.scala-60-60=5
org/apache/spark/status/api/v1/TaskMetrics.shuffleReadMetrics-api.scala-233-233=168
org/apache/spark/rdd/PairRDDFunctions$$anonfun$cogroup$2$$anonfun$apply$43.apply-PairRDDFunctions.scala-806-806=8
org/apache/spark/status/api/v1/ShuffleReadMetrics.remoteBlocksFetched-api.scala-245-245=20
org/apache/spark/status/api/v1/ShuffleWriteMetrics.recordsWritten-api.scala-256-256=20
org/apache/spark/status/api/v1/TaskMetrics.diskBytesSpilled-api.scala-229-229=24
org/apache/spark/util/JsonProtocol$$anonfun$rddInfoToJson$1.apply-JsonProtocol.scala-437-437=31
org/apache/spark/rdd/NarrowCoGroupSplitDep$$anonfun$writeObject$1.apply$mcV$sp-CoGroupedRDD.scala-47-48=18
org/apache/spark/rdd/CoGroupedRDD$$anonfun$compute$3.apply-CoGroupedRDD.scala-153-153=22
org/apache/spark/status/api/v1/TaskMetrics.resultSerializationTime-api.scala-227-227=15
org/apache/spark/rdd/RDD$$anonfun$partitions$2.apply-RDD.scala-269-269=63
org/apache/spark/rdd/RDD.getStorageLevel-RDD.scala-223-223=23
org/apache/spark/rdd/MapPartitionsRDD.isCheckpointedAndMaterialized-MapPartitionsRDD.scala-1677-1677=33
org/apache/spark/rdd/RDDOperationScope.id-RDDOperationScope.scala-49-49=15
org/apache/spark/rdd/RDD$$anonfun$4.apply-RDD.scala-323-323=28
org/apache/spark/rdd/PairRDDFunctions$$anonfun$join$1$$anonfun$apply$20$$anonfun$apply$21$$anonfun$apply$22.apply-PairRDDFunctions.scala-547-547=3
org/apache/spark/util/JsonProtocol$$anonfun$rddInfoToJson$4$$anonfun$apply$19.apply-JsonProtocol.scala-439-439=28
org/apache/spark/rdd/InputFileBlockHolder$$anon$1.initialValue-InputFileBlockHolder.scala-53-53=2
org/apache/spark/rdd/RDD.sparkContext-RDD.scala-147-147=1
org/apache/spark/rdd/RDDOperationScope$.org$apache$spark$rdd$RDDOperationScope$$jsonMapper-RDDOperationScope.scala-82-82=14
org/apache/spark/rdd/InputFileBlockHolder$.initialize-InputFileBlockHolder.scala-92-92=2
org/apache/spark/rdd/CoGroupedRDD$$anonfun$compute$4$$anonfun$apply$3.apply-CoGroupedRDD.scala-154-154=21
org/apache/spark/util/JsonProtocol$$anonfun$rddInfoToJson$9.apply-JsonProtocol.scala-446-446=32
org/apache/spark/util/JsonProtocol$$anonfun$rddInfoToJson$3.apply-JsonProtocol.scala-439-439=28
org/apache/spark/rdd/RDD.checkpointData-RDD.scala-1751-1751=210
org/apache/spark/status/api/v1/ShuffleReadMetrics.localBytesRead-api.scala-250-250=30
org/apache/spark/util/JsonProtocol$$anonfun$rddInfoToJson$4.apply-JsonProtocol.scala-439-439=29
org/apache/spark/rdd/MapPartitionsRDD.compute-MapPartitionsRDD.scala-52-52=21
org/apache/spark/status/api/v1/TaskMetrics.executorDeserializeTime-api.scala-221-221=19
org/apache/spark/rdd/MapPartitionsRDD.org$apache$spark$rdd$RDD$$dependencies_-MapPartitionsRDD.scala-241-241=88
org/apache/spark/rdd/NarrowCoGroupSplitDep$$anonfun$writeObject$1.apply-CoGroupedRDD.scala-45-45=18
org/apache/spark/rdd/RDD$$anonfun$getNarrowAncestors$1.apply-RDD.scala-335-335=22
org/apache/spark/rdd/NarrowCoGroupSplitDep.split-CoGroupedRDD.scala-41-41=18
org/apache/spark/rdd/MapPartitionsRDD.dependencies-MapPartitionsRDD.scala-252-252=44
org/apache/spark/rdd/CoGroupedRDD$$anonfun$3.apply-CoGroupedRDD.scala-172-172=4
org/apache/spark/rdd/MapPartitionsRDD.firstParent-MapPartitionsRDD.scala-1763-1763=19
org/apache/spark/rdd/RDDOperationScope.parent-RDDOperationScope.scala-48-48=15
org/apache/spark/rdd/RDD.partitions-RDD.scala-269-269=62
org/apache/spark/rdd/RDD$$anon$1.next-RDD.scala-367-368=6
org/apache/spark/status/api/v1/JobData.jobId-api.scala-110-110=4
org/apache/spark/status/api/v1/ExecutorSummary.id-api.scala-77-77=4
org/apache/spark/rdd/MapPartitionsRDD.checkpointData-MapPartitionsRDD.scala-1751-1751=75
org/apache/spark/status/api/v1/TaskMetrics.jvmGcTime-api.scala-226-226=18
org/apache/spark/status/api/v1/RDDStorageInfo.id-api.scala-132-132=2
org/apache/spark/rdd/MapPartitionsRDD.iterator-MapPartitionsRDD.scala-307-307=34
org/apache/spark/rdd/RDD$$anonfun$org$apache$spark$rdd$RDD$$visit$1$1.apply-RDD.scala-327-328=11
org/apache/spark/rdd/ShuffledRDD.compute-ShuffledRDD.scala-103-105=3
org/apache/spark/mllib/linalg/CholeskyDecomposition$.solve-CholeskyDecomposition.scala-38-42=20
