org/apache/spark/status/api/v1/OutputMetrics.bytesWritten-api.scala-241-241=78
org/apache/spark/rdd/PairRDDFunctions$$anonfun$flatMapValues$1$$anonfun$apply$39.apply-PairRDDFunctions.scala-768-768=16
org/apache/spark/rdd/PairRDDFunctions$$anonfun$flatMapValues$1$$anonfun$apply$39$$anonfun$apply$40.apply-PairRDDFunctions.scala-768-768=17
org/apache/spark/rdd/RDD.doCheckpoint-RDD.scala-1800-1800=75
org/apache/spark/rdd/MapPartitionsRDD.partitioner-MapPartitionsRDD.scala-47-47=2
org/apache/spark/status/api/v1/TaskMetrics.resultSize-api.scala-225-225=45
org/apache/spark/rdd/CoGroupedRDD$$anonfun$getDependencies$1.apply-CoGroupedRDD.scala-101-101=2
org/apache/spark/rdd/PairRDDFunctions$$anonfun$mapValues$1$$anonfun$apply$37$$anonfun$apply$38.apply-PairRDDFunctions.scala-757-757=102
org/apache/spark/rdd/CoGroupedRDD$$anonfun$compute$2.apply-CoGroupedRDD.scala-137-137=28
org/apache/spark/rdd/RDD.getNumPartitions-RDD.scala-289-289=9
org/apache/spark/rdd/CoGroupedRDD$$anonfun$compute$1.apply-CoGroupedRDD.scala-137-137=32
org/apache/spark/rdd/RDD.org$apache$spark$rdd$RDD$$partitions_-RDD.scala-242-242=415
org/apache/spark/rdd/PairRDDFunctions$$anonfun$join$1$$anonfun$apply$20.apply-PairRDDFunctions.scala-547-547=9
org/apache/spark/status/api/v1/ShuffleReadMetrics.localBlocksFetched-api.scala-246-246=61
org/apache/spark/rdd/RDD.org$apache$spark$rdd$RDD$$sc-RDD.scala-89-100=76
org/apache/spark/rdd/RDD.id-RDD.scala-150-150=327
org/apache/spark/rdd/RDD.scope-RDD.scala-1743-1743=96
org/apache/spark/rdd/CoGroupedRDD.rdds-CoGroupedRDD.scala-80-80=6
org/apache/spark/status/api/v1/InputMetrics.recordsRead-api.scala-238-238=79
org/apache/spark/util/JsonProtocol$$anonfun$rddInfoToJson$5.apply-JsonProtocol.scala-440-440=74
org/apache/spark/status/api/v1/ShuffleWriteMetrics.writeTime-api.scala-255-255=51
org/apache/spark/rdd/CoGroupedRDD$$anonfun$1.apply-CoGroupedRDD.scala-166-166=8
org/apache/spark/status/api/v1/TaskMetrics.peakExecutionMemory-api.scala-230-230=52
org/apache/spark/status/api/v1/TaskMetrics.shuffleWriteMetrics-api.scala-234-234=202
org/apache/spark/rdd/PairRDDFunctions$$anonfun$mapValues$1$$anonfun$apply$37.apply-PairRDDFunctions.scala-757-757=36
org/apache/spark/status/api/v1/StageData.attemptId-api.scala-166-166=17
org/apache/spark/rdd/CoGroupPartition.narrowDeps-CoGroupedRDD.scala-61-61=14
org/apache/spark/rdd/PairRDDFunctions$$anonfun$flatMapValues$1$$anonfun$apply$39$$anonfun$apply$40$$anonfun$apply$41.apply-PairRDDFunctions.scala-769-769=8
org/apache/spark/status/api/v1/StageData.stageId-api.scala-165-165=16
org/apache/spark/status/api/v1/ShuffleReadMetrics.remoteBytesReadToDisk-api.scala-249-249=52
org/apache/spark/rdd/RDD.getNarrowAncestors-RDD.scala-320-335=11
org/apache/spark/rdd/RDD.elementClassTag-RDD.scala-1749-1749=6
org/apache/spark/rdd/RDD.count-RDD.scala-1213-1213=1
org/apache/spark/rdd/RDD.logDebug-RDD.scala-77-77=2
org/apache/spark/rdd/CoGroupPartition.index-CoGroupedRDD.scala-61-61=51
org/apache/spark/mllib/recommendation/ALS$$anonfun$2.apply-ALS.scala-271-271=67
org/apache/spark/rdd/RDD$$anonfun$partitions$2$$anonfun$apply$3.apply-RDD.scala-274-274=50
org/apache/spark/status/api/v1/TaskMetrics.memoryBytesSpilled-api.scala-228-228=75
org/apache/spark/rdd/RDD.isCheckpointedAndMaterialized-RDD.scala-1677-1677=34
org/apache/spark/rdd/CoGroupedRDD.compute-CoGroupedRDD.scala-132-159=8
org/apache/spark/rdd/RDD.isBarrier_-RDD.scala-1935-1935=1
org/apache/spark/rdd/RDD.org$apache$spark$rdd$RDD$$doCheckpointCalled-RDD.scala-1792-1792=75
org/apache/spark/rdd/CoGroupedRDD$$anonfun$compute$4.apply-CoGroupedRDD.scala-153-153=35
org/apache/spark/status/api/v1/ShuffleReadMetrics.recordsRead-api.scala-251-251=74
org/apache/spark/rdd/RDD$$anonfun$org$apache$spark$rdd$RDD$$visit$1$1.apply-RDD.scala-326-326=85
org/apache/spark/status/api/v1/OutputMetrics.recordsWritten-api.scala-242-242=78
org/apache/spark/rdd/PairRDDFunctions$$anonfun$groupByKey$1$$anonfun$9.apply-PairRDDFunctions.scala-503-503=27
org/apache/spark/rdd/RDD.creationSite-RDD.scala-1734-1734=105
org/apache/spark/rdd/RDD$$anonfun$isBarrier_$2.apply-RDD.scala-1936-1936=4
org/apache/spark/rdd/RDD$$anonfun$6.apply-RDD.scala-325-325=182
org/apache/spark/rdd/RDD.log-RDD.scala-77-77=2
org/apache/spark/rdd/RDD$$anonfun$preferredLocations$2.apply-RDD.scala-297-297=30
org/apache/spark/rdd/RDD.org$apache$spark$rdd$RDD$$dependencies_-RDD.scala-241-241=1024
org/apache/spark/rdd/MapPartitionsRDD.getOrCompute-MapPartitionsRDD.scala-354-357=8
org/apache/spark/rdd/CoGroupedRDD.getPartitions-CoGroupedRDD.scala-113-126=1
org/apache/spark/status/api/v1/TaskMetrics.executorCpuTime-api.scala-224-224=71
org/apache/spark/rdd/CoGroupedRDD.getDependencies-CoGroupedRDD.scala-100-100=1
org/apache/spark/rdd/RDDOperationScope.toJson-RDDOperationScope.scala-52-52=112
org/apache/spark/rdd/RDD$$anonfun$isBarrier_$1.apply-RDD.scala-1936-1936=4
org/apache/spark/rdd/RDD.org$apache$spark$rdd$RDD$$visit$1-RDD.scala-323-326=96
org/apache/spark/rdd/RDD.isBarrier-RDD.scala-1931-1931=42
org/apache/spark/rdd/NarrowCoGroupSplitDep.splitIndex-CoGroupedRDD.scala-40-40=17
org/apache/spark/status/api/v1/InputMetrics.bytesRead-api.scala-237-237=75
org/apache/spark/rdd/RDD.getPreferredLocations-RDD.scala-137-137=30
org/apache/spark/status/api/v1/ExecutorSummary.hostPort-api.scala-78-78=9
org/apache/spark/rdd/CoGroupedRDD$$anonfun$1$$anonfun$2.apply-CoGroupedRDD.scala-167-167=18
org/apache/spark/rdd/RDD$$anonfun$doCheckpoint$1.apply-RDD.scala-1801-1801=75
org/apache/spark/rdd/MapPartitionsRDD.computeOrReadCheckpoint-MapPartitionsRDD.scala-343-343=44
org/apache/spark/rdd/MapPartitionsRDD$$anonfun$isBarrier_$1.apply-MapPartitionsRDD.scala-60-60=10
org/apache/spark/rdd/RDD.getOrCompute-RDD.scala-354-357=10
org/apache/spark/rdd/MapPartitionsRDD.id-MapPartitionsRDD.scala-150-150=7
org/apache/spark/rdd/RDD.iterator-RDD.scala-307-307=49
org/apache/spark/status/api/v1/ShuffleWriteMetrics.bytesWritten-api.scala-254-254=73
org/apache/spark/rdd/MapPartitionsRDD.elementClassTag-MapPartitionsRDD.scala-1749-1749=8
org/apache/spark/rdd/PairRDDFunctions$$anonfun$groupByKey$1.org$apache$spark$rdd$PairRDDFunctions$$anonfun$$$outer-PairRDDFunctions.scala-498-498=5
org/apache/spark/rdd/CoGroupedRDD$$anonfun$3.apply-CoGroupedRDD.scala-173-174=10
org/apache/spark/util/JsonProtocol$$anonfun$rddInfoToJson$7.apply-JsonProtocol.scala-444-444=74
org/apache/spark/rdd/RDDOperationScope$.$lessinit$greater$default$2-RDDOperationScope.scala-48-48=75
org/apache/spark/rdd/RDD.firstParent-RDD.scala-1763-1763=27
org/apache/spark/rdd/CoGroupedRDD$$anonfun$getPartitions$1$$anonfun$apply$mcVI$sp$1.apply-CoGroupedRDD.scala-116-116=20
org/apache/spark/rdd/RDDOperationScope$.withScope-RDDOperationScope.scala-134-155=75
org/apache/spark/rdd/RDD$$anonfun$count$1.apply-RDD.scala-1213-1213=1
org/apache/spark/util/JsonProtocol$$anonfun$rddInfoToJson$2.apply-JsonProtocol.scala-437-437=74
org/apache/spark/rdd/RDD.org$apache$spark$rdd$RDD$$stateLock-RDD.scala-237-237=6
org/apache/spark/rdd/MapPartitionsRDD.getPartitions-MapPartitionsRDD.scala-49-49=4
org/apache/spark/status/api/v1/ShuffleReadMetrics.remoteBytesRead-api.scala-248-248=79
org/apache/spark/rdd/PairRDDFunctions$$anonfun$groupByKey$1$$anonfun$8.apply-PairRDDFunctions.scala-502-502=3
org/apache/spark/rdd/CoGroupedRDD$$anonfun$getDependencies$1.apply-CoGroupedRDD.scala-100-100=2
org/apache/spark/status/api/v1/TaskMetrics.executorRunTime-api.scala-223-223=70
org/apache/spark/status/api/v1/TaskMetrics.inputMetrics-api.scala-231-231=153
org/apache/spark/rdd/RDDOperationScope.name-RDDOperationScope.scala-47-47=112
org/apache/spark/rdd/RDD$$anonfun$5.apply-RDD.scala-324-324=182
org/apache/spark/rdd/PairRDDFunctions$$anonfun$join$1$$anonfun$apply$20.apply-PairRDDFunctions.scala-546-546=8
org/apache/spark/rdd/RDD.name-RDD.scala-153-153=96
org/apache/spark/util/JsonProtocol$$anonfun$rddInfoToJson$6.apply-JsonProtocol.scala-443-443=74
org/apache/spark/rdd/ShuffledRDDPartition.index-ShuffledRDD.scala-27-27=17
org/apache/spark/rdd/RDD$$anonfun$dependencies$2.apply-RDD.scala-252-252=512
org/apache/spark/rdd/RDD.computeOrReadCheckpoint-RDD.scala-343-343=45
org/apache/spark/rdd/RDD.org$apache$spark$internal$Logging$$log_-RDD.scala-77-77=4
org/apache/spark/status/api/v1/RDDPartitionInfo.executors-api.scala-161-161=2
org/apache/spark/status/api/v1/TaskMetrics.outputMetrics-api.scala-232-232=153
org/apache/spark/status/api/v1/RDDPartitionInfo.diskUsed-api.scala-160-160=2
org/apache/spark/rdd/RDD.org$apache$spark$rdd$RDD$$partitions__$eq-RDD.scala-242-242=5
org/apache/spark/rdd/PairRDDFunctions$$anonfun$join$1$$anonfun$apply$20$$anonfun$apply$21.apply-PairRDDFunctions.scala-547-547=8
org/apache/spark/rdd/NarrowCoGroupSplitDep.split_$eq-CoGroupedRDD.scala-41-41=17
org/apache/spark/util/JsonProtocol$$anonfun$rddInfoToJson$8.apply-JsonProtocol.scala-445-445=74
org/apache/spark/status/api/v1/TaskMetrics.executorDeserializeCpuTime-api.scala-222-222=52
org/apache/spark/rdd/RDD.preferredLocations-RDD.scala-296-296=30
org/apache/spark/rdd/RDD.dependencies-RDD.scala-252-252=514
org/apache/spark/rdd/CoGroupedRDD$$anonfun$1.apply-CoGroupedRDD.scala-167-169=8
org/apache/spark/rdd/NarrowCoGroupSplitDep.rdd-CoGroupedRDD.scala-39-39=17
org/apache/spark/status/api/v1/ShuffleReadMetrics.fetchWaitTime-api.scala-247-247=57
org/apache/spark/rdd/RDD.logName-RDD.scala-77-77=1
org/apache/spark/rdd/MapPartitionsRDD.isBarrier_-MapPartitionsRDD.scala-60-60=41
org/apache/spark/rdd/CoGroupedRDD$$anonfun$getPartitions$1.apply$mcVI$sp-CoGroupedRDD.scala-116-116=5
org/apache/spark/rdd/RDD$$anonfun$mapPartitions$1$$anonfun$apply$23.apply-RDD.scala-823-823=8
org/apache/spark/rdd/RDD.org$apache$spark$rdd$RDD$$dependencies__$eq-RDD.scala-241-241=1
org/apache/spark/status/api/v1/TaskMetrics.shuffleReadMetrics-api.scala-233-233=462
org/apache/spark/status/api/v1/RDDPartitionInfo.memoryUsed-api.scala-159-159=2
org/apache/spark/rdd/PairRDDFunctions$$anonfun$cogroup$2$$anonfun$apply$43.apply-PairRDDFunctions.scala-806-806=17
org/apache/spark/status/api/v1/ShuffleReadMetrics.remoteBlocksFetched-api.scala-245-245=56
org/apache/spark/rdd/CoGroupedRDD$$anonfun$getPartitions$1.org$apache$spark$rdd$CoGroupedRDD$$anonfun$$$outer-CoGroupedRDD.scala-114-114=10
org/apache/spark/status/api/v1/ShuffleWriteMetrics.recordsWritten-api.scala-256-256=76
org/apache/spark/util/JsonProtocol$$anonfun$rddInfoToJson$1.apply-JsonProtocol.scala-437-437=76
org/apache/spark/status/api/v1/TaskMetrics.diskBytesSpilled-api.scala-229-229=71
org/apache/spark/rdd/NarrowCoGroupSplitDep$$anonfun$writeObject$1.apply$mcV$sp-CoGroupedRDD.scala-47-48=18
org/apache/spark/rdd/CoGroupedRDD$$anonfun$compute$3.apply-CoGroupedRDD.scala-153-153=34
org/apache/spark/status/api/v1/TaskMetrics.resultSerializationTime-api.scala-227-227=51
org/apache/spark/rdd/RDD$$anonfun$partitions$2.apply-RDD.scala-269-269=202
org/apache/spark/rdd/RDD.getStorageLevel-RDD.scala-223-223=108
org/apache/spark/rdd/MapPartitionsRDD.isCheckpointedAndMaterialized-MapPartitionsRDD.scala-1677-1677=38
org/apache/spark/rdd/RDDOperationScope.id-RDDOperationScope.scala-49-49=112
org/apache/spark/rdd/RDD$$anonfun$doCheckpoint$1$$anonfun$apply$mcV$sp$2.apply-RDD.scala-1813-1813=148
org/apache/spark/rdd/RDD$$anonfun$4.apply-RDD.scala-323-323=216
org/apache/spark/rdd/PairRDDFunctions$$anonfun$join$1$$anonfun$apply$20$$anonfun$apply$21$$anonfun$apply$22.apply-PairRDDFunctions.scala-547-547=8
org/apache/spark/util/JsonProtocol$$anonfun$rddInfoToJson$4$$anonfun$apply$19.apply-JsonProtocol.scala-439-439=74
org/apache/spark/rdd/InputFileBlockHolder$$anon$1.initialValue-InputFileBlockHolder.scala-53-53=2
org/apache/spark/rdd/RDD.sparkContext-RDD.scala-147-147=1
org/apache/spark/rdd/RDDOperationScope$.org$apache$spark$rdd$RDDOperationScope$$jsonMapper-RDDOperationScope.scala-82-82=186
org/apache/spark/rdd/CoGroupedRDD$$anonfun$compute$4$$anonfun$apply$3.apply-CoGroupedRDD.scala-154-154=36
org/apache/spark/util/JsonProtocol$$anonfun$rddInfoToJson$9.apply-JsonProtocol.scala-446-446=74
org/apache/spark/util/JsonProtocol$$anonfun$rddInfoToJson$3.apply-JsonProtocol.scala-439-439=74
org/apache/spark/rdd/RDDOperationScope$.nextScopeId-RDDOperationScope.scala-90-90=75
org/apache/spark/rdd/RDD.checkpointData-RDD.scala-1751-1751=842
org/apache/spark/util/JsonProtocol$$anonfun$rddInfoToJson$4.apply-JsonProtocol.scala-439-439=74
org/apache/spark/status/api/v1/ShuffleReadMetrics.localBytesRead-api.scala-250-250=76
org/apache/spark/mllib/recommendation/ALS$$anonfun$2$$anonfun$apply$1.apply$mcDF$sp-ALS.scala-271-271=384
org/apache/spark/rdd/MapPartitionsRDD.compute-MapPartitionsRDD.scala-52-52=33
org/apache/spark/rdd/RDDOperationScope$$anonfun$5.apply-RDDOperationScope.scala-137-137=148
org/apache/spark/rdd/RDD$$anonfun$doCheckpoint$1.apply$mcV$sp-RDD.scala-1801-1801=75
org/apache/spark/status/api/v1/TaskMetrics.executorDeserializeTime-api.scala-221-221=65
org/apache/spark/rdd/MapPartitionsRDD.org$apache$spark$rdd$RDD$$dependencies_-MapPartitionsRDD.scala-241-241=76
org/apache/spark/rdd/NarrowCoGroupSplitDep$$anonfun$writeObject$1.apply-CoGroupedRDD.scala-45-45=18
org/apache/spark/rdd/RDD$$anonfun$getNarrowAncestors$1.apply-RDD.scala-335-335=170
org/apache/spark/rdd/RDD.org$apache$spark$internal$Logging$$log__$eq-RDD.scala-77-77=1
org/apache/spark/rdd/NarrowCoGroupSplitDep.split-CoGroupedRDD.scala-41-41=13
org/apache/spark/rdd/MapPartitionsRDD.dependencies-MapPartitionsRDD.scala-252-252=40
org/apache/spark/mllib/recommendation/ALS$$anonfun$2$$anonfun$apply$1.apply-ALS.scala-271-271=765
org/apache/spark/rdd/RDD.org$apache$spark$rdd$RDD$$doCheckpointCalled_$eq-RDD.scala-1792-1792=61
org/apache/spark/rdd/CoGroupedRDD$$anonfun$3.apply-CoGroupedRDD.scala-172-172=9
org/apache/spark/rdd/RDDOperationScope$.fromJson-RDDOperationScope.scala-86-86=74
org/apache/spark/rdd/MapPartitionsRDD.firstParent-MapPartitionsRDD.scala-1763-1763=21
org/apache/spark/rdd/RDDOperationScope.parent-RDDOperationScope.scala-48-48=112
org/apache/spark/rdd/RDD.partitions-RDD.scala-269-269=202
org/apache/spark/rdd/RDD$$anon$1.next-RDD.scala-367-368=8
org/apache/spark/rdd/RDD.initializeLogIfNecessary-RDD.scala-77-77=2
org/apache/spark/status/api/v1/JobData.jobId-api.scala-110-110=10
org/apache/spark/status/api/v1/ExecutorSummary.id-api.scala-77-77=9
org/apache/spark/rdd/RDD$$anonfun$7.apply-RDD.scala-357-357=4
org/apache/spark/rdd/MapPartitionsRDD.checkpointData-MapPartitionsRDD.scala-1751-1751=72
org/apache/spark/status/api/v1/TaskMetrics.jvmGcTime-api.scala-226-226=46
org/apache/spark/status/api/v1/RDDStorageInfo.id-api.scala-132-132=25
org/apache/spark/rdd/MapPartitionsRDD.iterator-MapPartitionsRDD.scala-307-307=48
org/apache/spark/rdd/RDD$$anonfun$org$apache$spark$rdd$RDD$$visit$1$1.apply-RDD.scala-327-328=85
org/apache/spark/rdd/ShuffledRDD.compute-ShuffledRDD.scala-103-105=3
org/apache/spark/rdd/RDDOperationScope$.$lessinit$greater$default$3-RDDOperationScope.scala-49-49=75
org/apache/spark/mllib/linalg/CholeskyDecomposition$.solve-CholeskyDecomposition.scala-38-42=41
