org/apache/spark/status/api/v1/OutputMetrics.bytesWritten-api.scala-241-241=15
org/apache/spark/rdd/InputFileBlockHolder$.unset-InputFileBlockHolder.scala-86-86=2
org/apache/spark/rdd/NewHadoopRDD.iterator-NewHadoopRDD.scala-307-307=2
org/apache/spark/status/api/v1/TaskMetrics.resultSize-api.scala-225-225=10
org/apache/spark/status/api/v1/TaskMetrics.executorRunTime-api.scala-223-223=14
org/apache/spark/status/api/v1/TaskMetrics.inputMetrics-api.scala-231-231=30
org/apache/spark/rdd/RDDOperationScope.name-RDDOperationScope.scala-47-47=8
org/apache/spark/rdd/RDD.name-RDD.scala-153-153=1
org/apache/spark/util/JsonProtocol$$anonfun$rddInfoToJson$6.apply-JsonProtocol.scala-443-443=10
org/apache/spark/rdd/ShuffledRDDPartition.index-ShuffledRDD.scala-27-27=8
org/apache/spark/rdd/RDD$$anonfun$dependencies$2.apply-RDD.scala-252-252=7
org/apache/spark/rdd/RDD.computeOrReadCheckpoint-RDD.scala-343-343=2
org/apache/spark/rdd/RDD.org$apache$spark$rdd$RDD$$partitions_-RDD.scala-242-242=16
org/apache/spark/rdd/ShuffledRDD.isBarrier-ShuffledRDD.scala-114-114=2
org/apache/spark/status/api/v1/TaskMetrics.outputMetrics-api.scala-232-232=30
org/apache/spark/status/api/v1/ShuffleReadMetrics.localBlocksFetched-api.scala-246-246=10
org/apache/spark/rdd/NewHadoopRDD.org$apache$spark$rdd$RDD$$dependencies_-NewHadoopRDD.scala-241-241=4
org/apache/spark/rdd/NewHadoopRDD.dependencies-NewHadoopRDD.scala-252-252=2
org/apache/spark/rdd/RDD.id-RDD.scala-150-150=9
org/apache/spark/rdd/RDD.scope-RDD.scala-1743-1743=1
org/apache/spark/status/api/v1/InputMetrics.recordsRead-api.scala-238-238=15
org/apache/spark/util/JsonProtocol$$anonfun$rddInfoToJson$8.apply-JsonProtocol.scala-445-445=10
org/apache/spark/util/JsonProtocol$$anonfun$rddInfoToJson$5.apply-JsonProtocol.scala-440-440=10
org/apache/spark/status/api/v1/ShuffleWriteMetrics.writeTime-api.scala-255-255=8
org/apache/spark/status/api/v1/TaskMetrics.peakExecutionMemory-api.scala-230-230=10
org/apache/spark/rdd/NewHadoopRDD.checkpointData-NewHadoopRDD.scala-1751-1751=4
org/apache/spark/status/api/v1/TaskMetrics.shuffleWriteMetrics-api.scala-234-234=34
org/apache/spark/status/api/v1/TaskMetrics.executorDeserializeCpuTime-api.scala-222-222=10
org/apache/spark/rdd/RDD.preferredLocations-RDD.scala-296-296=2
org/apache/spark/rdd/RDD.dependencies-RDD.scala-252-252=7
org/apache/spark/status/api/v1/StageData.attemptId-api.scala-166-166=4
org/apache/spark/status/api/v1/ShuffleReadMetrics.fetchWaitTime-api.scala-247-247=10
org/apache/spark/status/api/v1/StageData.stageId-api.scala-165-165=4
org/apache/spark/status/api/v1/ShuffleReadMetrics.remoteBytesReadToDisk-api.scala-249-249=8
org/apache/spark/rdd/RDD.getNarrowAncestors-RDD.scala-320-335=1
org/apache/spark/rdd/ShuffledRDD.getPreferredLocations-ShuffledRDD.scala-97-99=2
org/apache/spark/status/api/v1/TaskMetrics.shuffleReadMetrics-api.scala-233-233=80
org/apache/spark/status/api/v1/TaskMetrics.memoryBytesSpilled-api.scala-228-228=15
org/apache/spark/rdd/RDD.isCheckpointedAndMaterialized-RDD.scala-1677-1677=2
org/apache/spark/status/api/v1/ShuffleReadMetrics.remoteBlocksFetched-api.scala-245-245=10
org/apache/spark/status/api/v1/ShuffleWriteMetrics.recordsWritten-api.scala-256-256=13
org/apache/spark/status/api/v1/TaskMetrics.diskBytesSpilled-api.scala-229-229=15
org/apache/spark/util/JsonProtocol$$anonfun$rddInfoToJson$1.apply-JsonProtocol.scala-437-437=9
org/apache/spark/status/api/v1/ShuffleReadMetrics.recordsRead-api.scala-251-251=13
org/apache/spark/status/api/v1/OutputMetrics.recordsWritten-api.scala-242-242=15
org/apache/spark/status/api/v1/TaskMetrics.resultSerializationTime-api.scala-227-227=10
org/apache/spark/rdd/RDD.creationSite-RDD.scala-1734-1734=1
org/apache/spark/rdd/RDD$$anonfun$partitions$2.apply-RDD.scala-269-269=8
org/apache/spark/rdd/RDD.getStorageLevel-RDD.scala-223-223=2
org/apache/spark/rdd/RDD$$anonfun$preferredLocations$2.apply-RDD.scala-297-297=2
org/apache/spark/rdd/RDDOperationScope.id-RDDOperationScope.scala-49-49=8
org/apache/spark/rdd/RDD$$anonfun$4.apply-RDD.scala-323-323=2
org/apache/spark/util/JsonProtocol$$anonfun$rddInfoToJson$4$$anonfun$apply$19.apply-JsonProtocol.scala-439-439=10
org/apache/spark/rdd/RDD.org$apache$spark$rdd$RDD$$dependencies_-RDD.scala-241-241=14
org/apache/spark/rdd/InputFileBlockHolder$$anon$1.initialValue-InputFileBlockHolder.scala-53-53=1
org/apache/spark/rdd/RDD.sparkContext-RDD.scala-147-147=1
org/apache/spark/status/api/v1/TaskMetrics.executorCpuTime-api.scala-224-224=14
org/apache/spark/rdd/RDDOperationScope$.org$apache$spark$rdd$RDDOperationScope$$jsonMapper-RDDOperationScope.scala-82-82=5
org/apache/spark/rdd/InputFileBlockHolder$.initialize-InputFileBlockHolder.scala-92-92=1
org/apache/spark/util/JsonProtocol$$anonfun$rddInfoToJson$9.apply-JsonProtocol.scala-446-446=8
org/apache/spark/util/JsonProtocol$$anonfun$rddInfoToJson$3.apply-JsonProtocol.scala-439-439=10
org/apache/spark/rdd/RDD.checkpointData-RDD.scala-1751-1751=19
org/apache/spark/status/api/v1/ShuffleReadMetrics.localBytesRead-api.scala-250-250=13
org/apache/spark/rdd/RDDOperationScope.toJson-RDDOperationScope.scala-52-52=5
org/apache/spark/util/JsonProtocol$$anonfun$rddInfoToJson$4.apply-JsonProtocol.scala-439-439=10
org/apache/spark/rdd/RDD.org$apache$spark$rdd$RDD$$visit$1-RDD.scala-323-326=1
org/apache/spark/status/api/v1/InputMetrics.bytesRead-api.scala-237-237=15
org/apache/spark/status/api/v1/TaskMetrics.executorDeserializeTime-api.scala-221-221=12
org/apache/spark/status/api/v1/ExecutorSummary.hostPort-api.scala-78-78=2
org/apache/spark/rdd/NewHadoopRDD.computeOrReadCheckpoint-NewHadoopRDD.scala-343-343=2
org/apache/spark/rdd/RDD.iterator-RDD.scala-307-307=2
org/apache/spark/rdd/NewHadoopRDD.isCheckpointedAndMaterialized-NewHadoopRDD.scala-1677-1677=2
org/apache/spark/status/api/v1/ShuffleWriteMetrics.bytesWritten-api.scala-254-254=13
org/apache/spark/rdd/RDDOperationScope.parent-RDDOperationScope.scala-48-48=8
org/apache/spark/rdd/RDD.partitions-RDD.scala-269-269=8
org/apache/spark/status/api/v1/JobData.jobId-api.scala-110-110=1
org/apache/spark/status/api/v1/ExecutorSummary.id-api.scala-77-77=2
org/apache/spark/status/api/v1/TaskMetrics.jvmGcTime-api.scala-226-226=10
org/apache/spark/rdd/RDDOperationScope$$anonfun$getAllScopes$2.apply-RDDOperationScope.scala-61-61=3
org/apache/spark/util/JsonProtocol$$anonfun$rddInfoToJson$7.apply-JsonProtocol.scala-444-444=10
org/apache/spark/rdd/RDDOperationScope.getAllScopes-RDDOperationScope.scala-61-61=3
org/apache/spark/rdd/ShuffledRDD.compute-ShuffledRDD.scala-103-105=2
org/apache/spark/util/JsonProtocol$$anonfun$rddInfoToJson$2.apply-JsonProtocol.scala-437-437=10
org/apache/spark/status/api/v1/ShuffleReadMetrics.remoteBytesRead-api.scala-248-248=15
