org/apache/spark/rdd/RDD.getNumPartitions-RDD.scala-289-289=1
org/apache/spark/rdd/OrderedRDDFunctions.sortByKey$default$1-OrderedRDDFunctions.scala-59-59=1
org/apache/spark/rdd/RDD.org$apache$spark$rdd$RDD$$partitions_-RDD.scala-242-242=54
org/apache/spark/rdd/ShuffledRDD.isBarrier-ShuffledRDD.scala-114-114=1
org/apache/spark/rdd/RDD.mapPartitionsWithIndex-RDD.scala-871-871=1
org/apache/spark/status/api/v1/ApplicationInfo.id-api.scala-30-30=1
org/apache/spark/rdd/RDD.org$apache$spark$rdd$RDD$$sc-RDD.scala-89-100=34
org/apache/spark/rdd/RDD.partitioner-RDD.scala-140-140=1
org/apache/spark/rdd/RDDOperationScope$$anonfun$2.apply-RDDOperationScope.scala-105-105=42
org/apache/spark/rdd/RDD$.rddToPairRDDFunctions-RDD.scala-2016-2016=1
org/apache/spark/rdd/RDD.id-RDD.scala-150-150=27
org/apache/spark/rdd/RDD.scope-RDD.scala-1743-1743=4
org/apache/spark/rdd/MapPartitionsRDD$.$lessinit$greater$default$4-MapPartitionsRDD.scala-43-43=2
org/apache/spark/rdd/RDD$$anonfun$mapPartitionsWithIndex$1.apply-RDD.scala-871-871=1
org/apache/spark/rdd/RDD$.CHECKPOINT_ALL_MARKED_ANCESTORS-RDD.scala-2006-2006=4
org/apache/spark/rdd/ShuffledRDD.getDependencies-ShuffledRDD.scala-79-87=1
org/apache/spark/rdd/RDD.elementClassTag-RDD.scala-1749-1749=4
org/apache/spark/rdd/RDD.getNarrowAncestors-RDD.scala-320-335=2
org/apache/spark/rdd/HadoopRDD$$anonfun$convertSplitLocationInfo$1$$anonfun$apply$5.apply-HadoopRDD.scala-434-434=2
org/apache/spark/rdd/RDD$$anonfun$partitions$2$$anonfun$apply$3.apply-RDD.scala-274-274=16
org/apache/spark/rdd/RDD.isBarrier_-RDD.scala-1935-1935=3
org/apache/spark/rdd/RDD.withScope-RDD.scala-385-385=3
org/apache/spark/rdd/NewHadoopRDD$$anonfun$getPartitions$1.apply$mcVI$sp-NewHadoopRDD.scala-138-138=2
org/apache/spark/rdd/RDD$$anonfun$org$apache$spark$rdd$RDD$$visit$1$1.apply-RDD.scala-326-326=2
org/apache/spark/rdd/HadoopRDD$$anonfun$convertSplitLocationInfo$1.apply-HadoopRDD.scala-434-434=4
org/apache/spark/rdd/RDD.creationSite-RDD.scala-1734-1734=5
org/apache/spark/rdd/RDD$$anonfun$map$1.apply-RDD.scala-392-392=1
org/apache/spark/rdd/RDD$$anonfun$6.apply-RDD.scala-325-325=4
org/apache/spark/rdd/NewHadoopRDD.getPreferredLocations-NewHadoopRDD.scala-309-311=2
org/apache/spark/rdd/RDD$$anonfun$preferredLocations$2.apply-RDD.scala-297-297=2
org/apache/spark/status/api/v1/ApplicationInfo$.apply-api.scala-29-29=1
org/apache/spark/rdd/RDD.org$apache$spark$rdd$RDD$$dependencies_-RDD.scala-241-241=48
org/apache/spark/rdd/MapPartitionsRDD$.$lessinit$greater$default$3-MapPartitionsRDD.scala-42-42=1
org/apache/spark/rdd/NewHadoopPartition.serializableHadoopSplit-NewHadoopRDD.scala-49-49=2
org/apache/spark/rdd/RDDOperationScope.toJson-RDDOperationScope.scala-52-52=4
org/apache/spark/rdd/RDD.org$apache$spark$rdd$RDD$$visit$1-RDD.scala-323-326=4
org/apache/spark/rdd/RDD.isBarrier-RDD.scala-1931-1931=7
org/apache/spark/status/api/v1/ExecutorSummary.hostPort-api.scala-78-78=20
org/apache/spark/rdd/PairRDDFunctions.org$apache$spark$internal$Logging$$log__$eq-PairRDDFunctions.scala-49-49=1
org/apache/spark/rdd/RDDOperationScope$.org$apache$spark$internal$Logging$$log__$eq-RDDOperationScope.scala-81-81=1
org/apache/spark/rdd/MapPartitionsRDD$$anonfun$isBarrier_$1.apply-MapPartitionsRDD.scala-60-60=4
org/apache/spark/rdd/RDD.context-RDD.scala-1772-1772=5
org/apache/spark/rdd/PairRDDFunctions$$anonfun$partitionBy$1.apply-PairRDDFunctions.scala-529-529=1
org/apache/spark/status/api/v1/ApplicationEnvironmentInfo.sparkProperties-api.scala-313-313=1
org/apache/spark/rdd/RDD.firstParent-RDD.scala-1763-1763=2
org/apache/spark/rdd/OrderedRDDFunctions.sortByKey$default$2-OrderedRDDFunctions.scala-59-59=1
org/apache/spark/rdd/RDDOperationScope$.withScope-RDDOperationScope.scala-134-155=5
org/apache/spark/rdd/ShuffledRDD.prev-ShuffledRDD.scala-42-42=1
org/apache/spark/rdd/RDD.org$apache$spark$rdd$RDD$$stateLock-RDD.scala-237-237=8
org/apache/spark/rdd/MapPartitionsRDD.getPartitions-MapPartitionsRDD.scala-49-49=2
org/apache/spark/util/JsonProtocol$$anonfun$rddInfoToJson$2.apply-JsonProtocol.scala-437-437=2
org/apache/spark/rdd/NewHadoopPartition.index-NewHadoopRDD.scala-45-45=2
org/apache/spark/status/api/v1/UIRootFromServletContext$.setUiRoot-ApiRootResource.scala-105-105=1
org/apache/spark/rdd/ShuffledRDD.getPartitions-ShuffledRDD.scala-93-93=1
org/apache/spark/rdd/RDDOperationScope.name-RDDOperationScope.scala-47-47=4
org/apache/spark/rdd/RDD$$anonfun$5.apply-RDD.scala-324-324=4
org/apache/spark/rdd/HadoopRDD$.org$apache$spark$internal$Logging$$log__$eq-HadoopRDD.scala-379-379=1
org/apache/spark/status/api/v1/ApiRootResource$.getServletHandler-ApiRootResource.scala-61-67=1
org/apache/spark/rdd/RDD.name-RDD.scala-153-153=4
org/apache/spark/rdd/NewHadoopRDD.getPartitions-NewHadoopRDD.scala-123-129=1
org/apache/spark/rdd/ShuffledRDDPartition.index-ShuffledRDD.scala-27-27=6
org/apache/spark/rdd/PairRDDFunctions.partitionBy-PairRDDFunctions.scala-529-529=1
org/apache/spark/rdd/RDD$$anonfun$dependencies$2.apply-RDD.scala-252-252=22
org/apache/spark/rdd/RDD.map-RDD.scala-392-392=1
org/apache/spark/rdd/NewHadoopRDD.org$apache$spark$rdd$NewHadoopRDD$$_conf-NewHadoopRDD.scala-75-75=1
org/apache/spark/rdd/RDD.org$apache$spark$rdd$RDD$$partitions__$eq-RDD.scala-242-242=4
org/apache/spark/rdd/RDD$$anonfun$37.apply-RDD.scala-1744-1744=8
org/apache/spark/rdd/RDDOperationScope$.withScope$default$2-RDDOperationScope.scala-101-101=7
org/apache/spark/rdd/RDD.preferredLocations-RDD.scala-296-296=2
org/apache/spark/rdd/RDD.dependencies-RDD.scala-252-252=22
org/apache/spark/rdd/RDDOperationScope$$anonfun$3.apply-RDDOperationScope.scala-106-106=14
org/apache/spark/rdd/PairRDDFunctions.keyClass-PairRDDFunctions.scala-1111-1111=1
org/apache/spark/rdd/MapPartitionsRDD.isBarrier_-MapPartitionsRDD.scala-60-60=4
org/apache/spark/rdd/RDD.org$apache$spark$rdd$RDD$$dependencies__$eq-RDD.scala-241-241=4
org/apache/spark/rdd/HadoopRDD$$anonfun$convertSplitLocationInfo$1$$anonfun$apply$5.apply-HadoopRDD.scala-435-434=2
org/apache/spark/rdd/ShuffledRDD$$anonfun$1.apply-ShuffledRDD.scala-79-79=1
org/apache/spark/rdd/ShuffledRDD.org$apache$spark$rdd$ShuffledRDD$$mapSideCombine-ShuffledRDD.scala-52-52=2
org/apache/spark/util/JsonProtocol$$anonfun$rddInfoToJson$1.apply-JsonProtocol.scala-437-437=2
org/apache/spark/rdd/NewHadoopRDD.org$apache$spark$rdd$NewHadoopRDD$$jobTrackerId-NewHadoopRDD.scala-82-82=1
org/apache/spark/rdd/RDD$$anonfun$partitions$2.apply-RDD.scala-269-269=23
org/apache/spark/rdd/RDD.getStorageLevel-RDD.scala-223-223=8
org/apache/spark/rdd/RDDOperationScope.id-RDDOperationScope.scala-49-49=4
org/apache/spark/rdd/RDDOperationScope$$anonfun$1.apply-RDDOperationScope.scala-104-104=28
org/apache/spark/rdd/RDD$$anonfun$4.apply-RDD.scala-323-323=6
org/apache/spark/rdd/ShuffledRDD$$anonfun$getPartitions$1.apply-ShuffledRDD.scala-93-93=4
org/apache/spark/util/JsonProtocol$$anonfun$rddInfoToJson$4$$anonfun$apply$19.apply-JsonProtocol.scala-439-439=2
org/apache/spark/rdd/RDD.name_$eq-RDD.scala-153-153=1
org/apache/spark/rdd/RDDOperationScope$.org$apache$spark$rdd$RDDOperationScope$$jsonMapper-RDDOperationScope.scala-82-82=12
org/apache/spark/rdd/RDD.sparkContext-RDD.scala-147-147=5
org/apache/spark/rdd/RDDOperationScope$.withScope-RDDOperationScope.scala-102-112=5
org/apache/spark/rdd/RDDOperationScope$.nextScopeId-RDDOperationScope.scala-90-90=3
org/apache/spark/util/JsonProtocol$$anonfun$rddInfoToJson$3.apply-JsonProtocol.scala-439-439=2
org/apache/spark/rdd/RDD.checkpointData-RDD.scala-1751-1751=47
org/apache/spark/util/JsonProtocol$$anonfun$rddInfoToJson$4.apply-JsonProtocol.scala-439-439=2
org/apache/spark/rdd/RDDOperationScope$$anonfun$5.apply-RDDOperationScope.scala-137-137=8
org/apache/spark/rdd/NewHadoopRDD.jobId-NewHadoopRDD.scala-87-87=1
org/apache/spark/rdd/RDD.org$apache$spark$internal$Logging$$log__$eq-RDD.scala-77-77=4
org/apache/spark/rdd/RDD$$anonfun$getNarrowAncestors$1.apply-RDD.scala-335-335=4
org/apache/spark/rdd/RDDOperationScope$.fromJson-RDDOperationScope.scala-86-86=8
org/apache/spark/rdd/RDD$.rddToOrderedRDDFunctions-RDD.scala-2036-2036=1
org/apache/spark/rdd/RDD.setName-RDD.scala-157-158=1
org/apache/spark/rdd/HadoopRDD$.convertSplitLocationInfo-HadoopRDD.scala-434-434=2
org/apache/spark/rdd/RDDOperationScope.parent-RDDOperationScope.scala-48-48=4
org/apache/spark/rdd/RDD.partitions-RDD.scala-269-269=23
org/apache/spark/status/api/v1/ExecutorSummary.id-api.scala-77-77=20
org/apache/spark/status/api/v1/JobData.jobId-api.scala-110-110=1
org/apache/spark/status/api/v1/ApplicationAttemptInfo$.apply-api.scala-41-41=1
org/apache/spark/rdd/OrderedRDDFunctions.org$apache$spark$internal$Logging$$log__$eq-OrderedRDDFunctions.scala-45-45=1
org/apache/spark/rdd/RDD.mapPartitionsWithIndex$default$2-RDD.scala-871-871=1
org/apache/spark/rdd/RDD$$anonfun$org$apache$spark$rdd$RDD$$visit$1$1.apply-RDD.scala-327-328=2
org/apache/spark/rdd/MapPartitionsRDD$.$lessinit$greater$default$5-MapPartitionsRDD.scala-44-44=2
org/apache/spark/rdd/RDD.getDependencies-RDD.scala-132-132=3
org/apache/spark/rdd/RDDOperationScope$.$lessinit$greater$default$3-RDDOperationScope.scala-49-49=3
