org/apache/spark/rdd/ZippedPartitionsPartition$$anonfun$writeObject$1.apply-ZippedPartitionsRDD.scala-38-38=640
org/apache/spark/rdd/RDD.org$apache$spark$rdd$RDD$$partitions_-RDD.scala-242-242=6854
org/apache/spark/status/api/v1/InputMetrics.recordsRead-api.scala-238-238=299
org/apache/spark/rdd/ZippedPartitionsPartition$$anonfun$writeObject$1.apply$mcV$sp-ZippedPartitionsRDD.scala-40-41=640
org/apache/spark/rdd/ZippedPartitionsPartition.org$apache$spark$rdd$ZippedPartitionsPartition$$rdds-ZippedPartitionsRDD.scala-29-29=625
org/apache/spark/status/api/v1/InputMetrics.bytesRead-api.scala-237-237=298
org/apache/spark/rdd/RDD.getPreferredLocations-RDD.scala-137-137=140
org/apache/spark/rdd/ZippedPartitionsRDD2.getPreferredLocations-ZippedPartitionsRDD.scala-70-70=40
org/apache/spark/rdd/RDD$$anonfun$5.apply-RDD.scala-324-324=3354
org/apache/spark/rdd/ZippedPartitionsPartition$$anonfun$writeObject$1.org$apache$spark$rdd$ZippedPartitionsPartition$$anonfun$$$outer-ZippedPartitionsRDD.scala-38-38=1247
org/apache/spark/rdd/RDD.preferredLocations-RDD.scala-296-296=240
org/apache/spark/util/JsonProtocol$$anonfun$rddInfoToJson$3.apply-JsonProtocol.scala-439-439=2462
org/apache/spark/rdd/RDD.checkpointData-RDD.scala-1751-1751=10083
org/apache/spark/rdd/RDD.partitions-RDD.scala-269-269=3411
org/apache/spark/rdd/RDD$$anonfun$org$apache$spark$rdd$RDD$$visit$1$1.apply-RDD.scala-327-328=1436
org/apache/spark/rdd/ZippedPartitionsPartition.index-ZippedPartitionsRDD.scala-33-33=311
org/apache/spark/rdd/RDD.id-RDD.scala-150-150=3998
org/apache/spark/rdd/ZippedPartitionsPartition.partitionValues_$eq-ZippedPartitionsRDD.scala-34-34=625
org/apache/spark/rdd/RDD$$anonfun$preferredLocations$2.apply-RDD.scala-297-297=240
org/apache/spark/rdd/RDD.isBarrier-RDD.scala-1931-1931=168
org/apache/spark/rdd/ZippedPartitionsPartition$$anonfun$writeObject$1$$anonfun$apply$mcV$sp$1.apply-ZippedPartitionsRDD.scala-40-40=2510
org/apache/spark/rdd/ZippedPartitionsPartition.preferredLocations-ZippedPartitionsRDD.scala-30-30=40
org/apache/spark/rdd/ZippedPartitionsBaseRDD.getPreferredLocations-ZippedPartitionsRDD.scala-70-70=40
org/apache/spark/rdd/MapPartitionsRDD.isBarrier_-MapPartitionsRDD.scala-60-60=156
org/apache/spark/rdd/RDD$$anonfun$partitions$2.apply-RDD.scala-269-269=3413
org/apache/spark/rdd/RDD$$anonfun$4.apply-RDD.scala-323-323=4216
org/apache/spark/util/JsonProtocol$$anonfun$rddInfoToJson$4.apply-JsonProtocol.scala-439-439=2459
