org/apache/spark/rdd/ZippedPartitionsPartition$$anonfun$writeObject$1.apply-ZippedPartitionsRDD.scala-38-38=92
org/apache/spark/rdd/RDD.org$apache$spark$rdd$RDD$$partitions_-RDD.scala-242-242=2094
org/apache/spark/status/api/v1/InputMetrics.recordsRead-api.scala-238-238=226
org/apache/spark/rdd/ZippedPartitionsPartition$$anonfun$writeObject$1.apply$mcV$sp-ZippedPartitionsRDD.scala-40-41=92
org/apache/spark/rdd/ZippedPartitionsPartition.org$apache$spark$rdd$ZippedPartitionsPartition$$rdds-ZippedPartitionsRDD.scala-29-29=79
org/apache/spark/status/api/v1/InputMetrics.bytesRead-api.scala-237-237=226
org/apache/spark/rdd/RDD.getPreferredLocations-RDD.scala-137-137=40
org/apache/spark/rdd/RDD$$anonfun$5.apply-RDD.scala-324-324=1574
org/apache/spark/rdd/ZippedPartitionsPartition$$anonfun$writeObject$1.org$apache$spark$rdd$ZippedPartitionsPartition$$anonfun$$$outer-ZippedPartitionsRDD.scala-38-38=158
org/apache/spark/rdd/RDD.preferredLocations-RDD.scala-296-296=40
org/apache/spark/util/JsonProtocol$$anonfun$rddInfoToJson$3.apply-JsonProtocol.scala-439-439=841
org/apache/spark/rdd/RDD.checkpointData-RDD.scala-1751-1751=4251
org/apache/spark/rdd/RDD.partitions-RDD.scala-269-269=1040
org/apache/spark/rdd/RDD$$anonfun$org$apache$spark$rdd$RDD$$visit$1$1.apply-RDD.scala-327-328=687
org/apache/spark/rdd/ZippedPartitionsPartition.index-ZippedPartitionsRDD.scala-33-33=121
org/apache/spark/rdd/RDD.id-RDD.scala-150-150=1894
org/apache/spark/rdd/ZippedPartitionsPartition.partitionValues_$eq-ZippedPartitionsRDD.scala-34-34=78
org/apache/spark/rdd/RDD$$anonfun$preferredLocations$2.apply-RDD.scala-297-297=40
org/apache/spark/rdd/RDD.isBarrier-RDD.scala-1931-1931=109
org/apache/spark/rdd/ZippedPartitionsPartition$$anonfun$writeObject$1$$anonfun$apply$mcV$sp$1.apply-ZippedPartitionsRDD.scala-40-40=312
org/apache/spark/rdd/MapPartitionsRDD.isBarrier_-MapPartitionsRDD.scala-60-60=108
org/apache/spark/rdd/RDD$$anonfun$partitions$2.apply-RDD.scala-269-269=1039
org/apache/spark/rdd/RDD$$anonfun$4.apply-RDD.scala-323-323=1980
org/apache/spark/util/JsonProtocol$$anonfun$rddInfoToJson$4.apply-JsonProtocol.scala-439-439=842
