org/apache/spark/rdd/RDD.org$apache$spark$rdd$RDD$$partitions_-RDD.scala-242-242=510
org/apache/spark/rdd/RDD.id-RDD.scala-150-150=669
org/apache/spark/status/api/v1/InputMetrics.recordsRead-api.scala-238-238=857
org/apache/spark/rdd/RDD$$anonfun$preferredLocations$2.apply-RDD.scala-297-297=160
org/apache/spark/rdd/RDD.isBarrier-RDD.scala-1931-1931=20
org/apache/spark/status/api/v1/InputMetrics.bytesRead-api.scala-237-237=859
org/apache/spark/rdd/RDD.getPreferredLocations-RDD.scala-137-137=100
org/apache/spark/rdd/ZippedPartitionsPartition.preferredLocations-ZippedPartitionsRDD.scala-30-30=40
org/apache/spark/rdd/ZippedPartitionsBaseRDD.getPreferredLocations-ZippedPartitionsRDD.scala-70-70=40
org/apache/spark/rdd/ZippedPartitionsRDD2.getPreferredLocations-ZippedPartitionsRDD.scala-70-70=40
org/apache/spark/rdd/RDD$$anonfun$5.apply-RDD.scala-324-324=10
org/apache/spark/rdd/RDD.preferredLocations-RDD.scala-296-296=160
org/apache/spark/rdd/MapPartitionsRDD.isBarrier_-MapPartitionsRDD.scala-60-60=20
org/apache/spark/rdd/RDD$$anonfun$partitions$2.apply-RDD.scala-269-269=254
org/apache/spark/rdd/RDD$$anonfun$4.apply-RDD.scala-323-323=10
org/apache/spark/util/JsonProtocol$$anonfun$rddInfoToJson$3.apply-JsonProtocol.scala-439-439=36
org/apache/spark/rdd/RDD.checkpointData-RDD.scala-1751-1751=671
org/apache/spark/util/JsonProtocol$$anonfun$rddInfoToJson$4.apply-JsonProtocol.scala-439-439=36
org/apache/spark/rdd/RDD.partitions-RDD.scala-269-269=252
org/apache/spark/rdd/RDD$$anonfun$org$apache$spark$rdd$RDD$$visit$1$1.apply-RDD.scala-327-328=5
