org/apache/spark/status/api/v1/OutputMetrics.bytesWritten-api.scala-241-241=99
org/apache/spark/graphx/impl/EdgePartition$$anon$1.map-EdgePartition.scala-327-327=1
org/apache/spark/graphx/util/collection/GraphXPrimitiveKeyOpenHashMap$mcJI$sp._oldValues$mcI$sp_$eq-GraphXPrimitiveKeyOpenHashMap.scala--1--1=301
org/apache/spark/status/api/v1/TaskMetrics.resultSize-api.scala-225-225=62
org/apache/spark/graphx/impl/VertexRDDImpl.partitionsRDD-VertexRDDImpl.scala-28-28=11
org/apache/spark/rdd/ZippedPartitionsPartition$$anonfun$writeObject$1.apply-ZippedPartitionsRDD.scala-38-38=20
org/apache/spark/graphx/impl/EdgeRDDImpl.compute-EdgeRDDImpl.scala-50-49=2
org/apache/spark/graphx/util/collection/GraphXPrimitiveKeyOpenHashMap$mcJI$sp._oldValues_$eq-GraphXPrimitiveKeyOpenHashMap.scala-57-57=301
org/apache/spark/graphx/impl/VertexRDDImpl.getPreferredLocations-VertexRDDImpl.scala-40-40=10
org/apache/spark/graphx/util/collection/GraphXPrimitiveKeyOpenHashMap$mcJI$sp._oldValues_$eq-GraphXPrimitiveKeyOpenHashMap.scala-32-32=6
org/apache/spark/graphx/util/collection/GraphXPrimitiveKeyOpenHashMap.grow-GraphXPrimitiveKeyOpenHashMap.scala-145-145=1146
org/apache/spark/graphx/util/collection/GraphXPrimitiveKeyOpenHashMap.changeValue-GraphXPrimitiveKeyOpenHashMap.scala-103-102=1656
org/apache/spark/graphx/impl/EdgePartition.iterator-EdgePartition.scala-327-327=11
org/apache/spark/rdd/RDD.org$apache$spark$rdd$RDD$$partitions_-RDD.scala-242-242=217
org/apache/spark/rdd/ZippedPartitionsPartition.index-ZippedPartitionsRDD.scala-33-33=16
org/apache/spark/status/api/v1/ShuffleReadMetrics.localBlocksFetched-api.scala-246-246=67
org/apache/spark/graphx/util/collection/GraphXPrimitiveKeyOpenHashMap._values-GraphXPrimitiveKeyOpenHashMap.scala-34-34=4843
org/apache/spark/graphx/Edge.srcId_$eq-Edge.scala-33-33=1598
org/apache/spark/graphx/Edge$.edgeArraySortDataFormat-Edge.scala-71-71=10
org/apache/spark/graphx/impl/RoutingTablePartition$$anonfun$edgePartitionToMsgs$2.apply-RoutingTablePartition.scala-55-55=423
org/apache/spark/rdd/RDD.id-RDD.scala-150-150=183
org/apache/spark/rdd/RDD.scope-RDD.scala-1743-1743=18
org/apache/spark/graphx/EdgeRDD.compute-EdgeRDD.scala-50-49=1
org/apache/spark/status/api/v1/InputMetrics.recordsRead-api.scala-238-238=108
org/apache/spark/util/JsonProtocol$$anonfun$rddInfoToJson$5.apply-JsonProtocol.scala-440-440=308
org/apache/spark/graphx/impl/EdgePartitionBuilder$$anonfun$toEdgePartition$2.apply$mcII$sp-EdgePartitionBuilder.scala-59-59=700
org/apache/spark/status/api/v1/ShuffleWriteMetrics.writeTime-api.scala-255-255=57
org/apache/spark/graphx/Edge$$anon$1.compare-Edge.scala-62-62=830
org/apache/spark/status/api/v1/TaskMetrics.peakExecutionMemory-api.scala-230-230=60
org/apache/spark/status/api/v1/TaskMetrics.shuffleWriteMetrics-api.scala-234-234=257
org/apache/spark/status/api/v1/StageData.attemptId-api.scala-166-166=21
org/apache/spark/graphx/VertexRDD$$anonfun$4.apply-VertexRDD.scala-356-356=18
org/apache/spark/rdd/ZippedPartitionsPartition$$anonfun$writeObject$1.apply$mcV$sp-ZippedPartitionsRDD.scala-40-41=22
org/apache/spark/status/api/v1/StageData.stageId-api.scala-165-165=23
org/apache/spark/status/api/v1/ShuffleReadMetrics.remoteBytesReadToDisk-api.scala-249-249=64
org/apache/spark/rdd/RDD.getNarrowAncestors-RDD.scala-320-335=1
org/apache/spark/rdd/RDD.elementClassTag-RDD.scala-1749-1749=3
org/apache/spark/graphx/impl/EdgeRDDImpl.getStorageLevel-EdgeRDDImpl.scala-74-74=2
org/apache/spark/graphx/Edge.attr-Edge.scala-35-35=2407
org/apache/spark/graphx/impl/EdgePartitionBuilder.add-EdgePartitionBuilder.scala-34-34=785
org/apache/spark/graphx/Edge$$anon$2.getKey-Edge.scala-73-73=1653
org/apache/spark/graphx/util/collection/GraphXPrimitiveKeyOpenHashMap$$anon$1.hasNext-GraphXPrimitiveKeyOpenHashMap.scala-131-131=869
org/apache/spark/graphx/util/collection/GraphXPrimitiveKeyOpenHashMap.iterator-GraphXPrimitiveKeyOpenHashMap.scala-115-115=8
org/apache/spark/status/api/v1/TaskMetrics.memoryBytesSpilled-api.scala-228-228=83
org/apache/spark/rdd/RDD.isCheckpointedAndMaterialized-RDD.scala-1677-1677=12
org/apache/spark/graphx/EdgeRDD$$anonfun$1$$anonfun$apply$1.apply-EdgeRDD.scala-107-107=782
org/apache/spark/graphx/util/collection/GraphXPrimitiveKeyOpenHashMap$mcJI$sp.keySet-GraphXPrimitiveKeyOpenHashMap.scala-34-34=2684
org/apache/spark/graphx/util/collection/GraphXPrimitiveKeyOpenHashMap$mcJI$sp._oldValues-GraphXPrimitiveKeyOpenHashMap.scala-32-32=270
org/apache/spark/rdd/ZippedPartitionsPartition.org$apache$spark$rdd$ZippedPartitionsPartition$$rdds-ZippedPartitionsRDD.scala-29-29=26
org/apache/spark/status/api/v1/ShuffleReadMetrics.recordsRead-api.scala-251-251=101
org/apache/spark/rdd/RDD$$anonfun$org$apache$spark$rdd$RDD$$visit$1$1.apply-RDD.scala-326-326=17
org/apache/spark/status/api/v1/OutputMetrics.recordsWritten-api.scala-242-242=101
org/apache/spark/graphx/util/collection/GraphXPrimitiveKeyOpenHashMap$mcJI$sp._values$mcI$sp_$eq-GraphXPrimitiveKeyOpenHashMap.scala--1--1=6
org/apache/spark/rdd/RDD.creationSite-RDD.scala-1734-1734=18
org/apache/spark/rdd/ZippedPartitionsPartition.partitionValues_$eq-ZippedPartitionsRDD.scala-34-34=22
org/apache/spark/graphx/Edge$.lexicographicOrdering-Edge.scala-60-60=10
org/apache/spark/rdd/RDD$$anonfun$6.apply-RDD.scala-325-325=34
org/apache/spark/rdd/RDD$$anonfun$preferredLocations$2.apply-RDD.scala-297-297=50
org/apache/spark/graphx/EdgeRDD$$anonfun$1.apply-EdgeRDD.scala-106-110=10
org/apache/spark/rdd/RDD.org$apache$spark$rdd$RDD$$dependencies_-RDD.scala-241-241=186
org/apache/spark/status/api/v1/TaskMetrics.executorCpuTime-api.scala-224-224=90
org/apache/spark/graphx/util/collection/GraphXPrimitiveKeyOpenHashMap.move-GraphXPrimitiveKeyOpenHashMap.scala-150-150=1144
org/apache/spark/rdd/RDDOperationScope.toJson-RDDOperationScope.scala-52-52=143
org/apache/spark/rdd/RDD.org$apache$spark$rdd$RDD$$visit$1-RDD.scala-323-326=18
org/apache/spark/rdd/RDD.isBarrier-RDD.scala-1931-1931=10
org/apache/spark/graphx/impl/EdgePartition$$anon$1.next-EdgePartition.scala-327-327=1614
org/apache/spark/graphx/impl/EdgePartition.org$apache$spark$graphx$impl$EdgePartition$$dstIds-EdgePartition.scala-108-108=1601
org/apache/spark/rdd/ZippedPartitionsPartition$$anonfun$writeObject$1$$anonfun$apply$mcV$sp$1.apply-ZippedPartitionsRDD.scala-40-40=75
org/apache/spark/status/api/v1/InputMetrics.bytesRead-api.scala-237-237=100
org/apache/spark/rdd/RDD.getPreferredLocations-RDD.scala-137-137=30
org/apache/spark/rdd/ZippedPartitionsPartition.preferredLocations-ZippedPartitionsRDD.scala-30-30=10
org/apache/spark/status/api/v1/ExecutorSummary.hostPort-api.scala-78-78=11
org/apache/spark/rdd/ZippedPartitionsBaseRDD.getPreferredLocations-ZippedPartitionsRDD.scala-70-70=10
org/apache/spark/graphx/Edge$$anon$1.compare-Edge.scala-60-60=831
org/apache/spark/graphx/impl/EdgeRDDImpl.partitionsRDD-EdgeRDDImpl.scala-28-28=2
org/apache/spark/graphx/VertexRDD$$anonfun$4$$anonfun$apply$2.apply-VertexRDD.scala-357-357=16
org/apache/spark/rdd/RDD.getOrCompute-RDD.scala-354-357=4
org/apache/spark/graphx/Edge.srcId-Edge.scala-33-33=5499
org/apache/spark/rdd/RDD.iterator-RDD.scala-307-307=23
org/apache/spark/rdd/ZippedPartitionsRDD2.getPreferredLocations-ZippedPartitionsRDD.scala-70-70=10
org/apache/spark/status/api/v1/ShuffleWriteMetrics.bytesWritten-api.scala-254-254=93
org/apache/spark/graphx/util/collection/GraphXPrimitiveKeyOpenHashMap$$anon$1.map-GraphXPrimitiveKeyOpenHashMap.scala-115-115=8
org/apache/spark/graphx/impl/EdgePartitionBuilder$.$lessinit$greater$default$1-EdgePartitionBuilder.scala-29-29=2
org/apache/spark/graphx/Edge.copy-Edge.scala-32-32=782
org/apache/spark/util/JsonProtocol$$anonfun$rddInfoToJson$7.apply-JsonProtocol.scala-444-444=288
org/apache/spark/rdd/RDDOperationScope$$anonfun$getAllScopes$2.apply-RDDOperationScope.scala-61-61=126
org/apache/spark/rdd/RDD.firstParent-RDD.scala-1763-1763=10
org/apache/spark/graphx/Edge$$anon$2.getKey-Edge.scala-71-71=1650
org/apache/spark/rdd/RDDOperationScope.getAllScopes-RDDOperationScope.scala-61-61=127
org/apache/spark/graphx/impl/RoutingTablePartition$.org$apache$spark$graphx$impl$RoutingTablePartition$$toMessage-RoutingTablePartition.scala-34-36=423
org/apache/spark/graphx/impl/RoutingTablePartition$$anonfun$edgePartitionToMsgs$2.apply-RoutingTablePartition.scala-56-58=423
org/apache/spark/util/JsonProtocol$$anonfun$rddInfoToJson$2.apply-JsonProtocol.scala-437-437=301
org/apache/spark/status/api/v1/ShuffleReadMetrics.remoteBytesRead-api.scala-248-248=102
org/apache/spark/graphx/util/collection/GraphXPrimitiveKeyOpenHashMap._values_$eq-GraphXPrimitiveKeyOpenHashMap.scala-34-34=6
org/apache/spark/rdd/InputFileBlockHolder$.unset-InputFileBlockHolder.scala-86-86=10
org/apache/spark/graphx/util/collection/GraphXPrimitiveKeyOpenHashMap$mcJI$sp._values_$eq-GraphXPrimitiveKeyOpenHashMap.scala-34-34=6
org/apache/spark/rdd/RDDOperationScope.name-RDDOperationScope.scala-47-47=265
org/apache/spark/status/api/v1/TaskMetrics.executorRunTime-api.scala-223-223=92
org/apache/spark/status/api/v1/TaskMetrics.inputMetrics-api.scala-231-231=206
org/apache/spark/rdd/RDD$$anonfun$5.apply-RDD.scala-324-324=34
org/apache/spark/util/JsonProtocol$$anonfun$rddInfoToJson$6.apply-JsonProtocol.scala-443-443=294
org/apache/spark/rdd/RDD.name-RDD.scala-153-153=18
org/apache/spark/rdd/RDD$$anonfun$mapPartitionsWithIndex$1$$anonfun$apply$25.apply-RDD.scala-875-875=18
org/apache/spark/rdd/RDD$$anonfun$dependencies$2.apply-RDD.scala-252-252=94
org/apache/spark/rdd/RDD.computeOrReadCheckpoint-RDD.scala-343-343=19
org/apache/spark/graphx/util/collection/GraphXPrimitiveKeyOpenHashMap$mcJI$sp._oldValues$mcI$sp-GraphXPrimitiveKeyOpenHashMap.scala--1--1=270
org/apache/spark/status/api/v1/TaskMetrics.outputMetrics-api.scala-232-232=207
org/apache/spark/graphx/impl/RoutingTablePartition$$anonfun$edgePartitionToMsgs$1.apply-RoutingTablePartition.scala-52-53=828
org/apache/spark/graphx/util/collection/GraphXPrimitiveKeyOpenHashMap$$anonfun$2.apply$mcVII$sp-GraphXPrimitiveKeyOpenHashMap.scala-151-151=540
org/apache/spark/graphx/Edge$.$lessinit$greater$default$2-Edge.scala-34-34=14
org/apache/spark/util/JsonProtocol$$anonfun$rddInfoToJson$8.apply-JsonProtocol.scala-445-445=291
org/apache/spark/graphx/impl/RoutingTablePartition$.edgePartitionToMsgs-RoutingTablePartition.scala-50-55=8
org/apache/spark/graphx/util/collection/GraphXPrimitiveKeyOpenHashMap$mcJI$sp._values$mcI$sp-GraphXPrimitiveKeyOpenHashMap.scala--1--1=4730
org/apache/spark/graphx/impl/RoutingTablePartition$$anonfun$edgePartitionToMsgs$1$$anonfun$apply$2.apply$mcB$sp-RoutingTablePartition.scala-53-53=288
org/apache/spark/graphx/impl/EdgePartitionBuilder$$anonfun$toEdgePartition$4.apply$mcII$sp-EdgePartitionBuilder.scala-61-61=539
org/apache/spark/rdd/ZippedPartitionsPartition$$anonfun$writeObject$1.org$apache$spark$rdd$ZippedPartitionsPartition$$anonfun$$$outer-ZippedPartitionsRDD.scala-38-38=40
org/apache/spark/graphx/impl/EdgePartition.size-EdgePartition.scala-314-314=1624
org/apache/spark/status/api/v1/TaskMetrics.executorDeserializeCpuTime-api.scala-222-222=62
org/apache/spark/rdd/RDD.preferredLocations-RDD.scala-296-296=50
org/apache/spark/rdd/RDD.dependencies-RDD.scala-252-252=93
org/apache/spark/graphx/EdgeRDD$$anonfun$1$$anonfun$apply$1.apply-EdgeRDD.scala-108-108=796
org/apache/spark/status/api/v1/ShuffleReadMetrics.fetchWaitTime-api.scala-247-247=61
org/apache/spark/graphx/Edge.attr_$eq-Edge.scala-35-35=1604
org/apache/spark/rdd/MapPartitionsRDD.isBarrier_-MapPartitionsRDD.scala-60-60=10
org/apache/spark/rdd/RDD$$anonfun$mapPartitions$1$$anonfun$apply$23.apply-RDD.scala-823-823=20
org/apache/spark/graphx/impl/RoutingTablePartition$$anonfun$edgePartitionToMsgs$1$$anonfun$apply$4.apply-RoutingTablePartition.scala-53-53=1083
org/apache/spark/graphx/impl/RoutingTablePartition$$anonfun$edgePartitionToMsgs$1$$anonfun$apply$3.apply-RoutingTablePartition.scala-52-52=1402
org/apache/spark/graphx/impl/EdgePartition$$anon$1.foreach-EdgePartition.scala-327-327=9
org/apache/spark/graphx/impl/VertexRDDImpl.getStorageLevel-VertexRDDImpl.scala-74-74=1
org/apache/spark/status/api/v1/TaskMetrics.shuffleReadMetrics-api.scala-233-233=584
org/apache/spark/status/api/v1/ShuffleReadMetrics.remoteBlocksFetched-api.scala-245-245=59
org/apache/spark/graphx/impl/EdgePartition$$anon$1.hasNext-EdgePartition.scala-331-331=1614
org/apache/spark/status/api/v1/ShuffleWriteMetrics.recordsWritten-api.scala-256-256=98
org/apache/spark/util/JsonProtocol$$anonfun$rddInfoToJson$1.apply-JsonProtocol.scala-437-437=302
org/apache/spark/status/api/v1/TaskMetrics.diskBytesSpilled-api.scala-229-229=88
org/apache/spark/graphx/Edge$.$lessinit$greater$default$1-Edge.scala-33-33=14
org/apache/spark/graphx/impl/EdgePartitionBuilder.toEdgePartition-EdgePartitionBuilder.scala-38-72=10
org/apache/spark/graphx/Edge$$anon$2.allocate-Edge.scala-71-71=10
org/apache/spark/graphx/util/collection/GraphXPrimitiveKeyOpenHashMap$mcJI$sp._values_$eq-GraphXPrimitiveKeyOpenHashMap.scala-32-32=6
org/apache/spark/status/api/v1/TaskMetrics.resultSerializationTime-api.scala-227-227=63
org/apache/spark/graphx/Edge.dstId_$eq-Edge.scala-34-34=1601
org/apache/spark/rdd/RDD$$anonfun$partitions$2.apply-RDD.scala-269-269=110
org/apache/spark/rdd/RDD.getStorageLevel-RDD.scala-223-223=25
org/apache/spark/graphx/util/collection/GraphXPrimitiveKeyOpenHashMap.keySet-GraphXPrimitiveKeyOpenHashMap.scala-34-34=2934
org/apache/spark/rdd/RDDOperationScope.id-RDDOperationScope.scala-49-49=269
org/apache/spark/rdd/RDD$$anonfun$4.apply-RDD.scala-323-323=46
org/apache/spark/graphx/Edge.copy$default$1-Edge.scala-33-33=787
org/apache/spark/util/JsonProtocol$$anonfun$rddInfoToJson$4$$anonfun$apply$19.apply-JsonProtocol.scala-439-439=277
org/apache/spark/rdd/InputFileBlockHolder$$anon$1.initialValue-InputFileBlockHolder.scala-53-53=1
org/apache/spark/rdd/RDD.sparkContext-RDD.scala-147-147=1
org/apache/spark/rdd/RDDOperationScope$.org$apache$spark$rdd$RDDOperationScope$$jsonMapper-RDDOperationScope.scala-82-82=136
org/apache/spark/graphx/EdgeRDD$$anonfun$compute$1.apply-EdgeRDD.scala-52-52=1570
org/apache/spark/graphx/impl/RoutingTablePartition$$anonfun$edgePartitionToMsgs$1$$anonfun$apply$1.apply$mcB$sp-RoutingTablePartition.scala-52-52=132
org/apache/spark/rdd/InputFileBlockHolder$.initialize-InputFileBlockHolder.scala-92-92=1
org/apache/spark/util/JsonProtocol$$anonfun$rddInfoToJson$9.apply-JsonProtocol.scala-446-446=294
org/apache/spark/graphx/impl/EdgePartitionBuilder$$anonfun$toEdgePartition$1.apply$mcI$sp-EdgePartitionBuilder.scala-59-59=132
org/apache/spark/graphx/util/collection/GraphXPrimitiveKeyOpenHashMap$mcJI$sp.update$mcJI$sp-GraphXPrimitiveKeyOpenHashMap.scala-75-78=294
org/apache/spark/util/JsonProtocol$$anonfun$rddInfoToJson$3.apply-JsonProtocol.scala-439-439=279
org/apache/spark/rdd/RDD.checkpointData-RDD.scala-1751-1751=263
org/apache/spark/util/JsonProtocol$$anonfun$rddInfoToJson$4.apply-JsonProtocol.scala-439-439=291
org/apache/spark/status/api/v1/ShuffleReadMetrics.localBytesRead-api.scala-250-250=108
org/apache/spark/graphx/Edge.copy$default$2-Edge.scala-34-34=791
org/apache/spark/graphx/Edge$.$lessinit$greater$default$3-Edge.scala-35-35=14
org/apache/spark/graphx/util/collection/GraphXPrimitiveKeyOpenHashMap$$anonfun$1.apply$mcVI$sp-GraphXPrimitiveKeyOpenHashMap.scala-146-147=12
org/apache/spark/rdd/MapPartitionsRDD.compute-MapPartitionsRDD.scala-52-52=19
org/apache/spark/status/api/v1/TaskMetrics.executorDeserializeTime-api.scala-221-221=69
org/apache/spark/rdd/RDD$$anonfun$getNarrowAncestors$1.apply-RDD.scala-335-335=34
org/apache/spark/graphx/util/collection/GraphXPrimitiveKeyOpenHashMap$mcJI$sp.changeValue$mcJI$sp-GraphXPrimitiveKeyOpenHashMap.scala-103-102=1670
org/apache/spark/graphx/impl/EdgePartitionBuilder$$anonfun$toEdgePartition$3.apply$mcI$sp-EdgePartitionBuilder.scala-61-61=295
org/apache/spark/graphx/util/collection/GraphXPrimitiveKeyOpenHashMap._oldValues_$eq-GraphXPrimitiveKeyOpenHashMap.scala-57-57=6
org/apache/spark/graphx/util/collection/GraphXPrimitiveKeyOpenHashMap$mcJI$sp._values-GraphXPrimitiveKeyOpenHashMap.scala-32-32=276
org/apache/spark/graphx/Edge.copy$default$3-Edge.scala-35-35=784
org/apache/spark/rdd/RDDOperationScope.parent-RDDOperationScope.scala-48-48=269
org/apache/spark/graphx/impl/EdgePartition.org$apache$spark$graphx$impl$EdgePartition$$srcIds-EdgePartition.scala-106-106=1601
org/apache/spark/rdd/RDD.partitions-RDD.scala-269-269=109
org/apache/spark/rdd/RDD$$anon$1.next-RDD.scala-367-368=3
org/apache/spark/status/api/v1/JobData.jobId-api.scala-110-110=10
org/apache/spark/status/api/v1/ExecutorSummary.id-api.scala-77-77=9
org/apache/spark/graphx/EdgeRDD$$anonfun$1.apply-EdgeRDD.scala-105-105=10
org/apache/spark/status/api/v1/TaskMetrics.jvmGcTime-api.scala-226-226=60
org/apache/spark/graphx/impl/RoutingTablePartition$$anonfun$edgePartitionToMsgs$1$$anonfun$apply$1.apply-RoutingTablePartition.scala-52-52=132
org/apache/spark/graphx/impl/RoutingTablePartition$$anonfun$edgePartitionToMsgs$1$$anonfun$apply$2.apply-RoutingTablePartition.scala-53-53=288
org/apache/spark/graphx/impl/RoutingTablePartition$$anonfun$edgePartitionToMsgs$1.apply-RoutingTablePartition.scala-51-51=828
org/apache/spark/graphx/util/collection/GraphXPrimitiveKeyOpenHashMap._oldValues-GraphXPrimitiveKeyOpenHashMap.scala-57-57=270
org/apache/spark/status/api/v1/RDDStorageInfo.id-api.scala-132-132=9
org/apache/spark/graphx/Edge.dstId-Edge.scala-34-34=4895
org/apache/spark/graphx/util/collection/GraphXPrimitiveKeyOpenHashMap$$anon$1.next-GraphXPrimitiveKeyOpenHashMap.scala-115-115=425
org/apache/spark/rdd/RDD$$anonfun$org$apache$spark$rdd$RDD$$visit$1$1.apply-RDD.scala-327-328=17
org/apache/spark/graphx/util/collection/GraphXPrimitiveKeyOpenHashMap$mcJI$sp.keySet$mcJ$sp-GraphXPrimitiveKeyOpenHashMap.scala--1--1=2692
