org/apache/spark/status/api/v1/OutputMetrics.bytesWritten-api.scala-241-241=444
org/apache/spark/graphx/util/collection/GraphXPrimitiveKeyOpenHashMap$mcJI$sp._oldValues$mcI$sp_$eq-GraphXPrimitiveKeyOpenHashMap.scala--1--1=306
org/apache/spark/status/api/v1/TaskMetrics.resultSize-api.scala-225-225=335
org/apache/spark/graphx/util/collection/GraphXPrimitiveKeyOpenHashMap$mcJI$sp._oldValues_$eq-GraphXPrimitiveKeyOpenHashMap.scala-57-57=306
org/apache/spark/graphx/util/collection/GraphXPrimitiveKeyOpenHashMap$mcJI$sp._oldValues_$eq-GraphXPrimitiveKeyOpenHashMap.scala-32-32=6
org/apache/spark/graphx/util/collection/GraphXPrimitiveKeyOpenHashMap.grow-GraphXPrimitiveKeyOpenHashMap.scala-145-145=1152
org/apache/spark/graphx/util/collection/GraphXPrimitiveKeyOpenHashMap.changeValue-GraphXPrimitiveKeyOpenHashMap.scala-103-102=1653
org/apache/spark/graphx/impl/EdgePartition.iterator-EdgePartition.scala-327-327=8
org/apache/spark/rdd/RDD.org$apache$spark$rdd$RDD$$partitions_-RDD.scala-242-242=124
org/apache/spark/graphx/Edge$mcD$sp.attr-Edge.scala-32-32=792
org/apache/spark/status/api/v1/ShuffleReadMetrics.localBlocksFetched-api.scala-246-246=339
org/apache/spark/graphx/util/collection/GraphXPrimitiveKeyOpenHashMap._values-GraphXPrimitiveKeyOpenHashMap.scala-34-34=4827
org/apache/spark/graphx/Edge.srcId_$eq-Edge.scala-33-33=822
org/apache/spark/graphx/Edge$.edgeArraySortDataFormat-Edge.scala-71-71=10
org/apache/spark/graphx/impl/RoutingTablePartition$$anonfun$edgePartitionToMsgs$2.apply-RoutingTablePartition.scala-55-55=430
org/apache/spark/rdd/RDD.id-RDD.scala-150-150=122
org/apache/spark/rdd/RDD.scope-RDD.scala-1743-1743=6
org/apache/spark/status/api/v1/InputMetrics.recordsRead-api.scala-238-238=440
org/apache/spark/util/JsonProtocol$$anonfun$rddInfoToJson$5.apply-JsonProtocol.scala-440-440=44
org/apache/spark/graphx/impl/EdgePartitionBuilder$$anonfun$toEdgePartition$2.apply$mcII$sp-EdgePartitionBuilder.scala-59-59=712
org/apache/spark/status/api/v1/ShuffleWriteMetrics.writeTime-api.scala-255-255=330
org/apache/spark/graphx/Edge$$anon$1.compare-Edge.scala-62-62=850
org/apache/spark/status/api/v1/TaskMetrics.peakExecutionMemory-api.scala-230-230=335
org/apache/spark/status/api/v1/TaskMetrics.shuffleWriteMetrics-api.scala-234-234=1193
org/apache/spark/status/api/v1/StageData.attemptId-api.scala-166-166=70
org/apache/spark/graphx/VertexRDD$$anonfun$4.apply-VertexRDD.scala-356-356=10
org/apache/spark/status/api/v1/StageData.stageId-api.scala-165-165=71
org/apache/spark/status/api/v1/ShuffleReadMetrics.remoteBytesReadToDisk-api.scala-249-249=342
org/apache/spark/rdd/RDD.getNarrowAncestors-RDD.scala-320-335=1
org/apache/spark/rdd/RDD.elementClassTag-RDD.scala-1749-1749=5
org/apache/spark/graphx/impl/EdgeRDDImpl.getStorageLevel-EdgeRDDImpl.scala-74-74=1
org/apache/spark/graphx/Edge.attr-Edge.scala-35-35=845
org/apache/spark/graphx/impl/EdgePartitionBuilder.add-EdgePartitionBuilder.scala-34-34=794
org/apache/spark/graphx/Edge$$anon$2.getKey-Edge.scala-73-73=1702
org/apache/spark/graphx/util/collection/GraphXPrimitiveKeyOpenHashMap$$anon$1.hasNext-GraphXPrimitiveKeyOpenHashMap.scala-131-131=882
org/apache/spark/graphx/util/collection/GraphXPrimitiveKeyOpenHashMap.iterator-GraphXPrimitiveKeyOpenHashMap.scala-115-115=10
org/apache/spark/status/api/v1/TaskMetrics.memoryBytesSpilled-api.scala-228-228=430
org/apache/spark/rdd/RDD.isCheckpointedAndMaterialized-RDD.scala-1677-1677=8
org/apache/spark/graphx/EdgeRDD$$anonfun$1$$anonfun$apply$1.apply-EdgeRDD.scala-107-107=794
org/apache/spark/graphx/util/collection/GraphXPrimitiveKeyOpenHashMap$mcJI$sp.keySet-GraphXPrimitiveKeyOpenHashMap.scala-34-34=2720
org/apache/spark/graphx/Edge$mcD$sp.attr$mcD$sp-Edge.scala--1--1=789
org/apache/spark/graphx/util/collection/GraphXPrimitiveKeyOpenHashMap$mcJI$sp._oldValues-GraphXPrimitiveKeyOpenHashMap.scala-32-32=270
org/apache/spark/status/api/v1/ShuffleReadMetrics.recordsRead-api.scala-251-251=430
org/apache/spark/rdd/RDD$$anonfun$org$apache$spark$rdd$RDD$$visit$1$1.apply-RDD.scala-326-326=5
org/apache/spark/status/api/v1/OutputMetrics.recordsWritten-api.scala-242-242=441
org/apache/spark/graphx/util/collection/GraphXPrimitiveKeyOpenHashMap$mcJI$sp._values$mcI$sp_$eq-GraphXPrimitiveKeyOpenHashMap.scala--1--1=6
org/apache/spark/rdd/RDD.creationSite-RDD.scala-1734-1734=6
org/apache/spark/graphx/Edge$.lexicographicOrdering-Edge.scala-60-60=10
org/apache/spark/rdd/RDD$$anonfun$6.apply-RDD.scala-325-325=10
org/apache/spark/rdd/RDD$$anonfun$preferredLocations$2.apply-RDD.scala-297-297=40
org/apache/spark/graphx/EdgeRDD$$anonfun$1.apply-EdgeRDD.scala-106-110=10
org/apache/spark/rdd/RDD.org$apache$spark$rdd$RDD$$dependencies_-RDD.scala-241-241=125
org/apache/spark/status/api/v1/TaskMetrics.executorCpuTime-api.scala-224-224=411
org/apache/spark/graphx/util/collection/GraphXPrimitiveKeyOpenHashMap.move-GraphXPrimitiveKeyOpenHashMap.scala-150-150=1150
org/apache/spark/rdd/RDDOperationScope.toJson-RDDOperationScope.scala-52-52=18
org/apache/spark/rdd/RDD.org$apache$spark$rdd$RDD$$visit$1-RDD.scala-323-326=6
org/apache/spark/rdd/RDD.isBarrier-RDD.scala-1931-1931=10
org/apache/spark/graphx/impl/EdgePartition$$anon$1.next-EdgePartition.scala-327-327=829
org/apache/spark/graphx/impl/EdgePartition.org$apache$spark$graphx$impl$EdgePartition$$dstIds-EdgePartition.scala-108-108=826
org/apache/spark/status/api/v1/InputMetrics.bytesRead-api.scala-237-237=444
org/apache/spark/rdd/RDD.getPreferredLocations-RDD.scala-137-137=30
org/apache/spark/status/api/v1/ExecutorSummary.hostPort-api.scala-78-78=49
org/apache/spark/graphx/Edge$$anon$1.compare-Edge.scala-60-60=850
org/apache/spark/graphx/impl/EdgeRDDImpl.partitionsRDD-EdgeRDDImpl.scala-28-28=1
org/apache/spark/graphx/VertexRDD$$anonfun$4$$anonfun$apply$2.apply-VertexRDD.scala-357-357=20
org/apache/spark/rdd/RDD.getOrCompute-RDD.scala-354-357=9
org/apache/spark/graphx/Edge.srcId-Edge.scala-33-33=4758
org/apache/spark/rdd/RDD.iterator-RDD.scala-307-307=15
org/apache/spark/status/api/v1/ShuffleWriteMetrics.bytesWritten-api.scala-254-254=433
org/apache/spark/graphx/util/collection/GraphXPrimitiveKeyOpenHashMap$$anon$1.map-GraphXPrimitiveKeyOpenHashMap.scala-115-115=10
org/apache/spark/graphx/impl/EdgePartitionBuilder$.$lessinit$greater$default$1-EdgePartitionBuilder.scala-29-29=3
org/apache/spark/util/JsonProtocol$$anonfun$rddInfoToJson$7.apply-JsonProtocol.scala-444-444=44
org/apache/spark/rdd/RDD.firstParent-RDD.scala-1763-1763=7
org/apache/spark/graphx/Edge$$anon$2.getKey-Edge.scala-71-71=1701
org/apache/spark/graphx/impl/RoutingTablePartition$.org$apache$spark$graphx$impl$RoutingTablePartition$$toMessage-RoutingTablePartition.scala-34-36=431
org/apache/spark/graphx/impl/RoutingTablePartition$$anonfun$edgePartitionToMsgs$2.apply-RoutingTablePartition.scala-56-58=431
org/apache/spark/util/JsonProtocol$$anonfun$rddInfoToJson$2.apply-JsonProtocol.scala-437-437=42
org/apache/spark/status/api/v1/ShuffleReadMetrics.remoteBytesRead-api.scala-248-248=450
org/apache/spark/graphx/util/collection/GraphXPrimitiveKeyOpenHashMap._values_$eq-GraphXPrimitiveKeyOpenHashMap.scala-34-34=6
org/apache/spark/rdd/InputFileBlockHolder$.unset-InputFileBlockHolder.scala-86-86=10
org/apache/spark/graphx/util/collection/GraphXPrimitiveKeyOpenHashMap$mcJI$sp._values_$eq-GraphXPrimitiveKeyOpenHashMap.scala-34-34=6
org/apache/spark/status/api/v1/TaskMetrics.executorRunTime-api.scala-223-223=414
org/apache/spark/status/api/v1/TaskMetrics.inputMetrics-api.scala-231-231=879
org/apache/spark/rdd/RDDOperationScope.name-RDDOperationScope.scala-47-47=18
org/apache/spark/rdd/RDD$$anonfun$5.apply-RDD.scala-324-324=10
org/apache/spark/rdd/RDD.name-RDD.scala-153-153=6
org/apache/spark/util/JsonProtocol$$anonfun$rddInfoToJson$6.apply-JsonProtocol.scala-443-443=44
org/apache/spark/rdd/ShuffledRDDPartition.index-ShuffledRDD.scala-27-27=36
org/apache/spark/rdd/RDD$$anonfun$mapPartitionsWithIndex$1$$anonfun$apply$25.apply-RDD.scala-875-875=20
org/apache/spark/rdd/RDD$$anonfun$dependencies$2.apply-RDD.scala-252-252=65
org/apache/spark/rdd/RDD.computeOrReadCheckpoint-RDD.scala-343-343=18
org/apache/spark/graphx/util/collection/GraphXPrimitiveKeyOpenHashMap$mcJI$sp._oldValues$mcI$sp-GraphXPrimitiveKeyOpenHashMap.scala--1--1=270
org/apache/spark/status/api/v1/RDDPartitionInfo.executors-api.scala-161-161=7
org/apache/spark/status/api/v1/TaskMetrics.outputMetrics-api.scala-232-232=891
org/apache/spark/status/api/v1/RDDPartitionInfo.diskUsed-api.scala-160-160=5
org/apache/spark/graphx/impl/RoutingTablePartition$$anonfun$edgePartitionToMsgs$1.apply-RoutingTablePartition.scala-52-53=824
org/apache/spark/graphx/util/collection/GraphXPrimitiveKeyOpenHashMap$$anonfun$2.apply$mcVII$sp-GraphXPrimitiveKeyOpenHashMap.scala-151-151=540
org/apache/spark/graphx/Edge$.$lessinit$greater$default$2-Edge.scala-34-34=8
org/apache/spark/util/JsonProtocol$$anonfun$rddInfoToJson$8.apply-JsonProtocol.scala-445-445=44
org/apache/spark/graphx/impl/RoutingTablePartition$.edgePartitionToMsgs-RoutingTablePartition.scala-50-55=10
org/apache/spark/graphx/util/collection/GraphXPrimitiveKeyOpenHashMap$mcJI$sp._values$mcI$sp-GraphXPrimitiveKeyOpenHashMap.scala--1--1=4791
org/apache/spark/graphx/impl/RoutingTablePartition$$anonfun$edgePartitionToMsgs$1$$anonfun$apply$2.apply$mcB$sp-RoutingTablePartition.scala-53-53=289
org/apache/spark/graphx/impl/EdgePartitionBuilder$$anonfun$toEdgePartition$4.apply$mcII$sp-EdgePartitionBuilder.scala-61-61=545
org/apache/spark/graphx/impl/EdgePartition.size-EdgePartition.scala-314-314=831
org/apache/spark/status/api/v1/TaskMetrics.executorDeserializeCpuTime-api.scala-222-222=342
org/apache/spark/rdd/RDD.preferredLocations-RDD.scala-296-296=40
org/apache/spark/rdd/RDD.dependencies-RDD.scala-252-252=65
org/apache/spark/graphx/EdgeRDD$$anonfun$1$$anonfun$apply$1.apply-EdgeRDD.scala-108-108=794
org/apache/spark/status/api/v1/ShuffleReadMetrics.fetchWaitTime-api.scala-247-247=342
org/apache/spark/graphx/Edge.attr_$eq-Edge.scala-35-35=828
org/apache/spark/rdd/MapPartitionsRDD.isBarrier_-MapPartitionsRDD.scala-60-60=10
org/apache/spark/rdd/RDD$$anonfun$mapPartitions$1$$anonfun$apply$23.apply-RDD.scala-823-823=10
org/apache/spark/graphx/impl/RoutingTablePartition$$anonfun$edgePartitionToMsgs$1$$anonfun$apply$4.apply-RoutingTablePartition.scala-53-53=1064
org/apache/spark/graphx/impl/RoutingTablePartition$$anonfun$edgePartitionToMsgs$1$$anonfun$apply$3.apply-RoutingTablePartition.scala-52-52=1395
org/apache/spark/graphx/impl/EdgePartition$$anon$1.foreach-EdgePartition.scala-327-327=10
org/apache/spark/rdd/ShuffledRDD.getPreferredLocations-ShuffledRDD.scala-97-99=10
org/apache/spark/status/api/v1/TaskMetrics.shuffleReadMetrics-api.scala-233-233=2701
org/apache/spark/status/api/v1/RDDPartitionInfo.memoryUsed-api.scala-159-159=5
org/apache/spark/status/api/v1/ShuffleReadMetrics.remoteBlocksFetched-api.scala-245-245=339
org/apache/spark/graphx/impl/EdgePartition$$anon$1.hasNext-EdgePartition.scala-331-331=835
org/apache/spark/status/api/v1/ShuffleWriteMetrics.recordsWritten-api.scala-256-256=437
org/apache/spark/status/api/v1/TaskMetrics.diskBytesSpilled-api.scala-229-229=429
org/apache/spark/util/JsonProtocol$$anonfun$rddInfoToJson$1.apply-JsonProtocol.scala-437-437=42
org/apache/spark/graphx/Edge$.$lessinit$greater$default$1-Edge.scala-33-33=8
org/apache/spark/graphx/impl/EdgePartitionBuilder.toEdgePartition-EdgePartitionBuilder.scala-38-72=10
org/apache/spark/graphx/Edge$$anon$2.allocate-Edge.scala-71-71=10
org/apache/spark/graphx/util/collection/GraphXPrimitiveKeyOpenHashMap$mcJI$sp._values_$eq-GraphXPrimitiveKeyOpenHashMap.scala-32-32=6
org/apache/spark/status/api/v1/TaskMetrics.resultSerializationTime-api.scala-227-227=334
org/apache/spark/graphx/Edge.dstId_$eq-Edge.scala-34-34=823
org/apache/spark/rdd/RDD$$anonfun$partitions$2.apply-RDD.scala-269-269=62
org/apache/spark/rdd/RDD.getStorageLevel-RDD.scala-223-223=10
org/apache/spark/graphx/util/collection/GraphXPrimitiveKeyOpenHashMap.keySet-GraphXPrimitiveKeyOpenHashMap.scala-34-34=2946
org/apache/spark/rdd/RDDOperationScope.id-RDDOperationScope.scala-49-49=18
org/apache/spark/rdd/RDD$$anonfun$4.apply-RDD.scala-323-323=12
org/apache/spark/util/JsonProtocol$$anonfun$rddInfoToJson$4$$anonfun$apply$19.apply-JsonProtocol.scala-439-439=36
org/apache/spark/rdd/InputFileBlockHolder$$anon$1.initialValue-InputFileBlockHolder.scala-53-53=4
org/apache/spark/rdd/RDD.sparkContext-RDD.scala-147-147=1
org/apache/spark/rdd/RDDOperationScope$.org$apache$spark$rdd$RDDOperationScope$$jsonMapper-RDDOperationScope.scala-82-82=18
org/apache/spark/rdd/InputFileBlockHolder$.initialize-InputFileBlockHolder.scala-92-92=2
org/apache/spark/graphx/impl/RoutingTablePartition$$anonfun$edgePartitionToMsgs$1$$anonfun$apply$1.apply$mcB$sp-RoutingTablePartition.scala-52-52=130
org/apache/spark/util/JsonProtocol$$anonfun$rddInfoToJson$9.apply-JsonProtocol.scala-446-446=44
org/apache/spark/graphx/impl/EdgePartitionBuilder$$anonfun$toEdgePartition$1.apply$mcI$sp-EdgePartitionBuilder.scala-59-59=133
org/apache/spark/graphx/util/collection/GraphXPrimitiveKeyOpenHashMap$mcJI$sp.update$mcJI$sp-GraphXPrimitiveKeyOpenHashMap.scala-75-78=300
org/apache/spark/util/JsonProtocol$$anonfun$rddInfoToJson$3.apply-JsonProtocol.scala-439-439=36
org/apache/spark/rdd/RDD.checkpointData-RDD.scala-1751-1751=175
org/apache/spark/status/api/v1/ShuffleReadMetrics.localBytesRead-api.scala-250-250=444
org/apache/spark/util/JsonProtocol$$anonfun$rddInfoToJson$4.apply-JsonProtocol.scala-439-439=42
org/apache/spark/graphx/Edge$.$lessinit$greater$default$3-Edge.scala-35-35=8
org/apache/spark/graphx/util/collection/GraphXPrimitiveKeyOpenHashMap$$anonfun$1.apply$mcVI$sp-GraphXPrimitiveKeyOpenHashMap.scala-146-147=12
org/apache/spark/rdd/MapPartitionsRDD.compute-MapPartitionsRDD.scala-52-52=16
org/apache/spark/status/api/v1/TaskMetrics.executorDeserializeTime-api.scala-221-221=395
org/apache/spark/rdd/RDD$$anonfun$getNarrowAncestors$1.apply-RDD.scala-335-335=10
org/apache/spark/graphx/util/collection/GraphXPrimitiveKeyOpenHashMap$mcJI$sp.changeValue$mcJI$sp-GraphXPrimitiveKeyOpenHashMap.scala-103-102=1693
org/apache/spark/graphx/impl/EdgePartitionBuilder$$anonfun$toEdgePartition$3.apply$mcI$sp-EdgePartitionBuilder.scala-61-61=301
org/apache/spark/graphx/util/collection/GraphXPrimitiveKeyOpenHashMap._oldValues_$eq-GraphXPrimitiveKeyOpenHashMap.scala-57-57=6
org/apache/spark/graphx/util/collection/GraphXPrimitiveKeyOpenHashMap$mcJI$sp._values-GraphXPrimitiveKeyOpenHashMap.scala-32-32=276
org/apache/spark/rdd/RDDOperationScope.parent-RDDOperationScope.scala-48-48=18
org/apache/spark/graphx/impl/EdgePartition.org$apache$spark$graphx$impl$EdgePartition$$srcIds-EdgePartition.scala-106-106=826
org/apache/spark/rdd/RDD.partitions-RDD.scala-269-269=62
org/apache/spark/rdd/RDD$$anon$1.next-RDD.scala-367-368=782
org/apache/spark/status/api/v1/JobData.jobId-api.scala-110-110=29
org/apache/spark/status/api/v1/ExecutorSummary.id-api.scala-77-77=47
org/apache/spark/graphx/EdgeRDD$$anonfun$1.apply-EdgeRDD.scala-105-105=10
org/apache/spark/rdd/RDD$$anonfun$7.apply-RDD.scala-357-357=10
org/apache/spark/status/api/v1/TaskMetrics.jvmGcTime-api.scala-226-226=340
org/apache/spark/graphx/impl/RoutingTablePartition$$anonfun$edgePartitionToMsgs$1$$anonfun$apply$1.apply-RoutingTablePartition.scala-52-52=130
org/apache/spark/graphx/impl/RoutingTablePartition$$anonfun$edgePartitionToMsgs$1$$anonfun$apply$2.apply-RoutingTablePartition.scala-53-53=292
org/apache/spark/graphx/impl/RoutingTablePartition$$anonfun$edgePartitionToMsgs$1.apply-RoutingTablePartition.scala-51-51=825
org/apache/spark/graphx/util/collection/GraphXPrimitiveKeyOpenHashMap._oldValues-GraphXPrimitiveKeyOpenHashMap.scala-57-57=270
org/apache/spark/status/api/v1/RDDStorageInfo.id-api.scala-132-132=147
org/apache/spark/graphx/Edge.dstId-Edge.scala-34-34=4175
org/apache/spark/graphx/util/collection/GraphXPrimitiveKeyOpenHashMap$$anon$1.next-GraphXPrimitiveKeyOpenHashMap.scala-115-115=434
org/apache/spark/rdd/RDD$$anonfun$org$apache$spark$rdd$RDD$$visit$1$1.apply-RDD.scala-327-328=5
org/apache/spark/graphx/util/collection/GraphXPrimitiveKeyOpenHashMap$mcJI$sp.keySet$mcJ$sp-GraphXPrimitiveKeyOpenHashMap.scala--1--1=2727
