org/apache/spark/status/api/v1/OutputMetrics.bytesWritten-api.scala-241-241=205
org/apache/spark/status/api/v1/TaskMetrics.resultSize-api.scala-225-225=130
org/apache/spark/graphx/util/collection/GraphXPrimitiveKeyOpenHashMap.size-GraphXPrimitiveKeyOpenHashMap.scala-59-59=5
org/apache/spark/rdd/ZippedPartitionsPartition$$anonfun$writeObject$1.apply-ZippedPartitionsRDD.scala-38-38=11
org/apache/spark/rdd/RDD.org$apache$spark$rdd$RDD$$partitions_-RDD.scala-242-242=131
org/apache/spark/rdd/ZippedPartitionsPartition.index-ZippedPartitionsRDD.scala-33-33=19
org/apache/spark/status/api/v1/ShuffleReadMetrics.localBlocksFetched-api.scala-246-246=144
org/apache/spark/rdd/RDD.id-RDD.scala-150-150=121
org/apache/spark/rdd/RDD.scope-RDD.scala-1743-1743=10
org/apache/spark/status/api/v1/InputMetrics.recordsRead-api.scala-238-238=206
org/apache/spark/util/JsonProtocol$$anonfun$rddInfoToJson$5.apply-JsonProtocol.scala-440-440=72
org/apache/spark/status/api/v1/ShuffleWriteMetrics.writeTime-api.scala-255-255=137
org/apache/spark/status/api/v1/TaskMetrics.peakExecutionMemory-api.scala-230-230=143
org/apache/spark/status/api/v1/TaskMetrics.shuffleWriteMetrics-api.scala-234-234=562
org/apache/spark/status/api/v1/StageData.attemptId-api.scala-166-166=55
org/apache/spark/rdd/ZippedPartitionsPartition$$anonfun$writeObject$1.apply$mcV$sp-ZippedPartitionsRDD.scala-40-41=11
org/apache/spark/graphx/impl/EdgePartition.aggregateMessagesEdgeScan-EdgePartition.scala-388-414=9
org/apache/spark/status/api/v1/StageData.stageId-api.scala-165-165=57
org/apache/spark/status/api/v1/ShuffleReadMetrics.remoteBytesReadToDisk-api.scala-249-249=135
org/apache/spark/rdd/RDD.getNarrowAncestors-RDD.scala-320-335=1
org/apache/spark/rdd/RDD.elementClassTag-RDD.scala-1749-1749=6
org/apache/spark/graphx/impl/GraphImpl$$anonfun$13$$anonfun$apply$3$$anonfun$1.apply-GraphImpl.scala-211-211=5
org/apache/spark/graphx/impl/EdgePartition.indexSize-EdgePartition.scala-317-317=6
org/apache/spark/graphx/impl/EdgeRDDImpl.getStorageLevel-EdgeRDDImpl.scala-74-74=1
org/apache/spark/status/api/v1/TaskMetrics.memoryBytesSpilled-api.scala-228-228=205
org/apache/spark/rdd/RDD.isCheckpointedAndMaterialized-RDD.scala-1677-1677=4
org/apache/spark/graphx/util/collection/GraphXPrimitiveKeyOpenHashMap$mcJI$sp.keySet-GraphXPrimitiveKeyOpenHashMap.scala-34-34=5
org/apache/spark/graphx/impl/AggregatingEdgeContext.sendToSrc-EdgePartition.scala-528-528=674
org/apache/spark/rdd/ZippedPartitionsPartition.org$apache$spark$rdd$ZippedPartitionsPartition$$rdds-ZippedPartitionsRDD.scala-29-29=16
org/apache/spark/status/api/v1/ShuffleReadMetrics.recordsRead-api.scala-251-251=208
org/apache/spark/rdd/RDD$$anonfun$org$apache$spark$rdd$RDD$$visit$1$1.apply-RDD.scala-326-326=9
org/apache/spark/status/api/v1/OutputMetrics.recordsWritten-api.scala-242-242=207
org/apache/spark/rdd/RDD.creationSite-RDD.scala-1734-1734=10
org/apache/spark/rdd/ZippedPartitionsPartition.partitionValues_$eq-ZippedPartitionsRDD.scala-34-34=15
org/apache/spark/rdd/RDD$$anonfun$6.apply-RDD.scala-325-325=18
org/apache/spark/rdd/RDD$$anonfun$preferredLocations$2.apply-RDD.scala-297-297=20
org/apache/spark/rdd/RDD.org$apache$spark$rdd$RDD$$dependencies_-RDD.scala-241-241=100
org/apache/spark/status/api/v1/TaskMetrics.executorCpuTime-api.scala-224-224=183
org/apache/spark/rdd/RDDOperationScope.toJson-RDDOperationScope.scala-52-52=32
org/apache/spark/rdd/RDD.org$apache$spark$rdd$RDD$$visit$1-RDD.scala-323-326=10
org/apache/spark/rdd/RDD.isBarrier-RDD.scala-1931-1931=10
org/apache/spark/graphx/impl/GraphImpl$$anonfun$13.apply-GraphImpl.scala-208-208=8
org/apache/spark/rdd/ZippedPartitionsPartition$$anonfun$writeObject$1$$anonfun$apply$mcV$sp$1.apply-ZippedPartitionsRDD.scala-40-40=59
org/apache/spark/status/api/v1/InputMetrics.bytesRead-api.scala-237-237=205
org/apache/spark/rdd/RDD.getPreferredLocations-RDD.scala-137-137=10
org/apache/spark/rdd/ZippedPartitionsPartition.preferredLocations-ZippedPartitionsRDD.scala-30-30=10
org/apache/spark/status/api/v1/ExecutorSummary.hostPort-api.scala-78-78=19
org/apache/spark/rdd/ZippedPartitionsBaseRDD.getPreferredLocations-ZippedPartitionsRDD.scala-70-70=10
org/apache/spark/graphx/impl/EdgeRDDImpl.partitionsRDD-EdgeRDDImpl.scala-28-28=1
org/apache/spark/rdd/RDD.getOrCompute-RDD.scala-354-357=4
org/apache/spark/rdd/RDD.iterator-RDD.scala-307-307=7
org/apache/spark/rdd/ZippedPartitionsRDD2.getPreferredLocations-ZippedPartitionsRDD.scala-70-70=10
org/apache/spark/status/api/v1/ShuffleWriteMetrics.bytesWritten-api.scala-254-254=214
org/apache/spark/rdd/RDDOperationScope$$anonfun$getAllScopes$2.apply-RDDOperationScope.scala-61-61=36
org/apache/spark/util/JsonProtocol$$anonfun$rddInfoToJson$7.apply-JsonProtocol.scala-444-444=72
org/apache/spark/rdd/RDD.firstParent-RDD.scala-1763-1763=3
org/apache/spark/rdd/RDDOperationScope.getAllScopes-RDDOperationScope.scala-61-61=36
org/apache/spark/util/JsonProtocol$$anonfun$rddInfoToJson$2.apply-JsonProtocol.scala-437-437=70
org/apache/spark/status/api/v1/ShuffleReadMetrics.remoteBytesRead-api.scala-248-248=209
org/apache/spark/rdd/InputFileBlockHolder$.unset-InputFileBlockHolder.scala-86-86=6
org/apache/spark/rdd/RDDOperationScope.name-RDDOperationScope.scala-47-47=69
org/apache/spark/status/api/v1/TaskMetrics.executorRunTime-api.scala-223-223=183
org/apache/spark/status/api/v1/TaskMetrics.inputMetrics-api.scala-231-231=416
org/apache/spark/graphx/impl/GraphImpl$$anonfun$13$$anonfun$apply$3.apply-GraphImpl.scala-208-208=18
org/apache/spark/rdd/RDD$$anonfun$5.apply-RDD.scala-324-324=18
org/apache/spark/rdd/RDD.name-RDD.scala-153-153=10
org/apache/spark/util/JsonProtocol$$anonfun$rddInfoToJson$6.apply-JsonProtocol.scala-443-443=72
org/apache/spark/rdd/RDD$$anonfun$dependencies$2.apply-RDD.scala-252-252=48
org/apache/spark/rdd/RDD.computeOrReadCheckpoint-RDD.scala-343-343=2
org/apache/spark/graphx/impl/GraphImpl$$anonfun$13$$anonfun$apply$3$$anonfun$1.apply$mcI$sp-GraphImpl.scala-211-211=4
org/apache/spark/status/api/v1/TaskMetrics.outputMetrics-api.scala-232-232=409
org/apache/spark/graphx/lib/SVDPlusPlus$$anonfun$run$1$$anonfun$10.apply-SVDPlusPlus.scala-130-130=439
org/apache/spark/util/JsonProtocol$$anonfun$rddInfoToJson$8.apply-JsonProtocol.scala-445-445=72
org/apache/spark/rdd/ZippedPartitionsPartition$$anonfun$writeObject$1.org$apache$spark$rdd$ZippedPartitionsPartition$$anonfun$$$outer-ZippedPartitionsRDD.scala-38-38=25
org/apache/spark/graphx/impl/EdgePartition.size-EdgePartition.scala-314-314=691
org/apache/spark/status/api/v1/TaskMetrics.executorDeserializeCpuTime-api.scala-222-222=129
org/apache/spark/rdd/RDD.preferredLocations-RDD.scala-296-296=20
org/apache/spark/rdd/RDD.dependencies-RDD.scala-252-252=46
org/apache/spark/status/api/v1/ShuffleReadMetrics.fetchWaitTime-api.scala-247-247=144
org/apache/spark/rdd/MapPartitionsRDD.isBarrier_-MapPartitionsRDD.scala-60-60=10
org/apache/spark/rdd/RDD$$anonfun$mapPartitions$1$$anonfun$apply$23.apply-RDD.scala-823-823=9
org/apache/spark/graphx/impl/EdgePartition.numActives-EdgePartition.scala-118-118=4
org/apache/spark/status/api/v1/TaskMetrics.shuffleReadMetrics-api.scala-233-233=1185
org/apache/spark/status/api/v1/ShuffleReadMetrics.remoteBlocksFetched-api.scala-245-245=141
org/apache/spark/status/api/v1/ShuffleWriteMetrics.recordsWritten-api.scala-256-256=195
org/apache/spark/util/JsonProtocol$$anonfun$rddInfoToJson$1.apply-JsonProtocol.scala-437-437=70
org/apache/spark/status/api/v1/TaskMetrics.diskBytesSpilled-api.scala-229-229=203
org/apache/spark/graphx/impl/AggregatingEdgeContext.set-EdgePartition.scala-499-505=700
org/apache/spark/status/api/v1/TaskMetrics.resultSerializationTime-api.scala-227-227=133
org/apache/spark/rdd/RDD$$anonfun$partitions$2.apply-RDD.scala-269-269=67
org/apache/spark/rdd/RDD.getStorageLevel-RDD.scala-223-223=15
org/apache/spark/rdd/RDDOperationScope.id-RDDOperationScope.scala-49-49=69
org/apache/spark/rdd/RDD$$anonfun$4.apply-RDD.scala-323-323=24
org/apache/spark/util/JsonProtocol$$anonfun$rddInfoToJson$4$$anonfun$apply$19.apply-JsonProtocol.scala-439-439=64
org/apache/spark/rdd/InputFileBlockHolder$$anon$1.initialValue-InputFileBlockHolder.scala-53-53=2
org/apache/spark/rdd/RDD.sparkContext-RDD.scala-147-147=1
org/apache/spark/rdd/RDDOperationScope$.org$apache$spark$rdd$RDDOperationScope$$jsonMapper-RDDOperationScope.scala-82-82=32
org/apache/spark/graphx/lib/SVDPlusPlus$$anonfun$run$1$$anonfun$9.apply-SVDPlusPlus.scala-129-129=1356
org/apache/spark/util/JsonProtocol$$anonfun$rddInfoToJson$9.apply-JsonProtocol.scala-446-446=72
org/apache/spark/util/JsonProtocol$$anonfun$rddInfoToJson$3.apply-JsonProtocol.scala-439-439=64
org/apache/spark/rdd/RDD.checkpointData-RDD.scala-1751-1751=140
org/apache/spark/util/JsonProtocol$$anonfun$rddInfoToJson$4.apply-JsonProtocol.scala-439-439=72
org/apache/spark/status/api/v1/ShuffleReadMetrics.localBytesRead-api.scala-250-250=206
org/apache/spark/graphx/impl/AggregatingEdgeContext.dstAttr-EdgePartition.scala-524-524=693
org/apache/spark/rdd/MapPartitionsRDD.compute-MapPartitionsRDD.scala-52-52=2
org/apache/spark/status/api/v1/TaskMetrics.executorDeserializeTime-api.scala-221-221=155
org/apache/spark/rdd/RDD$$anonfun$getNarrowAncestors$1.apply-RDD.scala-335-335=18
org/apache/spark/graphx/lib/SVDPlusPlus$$anonfun$run$1$$anonfun$10.apply-SVDPlusPlus.scala-131-133=444
org/apache/spark/graphx/impl/EdgePartition$$anonfun$aggregateMessagesEdgeScan$1.apply-EdgePartition.scala-414-414=448
org/apache/spark/rdd/RDDOperationScope.parent-RDDOperationScope.scala-48-48=68
org/apache/spark/rdd/RDD.partitions-RDD.scala-269-269=65
org/apache/spark/rdd/RDD$$anon$1.next-RDD.scala-367-368=2
org/apache/spark/status/api/v1/JobData.jobId-api.scala-110-110=13
org/apache/spark/status/api/v1/ExecutorSummary.id-api.scala-77-77=19
org/apache/spark/status/api/v1/TaskMetrics.jvmGcTime-api.scala-226-226=133
org/apache/spark/status/api/v1/RDDStorageInfo.id-api.scala-132-132=53
org/apache/spark/rdd/RDD$$anonfun$org$apache$spark$rdd$RDD$$visit$1$1.apply-RDD.scala-327-328=9
org/apache/spark/graphx/util/collection/GraphXPrimitiveKeyOpenHashMap$mcJI$sp.keySet$mcJ$sp-GraphXPrimitiveKeyOpenHashMap.scala--1--1=4
