org/apache/spark/status/api/v1/OutputMetrics.bytesWritten-api.scala-241-241=90
org/apache/spark/graphx/impl/EdgePartition$$anon$1.map-EdgePartition.scala-327-327=5
org/apache/spark/rdd/CoalescedRDDPartition.parents_$eq-CoalescedRDD.scala-42-42=5
org/apache/spark/status/api/v1/TaskMetrics.resultSize-api.scala-225-225=83
org/apache/spark/graphx/impl/EdgeRDDImpl.compute-EdgeRDDImpl.scala-50-49=5
org/apache/spark/graphx/impl/EdgePartition.iterator-EdgePartition.scala-327-327=6
org/apache/spark/rdd/RDD.org$apache$spark$rdd$RDD$$partitions_-RDD.scala-242-242=164
org/apache/spark/status/api/v1/ShuffleReadMetrics.localBlocksFetched-api.scala-246-246=75
org/apache/spark/graphx/Edge.srcId_$eq-Edge.scala-33-33=822
org/apache/spark/rdd/RDD.id-RDD.scala-150-150=161
org/apache/spark/rdd/RDD.scope-RDD.scala-1743-1743=6
org/apache/spark/graphx/EdgeRDD.compute-EdgeRDD.scala-50-49=3
org/apache/spark/status/api/v1/InputMetrics.recordsRead-api.scala-238-238=98
org/apache/spark/util/JsonProtocol$$anonfun$rddInfoToJson$5.apply-JsonProtocol.scala-440-440=24
org/apache/spark/status/api/v1/ShuffleWriteMetrics.writeTime-api.scala-255-255=84
org/apache/spark/status/api/v1/TaskMetrics.peakExecutionMemory-api.scala-230-230=74
org/apache/spark/rdd/CoalescedRDDPartition$$anonfun$writeObject$1$$anonfun$apply$mcV$sp$1.apply-CoalescedRDD.scala-47-47=14
org/apache/spark/status/api/v1/TaskMetrics.shuffleWriteMetrics-api.scala-234-234=276
org/apache/spark/status/api/v1/StageData.attemptId-api.scala-166-166=12
org/apache/spark/status/api/v1/StageData.stageId-api.scala-165-165=11
org/apache/spark/status/api/v1/ShuffleReadMetrics.remoteBytesReadToDisk-api.scala-249-249=70
org/apache/spark/rdd/RDD.getNarrowAncestors-RDD.scala-320-335=1
org/apache/spark/rdd/RDD.elementClassTag-RDD.scala-1749-1749=5
org/apache/spark/graphx/impl/EdgeRDDImpl.getStorageLevel-EdgeRDDImpl.scala-74-74=2
org/apache/spark/graphx/Edge.attr-Edge.scala-35-35=1673
org/apache/spark/graphx/impl/GraphImpl$$anonfun$3.apply-GraphImpl.scala-101-101=822
org/apache/spark/status/api/v1/TaskMetrics.memoryBytesSpilled-api.scala-228-228=102
org/apache/spark/rdd/RDD.isCheckpointedAndMaterialized-RDD.scala-1677-1677=12
org/apache/spark/graphx/PartitionStrategy$RandomVertexCut$.getPartition-PartitionStrategy.scala-115-115=839
org/apache/spark/status/api/v1/ShuffleReadMetrics.recordsRead-api.scala-251-251=94
org/apache/spark/rdd/RDD$$anonfun$org$apache$spark$rdd$RDD$$visit$1$1.apply-RDD.scala-326-326=5
org/apache/spark/status/api/v1/OutputMetrics.recordsWritten-api.scala-242-242=94
org/apache/spark/rdd/RDD.creationSite-RDD.scala-1734-1734=6
org/apache/spark/rdd/RDD$$anonfun$6.apply-RDD.scala-325-325=10
org/apache/spark/rdd/CoalescedRDDPartition$$anonfun$writeObject$1.apply$mcV$sp-CoalescedRDD.scala-47-48=4
org/apache/spark/rdd/RDD$$anonfun$preferredLocations$2.apply-RDD.scala-297-297=50
org/apache/spark/rdd/RDD.org$apache$spark$rdd$RDD$$dependencies_-RDD.scala-241-241=158
org/apache/spark/status/api/v1/TaskMetrics.executorCpuTime-api.scala-224-224=88
org/apache/spark/rdd/RDDOperationScope.toJson-RDDOperationScope.scala-52-52=10
org/apache/spark/rdd/RDD.org$apache$spark$rdd$RDD$$visit$1-RDD.scala-323-326=6
org/apache/spark/rdd/RDD.isBarrier-RDD.scala-1931-1931=10
org/apache/spark/graphx/impl/EdgePartition$$anon$1.next-EdgePartition.scala-327-327=837
org/apache/spark/graphx/impl/EdgePartition.org$apache$spark$graphx$impl$EdgePartition$$dstIds-EdgePartition.scala-108-108=829
org/apache/spark/status/api/v1/InputMetrics.bytesRead-api.scala-237-237=96
org/apache/spark/rdd/RDD.getPreferredLocations-RDD.scala-137-137=40
org/apache/spark/status/api/v1/ExecutorSummary.hostPort-api.scala-78-78=13
org/apache/spark/graphx/impl/EdgeRDDImpl.partitionsRDD-EdgeRDDImpl.scala-28-28=2
org/apache/spark/rdd/RDD.getOrCompute-RDD.scala-354-357=4
org/apache/spark/graphx/Edge.srcId-Edge.scala-33-33=2516
org/apache/spark/rdd/RDD.iterator-RDD.scala-307-307=11
org/apache/spark/status/api/v1/ShuffleWriteMetrics.bytesWritten-api.scala-254-254=99
org/apache/spark/graphx/Edge.copy-Edge.scala-32-32=834
org/apache/spark/util/JsonProtocol$$anonfun$rddInfoToJson$7.apply-JsonProtocol.scala-444-444=24
org/apache/spark/rdd/RDDOperationScope$$anonfun$getAllScopes$2.apply-RDDOperationScope.scala-61-61=5
org/apache/spark/rdd/CoalescedRDDPartition.parentsIndices-CoalescedRDD.scala-40-40=5
org/apache/spark/rdd/RDD.firstParent-RDD.scala-1763-1763=12
org/apache/spark/rdd/RDDOperationScope.getAllScopes-RDDOperationScope.scala-61-61=5
org/apache/spark/util/JsonProtocol$$anonfun$rddInfoToJson$2.apply-JsonProtocol.scala-437-437=24
org/apache/spark/status/api/v1/ShuffleReadMetrics.remoteBytesRead-api.scala-248-248=96
org/apache/spark/rdd/InputFileBlockHolder$.unset-InputFileBlockHolder.scala-86-86=8
org/apache/spark/graphx/impl/GraphImpl$$anonfun$3.apply-GraphImpl.scala-102-103=824
org/apache/spark/rdd/RDDOperationScope.name-RDDOperationScope.scala-47-47=15
org/apache/spark/status/api/v1/TaskMetrics.executorRunTime-api.scala-223-223=93
org/apache/spark/status/api/v1/TaskMetrics.inputMetrics-api.scala-231-231=197
org/apache/spark/rdd/RDD$$anonfun$5.apply-RDD.scala-324-324=10
org/apache/spark/rdd/CoalescedRDDPartition.rdd-CoalescedRDD.scala-39-39=7
org/apache/spark/rdd/RDD.name-RDD.scala-153-153=6
org/apache/spark/util/JsonProtocol$$anonfun$rddInfoToJson$6.apply-JsonProtocol.scala-443-443=24
org/apache/spark/rdd/ShuffledRDDPartition.index-ShuffledRDD.scala-27-27=10
org/apache/spark/rdd/RDD$$anonfun$dependencies$2.apply-RDD.scala-252-252=80
org/apache/spark/rdd/RDD.computeOrReadCheckpoint-RDD.scala-343-343=6
org/apache/spark/status/api/v1/TaskMetrics.outputMetrics-api.scala-232-232=181
org/apache/spark/graphx/Edge$.$lessinit$greater$default$2-Edge.scala-34-34=4
org/apache/spark/util/JsonProtocol$$anonfun$rddInfoToJson$8.apply-JsonProtocol.scala-445-445=24
org/apache/spark/rdd/CoalescedRDDPartition.index-CoalescedRDD.scala-38-38=23
org/apache/spark/rdd/CoalescedRDDPartition$$anonfun$writeObject$1.org$apache$spark$rdd$CoalescedRDDPartition$$anonfun$$$outer-CoalescedRDD.scala-45-45=7
org/apache/spark/rdd/CoalescedRDDPartition$$anonfun$writeObject$1.apply-CoalescedRDD.scala-45-45=3
org/apache/spark/graphx/impl/EdgePartition.size-EdgePartition.scala-314-314=838
org/apache/spark/status/api/v1/TaskMetrics.executorDeserializeCpuTime-api.scala-222-222=79
org/apache/spark/rdd/RDD.preferredLocations-RDD.scala-296-296=50
org/apache/spark/rdd/RDD.dependencies-RDD.scala-252-252=80
org/apache/spark/status/api/v1/ShuffleReadMetrics.fetchWaitTime-api.scala-247-247=79
org/apache/spark/graphx/Edge.attr_$eq-Edge.scala-35-35=827
org/apache/spark/rdd/MapPartitionsRDD.isBarrier_-MapPartitionsRDD.scala-60-60=10
org/apache/spark/rdd/RDD$$anonfun$map$1$$anonfun$apply$5.apply-RDD.scala-394-394=9
org/apache/spark/rdd/ShuffledRDD.getPreferredLocations-ShuffledRDD.scala-97-99=10
org/apache/spark/status/api/v1/TaskMetrics.shuffleReadMetrics-api.scala-233-233=602
org/apache/spark/status/api/v1/ShuffleReadMetrics.remoteBlocksFetched-api.scala-245-245=77
org/apache/spark/graphx/impl/EdgePartition$$anon$1.hasNext-EdgePartition.scala-331-331=829
org/apache/spark/status/api/v1/ShuffleWriteMetrics.recordsWritten-api.scala-256-256=92
org/apache/spark/util/JsonProtocol$$anonfun$rddInfoToJson$1.apply-JsonProtocol.scala-437-437=24
org/apache/spark/status/api/v1/TaskMetrics.diskBytesSpilled-api.scala-229-229=95
org/apache/spark/graphx/Edge$.$lessinit$greater$default$1-Edge.scala-33-33=3
org/apache/spark/status/api/v1/TaskMetrics.resultSerializationTime-api.scala-227-227=82
org/apache/spark/graphx/Edge.dstId_$eq-Edge.scala-34-34=827
org/apache/spark/rdd/RDD$$anonfun$partitions$2.apply-RDD.scala-269-269=82
org/apache/spark/rdd/RDD.getStorageLevel-RDD.scala-223-223=11
org/apache/spark/rdd/RDDOperationScope.id-RDDOperationScope.scala-49-49=15
org/apache/spark/rdd/RDD$$anonfun$4.apply-RDD.scala-323-323=10
org/apache/spark/graphx/Edge.copy$default$1-Edge.scala-33-33=841
org/apache/spark/util/JsonProtocol$$anonfun$rddInfoToJson$4$$anonfun$apply$19.apply-JsonProtocol.scala-439-439=20
org/apache/spark/rdd/InputFileBlockHolder$$anon$1.initialValue-InputFileBlockHolder.scala-53-53=1
org/apache/spark/rdd/RDD.sparkContext-RDD.scala-147-147=1
org/apache/spark/rdd/RDDOperationScope$.org$apache$spark$rdd$RDDOperationScope$$jsonMapper-RDDOperationScope.scala-82-82=10
org/apache/spark/graphx/EdgeRDD$$anonfun$compute$1.apply-EdgeRDD.scala-52-52=1672
org/apache/spark/rdd/InputFileBlockHolder$.initialize-InputFileBlockHolder.scala-92-92=1
org/apache/spark/util/JsonProtocol$$anonfun$rddInfoToJson$9.apply-JsonProtocol.scala-446-446=24
org/apache/spark/util/JsonProtocol$$anonfun$rddInfoToJson$3.apply-JsonProtocol.scala-439-439=20
org/apache/spark/rdd/RDD.checkpointData-RDD.scala-1751-1751=223
org/apache/spark/util/JsonProtocol$$anonfun$rddInfoToJson$4.apply-JsonProtocol.scala-439-439=24
org/apache/spark/status/api/v1/ShuffleReadMetrics.localBytesRead-api.scala-250-250=98
org/apache/spark/graphx/Edge$.$lessinit$greater$default$3-Edge.scala-35-35=5
org/apache/spark/graphx/Edge.copy$default$2-Edge.scala-34-34=844
org/apache/spark/rdd/MapPartitionsRDD.compute-MapPartitionsRDD.scala-52-52=4
org/apache/spark/status/api/v1/TaskMetrics.executorDeserializeTime-api.scala-221-221=88
org/apache/spark/rdd/RDD$$anonfun$getNarrowAncestors$1.apply-RDD.scala-335-335=10
org/apache/spark/graphx/Edge.copy$default$3-Edge.scala-35-35=836
org/apache/spark/rdd/RDDOperationScope.parent-RDDOperationScope.scala-48-48=14
org/apache/spark/graphx/impl/EdgePartition.org$apache$spark$graphx$impl$EdgePartition$$srcIds-EdgePartition.scala-106-106=814
org/apache/spark/rdd/RDD.partitions-RDD.scala-269-269=82
org/apache/spark/rdd/RDD$$anon$1.next-RDD.scala-367-368=4
org/apache/spark/status/api/v1/JobData.jobId-api.scala-110-110=9
org/apache/spark/status/api/v1/ExecutorSummary.id-api.scala-77-77=12
org/apache/spark/status/api/v1/TaskMetrics.jvmGcTime-api.scala-226-226=80
org/apache/spark/status/api/v1/RDDStorageInfo.id-api.scala-132-132=8
org/apache/spark/graphx/Edge.dstId-Edge.scala-34-34=2517
org/apache/spark/rdd/RDD$$anonfun$org$apache$spark$rdd$RDD$$visit$1$1.apply-RDD.scala-327-328=5
