org/apache/spark/status/api/v1/OutputMetrics.bytesWritten-api.scala-241-241=889
org/apache/spark/status/api/v1/TaskMetrics.resultSize-api.scala-225-225=611
org/apache/spark/graphx/util/collection/GraphXPrimitiveKeyOpenHashMap.size-GraphXPrimitiveKeyOpenHashMap.scala-59-59=10
org/apache/spark/rdd/ZippedPartitionsPartition$$anonfun$writeObject$1.apply-ZippedPartitionsRDD.scala-38-38=4
org/apache/spark/rdd/ZippedPartitionsRDD2.rdd1-ZippedPartitionsRDD.scala-82-82=4
org/apache/spark/graphx/util/collection/GraphXPrimitiveKeyOpenHashMap$mcJI$sp.apply$mcJI$sp-GraphXPrimitiveKeyOpenHashMap.scala-63-64=334
org/apache/spark/rdd/RDD.org$apache$spark$rdd$RDD$$partitions_-RDD.scala-242-242=93
org/apache/spark/rdd/ZippedPartitionsPartition.index-ZippedPartitionsRDD.scala-33-33=12
org/apache/spark/status/api/v1/ShuffleReadMetrics.localBlocksFetched-api.scala-246-246=604
org/apache/spark/rdd/RDD.id-RDD.scala-150-150=117
org/apache/spark/rdd/RDD.scope-RDD.scala-1743-1743=8
org/apache/spark/status/api/v1/InputMetrics.recordsRead-api.scala-238-238=881
org/apache/spark/rdd/ZippedPartitionsRDD2.f-ZippedPartitionsRDD.scala-81-81=3
org/apache/spark/util/JsonProtocol$$anonfun$rddInfoToJson$5.apply-JsonProtocol.scala-440-440=33
org/apache/spark/status/api/v1/ShuffleWriteMetrics.writeTime-api.scala-255-255=608
org/apache/spark/status/api/v1/TaskMetrics.peakExecutionMemory-api.scala-230-230=607
org/apache/spark/graphx/lib/SVDPlusPlus$$anonfun$7.apply-SVDPlusPlus.scala-86-86=2437
org/apache/spark/status/api/v1/TaskMetrics.shuffleWriteMetrics-api.scala-234-234=2353
org/apache/spark/status/api/v1/StageData.attemptId-api.scala-166-166=228
org/apache/spark/rdd/ZippedPartitionsPartition$$anonfun$writeObject$1.apply$mcV$sp-ZippedPartitionsRDD.scala-40-41=5
org/apache/spark/graphx/impl/EdgePartition.aggregateMessagesEdgeScan-EdgePartition.scala-388-414=9
org/apache/spark/status/api/v1/StageData.stageId-api.scala-165-165=228
org/apache/spark/status/api/v1/ShuffleReadMetrics.remoteBytesReadToDisk-api.scala-249-249=601
org/apache/spark/rdd/RDD.getNarrowAncestors-RDD.scala-320-335=1
org/apache/spark/rdd/RDD.elementClassTag-RDD.scala-1749-1749=3
org/apache/spark/graphx/impl/GraphImpl$$anonfun$13$$anonfun$apply$3$$anonfun$1.apply-GraphImpl.scala-211-211=10
org/apache/spark/graphx/impl/EdgePartition.indexSize-EdgePartition.scala-317-317=10
org/apache/spark/graphx/impl/EdgeRDDImpl.getStorageLevel-EdgeRDDImpl.scala-74-74=1
org/apache/spark/graphx/impl/VertexAttributeBlock.attrs-ShippableVertexPartition.scala-28-28=336
org/apache/spark/graphx/impl/VertexAttributeBlock$$anonfun$iterator$1.apply-ShippableVertexPartition.scala-31-31=682
org/apache/spark/status/api/v1/TaskMetrics.memoryBytesSpilled-api.scala-228-228=886
org/apache/spark/rdd/RDD.isCheckpointedAndMaterialized-RDD.scala-1677-1677=14
org/apache/spark/rdd/ZippedPartitionsRDD2.compute-ZippedPartitionsRDD.scala-88-89=5
org/apache/spark/graphx/util/collection/GraphXPrimitiveKeyOpenHashMap$mcJI$sp.keySet-GraphXPrimitiveKeyOpenHashMap.scala-34-34=355
org/apache/spark/graphx/impl/AggregatingEdgeContext.sendToSrc-EdgePartition.scala-528-528=817
org/apache/spark/status/api/v1/ShuffleReadMetrics.recordsRead-api.scala-251-251=871
org/apache/spark/rdd/ZippedPartitionsPartition.org$apache$spark$rdd$ZippedPartitionsPartition$$rdds-ZippedPartitionsRDD.scala-29-29=7
org/apache/spark/rdd/RDD$$anonfun$org$apache$spark$rdd$RDD$$visit$1$1.apply-RDD.scala-326-326=7
org/apache/spark/status/api/v1/OutputMetrics.recordsWritten-api.scala-242-242=882
org/apache/spark/rdd/RDD.creationSite-RDD.scala-1734-1734=8
org/apache/spark/rdd/ZippedPartitionsPartition.partitionValues_$eq-ZippedPartitionsRDD.scala-34-34=4
org/apache/spark/rdd/RDD$$anonfun$6.apply-RDD.scala-325-325=14
org/apache/spark/rdd/RDD$$anonfun$preferredLocations$2.apply-RDD.scala-297-297=20
org/apache/spark/rdd/RDD.org$apache$spark$rdd$RDD$$dependencies_-RDD.scala-241-241=96
org/apache/spark/status/api/v1/TaskMetrics.executorCpuTime-api.scala-224-224=837
org/apache/spark/graphx/impl/AggregatingEdgeContext.sendToDst-EdgePartition.scala-531-531=820
org/apache/spark/rdd/RDDOperationScope.toJson-RDDOperationScope.scala-52-52=14
org/apache/spark/rdd/RDD.org$apache$spark$rdd$RDD$$visit$1-RDD.scala-323-326=8
org/apache/spark/rdd/RDD.isBarrier-RDD.scala-1931-1931=10
org/apache/spark/graphx/impl/GraphImpl$$anonfun$13.apply-GraphImpl.scala-208-208=9
org/apache/spark/status/api/v1/InputMetrics.bytesRead-api.scala-237-237=880
org/apache/spark/rdd/ZippedPartitionsPartition$$anonfun$writeObject$1$$anonfun$apply$mcV$sp$1.apply-ZippedPartitionsRDD.scala-40-40=18
org/apache/spark/rdd/RDD.getPreferredLocations-RDD.scala-137-137=10
org/apache/spark/rdd/ZippedPartitionsPartition.preferredLocations-ZippedPartitionsRDD.scala-30-30=10
org/apache/spark/status/api/v1/ExecutorSummary.hostPort-api.scala-78-78=121
org/apache/spark/rdd/ZippedPartitionsBaseRDD.getPreferredLocations-ZippedPartitionsRDD.scala-70-70=10
org/apache/spark/graphx/impl/EdgeRDDImpl.partitionsRDD-EdgeRDDImpl.scala-28-28=1
org/apache/spark/rdd/RDD.getOrCompute-RDD.scala-354-357=5
org/apache/spark/rdd/RDD.iterator-RDD.scala-307-307=19
org/apache/spark/rdd/ZippedPartitionsPartition.partitions-ZippedPartitionsRDD.scala-35-35=5
org/apache/spark/rdd/ZippedPartitionsRDD2.getPreferredLocations-ZippedPartitionsRDD.scala-70-70=10
org/apache/spark/status/api/v1/ShuffleWriteMetrics.bytesWritten-api.scala-254-254=874
org/apache/spark/graphx/impl/VertexAttributeBlock.vids-ShippableVertexPartition.scala-28-28=405
org/apache/spark/util/JsonProtocol$$anonfun$rddInfoToJson$7.apply-JsonProtocol.scala-444-444=34
org/apache/spark/rdd/RDD.firstParent-RDD.scala-1763-1763=6
org/apache/spark/util/JsonProtocol$$anonfun$rddInfoToJson$2.apply-JsonProtocol.scala-437-437=32
org/apache/spark/status/api/v1/ShuffleReadMetrics.remoteBytesRead-api.scala-248-248=870
org/apache/spark/rdd/InputFileBlockHolder$.unset-InputFileBlockHolder.scala-86-86=8
org/apache/spark/rdd/RDDOperationScope.name-RDDOperationScope.scala-47-47=14
org/apache/spark/status/api/v1/TaskMetrics.executorRunTime-api.scala-223-223=838
org/apache/spark/status/api/v1/TaskMetrics.inputMetrics-api.scala-231-231=1765
org/apache/spark/graphx/impl/GraphImpl$$anonfun$13$$anonfun$apply$3.apply-GraphImpl.scala-208-208=18
org/apache/spark/rdd/RDD$$anonfun$5.apply-RDD.scala-324-324=14
org/apache/spark/rdd/RDD.name-RDD.scala-153-153=8
org/apache/spark/util/JsonProtocol$$anonfun$rddInfoToJson$6.apply-JsonProtocol.scala-443-443=34
org/apache/spark/rdd/ShuffledRDDPartition.index-ShuffledRDD.scala-27-27=8
org/apache/spark/rdd/RDD$$anonfun$dependencies$2.apply-RDD.scala-252-252=49
org/apache/spark/rdd/ZippedPartitionsRDD2.rdd2-ZippedPartitionsRDD.scala-83-83=5
org/apache/spark/rdd/RDD.computeOrReadCheckpoint-RDD.scala-343-343=14
org/apache/spark/graphx/impl/GraphImpl$$anonfun$13$$anonfun$apply$3$$anonfun$1.apply$mcI$sp-GraphImpl.scala-211-211=10
org/apache/spark/graphx/impl/ReplicatedVertexView$$anonfun$2.apply-ReplicatedVertexView.scala-71-71=12
org/apache/spark/status/api/v1/TaskMetrics.outputMetrics-api.scala-232-232=1776
org/apache/spark/util/JsonProtocol$$anonfun$rddInfoToJson$8.apply-JsonProtocol.scala-445-445=34
org/apache/spark/graphx/impl/AggregatingEdgeContext.attr-EdgePartition.scala-525-525=1640
org/apache/spark/graphx/util/collection/GraphXPrimitiveKeyOpenHashMap$mcJI$sp._values$mcI$sp-GraphXPrimitiveKeyOpenHashMap.scala--1--1=338
org/apache/spark/graphx/lib/SVDPlusPlus$$anonfun$6.apply-SVDPlusPlus.scala-85-85=1638
org/apache/spark/rdd/ZippedPartitionsPartition$$anonfun$writeObject$1.org$apache$spark$rdd$ZippedPartitionsPartition$$anonfun$$$outer-ZippedPartitionsRDD.scala-38-38=9
org/apache/spark/graphx/impl/EdgePartition.size-EdgePartition.scala-314-314=832
org/apache/spark/status/api/v1/TaskMetrics.executorDeserializeCpuTime-api.scala-222-222=606
org/apache/spark/rdd/RDD.preferredLocations-RDD.scala-296-296=20
org/apache/spark/rdd/RDD.dependencies-RDD.scala-252-252=49
org/apache/spark/status/api/v1/ShuffleReadMetrics.fetchWaitTime-api.scala-247-247=609
org/apache/spark/graphx/impl/VertexAttributeBlock.iterator-ShippableVertexPartition.scala-31-31=74
org/apache/spark/rdd/MapPartitionsRDD.isBarrier_-MapPartitionsRDD.scala-60-60=10
org/apache/spark/rdd/RDD$$anonfun$mapPartitions$1$$anonfun$apply$23.apply-RDD.scala-823-823=11
org/apache/spark/graphx/impl/EdgePartition.numActives-EdgePartition.scala-118-118=10
org/apache/spark/status/api/v1/TaskMetrics.shuffleReadMetrics-api.scala-233-233=5052
org/apache/spark/status/api/v1/ShuffleReadMetrics.remoteBlocksFetched-api.scala-245-245=605
org/apache/spark/status/api/v1/ShuffleWriteMetrics.recordsWritten-api.scala-256-256=875
org/apache/spark/util/JsonProtocol$$anonfun$rddInfoToJson$1.apply-JsonProtocol.scala-437-437=32
org/apache/spark/status/api/v1/TaskMetrics.diskBytesSpilled-api.scala-229-229=885
org/apache/spark/graphx/impl/AggregatingEdgeContext.set-EdgePartition.scala-499-505=819
org/apache/spark/status/api/v1/TaskMetrics.resultSerializationTime-api.scala-227-227=614
org/apache/spark/rdd/RDD$$anonfun$partitions$2.apply-RDD.scala-269-269=45
org/apache/spark/rdd/RDD.getStorageLevel-RDD.scala-223-223=13
org/apache/spark/rdd/RDDOperationScope.id-RDDOperationScope.scala-49-49=14
org/apache/spark/rdd/RDD$$anonfun$4.apply-RDD.scala-323-323=18
org/apache/spark/util/JsonProtocol$$anonfun$rddInfoToJson$4$$anonfun$apply$19.apply-JsonProtocol.scala-439-439=28
org/apache/spark/rdd/InputFileBlockHolder$$anon$1.initialValue-InputFileBlockHolder.scala-53-53=2
org/apache/spark/rdd/RDD.sparkContext-RDD.scala-147-147=1
org/apache/spark/rdd/RDDOperationScope$.org$apache$spark$rdd$RDDOperationScope$$jsonMapper-RDDOperationScope.scala-82-82=14
org/apache/spark/rdd/InputFileBlockHolder$.initialize-InputFileBlockHolder.scala-92-92=2
org/apache/spark/util/JsonProtocol$$anonfun$rddInfoToJson$9.apply-JsonProtocol.scala-446-446=34
org/apache/spark/util/JsonProtocol$$anonfun$rddInfoToJson$3.apply-JsonProtocol.scala-439-439=28
org/apache/spark/graphx/impl/ReplicatedVertexView$$anonfun$2$$anonfun$apply$1.apply-ReplicatedVertexView.scala-71-71=20
org/apache/spark/rdd/RDD.checkpointData-RDD.scala-1751-1751=131
org/apache/spark/util/JsonProtocol$$anonfun$rddInfoToJson$4.apply-JsonProtocol.scala-439-439=32
org/apache/spark/status/api/v1/ShuffleReadMetrics.localBytesRead-api.scala-250-250=871
org/apache/spark/graphx/impl/EdgePartition.updateVertices-EdgePartition.scala-87-93=10
org/apache/spark/rdd/MapPartitionsRDD.compute-MapPartitionsRDD.scala-52-52=5
org/apache/spark/status/api/v1/TaskMetrics.executorDeserializeTime-api.scala-221-221=694
org/apache/spark/rdd/ZippedPartitionsPartition.partitionValues-ZippedPartitionsRDD.scala-34-34=5
org/apache/spark/graphx/impl/ReplicatedVertexView$$anonfun$2$$anonfun$apply$1$$anonfun$apply$2.apply-ReplicatedVertexView.scala-73-73=148
org/apache/spark/rdd/RDD$$anonfun$getNarrowAncestors$1.apply-RDD.scala-335-335=14
org/apache/spark/graphx/impl/EdgePartition$$anonfun$aggregateMessagesEdgeScan$1.apply-EdgePartition.scala-414-414=842
org/apache/spark/rdd/RDDOperationScope.parent-RDDOperationScope.scala-48-48=14
org/apache/spark/rdd/RDD.partitions-RDD.scala-269-269=46
org/apache/spark/rdd/RDD$$anon$1.next-RDD.scala-367-368=3
org/apache/spark/status/api/v1/JobData.jobId-api.scala-110-110=63
org/apache/spark/status/api/v1/ExecutorSummary.id-api.scala-77-77=118
org/apache/spark/status/api/v1/TaskMetrics.jvmGcTime-api.scala-226-226=614
org/apache/spark/status/api/v1/RDDStorageInfo.id-api.scala-132-132=333
org/apache/spark/rdd/RDD$$anonfun$org$apache$spark$rdd$RDD$$visit$1$1.apply-RDD.scala-327-328=7
org/apache/spark/graphx/util/collection/GraphXPrimitiveKeyOpenHashMap$mcJI$sp.keySet$mcJ$sp-GraphXPrimitiveKeyOpenHashMap.scala--1--1=351
org/apache/spark/rdd/ShuffledRDD.compute-ShuffledRDD.scala-103-105=5
