org/apache/spark/graphx/Graph.aggregateMessages-Graph.scala-378-378=1
org/apache/spark/rdd/RDD.doCheckpoint-RDD.scala-1800-1800=8
org/apache/spark/rdd/MapPartitionsRDD.partitioner-MapPartitionsRDD.scala-47-47=2
org/apache/spark/graphx/impl/ReplicatedVertexView.upgrade-ReplicatedVertexView.scala-62-61=1
org/apache/spark/rdd/ZippedPartitionsPartition$$anonfun$writeObject$1.apply-ZippedPartitionsRDD.scala-38-38=6
org/apache/spark/rdd/RDD.getNumPartitions-RDD.scala-289-289=6
org/apache/spark/rdd/RDD.org$apache$spark$rdd$RDD$$partitions_-RDD.scala-242-242=679
org/apache/spark/rdd/RDD.org$apache$spark$rdd$RDD$$sc-RDD.scala-89-100=106
org/apache/spark/rdd/RDD$.rddToPairRDDFunctions-RDD.scala-2016-2016=2
org/apache/spark/status/api/v1/InputMetrics.recordsRead-api.scala-238-238=294
org/apache/spark/rdd/ZippedPartitionsRDD2.f-ZippedPartitionsRDD.scala-81-81=13
org/apache/spark/status/api/v1/TaskMetrics.shuffleWriteMetrics-api.scala-234-234=806
org/apache/spark/status/api/v1/StageData.attemptId-api.scala-166-166=73
org/apache/spark/rdd/RDD$.CHECKPOINT_ALL_MARKED_ANCESTORS-RDD.scala-2006-2006=13
org/apache/spark/rdd/ZippedPartitionsPartition$$anonfun$writeObject$1.apply$mcV$sp-ZippedPartitionsRDD.scala-40-41=7
org/apache/spark/graphx/impl/VertexRDDImpl.vdTag-VertexRDDImpl.scala-30-30=1
org/apache/spark/status/api/v1/ShuffleReadMetrics.remoteBytesReadToDisk-api.scala-249-249=212
org/apache/spark/rdd/RDD.getNarrowAncestors-RDD.scala-320-335=8
org/apache/spark/graphx/impl/EdgeRDDImpl$$anonfun$count$1.apply-EdgeRDDImpl.scala-90-90=16
org/apache/spark/graphx/impl/EdgeRDDImpl.getStorageLevel-EdgeRDDImpl.scala-74-74=5
org/apache/spark/graphx/impl/GraphImpl.outerJoinVertices-GraphImpl.scala-253-253=1
org/apache/spark/status/api/v1/TaskMetrics.memoryBytesSpilled-api.scala-228-228=300
org/apache/spark/rdd/RDD.isCheckpointedAndMaterialized-RDD.scala-1677-1677=19
org/apache/spark/rdd/ZippedPartitionsRDD2.compute-ZippedPartitionsRDD.scala-88-89=9
org/apache/spark/rdd/ZippedPartitionsRDD2.getPartitions-ZippedPartitionsRDD.scala-55-57=4
org/apache/spark/rdd/RDD.isBarrier_-RDD.scala-1935-1935=5
org/apache/spark/rdd/RDD$$anonfun$mapPartitions$1.apply-RDD.scala-819-819=2
org/apache/spark/rdd/RDD.org$apache$spark$rdd$RDD$$doCheckpointCalled-RDD.scala-1792-1792=8
org/apache/spark/graphx/impl/VertexRDDImpl.diff-VertexRDDImpl.scala-136-149=1
org/apache/spark/rdd/ZippedPartitionsPartition.org$apache$spark$rdd$ZippedPartitionsPartition$$rdds-ZippedPartitionsRDD.scala-29-29=13
org/apache/spark/status/api/v1/OutputMetrics.recordsWritten-api.scala-242-242=290
org/apache/spark/rdd/RDD.creationSite-RDD.scala-1734-1734=68
org/apache/spark/rdd/RDD$$anonfun$isBarrier_$2.apply-RDD.scala-1936-1936=8
org/apache/spark/rdd/RDD$$anonfun$6.apply-RDD.scala-325-325=116
org/apache/spark/rdd/RDD.log-RDD.scala-77-77=2
org/apache/spark/rdd/RDD.org$apache$spark$rdd$RDD$$dependencies_-RDD.scala-241-241=569
org/apache/spark/rdd/MapPartitionsRDD$.$lessinit$greater$default$3-MapPartitionsRDD.scala-42-42=1
org/apache/spark/status/api/v1/TaskMetrics.executorCpuTime-api.scala-224-224=280
org/apache/spark/graphx/impl/EdgeRDDImpl.withPartitionsRDD-EdgeRDDImpl.scala-131-131=1
org/apache/spark/rdd/RDDOperationScope.toJson-RDDOperationScope.scala-52-52=70
org/apache/spark/rdd/RDD$$anonfun$isBarrier_$1.apply-RDD.scala-1936-1936=8
org/apache/spark/rdd/ZippedPartitionsBaseRDD$$anonfun$getPartitions$3$$anonfun$3.apply-ZippedPartitionsRDD.scala-63-63=80
org/apache/spark/status/api/v1/InputMetrics.bytesRead-api.scala-237-237=303
org/apache/spark/graphx/impl/ReplicatedVertexView.edges-ReplicatedVertexView.scala-34-34=8
org/apache/spark/rdd/RDD.getPreferredLocations-RDD.scala-137-137=10
org/apache/spark/status/api/v1/ExecutorSummary.hostPort-api.scala-78-78=101
org/apache/spark/rdd/RDD$$anonfun$zipPartitions$1.apply-RDD.scala-931-931=4
org/apache/spark/rdd/PairRDDFunctions.org$apache$spark$internal$Logging$$log__$eq-PairRDDFunctions.scala-49-49=2
org/apache/spark/rdd/RDD$$anonfun$doCheckpoint$1.apply-RDD.scala-1801-1801=8
org/apache/spark/rdd/ZippedPartitionsPartition$$anonfun$1.apply-ZippedPartitionsRDD.scala-34-34=160
org/apache/spark/graphx/impl/EdgeRDDImpl.partitionsRDD-EdgeRDDImpl.scala-28-28=13
org/apache/spark/rdd/MapPartitionsRDD$$anonfun$isBarrier_$1.apply-MapPartitionsRDD.scala-60-60=4
org/apache/spark/rdd/RDD.getOrCompute-RDD.scala-354-357=8
org/apache/spark/rdd/ZippedPartitionsRDD2.getPreferredLocations-ZippedPartitionsRDD.scala-70-70=60
org/apache/spark/status/api/v1/ShuffleWriteMetrics.bytesWritten-api.scala-254-254=302
org/apache/spark/rdd/ZippedPartitionsBaseRDD$$anonfun$$lessinit$greater$1.apply-ZippedPartitionsRDD.scala-49-49=16
org/apache/spark/rdd/RDD.context-RDD.scala-1772-1772=13
org/apache/spark/rdd/PairRDDFunctions$$anonfun$partitionBy$1.apply-PairRDDFunctions.scala-529-529=2
org/apache/spark/rdd/RDD.firstParent-RDD.scala-1763-1763=11
org/apache/spark/rdd/RDDOperationScope$.withScope-RDDOperationScope.scala-134-155=19
org/apache/spark/rdd/RDD.persist-RDD.scala-189-189=7
org/apache/spark/rdd/RDD.org$apache$spark$rdd$RDD$$stateLock-RDD.scala-237-237=18
org/apache/spark/graphx/impl/VertexRDDImpl.aggregateUsingIndex-VertexRDDImpl.scala-214-218=1
org/apache/spark/rdd/ShuffledRDD.getPartitions-ShuffledRDD.scala-93-93=2
org/apache/spark/rdd/RDDOperationScope.name-RDDOperationScope.scala-47-47=81
org/apache/spark/rdd/RDD$$anonfun$5.apply-RDD.scala-324-324=116
org/apache/spark/rdd/RDD.name-RDD.scala-153-153=66
org/apache/spark/rdd/PairRDDFunctions.partitionBy-PairRDDFunctions.scala-529-529=2
org/apache/spark/rdd/RDD$$anonfun$dependencies$2.apply-RDD.scala-252-252=283
org/apache/spark/rdd/ZippedPartitionsRDD2.rdd2-ZippedPartitionsRDD.scala-83-83=9
org/apache/spark/rdd/RDD.computeOrReadCheckpoint-RDD.scala-343-343=21
org/apache/spark/rdd/RDD.unpersist-RDD.scala-216-219=2
org/apache/spark/graphx/impl/ReplicatedVertexView$$anonfun$4.apply-ReplicatedVertexView.scala-113-113=14
org/apache/spark/rdd/RDD.org$apache$spark$internal$Logging$$log_-RDD.scala-77-77=4
org/apache/spark/graphx/impl/VertexRDDImpl.targetStorageLevel-VertexRDDImpl.scala-29-29=8
org/apache/spark/status/api/v1/RDDPartitionInfo.executors-api.scala-161-161=15
org/apache/spark/graphx/impl/ReplicatedVertexView$$anonfun$2.apply-ReplicatedVertexView.scala-71-71=10
org/apache/spark/status/api/v1/TaskMetrics.outputMetrics-api.scala-232-232=602
org/apache/spark/rdd/RDD.map-RDD.scala-392-392=1
org/apache/spark/rdd/RDD$$anonfun$37.apply-RDD.scala-1744-1744=18
org/apache/spark/util/JsonProtocol$$anonfun$rddInfoToJson$8.apply-JsonProtocol.scala-445-445=112
org/apache/spark/graphx/impl/VertexRDDImpl.cache-VertexRDDImpl.scala-27-27=5
org/apache/spark/graphx/util/collection/GraphXPrimitiveKeyOpenHashMap$mcJI$sp._values$mcI$sp-GraphXPrimitiveKeyOpenHashMap.scala--1--1=705
org/apache/spark/rdd/ZippedPartitionsPartition$$anonfun$writeObject$1.org$apache$spark$rdd$ZippedPartitionsPartition$$anonfun$$$outer-ZippedPartitionsRDD.scala-38-38=27
org/apache/spark/rdd/RDDOperationScope$.withScope$default$2-RDDOperationScope.scala-101-101=11
org/apache/spark/rdd/RDD.preferredLocations-RDD.scala-296-296=90
org/apache/spark/rdd/RDDOperationScope$$anonfun$3.apply-RDDOperationScope.scala-106-106=22
org/apache/spark/graphx/impl/VertexAttributeBlock.iterator-ShippableVertexPartition.scala-31-31=156
org/apache/spark/graphx/impl/VertexRDDImpl.leftZipJoin-VertexRDDImpl.scala-154-161=1
org/apache/spark/rdd/ZippedPartitionsBaseRDD.getPartitions-ZippedPartitionsRDD.scala-55-57=4
org/apache/spark/rdd/RDD.org$apache$spark$rdd$RDD$$dependencies__$eq-RDD.scala-241-241=8
org/apache/spark/rdd/ShuffledRDD.getPreferredLocations-ShuffledRDD.scala-97-99=20
org/apache/spark/rdd/ShuffledRDD$$anonfun$1.apply-ShuffledRDD.scala-79-79=2
org/apache/spark/util/JsonProtocol$$anonfun$rddInfoToJson$1.apply-JsonProtocol.scala-437-437=114
org/apache/spark/graphx/impl/VertexRDDImpl.unpersist-VertexRDDImpl.scala-27-27=1
org/apache/spark/rdd/ZippedPartitionsBaseRDD$$anonfun$getPartitions$3.apply-ZippedPartitionsRDD.scala-60-60=40
org/apache/spark/status/api/v1/TaskMetrics.resultSerializationTime-api.scala-227-227=215
org/apache/spark/rdd/RDD.getStorageLevel-RDD.scala-223-223=69
org/apache/spark/rdd/RDD$$anonfun$doCheckpoint$1$$anonfun$apply$mcV$sp$2.apply-RDD.scala-1813-1813=14
org/apache/spark/rdd/RDDOperationScope$$anonfun$1.apply-RDDOperationScope.scala-104-104=44
org/apache/spark/rdd/ShuffledRDD$$anonfun$getPartitions$1.apply-ShuffledRDD.scala-93-93=40
org/apache/spark/rdd/RDD.sparkContext-RDD.scala-147-147=3
org/apache/spark/rdd/InputFileBlockHolder$.initialize-InputFileBlockHolder.scala-92-92=2
org/apache/spark/util/JsonProtocol$$anonfun$rddInfoToJson$3.apply-JsonProtocol.scala-439-439=104
org/apache/spark/rdd/RDDOperationScope$.nextScopeId-RDDOperationScope.scala-90-90=18
org/apache/spark/rdd/RDD.checkpointData-RDD.scala-1751-1751=730
org/apache/spark/graphx/impl/EdgePartition.updateVertices-EdgePartition.scala-87-93=16
org/apache/spark/status/api/v1/TaskMetrics.executorDeserializeTime-api.scala-221-221=225
org/apache/spark/rdd/ZippedPartitionsBaseRDD.rdds-ZippedPartitionsRDD.scala-47-47=88
org/apache/spark/rdd/ZippedPartitionsPartition.partitionValues-ZippedPartitionsRDD.scala-34-34=9
org/apache/spark/rdd/RDD.org$apache$spark$internal$Logging$$log__$eq-RDD.scala-77-77=15
org/apache/spark/rdd/RDD$$anonfun$zipPartitions$2.apply-RDD.scala-937-937=1
org/apache/spark/graphx/impl/EdgeRDDImpl$$anonfun$count$1.apply$mcJJJ$sp-EdgeRDDImpl.scala-90-90=8
org/apache/spark/rdd/RDDOperationScope$.fromJson-RDDOperationScope.scala-86-86=18
org/apache/spark/rdd/RDD.partitions-RDD.scala-269-269=327
org/apache/spark/status/api/v1/ExecutorSummary.id-api.scala-77-77=100
org/apache/spark/rdd/RDD$$anonfun$7.apply-RDD.scala-357-357=5
org/apache/spark/graphx/impl/ReplicatedVertexView.hasDstId-ReplicatedVertexView.scala-36-36=4
org/apache/spark/graphx/impl/ReplicatedVertexView$$anonfun$4$$anonfun$apply$5$$anonfun$apply$6.apply-ReplicatedVertexView.scala-115-115=170
org/apache/spark/graphx/impl/ReplicatedVertexView$$anonfun$4$$anonfun$apply$5.apply-ReplicatedVertexView.scala-113-113=11
org/apache/spark/graphx/impl/VertexRDDImpl.withPartitionsRDD-VertexRDDImpl.scala-237-237=3
org/apache/spark/status/api/v1/RDDStorageInfo.id-api.scala-132-132=357
org/apache/spark/rdd/RDD$$anonfun$org$apache$spark$rdd$RDD$$visit$1$1.apply-RDD.scala-327-328=54
org/apache/spark/graphx/util/collection/GraphXPrimitiveKeyOpenHashMap$mcJI$sp.keySet$mcJ$sp-GraphXPrimitiveKeyOpenHashMap.scala--1--1=705
org/apache/spark/rdd/MapPartitionsRDD$.$lessinit$greater$default$5-MapPartitionsRDD.scala-44-44=3
org/apache/spark/graphx/Graph.aggregateMessages$default$3-Graph.scala-376-376=1
org/apache/spark/status/api/v1/OutputMetrics.bytesWritten-api.scala-241-241=300
org/apache/spark/graphx/impl/GraphImpl.unpersist$default$1-GraphImpl.scala-81-81=1
org/apache/spark/graphx/lib/SVDPlusPlus$.org$apache$spark$graphx$lib$SVDPlusPlus$$materialize-SVDPlusPlus.scala-209-210=1
org/apache/spark/rdd/ZippedPartitionsBaseRDD.partitioner-ZippedPartitionsRDD.scala-51-51=10
org/apache/spark/status/api/v1/TaskMetrics.resultSize-api.scala-225-225=207
org/apache/spark/graphx/impl/VertexRDDImpl.partitionsRDD-VertexRDDImpl.scala-28-28=20
org/apache/spark/rdd/ZippedPartitionsRDD2.rdd1-ZippedPartitionsRDD.scala-82-82=11
org/apache/spark/graphx/impl/GraphImpl.vertices-GraphImpl.scala-36-36=10
org/apache/spark/graphx/util/collection/GraphXPrimitiveKeyOpenHashMap$mcJI$sp.apply$mcJI$sp-GraphXPrimitiveKeyOpenHashMap.scala-63-64=688
org/apache/spark/rdd/ShuffledRDD.isBarrier-ShuffledRDD.scala-114-114=1
org/apache/spark/rdd/ZippedPartitionsPartition.index-ZippedPartitionsRDD.scala-33-33=99
org/apache/spark/status/api/v1/ShuffleReadMetrics.localBlocksFetched-api.scala-246-246=212
org/apache/spark/graphx/impl/VertexRDDImpl.leftJoin-VertexRDDImpl.scala-170-170=1
org/apache/spark/graphx/impl/GraphImpl.unpersistVertices-GraphImpl.scala-88-90=1
org/apache/spark/rdd/RDDOperationScope$$anonfun$2.apply-RDDOperationScope.scala-105-105=66
org/apache/spark/rdd/RDD.id-RDD.scala-150-150=244
org/apache/spark/rdd/RDD.scope-RDD.scala-1743-1743=62
org/apache/spark/util/JsonProtocol$$anonfun$rddInfoToJson$5.apply-JsonProtocol.scala-440-440=112
org/apache/spark/status/api/v1/ShuffleWriteMetrics.writeTime-api.scala-255-255=206
org/apache/spark/status/api/v1/TaskMetrics.peakExecutionMemory-api.scala-230-230=211
org/apache/spark/rdd/MapPartitionsRDD$.$lessinit$greater$default$4-MapPartitionsRDD.scala-43-43=3
org/apache/spark/rdd/RDD.zipPartitions-RDD.scala-936-936=1
org/apache/spark/rdd/ZippedPartitionsBaseRDD$$anonfun$getPartitions$1.apply-ZippedPartitionsRDD.scala-56-56=16
org/apache/spark/status/api/v1/StageData.stageId-api.scala-165-165=74
org/apache/spark/rdd/ShuffledRDD.getDependencies-ShuffledRDD.scala-79-87=2
org/apache/spark/rdd/RDD.elementClassTag-RDD.scala-1749-1749=19
org/apache/spark/graphx/impl/VertexAttributeBlock.attrs-ShippableVertexPartition.scala-28-28=707
org/apache/spark/graphx/impl/VertexAttributeBlock$$anonfun$iterator$1.apply-ShippableVertexPartition.scala-31-31=1400
org/apache/spark/rdd/RDD$$anonfun$partitions$2$$anonfun$apply$3.apply-RDD.scala-274-274=200
org/apache/spark/graphx/util/collection/GraphXPrimitiveKeyOpenHashMap$mcJI$sp.keySet-GraphXPrimitiveKeyOpenHashMap.scala-34-34=707
org/apache/spark/rdd/RDD.withScope-RDD.scala-385-385=11
org/apache/spark/rdd/RDD$$anonfun$persist$1.apply-RDD.scala-176-176=4
org/apache/spark/status/api/v1/ShuffleReadMetrics.recordsRead-api.scala-251-251=305
org/apache/spark/rdd/ZippedPartitionsBaseRDD$$anonfun$getPartitions$3$$anonfun$2.apply-ZippedPartitionsRDD.scala-61-61=160
org/apache/spark/rdd/RDD$$anonfun$org$apache$spark$rdd$RDD$$visit$1$1.apply-RDD.scala-326-326=54
org/apache/spark/graphx/impl/GraphImpl.replicatedVertexView-GraphImpl.scala-37-37=6
org/apache/spark/rdd/ZippedPartitionsPartition.partitionValues_$eq-ZippedPartitionsRDD.scala-34-34=13
org/apache/spark/rdd/RDD$$anonfun$preferredLocations$2.apply-RDD.scala-297-297=90
org/apache/spark/rdd/RDD$$anonfun$map$1.apply-RDD.scala-392-392=1
org/apache/spark/graphx/impl/EdgeRDDImpl.partitioner-EdgeRDDImpl.scala-47-47=1
org/apache/spark/graphx/impl/ReplicatedVertexView.updateVertices-ReplicatedVertexView.scala-108-118=1
org/apache/spark/rdd/RDD.org$apache$spark$rdd$RDD$$visit$1-RDD.scala-323-326=62
org/apache/spark/rdd/ZippedPartitionsBaseRDD$$anonfun$getPartitions$3.apply-ZippedPartitionsRDD.scala-61-65=40
org/apache/spark/rdd/RDD.isBarrier-RDD.scala-1931-1931=36
org/apache/spark/rdd/ZippedPartitionsPartition$$anonfun$writeObject$1$$anonfun$apply$mcV$sp$1.apply-ZippedPartitionsRDD.scala-40-40=50
org/apache/spark/rdd/ZippedPartitionsPartition.preferredLocations-ZippedPartitionsRDD.scala-30-30=60
org/apache/spark/rdd/ZippedPartitionsBaseRDD.getPreferredLocations-ZippedPartitionsRDD.scala-70-70=60
org/apache/spark/rdd/RDD$$anonfun$fold$1$$anonfun$22.apply-RDD.scala-1141-1141=8
org/apache/spark/graphx/impl/EdgeRDDImpl.count-EdgeRDDImpl.scala-90-90=1
org/apache/spark/graphx/impl/EdgeRDDImpl$$anonfun$count$2.apply-EdgeRDDImpl.scala-90-90=14
org/apache/spark/rdd/RDD.iterator-RDD.scala-307-307=25
org/apache/spark/rdd/ZippedPartitionsPartition.partitions-ZippedPartitionsRDD.scala-35-35=10
org/apache/spark/graphx/impl/VertexAttributeBlock.vids-ShippableVertexPartition.scala-28-28=850
org/apache/spark/graphx/impl/VertexRDDImpl.partitioner-VertexRDDImpl.scala-37-37=5
org/apache/spark/util/JsonProtocol$$anonfun$rddInfoToJson$7.apply-JsonProtocol.scala-444-444=111
org/apache/spark/rdd/RDDOperationScope$.$lessinit$greater$default$2-RDDOperationScope.scala-48-48=8
org/apache/spark/rdd/RDDOperationScope$$anonfun$getAllScopes$2.apply-RDDOperationScope.scala-61-61=12
org/apache/spark/rdd/RDD.fold-RDD.scala-1137-1137=1
org/apache/spark/rdd/RDDOperationScope.getAllScopes-RDDOperationScope.scala-61-61=12
org/apache/spark/rdd/ShuffledRDD.prev-ShuffledRDD.scala-42-42=2
org/apache/spark/util/JsonProtocol$$anonfun$rddInfoToJson$2.apply-JsonProtocol.scala-437-437=114
org/apache/spark/rdd/MapPartitionsRDD.getPartitions-MapPartitionsRDD.scala-49-49=3
org/apache/spark/status/api/v1/ShuffleReadMetrics.remoteBytesRead-api.scala-248-248=303
org/apache/spark/rdd/InputFileBlockHolder$.unset-InputFileBlockHolder.scala-86-86=5
org/apache/spark/rdd/RDD$$anonfun$fold$1$$anonfun$23.apply-RDD.scala-1142-1142=6
org/apache/spark/status/api/v1/TaskMetrics.executorRunTime-api.scala-223-223=285
org/apache/spark/status/api/v1/TaskMetrics.inputMetrics-api.scala-231-231=608
org/apache/spark/util/JsonProtocol$$anonfun$rddInfoToJson$6.apply-JsonProtocol.scala-443-443=111
org/apache/spark/rdd/ShuffledRDDPartition.index-ShuffledRDD.scala-27-27=59
org/apache/spark/status/api/v1/RDDPartitionInfo.diskUsed-api.scala-160-160=6
org/apache/spark/rdd/RDD.org$apache$spark$rdd$RDD$$partitions__$eq-RDD.scala-242-242=10
org/apache/spark/graphx/impl/ReplicatedVertexView.hasSrcId-ReplicatedVertexView.scala-35-35=4
org/apache/spark/rdd/RDD.isLocallyCheckpointed-RDD.scala-1684-1684=7
org/apache/spark/graphx/impl/EdgePartition.size-EdgePartition.scala-314-314=6
org/apache/spark/status/api/v1/TaskMetrics.executorDeserializeCpuTime-api.scala-222-222=200
org/apache/spark/rdd/RDD.dependencies-RDD.scala-252-252=281
org/apache/spark/rdd/PairRDDFunctions.keyClass-PairRDDFunctions.scala-1111-1111=2
org/apache/spark/status/api/v1/ShuffleReadMetrics.fetchWaitTime-api.scala-247-247=212
org/apache/spark/rdd/RDD.logName-RDD.scala-77-77=2
org/apache/spark/rdd/MapPartitionsRDD.isBarrier_-MapPartitionsRDD.scala-60-60=31
org/apache/spark/rdd/ZippedPartitionsRDD2.partitioner-ZippedPartitionsRDD.scala-51-51=10
org/apache/spark/graphx/impl/EdgeRDDImpl.targetStorageLevel-EdgeRDDImpl.scala-29-29=3
org/apache/spark/rdd/RDD.mapPartitions$default$2-RDD.scala-819-819=2
org/apache/spark/rdd/RDD.zipPartitions-RDD.scala-930-930=4
org/apache/spark/rdd/RDD$$anonfun$map$1$$anonfun$apply$5.apply-RDD.scala-394-394=8
org/apache/spark/status/api/v1/TaskMetrics.shuffleReadMetrics-api.scala-233-233=1757
org/apache/spark/status/api/v1/RDDPartitionInfo.memoryUsed-api.scala-159-159=6
org/apache/spark/rdd/RDD$$anonfun$fold$1.apply-RDD.scala-1139-1144=1
org/apache/spark/status/api/v1/ShuffleReadMetrics.remoteBlocksFetched-api.scala-245-245=215
org/apache/spark/graphx/EdgeRDD.getPartitions-EdgeRDD.scala-47-47=1
org/apache/spark/status/api/v1/ShuffleWriteMetrics.recordsWritten-api.scala-256-256=290
org/apache/spark/rdd/ShuffledRDD.org$apache$spark$rdd$ShuffledRDD$$mapSideCombine-ShuffledRDD.scala-52-52=4
org/apache/spark/status/api/v1/TaskMetrics.diskBytesSpilled-api.scala-229-229=298
org/apache/spark/rdd/ZippedPartitionsRDD2.rdds-ZippedPartitionsRDD.scala-47-47=88
org/apache/spark/rdd/RDD.mapPartitions-RDD.scala-819-819=2
org/apache/spark/graphx/impl/GraphImpl.aggregateMessagesWithActiveSet-GraphImpl.scala-195-199=1
org/apache/spark/rdd/RDD$$anonfun$partitions$2.apply-RDD.scala-269-269=329
org/apache/spark/rdd/RDDOperationScope.id-RDDOperationScope.scala-49-49=81
org/apache/spark/rdd/RDD$$anonfun$4.apply-RDD.scala-323-323=146
org/apache/spark/util/JsonProtocol$$anonfun$rddInfoToJson$4$$anonfun$apply$19.apply-JsonProtocol.scala-439-439=104
org/apache/spark/rdd/InputFileBlockHolder$$anon$1.initialValue-InputFileBlockHolder.scala-53-53=2
org/apache/spark/rdd/RDD.name_$eq-RDD.scala-153-153=6
org/apache/spark/rdd/RDDOperationScope$.org$apache$spark$rdd$RDDOperationScope$$jsonMapper-RDDOperationScope.scala-82-82=88
org/apache/spark/graphx/impl/EdgeRDDImpl$$anonfun$1.apply-EdgeRDDImpl.scala-48-48=1
org/apache/spark/rdd/RDDOperationScope$.withScope-RDDOperationScope.scala-102-112=11
org/apache/spark/util/JsonProtocol$$anonfun$rddInfoToJson$9.apply-JsonProtocol.scala-446-446=112
org/apache/spark/graphx/impl/GraphImpl.cache-GraphImpl.scala-60-62=2
org/apache/spark/graphx/impl/ReplicatedVertexView$$anonfun$2$$anonfun$apply$1.apply-ReplicatedVertexView.scala-71-71=19
org/apache/spark/util/JsonProtocol$$anonfun$rddInfoToJson$4.apply-JsonProtocol.scala-439-439=112
org/apache/spark/status/api/v1/ShuffleReadMetrics.localBytesRead-api.scala-250-250=302
org/apache/spark/graphx/impl/GraphImpl.unpersist-GraphImpl.scala-82-84=1
org/apache/spark/rdd/MapPartitionsRDD.compute-MapPartitionsRDD.scala-52-52=5
org/apache/spark/rdd/RDDOperationScope$$anonfun$5.apply-RDDOperationScope.scala-137-137=18
org/apache/spark/rdd/RDD$$anonfun$doCheckpoint$1.apply$mcV$sp-RDD.scala-1801-1801=8
org/apache/spark/graphx/impl/ReplicatedVertexView$$anonfun$2$$anonfun$apply$1$$anonfun$apply$2.apply-ReplicatedVertexView.scala-73-73=134
org/apache/spark/rdd/RDD$$anonfun$getNarrowAncestors$1.apply-RDD.scala-335-335=108
org/apache/spark/graphx/lib/SVDPlusPlus$Conf.maxIters-SVDPlusPlus.scala-33-33=1
org/apache/spark/rdd/RDD.logInfo-RDD.scala-77-77=2
org/apache/spark/rdd/RDD.org$apache$spark$rdd$RDD$$doCheckpointCalled_$eq-RDD.scala-1792-1792=5
org/apache/spark/rdd/RDD.setName-RDD.scala-157-158=6
org/apache/spark/rdd/RDDOperationScope.parent-RDDOperationScope.scala-48-48=82
org/apache/spark/rdd/RDD$$anon$1.next-RDD.scala-367-368=4
org/apache/spark/rdd/RDD.initializeLogIfNecessary-RDD.scala-77-77=4
org/apache/spark/status/api/v1/JobData.jobId-api.scala-110-110=19
org/apache/spark/status/api/v1/TaskMetrics.jvmGcTime-api.scala-226-226=209
org/apache/spark/graphx/impl/VertexRDDImpl.shipVertexAttributes-VertexRDDImpl.scala-247-247=1
org/apache/spark/rdd/RDD.getDependencies-RDD.scala-132-132=6
org/apache/spark/rdd/ShuffledRDD.compute-ShuffledRDD.scala-103-105=11
org/apache/spark/rdd/RDDOperationScope$.$lessinit$greater$default$3-RDDOperationScope.scala-49-49=18
