org/apache/spark/rdd/RDD.doCheckpoint-RDD.scala-1800-1800=16
org/apache/spark/graphx/impl/EdgePartition$$anon$1.map-EdgePartition.scala-327-327=5
org/apache/spark/graphx/impl/EdgeRDDImpl$$anonfun$mapEdgePartitions$1.apply-EdgeRDDImpl.scala-120-120=10
org/apache/spark/rdd/ZippedPartitionsPartition$$anonfun$writeObject$1.apply-ZippedPartitionsRDD.scala-38-38=25
org/apache/spark/graphx/impl/EdgeRDDImpl.compute-EdgeRDDImpl.scala-50-49=7
org/apache/spark/graphx/util/collection/GraphXPrimitiveKeyOpenHashMap$mcJI$sp._oldValues_$eq-GraphXPrimitiveKeyOpenHashMap.scala-57-57=295
org/apache/spark/graphx/impl/VertexRDDImpl.getPreferredLocations-VertexRDDImpl.scala-40-40=10
org/apache/spark/graphx/util/collection/GraphXPrimitiveKeyOpenHashMap.grow-GraphXPrimitiveKeyOpenHashMap.scala-145-145=705
org/apache/spark/rdd/RDD.getNumPartitions-RDD.scala-289-289=12
org/apache/spark/graphx/impl/EdgeRDDImpl$$anonfun$mapEdgePartitions$1.apply-EdgeRDDImpl.scala-119-119=10
org/apache/spark/graphx/impl/EdgePartition.iterator-EdgePartition.scala-327-327=7
org/apache/spark/rdd/RDD.org$apache$spark$rdd$RDD$$partitions_-RDD.scala-242-242=597
org/apache/spark/rdd/RDD.org$apache$spark$rdd$RDD$$sc-RDD.scala-89-100=18
org/apache/spark/graphx/Edge.srcId_$eq-Edge.scala-33-33=1605
org/apache/spark/graphx/impl/EdgePartition$$anon$2.hasNext-EdgePartition.scala-352-352=1606
org/apache/spark/graphx/EdgeRDD.compute-EdgeRDD.scala-50-49=6
org/apache/spark/status/api/v1/InputMetrics.recordsRead-api.scala-238-238=1040
org/apache/spark/rdd/ZippedPartitionsRDD2.f-ZippedPartitionsRDD.scala-81-81=2
org/apache/spark/graphx/impl/EdgePartition.tripletIterator-EdgePartition.scala-349-349=10
org/apache/spark/graphx/impl/EdgePartitionBuilder$$anonfun$toEdgePartition$2.apply$mcII$sp-EdgePartitionBuilder.scala-59-59=700
org/apache/spark/status/api/v1/TaskMetrics.shuffleWriteMetrics-api.scala-234-234=2606
org/apache/spark/status/api/v1/StageData.attemptId-api.scala-166-166=455
org/apache/spark/rdd/ZippedPartitionsPartition$$anonfun$writeObject$1.apply$mcV$sp-ZippedPartitionsRDD.scala-40-41=25
org/apache/spark/status/api/v1/ShuffleReadMetrics.remoteBytesReadToDisk-api.scala-249-249=552
org/apache/spark/rdd/RDD.getNarrowAncestors-RDD.scala-320-335=14
org/apache/spark/graphx/impl/EdgeRDDImpl.getStorageLevel-EdgeRDDImpl.scala-74-74=10
org/apache/spark/graphx/Edge.attr-Edge.scala-35-35=2467
org/apache/spark/status/api/v1/TaskMetrics.memoryBytesSpilled-api.scala-228-228=1029
org/apache/spark/rdd/RDD.isCheckpointedAndMaterialized-RDD.scala-1677-1677=29
org/apache/spark/rdd/ZippedPartitionsRDD2.compute-ZippedPartitionsRDD.scala-88-89=7
org/apache/spark/rdd/RDD.isBarrier_-RDD.scala-1935-1935=4
org/apache/spark/rdd/RDD.org$apache$spark$rdd$RDD$$doCheckpointCalled-RDD.scala-1792-1792=16
org/apache/spark/graphx/EdgeTriplet.dstAttr_$eq-EdgeTriplet.scala-35-35=796
org/apache/spark/rdd/ZippedPartitionsPartition.org$apache$spark$rdd$ZippedPartitionsPartition$$rdds-ZippedPartitionsRDD.scala-29-29=39
org/apache/spark/status/api/v1/OutputMetrics.recordsWritten-api.scala-242-242=1046
org/apache/spark/rdd/RDD.creationSite-RDD.scala-1734-1734=182
org/apache/spark/rdd/RDD$$anonfun$isBarrier_$2.apply-RDD.scala-1936-1936=2
org/apache/spark/rdd/RDD$$anonfun$6.apply-RDD.scala-325-325=348
org/apache/spark/rdd/RDD.org$apache$spark$rdd$RDD$$dependencies_-RDD.scala-241-241=1331
org/apache/spark/status/api/v1/TaskMetrics.executorCpuTime-api.scala-224-224=994
org/apache/spark/rdd/RDDOperationScope.toJson-RDDOperationScope.scala-52-52=68
org/apache/spark/rdd/RDD$$anonfun$isBarrier_$1.apply-RDD.scala-1936-1936=2
org/apache/spark/graphx/impl/EdgePartition$$anon$1.next-EdgePartition.scala-327-327=815
org/apache/spark/status/api/v1/InputMetrics.bytesRead-api.scala-237-237=1042
org/apache/spark/status/api/v1/ExecutorSummary.hostPort-api.scala-78-78=124
org/apache/spark/graphx/Edge$$anon$1.compare-Edge.scala-60-60=830
org/apache/spark/rdd/RDD$$anonfun$doCheckpoint$1.apply-RDD.scala-1801-1801=16
org/apache/spark/graphx/impl/EdgeRDDImpl.partitionsRDD-EdgeRDDImpl.scala-28-28=10
org/apache/spark/rdd/RDD.getOrCompute-RDD.scala-354-357=7
org/apache/spark/rdd/ZippedPartitionsRDD2.getPreferredLocations-ZippedPartitionsRDD.scala-70-70=10
org/apache/spark/status/api/v1/ShuffleWriteMetrics.bytesWritten-api.scala-254-254=1025
org/apache/spark/graphx/Edge.copy-Edge.scala-32-32=818
org/apache/spark/graphx/impl/EdgePartition.tripletIterator$default$1-EdgePartition.scala-348-348=9
org/apache/spark/rdd/RDD.firstParent-RDD.scala-1763-1763=14
org/apache/spark/graphx/impl/EdgePartition$$anon$2.toIterator-EdgePartition.scala-349-349=10
org/apache/spark/graphx/Edge$$anon$2.getKey-Edge.scala-71-71=1658
org/apache/spark/rdd/RDDOperationScope$.withScope-RDDOperationScope.scala-134-155=16
org/apache/spark/graphx/impl/GraphImpl$$anonfun$2.apply-GraphImpl.scala-48-48=15
org/apache/spark/rdd/RDD.org$apache$spark$rdd$RDD$$stateLock-RDD.scala-237-237=2
org/apache/spark/rdd/RDDOperationScope.name-RDDOperationScope.scala-47-47=81
org/apache/spark/rdd/RDD$$anonfun$5.apply-RDD.scala-324-324=348
org/apache/spark/rdd/RDD.name-RDD.scala-153-153=170
org/apache/spark/rdd/RDD$$anonfun$mapPartitionsWithIndex$1$$anonfun$apply$25.apply-RDD.scala-875-875=20
org/apache/spark/rdd/RDD$$anonfun$dependencies$2.apply-RDD.scala-252-252=666
org/apache/spark/rdd/RDD.computeOrReadCheckpoint-RDD.scala-343-343=49
org/apache/spark/rdd/ZippedPartitionsRDD2.rdd2-ZippedPartitionsRDD.scala-83-83=5
org/apache/spark/graphx/util/collection/GraphXPrimitiveKeyOpenHashMap$mcJI$sp._oldValues$mcI$sp-GraphXPrimitiveKeyOpenHashMap.scala--1--1=270
org/apache/spark/status/api/v1/RDDPartitionInfo.executors-api.scala-161-161=6
org/apache/spark/graphx/impl/ReplicatedVertexView$$anonfun$2.apply-ReplicatedVertexView.scala-71-71=16
org/apache/spark/status/api/v1/TaskMetrics.outputMetrics-api.scala-232-232=2091
org/apache/spark/graphx/util/collection/GraphXPrimitiveKeyOpenHashMap$$anonfun$2.apply$mcVII$sp-GraphXPrimitiveKeyOpenHashMap.scala-151-151=270
org/apache/spark/graphx/Edge$.$lessinit$greater$default$2-Edge.scala-34-34=799
org/apache/spark/util/JsonProtocol$$anonfun$rddInfoToJson$8.apply-JsonProtocol.scala-445-445=112
org/apache/spark/graphx/util/collection/GraphXPrimitiveKeyOpenHashMap$mcJI$sp._values$mcI$sp-GraphXPrimitiveKeyOpenHashMap.scala--1--1=5149
org/apache/spark/graphx/impl/EdgePartitionBuilder$$anonfun$toEdgePartition$4.apply$mcII$sp-EdgePartitionBuilder.scala-61-61=540
org/apache/spark/graphx/VertexRDD.getPartitions-VertexRDD.scala-63-63=1
org/apache/spark/rdd/ZippedPartitionsPartition$$anonfun$writeObject$1.org$apache$spark$rdd$ZippedPartitionsPartition$$anonfun$$$outer-ZippedPartitionsRDD.scala-38-38=75
org/apache/spark/rdd/RDDOperationScope$.withScope$default$2-RDDOperationScope.scala-101-101=1
org/apache/spark/rdd/RDD.preferredLocations-RDD.scala-296-296=20
org/apache/spark/graphx/EdgeRDD$$anonfun$1$$anonfun$apply$1.apply-EdgeRDD.scala-108-108=815
org/apache/spark/rdd/RDDOperationScope$$anonfun$3.apply-RDDOperationScope.scala-106-106=2
org/apache/spark/graphx/impl/VertexAttributeBlock.iterator-ShippableVertexPartition.scala-31-31=96
org/apache/spark/rdd/RDD.org$apache$spark$rdd$RDD$$dependencies__$eq-RDD.scala-241-241=1
org/apache/spark/graphx/impl/GraphImpl$$anonfun$14.apply-GraphImpl.scala-333-333=20
org/apache/spark/graphx/impl/VertexRDDImpl.getStorageLevel-VertexRDDImpl.scala-74-74=3
org/apache/spark/graphx/impl/EdgePartition$$anon$1.hasNext-EdgePartition.scala-331-331=823
org/apache/spark/util/JsonProtocol$$anonfun$rddInfoToJson$1.apply-JsonProtocol.scala-437-437=114
org/apache/spark/graphx/Edge$$anon$2.allocate-Edge.scala-71-71=10
org/apache/spark/graphx/util/collection/GraphXPrimitiveKeyOpenHashMap$mcJI$sp._values_$eq-GraphXPrimitiveKeyOpenHashMap.scala-32-32=6
org/apache/spark/status/api/v1/TaskMetrics.resultSerializationTime-api.scala-227-227=536
org/apache/spark/rdd/RDD.getStorageLevel-RDD.scala-223-223=172
org/apache/spark/graphx/EdgeTriplet.srcAttr_$eq-EdgeTriplet.scala-30-30=794
org/apache/spark/rdd/RDD$$anonfun$doCheckpoint$1$$anonfun$apply$mcV$sp$2.apply-RDD.scala-1813-1813=30
org/apache/spark/rdd/RDDOperationScope$$anonfun$1.apply-RDDOperationScope.scala-104-104=4
org/apache/spark/graphx/Edge.copy$default$1-Edge.scala-33-33=818
org/apache/spark/graphx/impl/EdgePartition$$anon$2.next-EdgePartition.scala-349-349=797
org/apache/spark/rdd/RDD.sparkContext-RDD.scala-147-147=1
org/apache/spark/graphx/EdgeRDD$$anonfun$compute$1.apply-EdgeRDD.scala-52-52=1637
org/apache/spark/graphx/impl/EdgePartitionBuilder$$anonfun$toEdgePartition$1.apply$mcI$sp-EdgePartitionBuilder.scala-59-59=129
org/apache/spark/graphx/util/collection/GraphXPrimitiveKeyOpenHashMap$mcJI$sp.update$mcJI$sp-GraphXPrimitiveKeyOpenHashMap.scala-75-78=289
org/apache/spark/util/JsonProtocol$$anonfun$rddInfoToJson$3.apply-JsonProtocol.scala-439-439=102
org/apache/spark/rdd/RDDOperationScope$.nextScopeId-RDDOperationScope.scala-90-90=17
org/apache/spark/rdd/RDD.checkpointData-RDD.scala-1751-1751=1017
org/apache/spark/graphx/impl/GraphImpl$$anonfun$2$$anonfun$apply$1.apply-GraphImpl.scala-48-48=20
org/apache/spark/graphx/impl/EdgePartition.updateVertices-EdgePartition.scala-87-93=10
org/apache/spark/status/api/v1/TaskMetrics.executorDeserializeTime-api.scala-221-221=615
org/apache/spark/rdd/ZippedPartitionsPartition.partitionValues-ZippedPartitionsRDD.scala-34-34=3
org/apache/spark/graphx/impl/EdgePartitionBuilder$$anonfun$toEdgePartition$3.apply$mcI$sp-EdgePartitionBuilder.scala-61-61=291
org/apache/spark/graphx/util/collection/GraphXPrimitiveKeyOpenHashMap$mcJI$sp._values-GraphXPrimitiveKeyOpenHashMap.scala-32-32=276
org/apache/spark/graphx/Edge.copy$default$3-Edge.scala-35-35=820
org/apache/spark/rdd/RDDOperationScope$.fromJson-RDDOperationScope.scala-86-86=15
org/apache/spark/graphx/impl/EdgePartition.org$apache$spark$graphx$impl$EdgePartition$$srcIds-EdgePartition.scala-106-106=814
org/apache/spark/rdd/RDD.partitions-RDD.scala-269-269=300
org/apache/spark/status/api/v1/ExecutorSummary.id-api.scala-77-77=124
org/apache/spark/rdd/RDD$$anonfun$7.apply-RDD.scala-357-357=10
org/apache/spark/status/api/v1/RDDStorageInfo.id-api.scala-132-132=592
org/apache/spark/graphx/Edge.dstId-Edge.scala-34-34=4137
org/apache/spark/rdd/RDD$$anonfun$org$apache$spark$rdd$RDD$$visit$1$1.apply-RDD.scala-327-328=156
org/apache/spark/graphx/util/collection/GraphXPrimitiveKeyOpenHashMap$mcJI$sp.keySet$mcJ$sp-GraphXPrimitiveKeyOpenHashMap.scala--1--1=3091
org/apache/spark/status/api/v1/OutputMetrics.bytesWritten-api.scala-241-241=1044
org/apache/spark/graphx/util/collection/GraphXPrimitiveKeyOpenHashMap$mcJI$sp._oldValues$mcI$sp_$eq-GraphXPrimitiveKeyOpenHashMap.scala--1--1=294
org/apache/spark/status/api/v1/TaskMetrics.resultSize-api.scala-225-225=537
org/apache/spark/graphx/impl/VertexRDDImpl.partitionsRDD-VertexRDDImpl.scala-28-28=14
org/apache/spark/rdd/ZippedPartitionsRDD2.rdd1-ZippedPartitionsRDD.scala-82-82=2
org/apache/spark/graphx/impl/GraphImpl.vertices-GraphImpl.scala-36-36=1
org/apache/spark/graphx/util/collection/GraphXPrimitiveKeyOpenHashMap$mcJI$sp._oldValues_$eq-GraphXPrimitiveKeyOpenHashMap.scala-32-32=6
org/apache/spark/graphx/util/collection/GraphXPrimitiveKeyOpenHashMap$mcJI$sp.apply$mcJI$sp-GraphXPrimitiveKeyOpenHashMap.scala-63-64=424
org/apache/spark/rdd/ZippedPartitionsPartition.index-ZippedPartitionsRDD.scala-33-33=39
org/apache/spark/status/api/v1/ShuffleReadMetrics.localBlocksFetched-api.scala-246-246=540
org/apache/spark/graphx/Edge$.edgeArraySortDataFormat-Edge.scala-71-71=10
org/apache/spark/rdd/RDDOperationScope$$anonfun$2.apply-RDDOperationScope.scala-105-105=6
org/apache/spark/rdd/RDD.id-RDD.scala-150-150=466
org/apache/spark/rdd/RDD.scope-RDD.scala-1743-1743=170
org/apache/spark/util/JsonProtocol$$anonfun$rddInfoToJson$5.apply-JsonProtocol.scala-440-440=114
org/apache/spark/status/api/v1/ShuffleWriteMetrics.writeTime-api.scala-255-255=543
org/apache/spark/graphx/Edge$$anon$1.compare-Edge.scala-62-62=829
org/apache/spark/status/api/v1/TaskMetrics.peakExecutionMemory-api.scala-230-230=541
org/apache/spark/graphx/impl/EdgePartition.withoutVertexAttributes-EdgePartition.scala-100-101=10
org/apache/spark/status/api/v1/StageData.stageId-api.scala-165-165=453
org/apache/spark/rdd/RDD.elementClassTag-RDD.scala-1749-1749=9
org/apache/spark/rdd/RDD.count-RDD.scala-1213-1213=1
org/apache/spark/graphx/impl/VertexAttributeBlock.attrs-ShippableVertexPartition.scala-28-28=426
org/apache/spark/graphx/impl/VertexAttributeBlock$$anonfun$iterator$1.apply-ShippableVertexPartition.scala-31-31=855
org/apache/spark/graphx/impl/EdgePartitionBuilder.add-EdgePartitionBuilder.scala-34-34=820
org/apache/spark/graphx/Edge$$anon$2.getKey-Edge.scala-73-73=1657
org/apache/spark/rdd/RDD$$anonfun$partitions$2$$anonfun$apply$3.apply-RDD.scala-274-274=20
org/apache/spark/graphx/EdgeRDD$$anonfun$1$$anonfun$apply$1.apply-EdgeRDD.scala-107-107=818
org/apache/spark/graphx/util/collection/GraphXPrimitiveKeyOpenHashMap$mcJI$sp.keySet-GraphXPrimitiveKeyOpenHashMap.scala-34-34=3094
org/apache/spark/graphx/util/collection/GraphXPrimitiveKeyOpenHashMap$mcJI$sp._oldValues-GraphXPrimitiveKeyOpenHashMap.scala-32-32=270
org/apache/spark/status/api/v1/ShuffleReadMetrics.recordsRead-api.scala-251-251=1030
org/apache/spark/rdd/RDD$$anonfun$org$apache$spark$rdd$RDD$$visit$1$1.apply-RDD.scala-326-326=156
org/apache/spark/graphx/util/collection/GraphXPrimitiveKeyOpenHashMap$mcJI$sp._values$mcI$sp_$eq-GraphXPrimitiveKeyOpenHashMap.scala--1--1=6
org/apache/spark/rdd/ZippedPartitionsPartition.partitionValues_$eq-ZippedPartitionsRDD.scala-34-34=38
org/apache/spark/graphx/Edge$.lexicographicOrdering-Edge.scala-60-60=10
org/apache/spark/graphx/impl/EdgePartition.tripletIterator$default$2-EdgePartition.scala-348-348=10
org/apache/spark/rdd/RDD$$anonfun$preferredLocations$2.apply-RDD.scala-297-297=20
org/apache/spark/graphx/EdgeRDD$$anonfun$1.apply-EdgeRDD.scala-106-110=10
org/apache/spark/graphx/util/collection/GraphXPrimitiveKeyOpenHashMap.move-GraphXPrimitiveKeyOpenHashMap.scala-150-150=703
org/apache/spark/rdd/RDD.org$apache$spark$rdd$RDD$$visit$1-RDD.scala-323-326=170
org/apache/spark/rdd/RDD.isBarrier-RDD.scala-1931-1931=50
org/apache/spark/graphx/impl/EdgePartition.org$apache$spark$graphx$impl$EdgePartition$$dstIds-EdgePartition.scala-108-108=815
org/apache/spark/rdd/ZippedPartitionsPartition$$anonfun$writeObject$1$$anonfun$apply$mcV$sp$1.apply-ZippedPartitionsRDD.scala-40-40=147
org/apache/spark/rdd/ZippedPartitionsPartition.preferredLocations-ZippedPartitionsRDD.scala-30-30=10
org/apache/spark/rdd/ZippedPartitionsBaseRDD.getPreferredLocations-ZippedPartitionsRDD.scala-70-70=10
org/apache/spark/graphx/Edge.srcId-Edge.scala-33-33=4721
org/apache/spark/rdd/RDD.iterator-RDD.scala-307-307=50
org/apache/spark/rdd/ZippedPartitionsPartition.partitions-ZippedPartitionsRDD.scala-35-35=2
org/apache/spark/graphx/impl/VertexAttributeBlock.vids-ShippableVertexPartition.scala-28-28=522
org/apache/spark/graphx/impl/EdgePartitionBuilder$.$lessinit$greater$default$1-EdgePartitionBuilder.scala-29-29=4
org/apache/spark/util/JsonProtocol$$anonfun$rddInfoToJson$7.apply-JsonProtocol.scala-444-444=112
org/apache/spark/rdd/RDDOperationScope$.$lessinit$greater$default$2-RDDOperationScope.scala-48-48=16
org/apache/spark/rdd/RDDOperationScope$$anonfun$getAllScopes$2.apply-RDDOperationScope.scala-61-61=13
org/apache/spark/rdd/RDDOperationScope.getAllScopes-RDDOperationScope.scala-61-61=13
org/apache/spark/rdd/RDD$$anonfun$count$1.apply-RDD.scala-1213-1213=20
org/apache/spark/util/JsonProtocol$$anonfun$rddInfoToJson$2.apply-JsonProtocol.scala-437-437=114
org/apache/spark/status/api/v1/ShuffleReadMetrics.remoteBytesRead-api.scala-248-248=1045
org/apache/spark/rdd/InputFileBlockHolder$.unset-InputFileBlockHolder.scala-86-86=10
org/apache/spark/graphx/util/collection/GraphXPrimitiveKeyOpenHashMap$mcJI$sp._values_$eq-GraphXPrimitiveKeyOpenHashMap.scala-34-34=6
org/apache/spark/status/api/v1/TaskMetrics.executorRunTime-api.scala-223-223=993
org/apache/spark/status/api/v1/TaskMetrics.inputMetrics-api.scala-231-231=2083
org/apache/spark/util/JsonProtocol$$anonfun$rddInfoToJson$6.apply-JsonProtocol.scala-443-443=113
org/apache/spark/rdd/ShuffledRDDPartition.index-ShuffledRDD.scala-27-27=14
org/apache/spark/status/api/v1/RDDPartitionInfo.diskUsed-api.scala-160-160=3
org/apache/spark/rdd/RDD.org$apache$spark$rdd$RDD$$partitions__$eq-RDD.scala-242-242=1
org/apache/spark/graphx/impl/EdgePartition.size-EdgePartition.scala-314-314=2426
org/apache/spark/status/api/v1/TaskMetrics.executorDeserializeCpuTime-api.scala-222-222=535
org/apache/spark/rdd/RDD.dependencies-RDD.scala-252-252=663
org/apache/spark/status/api/v1/ShuffleReadMetrics.fetchWaitTime-api.scala-247-247=541
org/apache/spark/graphx/Edge.attr_$eq-Edge.scala-35-35=1616
org/apache/spark/rdd/MapPartitionsRDD.isBarrier_-MapPartitionsRDD.scala-60-60=46
org/apache/spark/rdd/RDD$$anonfun$mapPartitions$1$$anonfun$apply$23.apply-RDD.scala-823-823=36
org/apache/spark/status/api/v1/TaskMetrics.shuffleReadMetrics-api.scala-233-233=5284
org/apache/spark/status/api/v1/RDDPartitionInfo.memoryUsed-api.scala-159-159=7
org/apache/spark/status/api/v1/ShuffleReadMetrics.remoteBlocksFetched-api.scala-245-245=538
org/apache/spark/status/api/v1/ShuffleWriteMetrics.recordsWritten-api.scala-256-256=1046
org/apache/spark/status/api/v1/TaskMetrics.diskBytesSpilled-api.scala-229-229=1023
org/apache/spark/graphx/Edge$.$lessinit$greater$default$1-Edge.scala-33-33=799
org/apache/spark/graphx/impl/EdgePartitionBuilder.toEdgePartition-EdgePartitionBuilder.scala-38-72=10
org/apache/spark/graphx/Edge.dstId_$eq-Edge.scala-34-34=1606
org/apache/spark/rdd/RDD$$anonfun$partitions$2.apply-RDD.scala-269-269=297
org/apache/spark/rdd/RDDOperationScope.id-RDDOperationScope.scala-49-49=81
org/apache/spark/rdd/RDD$$anonfun$4.apply-RDD.scala-323-323=446
org/apache/spark/util/JsonProtocol$$anonfun$rddInfoToJson$4$$anonfun$apply$19.apply-JsonProtocol.scala-439-439=102
org/apache/spark/rdd/InputFileBlockHolder$$anon$1.initialValue-InputFileBlockHolder.scala-53-53=1
org/apache/spark/rdd/RDDOperationScope$.org$apache$spark$rdd$RDDOperationScope$$jsonMapper-RDDOperationScope.scala-82-82=83
org/apache/spark/util/JsonProtocol$$anonfun$rddInfoToJson$9.apply-JsonProtocol.scala-446-446=112
org/apache/spark/graphx/impl/ReplicatedVertexView$$anonfun$2$$anonfun$apply$1.apply-ReplicatedVertexView.scala-71-71=19
org/apache/spark/util/JsonProtocol$$anonfun$rddInfoToJson$4.apply-JsonProtocol.scala-439-439=114
org/apache/spark/status/api/v1/ShuffleReadMetrics.localBytesRead-api.scala-250-250=1040
org/apache/spark/graphx/Edge$.$lessinit$greater$default$3-Edge.scala-35-35=794
org/apache/spark/graphx/Edge.copy$default$2-Edge.scala-34-34=814
org/apache/spark/graphx/util/collection/GraphXPrimitiveKeyOpenHashMap$$anonfun$1.apply$mcVI$sp-GraphXPrimitiveKeyOpenHashMap.scala-146-147=6
org/apache/spark/rdd/MapPartitionsRDD.compute-MapPartitionsRDD.scala-52-52=29
org/apache/spark/rdd/RDDOperationScope$$anonfun$5.apply-RDDOperationScope.scala-137-137=30
org/apache/spark/rdd/RDD$$anonfun$doCheckpoint$1.apply$mcV$sp-RDD.scala-1801-1801=16
org/apache/spark/graphx/impl/ReplicatedVertexView$$anonfun$2$$anonfun$apply$1$$anonfun$apply$2.apply-ReplicatedVertexView.scala-73-73=193
org/apache/spark/rdd/RDD$$anonfun$getNarrowAncestors$1.apply-RDD.scala-335-335=312
org/apache/spark/graphx/util/collection/GraphXPrimitiveKeyOpenHashMap$mcJI$sp.changeValue$mcJI$sp-GraphXPrimitiveKeyOpenHashMap.scala-103-102=1659
org/apache/spark/rdd/RDD.org$apache$spark$rdd$RDD$$doCheckpointCalled_$eq-RDD.scala-1792-1792=13
org/apache/spark/rdd/RDDOperationScope.parent-RDDOperationScope.scala-48-48=82
org/apache/spark/rdd/RDD$$anon$1.next-RDD.scala-367-368=3
org/apache/spark/status/api/v1/JobData.jobId-api.scala-110-110=47
org/apache/spark/graphx/EdgeRDD$$anonfun$1.apply-EdgeRDD.scala-105-105=10
org/apache/spark/status/api/v1/TaskMetrics.jvmGcTime-api.scala-226-226=535
org/apache/spark/rdd/RDD.getDependencies-RDD.scala-132-132=1
org/apache/spark/rdd/ShuffledRDD.compute-ShuffledRDD.scala-103-105=7
org/apache/spark/rdd/RDDOperationScope$.$lessinit$greater$default$3-RDDOperationScope.scala-49-49=17
