org/apache/spark/rdd/RDD.doCheckpoint-RDD.scala-1800-1800=8
org/apache/spark/rdd/MapPartitionsRDD.partitioner-MapPartitionsRDD.scala-47-47=8
org/apache/spark/graphx/impl/ReplicatedVertexView.upgrade-ReplicatedVertexView.scala-62-61=1
org/apache/spark/rdd/ZippedPartitionsPartition$$anonfun$writeObject$1.apply-ZippedPartitionsRDD.scala-38-38=42
org/apache/spark/graphx/impl/VertexRDDImpl.getPreferredLocations-VertexRDDImpl.scala-40-40=10
org/apache/spark/rdd/RDD.getNumPartitions-RDD.scala-289-289=13
org/apache/spark/rdd/RDD.org$apache$spark$rdd$RDD$$partitions_-RDD.scala-242-242=954
org/apache/spark/rdd/RDD.org$apache$spark$rdd$RDD$$sc-RDD.scala-89-100=132
org/apache/spark/graphx/impl/VertexRDDImpl.persist-VertexRDDImpl.scala-27-27=1
org/apache/spark/rdd/RDD$.rddToPairRDDFunctions-RDD.scala-2016-2016=2
org/apache/spark/status/api/v1/InputMetrics.recordsRead-api.scala-238-238=110
org/apache/spark/rdd/ZippedPartitionsRDD2.f-ZippedPartitionsRDD.scala-81-81=4
org/apache/spark/graphx/impl/GraphImpl.triplets-GraphImpl.scala-46-46=1
org/apache/spark/status/api/v1/TaskMetrics.shuffleWriteMetrics-api.scala-234-234=272
org/apache/spark/status/api/v1/StageData.attemptId-api.scala-166-166=40
org/apache/spark/rdd/RDD$$anonfun$mapPartitionsWithIndex$1.apply-RDD.scala-871-871=1
org/apache/spark/rdd/RDD$.CHECKPOINT_ALL_MARKED_ANCESTORS-RDD.scala-2006-2006=18
org/apache/spark/rdd/ZippedPartitionsPartition$$anonfun$writeObject$1.apply$mcV$sp-ZippedPartitionsRDD.scala-40-41=44
org/apache/spark/graphx/impl/VertexRDDImpl.vdTag-VertexRDDImpl.scala-30-30=1
org/apache/spark/status/api/v1/ShuffleReadMetrics.remoteBytesReadToDisk-api.scala-249-249=52
org/apache/spark/rdd/RDD.getNarrowAncestors-RDD.scala-320-335=15
org/apache/spark/graphx/impl/EdgeRDDImpl$$anonfun$count$1.apply-EdgeRDDImpl.scala-90-90=11
org/apache/spark/graphx/impl/EdgeRDDImpl.getStorageLevel-EdgeRDDImpl.scala-74-74=12
org/apache/spark/status/api/v1/TaskMetrics.memoryBytesSpilled-api.scala-228-228=99
org/apache/spark/rdd/RDD.isCheckpointedAndMaterialized-RDD.scala-1677-1677=7
org/apache/spark/rdd/ZippedPartitionsRDD2.compute-ZippedPartitionsRDD.scala-88-89=2
org/apache/spark/rdd/ZippedPartitionsRDD2.getPartitions-ZippedPartitionsRDD.scala-55-57=2
org/apache/spark/rdd/RDD.isBarrier_-RDD.scala-1935-1935=6
org/apache/spark/graphx/Graph.persist$default$1-Graph.scala-90-90=1
org/apache/spark/rdd/RDD$$anonfun$mapPartitions$1.apply-RDD.scala-819-819=6
org/apache/spark/rdd/RDD.org$apache$spark$rdd$RDD$$doCheckpointCalled-RDD.scala-1792-1792=8
org/apache/spark/graphx/impl/GraphImpl$.apply-GraphImpl.scala-329-336=1
org/apache/spark/rdd/ZippedPartitionsPartition.org$apache$spark$rdd$ZippedPartitionsPartition$$rdds-ZippedPartitionsRDD.scala-29-29=37
org/apache/spark/status/api/v1/OutputMetrics.recordsWritten-api.scala-242-242=103
org/apache/spark/rdd/RDD.creationSite-RDD.scala-1734-1734=199
org/apache/spark/rdd/RDD$$anonfun$isBarrier_$2.apply-RDD.scala-1936-1936=12
org/apache/spark/rdd/RDD$$anonfun$6.apply-RDD.scala-325-325=378
org/apache/spark/rdd/RDD.log-RDD.scala-77-77=2
org/apache/spark/rdd/RDD.org$apache$spark$rdd$RDD$$dependencies_-RDD.scala-241-241=1617
org/apache/spark/graphx/impl/VertexRDDImpl.withTargetStorageLevel-VertexRDDImpl.scala-242-242=1
org/apache/spark/status/api/v1/TaskMetrics.executorCpuTime-api.scala-224-224=99
org/apache/spark/graphx/impl/EdgeRDDImpl.withPartitionsRDD-EdgeRDDImpl.scala-131-131=2
org/apache/spark/rdd/RDDOperationScope.toJson-RDDOperationScope.scala-52-52=66
org/apache/spark/graphx/impl/VertexRDDImpl$.$lessinit$greater$default$2-VertexRDDImpl.scala-29-29=1
org/apache/spark/rdd/RDD$$anonfun$isBarrier_$1.apply-RDD.scala-1936-1936=12
org/apache/spark/rdd/ZippedPartitionsBaseRDD$$anonfun$getPartitions$3$$anonfun$3.apply-ZippedPartitionsRDD.scala-63-63=40
org/apache/spark/status/api/v1/InputMetrics.bytesRead-api.scala-237-237=103
org/apache/spark/graphx/impl/ReplicatedVertexView.edges-ReplicatedVertexView.scala-34-34=7
org/apache/spark/rdd/RDD.getPreferredLocations-RDD.scala-137-137=60
org/apache/spark/status/api/v1/ExecutorSummary.hostPort-api.scala-78-78=205
org/apache/spark/rdd/RDD$$anonfun$zipPartitions$1.apply-RDD.scala-931-931=2
org/apache/spark/rdd/PairRDDFunctions.org$apache$spark$internal$Logging$$log__$eq-PairRDDFunctions.scala-49-49=2
org/apache/spark/rdd/RDD$$anonfun$doCheckpoint$1.apply-RDD.scala-1801-1801=8
org/apache/spark/rdd/ZippedPartitionsPartition$$anonfun$1.apply-ZippedPartitionsRDD.scala-34-34=80
org/apache/spark/graphx/impl/EdgeRDDImpl.partitionsRDD-EdgeRDDImpl.scala-28-28=33
org/apache/spark/rdd/MapPartitionsRDD$$anonfun$isBarrier_$1.apply-MapPartitionsRDD.scala-60-60=14
org/apache/spark/rdd/RDD.getOrCompute-RDD.scala-354-357=6
org/apache/spark/status/api/v1/ShuffleWriteMetrics.bytesWritten-api.scala-254-254=113
org/apache/spark/rdd/ZippedPartitionsBaseRDD$$anonfun$$lessinit$greater$1.apply-ZippedPartitionsRDD.scala-49-49=8
org/apache/spark/rdd/RDD.context-RDD.scala-1772-1772=20
org/apache/spark/graphx/Graph$.apply$default$5-Graph.scala-526-526=1
org/apache/spark/rdd/PairRDDFunctions$$anonfun$partitionBy$1.apply-PairRDDFunctions.scala-529-529=2
org/apache/spark/graphx/VertexRDD$.apply-VertexRDD.scala-317-317=1
org/apache/spark/rdd/RDD.firstParent-RDD.scala-1763-1763=13
org/apache/spark/rdd/RDDOperationScope$.withScope-RDDOperationScope.scala-134-155=21
org/apache/spark/rdd/RDD.persist-RDD.scala-189-189=4
org/apache/spark/rdd/RDD.org$apache$spark$rdd$RDD$$stateLock-RDD.scala-237-237=29
org/apache/spark/rdd/ShuffledRDD.getPartitions-ShuffledRDD.scala-93-93=2
org/apache/spark/rdd/RDDOperationScope.name-RDDOperationScope.scala-47-47=99
org/apache/spark/rdd/RDD$$anonfun$5.apply-RDD.scala-324-324=378
org/apache/spark/rdd/RDD.name-RDD.scala-153-153=195
org/apache/spark/rdd/PairRDDFunctions.partitionBy-PairRDDFunctions.scala-529-529=2
org/apache/spark/rdd/RDD$$anonfun$dependencies$2.apply-RDD.scala-252-252=802
org/apache/spark/rdd/ZippedPartitionsRDD2.rdd2-ZippedPartitionsRDD.scala-83-83=3
org/apache/spark/rdd/RDD.computeOrReadCheckpoint-RDD.scala-343-343=7
org/apache/spark/rdd/RDD.unpersist-RDD.scala-216-219=2
org/apache/spark/graphx/impl/ReplicatedVertexView$$anonfun$4.apply-ReplicatedVertexView.scala-113-113=5
org/apache/spark/rdd/RDD.org$apache$spark$internal$Logging$$log_-RDD.scala-77-77=4
org/apache/spark/graphx/impl/VertexRDDImpl.targetStorageLevel-VertexRDDImpl.scala-29-29=2
org/apache/spark/status/api/v1/RDDPartitionInfo.executors-api.scala-161-161=23
org/apache/spark/status/api/v1/TaskMetrics.outputMetrics-api.scala-232-232=204
org/apache/spark/rdd/RDD$$anonfun$37.apply-RDD.scala-1744-1744=22
org/apache/spark/util/JsonProtocol$$anonfun$rddInfoToJson$8.apply-JsonProtocol.scala-445-445=98
org/apache/spark/graphx/impl/VertexRDDImpl.cache-VertexRDDImpl.scala-27-27=1
org/apache/spark/graphx/util/collection/GraphXPrimitiveKeyOpenHashMap$mcJI$sp._values$mcI$sp-GraphXPrimitiveKeyOpenHashMap.scala--1--1=215
org/apache/spark/graphx/VertexRDD.getPartitions-VertexRDD.scala-63-63=1
org/apache/spark/rdd/ZippedPartitionsPartition$$anonfun$writeObject$1.org$apache$spark$rdd$ZippedPartitionsPartition$$anonfun$$$outer-ZippedPartitionsRDD.scala-38-38=74
org/apache/spark/rdd/RDDOperationScope$.withScope$default$2-RDDOperationScope.scala-101-101=12
org/apache/spark/rdd/RDD.preferredLocations-RDD.scala-296-296=80
org/apache/spark/rdd/RDDOperationScope$$anonfun$3.apply-RDDOperationScope.scala-106-106=24
org/apache/spark/graphx/impl/VertexAttributeBlock.iterator-ShippableVertexPartition.scala-31-31=48
org/apache/spark/rdd/ZippedPartitionsBaseRDD.getPartitions-ZippedPartitionsRDD.scala-55-57=2
org/apache/spark/rdd/RDD.org$apache$spark$rdd$RDD$$dependencies__$eq-RDD.scala-241-241=13
org/apache/spark/graphx/Graph$.apply$default$4-Graph.scala-525-525=1
org/apache/spark/rdd/ShuffledRDD.getPreferredLocations-ShuffledRDD.scala-97-99=10
org/apache/spark/graphx/impl/VertexRDDImpl.getStorageLevel-VertexRDDImpl.scala-74-74=2
org/apache/spark/rdd/ShuffledRDD$$anonfun$1.apply-ShuffledRDD.scala-79-79=2
org/apache/spark/util/JsonProtocol$$anonfun$rddInfoToJson$1.apply-JsonProtocol.scala-437-437=101
org/apache/spark/graphx/impl/VertexRDDImpl.unpersist-VertexRDDImpl.scala-27-27=1
org/apache/spark/rdd/ZippedPartitionsBaseRDD$$anonfun$getPartitions$3.apply-ZippedPartitionsRDD.scala-60-60=20
org/apache/spark/status/api/v1/TaskMetrics.resultSerializationTime-api.scala-227-227=57
org/apache/spark/rdd/RDD.getStorageLevel-RDD.scala-223-223=201
org/apache/spark/graphx/EdgeRDD$.fromEdges-EdgeRDD.scala-105-112=1
org/apache/spark/rdd/RDD$$anonfun$doCheckpoint$1$$anonfun$apply$mcV$sp$2.apply-RDD.scala-1813-1813=14
org/apache/spark/rdd/RDDOperationScope$$anonfun$1.apply-RDDOperationScope.scala-104-104=48
org/apache/spark/rdd/ShuffledRDD$$anonfun$getPartitions$1.apply-ShuffledRDD.scala-93-93=40
org/apache/spark/rdd/RDD.sparkContext-RDD.scala-147-147=3
org/apache/spark/util/JsonProtocol$$anonfun$rddInfoToJson$3.apply-JsonProtocol.scala-439-439=94
org/apache/spark/rdd/RDDOperationScope$.nextScopeId-RDDOperationScope.scala-90-90=19
org/apache/spark/rdd/RDD.checkpointData-RDD.scala-1751-1751=1364
org/apache/spark/graphx/impl/EdgePartition.updateVertices-EdgePartition.scala-87-93=3
org/apache/spark/status/api/v1/TaskMetrics.executorDeserializeTime-api.scala-221-221=50
org/apache/spark/rdd/ZippedPartitionsBaseRDD.rdds-ZippedPartitionsRDD.scala-47-47=44
org/apache/spark/rdd/ZippedPartitionsPartition.partitionValues-ZippedPartitionsRDD.scala-34-34=2
org/apache/spark/rdd/RDD.org$apache$spark$internal$Logging$$log__$eq-RDD.scala-77-77=20
org/apache/spark/graphx/impl/VertexRDDImpl.mapValues-VertexRDDImpl.scala-101-101=1
org/apache/spark/rdd/RDD$$anonfun$zipPartitions$2.apply-RDD.scala-937-937=1
org/apache/spark/graphx/impl/EdgeRDDImpl$$anonfun$count$1.apply$mcJJJ$sp-EdgeRDDImpl.scala-90-90=5
org/apache/spark/graphx/lib/SVDPlusPlus$.run-SVDPlusPlus.scala-60-75=1
org/apache/spark/rdd/RDDOperationScope$.fromJson-RDDOperationScope.scala-86-86=20
org/apache/spark/rdd/RDD.partitions-RDD.scala-269-269=463
org/apache/spark/status/api/v1/ExecutorSummary.id-api.scala-77-77=203
org/apache/spark/rdd/RDD$$anonfun$7.apply-RDD.scala-357-357=1
org/apache/spark/graphx/impl/ReplicatedVertexView.hasDstId-ReplicatedVertexView.scala-36-36=1
org/apache/spark/graphx/EdgeRDD$.fromEdgePartitions-EdgeRDD.scala-123-123=1
org/apache/spark/graphx/impl/ReplicatedVertexView$$anonfun$4$$anonfun$apply$5$$anonfun$apply$6.apply-ReplicatedVertexView.scala-115-115=110
org/apache/spark/graphx/impl/ReplicatedVertexView$$anonfun$4$$anonfun$apply$5.apply-ReplicatedVertexView.scala-113-113=7
org/apache/spark/graphx/impl/VertexRDDImpl.withPartitionsRDD-VertexRDDImpl.scala-237-237=1
org/apache/spark/status/api/v1/RDDStorageInfo.id-api.scala-132-132=723
org/apache/spark/rdd/RDD$$anonfun$org$apache$spark$rdd$RDD$$visit$1$1.apply-RDD.scala-327-328=171
org/apache/spark/graphx/util/collection/GraphXPrimitiveKeyOpenHashMap$mcJI$sp.keySet$mcJ$sp-GraphXPrimitiveKeyOpenHashMap.scala--1--1=230
org/apache/spark/rdd/MapPartitionsRDD$.$lessinit$greater$default$5-MapPartitionsRDD.scala-44-44=7
org/apache/spark/status/api/v1/OutputMetrics.bytesWritten-api.scala-241-241=100
org/apache/spark/graphx/impl/GraphImpl.unpersist$default$1-GraphImpl.scala-81-81=1
org/apache/spark/graphx/lib/SVDPlusPlus$.org$apache$spark$graphx$lib$SVDPlusPlus$$materialize-SVDPlusPlus.scala-209-210=1
org/apache/spark/rdd/ZippedPartitionsBaseRDD.partitioner-ZippedPartitionsRDD.scala-51-51=6
org/apache/spark/status/api/v1/TaskMetrics.resultSize-api.scala-225-225=50
org/apache/spark/graphx/impl/VertexRDDImpl.partitionsRDD-VertexRDDImpl.scala-28-28=27
org/apache/spark/rdd/ZippedPartitionsRDD2.rdd1-ZippedPartitionsRDD.scala-82-82=4
org/apache/spark/graphx/impl/GraphImpl.vertices-GraphImpl.scala-36-36=4
org/apache/spark/graphx/util/collection/GraphXPrimitiveKeyOpenHashMap$mcJI$sp.apply$mcJI$sp-GraphXPrimitiveKeyOpenHashMap.scala-63-64=213
org/apache/spark/graphx/impl/ReplicatedVertexView$.$lessinit$greater$default$2-ReplicatedVertexView.scala-35-35=1
org/apache/spark/rdd/ShuffledRDD.isBarrier-ShuffledRDD.scala-114-114=2
org/apache/spark/rdd/ZippedPartitionsPartition.index-ZippedPartitionsRDD.scala-33-33=148
org/apache/spark/rdd/RDD.mapPartitionsWithIndex-RDD.scala-871-871=1
org/apache/spark/status/api/v1/ShuffleReadMetrics.localBlocksFetched-api.scala-246-246=50
org/apache/spark/graphx/impl/GraphImpl.unpersistVertices-GraphImpl.scala-88-90=1
org/apache/spark/rdd/RDDOperationScope$$anonfun$2.apply-RDDOperationScope.scala-105-105=72
org/apache/spark/graphx/Graph$.apply$default$3-Graph.scala-524-524=1
org/apache/spark/rdd/RDD.id-RDD.scala-150-150=624
org/apache/spark/rdd/RDD.scope-RDD.scala-1743-1743=186
org/apache/spark/util/JsonProtocol$$anonfun$rddInfoToJson$5.apply-JsonProtocol.scala-440-440=104
org/apache/spark/status/api/v1/ShuffleWriteMetrics.writeTime-api.scala-255-255=53
org/apache/spark/status/api/v1/TaskMetrics.peakExecutionMemory-api.scala-230-230=58
org/apache/spark/rdd/MapPartitionsRDD$.$lessinit$greater$default$4-MapPartitionsRDD.scala-43-43=7
org/apache/spark/rdd/RDD.zipPartitions-RDD.scala-936-936=1
org/apache/spark/rdd/ZippedPartitionsBaseRDD$$anonfun$getPartitions$1.apply-ZippedPartitionsRDD.scala-56-56=8
org/apache/spark/status/api/v1/StageData.stageId-api.scala-165-165=38
org/apache/spark/rdd/ShuffledRDD.getDependencies-ShuffledRDD.scala-79-87=2
org/apache/spark/rdd/RDD.elementClassTag-RDD.scala-1749-1749=24
org/apache/spark/graphx/impl/VertexAttributeBlock.attrs-ShippableVertexPartition.scala-28-28=225
org/apache/spark/graphx/impl/VertexAttributeBlock$$anonfun$iterator$1.apply-ShippableVertexPartition.scala-31-31=465
org/apache/spark/rdd/RDD$$anonfun$partitions$2$$anonfun$apply$3.apply-RDD.scala-274-274=320
org/apache/spark/graphx/util/collection/GraphXPrimitiveKeyOpenHashMap$mcJI$sp.keySet-GraphXPrimitiveKeyOpenHashMap.scala-34-34=215
org/apache/spark/rdd/RDD.withScope-RDD.scala-385-385=13
org/apache/spark/graphx/VertexRDD$.apply-VertexRDD.scala-299-299=1
org/apache/spark/rdd/RDD$$anonfun$persist$1.apply-RDD.scala-176-176=4
org/apache/spark/status/api/v1/ShuffleReadMetrics.recordsRead-api.scala-251-251=108
org/apache/spark/rdd/ZippedPartitionsBaseRDD$$anonfun$getPartitions$3$$anonfun$2.apply-ZippedPartitionsRDD.scala-61-61=80
org/apache/spark/rdd/RDD$$anonfun$org$apache$spark$rdd$RDD$$visit$1$1.apply-RDD.scala-326-326=171
org/apache/spark/graphx/impl/GraphImpl.replicatedVertexView-GraphImpl.scala-37-37=4
org/apache/spark/rdd/ZippedPartitionsPartition.partitionValues_$eq-ZippedPartitionsRDD.scala-34-34=35
org/apache/spark/rdd/ShuffledRDD.partitioner-ShuffledRDD.scala-41-41=1
org/apache/spark/rdd/RDD$$anonfun$preferredLocations$2.apply-RDD.scala-297-297=80
org/apache/spark/graphx/impl/EdgeRDDImpl.partitioner-EdgeRDDImpl.scala-47-47=1
org/apache/spark/rdd/RDD.org$apache$spark$rdd$RDD$$visit$1-RDD.scala-323-326=186
org/apache/spark/rdd/ZippedPartitionsBaseRDD$$anonfun$getPartitions$3.apply-ZippedPartitionsRDD.scala-61-65=20
org/apache/spark/rdd/RDD.isBarrier-RDD.scala-1931-1931=63
org/apache/spark/rdd/ZippedPartitionsPartition$$anonfun$writeObject$1$$anonfun$apply$mcV$sp$1.apply-ZippedPartitionsRDD.scala-40-40=143
org/apache/spark/rdd/RDD$$anonfun$fold$1$$anonfun$22.apply-RDD.scala-1141-1141=6
org/apache/spark/graphx/impl/EdgeRDDImpl.count-EdgeRDDImpl.scala-90-90=1
org/apache/spark/graphx/impl/EdgeRDDImpl$$anonfun$count$2.apply-EdgeRDDImpl.scala-90-90=5
org/apache/spark/rdd/RDD.iterator-RDD.scala-307-307=11
org/apache/spark/rdd/ZippedPartitionsPartition.partitions-ZippedPartitionsRDD.scala-35-35=4
org/apache/spark/graphx/impl/VertexAttributeBlock.vids-ShippableVertexPartition.scala-28-28=280
org/apache/spark/graphx/impl/VertexRDDImpl.partitioner-VertexRDDImpl.scala-37-37=3
org/apache/spark/graphx/VertexRDD$.createRoutingTables-VertexRDD.scala-356-361=1
org/apache/spark/util/JsonProtocol$$anonfun$rddInfoToJson$7.apply-JsonProtocol.scala-444-444=101
org/apache/spark/rdd/RDDOperationScope$.$lessinit$greater$default$2-RDDOperationScope.scala-48-48=8
org/apache/spark/rdd/RDDOperationScope$$anonfun$getAllScopes$2.apply-RDDOperationScope.scala-61-61=33
org/apache/spark/rdd/RDD.fold-RDD.scala-1137-1137=1
org/apache/spark/rdd/RDDOperationScope.getAllScopes-RDDOperationScope.scala-61-61=32
org/apache/spark/rdd/ShuffledRDD.prev-ShuffledRDD.scala-42-42=2
org/apache/spark/util/JsonProtocol$$anonfun$rddInfoToJson$2.apply-JsonProtocol.scala-437-437=101
org/apache/spark/rdd/MapPartitionsRDD.getPartitions-MapPartitionsRDD.scala-49-49=7
org/apache/spark/status/api/v1/ShuffleReadMetrics.remoteBytesRead-api.scala-248-248=107
org/apache/spark/rdd/InputFileBlockHolder$.unset-InputFileBlockHolder.scala-86-86=5
org/apache/spark/rdd/RDD$$anonfun$fold$1$$anonfun$23.apply-RDD.scala-1142-1142=9
org/apache/spark/status/api/v1/TaskMetrics.executorRunTime-api.scala-223-223=95
org/apache/spark/status/api/v1/TaskMetrics.inputMetrics-api.scala-231-231=217
org/apache/spark/graphx/impl/ReplicatedVertexView.hasDstId_$eq-ReplicatedVertexView.scala-36-36=1
org/apache/spark/util/JsonProtocol$$anonfun$rddInfoToJson$6.apply-JsonProtocol.scala-443-443=102
org/apache/spark/rdd/ShuffledRDDPartition.index-ShuffledRDD.scala-27-27=42
org/apache/spark/graphx/impl/GraphImpl.edges-GraphImpl.scala-35-35=1
org/apache/spark/graphx/impl/GraphImpl$.fromExistingRDDs-GraphImpl.scala-347-347=1
org/apache/spark/status/api/v1/RDDPartitionInfo.diskUsed-api.scala-160-160=3
org/apache/spark/rdd/RDD.org$apache$spark$rdd$RDD$$partitions__$eq-RDD.scala-242-242=16
org/apache/spark/graphx/impl/ReplicatedVertexView.hasSrcId-ReplicatedVertexView.scala-35-35=1
org/apache/spark/rdd/RDD.isLocallyCheckpointed-RDD.scala-1684-1684=4
org/apache/spark/graphx/impl/VertexRDDImpl.mapVertexPartitions-VertexRDDImpl.scala-96-97=1
org/apache/spark/graphx/impl/EdgePartition.size-EdgePartition.scala-314-314=2
org/apache/spark/status/api/v1/TaskMetrics.executorDeserializeCpuTime-api.scala-222-222=43
org/apache/spark/rdd/RDD.dependencies-RDD.scala-252-252=802
org/apache/spark/rdd/PairRDDFunctions.keyClass-PairRDDFunctions.scala-1111-1111=2
org/apache/spark/status/api/v1/ShuffleReadMetrics.fetchWaitTime-api.scala-247-247=57
org/apache/spark/rdd/RDD.logName-RDD.scala-77-77=2
org/apache/spark/rdd/MapPartitionsRDD.isBarrier_-MapPartitionsRDD.scala-60-60=57
org/apache/spark/rdd/ZippedPartitionsRDD2.partitioner-ZippedPartitionsRDD.scala-51-51=6
org/apache/spark/graphx/impl/EdgeRDDImpl.targetStorageLevel-EdgeRDDImpl.scala-29-29=3
org/apache/spark/rdd/RDD.mapPartitions$default$2-RDD.scala-819-819=3
org/apache/spark/rdd/RDD.zipPartitions-RDD.scala-930-930=2
org/apache/spark/rdd/RDD$$anonfun$map$1$$anonfun$apply$5.apply-RDD.scala-394-394=5
org/apache/spark/graphx/impl/GraphImpl.persist-GraphImpl.scala-54-56=1
org/apache/spark/status/api/v1/TaskMetrics.shuffleReadMetrics-api.scala-233-233=520
org/apache/spark/status/api/v1/RDDPartitionInfo.memoryUsed-api.scala-159-159=3
org/apache/spark/rdd/RDD$$anonfun$fold$1.apply-RDD.scala-1139-1144=1
org/apache/spark/status/api/v1/ShuffleReadMetrics.remoteBlocksFetched-api.scala-245-245=47
org/apache/spark/graphx/impl/GraphImpl$.apply-GraphImpl.scala-313-317=1
org/apache/spark/graphx/EdgeRDD.getPartitions-EdgeRDD.scala-47-47=4
org/apache/spark/status/api/v1/ShuffleWriteMetrics.recordsWritten-api.scala-256-256=99
org/apache/spark/rdd/ShuffledRDD.org$apache$spark$rdd$ShuffledRDD$$mapSideCombine-ShuffledRDD.scala-52-52=4
org/apache/spark/status/api/v1/TaskMetrics.diskBytesSpilled-api.scala-229-229=101
org/apache/spark/rdd/ZippedPartitionsRDD2.rdds-ZippedPartitionsRDD.scala-47-47=44
org/apache/spark/rdd/RDD.mapPartitions-RDD.scala-819-819=6
org/apache/spark/rdd/RDD$$anonfun$partitions$2.apply-RDD.scala-269-269=463
org/apache/spark/rdd/RDDOperationScope.id-RDDOperationScope.scala-49-49=99
org/apache/spark/rdd/RDD$$anonfun$4.apply-RDD.scala-323-323=488
org/apache/spark/util/JsonProtocol$$anonfun$rddInfoToJson$4$$anonfun$apply$19.apply-JsonProtocol.scala-439-439=98
org/apache/spark/rdd/InputFileBlockHolder$$anon$1.initialValue-InputFileBlockHolder.scala-53-53=2
org/apache/spark/rdd/RDD.name_$eq-RDD.scala-153-153=9
org/apache/spark/rdd/RDDOperationScope$.org$apache$spark$rdd$RDDOperationScope$$jsonMapper-RDDOperationScope.scala-82-82=86
org/apache/spark/graphx/impl/EdgeRDDImpl$$anonfun$1.apply-EdgeRDDImpl.scala-48-48=4
org/apache/spark/rdd/RDDOperationScope$.withScope-RDDOperationScope.scala-102-112=13
org/apache/spark/util/JsonProtocol$$anonfun$rddInfoToJson$9.apply-JsonProtocol.scala-446-446=98
org/apache/spark/graphx/impl/ReplicatedVertexView.hasSrcId_$eq-ReplicatedVertexView.scala-35-35=1
org/apache/spark/util/JsonProtocol$$anonfun$rddInfoToJson$4.apply-JsonProtocol.scala-439-439=106
org/apache/spark/status/api/v1/ShuffleReadMetrics.localBytesRead-api.scala-250-250=112
org/apache/spark/graphx/impl/GraphImpl.unpersist-GraphImpl.scala-82-84=1
org/apache/spark/rdd/MapPartitionsRDD.compute-MapPartitionsRDD.scala-52-52=3
org/apache/spark/rdd/RDDOperationScope$$anonfun$5.apply-RDDOperationScope.scala-137-137=18
org/apache/spark/rdd/RDD$$anonfun$doCheckpoint$1.apply$mcV$sp-RDD.scala-1801-1801=8
org/apache/spark/graphx/impl/EdgeRDDImpl.mapEdgePartitions-EdgeRDDImpl.scala-119-119=1
org/apache/spark/rdd/RDD$$anonfun$getNarrowAncestors$1.apply-RDD.scala-335-335=342
org/apache/spark/rdd/RDD.logInfo-RDD.scala-77-77=2
org/apache/spark/rdd/RDD.org$apache$spark$rdd$RDD$$doCheckpointCalled_$eq-RDD.scala-1792-1792=5
org/apache/spark/rdd/RDD.setName-RDD.scala-157-158=9
org/apache/spark/rdd/RDDOperationScope.parent-RDDOperationScope.scala-48-48=97
org/apache/spark/rdd/RDD$$anon$1.next-RDD.scala-367-368=1
org/apache/spark/rdd/RDD.initializeLogIfNecessary-RDD.scala-77-77=4
org/apache/spark/graphx/impl/EdgeRDDImpl$.$lessinit$greater$default$2-EdgeRDDImpl.scala-29-29=1
org/apache/spark/status/api/v1/JobData.jobId-api.scala-110-110=11
org/apache/spark/graphx/Graph$.apply-Graph.scala-527-527=1
org/apache/spark/graphx/impl/ReplicatedVertexView.edges_$eq-ReplicatedVertexView.scala-34-34=1
org/apache/spark/status/api/v1/TaskMetrics.jvmGcTime-api.scala-226-226=48
org/apache/spark/graphx/impl/ReplicatedVertexView$.$lessinit$greater$default$3-ReplicatedVertexView.scala-36-36=1
org/apache/spark/rdd/RDD.mapPartitionsWithIndex$default$2-RDD.scala-871-871=1
org/apache/spark/graphx/impl/VertexRDDImpl.shipVertexAttributes-VertexRDDImpl.scala-247-247=1
org/apache/spark/rdd/RDD.getDependencies-RDD.scala-132-132=11
org/apache/spark/rdd/ShuffledRDD.compute-ShuffledRDD.scala-103-105=3
org/apache/spark/rdd/RDDOperationScope$.$lessinit$greater$default$3-RDDOperationScope.scala-49-49=19
