org/apache/spark/rdd/RDD.doCheckpoint-RDD.scala-1800-1800=8
org/apache/spark/rdd/MapPartitionsRDD.partitioner-MapPartitionsRDD.scala-47-47=8
org/apache/spark/graphx/impl/EdgePartition$$anon$1.map-EdgePartition.scala-327-327=9
org/apache/spark/graphx/impl/EdgeRDDImpl.compute-EdgeRDDImpl.scala-50-49=9
org/apache/spark/graphx/util/collection/GraphXPrimitiveKeyOpenHashMap$mcJI$sp._oldValues_$eq-GraphXPrimitiveKeyOpenHashMap.scala-57-57=311
org/apache/spark/graphx/Edge$$anon$2.copyRange-Edge.scala-91-91=483
org/apache/spark/graphx/util/collection/GraphXPrimitiveKeyOpenHashMap.grow-GraphXPrimitiveKeyOpenHashMap.scala-145-145=751
org/apache/spark/rdd/RDD.getNumPartitions-RDD.scala-289-289=2
org/apache/spark/graphx/impl/EdgePartition.iterator-EdgePartition.scala-327-327=9
org/apache/spark/rdd/RDD.org$apache$spark$rdd$RDD$$partitions_-RDD.scala-242-242=158
org/apache/spark/rdd/RDD.org$apache$spark$rdd$RDD$$sc-RDD.scala-89-100=80
org/apache/spark/graphx/Edge.srcId_$eq-Edge.scala-33-33=833
org/apache/spark/rdd/RDD$.rddToPairRDDFunctions-RDD.scala-2016-2016=1
org/apache/spark/graphx/EdgeRDD.compute-EdgeRDD.scala-50-49=9
org/apache/spark/status/api/v1/InputMetrics.recordsRead-api.scala-238-238=176
org/apache/spark/graphx/impl/EdgePartitionBuilder$$anonfun$toEdgePartition$2.apply$mcII$sp-EdgePartitionBuilder.scala-59-59=728
org/apache/spark/graphx/lib/SVDPlusPlus$$anonfun$4.apply-SVDPlusPlus.scala-75-75=1674
org/apache/spark/status/api/v1/TaskMetrics.shuffleWriteMetrics-api.scala-234-234=469
org/apache/spark/status/api/v1/StageData.attemptId-api.scala-166-166=19
org/apache/spark/rdd/RDD$$anonfun$mapPartitionsWithIndex$1.apply-RDD.scala-871-871=1
org/apache/spark/graphx/impl/GraphImpl$$anonfun$4.apply-GraphImpl.scala-107-107=9
org/apache/spark/rdd/RDD$.CHECKPOINT_ALL_MARKED_ANCESTORS-RDD.scala-2006-2006=10
org/apache/spark/graphx/impl/VertexRDDImpl.vdTag-VertexRDDImpl.scala-30-30=1
org/apache/spark/status/api/v1/ShuffleReadMetrics.remoteBytesReadToDisk-api.scala-249-249=143
org/apache/spark/rdd/RDD.getNarrowAncestors-RDD.scala-320-335=4
org/apache/spark/graphx/impl/EdgeRDDImpl.getStorageLevel-EdgeRDDImpl.scala-74-74=3
org/apache/spark/graphx/Edge.attr-Edge.scala-35-35=2534
org/apache/spark/status/api/v1/TaskMetrics.memoryBytesSpilled-api.scala-228-228=168
org/apache/spark/rdd/RDD.isCheckpointedAndMaterialized-RDD.scala-1677-1677=27
org/apache/spark/rdd/RDD$$anonfun$mapPartitions$1.apply-RDD.scala-819-819=3
org/apache/spark/rdd/RDD.org$apache$spark$rdd$RDD$$doCheckpointCalled-RDD.scala-1792-1792=8
org/apache/spark/graphx/impl/GraphImpl$.apply-GraphImpl.scala-289-289=1
org/apache/spark/status/api/v1/OutputMetrics.recordsWritten-api.scala-242-242=182
org/apache/spark/rdd/RDD.creationSite-RDD.scala-1734-1734=23
org/apache/spark/rdd/RDD$$anonfun$6.apply-RDD.scala-325-325=34
org/apache/spark/rdd/RDD.org$apache$spark$rdd$RDD$$dependencies_-RDD.scala-241-241=288
org/apache/spark/graphx/impl/VertexRDDImpl.withTargetStorageLevel-VertexRDDImpl.scala-242-242=1
org/apache/spark/graphx/Graph$.fromEdges$default$3-Graph.scala-501-501=1
org/apache/spark/rdd/MapPartitionsRDD$.$lessinit$greater$default$3-MapPartitionsRDD.scala-42-42=1
org/apache/spark/status/api/v1/TaskMetrics.executorCpuTime-api.scala-224-224=165
org/apache/spark/rdd/RDDOperationScope.toJson-RDDOperationScope.scala-52-52=29
org/apache/spark/graphx/impl/VertexRDDImpl$.$lessinit$greater$default$2-VertexRDDImpl.scala-29-29=1
org/apache/spark/graphx/impl/EdgePartition$$anon$1.next-EdgePartition.scala-327-327=833
org/apache/spark/graphx/impl/GraphImpl$$anonfun$4$$anonfun$apply$2.apply-GraphImpl.scala-109-109=643
org/apache/spark/status/api/v1/InputMetrics.bytesRead-api.scala-237-237=180
org/apache/spark/graphx/impl/ReplicatedVertexView.edges-ReplicatedVertexView.scala-34-34=2
org/apache/spark/rdd/RDD.getPreferredLocations-RDD.scala-137-137=20
org/apache/spark/status/api/v1/ExecutorSummary.hostPort-api.scala-78-78=103
org/apache/spark/graphx/Edge$$anon$1.compare-Edge.scala-60-60=3672
org/apache/spark/rdd/PairRDDFunctions.org$apache$spark$internal$Logging$$log__$eq-PairRDDFunctions.scala-49-49=1
org/apache/spark/rdd/RDD$$anonfun$doCheckpoint$1.apply-RDD.scala-1801-1801=8
org/apache/spark/graphx/impl/EdgeRDDImpl.partitionsRDD-EdgeRDDImpl.scala-28-28=14
org/apache/spark/rdd/MapPartitionsRDD$$anonfun$isBarrier_$1.apply-MapPartitionsRDD.scala-60-60=10
org/apache/spark/rdd/RDD.getOrCompute-RDD.scala-354-357=15
org/apache/spark/status/api/v1/ShuffleWriteMetrics.bytesWritten-api.scala-254-254=163
org/apache/spark/rdd/RDD.context-RDD.scala-1772-1772=12
org/apache/spark/graphx/Edge.copy-Edge.scala-32-32=829
org/apache/spark/rdd/PairRDDFunctions$$anonfun$partitionBy$1.apply-PairRDDFunctions.scala-529-529=1
org/apache/spark/rdd/RDD.firstParent-RDD.scala-1763-1763=28
org/apache/spark/graphx/Edge$$anon$2.getKey-Edge.scala-71-71=5714
org/apache/spark/graphx/impl/GraphImpl$$anonfun$4.apply-GraphImpl.scala-108-114=9
org/apache/spark/rdd/RDDOperationScope$.withScope-RDDOperationScope.scala-134-155=15
org/apache/spark/rdd/RDD.persist-RDD.scala-189-189=3
org/apache/spark/rdd/RDD.org$apache$spark$rdd$RDD$$stateLock-RDD.scala-237-237=14
org/apache/spark/rdd/ShuffledRDD.getPartitions-ShuffledRDD.scala-93-93=1
org/apache/spark/rdd/RDDOperationScope.name-RDDOperationScope.scala-47-47=43
org/apache/spark/rdd/RDD$$anonfun$5.apply-RDD.scala-324-324=34
org/apache/spark/rdd/RDD.name-RDD.scala-153-153=27
org/apache/spark/rdd/RDD$$anonfun$mapPartitionsWithIndex$1$$anonfun$apply$25.apply-RDD.scala-875-875=20
org/apache/spark/rdd/PairRDDFunctions.partitionBy-PairRDDFunctions.scala-529-529=1
org/apache/spark/rdd/RDD$$anonfun$dependencies$2.apply-RDD.scala-252-252=139
org/apache/spark/rdd/RDD.computeOrReadCheckpoint-RDD.scala-343-343=39
org/apache/spark/graphx/impl/VertexRDDImpl.targetStorageLevel-VertexRDDImpl.scala-29-29=1
org/apache/spark/graphx/util/collection/GraphXPrimitiveKeyOpenHashMap$mcJI$sp._oldValues$mcI$sp-GraphXPrimitiveKeyOpenHashMap.scala--1--1=270
org/apache/spark/status/api/v1/RDDPartitionInfo.executors-api.scala-161-161=6
org/apache/spark/status/api/v1/TaskMetrics.outputMetrics-api.scala-232-232=353
org/apache/spark/rdd/RDD.map-RDD.scala-392-392=1
org/apache/spark/rdd/RDD$$anonfun$37.apply-RDD.scala-1744-1744=12
org/apache/spark/graphx/util/collection/GraphXPrimitiveKeyOpenHashMap$$anonfun$2.apply$mcVII$sp-GraphXPrimitiveKeyOpenHashMap.scala-151-151=270
org/apache/spark/graphx/Edge$.$lessinit$greater$default$2-Edge.scala-34-34=9
org/apache/spark/util/JsonProtocol$$anonfun$rddInfoToJson$8.apply-JsonProtocol.scala-445-445=32
org/apache/spark/graphx/impl/VertexRDDImpl.cache-VertexRDDImpl.scala-27-27=1
org/apache/spark/graphx/util/collection/GraphXPrimitiveKeyOpenHashMap$mcJI$sp._values$mcI$sp-GraphXPrimitiveKeyOpenHashMap.scala--1--1=4876
org/apache/spark/graphx/impl/EdgePartitionBuilder$$anonfun$toEdgePartition$4.apply$mcII$sp-EdgePartitionBuilder.scala-61-61=556
org/apache/spark/rdd/RDDOperationScope$.withScope$default$2-RDDOperationScope.scala-101-101=7
org/apache/spark/rdd/RDD.preferredLocations-RDD.scala-296-296=20
org/apache/spark/rdd/RDDOperationScope$$anonfun$3.apply-RDDOperationScope.scala-106-106=14
org/apache/spark/graphx/lib/SVDPlusPlus$$anonfun$2.apply$mcD$sp-SVDPlusPlus.scala-69-69=50
org/apache/spark/rdd/RDD.org$apache$spark$rdd$RDD$$dependencies__$eq-RDD.scala-241-241=6
org/apache/spark/graphx/impl/GraphImpl$$anonfun$4$$anonfun$apply$2.apply-GraphImpl.scala-110-111=646
org/apache/spark/rdd/ShuffledRDD$$anonfun$1.apply-ShuffledRDD.scala-79-79=1
org/apache/spark/graphx/impl/EdgePartition$$anon$1.hasNext-EdgePartition.scala-331-331=846
org/apache/spark/graphx/lib/SVDPlusPlus$$anonfun$1.apply-SVDPlusPlus.scala-68-68=50
org/apache/spark/util/JsonProtocol$$anonfun$rddInfoToJson$1.apply-JsonProtocol.scala-437-437=34
org/apache/spark/graphx/Edge$$anon$2.allocate-Edge.scala-71-71=43
org/apache/spark/graphx/util/collection/GraphXPrimitiveKeyOpenHashMap$mcJI$sp._values_$eq-GraphXPrimitiveKeyOpenHashMap.scala-32-32=6
org/apache/spark/status/api/v1/TaskMetrics.resultSerializationTime-api.scala-227-227=138
org/apache/spark/rdd/RDD.getStorageLevel-RDD.scala-223-223=28
org/apache/spark/graphx/EdgeRDD$.fromEdges-EdgeRDD.scala-105-112=1
org/apache/spark/rdd/RDD$$anonfun$doCheckpoint$1$$anonfun$apply$mcV$sp$2.apply-RDD.scala-1813-1813=14
org/apache/spark/rdd/RDDOperationScope$$anonfun$1.apply-RDDOperationScope.scala-104-104=28
org/apache/spark/graphx/Edge.copy$default$1-Edge.scala-33-33=833
org/apache/spark/rdd/ShuffledRDD$$anonfun$getPartitions$1.apply-ShuffledRDD.scala-93-93=20
org/apache/spark/rdd/RDD.sparkContext-RDD.scala-147-147=2
org/apache/spark/graphx/EdgeRDD$$anonfun$compute$1.apply-EdgeRDD.scala-52-52=1662
org/apache/spark/rdd/InputFileBlockHolder$.initialize-InputFileBlockHolder.scala-92-92=2
org/apache/spark/graphx/impl/EdgePartitionBuilder$$anonfun$toEdgePartition$1.apply$mcI$sp-EdgePartitionBuilder.scala-59-59=138
org/apache/spark/graphx/util/collection/GraphXPrimitiveKeyOpenHashMap$mcJI$sp.update$mcJI$sp-GraphXPrimitiveKeyOpenHashMap.scala-75-78=305
org/apache/spark/util/JsonProtocol$$anonfun$rddInfoToJson$3.apply-JsonProtocol.scala-439-439=28
org/apache/spark/rdd/RDDOperationScope$.nextScopeId-RDDOperationScope.scala-90-90=15
org/apache/spark/rdd/RDD.checkpointData-RDD.scala-1751-1751=269
org/apache/spark/status/api/v1/TaskMetrics.executorDeserializeTime-api.scala-221-221=162
org/apache/spark/rdd/RDD.org$apache$spark$internal$Logging$$log__$eq-RDD.scala-77-77=10
org/apache/spark/graphx/lib/SVDPlusPlus$$anonfun$1.apply$mcD$sp-SVDPlusPlus.scala-68-68=50
org/apache/spark/graphx/impl/EdgePartitionBuilder$$anonfun$toEdgePartition$3.apply$mcI$sp-EdgePartitionBuilder.scala-61-61=308
org/apache/spark/graphx/util/collection/GraphXPrimitiveKeyOpenHashMap$mcJI$sp._values-GraphXPrimitiveKeyOpenHashMap.scala-32-32=276
org/apache/spark/graphx/Edge.copy$default$3-Edge.scala-35-35=830
org/apache/spark/rdd/RDDOperationScope$.fromJson-RDDOperationScope.scala-86-86=14
org/apache/spark/graphx/impl/EdgePartition.org$apache$spark$graphx$impl$EdgePartition$$srcIds-EdgePartition.scala-106-106=834
org/apache/spark/rdd/RDD.partitions-RDD.scala-269-269=71
org/apache/spark/status/api/v1/ExecutorSummary.id-api.scala-77-77=102
org/apache/spark/rdd/RDD$$anonfun$7.apply-RDD.scala-357-357=18
org/apache/spark/graphx/EdgeRDD$.fromEdgePartitions-EdgeRDD.scala-123-123=1
org/apache/spark/status/api/v1/RDDStorageInfo.id-api.scala-132-132=238
org/apache/spark/graphx/Edge.dstId-Edge.scala-34-34=6067
org/apache/spark/rdd/RDD$$anonfun$org$apache$spark$rdd$RDD$$visit$1$1.apply-RDD.scala-327-328=17
org/apache/spark/graphx/util/collection/GraphXPrimitiveKeyOpenHashMap$mcJI$sp.keySet$mcJ$sp-GraphXPrimitiveKeyOpenHashMap.scala--1--1=2786
org/apache/spark/rdd/MapPartitionsRDD$.$lessinit$greater$default$5-MapPartitionsRDD.scala-44-44=5
org/apache/spark/status/api/v1/OutputMetrics.bytesWritten-api.scala-241-241=171
org/apache/spark/graphx/Edge$$anon$2.swap-Edge.scala-77-79=4
org/apache/spark/graphx/util/collection/GraphXPrimitiveKeyOpenHashMap$mcJI$sp._oldValues$mcI$sp_$eq-GraphXPrimitiveKeyOpenHashMap.scala--1--1=311
org/apache/spark/status/api/v1/TaskMetrics.resultSize-api.scala-225-225=145
org/apache/spark/graphx/impl/VertexRDDImpl.partitionsRDD-VertexRDDImpl.scala-28-28=8
org/apache/spark/graphx/impl/GraphImpl.vertices-GraphImpl.scala-36-36=2
org/apache/spark/graphx/util/collection/GraphXPrimitiveKeyOpenHashMap$mcJI$sp._oldValues_$eq-GraphXPrimitiveKeyOpenHashMap.scala-32-32=6
org/apache/spark/graphx/impl/ReplicatedVertexView$.$lessinit$greater$default$2-ReplicatedVertexView.scala-35-35=1
org/apache/spark/rdd/ShuffledRDD.isBarrier-ShuffledRDD.scala-114-114=1
org/apache/spark/rdd/RDD.mapPartitionsWithIndex-RDD.scala-871-871=1
org/apache/spark/status/api/v1/ShuffleReadMetrics.localBlocksFetched-api.scala-246-246=149
org/apache/spark/graphx/Edge.attr$mcI$sp-Edge.scala-35-35=834
org/apache/spark/graphx/Edge$.edgeArraySortDataFormat-Edge.scala-71-71=7
org/apache/spark/rdd/RDDOperationScope$$anonfun$2.apply-RDDOperationScope.scala-105-105=42
org/apache/spark/rdd/RDD.id-RDD.scala-150-150=165
org/apache/spark/rdd/RDD.scope-RDD.scala-1743-1743=21
org/apache/spark/util/JsonProtocol$$anonfun$rddInfoToJson$5.apply-JsonProtocol.scala-440-440=32
org/apache/spark/status/api/v1/ShuffleWriteMetrics.writeTime-api.scala-255-255=142
org/apache/spark/graphx/Edge$$anon$1.compare-Edge.scala-62-62=3671
org/apache/spark/status/api/v1/TaskMetrics.peakExecutionMemory-api.scala-230-230=150
org/apache/spark/rdd/MapPartitionsRDD$.$lessinit$greater$default$4-MapPartitionsRDD.scala-43-43=5
org/apache/spark/graphx/Edge$$anon$2.copyRange-Edge.scala-71-71=483
org/apache/spark/status/api/v1/StageData.stageId-api.scala-165-165=19
org/apache/spark/rdd/ShuffledRDD.getDependencies-ShuffledRDD.scala-79-87=1
org/apache/spark/rdd/RDD.elementClassTag-RDD.scala-1749-1749=16
org/apache/spark/graphx/impl/EdgePartitionBuilder.add-EdgePartitionBuilder.scala-34-34=643
org/apache/spark/graphx/Edge$$anon$2.getKey-Edge.scala-73-73=5711
org/apache/spark/rdd/RDD$$anonfun$partitions$2$$anonfun$apply$3.apply-RDD.scala-274-274=160
org/apache/spark/graphx/util/collection/GraphXPrimitiveKeyOpenHashMap$mcJI$sp.keySet-GraphXPrimitiveKeyOpenHashMap.scala-34-34=2786
org/apache/spark/rdd/RDD.withScope-RDD.scala-385-385=7
org/apache/spark/graphx/Edge$$anon$2.copyElement-Edge.scala-71-71=2276
org/apache/spark/rdd/RDD$$anonfun$persist$1.apply-RDD.scala-176-176=4
org/apache/spark/graphx/Graph$.fromEdges-Graph.scala-503-503=1
org/apache/spark/graphx/Edge$mcD$sp.attr$mcD$sp-Edge.scala--1--1=833
org/apache/spark/graphx/lib/SVDPlusPlus$Conf.rank-SVDPlusPlus.scala-32-32=1
org/apache/spark/graphx/util/collection/GraphXPrimitiveKeyOpenHashMap$mcJI$sp._oldValues-GraphXPrimitiveKeyOpenHashMap.scala-32-32=270
org/apache/spark/status/api/v1/ShuffleReadMetrics.recordsRead-api.scala-251-251=175
org/apache/spark/rdd/RDD$$anonfun$org$apache$spark$rdd$RDD$$visit$1$1.apply-RDD.scala-326-326=17
org/apache/spark/graphx/Edge$$anon$2.swap-Edge.scala-71-71=4
org/apache/spark/graphx/util/collection/GraphXPrimitiveKeyOpenHashMap$mcJI$sp._values$mcI$sp_$eq-GraphXPrimitiveKeyOpenHashMap.scala--1--1=6
org/apache/spark/graphx/impl/GraphImpl.replicatedVertexView-GraphImpl.scala-37-37=1
org/apache/spark/graphx/Edge$.lexicographicOrdering-Edge.scala-60-60=6
org/apache/spark/rdd/ShuffledRDD.partitioner-ShuffledRDD.scala-41-41=1
org/apache/spark/rdd/RDD$$anonfun$map$1.apply-RDD.scala-392-392=1
org/apache/spark/rdd/RDD$$anonfun$preferredLocations$2.apply-RDD.scala-297-297=20
org/apache/spark/graphx/util/collection/GraphXPrimitiveKeyOpenHashMap.move-GraphXPrimitiveKeyOpenHashMap.scala-150-150=751
org/apache/spark/rdd/RDD.org$apache$spark$rdd$RDD$$visit$1-RDD.scala-323-326=21
org/apache/spark/rdd/RDD.isBarrier-RDD.scala-1931-1931=23
org/apache/spark/graphx/impl/EdgePartition.org$apache$spark$graphx$impl$EdgePartition$$dstIds-EdgePartition.scala-108-108=836
org/apache/spark/rdd/RDD$$anonfun$fold$1$$anonfun$22.apply-RDD.scala-1141-1141=19
org/apache/spark/graphx/Edge.srcId-Edge.scala-33-33=15582
org/apache/spark/rdd/RDD.iterator-RDD.scala-307-307=36
org/apache/spark/graphx/VertexRDD$.createRoutingTables-VertexRDD.scala-356-361=1
org/apache/spark/graphx/impl/EdgePartitionBuilder$.$lessinit$greater$default$1-EdgePartitionBuilder.scala-29-29=5
org/apache/spark/util/JsonProtocol$$anonfun$rddInfoToJson$7.apply-JsonProtocol.scala-444-444=32
org/apache/spark/rdd/RDDOperationScope$.$lessinit$greater$default$2-RDDOperationScope.scala-48-48=8
org/apache/spark/rdd/RDDOperationScope$$anonfun$getAllScopes$2.apply-RDDOperationScope.scala-61-61=14
org/apache/spark/rdd/RDD.fold-RDD.scala-1137-1137=1
org/apache/spark/rdd/RDDOperationScope.getAllScopes-RDDOperationScope.scala-61-61=14
org/apache/spark/rdd/ShuffledRDD.prev-ShuffledRDD.scala-42-42=1
org/apache/spark/util/JsonProtocol$$anonfun$rddInfoToJson$2.apply-JsonProtocol.scala-437-437=34
org/apache/spark/rdd/MapPartitionsRDD.getPartitions-MapPartitionsRDD.scala-49-49=5
org/apache/spark/status/api/v1/ShuffleReadMetrics.remoteBytesRead-api.scala-248-248=180
org/apache/spark/rdd/InputFileBlockHolder$.unset-InputFileBlockHolder.scala-86-86=9
org/apache/spark/graphx/util/collection/GraphXPrimitiveKeyOpenHashMap$mcJI$sp._values_$eq-GraphXPrimitiveKeyOpenHashMap.scala-34-34=6
org/apache/spark/rdd/RDD$$anonfun$fold$1$$anonfun$23.apply-RDD.scala-1142-1142=9
org/apache/spark/status/api/v1/TaskMetrics.executorRunTime-api.scala-223-223=163
org/apache/spark/status/api/v1/TaskMetrics.inputMetrics-api.scala-231-231=363
org/apache/spark/graphx/lib/SVDPlusPlus$$anonfun$5.apply-SVDPlusPlus.scala-75-75=1678
org/apache/spark/graphx/Graph$.fromEdges$default$4-Graph.scala-502-502=1
org/apache/spark/util/JsonProtocol$$anonfun$rddInfoToJson$6.apply-JsonProtocol.scala-443-443=32
org/apache/spark/rdd/ShuffledRDDPartition.index-ShuffledRDD.scala-27-27=122
org/apache/spark/graphx/impl/GraphImpl$.fromExistingRDDs-GraphImpl.scala-347-347=1
org/apache/spark/status/api/v1/RDDPartitionInfo.diskUsed-api.scala-160-160=3
org/apache/spark/rdd/RDD.org$apache$spark$rdd$RDD$$partitions__$eq-RDD.scala-242-242=8
org/apache/spark/rdd/RDD.isLocallyCheckpointed-RDD.scala-1684-1684=3
org/apache/spark/graphx/impl/EdgePartition.size-EdgePartition.scala-314-314=847
org/apache/spark/graphx/lib/SVDPlusPlus$$anonfun$2.apply-SVDPlusPlus.scala-69-69=50
org/apache/spark/status/api/v1/TaskMetrics.executorDeserializeCpuTime-api.scala-222-222=140
org/apache/spark/graphx/VertexRDD$.fromEdges-VertexRDD.scala-344-350=1
org/apache/spark/rdd/RDD.dependencies-RDD.scala-252-252=139
org/apache/spark/rdd/PairRDDFunctions.keyClass-PairRDDFunctions.scala-1111-1111=1
org/apache/spark/status/api/v1/ShuffleReadMetrics.fetchWaitTime-api.scala-247-247=149
org/apache/spark/graphx/Edge.attr_$eq-Edge.scala-35-35=835
org/apache/spark/rdd/MapPartitionsRDD.isBarrier_-MapPartitionsRDD.scala-60-60=23
org/apache/spark/graphx/impl/EdgeRDDImpl.targetStorageLevel-EdgeRDDImpl.scala-29-29=2
org/apache/spark/rdd/RDD.mapPartitions$default$2-RDD.scala-819-819=1
org/apache/spark/rdd/RDD$$anonfun$map$1$$anonfun$apply$5.apply-RDD.scala-394-394=31
org/apache/spark/status/api/v1/TaskMetrics.shuffleReadMetrics-api.scala-233-233=1132
org/apache/spark/status/api/v1/RDDPartitionInfo.memoryUsed-api.scala-159-159=3
org/apache/spark/rdd/RDD$$anonfun$fold$1.apply-RDD.scala-1139-1144=1
org/apache/spark/status/api/v1/ShuffleReadMetrics.remoteBlocksFetched-api.scala-245-245=145
org/apache/spark/graphx/EdgeRDD.getPartitions-EdgeRDD.scala-47-47=2
org/apache/spark/status/api/v1/ShuffleWriteMetrics.recordsWritten-api.scala-256-256=162
org/apache/spark/rdd/ShuffledRDD.org$apache$spark$rdd$ShuffledRDD$$mapSideCombine-ShuffledRDD.scala-52-52=2
org/apache/spark/status/api/v1/TaskMetrics.diskBytesSpilled-api.scala-229-229=172
org/apache/spark/graphx/Edge$.$lessinit$greater$default$1-Edge.scala-33-33=9
org/apache/spark/graphx/impl/EdgePartitionBuilder.toEdgePartition-EdgePartitionBuilder.scala-38-72=10
org/apache/spark/rdd/RDD.mapPartitions-RDD.scala-819-819=3
org/apache/spark/graphx/Edge.dstId_$eq-Edge.scala-34-34=835
org/apache/spark/rdd/RDD$$anonfun$partitions$2.apply-RDD.scala-269-269=71
org/apache/spark/graphx/Edge$$anon$2.copyElement-Edge.scala-85-85=2276
org/apache/spark/rdd/RDDOperationScope.id-RDDOperationScope.scala-49-49=43
org/apache/spark/rdd/RDD$$anonfun$4.apply-RDD.scala-323-323=40
org/apache/spark/util/JsonProtocol$$anonfun$rddInfoToJson$4$$anonfun$apply$19.apply-JsonProtocol.scala-439-439=28
org/apache/spark/rdd/InputFileBlockHolder$$anon$1.initialValue-InputFileBlockHolder.scala-53-53=2
org/apache/spark/rdd/RDD.name_$eq-RDD.scala-153-153=5
org/apache/spark/rdd/RDDOperationScope$.org$apache$spark$rdd$RDDOperationScope$$jsonMapper-RDDOperationScope.scala-82-82=43
org/apache/spark/graphx/impl/EdgeRDDImpl$$anonfun$1.apply-EdgeRDDImpl.scala-48-48=2
org/apache/spark/rdd/RDDOperationScope$.withScope-RDDOperationScope.scala-102-112=7
org/apache/spark/util/JsonProtocol$$anonfun$rddInfoToJson$9.apply-JsonProtocol.scala-446-446=32
org/apache/spark/graphx/impl/GraphImpl.cache-GraphImpl.scala-60-62=1
org/apache/spark/util/JsonProtocol$$anonfun$rddInfoToJson$4.apply-JsonProtocol.scala-439-439=34
org/apache/spark/status/api/v1/ShuffleReadMetrics.localBytesRead-api.scala-250-250=178
org/apache/spark/graphx/Edge$.$lessinit$greater$default$3-Edge.scala-35-35=9
org/apache/spark/graphx/Edge.copy$default$2-Edge.scala-34-34=833
org/apache/spark/graphx/util/collection/GraphXPrimitiveKeyOpenHashMap$$anonfun$1.apply$mcVI$sp-GraphXPrimitiveKeyOpenHashMap.scala-146-147=6
org/apache/spark/rdd/MapPartitionsRDD.compute-MapPartitionsRDD.scala-52-52=24
org/apache/spark/rdd/RDDOperationScope$$anonfun$5.apply-RDDOperationScope.scala-137-137=16
org/apache/spark/rdd/RDD$$anonfun$doCheckpoint$1.apply$mcV$sp-RDD.scala-1801-1801=8
org/apache/spark/rdd/RDD$$anonfun$getNarrowAncestors$1.apply-RDD.scala-335-335=34
org/apache/spark/graphx/util/collection/GraphXPrimitiveKeyOpenHashMap$mcJI$sp.changeValue$mcJI$sp-GraphXPrimitiveKeyOpenHashMap.scala-103-102=1730
org/apache/spark/rdd/RDD.org$apache$spark$rdd$RDD$$doCheckpointCalled_$eq-RDD.scala-1792-1792=7
org/apache/spark/rdd/RDD.setName-RDD.scala-157-158=5
org/apache/spark/rdd/RDDOperationScope.parent-RDDOperationScope.scala-48-48=43
org/apache/spark/graphx/impl/EdgeRDDImpl$.$lessinit$greater$default$2-EdgeRDDImpl.scala-29-29=1
org/apache/spark/status/api/v1/JobData.jobId-api.scala-110-110=18
org/apache/spark/status/api/v1/TaskMetrics.jvmGcTime-api.scala-226-226=140
org/apache/spark/graphx/impl/ReplicatedVertexView$.$lessinit$greater$default$3-ReplicatedVertexView.scala-36-36=1
org/apache/spark/rdd/RDD.mapPartitionsWithIndex$default$2-RDD.scala-871-871=1
org/apache/spark/rdd/RDD.getDependencies-RDD.scala-132-132=5
org/apache/spark/rdd/ShuffledRDD.compute-ShuffledRDD.scala-103-105=6
org/apache/spark/rdd/RDDOperationScope$.$lessinit$greater$default$3-RDDOperationScope.scala-49-49=15
