org/apache/spark/status/api/v1/OutputMetrics.bytesWritten-api.scala-241-241=943
org/apache/spark/status/api/v1/TaskMetrics.resultSize-api.scala-225-225=559
org/apache/spark/graphx/util/collection/GraphXPrimitiveKeyOpenHashMap.size-GraphXPrimitiveKeyOpenHashMap.scala-59-59=4
org/apache/spark/rdd/ZippedPartitionsPartition$$anonfun$writeObject$1.apply-ZippedPartitionsRDD.scala-38-38=8
org/apache/spark/rdd/RDD.org$apache$spark$rdd$RDD$$partitions_-RDD.scala-242-242=148
org/apache/spark/rdd/ZippedPartitionsPartition.index-ZippedPartitionsRDD.scala-33-33=18
org/apache/spark/status/api/v1/ShuffleReadMetrics.localBlocksFetched-api.scala-246-246=565
org/apache/spark/rdd/RDD.id-RDD.scala-150-150=126
org/apache/spark/rdd/RDD.scope-RDD.scala-1743-1743=12
org/apache/spark/status/api/v1/InputMetrics.recordsRead-api.scala-238-238=945
org/apache/spark/util/JsonProtocol$$anonfun$rddInfoToJson$5.apply-JsonProtocol.scala-440-440=144
org/apache/spark/status/api/v1/ShuffleWriteMetrics.writeTime-api.scala-255-255=551
org/apache/spark/status/api/v1/TaskMetrics.peakExecutionMemory-api.scala-230-230=556
org/apache/spark/status/api/v1/TaskMetrics.shuffleWriteMetrics-api.scala-234-234=2431
org/apache/spark/status/api/v1/StageData.attemptId-api.scala-166-166=340
org/apache/spark/rdd/ZippedPartitionsPartition$$anonfun$writeObject$1.apply$mcV$sp-ZippedPartitionsRDD.scala-40-41=10
org/apache/spark/graphx/impl/EdgePartition.aggregateMessagesEdgeScan-EdgePartition.scala-388-414=10
org/apache/spark/status/api/v1/StageData.stageId-api.scala-165-165=343
org/apache/spark/status/api/v1/ShuffleReadMetrics.remoteBytesReadToDisk-api.scala-249-249=564
org/apache/spark/rdd/RDD.getNarrowAncestors-RDD.scala-320-335=1
org/apache/spark/rdd/RDD.elementClassTag-RDD.scala-1749-1749=3
org/apache/spark/graphx/impl/GraphImpl$$anonfun$13$$anonfun$apply$3$$anonfun$1.apply-GraphImpl.scala-211-211=6
org/apache/spark/graphx/impl/EdgePartition.indexSize-EdgePartition.scala-317-317=5
org/apache/spark/graphx/impl/EdgeRDDImpl.getStorageLevel-EdgeRDDImpl.scala-74-74=1
org/apache/spark/graphx/lib/SVDPlusPlus$$anonfun$run$1$$anonfun$13.apply-SVDPlusPlus.scala-156-160=1169
org/apache/spark/status/api/v1/TaskMetrics.memoryBytesSpilled-api.scala-228-228=941
org/apache/spark/rdd/RDD.isCheckpointedAndMaterialized-RDD.scala-1677-1677=3
org/apache/spark/graphx/util/collection/GraphXPrimitiveKeyOpenHashMap$mcJI$sp.keySet-GraphXPrimitiveKeyOpenHashMap.scala-34-34=4
org/apache/spark/graphx/impl/AggregatingEdgeContext.sendToSrc-EdgePartition.scala-528-528=786
org/apache/spark/status/api/v1/ShuffleReadMetrics.recordsRead-api.scala-251-251=941
org/apache/spark/rdd/ZippedPartitionsPartition.org$apache$spark$rdd$ZippedPartitionsPartition$$rdds-ZippedPartitionsRDD.scala-29-29=22
org/apache/spark/rdd/RDD$$anonfun$org$apache$spark$rdd$RDD$$visit$1$1.apply-RDD.scala-326-326=11
org/apache/spark/status/api/v1/OutputMetrics.recordsWritten-api.scala-242-242=948
org/apache/spark/rdd/RDD.creationSite-RDD.scala-1734-1734=12
org/apache/spark/rdd/ZippedPartitionsPartition.partitionValues_$eq-ZippedPartitionsRDD.scala-34-34=14
org/apache/spark/graphx/impl/AggregatingEdgeContext.srcAttr-EdgePartition.scala-523-523=786
org/apache/spark/rdd/RDD$$anonfun$6.apply-RDD.scala-325-325=22
org/apache/spark/rdd/RDD$$anonfun$preferredLocations$2.apply-RDD.scala-297-297=20
org/apache/spark/rdd/RDD.org$apache$spark$rdd$RDD$$dependencies_-RDD.scala-241-241=104
org/apache/spark/status/api/v1/TaskMetrics.executorCpuTime-api.scala-224-224=897
org/apache/spark/graphx/lib/SVDPlusPlus$$anonfun$run$1$$anonfun$12.apply-SVDPlusPlus.scala-153-153=1565
org/apache/spark/graphx/impl/AggregatingEdgeContext.sendToDst-EdgePartition.scala-531-531=788
org/apache/spark/rdd/RDDOperationScope.toJson-RDDOperationScope.scala-52-52=68
org/apache/spark/rdd/RDD.org$apache$spark$rdd$RDD$$visit$1-RDD.scala-323-326=12
org/apache/spark/rdd/RDD.isBarrier-RDD.scala-1931-1931=10
org/apache/spark/graphx/impl/GraphImpl$$anonfun$13.apply-GraphImpl.scala-208-208=8
org/apache/spark/status/api/v1/InputMetrics.bytesRead-api.scala-237-237=948
org/apache/spark/rdd/ZippedPartitionsPartition$$anonfun$writeObject$1$$anonfun$apply$mcV$sp$1.apply-ZippedPartitionsRDD.scala-40-40=66
org/apache/spark/rdd/RDD.getPreferredLocations-RDD.scala-137-137=10
org/apache/spark/rdd/ZippedPartitionsPartition.preferredLocations-ZippedPartitionsRDD.scala-30-30=10
org/apache/spark/status/api/v1/ExecutorSummary.hostPort-api.scala-78-78=81
org/apache/spark/rdd/ZippedPartitionsBaseRDD.getPreferredLocations-ZippedPartitionsRDD.scala-70-70=10
org/apache/spark/graphx/lib/SVDPlusPlus$Conf.maxVal-SVDPlusPlus.scala-35-35=780
org/apache/spark/graphx/impl/EdgeRDDImpl.partitionsRDD-EdgeRDDImpl.scala-28-28=1
org/apache/spark/rdd/RDD.getOrCompute-RDD.scala-354-357=3
org/apache/spark/rdd/RDD.iterator-RDD.scala-307-307=10
org/apache/spark/rdd/ZippedPartitionsRDD2.getPreferredLocations-ZippedPartitionsRDD.scala-70-70=10
org/apache/spark/status/api/v1/ShuffleWriteMetrics.bytesWritten-api.scala-254-254=942
org/apache/spark/rdd/RDDOperationScope$$anonfun$getAllScopes$2.apply-RDDOperationScope.scala-61-61=27
org/apache/spark/util/JsonProtocol$$anonfun$rddInfoToJson$7.apply-JsonProtocol.scala-444-444=142
org/apache/spark/rdd/RDD.firstParent-RDD.scala-1763-1763=5
org/apache/spark/rdd/RDDOperationScope.getAllScopes-RDDOperationScope.scala-61-61=27
org/apache/spark/util/JsonProtocol$$anonfun$rddInfoToJson$2.apply-JsonProtocol.scala-437-437=144
org/apache/spark/status/api/v1/ShuffleReadMetrics.remoteBytesRead-api.scala-248-248=942
org/apache/spark/rdd/InputFileBlockHolder$.unset-InputFileBlockHolder.scala-86-86=10
org/apache/spark/rdd/RDDOperationScope.name-RDDOperationScope.scala-47-47=95
org/apache/spark/status/api/v1/TaskMetrics.executorRunTime-api.scala-223-223=892
org/apache/spark/status/api/v1/TaskMetrics.inputMetrics-api.scala-231-231=1894
org/apache/spark/graphx/impl/GraphImpl$$anonfun$13$$anonfun$apply$3.apply-GraphImpl.scala-208-208=20
org/apache/spark/rdd/RDD$$anonfun$5.apply-RDD.scala-324-324=22
org/apache/spark/rdd/RDD.name-RDD.scala-153-153=12
org/apache/spark/util/JsonProtocol$$anonfun$rddInfoToJson$6.apply-JsonProtocol.scala-443-443=142
org/apache/spark/graphx/lib/SVDPlusPlus$Conf.minVal-SVDPlusPlus.scala-34-34=780
org/apache/spark/rdd/RDD$$anonfun$dependencies$2.apply-RDD.scala-252-252=53
org/apache/spark/rdd/RDD.computeOrReadCheckpoint-RDD.scala-343-343=5
org/apache/spark/graphx/lib/SVDPlusPlus$Conf.gamma7-SVDPlusPlus.scala-39-39=2338
org/apache/spark/graphx/impl/GraphImpl$$anonfun$13$$anonfun$apply$3$$anonfun$1.apply$mcI$sp-GraphImpl.scala-211-211=6
org/apache/spark/status/api/v1/TaskMetrics.outputMetrics-api.scala-232-232=1879
org/apache/spark/graphx/lib/SVDPlusPlus$Conf.gamma2-SVDPlusPlus.scala-37-37=4689
org/apache/spark/util/JsonProtocol$$anonfun$rddInfoToJson$8.apply-JsonProtocol.scala-445-445=142
org/apache/spark/graphx/impl/AggregatingEdgeContext.attr-EdgePartition.scala-525-525=783
org/apache/spark/rdd/ZippedPartitionsPartition$$anonfun$writeObject$1.org$apache$spark$rdd$ZippedPartitionsPartition$$anonfun$$$outer-ZippedPartitionsRDD.scala-38-38=38
org/apache/spark/graphx/impl/EdgePartition.size-EdgePartition.scala-314-314=793
org/apache/spark/graphx/lib/SVDPlusPlus$.org$apache$spark$graphx$lib$SVDPlusPlus$$sendMsgTrainF$1-SVDPlusPlus.scala-102-102=778
org/apache/spark/status/api/v1/TaskMetrics.executorDeserializeCpuTime-api.scala-222-222=560
org/apache/spark/rdd/RDD.preferredLocations-RDD.scala-296-296=20
org/apache/spark/rdd/RDD.dependencies-RDD.scala-252-252=51
org/apache/spark/graphx/lib/SVDPlusPlus$Conf.gamma1-SVDPlusPlus.scala-36-36=1565
org/apache/spark/status/api/v1/ShuffleReadMetrics.fetchWaitTime-api.scala-247-247=559
org/apache/spark/rdd/MapPartitionsRDD.isBarrier_-MapPartitionsRDD.scala-60-60=10
org/apache/spark/rdd/RDD$$anonfun$mapPartitions$1$$anonfun$apply$23.apply-RDD.scala-823-823=9
org/apache/spark/graphx/impl/EdgePartition.numActives-EdgePartition.scala-118-118=4
org/apache/spark/status/api/v1/TaskMetrics.shuffleReadMetrics-api.scala-233-233=5076
org/apache/spark/status/api/v1/ShuffleReadMetrics.remoteBlocksFetched-api.scala-245-245=552
org/apache/spark/status/api/v1/ShuffleWriteMetrics.recordsWritten-api.scala-256-256=926
org/apache/spark/util/JsonProtocol$$anonfun$rddInfoToJson$1.apply-JsonProtocol.scala-437-437=144
org/apache/spark/status/api/v1/TaskMetrics.diskBytesSpilled-api.scala-229-229=933
org/apache/spark/graphx/impl/AggregatingEdgeContext.set-EdgePartition.scala-499-505=779
org/apache/spark/graphx/lib/SVDPlusPlus$Conf.gamma6-SVDPlusPlus.scala-38-38=1558
org/apache/spark/status/api/v1/TaskMetrics.resultSerializationTime-api.scala-227-227=553
org/apache/spark/rdd/RDD$$anonfun$partitions$2.apply-RDD.scala-269-269=76
org/apache/spark/rdd/RDD.getStorageLevel-RDD.scala-223-223=17
org/apache/spark/rdd/RDDOperationScope.id-RDDOperationScope.scala-49-49=95
org/apache/spark/rdd/RDD$$anonfun$4.apply-RDD.scala-323-323=30
org/apache/spark/util/JsonProtocol$$anonfun$rddInfoToJson$4$$anonfun$apply$19.apply-JsonProtocol.scala-439-439=135
org/apache/spark/rdd/InputFileBlockHolder$$anon$1.initialValue-InputFileBlockHolder.scala-53-53=3
org/apache/spark/rdd/RDD.sparkContext-RDD.scala-147-147=1
org/apache/spark/rdd/RDDOperationScope$.org$apache$spark$rdd$RDDOperationScope$$jsonMapper-RDDOperationScope.scala-82-82=68
org/apache/spark/rdd/InputFileBlockHolder$.initialize-InputFileBlockHolder.scala-92-92=1
org/apache/spark/util/JsonProtocol$$anonfun$rddInfoToJson$9.apply-JsonProtocol.scala-446-446=143
org/apache/spark/util/JsonProtocol$$anonfun$rddInfoToJson$3.apply-JsonProtocol.scala-439-439=136
org/apache/spark/rdd/RDD.checkpointData-RDD.scala-1751-1751=146
org/apache/spark/util/JsonProtocol$$anonfun$rddInfoToJson$4.apply-JsonProtocol.scala-439-439=144
org/apache/spark/status/api/v1/ShuffleReadMetrics.localBytesRead-api.scala-250-250=947
org/apache/spark/graphx/impl/AggregatingEdgeContext.dstAttr-EdgePartition.scala-524-524=780
org/apache/spark/rdd/MapPartitionsRDD.compute-MapPartitionsRDD.scala-52-52=5
org/apache/spark/status/api/v1/TaskMetrics.executorDeserializeTime-api.scala-221-221=633
org/apache/spark/rdd/RDD$$anonfun$getNarrowAncestors$1.apply-RDD.scala-335-335=22
org/apache/spark/graphx/lib/SVDPlusPlus$$anonfun$run$1$$anonfun$13.apply-SVDPlusPlus.scala-154-154=1170
org/apache/spark/graphx/impl/EdgePartition$$anonfun$aggregateMessagesEdgeScan$1.apply-EdgePartition.scala-414-414=892
org/apache/spark/rdd/RDDOperationScope.parent-RDDOperationScope.scala-48-48=95
org/apache/spark/rdd/RDD.partitions-RDD.scala-269-269=77
org/apache/spark/rdd/RDD$$anon$1.next-RDD.scala-367-368=6
org/apache/spark/status/api/v1/JobData.jobId-api.scala-110-110=44
org/apache/spark/status/api/v1/ExecutorSummary.id-api.scala-77-77=81
org/apache/spark/status/api/v1/TaskMetrics.jvmGcTime-api.scala-226-226=559
org/apache/spark/status/api/v1/RDDStorageInfo.id-api.scala-132-132=262
org/apache/spark/rdd/RDD$$anonfun$org$apache$spark$rdd$RDD$$visit$1$1.apply-RDD.scala-327-328=11
org/apache/spark/graphx/util/collection/GraphXPrimitiveKeyOpenHashMap$mcJI$sp.keySet$mcJ$sp-GraphXPrimitiveKeyOpenHashMap.scala--1--1=5
