org/apache/spark/status/api/v1/OutputMetrics.bytesWritten-api.scala-241-241=530
org/apache/spark/rdd/RDD.doCheckpoint-RDD.scala-1800-1800=7
org/apache/spark/graphx/impl/ShippableVertexPartition$.apply-ShippableVertexPartition.scala-47-47=10
org/apache/spark/status/api/v1/TaskMetrics.resultSize-api.scala-225-225=419
org/apache/spark/graphx/impl/ShippableVertexPartition$$anonfun$apply$6.apply-ShippableVertexPartition.scala-64-64=404
org/apache/spark/graphx/VertexRDD$$anonfun$createRoutingTables$1.apply-VertexRDD.scala-362-362=17
org/apache/spark/graphx/util/collection/GraphXPrimitiveKeyOpenHashMap.grow-GraphXPrimitiveKeyOpenHashMap.scala-145-145=45
org/apache/spark/rdd/RDD.getNumPartitions-RDD.scala-289-289=1
org/apache/spark/graphx/util/collection/GraphXPrimitiveKeyOpenHashMap.changeValue-GraphXPrimitiveKeyOpenHashMap.scala-103-102=403
org/apache/spark/rdd/RDD.org$apache$spark$rdd$RDD$$partitions_-RDD.scala-242-242=76
org/apache/spark/graphx/impl/RoutingTablePartition$$anonfun$fromMsgs$2.apply-RoutingTablePartition.scala-77-77=166
org/apache/spark/graphx/impl/ShippableVertexPartition.size-ShippableVertexPartition.scala-71-71=6
org/apache/spark/status/api/v1/ShuffleReadMetrics.localBlocksFetched-api.scala-246-246=424
org/apache/spark/graphx/impl/RoutingTablePartition$.org$apache$spark$graphx$impl$RoutingTablePartition$$positionFromMessage-RoutingTablePartition.scala-41-41=308
org/apache/spark/graphx/util/collection/GraphXPrimitiveKeyOpenHashMap._values-GraphXPrimitiveKeyOpenHashMap.scala-34-34=1116
org/apache/spark/rdd/RDD.org$apache$spark$rdd$RDD$$sc-RDD.scala-89-100=18
org/apache/spark/rdd/RDDOperationScope$$anonfun$2.apply-RDDOperationScope.scala-105-105=12
org/apache/spark/rdd/RDD.id-RDD.scala-150-150=93
org/apache/spark/rdd/RDD.scope-RDD.scala-1743-1743=16
org/apache/spark/status/api/v1/InputMetrics.recordsRead-api.scala-238-238=521
org/apache/spark/graphx/impl/VertexRDDImpl$$anonfun$count$2.apply-VertexRDDImpl.scala-90-90=12
org/apache/spark/util/JsonProtocol$$anonfun$rddInfoToJson$5.apply-JsonProtocol.scala-440-440=40
org/apache/spark/status/api/v1/ShuffleWriteMetrics.writeTime-api.scala-255-255=425
org/apache/spark/status/api/v1/TaskMetrics.peakExecutionMemory-api.scala-230-230=428
org/apache/spark/rdd/MapPartitionsRDD$.$lessinit$greater$default$4-MapPartitionsRDD.scala-43-43=1
org/apache/spark/status/api/v1/TaskMetrics.shuffleWriteMetrics-api.scala-234-234=1468
org/apache/spark/status/api/v1/StageData.attemptId-api.scala-166-166=63
org/apache/spark/rdd/RDD$.CHECKPOINT_ALL_MARKED_ANCESTORS-RDD.scala-2006-2006=1
org/apache/spark/graphx/impl/RoutingTablePartition$.fromMsgs-RoutingTablePartition.scala-65-77=8
org/apache/spark/status/api/v1/StageData.stageId-api.scala-165-165=64
org/apache/spark/status/api/v1/ShuffleReadMetrics.remoteBytesReadToDisk-api.scala-249-249=426
org/apache/spark/graphx/impl/RoutingTablePartition$$anonfun$fromMsgs$1.apply-RoutingTablePartition.scala-69-74=305
org/apache/spark/rdd/RDD.getNarrowAncestors-RDD.scala-320-335=3
org/apache/spark/rdd/RDD.elementClassTag-RDD.scala-1749-1749=4
org/apache/spark/graphx/impl/EdgeRDDImpl.getStorageLevel-EdgeRDDImpl.scala-74-74=2
org/apache/spark/rdd/RDD$$anonfun$partitions$2$$anonfun$apply$3.apply-RDD.scala-274-274=20
org/apache/spark/graphx/impl/VertexRDDImpl$$anonfun$count$1.apply$mcJJJ$sp-VertexRDDImpl.scala-90-90=11
org/apache/spark/status/api/v1/TaskMetrics.memoryBytesSpilled-api.scala-228-228=519
org/apache/spark/rdd/RDD.isCheckpointedAndMaterialized-RDD.scala-1677-1677=28
org/apache/spark/graphx/VertexRDD$$anonfun$3.apply-VertexRDD.scala-347-348=9
org/apache/spark/rdd/RDD.withScope-RDD.scala-385-385=2
org/apache/spark/rdd/RDD.org$apache$spark$rdd$RDD$$doCheckpointCalled-RDD.scala-1792-1792=7
org/apache/spark/status/api/v1/ShuffleReadMetrics.recordsRead-api.scala-251-251=524
org/apache/spark/rdd/RDD$$anonfun$org$apache$spark$rdd$RDD$$visit$1$1.apply-RDD.scala-326-326=13
org/apache/spark/status/api/v1/OutputMetrics.recordsWritten-api.scala-242-242=525
org/apache/spark/rdd/RDD.creationSite-RDD.scala-1734-1734=17
org/apache/spark/rdd/RDD$$anonfun$6.apply-RDD.scala-325-325=26
org/apache/spark/rdd/RDD$$anonfun$map$1.apply-RDD.scala-392-392=1
org/apache/spark/rdd/RDD$$anonfun$preferredLocations$2.apply-RDD.scala-297-297=10
org/apache/spark/graphx/impl/ShippableVertexPartition.index-ShippableVertexPartition.scala-98-98=9
org/apache/spark/graphx/VertexRDD$$anonfun$3.apply-VertexRDD.scala-345-345=9
org/apache/spark/rdd/RDD.org$apache$spark$rdd$RDD$$dependencies_-RDD.scala-241-241=186
org/apache/spark/rdd/MapPartitionsRDD$.$lessinit$greater$default$3-MapPartitionsRDD.scala-42-42=1
org/apache/spark/status/api/v1/TaskMetrics.executorCpuTime-api.scala-224-224=486
org/apache/spark/graphx/impl/VertexPartitionBase.size-VertexPartitionBase.scala-71-71=6
org/apache/spark/graphx/util/collection/GraphXPrimitiveKeyOpenHashMap.move-GraphXPrimitiveKeyOpenHashMap.scala-150-150=46
org/apache/spark/graphx/impl/VertexRDDImpl$$anonfun$count$1.apply-VertexRDDImpl.scala-90-90=20
org/apache/spark/rdd/RDDOperationScope.toJson-RDDOperationScope.scala-52-52=27
org/apache/spark/rdd/RDD.org$apache$spark$rdd$RDD$$visit$1-RDD.scala-323-326=16
org/apache/spark/rdd/RDD.isBarrier-RDD.scala-1931-1931=17
org/apache/spark/status/api/v1/InputMetrics.bytesRead-api.scala-237-237=528
org/apache/spark/rdd/RDD.getPreferredLocations-RDD.scala-137-137=10
org/apache/spark/status/api/v1/ExecutorSummary.hostPort-api.scala-78-78=79
org/apache/spark/rdd/RDD$$anonfun$fold$1$$anonfun$22.apply-RDD.scala-1141-1141=15
org/apache/spark/rdd/RDD$$anonfun$doCheckpoint$1.apply-RDD.scala-1801-1801=7
org/apache/spark/graphx/impl/EdgeRDDImpl.partitionsRDD-EdgeRDDImpl.scala-28-28=3
org/apache/spark/rdd/MapPartitionsRDD$$anonfun$isBarrier_$1.apply-MapPartitionsRDD.scala-60-60=2
org/apache/spark/rdd/RDD.getOrCompute-RDD.scala-354-357=5
org/apache/spark/graphx/impl/ShippableVertexPartition$$anonfun$apply$6.apply-ShippableVertexPartition.scala-63-63=398
org/apache/spark/rdd/RDD.iterator-RDD.scala-307-307=23
org/apache/spark/status/api/v1/ShuffleWriteMetrics.bytesWritten-api.scala-254-254=523
org/apache/spark/rdd/RDD.context-RDD.scala-1772-1772=1
org/apache/spark/util/JsonProtocol$$anonfun$rddInfoToJson$7.apply-JsonProtocol.scala-444-444=40
org/apache/spark/rdd/RDDOperationScope$.$lessinit$greater$default$2-RDDOperationScope.scala-48-48=7
org/apache/spark/rdd/RDDOperationScope$$anonfun$getAllScopes$2.apply-RDDOperationScope.scala-61-61=10
org/apache/spark/rdd/RDD.firstParent-RDD.scala-1763-1763=24
org/apache/spark/rdd/RDDOperationScope$.withScope-RDDOperationScope.scala-134-155=9
org/apache/spark/graphx/impl/RoutingTablePartition$.org$apache$spark$graphx$impl$RoutingTablePartition$$toBitSet-RoutingTablePartition.scala-84-92=162
org/apache/spark/rdd/RDD.fold-RDD.scala-1137-1137=1
org/apache/spark/rdd/RDDOperationScope.getAllScopes-RDDOperationScope.scala-61-61=10
org/apache/spark/util/JsonProtocol$$anonfun$rddInfoToJson$2.apply-JsonProtocol.scala-437-437=40
org/apache/spark/rdd/RDD.org$apache$spark$rdd$RDD$$stateLock-RDD.scala-237-237=2
org/apache/spark/rdd/MapPartitionsRDD.getPartitions-MapPartitionsRDD.scala-49-49=1
org/apache/spark/status/api/v1/ShuffleReadMetrics.remoteBytesRead-api.scala-248-248=522
org/apache/spark/rdd/InputFileBlockHolder$.unset-InputFileBlockHolder.scala-86-86=8
org/apache/spark/rdd/RDD$$anonfun$fold$1$$anonfun$23.apply-RDD.scala-1142-1142=6
org/apache/spark/status/api/v1/TaskMetrics.executorRunTime-api.scala-223-223=488
org/apache/spark/status/api/v1/TaskMetrics.inputMetrics-api.scala-231-231=1046
org/apache/spark/rdd/RDDOperationScope.name-RDDOperationScope.scala-47-47=37
org/apache/spark/rdd/RDD$$anonfun$5.apply-RDD.scala-324-324=26
org/apache/spark/rdd/RDD.name-RDD.scala-153-153=16
org/apache/spark/util/JsonProtocol$$anonfun$rddInfoToJson$6.apply-JsonProtocol.scala-443-443=40
org/apache/spark/rdd/ShuffledRDDPartition.index-ShuffledRDD.scala-27-27=57
org/apache/spark/rdd/RDD$$anonfun$dependencies$2.apply-RDD.scala-252-252=92
org/apache/spark/rdd/RDD.computeOrReadCheckpoint-RDD.scala-343-343=28
org/apache/spark/graphx/impl/GraphImpl.edges-GraphImpl.scala-35-35=1
org/apache/spark/graphx/impl/RoutingTablePartition$$anonfun$iterator$1.apply-RoutingTablePartition.scala-111-111=183
org/apache/spark/status/api/v1/RDDPartitionInfo.executors-api.scala-161-161=7
org/apache/spark/status/api/v1/TaskMetrics.outputMetrics-api.scala-232-232=1055
org/apache/spark/rdd/RDD.map-RDD.scala-392-392=1
org/apache/spark/graphx/impl/RoutingTablePartition.iterator-RoutingTablePartition.scala-111-111=8
org/apache/spark/status/api/v1/RDDPartitionInfo.diskUsed-api.scala-160-160=4
org/apache/spark/rdd/RDD.org$apache$spark$rdd$RDD$$partitions__$eq-RDD.scala-242-242=1
org/apache/spark/graphx/impl/RoutingTablePartition$.org$apache$spark$graphx$impl$RoutingTablePartition$$pidFromMessage-RoutingTablePartition.scala-40-40=305
org/apache/spark/rdd/RDD$$anonfun$37.apply-RDD.scala-1744-1744=2
org/apache/spark/util/JsonProtocol$$anonfun$rddInfoToJson$8.apply-JsonProtocol.scala-445-445=40
org/apache/spark/status/api/v1/TaskMetrics.executorDeserializeCpuTime-api.scala-222-222=415
org/apache/spark/rdd/RDDOperationScope$.withScope$default$2-RDDOperationScope.scala-101-101=2
org/apache/spark/rdd/RDD.preferredLocations-RDD.scala-296-296=10
org/apache/spark/rdd/RDD.dependencies-RDD.scala-252-252=99
org/apache/spark/rdd/RDDOperationScope$$anonfun$3.apply-RDDOperationScope.scala-106-106=4
org/apache/spark/graphx/impl/VertexRDDImpl.count-VertexRDDImpl.scala-90-90=1
org/apache/spark/status/api/v1/ShuffleReadMetrics.fetchWaitTime-api.scala-247-247=424
org/apache/spark/rdd/MapPartitionsRDD.isBarrier_-MapPartitionsRDD.scala-60-60=17
org/apache/spark/rdd/RDD$$anonfun$mapPartitions$1$$anonfun$apply$23.apply-RDD.scala-823-823=37
org/apache/spark/rdd/RDD$$anonfun$map$1$$anonfun$apply$5.apply-RDD.scala-394-394=12
org/apache/spark/rdd/RDD.org$apache$spark$rdd$RDD$$dependencies__$eq-RDD.scala-241-241=1
org/apache/spark/graphx/impl/RoutingTablePartition$$anonfun$fromMsgs$1.apply-RoutingTablePartition.scala-68-68=299
org/apache/spark/status/api/v1/TaskMetrics.shuffleReadMetrics-api.scala-233-233=3286
org/apache/spark/status/api/v1/RDDPartitionInfo.memoryUsed-api.scala-159-159=4
org/apache/spark/rdd/RDD$$anonfun$fold$1.apply-RDD.scala-1139-1144=1
org/apache/spark/status/api/v1/ShuffleReadMetrics.remoteBlocksFetched-api.scala-245-245=430
org/apache/spark/status/api/v1/ShuffleWriteMetrics.recordsWritten-api.scala-256-256=520
org/apache/spark/status/api/v1/TaskMetrics.diskBytesSpilled-api.scala-229-229=520
org/apache/spark/util/JsonProtocol$$anonfun$rddInfoToJson$1.apply-JsonProtocol.scala-437-437=40
org/apache/spark/graphx/util/collection/GraphXPrimitiveKeyOpenHashMap.keySet$mcJ$sp-GraphXPrimitiveKeyOpenHashMap.scala-34-34=18
org/apache/spark/status/api/v1/TaskMetrics.resultSerializationTime-api.scala-227-227=419
org/apache/spark/graphx/impl/ShippableVertexPartition$$anonfun$apply$6$$anonfun$apply$8.apply-ShippableVertexPartition.scala-64-64=353
org/apache/spark/graphx/impl/RoutingTablePartition$.org$apache$spark$graphx$impl$RoutingTablePartition$$vidFromMessage-RoutingTablePartition.scala-39-39=299
org/apache/spark/rdd/RDD$$anonfun$partitions$2.apply-RDD.scala-269-269=37
org/apache/spark/rdd/RDD.getStorageLevel-RDD.scala-223-223=18
org/apache/spark/graphx/util/collection/GraphXPrimitiveKeyOpenHashMap.keySet-GraphXPrimitiveKeyOpenHashMap.scala-34-34=464
org/apache/spark/graphx/impl/ShippableVertexPartition$.apply-ShippableVertexPartition.scala-57-67=9
org/apache/spark/rdd/RDDOperationScope.id-RDDOperationScope.scala-49-49=37
org/apache/spark/rdd/RDD$$anonfun$doCheckpoint$1$$anonfun$apply$mcV$sp$2.apply-RDD.scala-1813-1813=12
org/apache/spark/rdd/RDDOperationScope$$anonfun$1.apply-RDDOperationScope.scala-104-104=8
org/apache/spark/rdd/RDD$$anonfun$4.apply-RDD.scala-323-323=30
org/apache/spark/util/JsonProtocol$$anonfun$rddInfoToJson$4$$anonfun$apply$19.apply-JsonProtocol.scala-439-439=36
org/apache/spark/rdd/InputFileBlockHolder$$anon$1.initialValue-InputFileBlockHolder.scala-53-53=1
org/apache/spark/rdd/RDD.sparkContext-RDD.scala-147-147=1
org/apache/spark/rdd/RDDOperationScope$.org$apache$spark$rdd$RDDOperationScope$$jsonMapper-RDDOperationScope.scala-82-82=35
org/apache/spark/rdd/InputFileBlockHolder$.initialize-InputFileBlockHolder.scala-92-92=1
org/apache/spark/rdd/RDDOperationScope$.withScope-RDDOperationScope.scala-102-112=2
org/apache/spark/util/JsonProtocol$$anonfun$rddInfoToJson$9.apply-JsonProtocol.scala-446-446=40
org/apache/spark/util/JsonProtocol$$anonfun$rddInfoToJson$3.apply-JsonProtocol.scala-439-439=36
org/apache/spark/rdd/RDDOperationScope$.nextScopeId-RDDOperationScope.scala-90-90=9
org/apache/spark/rdd/RDD.checkpointData-RDD.scala-1751-1751=177
org/apache/spark/status/api/v1/ShuffleReadMetrics.localBytesRead-api.scala-250-250=524
org/apache/spark/util/JsonProtocol$$anonfun$rddInfoToJson$4.apply-JsonProtocol.scala-439-439=40
org/apache/spark/graphx/impl/ShippableVertexPartition$$anonfun$apply$6$$anonfun$apply$7.apply-ShippableVertexPartition.scala-64-64=45
org/apache/spark/rdd/MapPartitionsRDD.compute-MapPartitionsRDD.scala-52-52=25
org/apache/spark/rdd/RDDOperationScope$$anonfun$5.apply-RDDOperationScope.scala-137-137=14
org/apache/spark/rdd/RDD$$anonfun$doCheckpoint$1.apply$mcV$sp-RDD.scala-1801-1801=7
org/apache/spark/status/api/v1/TaskMetrics.executorDeserializeTime-api.scala-221-221=484
org/apache/spark/rdd/RDD$$anonfun$getNarrowAncestors$1.apply-RDD.scala-335-335=26
org/apache/spark/rdd/RDD.org$apache$spark$internal$Logging$$log__$eq-RDD.scala-77-77=1
org/apache/spark/graphx/impl/ShippableVertexPartition.mask-ShippableVertexPartition.scala-100-100=6
org/apache/spark/rdd/RDD.org$apache$spark$rdd$RDD$$doCheckpointCalled_$eq-RDD.scala-1792-1792=6
org/apache/spark/rdd/RDDOperationScope$.fromJson-RDDOperationScope.scala-86-86=8
org/apache/spark/rdd/RDDOperationScope.parent-RDDOperationScope.scala-48-48=37
org/apache/spark/rdd/RDD.partitions-RDD.scala-269-269=37
org/apache/spark/status/api/v1/JobData.jobId-api.scala-110-110=36
org/apache/spark/status/api/v1/ExecutorSummary.id-api.scala-77-77=79
org/apache/spark/rdd/RDD$$anonfun$7.apply-RDD.scala-357-357=9
org/apache/spark/status/api/v1/TaskMetrics.jvmGcTime-api.scala-226-226=418
org/apache/spark/graphx/impl/RoutingTablePartition$$anonfun$1.apply-RoutingTablePartition.scala-65-65=59
org/apache/spark/graphx/impl/RoutingTablePartition$$anonfun$3.apply-RoutingTablePartition.scala-67-67=38
org/apache/spark/status/api/v1/RDDStorageInfo.id-api.scala-132-132=275
org/apache/spark/graphx/impl/RoutingTablePartition$$anonfun$2.apply-RoutingTablePartition.scala-66-66=44
org/apache/spark/rdd/RDD$$anonfun$org$apache$spark$rdd$RDD$$visit$1$1.apply-RDD.scala-327-328=13
org/apache/spark/rdd/MapPartitionsRDD$.$lessinit$greater$default$5-MapPartitionsRDD.scala-44-44=1
org/apache/spark/rdd/RDD.getDependencies-RDD.scala-132-132=1
org/apache/spark/rdd/ShuffledRDD.compute-ShuffledRDD.scala-103-105=6
org/apache/spark/rdd/RDDOperationScope$.$lessinit$greater$default$3-RDDOperationScope.scala-49-49=9
