org/apache/spark/status/api/v1/OutputMetrics.bytesWritten-api.scala-241-241=847
org/apache/spark/graphx/impl/ShippableVertexPartitionOps.leftJoin-ShippableVertexPartition.scala-130-130=7
org/apache/spark/status/api/v1/TaskMetrics.resultSize-api.scala-225-225=646
org/apache/spark/rdd/ZippedPartitionsPartition$$anonfun$writeObject$1.apply-ZippedPartitionsRDD.scala-38-38=15
org/apache/spark/rdd/ZippedPartitionsRDD2.rdd1-ZippedPartitionsRDD.scala-82-82=12
org/apache/spark/graphx/impl/VertexRDDImpl$$anonfun$shipVertexAttributes$1$$anonfun$apply$7.apply-VertexRDDImpl.scala-247-247=15
org/apache/spark/rdd/RDD.org$apache$spark$rdd$RDD$$partitions_-RDD.scala-242-242=228
org/apache/spark/graphx/impl/ShippableVertexPartitionOps.org$apache$spark$internal$Logging$$log__$eq-ShippableVertexPartition.scala-34-34=24
org/apache/spark/rdd/ZippedPartitionsPartition.index-ZippedPartitionsRDD.scala-33-33=35
org/apache/spark/status/api/v1/ShuffleReadMetrics.localBlocksFetched-api.scala-246-246=649
org/apache/spark/graphx/lib/ConnectedComponents$$anonfun$3.apply-ConnectedComponents.scala-55-55=75
org/apache/spark/graphx/impl/VertexRDDImpl$$anonfun$3.apply-VertexRDDImpl.scala-156-156=8
org/apache/spark/rdd/RDD.id-RDD.scala-150-150=243
org/apache/spark/rdd/RDD.scope-RDD.scala-1743-1743=10
org/apache/spark/status/api/v1/InputMetrics.recordsRead-api.scala-238-238=851
org/apache/spark/rdd/ZippedPartitionsRDD2.f-ZippedPartitionsRDD.scala-81-81=13
org/apache/spark/util/JsonProtocol$$anonfun$rddInfoToJson$5.apply-JsonProtocol.scala-440-440=80
org/apache/spark/graphx/impl/VertexRDDImpl$$anonfun$shipVertexAttributes$1.apply-VertexRDDImpl.scala-247-247=16
org/apache/spark/status/api/v1/ShuffleWriteMetrics.writeTime-api.scala-255-255=636
org/apache/spark/status/api/v1/TaskMetrics.peakExecutionMemory-api.scala-230-230=635
org/apache/spark/status/api/v1/TaskMetrics.shuffleWriteMetrics-api.scala-234-234=2337
org/apache/spark/graphx/impl/ShippableVertexPartition$$anonfun$shipVertexAttributes$1$$anonfun$apply$1.apply-ShippableVertexPartition.scala-121-121=613
org/apache/spark/status/api/v1/StageData.attemptId-api.scala-166-166=171
org/apache/spark/graphx/impl/VertexRDDImpl$$anonfun$2.apply-VertexRDDImpl.scala-144-144=8
org/apache/spark/rdd/ZippedPartitionsPartition$$anonfun$writeObject$1.apply$mcV$sp-ZippedPartitionsRDD.scala-40-41=18
org/apache/spark/status/api/v1/StageData.stageId-api.scala-165-165=171
org/apache/spark/graphx/impl/VertexRDDImpl.vdTag-VertexRDDImpl.scala-30-30=14
org/apache/spark/graphx/impl/ShippableVertexPartition$ShippableVertexPartitionOpsConstructor$.toOps-ShippableVertexPartition.scala-85-85=8
org/apache/spark/graphx/impl/ShippableVertexPartitionOps.withMask-ShippableVertexPartition.scala-152-152=8
org/apache/spark/status/api/v1/ShuffleReadMetrics.remoteBytesReadToDisk-api.scala-249-249=652
org/apache/spark/rdd/RDD.getNarrowAncestors-RDD.scala-320-335=1
org/apache/spark/rdd/RDD.elementClassTag-RDD.scala-1749-1749=30
org/apache/spark/graphx/impl/ShippableVertexPartitionOps.withValues-ShippableVertexPartition.scala-152-152=16
org/apache/spark/status/api/v1/TaskMetrics.memoryBytesSpilled-api.scala-228-228=850
org/apache/spark/rdd/RDD.isCheckpointedAndMaterialized-RDD.scala-1677-1677=21
org/apache/spark/rdd/ZippedPartitionsRDD2.compute-ZippedPartitionsRDD.scala-88-89=16
org/apache/spark/graphx/impl/VertexPartitionBaseOps.org$apache$spark$internal$Logging$$log__$eq-VertexPartitionBaseOps.scala-34-34=23
org/apache/spark/graphx/GraphOps$$anonfun$13.apply-GraphOps.scala-225-225=36
org/apache/spark/graphx/impl/VertexPartitionBase.capacity-VertexPartitionBase.scala-69-69=6
org/apache/spark/status/api/v1/ShuffleReadMetrics.recordsRead-api.scala-251-251=856
org/apache/spark/rdd/ZippedPartitionsPartition.org$apache$spark$rdd$ZippedPartitionsPartition$$rdds-ZippedPartitionsRDD.scala-29-29=24
org/apache/spark/rdd/RDD$$anonfun$org$apache$spark$rdd$RDD$$visit$1$1.apply-RDD.scala-326-326=9
org/apache/spark/status/api/v1/OutputMetrics.recordsWritten-api.scala-242-242=855
org/apache/spark/graphx/impl/ShippableVertexPartition$$anonfun$shipVertexIds$1.apply-ShippableVertexPartition.scala-139-147=57
org/apache/spark/rdd/RDD.creationSite-RDD.scala-1734-1734=10
org/apache/spark/rdd/ZippedPartitionsPartition.partitionValues_$eq-ZippedPartitionsRDD.scala-34-34=21
org/apache/spark/rdd/RDD$$anonfun$6.apply-RDD.scala-325-325=22
org/apache/spark/graphx/impl/VertexPartitionBase.isDefined-VertexPartitionBase.scala-77-76=595
org/apache/spark/graphx/impl/ShippableVertexPartition$ShippableVertexPartitionOpsConstructor$.toOps-ShippableVertexPartition.scala-88-88=8
org/apache/spark/rdd/RDD$$anonfun$preferredLocations$2.apply-RDD.scala-297-297=40
org/apache/spark/graphx/impl/ShippableVertexPartition$$anonfun$shipVertexAttributes$1.org$apache$spark$graphx$impl$ShippableVertexPartition$$anonfun$$$outer-ShippableVertexPartition.scala-116-116=621
org/apache/spark/graphx/impl/ShippableVertexPartition.index-ShippableVertexPartition.scala-98-98=1019
org/apache/spark/graphx/GraphOps$$anonfun$13.apply-GraphOps.scala-226-226=36
org/apache/spark/rdd/RDD.org$apache$spark$rdd$RDD$$dependencies_-RDD.scala-241-241=168
org/apache/spark/status/api/v1/TaskMetrics.executorCpuTime-api.scala-224-224=824
org/apache/spark/graphx/impl/ShippableVertexPartition.capacity-ShippableVertexPartition.scala-69-69=7
org/apache/spark/graphx/impl/ShippableVertexPartition$$anonfun$shipVertexIds$1$$anonfun$apply$2.apply$mcVJ$sp-ShippableVertexPartition.scala-142-145=277
org/apache/spark/graphx/impl/ShippableVertexPartition$$anonfun$shipVertexIds$1$$anonfun$apply$2.apply-ShippableVertexPartition.scala-141-141=558
org/apache/spark/rdd/RDDOperationScope.toJson-RDDOperationScope.scala-52-52=40
org/apache/spark/graphx/impl/ShippableVertexPartition$$anonfun$shipVertexIds$1.apply-ShippableVertexPartition.scala-138-138=61
org/apache/spark/rdd/RDD.org$apache$spark$rdd$RDD$$visit$1-RDD.scala-323-326=10
org/apache/spark/rdd/RDD.isBarrier-RDD.scala-1931-1931=10
org/apache/spark/graphx/impl/ShippableVertexPartition$$anonfun$shipVertexAttributes$1.apply-ShippableVertexPartition.scala-116-116=66
org/apache/spark/status/api/v1/InputMetrics.bytesRead-api.scala-237-237=849
org/apache/spark/rdd/ZippedPartitionsPartition$$anonfun$writeObject$1$$anonfun$apply$mcV$sp$1.apply-ZippedPartitionsRDD.scala-40-40=86
org/apache/spark/rdd/RDD.getPreferredLocations-RDD.scala-137-137=10
org/apache/spark/rdd/ZippedPartitionsPartition.preferredLocations-ZippedPartitionsRDD.scala-30-30=30
org/apache/spark/status/api/v1/ExecutorSummary.hostPort-api.scala-78-78=57
org/apache/spark/rdd/ZippedPartitionsBaseRDD.getPreferredLocations-ZippedPartitionsRDD.scala-70-70=30
org/apache/spark/rdd/RDD.getOrCompute-RDD.scala-354-357=28
org/apache/spark/graphx/impl/VertexRDDImpl$$anonfun$3.apply-VertexRDDImpl.scala-157-159=7
org/apache/spark/rdd/RDD.iterator-RDD.scala-307-307=44
org/apache/spark/rdd/ZippedPartitionsPartition.partitions-ZippedPartitionsRDD.scala-35-35=14
org/apache/spark/rdd/ZippedPartitionsRDD2.getPreferredLocations-ZippedPartitionsRDD.scala-70-70=30
org/apache/spark/status/api/v1/ShuffleWriteMetrics.bytesWritten-api.scala-254-254=851
org/apache/spark/graphx/impl/ShippableVertexPartition.shipVertexIds-ShippableVertexPartition.scala-138-138=7
org/apache/spark/graphx/impl/ShippableVertexPartition.shipVertexAttributes-ShippableVertexPartition.scala-116-116=8
org/apache/spark/graphx/impl/ShippableVertexPartition$$anonfun$shipVertexIds$1.org$apache$spark$graphx$impl$ShippableVertexPartition$$anonfun$$$outer-ShippableVertexPartition.scala-138-138=277
org/apache/spark/util/JsonProtocol$$anonfun$rddInfoToJson$7.apply-JsonProtocol.scala-444-444=80
org/apache/spark/rdd/RDD.firstParent-RDD.scala-1763-1763=10
org/apache/spark/util/JsonProtocol$$anonfun$rddInfoToJson$2.apply-JsonProtocol.scala-437-437=79
org/apache/spark/status/api/v1/ShuffleReadMetrics.remoteBytesRead-api.scala-248-248=853
org/apache/spark/graphx/impl/RoutingTablePartition.numEdgePartitions-RoutingTablePartition.scala-105-105=16
org/apache/spark/graphx/impl/ShippableVertexPartition.isDefined-ShippableVertexPartition.scala-77-76=607
org/apache/spark/rdd/InputFileBlockHolder$.unset-InputFileBlockHolder.scala-86-86=12
org/apache/spark/rdd/RDDOperationScope.name-RDDOperationScope.scala-47-47=40
org/apache/spark/status/api/v1/TaskMetrics.executorRunTime-api.scala-223-223=825
org/apache/spark/status/api/v1/TaskMetrics.inputMetrics-api.scala-231-231=1697
org/apache/spark/rdd/RDD$$anonfun$5.apply-RDD.scala-324-324=22
org/apache/spark/rdd/RDD.name-RDD.scala-153-153=10
org/apache/spark/util/JsonProtocol$$anonfun$rddInfoToJson$6.apply-JsonProtocol.scala-443-443=80
org/apache/spark/rdd/ShuffledRDDPartition.index-ShuffledRDD.scala-27-27=14
org/apache/spark/graphx/impl/ShippableVertexPartition.routingTable-ShippableVertexPartition.scala-101-101=298
org/apache/spark/rdd/RDD$$anonfun$dependencies$2.apply-RDD.scala-252-252=84
org/apache/spark/rdd/RDD.computeOrReadCheckpoint-RDD.scala-343-343=28
org/apache/spark/graphx/impl/VertexRDDImpl$$anonfun$shipVertexIds$1$$anonfun$apply$8.apply-VertexRDDImpl.scala-251-251=11
org/apache/spark/rdd/ZippedPartitionsRDD2.rdd2-ZippedPartitionsRDD.scala-83-83=13
org/apache/spark/status/api/v1/RDDPartitionInfo.executors-api.scala-161-161=5
org/apache/spark/status/api/v1/TaskMetrics.outputMetrics-api.scala-232-232=1707
org/apache/spark/graphx/impl/RoutingTablePartition.foreachWithinEdgePartition-RoutingTablePartition.scala-127-127=126
org/apache/spark/status/api/v1/RDDPartitionInfo.diskUsed-api.scala-160-160=7
org/apache/spark/util/JsonProtocol$$anonfun$rddInfoToJson$8.apply-JsonProtocol.scala-445-445=80
org/apache/spark/rdd/ZippedPartitionsPartition$$anonfun$writeObject$1.org$apache$spark$rdd$ZippedPartitionsPartition$$anonfun$$$outer-ZippedPartitionsRDD.scala-38-38=46
org/apache/spark/status/api/v1/TaskMetrics.executorDeserializeCpuTime-api.scala-222-222=648
org/apache/spark/rdd/RDD.preferredLocations-RDD.scala-296-296=40
org/apache/spark/rdd/RDD.dependencies-RDD.scala-252-252=84
org/apache/spark/status/api/v1/ShuffleReadMetrics.fetchWaitTime-api.scala-247-247=651
org/apache/spark/rdd/MapPartitionsRDD.isBarrier_-MapPartitionsRDD.scala-60-60=10
org/apache/spark/graphx/impl/VertexPartitionBaseOps.leftJoin-VertexPartitionBaseOps.scala-130-130=7
org/apache/spark/graphx/impl/VertexRDDImpl$$anonfun$2.apply-VertexRDDImpl.scala-145-147=7
org/apache/spark/rdd/RDD$$anonfun$mapPartitions$1$$anonfun$apply$23.apply-RDD.scala-823-823=30
org/apache/spark/status/api/v1/TaskMetrics.shuffleReadMetrics-api.scala-233-233=5180
org/apache/spark/status/api/v1/RDDPartitionInfo.memoryUsed-api.scala-159-159=7
org/apache/spark/status/api/v1/ShuffleReadMetrics.remoteBlocksFetched-api.scala-245-245=649
org/apache/spark/status/api/v1/ShuffleWriteMetrics.recordsWritten-api.scala-256-256=843
org/apache/spark/util/JsonProtocol$$anonfun$rddInfoToJson$1.apply-JsonProtocol.scala-437-437=78
org/apache/spark/status/api/v1/TaskMetrics.diskBytesSpilled-api.scala-229-229=847
org/apache/spark/graphx/impl/RoutingTablePartition.partitionSize-RoutingTablePartition.scala-108-108=134
org/apache/spark/status/api/v1/TaskMetrics.resultSerializationTime-api.scala-227-227=652
org/apache/spark/graphx/impl/ShippableVertexPartition.apply-ShippableVertexPartition.scala-74-74=305
org/apache/spark/rdd/RDD$$anonfun$partitions$2.apply-RDD.scala-269-269=116
org/apache/spark/rdd/RDD.getStorageLevel-RDD.scala-223-223=26
org/apache/spark/rdd/RDDOperationScope.id-RDDOperationScope.scala-49-49=40
org/apache/spark/rdd/RDD$$anonfun$4.apply-RDD.scala-323-323=26
org/apache/spark/util/JsonProtocol$$anonfun$rddInfoToJson$4$$anonfun$apply$19.apply-JsonProtocol.scala-439-439=80
org/apache/spark/rdd/InputFileBlockHolder$$anon$1.initialValue-InputFileBlockHolder.scala-53-53=2
org/apache/spark/rdd/RDD.sparkContext-RDD.scala-147-147=1
org/apache/spark/rdd/RDDOperationScope$.org$apache$spark$rdd$RDDOperationScope$$jsonMapper-RDDOperationScope.scala-82-82=40
org/apache/spark/rdd/InputFileBlockHolder$.initialize-InputFileBlockHolder.scala-92-92=2
org/apache/spark/graphx/impl/VertexPartitionBase.apply-VertexPartitionBase.scala-74-74=307
org/apache/spark/util/JsonProtocol$$anonfun$rddInfoToJson$9.apply-JsonProtocol.scala-446-446=80
org/apache/spark/util/JsonProtocol$$anonfun$rddInfoToJson$3.apply-JsonProtocol.scala-439-439=80
org/apache/spark/rdd/RDD.checkpointData-RDD.scala-1751-1751=260
org/apache/spark/util/JsonProtocol$$anonfun$rddInfoToJson$4.apply-JsonProtocol.scala-439-439=80
org/apache/spark/status/api/v1/ShuffleReadMetrics.localBytesRead-api.scala-250-250=860
org/apache/spark/rdd/MapPartitionsRDD.compute-MapPartitionsRDD.scala-52-52=15
org/apache/spark/status/api/v1/TaskMetrics.executorDeserializeTime-api.scala-221-221=740
org/apache/spark/graphx/impl/VertexPartitionBaseOps.diff-VertexPartitionBaseOps.scala-110-110=8
org/apache/spark/rdd/ZippedPartitionsPartition.partitionValues-ZippedPartitionsRDD.scala-34-34=13
org/apache/spark/rdd/RDD$$anonfun$getNarrowAncestors$1.apply-RDD.scala-335-335=18
org/apache/spark/graphx/impl/ShippableVertexPartitionOps.diff-ShippableVertexPartition.scala-110-110=8
org/apache/spark/graphx/impl/ShippableVertexPartition$$anonfun$shipVertexAttributes$1$$anonfun$apply$1.apply$mcVJ$sp-ShippableVertexPartition.scala-122-126=312
org/apache/spark/graphx/impl/ShippableVertexPartition.mask-ShippableVertexPartition.scala-100-100=713
org/apache/spark/graphx/impl/ShippableVertexPartition$$anonfun$shipVertexAttributes$1.apply-ShippableVertexPartition.scala-117-128=68
org/apache/spark/rdd/RDDOperationScope.parent-RDDOperationScope.scala-48-48=40
org/apache/spark/rdd/RDD.partitions-RDD.scala-269-269=111
org/apache/spark/rdd/RDD$$anon$1.next-RDD.scala-367-368=25
org/apache/spark/status/api/v1/ExecutorSummary.id-api.scala-77-77=55
org/apache/spark/status/api/v1/JobData.jobId-api.scala-110-110=35
org/apache/spark/rdd/RDD$$anonfun$7.apply-RDD.scala-357-357=7
org/apache/spark/status/api/v1/TaskMetrics.jvmGcTime-api.scala-226-226=650
org/apache/spark/graphx/impl/ShippableVertexPartition$.shippablePartitionToOps-ShippableVertexPartition.scala-77-77=22
org/apache/spark/status/api/v1/RDDStorageInfo.id-api.scala-132-132=178
org/apache/spark/rdd/RDD$$anonfun$org$apache$spark$rdd$RDD$$visit$1$1.apply-RDD.scala-327-328=9
org/apache/spark/graphx/impl/VertexRDDImpl$$anonfun$shipVertexIds$1.apply-VertexRDDImpl.scala-251-251=13
org/apache/spark/graphx/impl/ShippableVertexPartition.values-ShippableVertexPartition.scala-99-99=467
