org/apache/spark/status/api/v1/OutputMetrics.bytesWritten-api.scala-241-241=427
org/apache/spark/rdd/CoalescedRDDPartition.parents_$eq-CoalescedRDD.scala-42-42=7
org/apache/spark/status/api/v1/TaskMetrics.resultSize-api.scala-225-225=344
org/apache/spark/graphx/util/collection/GraphXPrimitiveKeyOpenHashMap.grow-GraphXPrimitiveKeyOpenHashMap.scala-145-145=402
org/apache/spark/graphx/util/collection/GraphXPrimitiveKeyOpenHashMap.changeValue-GraphXPrimitiveKeyOpenHashMap.scala-103-102=2383
org/apache/spark/graphx/impl/EdgePartition.iterator-EdgePartition.scala-327-327=6
org/apache/spark/rdd/RDD.org$apache$spark$rdd$RDD$$partitions_-RDD.scala-242-242=212
org/apache/spark/status/api/v1/ShuffleReadMetrics.localBlocksFetched-api.scala-246-246=355
org/apache/spark/graphx/util/collection/GraphXPrimitiveKeyOpenHashMap._values-GraphXPrimitiveKeyOpenHashMap.scala-34-34=7014
org/apache/spark/graphx/Edge.srcId_$eq-Edge.scala-33-33=1193
org/apache/spark/graphx/impl/RoutingTablePartition$$anonfun$edgePartitionToMsgs$2.apply-RoutingTablePartition.scala-55-55=374
org/apache/spark/rdd/RDD.id-RDD.scala-150-150=273
org/apache/spark/rdd/RDD.scope-RDD.scala-1743-1743=5
org/apache/spark/status/api/v1/InputMetrics.recordsRead-api.scala-238-238=426
org/apache/spark/util/JsonProtocol$$anonfun$rddInfoToJson$5.apply-JsonProtocol.scala-440-440=20
org/apache/spark/status/api/v1/ShuffleWriteMetrics.writeTime-api.scala-255-255=344
org/apache/spark/status/api/v1/TaskMetrics.peakExecutionMemory-api.scala-230-230=344
org/apache/spark/rdd/CoalescedRDDPartition$$anonfun$writeObject$1$$anonfun$apply$mcV$sp$1.apply-CoalescedRDD.scala-47-47=22
org/apache/spark/status/api/v1/TaskMetrics.shuffleWriteMetrics-api.scala-234-234=1201
org/apache/spark/status/api/v1/StageData.attemptId-api.scala-166-166=65
org/apache/spark/graphx/VertexRDD$$anonfun$4.apply-VertexRDD.scala-356-356=15
org/apache/spark/status/api/v1/StageData.stageId-api.scala-165-165=66
org/apache/spark/status/api/v1/ShuffleReadMetrics.remoteBytesReadToDisk-api.scala-249-249=350
org/apache/spark/rdd/RDD.getNarrowAncestors-RDD.scala-320-335=1
org/apache/spark/rdd/RDD.elementClassTag-RDD.scala-1749-1749=5
org/apache/spark/graphx/util/collection/GraphXPrimitiveKeyOpenHashMap$$anon$1.hasNext-GraphXPrimitiveKeyOpenHashMap.scala-131-131=778
org/apache/spark/graphx/util/collection/GraphXPrimitiveKeyOpenHashMap.iterator-GraphXPrimitiveKeyOpenHashMap.scala-115-115=10
org/apache/spark/status/api/v1/TaskMetrics.memoryBytesSpilled-api.scala-228-228=425
org/apache/spark/rdd/RDD.isCheckpointedAndMaterialized-RDD.scala-1677-1677=8
org/apache/spark/status/api/v1/ShuffleReadMetrics.recordsRead-api.scala-251-251=431
org/apache/spark/rdd/RDD$$anonfun$org$apache$spark$rdd$RDD$$visit$1$1.apply-RDD.scala-326-326=4
org/apache/spark/status/api/v1/OutputMetrics.recordsWritten-api.scala-242-242=430
org/apache/spark/rdd/RDD.creationSite-RDD.scala-1734-1734=5
org/apache/spark/rdd/RDD$$anonfun$6.apply-RDD.scala-325-325=8
org/apache/spark/rdd/CoalescedRDDPartition$$anonfun$writeObject$1.apply$mcV$sp-CoalescedRDD.scala-47-48=6
org/apache/spark/rdd/RDD$$anonfun$preferredLocations$2.apply-RDD.scala-297-297=60
org/apache/spark/rdd/RDD.org$apache$spark$rdd$RDD$$dependencies_-RDD.scala-241-241=217
org/apache/spark/status/api/v1/TaskMetrics.executorCpuTime-api.scala-224-224=410
org/apache/spark/graphx/util/collection/GraphXPrimitiveKeyOpenHashMap.move-GraphXPrimitiveKeyOpenHashMap.scala-150-150=404
org/apache/spark/rdd/RDDOperationScope.toJson-RDDOperationScope.scala-52-52=10
org/apache/spark/rdd/RDD.org$apache$spark$rdd$RDD$$visit$1-RDD.scala-323-326=5
org/apache/spark/rdd/RDD.isBarrier-RDD.scala-1931-1931=10
org/apache/spark/graphx/impl/EdgePartition$$anon$1.next-EdgePartition.scala-327-327=1189
org/apache/spark/graphx/impl/EdgePartition.org$apache$spark$graphx$impl$EdgePartition$$dstIds-EdgePartition.scala-108-108=1193
org/apache/spark/status/api/v1/InputMetrics.bytesRead-api.scala-237-237=422
org/apache/spark/rdd/RDD.getPreferredLocations-RDD.scala-137-137=40
org/apache/spark/rdd/ZippedPartitionsPartition.preferredLocations-ZippedPartitionsRDD.scala-30-30=10
org/apache/spark/status/api/v1/ExecutorSummary.hostPort-api.scala-78-78=30
org/apache/spark/rdd/ZippedPartitionsBaseRDD.getPreferredLocations-ZippedPartitionsRDD.scala-70-70=10
org/apache/spark/graphx/VertexRDD$$anonfun$4$$anonfun$apply$2.apply-VertexRDD.scala-357-357=18
org/apache/spark/rdd/RDD.getOrCompute-RDD.scala-354-357=5
org/apache/spark/graphx/Edge.srcId-Edge.scala-33-33=1190
org/apache/spark/rdd/RDD.iterator-RDD.scala-307-307=12
org/apache/spark/rdd/ZippedPartitionsRDD2.getPreferredLocations-ZippedPartitionsRDD.scala-70-70=10
org/apache/spark/status/api/v1/ShuffleWriteMetrics.bytesWritten-api.scala-254-254=430
org/apache/spark/graphx/util/collection/GraphXPrimitiveKeyOpenHashMap$$anon$1.map-GraphXPrimitiveKeyOpenHashMap.scala-115-115=10
org/apache/spark/util/JsonProtocol$$anonfun$rddInfoToJson$7.apply-JsonProtocol.scala-444-444=20
org/apache/spark/rdd/CoalescedRDDPartition.parentsIndices-CoalescedRDD.scala-40-40=6
org/apache/spark/rdd/RDD.firstParent-RDD.scala-1763-1763=6
org/apache/spark/graphx/impl/RoutingTablePartition$.org$apache$spark$graphx$impl$RoutingTablePartition$$toMessage-RoutingTablePartition.scala-34-36=379
org/apache/spark/graphx/impl/RoutingTablePartition$$anonfun$edgePartitionToMsgs$2.apply-RoutingTablePartition.scala-56-58=379
org/apache/spark/util/JsonProtocol$$anonfun$rddInfoToJson$2.apply-JsonProtocol.scala-437-437=20
org/apache/spark/status/api/v1/ShuffleReadMetrics.remoteBytesRead-api.scala-248-248=435
org/apache/spark/graphx/util/collection/GraphXPrimitiveKeyOpenHashMap._values_$eq-GraphXPrimitiveKeyOpenHashMap.scala-34-34=6
org/apache/spark/rdd/InputFileBlockHolder$.unset-InputFileBlockHolder.scala-86-86=9
org/apache/spark/rdd/RDDOperationScope.name-RDDOperationScope.scala-47-47=10
org/apache/spark/status/api/v1/TaskMetrics.executorRunTime-api.scala-223-223=411
org/apache/spark/status/api/v1/TaskMetrics.inputMetrics-api.scala-231-231=856
org/apache/spark/rdd/RDD$$anonfun$5.apply-RDD.scala-324-324=8
org/apache/spark/rdd/CoalescedRDDPartition.rdd-CoalescedRDD.scala-39-39=10
org/apache/spark/rdd/RDD.name-RDD.scala-153-153=5
org/apache/spark/util/JsonProtocol$$anonfun$rddInfoToJson$6.apply-JsonProtocol.scala-443-443=20
org/apache/spark/rdd/ShuffledRDDPartition.index-ShuffledRDD.scala-27-27=10
org/apache/spark/rdd/RDD$$anonfun$dependencies$2.apply-RDD.scala-252-252=110
org/apache/spark/rdd/RDD.computeOrReadCheckpoint-RDD.scala-343-343=5
org/apache/spark/status/api/v1/TaskMetrics.outputMetrics-api.scala-232-232=857
org/apache/spark/graphx/impl/RoutingTablePartition$$anonfun$edgePartitionToMsgs$1.apply-RoutingTablePartition.scala-52-53=1193
org/apache/spark/graphx/util/collection/GraphXPrimitiveKeyOpenHashMap$$anonfun$2.apply$mcVII$sp-GraphXPrimitiveKeyOpenHashMap.scala-151-151=270
org/apache/spark/graphx/Edge$.$lessinit$greater$default$2-Edge.scala-34-34=7
org/apache/spark/util/JsonProtocol$$anonfun$rddInfoToJson$8.apply-JsonProtocol.scala-445-445=20
org/apache/spark/rdd/CoalescedRDDPartition.index-CoalescedRDD.scala-38-38=22
org/apache/spark/graphx/impl/RoutingTablePartition$.edgePartitionToMsgs-RoutingTablePartition.scala-50-55=10
org/apache/spark/graphx/impl/RoutingTablePartition$$anonfun$edgePartitionToMsgs$1$$anonfun$apply$2.apply$mcB$sp-RoutingTablePartition.scala-53-53=231
org/apache/spark/rdd/CoalescedRDDPartition$$anonfun$writeObject$1.org$apache$spark$rdd$CoalescedRDDPartition$$anonfun$$$outer-CoalescedRDD.scala-45-45=9
org/apache/spark/rdd/CoalescedRDDPartition$$anonfun$writeObject$1.apply-CoalescedRDD.scala-45-45=6
org/apache/spark/graphx/impl/EdgePartition.size-EdgePartition.scala-314-314=1199
org/apache/spark/status/api/v1/TaskMetrics.executorDeserializeCpuTime-api.scala-222-222=346
org/apache/spark/rdd/RDD.preferredLocations-RDD.scala-296-296=60
org/apache/spark/rdd/RDD.dependencies-RDD.scala-252-252=109
org/apache/spark/status/api/v1/ShuffleReadMetrics.fetchWaitTime-api.scala-247-247=351
org/apache/spark/graphx/Edge.attr_$eq-Edge.scala-35-35=1196
org/apache/spark/rdd/MapPartitionsRDD.isBarrier_-MapPartitionsRDD.scala-60-60=10
org/apache/spark/rdd/RDD$$anonfun$mapPartitions$1$$anonfun$apply$23.apply-RDD.scala-823-823=14
org/apache/spark/graphx/impl/RoutingTablePartition$$anonfun$edgePartitionToMsgs$1$$anonfun$apply$4.apply-RoutingTablePartition.scala-53-53=1927
org/apache/spark/graphx/impl/RoutingTablePartition$$anonfun$edgePartitionToMsgs$1$$anonfun$apply$3.apply-RoutingTablePartition.scala-52-52=2033
org/apache/spark/graphx/impl/EdgePartition$$anon$1.foreach-EdgePartition.scala-327-327=10
org/apache/spark/rdd/ShuffledRDD.getPreferredLocations-ShuffledRDD.scala-97-99=10
org/apache/spark/status/api/v1/TaskMetrics.shuffleReadMetrics-api.scala-233-233=2698
org/apache/spark/status/api/v1/ShuffleReadMetrics.remoteBlocksFetched-api.scala-245-245=345
org/apache/spark/graphx/impl/EdgePartition$$anon$1.hasNext-EdgePartition.scala-331-331=1199
org/apache/spark/status/api/v1/ShuffleWriteMetrics.recordsWritten-api.scala-256-256=425
org/apache/spark/util/JsonProtocol$$anonfun$rddInfoToJson$1.apply-JsonProtocol.scala-437-437=20
org/apache/spark/status/api/v1/TaskMetrics.diskBytesSpilled-api.scala-229-229=421
org/apache/spark/graphx/Edge$.$lessinit$greater$default$1-Edge.scala-33-33=7
org/apache/spark/status/api/v1/TaskMetrics.resultSerializationTime-api.scala-227-227=347
org/apache/spark/graphx/Edge.dstId_$eq-Edge.scala-34-34=1191
org/apache/spark/rdd/RDD$$anonfun$partitions$2.apply-RDD.scala-269-269=106
org/apache/spark/rdd/RDD.getStorageLevel-RDD.scala-223-223=24
org/apache/spark/graphx/util/collection/GraphXPrimitiveKeyOpenHashMap.keySet-GraphXPrimitiveKeyOpenHashMap.scala-34-34=3556
org/apache/spark/rdd/RDDOperationScope.id-RDDOperationScope.scala-49-49=10
org/apache/spark/rdd/RDD$$anonfun$4.apply-RDD.scala-323-323=8
org/apache/spark/util/JsonProtocol$$anonfun$rddInfoToJson$4$$anonfun$apply$19.apply-JsonProtocol.scala-439-439=20
org/apache/spark/rdd/InputFileBlockHolder$$anon$1.initialValue-InputFileBlockHolder.scala-53-53=3
org/apache/spark/rdd/RDD.sparkContext-RDD.scala-147-147=1
org/apache/spark/rdd/RDDOperationScope$.org$apache$spark$rdd$RDDOperationScope$$jsonMapper-RDDOperationScope.scala-82-82=10
org/apache/spark/rdd/InputFileBlockHolder$.initialize-InputFileBlockHolder.scala-92-92=2
org/apache/spark/graphx/impl/RoutingTablePartition$$anonfun$edgePartitionToMsgs$1$$anonfun$apply$1.apply$mcB$sp-RoutingTablePartition.scala-52-52=173
org/apache/spark/util/JsonProtocol$$anonfun$rddInfoToJson$9.apply-JsonProtocol.scala-446-446=20
org/apache/spark/util/JsonProtocol$$anonfun$rddInfoToJson$3.apply-JsonProtocol.scala-439-439=20
org/apache/spark/rdd/RDD.checkpointData-RDD.scala-1751-1751=281
org/apache/spark/util/JsonProtocol$$anonfun$rddInfoToJson$4.apply-JsonProtocol.scala-439-439=20
org/apache/spark/status/api/v1/ShuffleReadMetrics.localBytesRead-api.scala-250-250=428
org/apache/spark/graphx/Edge$.$lessinit$greater$default$3-Edge.scala-35-35=8
org/apache/spark/graphx/util/collection/GraphXPrimitiveKeyOpenHashMap$$anonfun$1.apply$mcVI$sp-GraphXPrimitiveKeyOpenHashMap.scala-146-147=6
org/apache/spark/rdd/MapPartitionsRDD.compute-MapPartitionsRDD.scala-52-52=6
org/apache/spark/status/api/v1/TaskMetrics.executorDeserializeTime-api.scala-221-221=392
org/apache/spark/rdd/RDD$$anonfun$getNarrowAncestors$1.apply-RDD.scala-335-335=8
org/apache/spark/graphx/util/collection/GraphXPrimitiveKeyOpenHashMap._oldValues_$eq-GraphXPrimitiveKeyOpenHashMap.scala-57-57=6
org/apache/spark/rdd/RDDOperationScope.parent-RDDOperationScope.scala-48-48=10
org/apache/spark/graphx/impl/EdgePartition.org$apache$spark$graphx$impl$EdgePartition$$srcIds-EdgePartition.scala-106-106=1188
org/apache/spark/rdd/RDD.partitions-RDD.scala-269-269=105
org/apache/spark/rdd/RDD$$anon$1.next-RDD.scala-367-368=6
org/apache/spark/status/api/v1/JobData.jobId-api.scala-110-110=18
org/apache/spark/status/api/v1/ExecutorSummary.id-api.scala-77-77=28
org/apache/spark/status/api/v1/TaskMetrics.jvmGcTime-api.scala-226-226=347
org/apache/spark/graphx/impl/RoutingTablePartition$$anonfun$edgePartitionToMsgs$1$$anonfun$apply$1.apply-RoutingTablePartition.scala-52-52=172
org/apache/spark/graphx/impl/RoutingTablePartition$$anonfun$edgePartitionToMsgs$1$$anonfun$apply$2.apply-RoutingTablePartition.scala-53-53=231
org/apache/spark/graphx/impl/RoutingTablePartition$$anonfun$edgePartitionToMsgs$1.apply-RoutingTablePartition.scala-51-51=1192
org/apache/spark/graphx/util/collection/GraphXPrimitiveKeyOpenHashMap._oldValues-GraphXPrimitiveKeyOpenHashMap.scala-57-57=270
org/apache/spark/status/api/v1/RDDStorageInfo.id-api.scala-132-132=12
org/apache/spark/graphx/Edge.dstId-Edge.scala-34-34=1194
org/apache/spark/graphx/util/collection/GraphXPrimitiveKeyOpenHashMap$$anon$1.next-GraphXPrimitiveKeyOpenHashMap.scala-115-115=374
org/apache/spark/rdd/RDD$$anonfun$org$apache$spark$rdd$RDD$$visit$1$1.apply-RDD.scala-327-328=4
