org/apache/spark/status/api/v1/OutputMetrics.bytesWritten-api.scala-241-241=581
org/apache/spark/graphx/impl/EdgePartition$mcI$sp.updateVertices-EdgePartition.scala-86-86=19
org/apache/spark/rdd/CoalescedRDDPartition.parents_$eq-CoalescedRDD.scala-42-42=6
org/apache/spark/status/api/v1/TaskMetrics.resultSize-api.scala-225-225=469
org/apache/spark/graphx/util/collection/GraphXPrimitiveKeyOpenHashMap.size-GraphXPrimitiveKeyOpenHashMap.scala-59-59=10
org/apache/spark/rdd/ZippedPartitionsPartition$$anonfun$writeObject$1.apply-ZippedPartitionsRDD.scala-38-38=29
org/apache/spark/rdd/ZippedPartitionsRDD2.rdd1-ZippedPartitionsRDD.scala-82-82=16
org/apache/spark/graphx/util/collection/GraphXPrimitiveKeyOpenHashMap$mcJI$sp.apply$mcJI$sp-GraphXPrimitiveKeyOpenHashMap.scala-63-64=744
org/apache/spark/rdd/RDD.org$apache$spark$rdd$RDD$$partitions_-RDD.scala-242-242=203
org/apache/spark/rdd/ZippedPartitionsPartition.index-ZippedPartitionsRDD.scala-33-33=23
org/apache/spark/status/api/v1/ShuffleReadMetrics.localBlocksFetched-api.scala-246-246=470
org/apache/spark/graphx/Edge.srcId_$eq-Edge.scala-33-33=1146
org/apache/spark/rdd/RDD.id-RDD.scala-150-150=133
org/apache/spark/rdd/RDD.scope-RDD.scala-1743-1743=14
org/apache/spark/status/api/v1/InputMetrics.recordsRead-api.scala-238-238=586
org/apache/spark/rdd/ZippedPartitionsRDD2.f-ZippedPartitionsRDD.scala-81-81=16
org/apache/spark/util/JsonProtocol$$anonfun$rddInfoToJson$5.apply-JsonProtocol.scala-440-440=50
org/apache/spark/status/api/v1/ShuffleWriteMetrics.writeTime-api.scala-255-255=458
org/apache/spark/status/api/v1/TaskMetrics.peakExecutionMemory-api.scala-230-230=468
org/apache/spark/rdd/CoalescedRDDPartition$$anonfun$writeObject$1$$anonfun$apply$mcV$sp$1.apply-CoalescedRDD.scala-47-47=20
org/apache/spark/status/api/v1/TaskMetrics.shuffleWriteMetrics-api.scala-234-234=1615
org/apache/spark/status/api/v1/StageData.attemptId-api.scala-166-166=99
org/apache/spark/graphx/EdgeDirection$.Either-EdgeDirection.scala-57-57=9
org/apache/spark/rdd/ZippedPartitionsPartition$$anonfun$writeObject$1.apply$mcV$sp-ZippedPartitionsRDD.scala-40-41=29
org/apache/spark/graphx/impl/EdgePartition.aggregateMessagesEdgeScan-EdgePartition.scala-388-414=5
org/apache/spark/status/api/v1/StageData.stageId-api.scala-165-165=99
org/apache/spark/status/api/v1/ShuffleReadMetrics.remoteBytesReadToDisk-api.scala-249-249=454
org/apache/spark/rdd/RDD.getNarrowAncestors-RDD.scala-320-335=1
org/apache/spark/rdd/RDD.elementClassTag-RDD.scala-1749-1749=10
org/apache/spark/graphx/impl/EdgePartition.indexSize-EdgePartition.scala-317-317=9
org/apache/spark/graphx/impl/VertexAttributeBlock.attrs-ShippableVertexPartition.scala-28-28=756
org/apache/spark/graphx/impl/VertexAttributeBlock$$anonfun$iterator$1.apply-ShippableVertexPartition.scala-31-31=1513
org/apache/spark/status/api/v1/TaskMetrics.memoryBytesSpilled-api.scala-228-228=579
org/apache/spark/rdd/RDD.isCheckpointedAndMaterialized-RDD.scala-1677-1677=42
org/apache/spark/rdd/ZippedPartitionsRDD2.compute-ZippedPartitionsRDD.scala-88-89=24
org/apache/spark/graphx/impl/ReplicatedVertexView$$anonfun$3.apply-ReplicatedVertexView.scala-93-93=19
org/apache/spark/graphx/util/collection/GraphXPrimitiveKeyOpenHashMap$mcJI$sp.keySet-GraphXPrimitiveKeyOpenHashMap.scala-34-34=760
org/apache/spark/graphx/EdgeTriplet.dstAttr_$eq-EdgeTriplet.scala-35-35=1155
org/apache/spark/graphx/impl/AggregatingEdgeContext.sendToSrc-EdgePartition.scala-528-528=158
org/apache/spark/status/api/v1/ShuffleReadMetrics.recordsRead-api.scala-251-251=583
org/apache/spark/rdd/ZippedPartitionsPartition.org$apache$spark$rdd$ZippedPartitionsPartition$$rdds-ZippedPartitionsRDD.scala-29-29=25
org/apache/spark/rdd/RDD$$anonfun$org$apache$spark$rdd$RDD$$visit$1$1.apply-RDD.scala-326-326=13
org/apache/spark/status/api/v1/OutputMetrics.recordsWritten-api.scala-242-242=585
org/apache/spark/rdd/RDD.creationSite-RDD.scala-1734-1734=14
org/apache/spark/graphx/impl/EdgePartition$mcI$sp.withActiveSet$mcI$sp-EdgePartition.scala-78-80=9
org/apache/spark/rdd/ZippedPartitionsPartition.partitionValues_$eq-ZippedPartitionsRDD.scala-34-34=25
org/apache/spark/graphx/impl/AggregatingEdgeContext.srcAttr-EdgePartition.scala-523-523=1145
org/apache/spark/rdd/RDD$$anonfun$6.apply-RDD.scala-325-325=26
org/apache/spark/rdd/CoalescedRDDPartition$$anonfun$writeObject$1.apply$mcV$sp-CoalescedRDD.scala-47-48=7
org/apache/spark/rdd/RDD$$anonfun$preferredLocations$2.apply-RDD.scala-297-297=20
org/apache/spark/rdd/RDD.org$apache$spark$rdd$RDD$$dependencies_-RDD.scala-241-241=151
org/apache/spark/graphx/EdgeDirection$.Both-EdgeDirection.scala-60-60=9
org/apache/spark/status/api/v1/TaskMetrics.executorCpuTime-api.scala-224-224=567
org/apache/spark/graphx/EdgeTriplet.dstAttr-EdgeTriplet.scala-35-35=2249
org/apache/spark/graphx/impl/AggregatingEdgeContext.sendToDst-EdgePartition.scala-531-531=187
org/apache/spark/graphx/lib/ConnectedComponents$.org$apache$spark$graphx$lib$ConnectedComponents$$sendMessage$1-ConnectedComponents.scala-44-44=1139
org/apache/spark/graphx/lib/ConnectedComponents$$anonfun$1.apply-ConnectedComponents.scala-57-57=533
org/apache/spark/rdd/RDDOperationScope.toJson-RDDOperationScope.scala-52-52=25
org/apache/spark/graphx/GraphXUtils$$anonfun$mapReduceTriplets$1.apply-GraphXUtils.scala-70-70=2284
org/apache/spark/rdd/RDD.org$apache$spark$rdd$RDD$$visit$1-RDD.scala-323-326=14
org/apache/spark/rdd/RDD.isBarrier-RDD.scala-1931-1931=10
org/apache/spark/graphx/impl/GraphImpl$$anonfun$13.apply-GraphImpl.scala-208-208=20
org/apache/spark/status/api/v1/InputMetrics.bytesRead-api.scala-237-237=583
org/apache/spark/rdd/ZippedPartitionsPartition$$anonfun$writeObject$1$$anonfun$apply$mcV$sp$1.apply-ZippedPartitionsRDD.scala-40-40=97
org/apache/spark/rdd/RDD.getPreferredLocations-RDD.scala-137-137=10
org/apache/spark/rdd/ZippedPartitionsPartition.preferredLocations-ZippedPartitionsRDD.scala-30-30=10
org/apache/spark/status/api/v1/ExecutorSummary.hostPort-api.scala-78-78=42
org/apache/spark/rdd/ZippedPartitionsBaseRDD.getPreferredLocations-ZippedPartitionsRDD.scala-70-70=10
org/apache/spark/graphx/GraphXUtils$.org$apache$spark$graphx$GraphXUtils$$sendMsg$1-GraphXUtils.scala-58-58=1138
org/apache/spark/rdd/RDD.getOrCompute-RDD.scala-354-357=11
org/apache/spark/graphx/Edge.srcId-Edge.scala-33-33=158
org/apache/spark/rdd/RDD.iterator-RDD.scala-307-307=64
org/apache/spark/rdd/ZippedPartitionsPartition.partitions-ZippedPartitionsRDD.scala-35-35=15
org/apache/spark/rdd/ZippedPartitionsRDD2.getPreferredLocations-ZippedPartitionsRDD.scala-70-70=10
org/apache/spark/status/api/v1/ShuffleWriteMetrics.bytesWritten-api.scala-254-254=580
org/apache/spark/graphx/impl/VertexAttributeBlock.vids-ShippableVertexPartition.scala-28-28=925
org/apache/spark/util/JsonProtocol$$anonfun$rddInfoToJson$7.apply-JsonProtocol.scala-444-444=50
org/apache/spark/graphx/impl/ReplicatedVertexView$$anonfun$3$$anonfun$apply$3.apply-ReplicatedVertexView.scala-93-93=18
org/apache/spark/rdd/CoalescedRDDPartition.parentsIndices-CoalescedRDD.scala-40-40=6
org/apache/spark/rdd/RDD.firstParent-RDD.scala-1763-1763=5
org/apache/spark/graphx/GraphXUtils$$anonfun$org$apache$spark$graphx$GraphXUtils$$sendMsg$1$1.apply-GraphXUtils.scala-59-58=346
org/apache/spark/util/JsonProtocol$$anonfun$rddInfoToJson$2.apply-JsonProtocol.scala-437-437=50
org/apache/spark/status/api/v1/ShuffleReadMetrics.remoteBytesRead-api.scala-248-248=574
org/apache/spark/rdd/InputFileBlockHolder$.unset-InputFileBlockHolder.scala-86-86=7
org/apache/spark/graphx/impl/EdgePartition$$anonfun$numActives$1.apply-EdgePartition.scala-118-118=18
org/apache/spark/graphx/EdgeDirection.equals-EdgeDirection.scala-37-37=19
org/apache/spark/graphx/impl/EdgePartition$mcI$sp.updateVertices$mcI$sp-EdgePartition.scala-87-93=20
org/apache/spark/status/api/v1/TaskMetrics.executorRunTime-api.scala-223-223=563
org/apache/spark/status/api/v1/TaskMetrics.inputMetrics-api.scala-231-231=1175
org/apache/spark/rdd/RDDOperationScope.name-RDDOperationScope.scala-47-47=25
org/apache/spark/graphx/impl/GraphImpl$$anonfun$13$$anonfun$apply$3.apply-GraphImpl.scala-208-208=8
org/apache/spark/rdd/RDD$$anonfun$5.apply-RDD.scala-324-324=26
org/apache/spark/rdd/CoalescedRDDPartition.rdd-CoalescedRDD.scala-39-39=9
org/apache/spark/rdd/RDD.name-RDD.scala-153-153=14
org/apache/spark/util/JsonProtocol$$anonfun$rddInfoToJson$6.apply-JsonProtocol.scala-443-443=50
org/apache/spark/rdd/ShuffledRDDPartition.index-ShuffledRDD.scala-27-27=32
org/apache/spark/rdd/RDD$$anonfun$dependencies$2.apply-RDD.scala-252-252=74
org/apache/spark/rdd/ZippedPartitionsRDD2.rdd2-ZippedPartitionsRDD.scala-83-83=21
org/apache/spark/rdd/RDD.computeOrReadCheckpoint-RDD.scala-343-343=55
org/apache/spark/graphx/impl/ReplicatedVertexView$$anonfun$4.apply-ReplicatedVertexView.scala-113-113=18
org/apache/spark/graphx/impl/EdgePartition.isActive-EdgePartition.scala-114-114=1207
org/apache/spark/status/api/v1/RDDPartitionInfo.executors-api.scala-161-161=6
org/apache/spark/graphx/impl/ReplicatedVertexView$$anonfun$2.apply-ReplicatedVertexView.scala-71-71=13
org/apache/spark/status/api/v1/TaskMetrics.outputMetrics-api.scala-232-232=1165
org/apache/spark/status/api/v1/RDDPartitionInfo.diskUsed-api.scala-160-160=6
org/apache/spark/graphx/Edge$.$lessinit$greater$default$2-Edge.scala-34-34=1161
org/apache/spark/util/JsonProtocol$$anonfun$rddInfoToJson$8.apply-JsonProtocol.scala-445-445=50
org/apache/spark/graphx/impl/AggregatingEdgeContext.attr-EdgePartition.scala-525-525=1149
org/apache/spark/graphx/util/collection/GraphXPrimitiveKeyOpenHashMap$mcJI$sp._values$mcI$sp-GraphXPrimitiveKeyOpenHashMap.scala--1--1=750
org/apache/spark/rdd/CoalescedRDDPartition$$anonfun$writeObject$1.org$apache$spark$rdd$CoalescedRDDPartition$$anonfun$$$outer-CoalescedRDD.scala-45-45=9
org/apache/spark/rdd/ZippedPartitionsPartition$$anonfun$writeObject$1.org$apache$spark$rdd$ZippedPartitionsPartition$$anonfun$$$outer-ZippedPartitionsRDD.scala-38-38=50
org/apache/spark/rdd/CoalescedRDDPartition$$anonfun$writeObject$1.apply-CoalescedRDD.scala-45-45=7
org/apache/spark/graphx/impl/EdgePartition.size-EdgePartition.scala-314-314=1158
org/apache/spark/status/api/v1/TaskMetrics.executorDeserializeCpuTime-api.scala-222-222=477
org/apache/spark/rdd/RDD.preferredLocations-RDD.scala-296-296=20
org/apache/spark/rdd/RDD.dependencies-RDD.scala-252-252=73
org/apache/spark/status/api/v1/ShuffleReadMetrics.fetchWaitTime-api.scala-247-247=462
org/apache/spark/graphx/impl/VertexAttributeBlock.iterator-ShippableVertexPartition.scala-31-31=175
org/apache/spark/graphx/Edge.attr_$eq-Edge.scala-35-35=1143
org/apache/spark/rdd/MapPartitionsRDD.isBarrier_-MapPartitionsRDD.scala-60-60=10
org/apache/spark/rdd/RDD$$anonfun$mapPartitions$1$$anonfun$apply$23.apply-RDD.scala-823-823=20
org/apache/spark/graphx/impl/EdgePartition.numActives-EdgePartition.scala-118-118=9
org/apache/spark/status/api/v1/TaskMetrics.shuffleReadMetrics-api.scala-233-233=3613
org/apache/spark/status/api/v1/RDDPartitionInfo.memoryUsed-api.scala-159-159=7
org/apache/spark/status/api/v1/ShuffleReadMetrics.remoteBlocksFetched-api.scala-245-245=473
org/apache/spark/status/api/v1/ShuffleWriteMetrics.recordsWritten-api.scala-256-256=576
org/apache/spark/status/api/v1/TaskMetrics.diskBytesSpilled-api.scala-229-229=589
org/apache/spark/util/JsonProtocol$$anonfun$rddInfoToJson$1.apply-JsonProtocol.scala-437-437=51
org/apache/spark/graphx/Edge$.$lessinit$greater$default$1-Edge.scala-33-33=1152
org/apache/spark/graphx/impl/AggregatingEdgeContext.dstId-EdgePartition.scala-522-522=1331
org/apache/spark/graphx/EdgeTriplet.srcAttr-EdgeTriplet.scala-30-30=2280
org/apache/spark/graphx/impl/AggregatingEdgeContext.set-EdgePartition.scala-499-505=1150
org/apache/spark/status/api/v1/TaskMetrics.resultSerializationTime-api.scala-227-227=460
org/apache/spark/graphx/Edge.dstId_$eq-Edge.scala-34-34=1152
org/apache/spark/rdd/RDD$$anonfun$partitions$2.apply-RDD.scala-269-269=103
org/apache/spark/rdd/RDD.getStorageLevel-RDD.scala-223-223=18
org/apache/spark/rdd/RDDOperationScope.id-RDDOperationScope.scala-49-49=25
org/apache/spark/graphx/impl/ReplicatedVertexView$$anonfun$3$$anonfun$apply$3$$anonfun$apply$4.apply-ReplicatedVertexView.scala-95-95=185
org/apache/spark/graphx/EdgeTriplet.srcAttr_$eq-EdgeTriplet.scala-30-30=1146
org/apache/spark/rdd/RDD$$anonfun$4.apply-RDD.scala-323-323=34
org/apache/spark/util/JsonProtocol$$anonfun$rddInfoToJson$4$$anonfun$apply$19.apply-JsonProtocol.scala-439-439=50
org/apache/spark/rdd/InputFileBlockHolder$$anon$1.initialValue-InputFileBlockHolder.scala-53-53=1
org/apache/spark/rdd/RDD.sparkContext-RDD.scala-147-147=1
org/apache/spark/rdd/RDDOperationScope$.org$apache$spark$rdd$RDDOperationScope$$jsonMapper-RDDOperationScope.scala-82-82=25
org/apache/spark/rdd/InputFileBlockHolder$.initialize-InputFileBlockHolder.scala-92-92=1
org/apache/spark/util/JsonProtocol$$anonfun$rddInfoToJson$9.apply-JsonProtocol.scala-446-446=50
org/apache/spark/graphx/EdgeContext.toEdgeTriplet-EdgeContext.scala-43-49=1139
org/apache/spark/util/JsonProtocol$$anonfun$rddInfoToJson$3.apply-JsonProtocol.scala-439-439=50
org/apache/spark/graphx/impl/ReplicatedVertexView$$anonfun$2$$anonfun$apply$1.apply-ReplicatedVertexView.scala-71-71=18
org/apache/spark/rdd/RDD.checkpointData-RDD.scala-1751-1751=236
org/apache/spark/status/api/v1/ShuffleReadMetrics.localBytesRead-api.scala-250-250=588
org/apache/spark/util/JsonProtocol$$anonfun$rddInfoToJson$4.apply-JsonProtocol.scala-439-439=50
org/apache/spark/graphx/Edge$.$lessinit$greater$default$3-Edge.scala-35-35=1156
org/apache/spark/graphx/impl/AggregatingEdgeContext.dstAttr-EdgePartition.scala-524-524=1164
org/apache/spark/graphx/GraphXUtils$$anonfun$org$apache$spark$graphx$GraphXUtils$$sendMsg$1$1.apply-GraphXUtils.scala-58-58=344
org/apache/spark/rdd/MapPartitionsRDD.compute-MapPartitionsRDD.scala-52-52=10
org/apache/spark/status/api/v1/TaskMetrics.executorDeserializeTime-api.scala-221-221=538
org/apache/spark/rdd/ZippedPartitionsPartition.partitionValues-ZippedPartitionsRDD.scala-34-34=17
org/apache/spark/graphx/impl/ReplicatedVertexView$$anonfun$2$$anonfun$apply$1$$anonfun$apply$2.apply-ReplicatedVertexView.scala-73-73=155
org/apache/spark/rdd/RDD$$anonfun$getNarrowAncestors$1.apply-RDD.scala-335-335=26
org/apache/spark/graphx/impl/EdgePartition$$anonfun$aggregateMessagesEdgeScan$1.apply-EdgePartition.scala-414-414=93
org/apache/spark/rdd/RDDOperationScope.parent-RDDOperationScope.scala-48-48=25
org/apache/spark/rdd/RDD.partitions-RDD.scala-269-269=103
org/apache/spark/rdd/RDD$$anon$1.next-RDD.scala-367-368=6
org/apache/spark/graphx/impl/AggregatingEdgeContext.srcId-EdgePartition.scala-521-521=1487
org/apache/spark/status/api/v1/JobData.jobId-api.scala-110-110=22
org/apache/spark/status/api/v1/ExecutorSummary.id-api.scala-77-77=42
org/apache/spark/rdd/RDD$$anonfun$7.apply-RDD.scala-357-357=6
org/apache/spark/status/api/v1/TaskMetrics.jvmGcTime-api.scala-226-226=461
org/apache/spark/graphx/impl/ReplicatedVertexView$$anonfun$4$$anonfun$apply$5$$anonfun$apply$6.apply-ReplicatedVertexView.scala-115-115=196
org/apache/spark/graphx/lib/ConnectedComponents$$anonfun$1.apply$mcJJJ$sp-ConnectedComponents.scala-57-57=265
org/apache/spark/graphx/impl/ReplicatedVertexView$$anonfun$4$$anonfun$apply$5.apply-ReplicatedVertexView.scala-113-113=20
org/apache/spark/status/api/v1/RDDStorageInfo.id-api.scala-132-132=161
org/apache/spark/graphx/Edge.dstId-Edge.scala-34-34=186
org/apache/spark/rdd/RDD$$anonfun$org$apache$spark$rdd$RDD$$visit$1$1.apply-RDD.scala-327-328=13
org/apache/spark/graphx/util/collection/GraphXPrimitiveKeyOpenHashMap$mcJI$sp.keySet$mcJ$sp-GraphXPrimitiveKeyOpenHashMap.scala--1--1=763
org/apache/spark/rdd/ShuffledRDD.compute-ShuffledRDD.scala-103-105=19
org/apache/spark/graphx/impl/EdgePartition$mcI$sp.withActiveSet-EdgePartition.scala-77-77=9
org/apache/spark/graphx/lib/ConnectedComponents$$anonfun$4.apply-ConnectedComponents.scala-56-56=2272
