org/apache/spark/status/api/v1/OutputMetrics.bytesWritten-api.scala-241-241=87
org/apache/spark/graphx/impl/EdgePartition$mcI$sp.updateVertices-EdgePartition.scala-86-86=9
org/apache/spark/rdd/CoalescedRDDPartition.parents_$eq-CoalescedRDD.scala-42-42=7
org/apache/spark/status/api/v1/TaskMetrics.resultSize-api.scala-225-225=68
org/apache/spark/graphx/util/collection/GraphXPrimitiveKeyOpenHashMap.size-GraphXPrimitiveKeyOpenHashMap.scala-59-59=8
org/apache/spark/rdd/ZippedPartitionsPartition$$anonfun$writeObject$1.apply-ZippedPartitionsRDD.scala-38-38=42
org/apache/spark/rdd/ZippedPartitionsRDD2.rdd1-ZippedPartitionsRDD.scala-82-82=9
org/apache/spark/graphx/util/collection/GraphXPrimitiveKeyOpenHashMap$mcJI$sp.apply$mcJI$sp-GraphXPrimitiveKeyOpenHashMap.scala-63-64=61
org/apache/spark/rdd/RDD.org$apache$spark$rdd$RDD$$partitions_-RDD.scala-242-242=239
org/apache/spark/rdd/ZippedPartitionsPartition.index-ZippedPartitionsRDD.scala-33-33=26
org/apache/spark/status/api/v1/ShuffleReadMetrics.localBlocksFetched-api.scala-246-246=57
org/apache/spark/graphx/Edge.srcId_$eq-Edge.scala-33-33=304
org/apache/spark/rdd/RDD.id-RDD.scala-150-150=138
org/apache/spark/rdd/RDD.scope-RDD.scala-1743-1743=16
org/apache/spark/status/api/v1/InputMetrics.recordsRead-api.scala-238-238=91
org/apache/spark/rdd/ZippedPartitionsRDD2.f-ZippedPartitionsRDD.scala-81-81=9
org/apache/spark/util/JsonProtocol$$anonfun$rddInfoToJson$5.apply-JsonProtocol.scala-440-440=64
org/apache/spark/status/api/v1/ShuffleWriteMetrics.writeTime-api.scala-255-255=73
org/apache/spark/status/api/v1/TaskMetrics.peakExecutionMemory-api.scala-230-230=73
org/apache/spark/rdd/CoalescedRDDPartition$$anonfun$writeObject$1$$anonfun$apply$mcV$sp$1.apply-CoalescedRDD.scala-47-47=26
org/apache/spark/status/api/v1/TaskMetrics.shuffleWriteMetrics-api.scala-234-234=270
org/apache/spark/status/api/v1/StageData.attemptId-api.scala-166-166=14
org/apache/spark/graphx/EdgeDirection$.Either-EdgeDirection.scala-57-57=9
org/apache/spark/rdd/ZippedPartitionsPartition$$anonfun$writeObject$1.apply$mcV$sp-ZippedPartitionsRDD.scala-40-41=43
org/apache/spark/graphx/impl/EdgePartition.aggregateMessagesEdgeScan-EdgePartition.scala-388-414=6
org/apache/spark/status/api/v1/StageData.stageId-api.scala-165-165=14
org/apache/spark/status/api/v1/ShuffleReadMetrics.remoteBytesReadToDisk-api.scala-249-249=65
org/apache/spark/rdd/RDD.getNarrowAncestors-RDD.scala-320-335=1
org/apache/spark/rdd/RDD.elementClassTag-RDD.scala-1749-1749=10
org/apache/spark/graphx/impl/EdgePartition.indexSize-EdgePartition.scala-317-317=9
org/apache/spark/graphx/impl/VertexAttributeBlock.attrs-ShippableVertexPartition.scala-28-28=62
org/apache/spark/graphx/impl/VertexAttributeBlock$$anonfun$iterator$1.apply-ShippableVertexPartition.scala-31-31=126
org/apache/spark/status/api/v1/TaskMetrics.memoryBytesSpilled-api.scala-228-228=93
org/apache/spark/rdd/RDD.isCheckpointedAndMaterialized-RDD.scala-1677-1677=27
org/apache/spark/rdd/ZippedPartitionsRDD2.compute-ZippedPartitionsRDD.scala-88-89=14
org/apache/spark/graphx/impl/ReplicatedVertexView$$anonfun$3.apply-ReplicatedVertexView.scala-93-93=18
org/apache/spark/graphx/util/collection/GraphXPrimitiveKeyOpenHashMap$mcJI$sp.keySet-GraphXPrimitiveKeyOpenHashMap.scala-34-34=72
org/apache/spark/graphx/EdgeTriplet.dstAttr_$eq-EdgeTriplet.scala-35-35=317
org/apache/spark/status/api/v1/ShuffleReadMetrics.recordsRead-api.scala-251-251=106
org/apache/spark/rdd/ZippedPartitionsPartition.org$apache$spark$rdd$ZippedPartitionsPartition$$rdds-ZippedPartitionsRDD.scala-29-29=34
org/apache/spark/rdd/RDD$$anonfun$org$apache$spark$rdd$RDD$$visit$1$1.apply-RDD.scala-326-326=15
org/apache/spark/status/api/v1/OutputMetrics.recordsWritten-api.scala-242-242=90
org/apache/spark/rdd/RDD.creationSite-RDD.scala-1734-1734=16
org/apache/spark/graphx/impl/EdgePartition$mcI$sp.withActiveSet$mcI$sp-EdgePartition.scala-78-80=10
org/apache/spark/rdd/ZippedPartitionsPartition.partitionValues_$eq-ZippedPartitionsRDD.scala-34-34=34
org/apache/spark/graphx/impl/AggregatingEdgeContext.srcAttr-EdgePartition.scala-523-523=310
org/apache/spark/rdd/RDD$$anonfun$6.apply-RDD.scala-325-325=30
org/apache/spark/rdd/CoalescedRDDPartition$$anonfun$writeObject$1.apply$mcV$sp-CoalescedRDD.scala-47-48=9
org/apache/spark/rdd/RDD$$anonfun$preferredLocations$2.apply-RDD.scala-297-297=20
org/apache/spark/rdd/RDD.org$apache$spark$rdd$RDD$$dependencies_-RDD.scala-241-241=150
org/apache/spark/graphx/EdgeDirection$.Both-EdgeDirection.scala-60-60=9
org/apache/spark/status/api/v1/TaskMetrics.executorCpuTime-api.scala-224-224=86
org/apache/spark/graphx/EdgeTriplet.dstAttr-EdgeTriplet.scala-35-35=620
org/apache/spark/graphx/lib/ConnectedComponents$.org$apache$spark$graphx$lib$ConnectedComponents$$sendMessage$1-ConnectedComponents.scala-44-44=307
org/apache/spark/rdd/RDDOperationScope.toJson-RDDOperationScope.scala-52-52=32
org/apache/spark/graphx/GraphXUtils$$anonfun$mapReduceTriplets$1.apply-GraphXUtils.scala-70-70=624
org/apache/spark/rdd/RDD.org$apache$spark$rdd$RDD$$visit$1-RDD.scala-323-326=16
org/apache/spark/rdd/RDD.isBarrier-RDD.scala-1931-1931=10
org/apache/spark/graphx/impl/GraphImpl$$anonfun$13.apply-GraphImpl.scala-208-208=18
org/apache/spark/status/api/v1/InputMetrics.bytesRead-api.scala-237-237=95
org/apache/spark/rdd/ZippedPartitionsPartition$$anonfun$writeObject$1$$anonfun$apply$mcV$sp$1.apply-ZippedPartitionsRDD.scala-40-40=133
org/apache/spark/rdd/RDD.getPreferredLocations-RDD.scala-137-137=10
org/apache/spark/rdd/ZippedPartitionsPartition.preferredLocations-ZippedPartitionsRDD.scala-30-30=10
org/apache/spark/status/api/v1/ExecutorSummary.hostPort-api.scala-78-78=15
org/apache/spark/rdd/ZippedPartitionsBaseRDD.getPreferredLocations-ZippedPartitionsRDD.scala-70-70=10
org/apache/spark/graphx/GraphXUtils$.org$apache$spark$graphx$GraphXUtils$$sendMsg$1-GraphXUtils.scala-58-58=318
org/apache/spark/rdd/RDD.getOrCompute-RDD.scala-354-357=12
org/apache/spark/rdd/RDD.iterator-RDD.scala-307-307=48
org/apache/spark/rdd/ZippedPartitionsPartition.partitions-ZippedPartitionsRDD.scala-35-35=9
org/apache/spark/rdd/ZippedPartitionsRDD2.getPreferredLocations-ZippedPartitionsRDD.scala-70-70=10
org/apache/spark/status/api/v1/ShuffleWriteMetrics.bytesWritten-api.scala-254-254=102
org/apache/spark/graphx/impl/VertexAttributeBlock.vids-ShippableVertexPartition.scala-28-28=140
org/apache/spark/util/JsonProtocol$$anonfun$rddInfoToJson$7.apply-JsonProtocol.scala-444-444=64
org/apache/spark/graphx/impl/ReplicatedVertexView$$anonfun$3$$anonfun$apply$3.apply-ReplicatedVertexView.scala-93-93=18
org/apache/spark/rdd/CoalescedRDDPartition.parentsIndices-CoalescedRDD.scala-40-40=6
org/apache/spark/rdd/RDD.firstParent-RDD.scala-1763-1763=5
org/apache/spark/util/JsonProtocol$$anonfun$rddInfoToJson$2.apply-JsonProtocol.scala-437-437=64
org/apache/spark/status/api/v1/ShuffleReadMetrics.remoteBytesRead-api.scala-248-248=85
org/apache/spark/rdd/InputFileBlockHolder$.unset-InputFileBlockHolder.scala-86-86=6
org/apache/spark/graphx/impl/EdgePartition$$anonfun$numActives$1.apply-EdgePartition.scala-118-118=18
org/apache/spark/graphx/EdgeDirection.equals-EdgeDirection.scala-37-37=18
org/apache/spark/graphx/impl/EdgePartition$mcI$sp.updateVertices$mcI$sp-EdgePartition.scala-87-93=9
org/apache/spark/status/api/v1/TaskMetrics.inputMetrics-api.scala-231-231=192
org/apache/spark/status/api/v1/TaskMetrics.executorRunTime-api.scala-223-223=79
org/apache/spark/rdd/RDDOperationScope.name-RDDOperationScope.scala-47-47=32
org/apache/spark/graphx/impl/GraphImpl$$anonfun$13$$anonfun$apply$3.apply-GraphImpl.scala-208-208=13
org/apache/spark/rdd/RDD$$anonfun$5.apply-RDD.scala-324-324=30
org/apache/spark/rdd/CoalescedRDDPartition.rdd-CoalescedRDD.scala-39-39=9
org/apache/spark/rdd/RDD.name-RDD.scala-153-153=16
org/apache/spark/util/JsonProtocol$$anonfun$rddInfoToJson$6.apply-JsonProtocol.scala-443-443=64
org/apache/spark/rdd/ShuffledRDDPartition.index-ShuffledRDD.scala-27-27=28
org/apache/spark/rdd/RDD$$anonfun$dependencies$2.apply-RDD.scala-252-252=72
org/apache/spark/rdd/ZippedPartitionsRDD2.rdd2-ZippedPartitionsRDD.scala-83-83=16
org/apache/spark/rdd/RDD.computeOrReadCheckpoint-RDD.scala-343-343=39
org/apache/spark/graphx/impl/ReplicatedVertexView$$anonfun$4.apply-ReplicatedVertexView.scala-113-113=10
org/apache/spark/graphx/impl/EdgePartition.isActive-EdgePartition.scala-114-114=1895
org/apache/spark/status/api/v1/RDDPartitionInfo.executors-api.scala-161-161=4
org/apache/spark/status/api/v1/TaskMetrics.outputMetrics-api.scala-232-232=180
org/apache/spark/status/api/v1/RDDPartitionInfo.diskUsed-api.scala-160-160=3
org/apache/spark/graphx/Edge$.$lessinit$greater$default$2-Edge.scala-34-34=311
org/apache/spark/util/JsonProtocol$$anonfun$rddInfoToJson$8.apply-JsonProtocol.scala-445-445=64
org/apache/spark/graphx/impl/AggregatingEdgeContext.attr-EdgePartition.scala-525-525=315
org/apache/spark/graphx/util/collection/GraphXPrimitiveKeyOpenHashMap$mcJI$sp._values$mcI$sp-GraphXPrimitiveKeyOpenHashMap.scala--1--1=62
org/apache/spark/rdd/CoalescedRDDPartition$$anonfun$writeObject$1.org$apache$spark$rdd$CoalescedRDDPartition$$anonfun$$$outer-CoalescedRDD.scala-45-45=9
org/apache/spark/rdd/ZippedPartitionsPartition$$anonfun$writeObject$1.org$apache$spark$rdd$ZippedPartitionsPartition$$anonfun$$$outer-ZippedPartitionsRDD.scala-38-38=66
org/apache/spark/rdd/CoalescedRDDPartition$$anonfun$writeObject$1.apply-CoalescedRDD.scala-45-45=9
org/apache/spark/graphx/impl/EdgePartition.size-EdgePartition.scala-314-314=1026
org/apache/spark/status/api/v1/TaskMetrics.executorDeserializeCpuTime-api.scala-222-222=60
org/apache/spark/rdd/RDD.preferredLocations-RDD.scala-296-296=20
org/apache/spark/rdd/RDD.dependencies-RDD.scala-252-252=72
org/apache/spark/status/api/v1/ShuffleReadMetrics.fetchWaitTime-api.scala-247-247=63
org/apache/spark/graphx/impl/VertexAttributeBlock.iterator-ShippableVertexPartition.scala-31-31=78
org/apache/spark/graphx/Edge.attr_$eq-Edge.scala-35-35=322
org/apache/spark/rdd/MapPartitionsRDD.isBarrier_-MapPartitionsRDD.scala-60-60=10
org/apache/spark/rdd/RDD$$anonfun$mapPartitions$1$$anonfun$apply$23.apply-RDD.scala-823-823=19
org/apache/spark/graphx/impl/EdgePartition.numActives-EdgePartition.scala-118-118=9
org/apache/spark/status/api/v1/TaskMetrics.shuffleReadMetrics-api.scala-233-233=543
org/apache/spark/status/api/v1/RDDPartitionInfo.memoryUsed-api.scala-159-159=3
org/apache/spark/status/api/v1/ShuffleReadMetrics.remoteBlocksFetched-api.scala-245-245=66
org/apache/spark/status/api/v1/ShuffleWriteMetrics.recordsWritten-api.scala-256-256=89
org/apache/spark/status/api/v1/TaskMetrics.diskBytesSpilled-api.scala-229-229=92
org/apache/spark/util/JsonProtocol$$anonfun$rddInfoToJson$1.apply-JsonProtocol.scala-437-437=64
org/apache/spark/graphx/Edge$.$lessinit$greater$default$1-Edge.scala-33-33=314
org/apache/spark/graphx/impl/AggregatingEdgeContext.dstId-EdgePartition.scala-522-522=314
org/apache/spark/graphx/EdgeTriplet.srcAttr-EdgeTriplet.scala-30-30=623
org/apache/spark/graphx/impl/AggregatingEdgeContext.set-EdgePartition.scala-499-505=311
org/apache/spark/status/api/v1/TaskMetrics.resultSerializationTime-api.scala-227-227=68
org/apache/spark/graphx/Edge.dstId_$eq-Edge.scala-34-34=316
org/apache/spark/rdd/RDD$$anonfun$partitions$2.apply-RDD.scala-269-269=123
org/apache/spark/rdd/RDD.getStorageLevel-RDD.scala-223-223=20
org/apache/spark/rdd/RDDOperationScope.id-RDDOperationScope.scala-49-49=32
org/apache/spark/graphx/impl/ReplicatedVertexView$$anonfun$3$$anonfun$apply$3$$anonfun$apply$4.apply-ReplicatedVertexView.scala-95-95=193
org/apache/spark/graphx/EdgeTriplet.srcAttr_$eq-EdgeTriplet.scala-30-30=310
org/apache/spark/rdd/RDD$$anonfun$4.apply-RDD.scala-323-323=40
org/apache/spark/util/JsonProtocol$$anonfun$rddInfoToJson$4$$anonfun$apply$19.apply-JsonProtocol.scala-439-439=64
org/apache/spark/rdd/InputFileBlockHolder$$anon$1.initialValue-InputFileBlockHolder.scala-53-53=3
org/apache/spark/rdd/RDD.sparkContext-RDD.scala-147-147=1
org/apache/spark/rdd/RDDOperationScope$.org$apache$spark$rdd$RDDOperationScope$$jsonMapper-RDDOperationScope.scala-82-82=32
org/apache/spark/rdd/InputFileBlockHolder$.initialize-InputFileBlockHolder.scala-92-92=2
org/apache/spark/util/JsonProtocol$$anonfun$rddInfoToJson$9.apply-JsonProtocol.scala-446-446=64
org/apache/spark/graphx/EdgeContext.toEdgeTriplet-EdgeContext.scala-43-49=316
org/apache/spark/util/JsonProtocol$$anonfun$rddInfoToJson$3.apply-JsonProtocol.scala-439-439=64
org/apache/spark/rdd/RDD.checkpointData-RDD.scala-1751-1751=243
org/apache/spark/status/api/v1/ShuffleReadMetrics.localBytesRead-api.scala-250-250=97
org/apache/spark/util/JsonProtocol$$anonfun$rddInfoToJson$4.apply-JsonProtocol.scala-439-439=64
org/apache/spark/graphx/Edge$.$lessinit$greater$default$3-Edge.scala-35-35=306
org/apache/spark/graphx/impl/AggregatingEdgeContext.dstAttr-EdgePartition.scala-524-524=315
org/apache/spark/rdd/MapPartitionsRDD.compute-MapPartitionsRDD.scala-52-52=10
org/apache/spark/status/api/v1/TaskMetrics.executorDeserializeTime-api.scala-221-221=72
org/apache/spark/rdd/ZippedPartitionsPartition.partitionValues-ZippedPartitionsRDD.scala-34-34=9
org/apache/spark/rdd/RDD$$anonfun$getNarrowAncestors$1.apply-RDD.scala-335-335=30
org/apache/spark/rdd/RDDOperationScope.parent-RDDOperationScope.scala-48-48=32
org/apache/spark/rdd/RDD.partitions-RDD.scala-269-269=124
org/apache/spark/rdd/RDD$$anon$1.next-RDD.scala-367-368=6
org/apache/spark/graphx/impl/AggregatingEdgeContext.srcId-EdgePartition.scala-521-521=304
org/apache/spark/status/api/v1/ExecutorSummary.id-api.scala-77-77=15
org/apache/spark/status/api/v1/JobData.jobId-api.scala-110-110=10
org/apache/spark/rdd/RDD$$anonfun$7.apply-RDD.scala-357-357=6
org/apache/spark/status/api/v1/TaskMetrics.jvmGcTime-api.scala-226-226=67
org/apache/spark/graphx/impl/ReplicatedVertexView$$anonfun$4$$anonfun$apply$5$$anonfun$apply$6.apply-ReplicatedVertexView.scala-115-115=155
org/apache/spark/graphx/impl/ReplicatedVertexView$$anonfun$4$$anonfun$apply$5.apply-ReplicatedVertexView.scala-113-113=19
org/apache/spark/status/api/v1/RDDStorageInfo.id-api.scala-132-132=40
org/apache/spark/rdd/RDD$$anonfun$org$apache$spark$rdd$RDD$$visit$1$1.apply-RDD.scala-327-328=15
org/apache/spark/graphx/util/collection/GraphXPrimitiveKeyOpenHashMap$mcJI$sp.keySet$mcJ$sp-GraphXPrimitiveKeyOpenHashMap.scala--1--1=73
org/apache/spark/rdd/ShuffledRDD.compute-ShuffledRDD.scala-103-105=14
org/apache/spark/graphx/impl/EdgePartition$mcI$sp.withActiveSet-EdgePartition.scala-77-77=10
org/apache/spark/graphx/lib/ConnectedComponents$$anonfun$4.apply-ConnectedComponents.scala-56-56=629
