org/apache/spark/rdd/RDD.doCheckpoint-RDD.scala-1800-1800=18
org/apache/spark/rdd/ZippedPartitionsPartition$$anonfun$writeObject$1.apply-ZippedPartitionsRDD.scala-38-38=38
org/apache/spark/graphx/impl/VertexRDDImpl.getPreferredLocations-VertexRDDImpl.scala-40-40=10
org/apache/spark/rdd/RDD.getNumPartitions-RDD.scala-289-289=7
org/apache/spark/rdd/RDD.org$apache$spark$rdd$RDD$$partitions_-RDD.scala-242-242=446
org/apache/spark/graphx/impl/ShippableVertexPartitionOps.org$apache$spark$internal$Logging$$log__$eq-ShippableVertexPartition.scala-34-34=6
org/apache/spark/graphx/impl/ShippableVertexPartition.size-ShippableVertexPartition.scala-71-71=4
org/apache/spark/rdd/RDD.org$apache$spark$rdd$RDD$$sc-RDD.scala-89-100=41
org/apache/spark/rdd/RDD$.rddToPairRDDFunctions-RDD.scala-2016-2016=1
org/apache/spark/graphx/Pregel$.org$apache$spark$internal$Logging$$log_-Pregel.scala-59-59=2
org/apache/spark/status/api/v1/InputMetrics.recordsRead-api.scala-238-238=87
org/apache/spark/rdd/ZippedPartitionsRDD2.f-ZippedPartitionsRDD.scala-81-81=4
org/apache/spark/graphx/impl/VertexRDDImpl$$anonfun$count$2.apply-VertexRDDImpl.scala-90-90=10
org/apache/spark/status/api/v1/TaskMetrics.shuffleWriteMetrics-api.scala-234-234=229
org/apache/spark/status/api/v1/StageData.attemptId-api.scala-166-166=23
org/apache/spark/rdd/RDD$.CHECKPOINT_ALL_MARKED_ANCESTORS-RDD.scala-2006-2006=1
org/apache/spark/rdd/ZippedPartitionsPartition$$anonfun$writeObject$1.apply$mcV$sp-ZippedPartitionsRDD.scala-40-41=39
org/apache/spark/graphx/impl/VertexRDDImpl.vdTag-VertexRDDImpl.scala-30-30=3
org/apache/spark/graphx/impl/ShippableVertexPartition$ShippableVertexPartitionOpsConstructor$.toOps-ShippableVertexPartition.scala-85-85=5
org/apache/spark/status/api/v1/ShuffleReadMetrics.remoteBytesReadToDisk-api.scala-249-249=57
org/apache/spark/rdd/RDD.getNarrowAncestors-RDD.scala-320-335=9
org/apache/spark/graphx/impl/VertexRDDImpl$$anonfun$5.org$apache$spark$graphx$impl$VertexRDDImpl$$anonfun$$$outer-VertexRDDImpl.scala-215-215=5
org/apache/spark/graphx/impl/ShippableVertexPartitionOps.withValues-ShippableVertexPartition.scala-152-152=5
org/apache/spark/graphx/impl/VertexRDDImpl$$anonfun$count$1.apply$mcJJJ$sp-VertexRDDImpl.scala-90-90=9
org/apache/spark/status/api/v1/TaskMetrics.memoryBytesSpilled-api.scala-228-228=85
org/apache/spark/rdd/RDD.isCheckpointedAndMaterialized-RDD.scala-1677-1677=13
org/apache/spark/rdd/ZippedPartitionsRDD2.compute-ZippedPartitionsRDD.scala-88-89=5
org/apache/spark/rdd/RDD.isBarrier_-RDD.scala-1935-1935=2
org/apache/spark/rdd/RDD$$anonfun$mapPartitions$1.apply-RDD.scala-819-819=1
org/apache/spark/rdd/RDD.org$apache$spark$rdd$RDD$$doCheckpointCalled-RDD.scala-1792-1792=18
org/apache/spark/graphx/impl/VertexPartitionBase.capacity-VertexPartitionBase.scala-69-69=14
org/apache/spark/rdd/ZippedPartitionsPartition.org$apache$spark$rdd$ZippedPartitionsPartition$$rdds-ZippedPartitionsRDD.scala-29-29=39
org/apache/spark/status/api/v1/OutputMetrics.recordsWritten-api.scala-242-242=92
org/apache/spark/rdd/RDD.creationSite-RDD.scala-1734-1734=94
org/apache/spark/rdd/RDD$$anonfun$isBarrier_$2.apply-RDD.scala-1936-1936=2
org/apache/spark/rdd/RDD$$anonfun$6.apply-RDD.scala-325-325=170
org/apache/spark/rdd/RDD.log-RDD.scala-77-77=8
org/apache/spark/rdd/RDD.org$apache$spark$rdd$RDD$$dependencies_-RDD.scala-241-241=737
org/apache/spark/status/api/v1/TaskMetrics.executorCpuTime-api.scala-224-224=83
org/apache/spark/graphx/impl/ShippableVertexPartition.capacity-ShippableVertexPartition.scala-69-69=11
org/apache/spark/graphx/impl/VertexRDDImpl$$anonfun$count$1.apply-VertexRDDImpl.scala-90-90=17
org/apache/spark/rdd/RDDOperationScope.toJson-RDDOperationScope.scala-52-52=74
org/apache/spark/rdd/RDD$$anonfun$isBarrier_$1.apply-RDD.scala-1936-1936=2
org/apache/spark/status/api/v1/InputMetrics.bytesRead-api.scala-237-237=86
org/apache/spark/graphx/impl/ReplicatedVertexView.edges-ReplicatedVertexView.scala-34-34=1
org/apache/spark/rdd/RDD.getPreferredLocations-RDD.scala-137-137=10
org/apache/spark/status/api/v1/ExecutorSummary.hostPort-api.scala-78-78=122
org/apache/spark/rdd/PairRDDFunctions.org$apache$spark$internal$Logging$$log__$eq-PairRDDFunctions.scala-49-49=1
org/apache/spark/rdd/RDD$$anonfun$doCheckpoint$1.apply-RDD.scala-1801-1801=18
org/apache/spark/graphx/impl/EdgeRDDImpl.partitionsRDD-EdgeRDDImpl.scala-28-28=2
org/apache/spark/rdd/MapPartitionsRDD$$anonfun$isBarrier_$1.apply-MapPartitionsRDD.scala-60-60=2
org/apache/spark/rdd/RDD.getOrCompute-RDD.scala-354-357=6
org/apache/spark/rdd/ZippedPartitionsRDD2.getPreferredLocations-ZippedPartitionsRDD.scala-70-70=10
org/apache/spark/status/api/v1/ShuffleWriteMetrics.bytesWritten-api.scala-254-254=87
org/apache/spark/rdd/RDD.context-RDD.scala-1772-1772=3
org/apache/spark/graphx/impl/ShippableVertexPartitionOps.aggregateUsingIndex-ShippableVertexPartition.scala-219-234=3
org/apache/spark/rdd/RDD.firstParent-RDD.scala-1763-1763=5
org/apache/spark/rdd/RDDOperationScope$.withScope-RDDOperationScope.scala-134-155=20
org/apache/spark/rdd/RDD.org$apache$spark$rdd$RDD$$stateLock-RDD.scala-237-237=4
org/apache/spark/rdd/RDDOperationScope.name-RDDOperationScope.scala-47-47=102
org/apache/spark/rdd/RDD$$anonfun$5.apply-RDD.scala-324-324=170
org/apache/spark/rdd/RDD.name-RDD.scala-153-153=87
org/apache/spark/graphx/impl/ShippableVertexPartition.routingTable-ShippableVertexPartition.scala-101-101=11
org/apache/spark/rdd/PairRDDFunctions.saveAsHadoopFile$default$6-PairRDDFunctions.scala-1032-1032=1
org/apache/spark/rdd/RDD$$anonfun$dependencies$2.apply-RDD.scala-252-252=369
org/apache/spark/rdd/RDD.computeOrReadCheckpoint-RDD.scala-343-343=12
org/apache/spark/rdd/ZippedPartitionsRDD2.rdd2-ZippedPartitionsRDD.scala-83-83=4
org/apache/spark/rdd/RDD.unpersist-RDD.scala-216-219=8
org/apache/spark/rdd/RDD.org$apache$spark$internal$Logging$$log_-RDD.scala-77-77=16
org/apache/spark/status/api/v1/RDDPartitionInfo.executors-api.scala-161-161=79
org/apache/spark/status/api/v1/TaskMetrics.outputMetrics-api.scala-232-232=179
org/apache/spark/rdd/RDD.conf-RDD.scala-107-107=2
org/apache/spark/rdd/RDD$$anonfun$37.apply-RDD.scala-1744-1744=2
org/apache/spark/rdd/util/PeriodicRDDCheckpointer.unpersist-PeriodicRDDCheckpointer.scala-92-92=3
org/apache/spark/graphx/lib/ConnectedComponents$.run-ConnectedComponents.scala-73-73=1
org/apache/spark/util/JsonProtocol$$anonfun$rddInfoToJson$8.apply-JsonProtocol.scala-445-445=110
org/apache/spark/graphx/VertexRDD.getPartitions-VertexRDD.scala-63-63=1
org/apache/spark/rdd/ZippedPartitionsPartition$$anonfun$writeObject$1.org$apache$spark$rdd$ZippedPartitionsPartition$$anonfun$$$outer-ZippedPartitionsRDD.scala-38-38=83
org/apache/spark/rdd/RDDOperationScope$.withScope$default$2-RDDOperationScope.scala-101-101=5
org/apache/spark/rdd/RDD.preferredLocations-RDD.scala-296-296=30
org/apache/spark/rdd/RDDOperationScope$$anonfun$3.apply-RDDOperationScope.scala-106-106=10
org/apache/spark/graphx/impl/VertexRDDImpl.count-VertexRDDImpl.scala-90-90=1
org/apache/spark/rdd/RDD.org$apache$spark$rdd$RDD$$dependencies__$eq-RDD.scala-241-241=2
org/apache/spark/graphx/impl/VertexRDDImpl.getStorageLevel-VertexRDDImpl.scala-74-74=2
org/apache/spark/graphx/GraphOps.connectedComponents-GraphOps.scala-434-434=1
org/apache/spark/util/JsonProtocol$$anonfun$rddInfoToJson$1.apply-JsonProtocol.scala-437-437=110
org/apache/spark/graphx/impl/VertexRDDImpl.unpersist-VertexRDDImpl.scala-27-27=6
org/apache/spark/status/api/v1/TaskMetrics.resultSerializationTime-api.scala-227-227=54
org/apache/spark/rdd/RDD.getStorageLevel-RDD.scala-223-223=90
org/apache/spark/rdd/RDD$$anonfun$doCheckpoint$1$$anonfun$apply$mcV$sp$2.apply-RDD.scala-1813-1813=34
org/apache/spark/rdd/RDDOperationScope$$anonfun$1.apply-RDDOperationScope.scala-104-104=20
org/apache/spark/rdd/RDD.sparkContext-RDD.scala-147-147=1
org/apache/spark/rdd/InputFileBlockHolder$.initialize-InputFileBlockHolder.scala-92-92=3
org/apache/spark/util/JsonProtocol$$anonfun$rddInfoToJson$3.apply-JsonProtocol.scala-439-439=111
org/apache/spark/graphx/impl/VertexRDDImpl$$anonfun$5$$anonfun$apply$5.apply-VertexRDDImpl.scala-216-216=4
org/apache/spark/rdd/RDDOperationScope$.nextScopeId-RDDOperationScope.scala-90-90=19
org/apache/spark/rdd/RDD.checkpointData-RDD.scala-1751-1751=643
org/apache/spark/status/api/v1/TaskMetrics.executorDeserializeTime-api.scala-221-221=67
org/apache/spark/rdd/ZippedPartitionsPartition.partitionValues-ZippedPartitionsRDD.scala-34-34=2
org/apache/spark/rdd/RDD.org$apache$spark$internal$Logging$$log__$eq-RDD.scala-77-77=7
org/apache/spark/graphx/impl/ShippableVertexPartition.mask-ShippableVertexPartition.scala-100-100=10
org/apache/spark/rdd/RDDOperationScope$.fromJson-RDDOperationScope.scala-86-86=23
org/apache/spark/rdd/RDD.partitions-RDD.scala-269-269=224
org/apache/spark/graphx/lib/ConnectedComponents$.run-ConnectedComponents.scala-39-59=1
org/apache/spark/status/api/v1/ExecutorSummary.id-api.scala-77-77=122
org/apache/spark/rdd/RDD$$anonfun$7.apply-RDD.scala-357-357=3
org/apache/spark/graphx/impl/VertexPartitionBaseOps.aggregateUsingIndex-VertexPartitionBaseOps.scala-219-234=3
org/apache/spark/status/api/v1/RDDStorageInfo.id-api.scala-132-132=185
org/apache/spark/rdd/RDD$$anonfun$org$apache$spark$rdd$RDD$$visit$1$1.apply-RDD.scala-327-328=78
org/apache/spark/rdd/MapPartitionsRDD$.$lessinit$greater$default$5-MapPartitionsRDD.scala-44-44=1
org/apache/spark/status/api/v1/OutputMetrics.bytesWritten-api.scala-241-241=87
org/apache/spark/graphx/impl/GraphImpl.unpersist$default$1-GraphImpl.scala-81-81=1
org/apache/spark/status/api/v1/TaskMetrics.resultSize-api.scala-225-225=57
org/apache/spark/graphx/impl/VertexRDDImpl.partitionsRDD-VertexRDDImpl.scala-28-28=19
org/apache/spark/rdd/ZippedPartitionsRDD2.rdd1-ZippedPartitionsRDD.scala-82-82=6
org/apache/spark/graphx/impl/GraphImpl.vertices-GraphImpl.scala-36-36=3
org/apache/spark/rdd/ZippedPartitionsPartition.index-ZippedPartitionsRDD.scala-33-33=41
org/apache/spark/status/api/v1/ShuffleReadMetrics.localBlocksFetched-api.scala-246-246=60
org/apache/spark/graphx/impl/GraphImpl.unpersistVertices-GraphImpl.scala-88-90=2
org/apache/spark/rdd/RDDOperationScope$$anonfun$2.apply-RDDOperationScope.scala-105-105=30
org/apache/spark/rdd/RDD.id-RDD.scala-150-150=298
org/apache/spark/rdd/RDD.scope-RDD.scala-1743-1743=87
org/apache/spark/util/JsonProtocol$$anonfun$rddInfoToJson$5.apply-JsonProtocol.scala-440-440=111
org/apache/spark/status/api/v1/ShuffleWriteMetrics.writeTime-api.scala-255-255=57
org/apache/spark/status/api/v1/TaskMetrics.peakExecutionMemory-api.scala-230-230=56
org/apache/spark/rdd/MapPartitionsRDD$.$lessinit$greater$default$4-MapPartitionsRDD.scala-43-43=1
org/apache/spark/status/api/v1/StageData.stageId-api.scala-165-165=25
org/apache/spark/graphx/impl/ShippableVertexPartitionOps.withMask-ShippableVertexPartition.scala-152-152=5
org/apache/spark/rdd/RDD.elementClassTag-RDD.scala-1749-1749=9
org/apache/spark/rdd/RDD$$anonfun$partitions$2$$anonfun$apply$3.apply-RDD.scala-274-274=40
org/apache/spark/graphx/impl/VertexPartitionBaseOps.org$apache$spark$internal$Logging$$log__$eq-VertexPartitionBaseOps.scala-34-34=8
org/apache/spark/rdd/RDD.withScope-RDD.scala-385-385=2
org/apache/spark/status/api/v1/ShuffleReadMetrics.recordsRead-api.scala-251-251=87
org/apache/spark/rdd/RDD$$anonfun$org$apache$spark$rdd$RDD$$visit$1$1.apply-RDD.scala-326-326=78
org/apache/spark/graphx/impl/GraphImpl.replicatedVertexView-GraphImpl.scala-37-37=1
org/apache/spark/rdd/ZippedPartitionsPartition.partitionValues_$eq-ZippedPartitionsRDD.scala-34-34=44
org/apache/spark/graphx/impl/ShippableVertexPartition$ShippableVertexPartitionOpsConstructor$.toOps-ShippableVertexPartition.scala-88-88=5
org/apache/spark/rdd/RDD$$anonfun$preferredLocations$2.apply-RDD.scala-297-297=30
org/apache/spark/graphx/impl/ShippableVertexPartition.index-ShippableVertexPartition.scala-98-98=21
org/apache/spark/graphx/impl/VertexPartitionBase.size-VertexPartitionBase.scala-71-71=4
org/apache/spark/rdd/RDD.org$apache$spark$rdd$RDD$$visit$1-RDD.scala-323-326=87
org/apache/spark/rdd/RDD.isBarrier-RDD.scala-1931-1931=36
org/apache/spark/graphx/impl/VertexRDDImpl$$anonfun$5.apply-VertexRDDImpl.scala-215-215=5
org/apache/spark/rdd/ZippedPartitionsPartition$$anonfun$writeObject$1$$anonfun$apply$mcV$sp$1.apply-ZippedPartitionsRDD.scala-40-40=174
org/apache/spark/rdd/ZippedPartitionsPartition.preferredLocations-ZippedPartitionsRDD.scala-30-30=10
org/apache/spark/rdd/ZippedPartitionsBaseRDD.getPreferredLocations-ZippedPartitionsRDD.scala-70-70=10
org/apache/spark/rdd/RDD$$anonfun$fold$1$$anonfun$22.apply-RDD.scala-1141-1141=6
org/apache/spark/rdd/RDD.iterator-RDD.scala-307-307=16
org/apache/spark/rdd/ZippedPartitionsPartition.partitions-ZippedPartitionsRDD.scala-35-35=4
org/apache/spark/util/JsonProtocol$$anonfun$rddInfoToJson$7.apply-JsonProtocol.scala-444-444=110
org/apache/spark/rdd/RDDOperationScope$.$lessinit$greater$default$2-RDDOperationScope.scala-48-48=18
org/apache/spark/rdd/RDDOperationScope$$anonfun$getAllScopes$2.apply-RDDOperationScope.scala-61-61=31
org/apache/spark/rdd/RDD.fold-RDD.scala-1137-1137=1
org/apache/spark/rdd/RDDOperationScope.getAllScopes-RDDOperationScope.scala-61-61=31
org/apache/spark/util/JsonProtocol$$anonfun$rddInfoToJson$2.apply-JsonProtocol.scala-437-437=112
org/apache/spark/rdd/MapPartitionsRDD.getPartitions-MapPartitionsRDD.scala-49-49=1
org/apache/spark/status/api/v1/ShuffleReadMetrics.remoteBytesRead-api.scala-248-248=91
org/apache/spark/rdd/InputFileBlockHolder$.unset-InputFileBlockHolder.scala-86-86=1
org/apache/spark/rdd/HadoopRDD$.addLocalConfiguration-HadoopRDD.scala-401-408=1
org/apache/spark/rdd/RDD$$anonfun$fold$1$$anonfun$23.apply-RDD.scala-1142-1142=11
org/apache/spark/status/api/v1/TaskMetrics.executorRunTime-api.scala-223-223=82
org/apache/spark/status/api/v1/TaskMetrics.inputMetrics-api.scala-231-231=173
org/apache/spark/util/JsonProtocol$$anonfun$rddInfoToJson$6.apply-JsonProtocol.scala-443-443=110
org/apache/spark/rdd/PairRDDFunctions.valueClass-PairRDDFunctions.scala-1113-1113=1
org/apache/spark/rdd/ShuffledRDDPartition.index-ShuffledRDD.scala-27-27=3
org/apache/spark/graphx/Pregel$.apply-Pregel.scala-125-175=1
org/apache/spark/graphx/impl/GraphImpl.edges-GraphImpl.scala-35-35=1
org/apache/spark/status/api/v1/RDDPartitionInfo.diskUsed-api.scala-160-160=8
org/apache/spark/rdd/RDD.org$apache$spark$rdd$RDD$$partitions__$eq-RDD.scala-242-242=2
org/apache/spark/status/api/v1/TaskMetrics.executorDeserializeCpuTime-api.scala-222-222=56
org/apache/spark/rdd/RDD.dependencies-RDD.scala-252-252=368
org/apache/spark/rdd/PairRDDFunctions.keyClass-PairRDDFunctions.scala-1111-1111=1
org/apache/spark/status/api/v1/ShuffleReadMetrics.fetchWaitTime-api.scala-247-247=59
org/apache/spark/rdd/RDD.logName-RDD.scala-77-77=6
org/apache/spark/rdd/MapPartitionsRDD.isBarrier_-MapPartitionsRDD.scala-60-60=34
org/apache/spark/rdd/PairRDDFunctions.saveAsHadoopFile$default$5-PairRDDFunctions.scala-1031-1031=1
org/apache/spark/rdd/RDD.mapPartitions$default$2-RDD.scala-819-819=1
org/apache/spark/rdd/RDD$$anonfun$map$1$$anonfun$apply$5.apply-RDD.scala-394-394=8
org/apache/spark/graphx/Pregel$.log-Pregel.scala-59-59=1
org/apache/spark/status/api/v1/TaskMetrics.shuffleReadMetrics-api.scala-233-233=500
org/apache/spark/status/api/v1/RDDPartitionInfo.memoryUsed-api.scala-159-159=8
org/apache/spark/rdd/RDD$$anonfun$fold$1.apply-RDD.scala-1139-1144=1
org/apache/spark/status/api/v1/ShuffleReadMetrics.remoteBlocksFetched-api.scala-245-245=60
org/apache/spark/status/api/v1/ShuffleWriteMetrics.recordsWritten-api.scala-256-256=84
org/apache/spark/status/api/v1/TaskMetrics.diskBytesSpilled-api.scala-229-229=84
org/apache/spark/rdd/RDD.mapPartitions-RDD.scala-819-819=1
org/apache/spark/rdd/RDD$$anonfun$partitions$2.apply-RDD.scala-269-269=221
org/apache/spark/rdd/RDDOperationScope.id-RDDOperationScope.scala-49-49=104
org/apache/spark/rdd/RDD$$anonfun$4.apply-RDD.scala-323-323=208
org/apache/spark/graphx/impl/VertexRDDImpl$$anonfun$5.apply-VertexRDDImpl.scala-216-216=6
org/apache/spark/util/JsonProtocol$$anonfun$rddInfoToJson$4$$anonfun$apply$19.apply-JsonProtocol.scala-439-439=111
org/apache/spark/rdd/InputFileBlockHolder$$anon$1.initialValue-InputFileBlockHolder.scala-53-53=3
org/apache/spark/rdd/util/PeriodicRDDCheckpointer.unpersist-PeriodicRDDCheckpointer.scala-77-77=3
org/apache/spark/rdd/RDDOperationScope$.org$apache$spark$rdd$RDDOperationScope$$jsonMapper-RDDOperationScope.scala-82-82=98
org/apache/spark/rdd/RDDOperationScope$.withScope-RDDOperationScope.scala-102-112=2
org/apache/spark/util/JsonProtocol$$anonfun$rddInfoToJson$9.apply-JsonProtocol.scala-446-446=107
org/apache/spark/status/api/v1/ShuffleReadMetrics.localBytesRead-api.scala-250-250=87
org/apache/spark/util/JsonProtocol$$anonfun$rddInfoToJson$4.apply-JsonProtocol.scala-439-439=110
org/apache/spark/graphx/impl/GraphImpl.unpersist-GraphImpl.scala-82-84=1
org/apache/spark/rdd/MapPartitionsRDD.compute-MapPartitionsRDD.scala-52-52=3
org/apache/spark/rdd/RDDOperationScope$$anonfun$5.apply-RDDOperationScope.scala-137-137=44
org/apache/spark/rdd/RDD$$anonfun$doCheckpoint$1.apply$mcV$sp-RDD.scala-1801-1801=18
org/apache/spark/rdd/RDD$$anonfun$getNarrowAncestors$1.apply-RDD.scala-335-335=156
org/apache/spark/graphx/impl/EdgeRDDImpl.unpersist-EdgeRDDImpl.scala-27-27=1
org/apache/spark/rdd/RDD.logInfo-RDD.scala-77-77=8
org/apache/spark/rdd/RDD.org$apache$spark$rdd$RDD$$doCheckpointCalled_$eq-RDD.scala-1792-1792=12
org/apache/spark/rdd/RDDOperationScope.parent-RDDOperationScope.scala-48-48=103
org/apache/spark/rdd/RDD$$anon$1.next-RDD.scala-367-368=4
org/apache/spark/rdd/RDD.initializeLogIfNecessary-RDD.scala-77-77=12
org/apache/spark/status/api/v1/JobData.jobId-api.scala-110-110=10
org/apache/spark/status/api/v1/TaskMetrics.jvmGcTime-api.scala-226-226=57
org/apache/spark/graphx/impl/ShippableVertexPartition$.shippablePartitionToOps-ShippableVertexPartition.scala-77-77=8
org/apache/spark/graphx/Pregel$.logInfo-Pregel.scala-59-59=1
org/apache/spark/rdd/RDD.getDependencies-RDD.scala-132-132=2
org/apache/spark/rdd/ShuffledRDD.compute-ShuffledRDD.scala-103-105=4
org/apache/spark/rdd/RDDOperationScope$.$lessinit$greater$default$3-RDDOperationScope.scala-49-49=19
org/apache/spark/graphx/impl/ShippableVertexPartition.values-ShippableVertexPartition.scala-99-99=4
