org/apache/spark/status/api/v1/OutputMetrics.bytesWritten-api.scala-241-241=2035
org/apache/spark/graphx/impl/ShippableVertexPartition$.apply-ShippableVertexPartition.scala-47-47=10
org/apache/spark/status/api/v1/TaskMetrics.resultSize-api.scala-225-225=1679
org/apache/spark/rdd/ZippedPartitionsPartition$$anonfun$writeObject$1.apply-ZippedPartitionsRDD.scala-38-38=5
org/apache/spark/rdd/ZippedPartitionsRDD2.rdd1-ZippedPartitionsRDD.scala-82-82=9
org/apache/spark/graphx/impl/ShippableVertexPartition$$anonfun$apply$6.apply-ShippableVertexPartition.scala-64-64=417
org/apache/spark/graphx/VertexRDD$$anonfun$createRoutingTables$1.apply-VertexRDD.scala-362-362=18
org/apache/spark/graphx/util/collection/GraphXPrimitiveKeyOpenHashMap.grow-GraphXPrimitiveKeyOpenHashMap.scala-145-145=46
org/apache/spark/graphx/impl/VertexRDDImpl$$anonfun$shipVertexAttributes$1$$anonfun$apply$7.apply-VertexRDDImpl.scala-247-247=24
org/apache/spark/graphx/util/collection/GraphXPrimitiveKeyOpenHashMap.changeValue-GraphXPrimitiveKeyOpenHashMap.scala-103-102=415
org/apache/spark/rdd/RDD.org$apache$spark$rdd$RDD$$partitions_-RDD.scala-242-242=136
org/apache/spark/graphx/impl/ShippableVertexPartitionOps.org$apache$spark$internal$Logging$$log__$eq-ShippableVertexPartition.scala-34-34=31
org/apache/spark/rdd/ZippedPartitionsPartition.index-ZippedPartitionsRDD.scala-33-33=5
org/apache/spark/graphx/impl/RoutingTablePartition$$anonfun$fromMsgs$2.apply-RoutingTablePartition.scala-77-77=163
org/apache/spark/status/api/v1/ShuffleReadMetrics.localBlocksFetched-api.scala-246-246=1673
org/apache/spark/graphx/impl/RoutingTablePartition$.org$apache$spark$graphx$impl$RoutingTablePartition$$positionFromMessage-RoutingTablePartition.scala-41-41=252
org/apache/spark/graphx/util/collection/GraphXPrimitiveKeyOpenHashMap._values-GraphXPrimitiveKeyOpenHashMap.scala-34-34=1159
org/apache/spark/graphx/lib/ConnectedComponents$$anonfun$3.apply-ConnectedComponents.scala-55-55=92
org/apache/spark/graphx/Pregel$$anonfun$1.apply-Pregel.scala-130-130=90
org/apache/spark/rdd/RDD.id-RDD.scala-150-150=205
org/apache/spark/rdd/RDD.scope-RDD.scala-1743-1743=6
org/apache/spark/status/api/v1/InputMetrics.recordsRead-api.scala-238-238=2030
org/apache/spark/rdd/ZippedPartitionsRDD2.f-ZippedPartitionsRDD.scala-81-81=7
org/apache/spark/util/JsonProtocol$$anonfun$rddInfoToJson$5.apply-JsonProtocol.scala-440-440=31
org/apache/spark/graphx/impl/VertexRDDImpl$$anonfun$shipVertexAttributes$1.apply-VertexRDDImpl.scala-247-247=25
org/apache/spark/status/api/v1/ShuffleWriteMetrics.writeTime-api.scala-255-255=1673
org/apache/spark/status/api/v1/TaskMetrics.peakExecutionMemory-api.scala-230-230=1690
org/apache/spark/status/api/v1/TaskMetrics.shuffleWriteMetrics-api.scala-234-234=5745
org/apache/spark/graphx/impl/ShippableVertexPartition$$anonfun$shipVertexAttributes$1$$anonfun$apply$1.apply-ShippableVertexPartition.scala-121-121=558
org/apache/spark/status/api/v1/StageData.attemptId-api.scala-166-166=293
org/apache/spark/graphx/impl/VertexRDDImpl$$anonfun$2.apply-VertexRDDImpl.scala-144-144=10
org/apache/spark/graphx/lib/ConnectedComponents$$anonfun$2.apply-ConnectedComponents.scala-42-42=100
org/apache/spark/rdd/ZippedPartitionsPartition$$anonfun$writeObject$1.apply$mcV$sp-ZippedPartitionsRDD.scala-40-41=5
org/apache/spark/graphx/impl/RoutingTablePartition$.fromMsgs-RoutingTablePartition.scala-65-77=9
org/apache/spark/graphx/impl/VertexRDDImpl$$anonfun$1.apply-VertexRDDImpl.scala-96-96=36
org/apache/spark/status/api/v1/StageData.stageId-api.scala-165-165=294
org/apache/spark/graphx/impl/ShippableVertexPartition$ShippableVertexPartitionOpsConstructor$.toOps-ShippableVertexPartition.scala-85-85=9
org/apache/spark/graphx/impl/ShippableVertexPartitionOps.withMask-ShippableVertexPartition.scala-152-152=9
org/apache/spark/graphx/impl/VertexRDDImpl.vdTag-VertexRDDImpl.scala-30-30=6
org/apache/spark/status/api/v1/ShuffleReadMetrics.remoteBytesReadToDisk-api.scala-249-249=1682
org/apache/spark/graphx/impl/RoutingTablePartition$$anonfun$fromMsgs$1.apply-RoutingTablePartition.scala-69-74=254
org/apache/spark/rdd/RDD.getNarrowAncestors-RDD.scala-320-335=1
org/apache/spark/rdd/RDD.elementClassTag-RDD.scala-1749-1749=23
org/apache/spark/graphx/impl/ShippableVertexPartitionOps.withValues-ShippableVertexPartition.scala-152-152=25
org/apache/spark/status/api/v1/TaskMetrics.memoryBytesSpilled-api.scala-228-228=2041
org/apache/spark/rdd/RDD.isCheckpointedAndMaterialized-RDD.scala-1677-1677=50
org/apache/spark/graphx/VertexRDD$$anonfun$3.apply-VertexRDD.scala-347-348=10
org/apache/spark/rdd/ZippedPartitionsRDD2.compute-ZippedPartitionsRDD.scala-88-89=10
org/apache/spark/graphx/impl/VertexPartitionBaseOps.org$apache$spark$internal$Logging$$log__$eq-VertexPartitionBaseOps.scala-34-34=31
org/apache/spark/graphx/impl/VertexPartitionBase.capacity-VertexPartitionBase.scala-69-69=20
org/apache/spark/status/api/v1/ShuffleReadMetrics.recordsRead-api.scala-251-251=2042
org/apache/spark/rdd/ZippedPartitionsPartition.org$apache$spark$rdd$ZippedPartitionsPartition$$rdds-ZippedPartitionsRDD.scala-29-29=4
org/apache/spark/rdd/RDD$$anonfun$org$apache$spark$rdd$RDD$$visit$1$1.apply-RDD.scala-326-326=5
org/apache/spark/status/api/v1/OutputMetrics.recordsWritten-api.scala-242-242=2032
org/apache/spark/rdd/RDD.creationSite-RDD.scala-1734-1734=6
org/apache/spark/rdd/ZippedPartitionsPartition.partitionValues_$eq-ZippedPartitionsRDD.scala-34-34=6
org/apache/spark/rdd/RDD$$anonfun$6.apply-RDD.scala-325-325=10
org/apache/spark/graphx/impl/ShippableVertexPartition$ShippableVertexPartitionOpsConstructor$.toOps-ShippableVertexPartition.scala-88-88=9
org/apache/spark/graphx/impl/VertexPartitionBase.isDefined-VertexPartitionBase.scala-77-76=275
org/apache/spark/rdd/RDD$$anonfun$preferredLocations$2.apply-RDD.scala-297-297=40
org/apache/spark/graphx/impl/ShippableVertexPartition$$anonfun$shipVertexAttributes$1.org$apache$spark$graphx$impl$ShippableVertexPartition$$anonfun$$$outer-ShippableVertexPartition.scala-116-116=558
org/apache/spark/graphx/impl/ShippableVertexPartition.index-ShippableVertexPartition.scala-98-98=746
org/apache/spark/graphx/VertexRDD$$anonfun$3.apply-VertexRDD.scala-345-345=10
org/apache/spark/rdd/RDD.org$apache$spark$rdd$RDD$$dependencies_-RDD.scala-241-241=215
org/apache/spark/status/api/v1/TaskMetrics.executorCpuTime-api.scala-224-224=1974
org/apache/spark/graphx/impl/ShippableVertexPartition.capacity-ShippableVertexPartition.scala-69-69=18
org/apache/spark/graphx/util/collection/GraphXPrimitiveKeyOpenHashMap.move-GraphXPrimitiveKeyOpenHashMap.scala-150-150=46
org/apache/spark/rdd/RDDOperationScope.toJson-RDDOperationScope.scala-52-52=14
org/apache/spark/rdd/RDD.org$apache$spark$rdd$RDD$$visit$1-RDD.scala-323-326=6
org/apache/spark/rdd/RDD.isBarrier-RDD.scala-1931-1931=10
org/apache/spark/graphx/impl/ShippableVertexPartition$$anonfun$shipVertexAttributes$1.apply-ShippableVertexPartition.scala-116-116=114
org/apache/spark/status/api/v1/InputMetrics.bytesRead-api.scala-237-237=2045
org/apache/spark/rdd/ZippedPartitionsPartition$$anonfun$writeObject$1$$anonfun$apply$mcV$sp$1.apply-ZippedPartitionsRDD.scala-40-40=30
org/apache/spark/rdd/RDD.getPreferredLocations-RDD.scala-137-137=20
org/apache/spark/rdd/ZippedPartitionsPartition.preferredLocations-ZippedPartitionsRDD.scala-30-30=20
org/apache/spark/status/api/v1/ExecutorSummary.hostPort-api.scala-78-78=154
org/apache/spark/rdd/ZippedPartitionsBaseRDD.getPreferredLocations-ZippedPartitionsRDD.scala-70-70=20
org/apache/spark/graphx/impl/GraphImpl$$anonfun$5.apply-GraphImpl.scala-130-130=14
org/apache/spark/rdd/RDD.getOrCompute-RDD.scala-354-357=25
org/apache/spark/graphx/impl/ShippableVertexPartition$$anonfun$apply$6.apply-ShippableVertexPartition.scala-63-63=413
org/apache/spark/rdd/RDD.iterator-RDD.scala-307-307=69
org/apache/spark/rdd/ZippedPartitionsPartition.partitions-ZippedPartitionsRDD.scala-35-35=7
org/apache/spark/rdd/ZippedPartitionsRDD2.getPreferredLocations-ZippedPartitionsRDD.scala-70-70=20
org/apache/spark/status/api/v1/ShuffleWriteMetrics.bytesWritten-api.scala-254-254=2026
org/apache/spark/graphx/impl/ShippableVertexPartition.shipVertexAttributes-ShippableVertexPartition.scala-116-116=13
org/apache/spark/util/JsonProtocol$$anonfun$rddInfoToJson$7.apply-JsonProtocol.scala-444-444=33
org/apache/spark/rdd/RDD.firstParent-RDD.scala-1763-1763=42
org/apache/spark/graphx/impl/RoutingTablePartition$.org$apache$spark$graphx$impl$RoutingTablePartition$$toBitSet-RoutingTablePartition.scala-84-92=157
org/apache/spark/util/JsonProtocol$$anonfun$rddInfoToJson$2.apply-JsonProtocol.scala-437-437=31
org/apache/spark/status/api/v1/ShuffleReadMetrics.remoteBytesRead-api.scala-248-248=2035
org/apache/spark/graphx/impl/RoutingTablePartition.numEdgePartitions-RoutingTablePartition.scala-105-105=11
org/apache/spark/rdd/InputFileBlockHolder$.unset-InputFileBlockHolder.scala-86-86=9
org/apache/spark/graphx/impl/ShippableVertexPartition.isDefined-ShippableVertexPartition.scala-77-76=276
org/apache/spark/rdd/RDDOperationScope.name-RDDOperationScope.scala-47-47=14
org/apache/spark/status/api/v1/TaskMetrics.executorRunTime-api.scala-223-223=1975
org/apache/spark/status/api/v1/TaskMetrics.inputMetrics-api.scala-231-231=4076
org/apache/spark/rdd/RDD$$anonfun$5.apply-RDD.scala-324-324=10
org/apache/spark/rdd/RDD.name-RDD.scala-153-153=6
org/apache/spark/util/JsonProtocol$$anonfun$rddInfoToJson$6.apply-JsonProtocol.scala-443-443=32
org/apache/spark/rdd/ShuffledRDDPartition.index-ShuffledRDD.scala-27-27=76
org/apache/spark/graphx/impl/ShippableVertexPartition.routingTable-ShippableVertexPartition.scala-101-101=228
org/apache/spark/rdd/RDD$$anonfun$dependencies$2.apply-RDD.scala-252-252=105
org/apache/spark/rdd/RDD.computeOrReadCheckpoint-RDD.scala-343-343=64
org/apache/spark/rdd/ZippedPartitionsRDD2.rdd2-ZippedPartitionsRDD.scala-83-83=6
org/apache/spark/graphx/impl/RoutingTablePartition$$anonfun$iterator$1.apply-RoutingTablePartition.scala-111-111=190
org/apache/spark/status/api/v1/RDDPartitionInfo.executors-api.scala-161-161=7
org/apache/spark/status/api/v1/TaskMetrics.outputMetrics-api.scala-232-232=4068
org/apache/spark/graphx/impl/RoutingTablePartition.foreachWithinEdgePartition-RoutingTablePartition.scala-127-127=121
org/apache/spark/graphx/impl/RoutingTablePartition.iterator-RoutingTablePartition.scala-111-111=9
org/apache/spark/status/api/v1/RDDPartitionInfo.diskUsed-api.scala-160-160=8
org/apache/spark/graphx/impl/RoutingTablePartition$.org$apache$spark$graphx$impl$RoutingTablePartition$$pidFromMessage-RoutingTablePartition.scala-40-40=252
org/apache/spark/util/JsonProtocol$$anonfun$rddInfoToJson$8.apply-JsonProtocol.scala-445-445=31
org/apache/spark/rdd/ZippedPartitionsPartition$$anonfun$writeObject$1.org$apache$spark$rdd$ZippedPartitionsPartition$$anonfun$$$outer-ZippedPartitionsRDD.scala-38-38=16
org/apache/spark/status/api/v1/TaskMetrics.executorDeserializeCpuTime-api.scala-222-222=1671
org/apache/spark/rdd/RDD.preferredLocations-RDD.scala-296-296=40
org/apache/spark/rdd/RDD.dependencies-RDD.scala-252-252=107
org/apache/spark/graphx/impl/ShippableVertexPartitionOps.map-ShippableVertexPartition.scala-58-64=16
org/apache/spark/status/api/v1/ShuffleReadMetrics.fetchWaitTime-api.scala-247-247=1674
org/apache/spark/rdd/MapPartitionsRDD.isBarrier_-MapPartitionsRDD.scala-60-60=10
org/apache/spark/graphx/impl/VertexRDDImpl$$anonfun$2.apply-VertexRDDImpl.scala-145-147=10
org/apache/spark/rdd/RDD$$anonfun$mapPartitions$1$$anonfun$apply$23.apply-RDD.scala-823-823=101
org/apache/spark/graphx/impl/RoutingTablePartition$$anonfun$fromMsgs$1.apply-RoutingTablePartition.scala-68-68=253
org/apache/spark/status/api/v1/TaskMetrics.shuffleReadMetrics-api.scala-233-233=12830
org/apache/spark/status/api/v1/RDDPartitionInfo.memoryUsed-api.scala-159-159=7
org/apache/spark/status/api/v1/ShuffleReadMetrics.remoteBlocksFetched-api.scala-245-245=1670
org/apache/spark/status/api/v1/ShuffleWriteMetrics.recordsWritten-api.scala-256-256=2028
org/apache/spark/util/JsonProtocol$$anonfun$rddInfoToJson$1.apply-JsonProtocol.scala-437-437=28
org/apache/spark/status/api/v1/TaskMetrics.diskBytesSpilled-api.scala-229-229=2051
org/apache/spark/graphx/util/collection/GraphXPrimitiveKeyOpenHashMap.keySet$mcJ$sp-GraphXPrimitiveKeyOpenHashMap.scala-34-34=20
org/apache/spark/graphx/impl/RoutingTablePartition.partitionSize-RoutingTablePartition.scala-108-108=64
org/apache/spark/status/api/v1/TaskMetrics.resultSerializationTime-api.scala-227-227=1679
org/apache/spark/graphx/impl/ShippableVertexPartition$$anonfun$apply$6$$anonfun$apply$8.apply-ShippableVertexPartition.scala-64-64=368
org/apache/spark/graphx/impl/ShippableVertexPartition.apply-ShippableVertexPartition.scala-74-74=285
org/apache/spark/graphx/impl/RoutingTablePartition$.org$apache$spark$graphx$impl$RoutingTablePartition$$vidFromMessage-RoutingTablePartition.scala-39-39=264
org/apache/spark/rdd/RDD$$anonfun$partitions$2.apply-RDD.scala-269-269=69
org/apache/spark/rdd/RDD.getStorageLevel-RDD.scala-223-223=15
org/apache/spark/graphx/util/collection/GraphXPrimitiveKeyOpenHashMap.keySet-GraphXPrimitiveKeyOpenHashMap.scala-34-34=481
org/apache/spark/graphx/impl/ShippableVertexPartition$.apply-ShippableVertexPartition.scala-57-67=10
org/apache/spark/rdd/RDDOperationScope.id-RDDOperationScope.scala-49-49=16
org/apache/spark/rdd/RDD$$anonfun$4.apply-RDD.scala-323-323=12
org/apache/spark/util/JsonProtocol$$anonfun$rddInfoToJson$4$$anonfun$apply$19.apply-JsonProtocol.scala-439-439=31
org/apache/spark/rdd/InputFileBlockHolder$$anon$1.initialValue-InputFileBlockHolder.scala-53-53=6
org/apache/spark/rdd/RDD.sparkContext-RDD.scala-147-147=1
org/apache/spark/rdd/RDDOperationScope$.org$apache$spark$rdd$RDDOperationScope$$jsonMapper-RDDOperationScope.scala-82-82=16
org/apache/spark/rdd/InputFileBlockHolder$.initialize-InputFileBlockHolder.scala-92-92=5
org/apache/spark/graphx/impl/VertexPartitionBase.apply-VertexPartitionBase.scala-74-74=282
org/apache/spark/util/JsonProtocol$$anonfun$rddInfoToJson$9.apply-JsonProtocol.scala-446-446=27
org/apache/spark/graphx/impl/GraphImpl$$anonfun$mapVertices$1.apply-GraphImpl.scala-137-137=19
org/apache/spark/util/JsonProtocol$$anonfun$rddInfoToJson$3.apply-JsonProtocol.scala-439-439=30
org/apache/spark/rdd/RDD.checkpointData-RDD.scala-1751-1751=262
org/apache/spark/util/JsonProtocol$$anonfun$rddInfoToJson$4.apply-JsonProtocol.scala-439-439=30
org/apache/spark/status/api/v1/ShuffleReadMetrics.localBytesRead-api.scala-250-250=2037
org/apache/spark/graphx/impl/ShippableVertexPartition$$anonfun$apply$6$$anonfun$apply$7.apply-ShippableVertexPartition.scala-64-64=47
org/apache/spark/rdd/MapPartitionsRDD.compute-MapPartitionsRDD.scala-52-52=49
org/apache/spark/status/api/v1/TaskMetrics.executorDeserializeTime-api.scala-221-221=1908
org/apache/spark/graphx/impl/VertexPartitionBaseOps.diff-VertexPartitionBaseOps.scala-110-110=10
org/apache/spark/rdd/ZippedPartitionsPartition.partitionValues-ZippedPartitionsRDD.scala-34-34=8
org/apache/spark/rdd/RDD$$anonfun$getNarrowAncestors$1.apply-RDD.scala-335-335=10
org/apache/spark/graphx/impl/ShippableVertexPartitionOps.diff-ShippableVertexPartition.scala-110-110=9
org/apache/spark/graphx/impl/ShippableVertexPartition$$anonfun$shipVertexAttributes$1$$anonfun$apply$1.apply$mcVJ$sp-ShippableVertexPartition.scala-122-126=273
org/apache/spark/graphx/impl/ShippableVertexPartition.mask-ShippableVertexPartition.scala-100-100=424
org/apache/spark/graphx/impl/ShippableVertexPartition$$anonfun$shipVertexAttributes$1.apply-ShippableVertexPartition.scala-117-128=114
org/apache/spark/rdd/RDDOperationScope.parent-RDDOperationScope.scala-48-48=14
org/apache/spark/rdd/RDD.partitions-RDD.scala-269-269=69
org/apache/spark/rdd/RDD$$anon$1.next-RDD.scala-367-368=11
org/apache/spark/status/api/v1/JobData.jobId-api.scala-110-110=85
org/apache/spark/status/api/v1/ExecutorSummary.id-api.scala-77-77=154
org/apache/spark/rdd/RDD$$anonfun$7.apply-RDD.scala-357-357=18
org/apache/spark/status/api/v1/TaskMetrics.jvmGcTime-api.scala-226-226=1676
org/apache/spark/graphx/impl/ShippableVertexPartition$.shippablePartitionToOps-ShippableVertexPartition.scala-77-77=33
org/apache/spark/graphx/impl/RoutingTablePartition$$anonfun$1.apply-RoutingTablePartition.scala-65-65=55
org/apache/spark/graphx/impl/RoutingTablePartition$$anonfun$3.apply-RoutingTablePartition.scala-67-67=57
org/apache/spark/graphx/impl/VertexPartitionBaseOps.map-VertexPartitionBaseOps.scala-58-64=16
org/apache/spark/status/api/v1/RDDStorageInfo.id-api.scala-132-132=230
org/apache/spark/graphx/impl/RoutingTablePartition$$anonfun$2.apply-RoutingTablePartition.scala-66-66=54
org/apache/spark/rdd/RDD$$anonfun$org$apache$spark$rdd$RDD$$visit$1$1.apply-RDD.scala-327-328=5
org/apache/spark/rdd/ShuffledRDD.compute-ShuffledRDD.scala-103-105=5
org/apache/spark/graphx/impl/ShippableVertexPartition.values-ShippableVertexPartition.scala-99-99=486
