org/apache/spark/status/api/v1/OutputMetrics.bytesWritten-api.scala-241-241=82
org/apache/spark/graphx/lib/LabelPropagation$.org$apache$spark$graphx$lib$LabelPropagation$$mergeMessage$1-LabelPropagation.scala-54-58=987
org/apache/spark/status/api/v1/TaskMetrics.resultSize-api.scala-225-225=59
org/apache/spark/graphx/util/collection/GraphXPrimitiveKeyOpenHashMap.size-GraphXPrimitiveKeyOpenHashMap.scala-59-59=5
org/apache/spark/graphx/lib/LabelPropagation$$anonfun$org$apache$spark$graphx$lib$LabelPropagation$$mergeMessage$1$1$$anonfun$2.apply$mcJ$sp-LabelPropagation.scala-56-56=4
org/apache/spark/rdd/ZippedPartitionsPartition$$anonfun$writeObject$1.apply-ZippedPartitionsRDD.scala-38-38=66
org/apache/spark/rdd/ZippedPartitionsRDD2.rdd1-ZippedPartitionsRDD.scala-82-82=5
org/apache/spark/rdd/RDD.org$apache$spark$rdd$RDD$$partitions_-RDD.scala-242-242=264
org/apache/spark/rdd/ZippedPartitionsPartition.index-ZippedPartitionsRDD.scala-33-33=8
org/apache/spark/status/api/v1/ShuffleReadMetrics.localBlocksFetched-api.scala-246-246=55
org/apache/spark/graphx/Edge.srcId_$eq-Edge.scala-33-33=562
org/apache/spark/graphx/lib/LabelPropagation$.org$apache$spark$graphx$lib$LabelPropagation$$sendMessage$1-LabelPropagation.scala-50-50=555
org/apache/spark/graphx/lib/LabelPropagation$$anonfun$org$apache$spark$graphx$lib$LabelPropagation$$mergeMessage$1$1$$anonfun$1.apply$mcJ$sp-LabelPropagation.scala-55-55=1
org/apache/spark/rdd/RDD.id-RDD.scala-150-150=97
org/apache/spark/rdd/ZippedPartitionsRDD2.f-ZippedPartitionsRDD.scala-81-81=4
org/apache/spark/util/JsonProtocol$$anonfun$rddInfoToJson$5.apply-JsonProtocol.scala-440-440=82
org/apache/spark/status/api/v1/ShuffleWriteMetrics.writeTime-api.scala-255-255=51
org/apache/spark/status/api/v1/TaskMetrics.peakExecutionMemory-api.scala-230-230=55
org/apache/spark/status/api/v1/TaskMetrics.shuffleWriteMetrics-api.scala-234-234=253
org/apache/spark/graphx/lib/LabelPropagation$$anonfun$org$apache$spark$graphx$lib$LabelPropagation$$mergeMessage$1$1.apply-LabelPropagation.scala-54-54=985
org/apache/spark/status/api/v1/StageData.attemptId-api.scala-166-166=33
org/apache/spark/graphx/EdgeDirection$.Either-EdgeDirection.scala-57-57=6
org/apache/spark/graphx/impl/EdgePartition.aggregateMessagesEdgeScan-EdgePartition.scala-388-414=7
org/apache/spark/rdd/ZippedPartitionsPartition$$anonfun$writeObject$1.apply$mcV$sp-ZippedPartitionsRDD.scala-40-41=71
org/apache/spark/status/api/v1/StageData.stageId-api.scala-165-165=31
org/apache/spark/status/api/v1/ShuffleReadMetrics.remoteBytesReadToDisk-api.scala-249-249=64
org/apache/spark/rdd/RDD.elementClassTag-RDD.scala-1749-1749=6
org/apache/spark/graphx/impl/EdgePartition.indexSize-EdgePartition.scala-317-317=5
org/apache/spark/status/api/v1/TaskMetrics.memoryBytesSpilled-api.scala-228-228=97
org/apache/spark/rdd/RDD.isCheckpointedAndMaterialized-RDD.scala-1677-1677=11
org/apache/spark/rdd/ZippedPartitionsRDD2.compute-ZippedPartitionsRDD.scala-88-89=7
org/apache/spark/graphx/impl/ReplicatedVertexView$$anonfun$3.apply-ReplicatedVertexView.scala-93-93=6
org/apache/spark/graphx/util/collection/GraphXPrimitiveKeyOpenHashMap$mcJI$sp.keySet-GraphXPrimitiveKeyOpenHashMap.scala-34-34=4
org/apache/spark/graphx/impl/AggregatingEdgeContext.sendToSrc-EdgePartition.scala-528-528=575
org/apache/spark/graphx/EdgeTriplet.dstAttr_$eq-EdgeTriplet.scala-35-35=543
org/apache/spark/status/api/v1/ShuffleReadMetrics.recordsRead-api.scala-251-251=95
org/apache/spark/rdd/ZippedPartitionsPartition.org$apache$spark$rdd$ZippedPartitionsPartition$$rdds-ZippedPartitionsRDD.scala-29-29=52
org/apache/spark/status/api/v1/OutputMetrics.recordsWritten-api.scala-242-242=88
org/apache/spark/graphx/impl/AggregatingEdgeContext.srcAttr-EdgePartition.scala-523-523=559
org/apache/spark/rdd/ZippedPartitionsPartition.partitionValues_$eq-ZippedPartitionsRDD.scala-34-34=44
org/apache/spark/graphx/impl/EdgePartition.withActiveSet-EdgePartition.scala-78-80=4
org/apache/spark/rdd/RDD$$anonfun$preferredLocations$2.apply-RDD.scala-297-297=20
org/apache/spark/graphx/lib/LabelPropagation$$anonfun$run$3.apply-LabelPropagation.scala-66-66=1102
org/apache/spark/graphx/lib/LabelPropagation$$anonfun$run$4.apply-LabelPropagation.scala-67-67=1969
org/apache/spark/graphx/lib/LabelPropagation$$anonfun$org$apache$spark$graphx$lib$LabelPropagation$$mergeMessage$1$1$$anonfun$2.apply-LabelPropagation.scala-56-56=4
org/apache/spark/rdd/RDD.org$apache$spark$rdd$RDD$$dependencies_-RDD.scala-241-241=60
org/apache/spark/graphx/EdgeDirection$.Both-EdgeDirection.scala-60-60=5
org/apache/spark/rdd/MapPartitionsRDD.getOrCompute-MapPartitionsRDD.scala-354-357=5
org/apache/spark/status/api/v1/TaskMetrics.executorCpuTime-api.scala-224-224=94
org/apache/spark/graphx/lib/LabelPropagation$$anonfun$org$apache$spark$graphx$lib$LabelPropagation$$mergeMessage$1$1$$anonfun$1.apply-LabelPropagation.scala-55-55=1
org/apache/spark/graphx/EdgeTriplet.dstAttr-EdgeTriplet.scala-35-35=552
org/apache/spark/graphx/impl/AggregatingEdgeContext.sendToDst-EdgePartition.scala-531-531=533
org/apache/spark/rdd/RDDOperationScope.toJson-RDDOperationScope.scala-52-52=41
org/apache/spark/graphx/GraphXUtils$$anonfun$mapReduceTriplets$1.apply-GraphXUtils.scala-70-70=1113
org/apache/spark/graphx/impl/GraphImpl$$anonfun$13.apply-GraphImpl.scala-208-208=8
org/apache/spark/rdd/ZippedPartitionsPartition$$anonfun$writeObject$1$$anonfun$apply$mcV$sp$1.apply-ZippedPartitionsRDD.scala-40-40=210
org/apache/spark/rdd/RDD.getPreferredLocations-RDD.scala-137-137=10
org/apache/spark/rdd/ZippedPartitionsPartition.preferredLocations-ZippedPartitionsRDD.scala-30-30=10
org/apache/spark/status/api/v1/ExecutorSummary.hostPort-api.scala-78-78=3
org/apache/spark/rdd/ZippedPartitionsBaseRDD.getPreferredLocations-ZippedPartitionsRDD.scala-70-70=10
org/apache/spark/graphx/GraphXUtils$.org$apache$spark$graphx$GraphXUtils$$sendMsg$1-GraphXUtils.scala-58-58=552
org/apache/spark/rdd/MapPartitionsRDD.computeOrReadCheckpoint-MapPartitionsRDD.scala-343-343=13
org/apache/spark/rdd/RDD.getOrCompute-RDD.scala-354-357=6
org/apache/spark/graphx/Edge.srcId-Edge.scala-33-33=558
org/apache/spark/rdd/MapPartitionsRDD.id-MapPartitionsRDD.scala-150-150=4
org/apache/spark/rdd/RDD.iterator-RDD.scala-307-307=17
org/apache/spark/rdd/ZippedPartitionsPartition.partitions-ZippedPartitionsRDD.scala-35-35=4
org/apache/spark/rdd/ZippedPartitionsRDD2.getPreferredLocations-ZippedPartitionsRDD.scala-70-70=10
org/apache/spark/status/api/v1/ShuffleWriteMetrics.bytesWritten-api.scala-254-254=105
org/apache/spark/graphx/impl/VertexAttributeBlock.vids-ShippableVertexPartition.scala-28-28=20
org/apache/spark/rdd/MapPartitionsRDD.elementClassTag-MapPartitionsRDD.scala-1749-1749=5
org/apache/spark/util/JsonProtocol$$anonfun$rddInfoToJson$7.apply-JsonProtocol.scala-444-444=84
org/apache/spark/graphx/impl/ReplicatedVertexView$$anonfun$3$$anonfun$apply$3.apply-ReplicatedVertexView.scala-93-93=6
org/apache/spark/rdd/RDD.firstParent-RDD.scala-1763-1763=1
org/apache/spark/rdd/ParallelCollectionPartition$$anonfun$writeObject$1.apply$mcV$sp-ParallelCollectionRDD.scala-53-51=2
org/apache/spark/graphx/GraphXUtils$$anonfun$org$apache$spark$graphx$GraphXUtils$$sendMsg$1$1.apply-GraphXUtils.scala-59-58=1112
org/apache/spark/util/JsonProtocol$$anonfun$rddInfoToJson$2.apply-JsonProtocol.scala-437-437=78
org/apache/spark/status/api/v1/ShuffleReadMetrics.remoteBytesRead-api.scala-248-248=104
org/apache/spark/rdd/InputFileBlockHolder$.unset-InputFileBlockHolder.scala-86-86=7
org/apache/spark/graphx/impl/EdgePartition$$anonfun$numActives$1.apply-EdgePartition.scala-118-118=7
org/apache/spark/graphx/EdgeDirection.equals-EdgeDirection.scala-37-37=12
org/apache/spark/status/api/v1/TaskMetrics.inputMetrics-api.scala-231-231=193
org/apache/spark/status/api/v1/TaskMetrics.executorRunTime-api.scala-223-223=97
org/apache/spark/rdd/RDDOperationScope.name-RDDOperationScope.scala-47-47=40
org/apache/spark/graphx/impl/GraphImpl$$anonfun$13$$anonfun$apply$3.apply-GraphImpl.scala-208-208=12
org/apache/spark/graphx/lib/LabelPropagation$$anonfun$org$apache$spark$graphx$lib$LabelPropagation$$mergeMessage$1$1.apply-LabelPropagation.scala-55-57=982
org/apache/spark/util/JsonProtocol$$anonfun$rddInfoToJson$6.apply-JsonProtocol.scala-443-443=84
org/apache/spark/rdd/ShuffledRDDPartition.index-ShuffledRDD.scala-27-27=8
org/apache/spark/rdd/RDD$$anonfun$dependencies$2.apply-RDD.scala-252-252=31
org/apache/spark/rdd/RDD.computeOrReadCheckpoint-RDD.scala-343-343=11
org/apache/spark/rdd/ZippedPartitionsRDD2.rdd2-ZippedPartitionsRDD.scala-83-83=5
org/apache/spark/graphx/impl/EdgePartition.isActive-EdgePartition.scala-114-114=557
org/apache/spark/graphx/impl/ReplicatedVertexView$$anonfun$4.apply-ReplicatedVertexView.scala-113-113=6
org/apache/spark/status/api/v1/RDDPartitionInfo.executors-api.scala-161-161=1
org/apache/spark/rdd/ParallelCollectionPartition$$anonfun$writeObject$1.apply-ParallelCollectionRDD.scala-51-51=2
org/apache/spark/status/api/v1/TaskMetrics.outputMetrics-api.scala-232-232=179
org/apache/spark/status/api/v1/RDDPartitionInfo.diskUsed-api.scala-160-160=1
org/apache/spark/graphx/Edge$.$lessinit$greater$default$2-Edge.scala-34-34=558
org/apache/spark/util/JsonProtocol$$anonfun$rddInfoToJson$8.apply-JsonProtocol.scala-445-445=83
org/apache/spark/graphx/impl/AggregatingEdgeContext.attr-EdgePartition.scala-525-525=553
org/apache/spark/graphx/impl/EdgePartition.size-EdgePartition.scala-314-314=568
org/apache/spark/rdd/ZippedPartitionsPartition$$anonfun$writeObject$1.org$apache$spark$rdd$ZippedPartitionsPartition$$anonfun$$$outer-ZippedPartitionsRDD.scala-38-38=104
org/apache/spark/status/api/v1/TaskMetrics.executorDeserializeCpuTime-api.scala-222-222=56
org/apache/spark/rdd/RDD.preferredLocations-RDD.scala-296-296=20
org/apache/spark/rdd/RDD.dependencies-RDD.scala-252-252=30
org/apache/spark/graphx/Edge.attr_$eq-Edge.scala-35-35=558
org/apache/spark/status/api/v1/ShuffleReadMetrics.fetchWaitTime-api.scala-247-247=53
org/apache/spark/graphx/impl/VertexAttributeBlock.iterator-ShippableVertexPartition.scala-31-31=21
org/apache/spark/rdd/RDD$$anonfun$mapPartitions$1$$anonfun$apply$23.apply-RDD.scala-823-823=5
org/apache/spark/graphx/impl/EdgePartition.numActives-EdgePartition.scala-118-118=4
org/apache/spark/status/api/v1/TaskMetrics.shuffleReadMetrics-api.scala-233-233=523
org/apache/spark/status/api/v1/RDDPartitionInfo.memoryUsed-api.scala-159-159=1
org/apache/spark/status/api/v1/ShuffleReadMetrics.remoteBlocksFetched-api.scala-245-245=53
org/apache/spark/status/api/v1/ShuffleWriteMetrics.recordsWritten-api.scala-256-256=97
org/apache/spark/status/api/v1/TaskMetrics.diskBytesSpilled-api.scala-229-229=91
org/apache/spark/util/JsonProtocol$$anonfun$rddInfoToJson$1.apply-JsonProtocol.scala-437-437=81
org/apache/spark/graphx/Edge$.$lessinit$greater$default$1-Edge.scala-33-33=555
org/apache/spark/graphx/impl/AggregatingEdgeContext.dstId-EdgePartition.scala-522-522=1094
org/apache/spark/graphx/EdgeTriplet.srcAttr-EdgeTriplet.scala-30-30=554
org/apache/spark/graphx/impl/AggregatingEdgeContext.set-EdgePartition.scala-499-505=556
org/apache/spark/status/api/v1/TaskMetrics.resultSerializationTime-api.scala-227-227=53
org/apache/spark/graphx/Edge.dstId_$eq-Edge.scala-34-34=558
org/apache/spark/rdd/RDD$$anonfun$partitions$2.apply-RDD.scala-269-269=132
org/apache/spark/rdd/RDD.getStorageLevel-RDD.scala-223-223=4
org/apache/spark/rdd/MapPartitionsRDD.isCheckpointedAndMaterialized-MapPartitionsRDD.scala-1677-1677=12
org/apache/spark/graphx/EdgeTriplet.srcAttr_$eq-EdgeTriplet.scala-30-30=557
org/apache/spark/rdd/RDDOperationScope.id-RDDOperationScope.scala-49-49=40
org/apache/spark/graphx/impl/ReplicatedVertexView$$anonfun$3$$anonfun$apply$3$$anonfun$apply$4.apply-ReplicatedVertexView.scala-95-95=69
org/apache/spark/util/JsonProtocol$$anonfun$rddInfoToJson$4$$anonfun$apply$19.apply-JsonProtocol.scala-439-439=81
org/apache/spark/rdd/InputFileBlockHolder$$anon$1.initialValue-InputFileBlockHolder.scala-53-53=1
org/apache/spark/rdd/RDDOperationScope$.org$apache$spark$rdd$RDDOperationScope$$jsonMapper-RDDOperationScope.scala-82-82=40
org/apache/spark/rdd/InputFileBlockHolder$.initialize-InputFileBlockHolder.scala-92-92=1
org/apache/spark/graphx/EdgeContext.toEdgeTriplet-EdgeContext.scala-43-49=558
org/apache/spark/util/JsonProtocol$$anonfun$rddInfoToJson$9.apply-JsonProtocol.scala-446-446=82
org/apache/spark/status/api/v1/ShuffleReadMetrics.localBytesRead-api.scala-250-250=104
org/apache/spark/rdd/RDD.checkpointData-RDD.scala-1751-1751=190
org/apache/spark/graphx/Edge$.$lessinit$greater$default$3-Edge.scala-35-35=559
org/apache/spark/graphx/impl/AggregatingEdgeContext.dstAttr-EdgePartition.scala-524-524=549
org/apache/spark/graphx/impl/EdgePartition.updateVertices-EdgePartition.scala-87-93=3
org/apache/spark/graphx/GraphXUtils$$anonfun$org$apache$spark$graphx$GraphXUtils$$sendMsg$1$1.apply-GraphXUtils.scala-58-58=1117
org/apache/spark/rdd/MapPartitionsRDD.compute-MapPartitionsRDD.scala-52-52=3
org/apache/spark/status/api/v1/TaskMetrics.executorDeserializeTime-api.scala-221-221=61
org/apache/spark/rdd/MapPartitionsRDD.org$apache$spark$rdd$RDD$$dependencies_-MapPartitionsRDD.scala-241-241=15
org/apache/spark/rdd/ZippedPartitionsPartition.partitionValues-ZippedPartitionsRDD.scala-34-34=4
org/apache/spark/rdd/MapPartitionsRDD.dependencies-MapPartitionsRDD.scala-252-252=6
org/apache/spark/rdd/MapPartitionsRDD.firstParent-MapPartitionsRDD.scala-1763-1763=1
org/apache/spark/graphx/impl/EdgePartition$$anonfun$aggregateMessagesEdgeScan$1.apply-EdgePartition.scala-414-414=339
org/apache/spark/rdd/RDDOperationScope.parent-RDDOperationScope.scala-48-48=41
org/apache/spark/graphx/impl/AggregatingEdgeContext.srcId-EdgePartition.scala-521-521=1669
org/apache/spark/rdd/RDD.partitions-RDD.scala-269-269=132
org/apache/spark/rdd/RDD$$anon$1.next-RDD.scala-367-368=1
org/apache/spark/status/api/v1/JobData.jobId-api.scala-110-110=4
org/apache/spark/status/api/v1/ExecutorSummary.id-api.scala-77-77=4
org/apache/spark/rdd/RDD$$anonfun$7.apply-RDD.scala-357-357=3
org/apache/spark/rdd/MapPartitionsRDD.checkpointData-MapPartitionsRDD.scala-1751-1751=15
org/apache/spark/status/api/v1/TaskMetrics.jvmGcTime-api.scala-226-226=56
org/apache/spark/graphx/impl/ReplicatedVertexView$$anonfun$4$$anonfun$apply$5$$anonfun$apply$6.apply-ReplicatedVertexView.scala-115-115=37
org/apache/spark/graphx/impl/ReplicatedVertexView$$anonfun$4$$anonfun$apply$5.apply-ReplicatedVertexView.scala-113-113=5
org/apache/spark/graphx/Edge.dstId-Edge.scala-34-34=549
org/apache/spark/status/api/v1/RDDStorageInfo.id-api.scala-132-132=11
org/apache/spark/rdd/MapPartitionsRDD.iterator-MapPartitionsRDD.scala-307-307=14
org/apache/spark/graphx/util/collection/GraphXPrimitiveKeyOpenHashMap$mcJI$sp.keySet$mcJ$sp-GraphXPrimitiveKeyOpenHashMap.scala--1--1=4
org/apache/spark/rdd/ShuffledRDD.compute-ShuffledRDD.scala-103-105=5
