org/apache/spark/status/api/v1/OutputMetrics.bytesWritten-api.scala-241-241=168
org/apache/spark/graphx/impl/ShippableVertexPartitionOps.leftJoin-ShippableVertexPartition.scala-130-130=1
org/apache/spark/status/api/v1/TaskMetrics.resultSize-api.scala-225-225=84
org/apache/spark/rdd/ZippedPartitionsPartition$$anonfun$writeObject$1.apply-ZippedPartitionsRDD.scala-38-38=498
org/apache/spark/rdd/ZippedPartitionsRDD2.rdd1-ZippedPartitionsRDD.scala-82-82=1
org/apache/spark/graphx/impl/VertexRDDImpl$$anonfun$shipVertexAttributes$1$$anonfun$apply$7.apply-VertexRDDImpl.scala-247-247=2
org/apache/spark/rdd/RDD.org$apache$spark$rdd$RDD$$partitions_-RDD.scala-242-242=1866
org/apache/spark/graphx/impl/ShippableVertexPartitionOps.org$apache$spark$internal$Logging$$log__$eq-ShippableVertexPartition.scala-34-34=11
org/apache/spark/rdd/ZippedPartitionsPartition.index-ZippedPartitionsRDD.scala-33-33=29
org/apache/spark/status/api/v1/ShuffleReadMetrics.localBlocksFetched-api.scala-246-246=86
org/apache/spark/graphx/lib/LabelPropagation$.org$apache$spark$graphx$lib$LabelPropagation$$vertexProgram$1-LabelPropagation.scala-61-61=12
org/apache/spark/graphx/impl/VertexRDDImpl$$anonfun$3.apply-VertexRDDImpl.scala-156-156=1
org/apache/spark/rdd/RDD.id-RDD.scala-150-150=168
org/apache/spark/rdd/ZippedPartitionsRDD2.f-ZippedPartitionsRDD.scala-81-81=3
org/apache/spark/graphx/impl/VertexRDDImpl$$anonfun$shipVertexAttributes$1.apply-VertexRDDImpl.scala-247-247=6
org/apache/spark/util/JsonProtocol$$anonfun$rddInfoToJson$5.apply-JsonProtocol.scala-440-440=960
org/apache/spark/status/api/v1/ShuffleWriteMetrics.writeTime-api.scala-255-255=87
org/apache/spark/status/api/v1/TaskMetrics.peakExecutionMemory-api.scala-230-230=85
org/apache/spark/graphx/impl/ShippableVertexPartition$$anonfun$shipVertexAttributes$1$$anonfun$apply$1.apply-ShippableVertexPartition.scala-121-121=179
org/apache/spark/status/api/v1/TaskMetrics.shuffleWriteMetrics-api.scala-234-234=421
org/apache/spark/status/api/v1/StageData.attemptId-api.scala-166-166=69
org/apache/spark/graphx/impl/VertexRDDImpl$$anonfun$2.apply-VertexRDDImpl.scala-144-144=2
org/apache/spark/rdd/ZippedPartitionsPartition$$anonfun$writeObject$1.apply$mcV$sp-ZippedPartitionsRDD.scala-40-41=499
org/apache/spark/graphx/impl/VertexRDDImpl.vdTag-VertexRDDImpl.scala-30-30=7
org/apache/spark/graphx/impl/ShippableVertexPartitionOps.withMask-ShippableVertexPartition.scala-152-152=4
org/apache/spark/graphx/impl/ShippableVertexPartition$ShippableVertexPartitionOpsConstructor$.toOps-ShippableVertexPartition.scala-85-85=3
org/apache/spark/status/api/v1/StageData.stageId-api.scala-165-165=69
org/apache/spark/status/api/v1/ShuffleReadMetrics.remoteBytesReadToDisk-api.scala-249-249=84
org/apache/spark/rdd/RDD.elementClassTag-RDD.scala-1749-1749=12
org/apache/spark/graphx/impl/ShippableVertexPartitionOps.withValues-ShippableVertexPartition.scala-152-152=3
org/apache/spark/rdd/ZippedPartitionsRDD2.compute-ZippedPartitionsRDD.scala-88-89=4
org/apache/spark/rdd/RDD.isCheckpointedAndMaterialized-RDD.scala-1677-1677=13
org/apache/spark/status/api/v1/TaskMetrics.memoryBytesSpilled-api.scala-228-228=170
org/apache/spark/graphx/impl/VertexPartitionBaseOps.org$apache$spark$internal$Logging$$log__$eq-VertexPartitionBaseOps.scala-34-34=11
org/apache/spark/graphx/GraphOps$$anonfun$13.apply-GraphOps.scala-225-225=14
org/apache/spark/graphx/impl/VertexPartitionBase.capacity-VertexPartitionBase.scala-69-69=3
org/apache/spark/rdd/ZippedPartitionsPartition.org$apache$spark$rdd$ZippedPartitionsPartition$$rdds-ZippedPartitionsRDD.scala-29-29=449
org/apache/spark/status/api/v1/ShuffleReadMetrics.recordsRead-api.scala-251-251=169
org/apache/spark/status/api/v1/OutputMetrics.recordsWritten-api.scala-242-242=168
org/apache/spark/graphx/impl/ShippableVertexPartition$$anonfun$shipVertexIds$1.apply-ShippableVertexPartition.scala-139-147=26
org/apache/spark/graphx/lib/LabelPropagation$$anonfun$run$2.apply-LabelPropagation.scala-65-65=27
org/apache/spark/rdd/ZippedPartitionsPartition.partitionValues_$eq-ZippedPartitionsRDD.scala-34-34=453
org/apache/spark/graphx/impl/VertexPartitionBase.isDefined-VertexPartitionBase.scala-77-76=170
org/apache/spark/graphx/impl/ShippableVertexPartition$ShippableVertexPartitionOpsConstructor$.toOps-ShippableVertexPartition.scala-88-88=3
org/apache/spark/rdd/RDD$$anonfun$preferredLocations$2.apply-RDD.scala-297-297=30
org/apache/spark/graphx/impl/ShippableVertexPartition$$anonfun$shipVertexAttributes$1.org$apache$spark$graphx$impl$ShippableVertexPartition$$anonfun$$$outer-ShippableVertexPartition.scala-116-116=98
org/apache/spark/graphx/impl/ShippableVertexPartition.index-ShippableVertexPartition.scala-98-98=256
org/apache/spark/graphx/GraphOps$$anonfun$13.apply-GraphOps.scala-226-226=13
org/apache/spark/rdd/RDD.org$apache$spark$rdd$RDD$$dependencies_-RDD.scala-241-241=87
org/apache/spark/rdd/MapPartitionsRDD.getOrCompute-MapPartitionsRDD.scala-354-357=12
org/apache/spark/graphx/impl/ShippableVertexPartition.capacity-ShippableVertexPartition.scala-69-69=4
org/apache/spark/status/api/v1/TaskMetrics.executorCpuTime-api.scala-224-224=153
org/apache/spark/graphx/impl/ShippableVertexPartition$$anonfun$shipVertexIds$1$$anonfun$apply$2.apply$mcVJ$sp-ShippableVertexPartition.scala-142-145=77
org/apache/spark/graphx/impl/ShippableVertexPartition$$anonfun$shipVertexIds$1$$anonfun$apply$2.apply-ShippableVertexPartition.scala-141-141=158
org/apache/spark/rdd/RDDOperationScope.toJson-RDDOperationScope.scala-52-52=484
org/apache/spark/graphx/impl/ShippableVertexPartition$$anonfun$shipVertexIds$1.apply-ShippableVertexPartition.scala-138-138=13
org/apache/spark/graphx/impl/ShippableVertexPartition$$anonfun$shipVertexAttributes$1.apply-ShippableVertexPartition.scala-116-116=30
org/apache/spark/rdd/ZippedPartitionsPartition$$anonfun$writeObject$1$$anonfun$apply$mcV$sp$1.apply-ZippedPartitionsRDD.scala-40-40=1797
org/apache/spark/rdd/RDD.getPreferredLocations-RDD.scala-137-137=10
org/apache/spark/rdd/ZippedPartitionsPartition.preferredLocations-ZippedPartitionsRDD.scala-30-30=20
org/apache/spark/status/api/v1/ExecutorSummary.hostPort-api.scala-78-78=20
org/apache/spark/rdd/ZippedPartitionsBaseRDD.getPreferredLocations-ZippedPartitionsRDD.scala-70-70=20
org/apache/spark/rdd/MapPartitionsRDD.computeOrReadCheckpoint-MapPartitionsRDD.scala-343-343=12
org/apache/spark/rdd/RDD.getOrCompute-RDD.scala-354-357=16
org/apache/spark/graphx/impl/VertexRDDImpl$$anonfun$3.apply-VertexRDDImpl.scala-157-159=2
org/apache/spark/rdd/RDD.iterator-RDD.scala-307-307=23
org/apache/spark/rdd/MapPartitionsRDD.id-MapPartitionsRDD.scala-150-150=13
org/apache/spark/rdd/ZippedPartitionsPartition.partitions-ZippedPartitionsRDD.scala-35-35=3
org/apache/spark/rdd/ZippedPartitionsRDD2.getPreferredLocations-ZippedPartitionsRDD.scala-70-70=20
org/apache/spark/graphx/impl/ShippableVertexPartition.shipVertexIds-ShippableVertexPartition.scala-138-138=2
org/apache/spark/status/api/v1/ShuffleWriteMetrics.bytesWritten-api.scala-254-254=169
org/apache/spark/rdd/MapPartitionsRDD.elementClassTag-MapPartitionsRDD.scala-1749-1749=14
org/apache/spark/graphx/impl/ShippableVertexPartition.shipVertexAttributes-ShippableVertexPartition.scala-116-116=1
org/apache/spark/graphx/impl/ShippableVertexPartition$$anonfun$shipVertexIds$1.org$apache$spark$graphx$impl$ShippableVertexPartition$$anonfun$$$outer-ShippableVertexPartition.scala-138-138=93
org/apache/spark/util/JsonProtocol$$anonfun$rddInfoToJson$7.apply-JsonProtocol.scala-444-444=955
org/apache/spark/rdd/RDDOperationScope$$anonfun$getAllScopes$2.apply-RDDOperationScope.scala-61-61=614
org/apache/spark/rdd/RDD.firstParent-RDD.scala-1763-1763=9
org/apache/spark/rdd/RDDOperationScope.getAllScopes-RDDOperationScope.scala-61-61=607
org/apache/spark/util/JsonProtocol$$anonfun$rddInfoToJson$2.apply-JsonProtocol.scala-437-437=947
org/apache/spark/status/api/v1/ShuffleReadMetrics.remoteBytesRead-api.scala-248-248=173
org/apache/spark/graphx/impl/RoutingTablePartition.numEdgePartitions-RoutingTablePartition.scala-105-105=5
org/apache/spark/graphx/impl/ShippableVertexPartition.isDefined-ShippableVertexPartition.scala-77-76=165
org/apache/spark/rdd/InputFileBlockHolder$.unset-InputFileBlockHolder.scala-86-86=1
org/apache/spark/graphx/lib/LabelPropagation$$anonfun$org$apache$spark$graphx$lib$LabelPropagation$$vertexProgram$1$1.apply-LabelPropagation.scala-61-61=25
org/apache/spark/rdd/RDDOperationScope.name-RDDOperationScope.scala-47-47=1093
org/apache/spark/status/api/v1/TaskMetrics.executorRunTime-api.scala-223-223=155
org/apache/spark/status/api/v1/TaskMetrics.inputMetrics-api.scala-231-231=324
org/apache/spark/util/JsonProtocol$$anonfun$rddInfoToJson$6.apply-JsonProtocol.scala-443-443=967
org/apache/spark/graphx/impl/ShippableVertexPartition.routingTable-ShippableVertexPartition.scala-101-101=174
org/apache/spark/rdd/RDD.computeOrReadCheckpoint-RDD.scala-343-343=10
org/apache/spark/rdd/RDD$$anonfun$dependencies$2.apply-RDD.scala-252-252=45
org/apache/spark/rdd/ZippedPartitionsRDD2.rdd2-ZippedPartitionsRDD.scala-83-83=5
org/apache/spark/status/api/v1/RDDPartitionInfo.executors-api.scala-161-161=10
org/apache/spark/graphx/impl/RoutingTablePartition.foreachWithinEdgePartition-RoutingTablePartition.scala-127-127=66
org/apache/spark/status/api/v1/TaskMetrics.outputMetrics-api.scala-232-232=334
org/apache/spark/status/api/v1/RDDPartitionInfo.diskUsed-api.scala-160-160=10
org/apache/spark/util/JsonProtocol$$anonfun$rddInfoToJson$8.apply-JsonProtocol.scala-445-445=966
org/apache/spark/rdd/ZippedPartitionsPartition$$anonfun$writeObject$1.org$apache$spark$rdd$ZippedPartitionsPartition$$anonfun$$$outer-ZippedPartitionsRDD.scala-38-38=891
org/apache/spark/status/api/v1/TaskMetrics.executorDeserializeCpuTime-api.scala-222-222=86
org/apache/spark/rdd/RDD.preferredLocations-RDD.scala-296-296=30
org/apache/spark/rdd/RDD.dependencies-RDD.scala-252-252=47
org/apache/spark/status/api/v1/ShuffleReadMetrics.fetchWaitTime-api.scala-247-247=88
org/apache/spark/graphx/impl/VertexPartitionBaseOps.leftJoin-VertexPartitionBaseOps.scala-130-130=1
org/apache/spark/graphx/impl/VertexRDDImpl$$anonfun$2.apply-VertexRDDImpl.scala-145-147=3
org/apache/spark/rdd/RDD$$anonfun$mapPartitions$1$$anonfun$apply$23.apply-RDD.scala-823-823=16
org/apache/spark/status/api/v1/TaskMetrics.shuffleReadMetrics-api.scala-233-233=848
org/apache/spark/status/api/v1/RDDPartitionInfo.memoryUsed-api.scala-159-159=10
org/apache/spark/status/api/v1/ShuffleReadMetrics.remoteBlocksFetched-api.scala-245-245=83
org/apache/spark/status/api/v1/ShuffleWriteMetrics.recordsWritten-api.scala-256-256=166
org/apache/spark/util/JsonProtocol$$anonfun$rddInfoToJson$1.apply-JsonProtocol.scala-437-437=964
org/apache/spark/status/api/v1/TaskMetrics.diskBytesSpilled-api.scala-229-229=170
org/apache/spark/graphx/impl/RoutingTablePartition.partitionSize-RoutingTablePartition.scala-108-108=78
org/apache/spark/status/api/v1/TaskMetrics.resultSerializationTime-api.scala-227-227=87
org/apache/spark/rdd/RDD$$anonfun$partitions$2.apply-RDD.scala-269-269=938
org/apache/spark/rdd/RDD.getStorageLevel-RDD.scala-223-223=10
org/apache/spark/rdd/MapPartitionsRDD.isCheckpointedAndMaterialized-MapPartitionsRDD.scala-1677-1677=9
org/apache/spark/rdd/RDDOperationScope.id-RDDOperationScope.scala-49-49=1096
org/apache/spark/util/JsonProtocol$$anonfun$rddInfoToJson$4$$anonfun$apply$19.apply-JsonProtocol.scala-439-439=966
org/apache/spark/rdd/InputFileBlockHolder$$anon$1.initialValue-InputFileBlockHolder.scala-53-53=1
org/apache/spark/rdd/RDDOperationScope$.org$apache$spark$rdd$RDDOperationScope$$jsonMapper-RDDOperationScope.scala-82-82=479
org/apache/spark/rdd/InputFileBlockHolder$.initialize-InputFileBlockHolder.scala-92-92=1
org/apache/spark/util/JsonProtocol$$anonfun$rddInfoToJson$9.apply-JsonProtocol.scala-446-446=961
org/apache/spark/rdd/RDD.checkpointData-RDD.scala-1751-1751=1023
org/apache/spark/status/api/v1/ShuffleReadMetrics.localBytesRead-api.scala-250-250=169
org/apache/spark/rdd/MapPartitionsRDD.compute-MapPartitionsRDD.scala-52-52=8
org/apache/spark/graphx/impl/VertexPartitionBaseOps.diff-VertexPartitionBaseOps.scala-110-110=4
org/apache/spark/rdd/MapPartitionsRDD.org$apache$spark$rdd$RDD$$dependencies_-MapPartitionsRDD.scala-241-241=10
org/apache/spark/status/api/v1/TaskMetrics.executorDeserializeTime-api.scala-221-221=103
org/apache/spark/rdd/ZippedPartitionsPartition.partitionValues-ZippedPartitionsRDD.scala-34-34=3
org/apache/spark/graphx/impl/ShippableVertexPartitionOps.diff-ShippableVertexPartition.scala-110-110=5
org/apache/spark/graphx/impl/ShippableVertexPartition$$anonfun$shipVertexAttributes$1$$anonfun$apply$1.apply$mcVJ$sp-ShippableVertexPartition.scala-122-126=98
org/apache/spark/graphx/impl/ShippableVertexPartition.mask-ShippableVertexPartition.scala-100-100=225
org/apache/spark/rdd/MapPartitionsRDD.dependencies-MapPartitionsRDD.scala-252-252=5
org/apache/spark/graphx/impl/ShippableVertexPartition$$anonfun$shipVertexAttributes$1.apply-ShippableVertexPartition.scala-117-128=41
org/apache/spark/rdd/MapPartitionsRDD.firstParent-MapPartitionsRDD.scala-1763-1763=13
org/apache/spark/rdd/RDDOperationScope.parent-RDDOperationScope.scala-48-48=1101
org/apache/spark/rdd/RDD.partitions-RDD.scala-269-269=939
org/apache/spark/rdd/RDD$$anon$1.next-RDD.scala-367-368=9
org/apache/spark/rdd/RDD$$anonfun$7.apply-RDD.scala-357-357=1
org/apache/spark/status/api/v1/JobData.jobId-api.scala-110-110=17
org/apache/spark/status/api/v1/ExecutorSummary.id-api.scala-77-77=20
org/apache/spark/rdd/MapPartitionsRDD.checkpointData-MapPartitionsRDD.scala-1751-1751=15
org/apache/spark/graphx/impl/ShippableVertexPartition$.shippablePartitionToOps-ShippableVertexPartition.scala-77-77=9
org/apache/spark/status/api/v1/TaskMetrics.jvmGcTime-api.scala-226-226=85
org/apache/spark/rdd/MapPartitionsRDD.iterator-MapPartitionsRDD.scala-307-307=25
org/apache/spark/status/api/v1/RDDStorageInfo.id-api.scala-132-132=80
org/apache/spark/graphx/impl/VertexRDDImpl$$anonfun$shipVertexIds$1.apply-VertexRDDImpl.scala-251-251=11
org/apache/spark/graphx/impl/ShippableVertexPartition.values-ShippableVertexPartition.scala-99-99=42
