org/apache/spark/rdd/RDDOperationScope.name-RDDOperationScope.scala-47-47=304
org/apache/spark/rdd/ZippedPartitionsPartition$$anonfun$writeObject$1.apply-ZippedPartitionsRDD.scala-38-38=34
org/apache/spark/rdd/RDD$$anonfun$5.apply-RDD.scala-324-324=78
org/apache/spark/util/JsonProtocol$$anonfun$rddInfoToJson$6.apply-JsonProtocol.scala-443-443=106
org/apache/spark/rdd/RDD.name-RDD.scala-153-153=31
org/apache/spark/rdd/RDD$$anonfun$dependencies$2.apply-RDD.scala-252-252=73
org/apache/spark/rdd/RDD.org$apache$spark$rdd$RDD$$partitions_-RDD.scala-242-242=238
org/apache/spark/rdd/ZippedPartitionsPartition.index-ZippedPartitionsRDD.scala-33-33=10
org/apache/spark/rdd/RDD.id-RDD.scala-150-150=124
org/apache/spark/rdd/RDD.scope-RDD.scala-1743-1743=31
org/apache/spark/util/JsonProtocol$$anonfun$rddInfoToJson$8.apply-JsonProtocol.scala-445-445=104
org/apache/spark/util/JsonProtocol$$anonfun$rddInfoToJson$5.apply-JsonProtocol.scala-440-440=106
org/apache/spark/rdd/ZippedPartitionsPartition$$anonfun$writeObject$1.org$apache$spark$rdd$ZippedPartitionsPartition$$anonfun$$$outer-ZippedPartitionsRDD.scala-38-38=75
org/apache/spark/rdd/RDD.preferredLocations-RDD.scala-296-296=10
org/apache/spark/rdd/RDD.dependencies-RDD.scala-252-252=73
org/apache/spark/rdd/MapPartitionsRDD.isBarrier_-MapPartitionsRDD.scala-60-60=10
org/apache/spark/rdd/ZippedPartitionsPartition$$anonfun$writeObject$1.apply$mcV$sp-ZippedPartitionsRDD.scala-40-41=34
org/apache/spark/rdd/RDD.getNarrowAncestors-RDD.scala-320-335=1
org/apache/spark/util/JsonProtocol$$anonfun$rddInfoToJson$1.apply-JsonProtocol.scala-437-437=104
org/apache/spark/rdd/ZippedPartitionsPartition.org$apache$spark$rdd$ZippedPartitionsPartition$$rdds-ZippedPartitionsRDD.scala-29-29=38
org/apache/spark/rdd/RDD$$anonfun$org$apache$spark$rdd$RDD$$visit$1$1.apply-RDD.scala-326-326=30
org/apache/spark/rdd/RDD.creationSite-RDD.scala-1734-1734=31
org/apache/spark/rdd/RDD$$anonfun$partitions$2.apply-RDD.scala-269-269=119
org/apache/spark/rdd/RDD.getStorageLevel-RDD.scala-223-223=32
org/apache/spark/rdd/ZippedPartitionsPartition.partitionValues_$eq-ZippedPartitionsRDD.scala-34-34=37
org/apache/spark/rdd/RDD$$anonfun$6.apply-RDD.scala-325-325=78
org/apache/spark/rdd/RDD$$anonfun$preferredLocations$2.apply-RDD.scala-297-297=10
org/apache/spark/rdd/RDDOperationScope.id-RDDOperationScope.scala-49-49=302
org/apache/spark/rdd/RDD$$anonfun$4.apply-RDD.scala-323-323=96
org/apache/spark/util/JsonProtocol$$anonfun$rddInfoToJson$4$$anonfun$apply$19.apply-JsonProtocol.scala-439-439=106
org/apache/spark/rdd/RDD.org$apache$spark$rdd$RDD$$dependencies_-RDD.scala-241-241=146
org/apache/spark/rdd/RDD.sparkContext-RDD.scala-147-147=1
org/apache/spark/rdd/RDDOperationScope$.org$apache$spark$rdd$RDDOperationScope$$jsonMapper-RDDOperationScope.scala-82-82=52
org/apache/spark/util/JsonProtocol$$anonfun$rddInfoToJson$9.apply-JsonProtocol.scala-446-446=104
org/apache/spark/rdd/RDD.checkpointData-RDD.scala-1751-1751=202
org/apache/spark/rdd/RDDOperationScope.toJson-RDDOperationScope.scala-52-52=53
org/apache/spark/rdd/RDD.org$apache$spark$rdd$RDD$$visit$1-RDD.scala-323-326=31
org/apache/spark/rdd/RDD.isBarrier-RDD.scala-1931-1931=10
org/apache/spark/rdd/ZippedPartitionsPartition$$anonfun$writeObject$1$$anonfun$apply$mcV$sp$1.apply-ZippedPartitionsRDD.scala-40-40=150
org/apache/spark/rdd/RDD.getPreferredLocations-RDD.scala-137-137=10
org/apache/spark/rdd/RDD$$anonfun$getNarrowAncestors$1.apply-RDD.scala-335-335=60
org/apache/spark/rdd/RDDOperationScope.parent-RDDOperationScope.scala-48-48=304
org/apache/spark/rdd/RDD.partitions-RDD.scala-269-269=119
org/apache/spark/rdd/RDDOperationScope$$anonfun$getAllScopes$2.apply-RDDOperationScope.scala-61-61=250
org/apache/spark/util/JsonProtocol$$anonfun$rddInfoToJson$7.apply-JsonProtocol.scala-444-444=106
org/apache/spark/rdd/RDD$$anonfun$org$apache$spark$rdd$RDD$$visit$1$1.apply-RDD.scala-327-328=30
org/apache/spark/rdd/RDDOperationScope.getAllScopes-RDDOperationScope.scala-61-61=250
org/apache/spark/util/JsonProtocol$$anonfun$rddInfoToJson$2.apply-JsonProtocol.scala-437-437=104
