org/apache/spark/status/api/v1/OutputMetrics.bytesWritten-api.scala-241-241=36
org/apache/spark/graphx/lib/LabelPropagation$.org$apache$spark$graphx$lib$LabelPropagation$$mergeMessage$1-LabelPropagation.scala-54-58=813
org/apache/spark/status/api/v1/TaskMetrics.resultSize-api.scala-225-225=31
org/apache/spark/graphx/util/collection/GraphXPrimitiveKeyOpenHashMap.size-GraphXPrimitiveKeyOpenHashMap.scala-59-59=2
org/apache/spark/graphx/lib/LabelPropagation$$anonfun$org$apache$spark$graphx$lib$LabelPropagation$$mergeMessage$1$1$$anonfun$2.apply$mcJ$sp-LabelPropagation.scala-56-56=4
org/apache/spark/rdd/ZippedPartitionsPartition$$anonfun$writeObject$1.apply-ZippedPartitionsRDD.scala-38-38=14
org/apache/spark/rdd/RDD.org$apache$spark$rdd$RDD$$partitions_-RDD.scala-242-242=119
org/apache/spark/rdd/ZippedPartitionsPartition.index-ZippedPartitionsRDD.scala-33-33=2
org/apache/spark/status/api/v1/ShuffleReadMetrics.localBlocksFetched-api.scala-246-246=30
org/apache/spark/graphx/Edge.srcId_$eq-Edge.scala-33-33=467
org/apache/spark/graphx/lib/LabelPropagation$.org$apache$spark$graphx$lib$LabelPropagation$$sendMessage$1-LabelPropagation.scala-50-50=460
org/apache/spark/graphx/lib/LabelPropagation$$anonfun$org$apache$spark$graphx$lib$LabelPropagation$$mergeMessage$1$1$$anonfun$1.apply$mcJ$sp-LabelPropagation.scala-55-55=1
org/apache/spark/rdd/RDD.id-RDD.scala-150-150=94
org/apache/spark/util/JsonProtocol$$anonfun$rddInfoToJson$5.apply-JsonProtocol.scala-440-440=60
org/apache/spark/status/api/v1/ShuffleWriteMetrics.writeTime-api.scala-255-255=30
org/apache/spark/status/api/v1/TaskMetrics.peakExecutionMemory-api.scala-230-230=27
org/apache/spark/status/api/v1/TaskMetrics.shuffleWriteMetrics-api.scala-234-234=106
org/apache/spark/status/api/v1/StageData.attemptId-api.scala-166-166=4
org/apache/spark/graphx/lib/LabelPropagation$$anonfun$org$apache$spark$graphx$lib$LabelPropagation$$mergeMessage$1$1.apply-LabelPropagation.scala-54-54=819
org/apache/spark/graphx/EdgeDirection$.Either-EdgeDirection.scala-57-57=3
org/apache/spark/graphx/impl/EdgePartition.aggregateMessagesEdgeScan-EdgePartition.scala-388-414=6
org/apache/spark/rdd/ZippedPartitionsPartition$$anonfun$writeObject$1.apply$mcV$sp-ZippedPartitionsRDD.scala-40-41=14
org/apache/spark/status/api/v1/StageData.stageId-api.scala-165-165=4
org/apache/spark/status/api/v1/ShuffleReadMetrics.remoteBytesReadToDisk-api.scala-249-249=20
org/apache/spark/rdd/RDD.elementClassTag-RDD.scala-1749-1749=1
org/apache/spark/graphx/impl/EdgePartition.indexSize-EdgePartition.scala-317-317=2
org/apache/spark/status/api/v1/TaskMetrics.memoryBytesSpilled-api.scala-228-228=31
org/apache/spark/rdd/RDD.isCheckpointedAndMaterialized-RDD.scala-1677-1677=4
org/apache/spark/rdd/ZippedPartitionsRDD2.compute-ZippedPartitionsRDD.scala-88-89=4
org/apache/spark/graphx/impl/ReplicatedVertexView$$anonfun$3.apply-ReplicatedVertexView.scala-93-93=4
org/apache/spark/graphx/util/collection/GraphXPrimitiveKeyOpenHashMap$mcJI$sp.keySet-GraphXPrimitiveKeyOpenHashMap.scala-34-34=2
org/apache/spark/graphx/impl/AggregatingEdgeContext.sendToSrc-EdgePartition.scala-528-528=491
org/apache/spark/graphx/EdgeTriplet.dstAttr_$eq-EdgeTriplet.scala-35-35=468
org/apache/spark/status/api/v1/ShuffleReadMetrics.recordsRead-api.scala-251-251=39
org/apache/spark/rdd/ZippedPartitionsPartition.org$apache$spark$rdd$ZippedPartitionsPartition$$rdds-ZippedPartitionsRDD.scala-29-29=16
org/apache/spark/status/api/v1/OutputMetrics.recordsWritten-api.scala-242-242=38
org/apache/spark/graphx/impl/AggregatingEdgeContext.srcAttr-EdgePartition.scala-523-523=468
org/apache/spark/rdd/ZippedPartitionsPartition.partitionValues_$eq-ZippedPartitionsRDD.scala-34-34=13
org/apache/spark/graphx/impl/EdgePartition.withActiveSet-EdgePartition.scala-78-80=2
org/apache/spark/rdd/RDD$$anonfun$preferredLocations$2.apply-RDD.scala-297-297=20
org/apache/spark/graphx/lib/LabelPropagation$$anonfun$run$3.apply-LabelPropagation.scala-66-66=931
org/apache/spark/graphx/lib/LabelPropagation$$anonfun$run$4.apply-LabelPropagation.scala-67-67=1627
org/apache/spark/graphx/lib/LabelPropagation$$anonfun$org$apache$spark$graphx$lib$LabelPropagation$$mergeMessage$1$1$$anonfun$2.apply-LabelPropagation.scala-56-56=4
org/apache/spark/graphx/EdgeDirection$.Both-EdgeDirection.scala-60-60=3
org/apache/spark/rdd/RDD.org$apache$spark$rdd$RDD$$dependencies_-RDD.scala-241-241=50
org/apache/spark/rdd/MapPartitionsRDD.getOrCompute-MapPartitionsRDD.scala-354-357=3
org/apache/spark/status/api/v1/TaskMetrics.executorCpuTime-api.scala-224-224=37
org/apache/spark/graphx/lib/LabelPropagation$$anonfun$org$apache$spark$graphx$lib$LabelPropagation$$mergeMessage$1$1$$anonfun$1.apply-LabelPropagation.scala-55-55=1
org/apache/spark/graphx/EdgeTriplet.dstAttr-EdgeTriplet.scala-35-35=465
org/apache/spark/graphx/impl/AggregatingEdgeContext.sendToDst-EdgePartition.scala-531-531=445
org/apache/spark/graphx/GraphXUtils$$anonfun$mapReduceTriplets$1.apply-GraphXUtils.scala-70-70=942
org/apache/spark/rdd/RDDOperationScope.toJson-RDDOperationScope.scala-52-52=30
org/apache/spark/rdd/ParallelCollectionPartition$$anonfun$readObject$1.apply$mcV$sp-ParallelCollectionRDD.scala-72-70=2
org/apache/spark/graphx/impl/GraphImpl$$anonfun$13.apply-GraphImpl.scala-208-208=4
org/apache/spark/rdd/ZippedPartitionsPartition$$anonfun$writeObject$1$$anonfun$apply$mcV$sp$1.apply-ZippedPartitionsRDD.scala-40-40=64
org/apache/spark/rdd/RDD.getPreferredLocations-RDD.scala-137-137=10
org/apache/spark/rdd/ZippedPartitionsPartition.preferredLocations-ZippedPartitionsRDD.scala-30-30=10
org/apache/spark/status/api/v1/ExecutorSummary.hostPort-api.scala-78-78=3
org/apache/spark/rdd/ZippedPartitionsBaseRDD.getPreferredLocations-ZippedPartitionsRDD.scala-70-70=10
org/apache/spark/graphx/GraphXUtils$.org$apache$spark$graphx$GraphXUtils$$sendMsg$1-GraphXUtils.scala-58-58=470
org/apache/spark/rdd/MapPartitionsRDD.computeOrReadCheckpoint-MapPartitionsRDD.scala-343-343=10
org/apache/spark/rdd/ParallelCollectionPartition$$anonfun$readObject$1.apply-ParallelCollectionRDD.scala-70-70=1
org/apache/spark/rdd/RDD.getOrCompute-RDD.scala-354-357=4
org/apache/spark/graphx/Edge.srcId-Edge.scala-33-33=466
org/apache/spark/rdd/RDD.iterator-RDD.scala-307-307=14
org/apache/spark/rdd/MapPartitionsRDD.id-MapPartitionsRDD.scala-150-150=1
org/apache/spark/rdd/ZippedPartitionsRDD2.getPreferredLocations-ZippedPartitionsRDD.scala-70-70=10
org/apache/spark/status/api/v1/ShuffleWriteMetrics.bytesWritten-api.scala-254-254=40
org/apache/spark/graphx/impl/VertexAttributeBlock.vids-ShippableVertexPartition.scala-28-28=24
org/apache/spark/rdd/MapPartitionsRDD.elementClassTag-MapPartitionsRDD.scala-1749-1749=1
org/apache/spark/graphx/impl/ReplicatedVertexView$$anonfun$3$$anonfun$apply$3.apply-ReplicatedVertexView.scala-93-93=4
org/apache/spark/util/JsonProtocol$$anonfun$rddInfoToJson$7.apply-JsonProtocol.scala-444-444=60
org/apache/spark/rdd/RDD.firstParent-RDD.scala-1763-1763=2
org/apache/spark/rdd/ParallelCollectionPartition$$anonfun$writeObject$1.apply$mcV$sp-ParallelCollectionRDD.scala-53-51=1
org/apache/spark/graphx/GraphXUtils$$anonfun$org$apache$spark$graphx$GraphXUtils$$sendMsg$1$1.apply-GraphXUtils.scala-59-58=933
org/apache/spark/util/JsonProtocol$$anonfun$rddInfoToJson$2.apply-JsonProtocol.scala-437-437=60
org/apache/spark/status/api/v1/ShuffleReadMetrics.remoteBytesRead-api.scala-248-248=35
org/apache/spark/rdd/InputFileBlockHolder$.unset-InputFileBlockHolder.scala-86-86=4
org/apache/spark/graphx/impl/EdgePartition$$anonfun$numActives$1.apply-EdgePartition.scala-118-118=7
org/apache/spark/graphx/EdgeDirection.equals-EdgeDirection.scala-37-37=5
org/apache/spark/status/api/v1/TaskMetrics.executorRunTime-api.scala-223-223=37
org/apache/spark/status/api/v1/TaskMetrics.inputMetrics-api.scala-231-231=80
org/apache/spark/graphx/impl/GraphImpl$$anonfun$13$$anonfun$apply$3.apply-GraphImpl.scala-208-208=11
org/apache/spark/rdd/RDDOperationScope.name-RDDOperationScope.scala-47-47=30
org/apache/spark/graphx/lib/LabelPropagation$$anonfun$org$apache$spark$graphx$lib$LabelPropagation$$mergeMessage$1$1.apply-LabelPropagation.scala-55-57=819
org/apache/spark/util/JsonProtocol$$anonfun$rddInfoToJson$6.apply-JsonProtocol.scala-443-443=60
org/apache/spark/rdd/ShuffledRDDPartition.index-ShuffledRDD.scala-27-27=4
org/apache/spark/rdd/ZippedPartitionsRDD2.rdd2-ZippedPartitionsRDD.scala-83-83=3
org/apache/spark/rdd/RDD$$anonfun$dependencies$2.apply-RDD.scala-252-252=25
org/apache/spark/rdd/RDD.computeOrReadCheckpoint-RDD.scala-343-343=11
org/apache/spark/graphx/impl/EdgePartition.isActive-EdgePartition.scala-114-114=468
org/apache/spark/graphx/impl/ReplicatedVertexView$$anonfun$4.apply-ReplicatedVertexView.scala-113-113=3
org/apache/spark/status/api/v1/RDDPartitionInfo.executors-api.scala-161-161=2
org/apache/spark/rdd/ParallelCollectionPartition$$anonfun$writeObject$1.apply-ParallelCollectionRDD.scala-51-51=1
org/apache/spark/status/api/v1/TaskMetrics.outputMetrics-api.scala-232-232=71
org/apache/spark/status/api/v1/RDDPartitionInfo.diskUsed-api.scala-160-160=2
org/apache/spark/graphx/Edge$.$lessinit$greater$default$2-Edge.scala-34-34=469
org/apache/spark/util/JsonProtocol$$anonfun$rddInfoToJson$8.apply-JsonProtocol.scala-445-445=60
org/apache/spark/graphx/impl/AggregatingEdgeContext.attr-EdgePartition.scala-525-525=468
org/apache/spark/graphx/impl/EdgePartition.size-EdgePartition.scala-314-314=474
org/apache/spark/rdd/ZippedPartitionsPartition$$anonfun$writeObject$1.org$apache$spark$rdd$ZippedPartitionsPartition$$anonfun$$$outer-ZippedPartitionsRDD.scala-38-38=29
org/apache/spark/status/api/v1/TaskMetrics.executorDeserializeCpuTime-api.scala-222-222=28
org/apache/spark/rdd/RDD.preferredLocations-RDD.scala-296-296=20
org/apache/spark/rdd/RDD.dependencies-RDD.scala-252-252=26
org/apache/spark/graphx/Edge.attr_$eq-Edge.scala-35-35=470
org/apache/spark/status/api/v1/ShuffleReadMetrics.fetchWaitTime-api.scala-247-247=29
org/apache/spark/graphx/impl/VertexAttributeBlock.iterator-ShippableVertexPartition.scala-31-31=23
org/apache/spark/rdd/RDD$$anonfun$mapPartitions$1$$anonfun$apply$23.apply-RDD.scala-823-823=4
org/apache/spark/graphx/impl/EdgePartition.numActives-EdgePartition.scala-118-118=2
org/apache/spark/status/api/v1/TaskMetrics.shuffleReadMetrics-api.scala-233-233=211
org/apache/spark/status/api/v1/RDDPartitionInfo.memoryUsed-api.scala-159-159=2
org/apache/spark/status/api/v1/ShuffleReadMetrics.remoteBlocksFetched-api.scala-245-245=31
org/apache/spark/status/api/v1/ShuffleWriteMetrics.recordsWritten-api.scala-256-256=32
org/apache/spark/graphx/Edge$.$lessinit$greater$default$1-Edge.scala-33-33=466
org/apache/spark/status/api/v1/TaskMetrics.diskBytesSpilled-api.scala-229-229=28
org/apache/spark/util/JsonProtocol$$anonfun$rddInfoToJson$1.apply-JsonProtocol.scala-437-437=60
org/apache/spark/graphx/impl/AggregatingEdgeContext.dstId-EdgePartition.scala-522-522=913
org/apache/spark/graphx/EdgeTriplet.srcAttr-EdgeTriplet.scala-30-30=464
org/apache/spark/graphx/impl/AggregatingEdgeContext.set-EdgePartition.scala-499-505=469
org/apache/spark/status/api/v1/TaskMetrics.resultSerializationTime-api.scala-227-227=28
org/apache/spark/graphx/Edge.dstId_$eq-Edge.scala-34-34=471
org/apache/spark/rdd/RDD$$anonfun$partitions$2.apply-RDD.scala-269-269=58
org/apache/spark/rdd/RDD.getStorageLevel-RDD.scala-223-223=4
org/apache/spark/rdd/MapPartitionsRDD.isCheckpointedAndMaterialized-MapPartitionsRDD.scala-1677-1677=5
org/apache/spark/graphx/EdgeTriplet.srcAttr_$eq-EdgeTriplet.scala-30-30=470
org/apache/spark/graphx/impl/ReplicatedVertexView$$anonfun$3$$anonfun$apply$3$$anonfun$apply$4.apply-ReplicatedVertexView.scala-95-95=45
org/apache/spark/rdd/RDDOperationScope.id-RDDOperationScope.scala-49-49=30
org/apache/spark/util/JsonProtocol$$anonfun$rddInfoToJson$4$$anonfun$apply$19.apply-JsonProtocol.scala-439-439=60
org/apache/spark/rdd/InputFileBlockHolder$$anon$1.initialValue-InputFileBlockHolder.scala-53-53=1
org/apache/spark/rdd/RDDOperationScope$.org$apache$spark$rdd$RDDOperationScope$$jsonMapper-RDDOperationScope.scala-82-82=30
org/apache/spark/rdd/InputFileBlockHolder$.initialize-InputFileBlockHolder.scala-92-92=1
org/apache/spark/graphx/EdgeContext.toEdgeTriplet-EdgeContext.scala-43-49=468
org/apache/spark/util/JsonProtocol$$anonfun$rddInfoToJson$9.apply-JsonProtocol.scala-446-446=60
org/apache/spark/status/api/v1/ShuffleReadMetrics.localBytesRead-api.scala-250-250=30
org/apache/spark/rdd/RDD.checkpointData-RDD.scala-1751-1751=111
org/apache/spark/graphx/Edge$.$lessinit$greater$default$3-Edge.scala-35-35=467
org/apache/spark/graphx/impl/AggregatingEdgeContext.dstAttr-EdgePartition.scala-524-524=472
org/apache/spark/graphx/impl/EdgePartition.updateVertices-EdgePartition.scala-87-93=2
org/apache/spark/graphx/GraphXUtils$$anonfun$org$apache$spark$graphx$GraphXUtils$$sendMsg$1$1.apply-GraphXUtils.scala-58-58=937
org/apache/spark/rdd/MapPartitionsRDD.compute-MapPartitionsRDD.scala-52-52=2
org/apache/spark/status/api/v1/TaskMetrics.executorDeserializeTime-api.scala-221-221=29
org/apache/spark/rdd/MapPartitionsRDD.org$apache$spark$rdd$RDD$$dependencies_-MapPartitionsRDD.scala-241-241=4
org/apache/spark/rdd/MapPartitionsRDD.dependencies-MapPartitionsRDD.scala-252-252=4
org/apache/spark/rdd/MapPartitionsRDD.firstParent-MapPartitionsRDD.scala-1763-1763=1
org/apache/spark/graphx/impl/EdgePartition$$anonfun$aggregateMessagesEdgeScan$1.apply-EdgePartition.scala-414-414=196
org/apache/spark/rdd/RDDOperationScope.parent-RDDOperationScope.scala-48-48=30
org/apache/spark/graphx/impl/AggregatingEdgeContext.srcId-EdgePartition.scala-521-521=1404
org/apache/spark/rdd/RDD$$anon$1.next-RDD.scala-367-368=1
org/apache/spark/rdd/RDD.partitions-RDD.scala-269-269=59
org/apache/spark/rdd/RDD$$anonfun$7.apply-RDD.scala-357-357=2
org/apache/spark/status/api/v1/ExecutorSummary.id-api.scala-77-77=2
org/apache/spark/status/api/v1/JobData.jobId-api.scala-110-110=3
org/apache/spark/rdd/MapPartitionsRDD.checkpointData-MapPartitionsRDD.scala-1751-1751=8
org/apache/spark/status/api/v1/TaskMetrics.jvmGcTime-api.scala-226-226=28
org/apache/spark/graphx/impl/ReplicatedVertexView$$anonfun$4$$anonfun$apply$5$$anonfun$apply$6.apply-ReplicatedVertexView.scala-115-115=50
org/apache/spark/graphx/impl/ReplicatedVertexView$$anonfun$4$$anonfun$apply$5.apply-ReplicatedVertexView.scala-113-113=4
org/apache/spark/graphx/Edge.dstId-Edge.scala-34-34=464
org/apache/spark/rdd/MapPartitionsRDD.iterator-MapPartitionsRDD.scala-307-307=14
org/apache/spark/status/api/v1/RDDStorageInfo.id-api.scala-132-132=18
org/apache/spark/graphx/util/collection/GraphXPrimitiveKeyOpenHashMap$mcJI$sp.keySet$mcJ$sp-GraphXPrimitiveKeyOpenHashMap.scala--1--1=2
org/apache/spark/rdd/ShuffledRDD.compute-ShuffledRDD.scala-103-105=3
