org/apache/spark/status/api/v1/OutputMetrics.bytesWritten-api.scala-241-241=103
org/apache/spark/graphx/impl/ShippableVertexPartitionOps.leftJoin-ShippableVertexPartition.scala-130-130=7
org/apache/spark/status/api/v1/TaskMetrics.resultSize-api.scala-225-225=81
org/apache/spark/rdd/ZippedPartitionsPartition$$anonfun$writeObject$1.apply-ZippedPartitionsRDD.scala-38-38=19
org/apache/spark/rdd/ZippedPartitionsRDD2.rdd1-ZippedPartitionsRDD.scala-82-82=10
org/apache/spark/graphx/impl/VertexRDDImpl$$anonfun$shipVertexAttributes$1$$anonfun$apply$7.apply-VertexRDDImpl.scala-247-247=5
org/apache/spark/rdd/RDD.org$apache$spark$rdd$RDD$$partitions_-RDD.scala-242-242=209
org/apache/spark/graphx/impl/ShippableVertexPartitionOps.org$apache$spark$internal$Logging$$log__$eq-ShippableVertexPartition.scala-34-34=15
org/apache/spark/rdd/ZippedPartitionsPartition.index-ZippedPartitionsRDD.scala-33-33=26
org/apache/spark/status/api/v1/ShuffleReadMetrics.localBlocksFetched-api.scala-246-246=70
org/apache/spark/graphx/lib/LabelPropagation$.org$apache$spark$graphx$lib$LabelPropagation$$vertexProgram$1-LabelPropagation.scala-61-61=17
org/apache/spark/graphx/impl/VertexRDDImpl$$anonfun$3.apply-VertexRDDImpl.scala-156-156=5
org/apache/spark/rdd/RDD.id-RDD.scala-150-150=154
org/apache/spark/rdd/ZippedPartitionsRDD2.f-ZippedPartitionsRDD.scala-81-81=11
org/apache/spark/util/JsonProtocol$$anonfun$rddInfoToJson$5.apply-JsonProtocol.scala-440-440=50
org/apache/spark/graphx/impl/VertexRDDImpl$$anonfun$shipVertexAttributes$1.apply-VertexRDDImpl.scala-247-247=2
org/apache/spark/status/api/v1/ShuffleWriteMetrics.writeTime-api.scala-255-255=72
org/apache/spark/status/api/v1/TaskMetrics.peakExecutionMemory-api.scala-230-230=84
org/apache/spark/status/api/v1/TaskMetrics.shuffleWriteMetrics-api.scala-234-234=254
org/apache/spark/graphx/impl/ShippableVertexPartition$$anonfun$shipVertexAttributes$1$$anonfun$apply$1.apply-ShippableVertexPartition.scala-121-121=198
org/apache/spark/status/api/v1/StageData.attemptId-api.scala-166-166=7
org/apache/spark/graphx/impl/VertexRDDImpl$$anonfun$2.apply-VertexRDDImpl.scala-144-144=3
org/apache/spark/rdd/ZippedPartitionsPartition$$anonfun$writeObject$1.apply$mcV$sp-ZippedPartitionsRDD.scala-40-41=25
org/apache/spark/status/api/v1/StageData.stageId-api.scala-165-165=8
org/apache/spark/graphx/impl/VertexRDDImpl.vdTag-VertexRDDImpl.scala-30-30=6
org/apache/spark/graphx/impl/ShippableVertexPartitionOps.withMask-ShippableVertexPartition.scala-152-152=4
org/apache/spark/graphx/impl/ShippableVertexPartition$ShippableVertexPartitionOpsConstructor$.toOps-ShippableVertexPartition.scala-85-85=3
org/apache/spark/status/api/v1/ShuffleReadMetrics.remoteBytesReadToDisk-api.scala-249-249=82
org/apache/spark/rdd/RDD.elementClassTag-RDD.scala-1749-1749=18
org/apache/spark/graphx/impl/ShippableVertexPartitionOps.withValues-ShippableVertexPartition.scala-152-152=9
org/apache/spark/status/api/v1/TaskMetrics.memoryBytesSpilled-api.scala-228-228=104
org/apache/spark/rdd/RDD.isCheckpointedAndMaterialized-RDD.scala-1677-1677=9
org/apache/spark/rdd/ZippedPartitionsRDD2.compute-ZippedPartitionsRDD.scala-88-89=8
org/apache/spark/graphx/impl/VertexPartitionBaseOps.org$apache$spark$internal$Logging$$log__$eq-VertexPartitionBaseOps.scala-34-34=11
org/apache/spark/graphx/GraphOps$$anonfun$13.apply-GraphOps.scala-225-225=14
org/apache/spark/graphx/impl/VertexPartitionBase.capacity-VertexPartitionBase.scala-69-69=5
org/apache/spark/status/api/v1/ShuffleReadMetrics.recordsRead-api.scala-251-251=90
org/apache/spark/rdd/ZippedPartitionsPartition.org$apache$spark$rdd$ZippedPartitionsPartition$$rdds-ZippedPartitionsRDD.scala-29-29=35
org/apache/spark/status/api/v1/OutputMetrics.recordsWritten-api.scala-242-242=95
org/apache/spark/graphx/impl/ShippableVertexPartition$$anonfun$shipVertexIds$1.apply-ShippableVertexPartition.scala-139-147=39
org/apache/spark/graphx/lib/LabelPropagation$$anonfun$run$2.apply-LabelPropagation.scala-65-65=34
org/apache/spark/rdd/ZippedPartitionsPartition.partitionValues_$eq-ZippedPartitionsRDD.scala-34-34=33
org/apache/spark/graphx/impl/VertexPartitionBase.isDefined-VertexPartitionBase.scala-77-76=193
org/apache/spark/graphx/impl/ShippableVertexPartition$ShippableVertexPartitionOpsConstructor$.toOps-ShippableVertexPartition.scala-88-88=5
org/apache/spark/rdd/RDD$$anonfun$preferredLocations$2.apply-RDD.scala-297-297=30
org/apache/spark/graphx/impl/ShippableVertexPartition$$anonfun$shipVertexAttributes$1.org$apache$spark$graphx$impl$ShippableVertexPartition$$anonfun$$$outer-ShippableVertexPartition.scala-116-116=100
org/apache/spark/graphx/impl/ShippableVertexPartition.index-ShippableVertexPartition.scala-98-98=252
org/apache/spark/graphx/GraphOps$$anonfun$13.apply-GraphOps.scala-226-226=14
org/apache/spark/rdd/RDD.org$apache$spark$rdd$RDD$$dependencies_-RDD.scala-241-241=92
org/apache/spark/rdd/MapPartitionsRDD.getOrCompute-MapPartitionsRDD.scala-354-357=20
org/apache/spark/status/api/v1/TaskMetrics.executorCpuTime-api.scala-224-224=93
org/apache/spark/graphx/impl/ShippableVertexPartition.capacity-ShippableVertexPartition.scala-69-69=5
org/apache/spark/graphx/impl/ShippableVertexPartition$$anonfun$shipVertexIds$1$$anonfun$apply$2.apply-ShippableVertexPartition.scala-141-141=218
org/apache/spark/graphx/impl/ShippableVertexPartition$$anonfun$shipVertexIds$1$$anonfun$apply$2.apply$mcVJ$sp-ShippableVertexPartition.scala-142-145=100
org/apache/spark/graphx/impl/ShippableVertexPartition$$anonfun$shipVertexIds$1.apply-ShippableVertexPartition.scala-138-138=39
org/apache/spark/rdd/RDDOperationScope.toJson-RDDOperationScope.scala-52-52=25
org/apache/spark/graphx/impl/ShippableVertexPartition$$anonfun$shipVertexAttributes$1.apply-ShippableVertexPartition.scala-116-116=37
org/apache/spark/rdd/ZippedPartitionsPartition$$anonfun$writeObject$1$$anonfun$apply$mcV$sp$1.apply-ZippedPartitionsRDD.scala-40-40=128
org/apache/spark/rdd/RDD.getPreferredLocations-RDD.scala-137-137=10
org/apache/spark/rdd/ZippedPartitionsPartition.preferredLocations-ZippedPartitionsRDD.scala-30-30=20
org/apache/spark/status/api/v1/ExecutorSummary.hostPort-api.scala-78-78=8
org/apache/spark/rdd/ZippedPartitionsBaseRDD.getPreferredLocations-ZippedPartitionsRDD.scala-70-70=20
org/apache/spark/rdd/MapPartitionsRDD.computeOrReadCheckpoint-MapPartitionsRDD.scala-343-343=13
org/apache/spark/rdd/RDD.getOrCompute-RDD.scala-354-357=18
org/apache/spark/graphx/impl/VertexRDDImpl$$anonfun$3.apply-VertexRDDImpl.scala-157-159=6
org/apache/spark/rdd/MapPartitionsRDD.id-MapPartitionsRDD.scala-150-150=18
org/apache/spark/rdd/RDD.iterator-RDD.scala-307-307=32
org/apache/spark/rdd/ZippedPartitionsPartition.partitions-ZippedPartitionsRDD.scala-35-35=7
org/apache/spark/rdd/ZippedPartitionsRDD2.getPreferredLocations-ZippedPartitionsRDD.scala-70-70=20
org/apache/spark/status/api/v1/ShuffleWriteMetrics.bytesWritten-api.scala-254-254=91
org/apache/spark/graphx/impl/ShippableVertexPartition.shipVertexIds-ShippableVertexPartition.scala-138-138=1
org/apache/spark/rdd/MapPartitionsRDD.elementClassTag-MapPartitionsRDD.scala-1749-1749=16
org/apache/spark/graphx/impl/ShippableVertexPartition.shipVertexAttributes-ShippableVertexPartition.scala-116-116=3
org/apache/spark/graphx/impl/ShippableVertexPartition$$anonfun$shipVertexIds$1.org$apache$spark$graphx$impl$ShippableVertexPartition$$anonfun$$$outer-ShippableVertexPartition.scala-138-138=101
org/apache/spark/util/JsonProtocol$$anonfun$rddInfoToJson$7.apply-JsonProtocol.scala-444-444=48
org/apache/spark/rdd/RDD.firstParent-RDD.scala-1763-1763=8
org/apache/spark/util/JsonProtocol$$anonfun$rddInfoToJson$2.apply-JsonProtocol.scala-437-437=50
org/apache/spark/status/api/v1/ShuffleReadMetrics.remoteBytesRead-api.scala-248-248=100
org/apache/spark/graphx/impl/ShippableVertexPartition.isDefined-ShippableVertexPartition.scala-77-76=218
org/apache/spark/graphx/impl/RoutingTablePartition.numEdgePartitions-RoutingTablePartition.scala-105-105=5
org/apache/spark/rdd/InputFileBlockHolder$.unset-InputFileBlockHolder.scala-86-86=4
org/apache/spark/graphx/lib/LabelPropagation$$anonfun$org$apache$spark$graphx$lib$LabelPropagation$$vertexProgram$1$1.apply-LabelPropagation.scala-61-61=33
org/apache/spark/status/api/v1/TaskMetrics.executorRunTime-api.scala-223-223=78
org/apache/spark/status/api/v1/TaskMetrics.inputMetrics-api.scala-231-231=205
org/apache/spark/rdd/RDDOperationScope.name-RDDOperationScope.scala-47-47=26
org/apache/spark/util/JsonProtocol$$anonfun$rddInfoToJson$6.apply-JsonProtocol.scala-443-443=55
org/apache/spark/graphx/impl/ShippableVertexPartition.routingTable-ShippableVertexPartition.scala-101-101=181
org/apache/spark/rdd/RDD.computeOrReadCheckpoint-RDD.scala-343-343=15
org/apache/spark/graphx/impl/VertexRDDImpl$$anonfun$shipVertexIds$1$$anonfun$apply$8.apply-VertexRDDImpl.scala-251-251=2
org/apache/spark/rdd/RDD$$anonfun$dependencies$2.apply-RDD.scala-252-252=42
org/apache/spark/rdd/ZippedPartitionsRDD2.rdd2-ZippedPartitionsRDD.scala-83-83=7
org/apache/spark/status/api/v1/RDDPartitionInfo.executors-api.scala-161-161=7
org/apache/spark/graphx/impl/RoutingTablePartition.foreachWithinEdgePartition-RoutingTablePartition.scala-127-127=80
org/apache/spark/status/api/v1/TaskMetrics.outputMetrics-api.scala-232-232=198
org/apache/spark/status/api/v1/RDDPartitionInfo.diskUsed-api.scala-160-160=7
org/apache/spark/util/JsonProtocol$$anonfun$rddInfoToJson$8.apply-JsonProtocol.scala-445-445=46
org/apache/spark/rdd/ZippedPartitionsPartition$$anonfun$writeObject$1.org$apache$spark$rdd$ZippedPartitionsPartition$$anonfun$$$outer-ZippedPartitionsRDD.scala-38-38=62
org/apache/spark/status/api/v1/TaskMetrics.executorDeserializeCpuTime-api.scala-222-222=70
org/apache/spark/rdd/RDD.preferredLocations-RDD.scala-296-296=30
org/apache/spark/rdd/RDD.dependencies-RDD.scala-252-252=44
org/apache/spark/status/api/v1/ShuffleReadMetrics.fetchWaitTime-api.scala-247-247=77
org/apache/spark/graphx/impl/VertexPartitionBaseOps.leftJoin-VertexPartitionBaseOps.scala-130-130=6
org/apache/spark/graphx/impl/VertexRDDImpl$$anonfun$2.apply-VertexRDDImpl.scala-145-147=3
org/apache/spark/rdd/RDD$$anonfun$mapPartitions$1$$anonfun$apply$23.apply-RDD.scala-823-823=14
org/apache/spark/status/api/v1/TaskMetrics.shuffleReadMetrics-api.scala-233-233=610
org/apache/spark/status/api/v1/RDDPartitionInfo.memoryUsed-api.scala-159-159=7
org/apache/spark/status/api/v1/ShuffleReadMetrics.remoteBlocksFetched-api.scala-245-245=71
org/apache/spark/status/api/v1/ShuffleWriteMetrics.recordsWritten-api.scala-256-256=81
org/apache/spark/status/api/v1/TaskMetrics.diskBytesSpilled-api.scala-229-229=99
org/apache/spark/util/JsonProtocol$$anonfun$rddInfoToJson$1.apply-JsonProtocol.scala-437-437=53
org/apache/spark/graphx/impl/RoutingTablePartition.partitionSize-RoutingTablePartition.scala-108-108=86
org/apache/spark/status/api/v1/TaskMetrics.resultSerializationTime-api.scala-227-227=72
org/apache/spark/rdd/RDD$$anonfun$partitions$2.apply-RDD.scala-269-269=102
org/apache/spark/rdd/RDD.getStorageLevel-RDD.scala-223-223=8
org/apache/spark/rdd/MapPartitionsRDD.isCheckpointedAndMaterialized-MapPartitionsRDD.scala-1677-1677=12
org/apache/spark/rdd/RDDOperationScope.id-RDDOperationScope.scala-49-49=26
org/apache/spark/util/JsonProtocol$$anonfun$rddInfoToJson$4$$anonfun$apply$19.apply-JsonProtocol.scala-439-439=48
org/apache/spark/rdd/InputFileBlockHolder$$anon$1.initialValue-InputFileBlockHolder.scala-53-53=1
org/apache/spark/rdd/RDDOperationScope$.org$apache$spark$rdd$RDDOperationScope$$jsonMapper-RDDOperationScope.scala-82-82=26
org/apache/spark/rdd/InputFileBlockHolder$.initialize-InputFileBlockHolder.scala-92-92=3
org/apache/spark/util/JsonProtocol$$anonfun$rddInfoToJson$9.apply-JsonProtocol.scala-446-446=50
org/apache/spark/status/api/v1/ShuffleReadMetrics.localBytesRead-api.scala-250-250=97
org/apache/spark/rdd/RDD.checkpointData-RDD.scala-1751-1751=194
org/apache/spark/rdd/MapPartitionsRDD.compute-MapPartitionsRDD.scala-52-52=7
org/apache/spark/rdd/MapPartitionsRDD.org$apache$spark$rdd$RDD$$dependencies_-MapPartitionsRDD.scala-241-241=18
org/apache/spark/status/api/v1/TaskMetrics.executorDeserializeTime-api.scala-221-221=78
org/apache/spark/graphx/impl/VertexPartitionBaseOps.diff-VertexPartitionBaseOps.scala-110-110=3
org/apache/spark/rdd/ZippedPartitionsPartition.partitionValues-ZippedPartitionsRDD.scala-34-34=7
org/apache/spark/graphx/impl/ShippableVertexPartitionOps.diff-ShippableVertexPartition.scala-110-110=6
org/apache/spark/graphx/impl/ShippableVertexPartition$$anonfun$shipVertexAttributes$1$$anonfun$apply$1.apply$mcVJ$sp-ShippableVertexPartition.scala-122-126=93
org/apache/spark/graphx/impl/ShippableVertexPartition.mask-ShippableVertexPartition.scala-100-100=242
org/apache/spark/rdd/MapPartitionsRDD.dependencies-MapPartitionsRDD.scala-252-252=6
org/apache/spark/graphx/impl/ShippableVertexPartition$$anonfun$shipVertexAttributes$1.apply-ShippableVertexPartition.scala-117-128=32
org/apache/spark/rdd/MapPartitionsRDD.firstParent-MapPartitionsRDD.scala-1763-1763=7
org/apache/spark/rdd/RDDOperationScope.parent-RDDOperationScope.scala-48-48=26
org/apache/spark/rdd/RDD$$anon$1.next-RDD.scala-367-368=13
org/apache/spark/rdd/RDD.partitions-RDD.scala-269-269=106
org/apache/spark/status/api/v1/JobData.jobId-api.scala-110-110=9
org/apache/spark/status/api/v1/ExecutorSummary.id-api.scala-77-77=7
org/apache/spark/rdd/RDD$$anonfun$7.apply-RDD.scala-357-357=4
org/apache/spark/rdd/MapPartitionsRDD.checkpointData-MapPartitionsRDD.scala-1751-1751=16
org/apache/spark/status/api/v1/TaskMetrics.jvmGcTime-api.scala-226-226=80
org/apache/spark/graphx/impl/ShippableVertexPartition$.shippablePartitionToOps-ShippableVertexPartition.scala-77-77=12
org/apache/spark/rdd/MapPartitionsRDD.iterator-MapPartitionsRDD.scala-307-307=32
org/apache/spark/status/api/v1/RDDStorageInfo.id-api.scala-132-132=36
org/apache/spark/graphx/impl/VertexRDDImpl$$anonfun$shipVertexIds$1.apply-VertexRDDImpl.scala-251-251=10
org/apache/spark/graphx/impl/ShippableVertexPartition.values-ShippableVertexPartition.scala-99-99=64
