org/apache/spark/status/api/v1/OutputMetrics.bytesWritten-api.scala-241-241=158
org/apache/spark/graphx/impl/ShippableVertexPartitionOps.leftJoin-ShippableVertexPartition.scala-130-130=2
org/apache/spark/status/api/v1/TaskMetrics.resultSize-api.scala-225-225=91
org/apache/spark/rdd/ZippedPartitionsRDD2.rdd1-ZippedPartitionsRDD.scala-82-82=5
org/apache/spark/rdd/ZippedPartitionsPartition$$anonfun$writeObject$1.apply-ZippedPartitionsRDD.scala-38-38=437
org/apache/spark/graphx/impl/VertexRDDImpl$$anonfun$shipVertexAttributes$1$$anonfun$apply$7.apply-VertexRDDImpl.scala-247-247=3
org/apache/spark/graphx/impl/ShippableVertexPartitionOps.org$apache$spark$internal$Logging$$log__$eq-ShippableVertexPartition.scala-34-34=16
org/apache/spark/rdd/RDD.org$apache$spark$rdd$RDD$$partitions_-RDD.scala-242-242=1666
org/apache/spark/rdd/ZippedPartitionsPartition.index-ZippedPartitionsRDD.scala-33-33=20
org/apache/spark/status/api/v1/ShuffleReadMetrics.localBlocksFetched-api.scala-246-246=93
org/apache/spark/graphx/lib/LabelPropagation$.org$apache$spark$graphx$lib$LabelPropagation$$vertexProgram$1-LabelPropagation.scala-61-61=18
org/apache/spark/graphx/impl/VertexRDDImpl$$anonfun$3.apply-VertexRDDImpl.scala-156-156=2
org/apache/spark/rdd/RDD.id-RDD.scala-150-150=171
org/apache/spark/rdd/ZippedPartitionsRDD2.f-ZippedPartitionsRDD.scala-81-81=6
org/apache/spark/util/JsonProtocol$$anonfun$rddInfoToJson$5.apply-JsonProtocol.scala-440-440=852
org/apache/spark/graphx/impl/VertexRDDImpl$$anonfun$shipVertexAttributes$1.apply-VertexRDDImpl.scala-247-247=6
org/apache/spark/status/api/v1/ShuffleWriteMetrics.writeTime-api.scala-255-255=91
org/apache/spark/status/api/v1/TaskMetrics.peakExecutionMemory-api.scala-230-230=91
org/apache/spark/graphx/impl/ShippableVertexPartition$$anonfun$shipVertexAttributes$1$$anonfun$apply$1.apply-ShippableVertexPartition.scala-121-121=189
org/apache/spark/status/api/v1/TaskMetrics.shuffleWriteMetrics-api.scala-234-234=406
org/apache/spark/status/api/v1/StageData.attemptId-api.scala-166-166=55
org/apache/spark/graphx/impl/VertexRDDImpl$$anonfun$2.apply-VertexRDDImpl.scala-144-144=5
org/apache/spark/rdd/ZippedPartitionsPartition$$anonfun$writeObject$1.apply$mcV$sp-ZippedPartitionsRDD.scala-40-41=438
org/apache/spark/graphx/impl/VertexRDDImpl.vdTag-VertexRDDImpl.scala-30-30=9
org/apache/spark/graphx/impl/ShippableVertexPartitionOps.withMask-ShippableVertexPartition.scala-152-152=7
org/apache/spark/graphx/impl/ShippableVertexPartition$ShippableVertexPartitionOpsConstructor$.toOps-ShippableVertexPartition.scala-85-85=6
org/apache/spark/status/api/v1/StageData.stageId-api.scala-165-165=56
org/apache/spark/status/api/v1/ShuffleReadMetrics.remoteBytesReadToDisk-api.scala-249-249=91
org/apache/spark/rdd/RDD.elementClassTag-RDD.scala-1749-1749=15
org/apache/spark/graphx/impl/ShippableVertexPartitionOps.withValues-ShippableVertexPartition.scala-152-152=8
org/apache/spark/rdd/RDD.isCheckpointedAndMaterialized-RDD.scala-1677-1677=12
org/apache/spark/rdd/ZippedPartitionsRDD2.compute-ZippedPartitionsRDD.scala-88-89=7
org/apache/spark/status/api/v1/TaskMetrics.memoryBytesSpilled-api.scala-228-228=163
org/apache/spark/graphx/impl/VertexPartitionBaseOps.org$apache$spark$internal$Logging$$log__$eq-VertexPartitionBaseOps.scala-34-34=14
org/apache/spark/graphx/GraphOps$$anonfun$13.apply-GraphOps.scala-225-225=21
org/apache/spark/graphx/impl/VertexPartitionBase.capacity-VertexPartitionBase.scala-69-69=3
org/apache/spark/rdd/ZippedPartitionsPartition.org$apache$spark$rdd$ZippedPartitionsPartition$$rdds-ZippedPartitionsRDD.scala-29-29=397
org/apache/spark/status/api/v1/ShuffleReadMetrics.recordsRead-api.scala-251-251=164
org/apache/spark/status/api/v1/OutputMetrics.recordsWritten-api.scala-242-242=159
org/apache/spark/graphx/impl/ShippableVertexPartition$$anonfun$shipVertexIds$1.apply-ShippableVertexPartition.scala-139-147=11
org/apache/spark/graphx/lib/LabelPropagation$$anonfun$run$2.apply-LabelPropagation.scala-65-65=37
org/apache/spark/rdd/ZippedPartitionsPartition.partitionValues_$eq-ZippedPartitionsRDD.scala-34-34=395
org/apache/spark/graphx/impl/VertexPartitionBase.isDefined-VertexPartitionBase.scala-77-76=153
org/apache/spark/graphx/impl/ShippableVertexPartition$ShippableVertexPartitionOpsConstructor$.toOps-ShippableVertexPartition.scala-88-88=5
org/apache/spark/rdd/RDD$$anonfun$preferredLocations$2.apply-RDD.scala-297-297=30
org/apache/spark/graphx/impl/ShippableVertexPartition$$anonfun$shipVertexAttributes$1.org$apache$spark$graphx$impl$ShippableVertexPartition$$anonfun$$$outer-ShippableVertexPartition.scala-116-116=90
org/apache/spark/graphx/impl/ShippableVertexPartition.index-ShippableVertexPartition.scala-98-98=223
org/apache/spark/graphx/GraphOps$$anonfun$13.apply-GraphOps.scala-226-226=18
org/apache/spark/rdd/RDD.org$apache$spark$rdd$RDD$$dependencies_-RDD.scala-241-241=92
org/apache/spark/rdd/MapPartitionsRDD.getOrCompute-MapPartitionsRDD.scala-354-357=16
org/apache/spark/status/api/v1/TaskMetrics.executorCpuTime-api.scala-224-224=146
org/apache/spark/graphx/impl/ShippableVertexPartition.capacity-ShippableVertexPartition.scala-69-69=1
org/apache/spark/graphx/impl/ShippableVertexPartition$$anonfun$shipVertexIds$1$$anonfun$apply$2.apply$mcVJ$sp-ShippableVertexPartition.scala-142-145=56
org/apache/spark/graphx/impl/ShippableVertexPartition$$anonfun$shipVertexIds$1$$anonfun$apply$2.apply-ShippableVertexPartition.scala-141-141=111
org/apache/spark/rdd/RDDOperationScope.toJson-RDDOperationScope.scala-52-52=428
org/apache/spark/graphx/impl/ShippableVertexPartition$$anonfun$shipVertexIds$1.apply-ShippableVertexPartition.scala-138-138=9
org/apache/spark/graphx/impl/ShippableVertexPartition$$anonfun$shipVertexAttributes$1.apply-ShippableVertexPartition.scala-116-116=29
org/apache/spark/rdd/ZippedPartitionsPartition$$anonfun$writeObject$1$$anonfun$apply$mcV$sp$1.apply-ZippedPartitionsRDD.scala-40-40=1585
org/apache/spark/rdd/RDD.getPreferredLocations-RDD.scala-137-137=10
org/apache/spark/rdd/ZippedPartitionsPartition.preferredLocations-ZippedPartitionsRDD.scala-30-30=20
org/apache/spark/status/api/v1/ExecutorSummary.hostPort-api.scala-78-78=17
org/apache/spark/rdd/ZippedPartitionsBaseRDD.getPreferredLocations-ZippedPartitionsRDD.scala-70-70=20
org/apache/spark/rdd/MapPartitionsRDD.computeOrReadCheckpoint-MapPartitionsRDD.scala-343-343=14
org/apache/spark/rdd/RDD.getOrCompute-RDD.scala-354-357=21
org/apache/spark/graphx/impl/VertexRDDImpl$$anonfun$3.apply-VertexRDDImpl.scala-157-159=3
org/apache/spark/rdd/MapPartitionsRDD.id-MapPartitionsRDD.scala-150-150=19
org/apache/spark/rdd/RDD.iterator-RDD.scala-307-307=26
org/apache/spark/rdd/ZippedPartitionsPartition.partitions-ZippedPartitionsRDD.scala-35-35=8
org/apache/spark/rdd/ZippedPartitionsRDD2.getPreferredLocations-ZippedPartitionsRDD.scala-70-70=20
org/apache/spark/status/api/v1/ShuffleWriteMetrics.bytesWritten-api.scala-254-254=164
org/apache/spark/graphx/impl/ShippableVertexPartition.shipVertexIds-ShippableVertexPartition.scala-138-138=2
org/apache/spark/rdd/MapPartitionsRDD.elementClassTag-MapPartitionsRDD.scala-1749-1749=18
org/apache/spark/graphx/impl/ShippableVertexPartition.shipVertexAttributes-ShippableVertexPartition.scala-116-116=4
org/apache/spark/graphx/impl/ShippableVertexPartition$$anonfun$shipVertexIds$1.org$apache$spark$graphx$impl$ShippableVertexPartition$$anonfun$$$outer-ShippableVertexPartition.scala-138-138=68
org/apache/spark/util/JsonProtocol$$anonfun$rddInfoToJson$7.apply-JsonProtocol.scala-444-444=871
org/apache/spark/rdd/RDDOperationScope$$anonfun$getAllScopes$2.apply-RDDOperationScope.scala-61-61=598
org/apache/spark/rdd/RDD.firstParent-RDD.scala-1763-1763=7
org/apache/spark/rdd/RDDOperationScope.getAllScopes-RDDOperationScope.scala-61-61=613
org/apache/spark/util/JsonProtocol$$anonfun$rddInfoToJson$2.apply-JsonProtocol.scala-437-437=843
org/apache/spark/status/api/v1/ShuffleReadMetrics.remoteBytesRead-api.scala-248-248=164
org/apache/spark/graphx/impl/RoutingTablePartition.numEdgePartitions-RoutingTablePartition.scala-105-105=6
org/apache/spark/graphx/impl/ShippableVertexPartition.isDefined-ShippableVertexPartition.scala-77-76=154
org/apache/spark/rdd/InputFileBlockHolder$.unset-InputFileBlockHolder.scala-86-86=3
org/apache/spark/graphx/lib/LabelPropagation$$anonfun$org$apache$spark$graphx$lib$LabelPropagation$$vertexProgram$1$1.apply-LabelPropagation.scala-61-61=32
org/apache/spark/rdd/RDDOperationScope.name-RDDOperationScope.scala-47-47=1027
org/apache/spark/status/api/v1/TaskMetrics.executorRunTime-api.scala-223-223=147
org/apache/spark/status/api/v1/TaskMetrics.inputMetrics-api.scala-231-231=323
org/apache/spark/util/JsonProtocol$$anonfun$rddInfoToJson$6.apply-JsonProtocol.scala-443-443=857
org/apache/spark/graphx/impl/ShippableVertexPartition.routingTable-ShippableVertexPartition.scala-101-101=156
org/apache/spark/rdd/ZippedPartitionsRDD2.rdd2-ZippedPartitionsRDD.scala-83-83=7
org/apache/spark/rdd/RDD.computeOrReadCheckpoint-RDD.scala-343-343=15
org/apache/spark/rdd/RDD$$anonfun$dependencies$2.apply-RDD.scala-252-252=46
org/apache/spark/graphx/impl/VertexRDDImpl$$anonfun$shipVertexIds$1$$anonfun$apply$8.apply-VertexRDDImpl.scala-251-251=3
org/apache/spark/status/api/v1/RDDPartitionInfo.executors-api.scala-161-161=10
org/apache/spark/graphx/impl/RoutingTablePartition.foreachWithinEdgePartition-RoutingTablePartition.scala-127-127=57
org/apache/spark/status/api/v1/TaskMetrics.outputMetrics-api.scala-232-232=321
org/apache/spark/status/api/v1/RDDPartitionInfo.diskUsed-api.scala-160-160=10
org/apache/spark/util/JsonProtocol$$anonfun$rddInfoToJson$8.apply-JsonProtocol.scala-445-445=862
org/apache/spark/rdd/ZippedPartitionsPartition$$anonfun$writeObject$1.org$apache$spark$rdd$ZippedPartitionsPartition$$anonfun$$$outer-ZippedPartitionsRDD.scala-38-38=797
org/apache/spark/status/api/v1/TaskMetrics.executorDeserializeCpuTime-api.scala-222-222=92
org/apache/spark/rdd/RDD.preferredLocations-RDD.scala-296-296=30
org/apache/spark/rdd/RDD.dependencies-RDD.scala-252-252=44
org/apache/spark/status/api/v1/ShuffleReadMetrics.fetchWaitTime-api.scala-247-247=95
org/apache/spark/graphx/impl/VertexPartitionBaseOps.leftJoin-VertexPartitionBaseOps.scala-130-130=1
org/apache/spark/graphx/impl/VertexRDDImpl$$anonfun$2.apply-VertexRDDImpl.scala-145-147=3
org/apache/spark/rdd/RDD$$anonfun$mapPartitions$1$$anonfun$apply$23.apply-RDD.scala-823-823=13
org/apache/spark/status/api/v1/TaskMetrics.shuffleReadMetrics-api.scala-233-233=858
org/apache/spark/status/api/v1/RDDPartitionInfo.memoryUsed-api.scala-159-159=10
org/apache/spark/status/api/v1/ShuffleReadMetrics.remoteBlocksFetched-api.scala-245-245=89
org/apache/spark/status/api/v1/ShuffleWriteMetrics.recordsWritten-api.scala-256-256=159
org/apache/spark/util/JsonProtocol$$anonfun$rddInfoToJson$1.apply-JsonProtocol.scala-437-437=853
org/apache/spark/status/api/v1/TaskMetrics.diskBytesSpilled-api.scala-229-229=161
org/apache/spark/graphx/impl/RoutingTablePartition.partitionSize-RoutingTablePartition.scala-108-108=67
org/apache/spark/status/api/v1/TaskMetrics.resultSerializationTime-api.scala-227-227=94
org/apache/spark/rdd/RDD$$anonfun$partitions$2.apply-RDD.scala-269-269=841
org/apache/spark/rdd/RDD.getStorageLevel-RDD.scala-223-223=10
org/apache/spark/rdd/MapPartitionsRDD.isCheckpointedAndMaterialized-MapPartitionsRDD.scala-1677-1677=10
org/apache/spark/rdd/RDDOperationScope.id-RDDOperationScope.scala-49-49=1041
org/apache/spark/util/JsonProtocol$$anonfun$rddInfoToJson$4$$anonfun$apply$19.apply-JsonProtocol.scala-439-439=850
org/apache/spark/rdd/InputFileBlockHolder$$anon$1.initialValue-InputFileBlockHolder.scala-53-53=1
org/apache/spark/rdd/RDDOperationScope$.org$apache$spark$rdd$RDDOperationScope$$jsonMapper-RDDOperationScope.scala-82-82=427
org/apache/spark/rdd/InputFileBlockHolder$.initialize-InputFileBlockHolder.scala-92-92=1
org/apache/spark/util/JsonProtocol$$anonfun$rddInfoToJson$9.apply-JsonProtocol.scala-446-446=845
org/apache/spark/rdd/RDD.checkpointData-RDD.scala-1751-1751=919
org/apache/spark/status/api/v1/ShuffleReadMetrics.localBytesRead-api.scala-250-250=164
org/apache/spark/rdd/MapPartitionsRDD.compute-MapPartitionsRDD.scala-52-52=7
org/apache/spark/rdd/MapPartitionsRDD.org$apache$spark$rdd$RDD$$dependencies_-MapPartitionsRDD.scala-241-241=11
org/apache/spark/graphx/impl/VertexPartitionBaseOps.diff-VertexPartitionBaseOps.scala-110-110=3
org/apache/spark/status/api/v1/TaskMetrics.executorDeserializeTime-api.scala-221-221=105
org/apache/spark/rdd/ZippedPartitionsPartition.partitionValues-ZippedPartitionsRDD.scala-34-34=7
org/apache/spark/graphx/impl/ShippableVertexPartitionOps.diff-ShippableVertexPartition.scala-110-110=3
org/apache/spark/graphx/impl/ShippableVertexPartition$$anonfun$shipVertexAttributes$1$$anonfun$apply$1.apply$mcVJ$sp-ShippableVertexPartition.scala-122-126=90
org/apache/spark/graphx/impl/ShippableVertexPartition.mask-ShippableVertexPartition.scala-100-100=215
org/apache/spark/rdd/MapPartitionsRDD.dependencies-MapPartitionsRDD.scala-252-252=6
org/apache/spark/graphx/impl/ShippableVertexPartition$$anonfun$shipVertexAttributes$1.apply-ShippableVertexPartition.scala-117-128=31
org/apache/spark/rdd/MapPartitionsRDD.firstParent-MapPartitionsRDD.scala-1763-1763=7
org/apache/spark/rdd/RDDOperationScope.parent-RDDOperationScope.scala-48-48=1026
org/apache/spark/rdd/RDD$$anon$1.next-RDD.scala-367-368=16
org/apache/spark/rdd/RDD.partitions-RDD.scala-269-269=832
org/apache/spark/status/api/v1/JobData.jobId-api.scala-110-110=16
org/apache/spark/status/api/v1/ExecutorSummary.id-api.scala-77-77=17
org/apache/spark/rdd/MapPartitionsRDD.checkpointData-MapPartitionsRDD.scala-1751-1751=17
org/apache/spark/graphx/impl/ShippableVertexPartition$.shippablePartitionToOps-ShippableVertexPartition.scala-77-77=11
org/apache/spark/status/api/v1/TaskMetrics.jvmGcTime-api.scala-226-226=92
org/apache/spark/rdd/MapPartitionsRDD.iterator-MapPartitionsRDD.scala-307-307=27
org/apache/spark/status/api/v1/RDDStorageInfo.id-api.scala-132-132=77
org/apache/spark/graphx/impl/VertexRDDImpl$$anonfun$shipVertexIds$1.apply-VertexRDDImpl.scala-251-251=7
org/apache/spark/graphx/impl/ShippableVertexPartition.values-ShippableVertexPartition.scala-99-99=72
