org/apache/spark/rdd/MapPartitionsRDD.partitioner-MapPartitionsRDD.scala-47-47=21
org/apache/spark/graphx/impl/ReplicatedVertexView.upgrade-ReplicatedVertexView.scala-62-61=1
org/apache/spark/rdd/RDD.getNumPartitions-RDD.scala-289-289=4
org/apache/spark/rdd/RDD.org$apache$spark$rdd$RDD$$partitions_-RDD.scala-242-242=692
org/apache/spark/rdd/RDD.org$apache$spark$rdd$RDD$$sc-RDD.scala-89-100=221
org/apache/spark/graphx/impl/VertexRDDImpl.persist-VertexRDDImpl.scala-27-27=1
org/apache/spark/rdd/RDD$.rddToPairRDDFunctions-RDD.scala-2016-2016=4
org/apache/spark/rdd/RDD.persist-RDD.scala-202-202=1
org/apache/spark/rdd/RDD$$anonfun$mapPartitionsWithIndex$1.apply-RDD.scala-871-871=1
org/apache/spark/graphx/EdgeDirection$.Either-EdgeDirection.scala-57-57=1
org/apache/spark/rdd/RDD$.CHECKPOINT_ALL_MARKED_ANCESTORS-RDD.scala-2006-2006=31
org/apache/spark/graphx/impl/VertexRDDImpl.vdTag-VertexRDDImpl.scala-30-30=2
org/apache/spark/rdd/RDD.getNarrowAncestors-RDD.scala-320-335=5
org/apache/spark/graphx/impl/EdgeRDDImpl.getStorageLevel-EdgeRDDImpl.scala-74-74=1
org/apache/spark/rdd/ZippedPartitionsRDD2.getPartitions-ZippedPartitionsRDD.scala-55-57=4
org/apache/spark/rdd/RDD.isBarrier_-RDD.scala-1935-1935=5
org/apache/spark/rdd/ParallelCollectionRDD$$anonfun$positions$1$1.apply-ParallelCollectionRDD.scala-124-124=10
org/apache/spark/rdd/RDD$$anonfun$mapPartitions$1.apply-RDD.scala-819-819=9
org/apache/spark/rdd/ParallelCollectionRDD$$anonfun$getPreferredLocations$1.apply-ParallelCollectionRDD.scala-106-106=10
org/apache/spark/graphx/impl/VertexRDDImpl.diff-VertexRDDImpl.scala-136-149=1
org/apache/spark/graphx/impl/GraphImpl$.apply-GraphImpl.scala-329-336=1
org/apache/spark/graphx/impl/GraphImpl$.apply-GraphImpl.scala-289-289=1
org/apache/spark/rdd/util/PeriodicRDDCheckpointer.persist-PeriodicRDDCheckpointer.scala-87-87=1
org/apache/spark/rdd/RDD$$anonfun$isBarrier_$2.apply-RDD.scala-1936-1936=16
org/apache/spark/rdd/RDD.creationSite-RDD.scala-1734-1734=36
org/apache/spark/rdd/RDD$$anonfun$6.apply-RDD.scala-325-325=56
org/apache/spark/rdd/RDD.org$apache$spark$rdd$RDD$$dependencies_-RDD.scala-241-241=470
org/apache/spark/graphx/impl/VertexRDDImpl.withTargetStorageLevel-VertexRDDImpl.scala-242-242=1
org/apache/spark/graphx/impl/GraphImpl.mapVertices$default$3-GraphImpl.scala-124-124=1
org/apache/spark/graphx/GraphXUtils$.mapReduceTriplets-GraphXUtils.scala-69-69=1
org/apache/spark/graphx/Graph$.fromEdges$default$3-Graph.scala-501-501=1
org/apache/spark/rdd/MapPartitionsRDD$.$lessinit$greater$default$3-MapPartitionsRDD.scala-42-42=1
org/apache/spark/graphx/impl/EdgeRDDImpl.withPartitionsRDD-EdgeRDDImpl.scala-131-131=3
org/apache/spark/rdd/ParallelCollectionRDD$.slice-ParallelCollectionRDD.scala-118-130=1
org/apache/spark/rdd/RDDOperationScope.toJson-RDDOperationScope.scala-52-52=21
org/apache/spark/graphx/impl/VertexRDDImpl$.$lessinit$greater$default$2-VertexRDDImpl.scala-29-29=1
org/apache/spark/rdd/RDD$$anonfun$isBarrier_$1.apply-RDD.scala-1936-1936=16
org/apache/spark/rdd/ZippedPartitionsBaseRDD$$anonfun$getPartitions$3$$anonfun$3.apply-ZippedPartitionsRDD.scala-63-63=80
org/apache/spark/graphx/impl/ReplicatedVertexView.edges-ReplicatedVertexView.scala-34-34=11
org/apache/spark/rdd/RDD.getPreferredLocations-RDD.scala-137-137=60
org/apache/spark/status/api/v1/ExecutorSummary.hostPort-api.scala-78-78=193
org/apache/spark/rdd/RDD$$anonfun$zipPartitions$1.apply-RDD.scala-931-931=4
org/apache/spark/rdd/PairRDDFunctions.org$apache$spark$internal$Logging$$log__$eq-PairRDDFunctions.scala-49-49=4
org/apache/spark/rdd/RDDOperationScope$.org$apache$spark$internal$Logging$$log__$eq-RDDOperationScope.scala-81-81=1
org/apache/spark/rdd/ZippedPartitionsPartition$$anonfun$1.apply-ZippedPartitionsRDD.scala-34-34=160
org/apache/spark/graphx/impl/EdgeRDDImpl.partitionsRDD-EdgeRDDImpl.scala-28-28=26
org/apache/spark/rdd/MapPartitionsRDD$$anonfun$isBarrier_$1.apply-MapPartitionsRDD.scala-60-60=22
org/apache/spark/rdd/ZippedPartitionsRDD2.getPreferredLocations-ZippedPartitionsRDD.scala-70-70=10
org/apache/spark/rdd/ZippedPartitionsBaseRDD$$anonfun$$lessinit$greater$1.apply-ZippedPartitionsRDD.scala-49-49=16
org/apache/spark/rdd/RDD.context-RDD.scala-1772-1772=34
org/apache/spark/rdd/PairRDDFunctions$$anonfun$partitionBy$1.apply-PairRDDFunctions.scala-529-529=4
org/apache/spark/rdd/RDD.firstParent-RDD.scala-1763-1763=18
org/apache/spark/rdd/RDDOperationScope$.withScope-RDDOperationScope.scala-134-155=22
org/apache/spark/rdd/RDD.persist-RDD.scala-189-189=8
org/apache/spark/rdd/RDD.org$apache$spark$rdd$RDD$$stateLock-RDD.scala-237-237=45
org/apache/spark/status/api/v1/UIRootFromServletContext$.setUiRoot-ApiRootResource.scala-105-105=1
org/apache/spark/rdd/ShuffledRDD.getPartitions-ShuffledRDD.scala-93-93=4
org/apache/spark/graphx/impl/VertexRDDImpl.aggregateUsingIndex-VertexRDDImpl.scala-214-218=1
org/apache/spark/rdd/RDDOperationScope.name-RDDOperationScope.scala-47-47=21
org/apache/spark/rdd/RDD$$anonfun$5.apply-RDD.scala-324-324=56
org/apache/spark/rdd/RDD.name-RDD.scala-153-153=45
org/apache/spark/rdd/PairRDDFunctions.partitionBy-PairRDDFunctions.scala-529-529=4
org/apache/spark/rdd/RDD$$anonfun$dependencies$2.apply-RDD.scala-252-252=225
org/apache/spark/rdd/ParallelCollectionRDD$$anonfun$positions$1$1.apply-ParallelCollectionRDD.scala-125-127=10
org/apache/spark/graphx/impl/VertexRDDImpl.targetStorageLevel-VertexRDDImpl.scala-29-29=8
org/apache/spark/rdd/RDD.map-RDD.scala-392-392=1
org/apache/spark/rdd/RDD$$anonfun$37.apply-RDD.scala-1744-1744=40
org/apache/spark/graphx/impl/VertexRDDImpl.cache-VertexRDDImpl.scala-27-27=4
org/apache/spark/rdd/RDDOperationScope$.withScope$default$2-RDDOperationScope.scala-101-101=23
org/apache/spark/rdd/RDD.preferredLocations-RDD.scala-296-296=110
org/apache/spark/rdd/RDDOperationScope$$anonfun$3.apply-RDDOperationScope.scala-106-106=46
org/apache/spark/graphx/util/PeriodicGraphCheckpointer.persist-PeriodicGraphCheckpointer.scala-80-80=1
org/apache/spark/rdd/ZippedPartitionsBaseRDD.getPartitions-ZippedPartitionsRDD.scala-55-57=4
org/apache/spark/rdd/RDD.org$apache$spark$rdd$RDD$$dependencies__$eq-RDD.scala-241-241=20
org/apache/spark/rdd/ShuffledRDD.getPreferredLocations-ShuffledRDD.scala-97-99=30
org/apache/spark/graphx/impl/VertexRDDImpl.getStorageLevel-VertexRDDImpl.scala-74-74=2
org/apache/spark/rdd/ShuffledRDD$$anonfun$1.apply-ShuffledRDD.scala-79-79=4
org/apache/spark/rdd/ParallelCollectionRDD.getPreferredLocations-ParallelCollectionRDD.scala-106-106=10
org/apache/spark/rdd/ZippedPartitionsBaseRDD$$anonfun$getPartitions$3.apply-ZippedPartitionsRDD.scala-60-60=40
org/apache/spark/rdd/RDD.getStorageLevel-RDD.scala-223-223=46
org/apache/spark/graphx/EdgeRDD$.fromEdges-EdgeRDD.scala-105-112=1
org/apache/spark/rdd/ParallelCollectionRDD.getPartitions-ParallelCollectionRDD.scala-97-98=1
org/apache/spark/rdd/RDDOperationScope$$anonfun$1.apply-RDDOperationScope.scala-104-104=92
org/apache/spark/rdd/ShuffledRDD$$anonfun$getPartitions$1.apply-ShuffledRDD.scala-93-93=80
org/apache/spark/rdd/RDD.sparkContext-RDD.scala-147-147=7
org/apache/spark/rdd/RDDOperationScope$.nextScopeId-RDDOperationScope.scala-90-90=21
org/apache/spark/rdd/RDD.checkpointData-RDD.scala-1751-1751=664
org/apache/spark/rdd/util/PeriodicRDDCheckpointer.persist-PeriodicRDDCheckpointer.scala-77-77=1
org/apache/spark/rdd/ZippedPartitionsBaseRDD.rdds-ZippedPartitionsRDD.scala-47-47=88
org/apache/spark/rdd/RDD.org$apache$spark$internal$Logging$$log__$eq-RDD.scala-77-77=31
org/apache/spark/rdd/RDD$$anonfun$zipPartitions$2.apply-RDD.scala-937-937=2
org/apache/spark/rdd/ParallelCollectionPartition.index-ParallelCollectionRDD.scala-48-48=80
org/apache/spark/rdd/RDDOperationScope$.fromJson-RDDOperationScope.scala-86-86=22
org/apache/spark/rdd/RDD.partitions-RDD.scala-269-269=321
org/apache/spark/status/api/v1/ExecutorSummary.id-api.scala-77-77=193
org/apache/spark/graphx/impl/ReplicatedVertexView.hasDstId-ReplicatedVertexView.scala-36-36=4
org/apache/spark/graphx/EdgeRDD$.fromEdgePartitions-EdgeRDD.scala-123-123=1
org/apache/spark/rdd/ParallelCollectionRDD$$anonfun$getPartitions$1.apply-ParallelCollectionRDD.scala-98-98=20
org/apache/spark/graphx/impl/VertexRDDImpl.withPartitionsRDD-VertexRDDImpl.scala-237-237=4
org/apache/spark/rdd/RDD$$anonfun$org$apache$spark$rdd$RDD$$visit$1$1.apply-RDD.scala-327-328=27
org/apache/spark/rdd/MapPartitionsRDD$.$lessinit$greater$default$5-MapPartitionsRDD.scala-44-44=11
org/apache/spark/rdd/ZippedPartitionsBaseRDD.partitioner-ZippedPartitionsRDD.scala-51-51=6
org/apache/spark/graphx/impl/VertexRDDImpl.partitionsRDD-VertexRDDImpl.scala-28-28=31
org/apache/spark/graphx/impl/GraphImpl.vertices-GraphImpl.scala-36-36=11
org/apache/spark/graphx/util/PeriodicGraphCheckpointer.persist-PeriodicGraphCheckpointer.scala-90-89=1
org/apache/spark/graphx/impl/ReplicatedVertexView$.$lessinit$greater$default$2-ReplicatedVertexView.scala-35-35=2
org/apache/spark/rdd/ShuffledRDD.isBarrier-ShuffledRDD.scala-114-114=4
org/apache/spark/rdd/RDD.mapPartitionsWithIndex-RDD.scala-871-871=1
org/apache/spark/rdd/ZippedPartitionsPartition.index-ZippedPartitionsRDD.scala-33-33=90
org/apache/spark/status/api/v1/ApplicationInfo.id-api.scala-30-30=1
org/apache/spark/rdd/RDDOperationScope$$anonfun$2.apply-RDDOperationScope.scala-105-105=138
org/apache/spark/rdd/RDD.id-RDD.scala-150-150=221
org/apache/spark/rdd/RDD.scope-RDD.scala-1743-1743=32
org/apache/spark/rdd/MapPartitionsRDD$.$lessinit$greater$default$4-MapPartitionsRDD.scala-43-43=11
org/apache/spark/rdd/RDD.zipPartitions-RDD.scala-936-936=2
org/apache/spark/rdd/ZippedPartitionsBaseRDD$$anonfun$getPartitions$1.apply-ZippedPartitionsRDD.scala-56-56=16
org/apache/spark/rdd/ShuffledRDD.getDependencies-ShuffledRDD.scala-79-87=4
org/apache/spark/rdd/RDD.elementClassTag-RDD.scala-1749-1749=31
org/apache/spark/rdd/RDD$$anonfun$partitions$2$$anonfun$apply$3.apply-RDD.scala-274-274=500
org/apache/spark/rdd/RDD.withScope-RDD.scala-385-385=21
org/apache/spark/rdd/RDD$$anonfun$persist$1.apply-RDD.scala-176-176=12
org/apache/spark/graphx/Graph$.fromEdges-Graph.scala-503-503=1
org/apache/spark/rdd/ParallelCollectionPartition.slice-ParallelCollectionRDD.scala-34-34=80
org/apache/spark/graphx/impl/EdgeRDDImpl.cache-EdgeRDDImpl.scala-27-27=1
org/apache/spark/rdd/ZippedPartitionsBaseRDD$$anonfun$getPartitions$3$$anonfun$2.apply-ZippedPartitionsRDD.scala-61-61=160
org/apache/spark/rdd/RDD$$anonfun$org$apache$spark$rdd$RDD$$visit$1$1.apply-RDD.scala-326-326=27
org/apache/spark/graphx/impl/GraphImpl.replicatedVertexView-GraphImpl.scala-37-37=4
org/apache/spark/rdd/ShuffledRDD.partitioner-ShuffledRDD.scala-41-41=1
org/apache/spark/rdd/RDD$$anonfun$preferredLocations$2.apply-RDD.scala-297-297=110
org/apache/spark/rdd/RDD$$anonfun$map$1.apply-RDD.scala-392-392=1
org/apache/spark/graphx/impl/EdgeRDDImpl.partitioner-EdgeRDDImpl.scala-47-47=2
org/apache/spark/status/api/v1/ApplicationInfo$.apply-api.scala-29-29=1
org/apache/spark/graphx/impl/ReplicatedVertexView.updateVertices-ReplicatedVertexView.scala-108-118=1
org/apache/spark/graphx/GraphXUtils$.mapReduceTriplets$default$4-GraphXUtils.scala-56-56=1
org/apache/spark/rdd/ZippedPartitionsBaseRDD$$anonfun$getPartitions$3.apply-ZippedPartitionsRDD.scala-61-65=40
org/apache/spark/rdd/RDD.org$apache$spark$rdd$RDD$$visit$1-RDD.scala-323-326=32
org/apache/spark/rdd/RDD.isBarrier-RDD.scala-1931-1931=30
org/apache/spark/rdd/ZippedPartitionsPartition.preferredLocations-ZippedPartitionsRDD.scala-30-30=10
org/apache/spark/rdd/ZippedPartitionsBaseRDD.getPreferredLocations-ZippedPartitionsRDD.scala-70-70=10
org/apache/spark/graphx/VertexRDD$.createRoutingTables-VertexRDD.scala-356-361=1
org/apache/spark/graphx/impl/VertexRDDImpl.partitioner-VertexRDDImpl.scala-37-37=3
org/apache/spark/status/api/v1/ApplicationEnvironmentInfo.sparkProperties-api.scala-313-313=1
org/apache/spark/rdd/ShuffledRDD.prev-ShuffledRDD.scala-42-42=4
org/apache/spark/rdd/MapPartitionsRDD.getPartitions-MapPartitionsRDD.scala-49-49=11
org/apache/spark/graphx/impl/ReplicatedVertexView.hasDstId_$eq-ReplicatedVertexView.scala-36-36=1
org/apache/spark/status/api/v1/ApiRootResource$.getServletHandler-ApiRootResource.scala-61-67=1
org/apache/spark/graphx/Graph$.fromEdges$default$4-Graph.scala-502-502=1
org/apache/spark/rdd/ShuffledRDDPartition.index-ShuffledRDD.scala-27-27=120
org/apache/spark/graphx/impl/GraphImpl.edges-GraphImpl.scala-35-35=2
org/apache/spark/graphx/impl/GraphImpl$.fromExistingRDDs-GraphImpl.scala-347-347=2
org/apache/spark/rdd/ParallelCollectionRDD$$anonfun$slice$4.apply-ParallelCollectionRDD.scala-153-153=20
org/apache/spark/rdd/RDD.org$apache$spark$rdd$RDD$$partitions__$eq-RDD.scala-242-242=25
org/apache/spark/graphx/impl/ReplicatedVertexView.hasSrcId-ReplicatedVertexView.scala-35-35=4
org/apache/spark/rdd/RDD.isLocallyCheckpointed-RDD.scala-1684-1684=8
org/apache/spark/graphx/impl/VertexRDDImpl.mapVertexPartitions-VertexRDDImpl.scala-96-97=2
org/apache/spark/graphx/impl/GraphImpl.mapVertices-GraphImpl.scala-127-127=2
org/apache/spark/graphx/VertexRDD$.fromEdges-VertexRDD.scala-344-350=1
org/apache/spark/rdd/RDD.dependencies-RDD.scala-252-252=225
org/apache/spark/rdd/PairRDDFunctions.keyClass-PairRDDFunctions.scala-1111-1111=4
org/apache/spark/rdd/MapPartitionsRDD.isBarrier_-MapPartitionsRDD.scala-60-60=25
org/apache/spark/rdd/ZippedPartitionsRDD2.partitioner-ZippedPartitionsRDD.scala-51-51=6
org/apache/spark/graphx/impl/EdgeRDDImpl.targetStorageLevel-EdgeRDDImpl.scala-29-29=6
org/apache/spark/rdd/RDD.mapPartitions$default$2-RDD.scala-819-819=4
org/apache/spark/rdd/RDD.zipPartitions-RDD.scala-930-930=4
org/apache/spark/graphx/EdgeRDD.getPartitions-EdgeRDD.scala-47-47=5
org/apache/spark/rdd/ShuffledRDD.org$apache$spark$rdd$ShuffledRDD$$mapSideCombine-ShuffledRDD.scala-52-52=8
org/apache/spark/rdd/ZippedPartitionsRDD2.rdds-ZippedPartitionsRDD.scala-47-47=88
org/apache/spark/rdd/RDD.mapPartitions-RDD.scala-819-819=9
org/apache/spark/graphx/Pregel$.org$apache$spark$internal$Logging$$log__$eq-Pregel.scala-59-59=1
org/apache/spark/graphx/impl/GraphImpl.aggregateMessagesWithActiveSet-GraphImpl.scala-195-199=1
org/apache/spark/rdd/RDD$$anonfun$partitions$2.apply-RDD.scala-269-269=321
org/apache/spark/rdd/RDDOperationScope.id-RDDOperationScope.scala-49-49=21
org/apache/spark/graphx/Pregel$.apply$default$4-Pregel.scala-119-119=1
org/apache/spark/rdd/RDD$$anonfun$4.apply-RDD.scala-323-323=68
org/apache/spark/rdd/RDD.name_$eq-RDD.scala-153-153=15
org/apache/spark/rdd/RDDOperationScope$.org$apache$spark$rdd$RDDOperationScope$$jsonMapper-RDDOperationScope.scala-82-82=43
org/apache/spark/graphx/impl/EdgeRDDImpl$$anonfun$1.apply-EdgeRDDImpl.scala-48-48=5
org/apache/spark/rdd/RDDOperationScope$.withScope-RDDOperationScope.scala-102-112=22
org/apache/spark/graphx/impl/ReplicatedVertexView.hasSrcId_$eq-ReplicatedVertexView.scala-35-35=1
org/apache/spark/rdd/RDDOperationScope$$anonfun$5.apply-RDDOperationScope.scala-137-137=4
org/apache/spark/graphx/impl/EdgeRDDImpl.mapEdgePartitions-EdgeRDDImpl.scala-119-119=1
org/apache/spark/rdd/RDD$$anonfun$getNarrowAncestors$1.apply-RDD.scala-335-335=54
org/apache/spark/rdd/RDD.setName-RDD.scala-157-158=15
org/apache/spark/rdd/RDDOperationScope.parent-RDDOperationScope.scala-48-48=21
org/apache/spark/graphx/impl/EdgeRDDImpl$.$lessinit$greater$default$2-EdgeRDDImpl.scala-29-29=1
org/apache/spark/status/api/v1/JobData.jobId-api.scala-110-110=1
org/apache/spark/status/api/v1/ApplicationAttemptInfo$.apply-api.scala-41-41=1
org/apache/spark/graphx/impl/ReplicatedVertexView.edges_$eq-ReplicatedVertexView.scala-34-34=1
org/apache/spark/graphx/impl/ReplicatedVertexView$.$lessinit$greater$default$3-ReplicatedVertexView.scala-36-36=2
org/apache/spark/rdd/RDD.mapPartitionsWithIndex$default$2-RDD.scala-871-871=1
org/apache/spark/graphx/impl/VertexRDDImpl.shipVertexAttributes-VertexRDDImpl.scala-247-247=2
org/apache/spark/rdd/RDD.getDependencies-RDD.scala-132-132=16
org/apache/spark/rdd/RDDOperationScope$.$lessinit$greater$default$3-RDDOperationScope.scala-49-49=21
