org/apache/spark/status/api/v1/OutputMetrics.bytesWritten-api.scala-241-241=178
org/apache/spark/graphx/lib/LabelPropagation$.org$apache$spark$graphx$lib$LabelPropagation$$mergeMessage$1-LabelPropagation.scala-54-58=1140
org/apache/spark/status/api/v1/TaskMetrics.resultSize-api.scala-225-225=87
org/apache/spark/graphx/util/collection/GraphXPrimitiveKeyOpenHashMap.size-GraphXPrimitiveKeyOpenHashMap.scala-59-59=3
org/apache/spark/graphx/lib/LabelPropagation$$anonfun$org$apache$spark$graphx$lib$LabelPropagation$$mergeMessage$1$1$$anonfun$2.apply$mcJ$sp-LabelPropagation.scala-56-56=3
org/apache/spark/rdd/ZippedPartitionsPartition$$anonfun$writeObject$1.apply-ZippedPartitionsRDD.scala-38-38=134
org/apache/spark/rdd/ZippedPartitionsRDD2.rdd1-ZippedPartitionsRDD.scala-82-82=8
org/apache/spark/rdd/RDD.org$apache$spark$rdd$RDD$$partitions_-RDD.scala-242-242=626
org/apache/spark/rdd/ZippedPartitionsPartition.index-ZippedPartitionsRDD.scala-33-33=15
org/apache/spark/status/api/v1/ShuffleReadMetrics.localBlocksFetched-api.scala-246-246=86
org/apache/spark/graphx/Edge.srcId_$eq-Edge.scala-33-33=638
org/apache/spark/graphx/lib/LabelPropagation$.org$apache$spark$graphx$lib$LabelPropagation$$sendMessage$1-LabelPropagation.scala-50-50=631
org/apache/spark/rdd/RDD.id-RDD.scala-150-150=184
org/apache/spark/rdd/RDD.scope-RDD.scala-1743-1743=36
org/apache/spark/rdd/ZippedPartitionsRDD2.f-ZippedPartitionsRDD.scala-81-81=7
org/apache/spark/util/JsonProtocol$$anonfun$rddInfoToJson$5.apply-JsonProtocol.scala-440-440=1086
org/apache/spark/status/api/v1/ShuffleWriteMetrics.writeTime-api.scala-255-255=92
org/apache/spark/status/api/v1/TaskMetrics.peakExecutionMemory-api.scala-230-230=82
org/apache/spark/status/api/v1/TaskMetrics.shuffleWriteMetrics-api.scala-234-234=464
org/apache/spark/status/api/v1/StageData.attemptId-api.scala-166-166=81
org/apache/spark/graphx/lib/LabelPropagation$$anonfun$org$apache$spark$graphx$lib$LabelPropagation$$mergeMessage$1$1.apply-LabelPropagation.scala-54-54=1144
org/apache/spark/graphx/EdgeDirection$.Either-EdgeDirection.scala-57-57=3
org/apache/spark/rdd/ZippedPartitionsPartition$$anonfun$writeObject$1.apply$mcV$sp-ZippedPartitionsRDD.scala-40-41=136
org/apache/spark/graphx/impl/EdgePartition.aggregateMessagesEdgeScan-EdgePartition.scala-388-414=9
org/apache/spark/status/api/v1/StageData.stageId-api.scala-165-165=79
org/apache/spark/status/api/v1/ShuffleReadMetrics.remoteBytesReadToDisk-api.scala-249-249=88
org/apache/spark/rdd/RDD.getNarrowAncestors-RDD.scala-320-335=1
org/apache/spark/rdd/RDD.elementClassTag-RDD.scala-1749-1749=4
org/apache/spark/graphx/impl/EdgePartition.indexSize-EdgePartition.scala-317-317=4
org/apache/spark/status/api/v1/TaskMetrics.memoryBytesSpilled-api.scala-228-228=181
org/apache/spark/rdd/RDD.isCheckpointedAndMaterialized-RDD.scala-1677-1677=18
org/apache/spark/rdd/ZippedPartitionsRDD2.compute-ZippedPartitionsRDD.scala-88-89=9
org/apache/spark/graphx/impl/ReplicatedVertexView$$anonfun$3.apply-ReplicatedVertexView.scala-93-93=10
org/apache/spark/graphx/util/collection/GraphXPrimitiveKeyOpenHashMap$mcJI$sp.keySet-GraphXPrimitiveKeyOpenHashMap.scala-34-34=3
org/apache/spark/graphx/EdgeTriplet.dstAttr_$eq-EdgeTriplet.scala-35-35=640
org/apache/spark/graphx/impl/AggregatingEdgeContext.sendToSrc-EdgePartition.scala-528-528=665
org/apache/spark/status/api/v1/ShuffleReadMetrics.recordsRead-api.scala-251-251=184
org/apache/spark/rdd/ZippedPartitionsPartition.org$apache$spark$rdd$ZippedPartitionsPartition$$rdds-ZippedPartitionsRDD.scala-29-29=124
org/apache/spark/status/api/v1/OutputMetrics.recordsWritten-api.scala-242-242=178
org/apache/spark/rdd/RDD$$anonfun$org$apache$spark$rdd$RDD$$visit$1$1.apply-RDD.scala-326-326=35
org/apache/spark/rdd/RDD.creationSite-RDD.scala-1734-1734=36
org/apache/spark/rdd/ZippedPartitionsPartition.partitionValues_$eq-ZippedPartitionsRDD.scala-34-34=121
org/apache/spark/graphx/impl/AggregatingEdgeContext.srcAttr-EdgePartition.scala-523-523=641
org/apache/spark/rdd/RDD$$anonfun$6.apply-RDD.scala-325-325=70
org/apache/spark/graphx/impl/EdgePartition.withActiveSet-EdgePartition.scala-78-80=2
org/apache/spark/rdd/RDD$$anonfun$preferredLocations$2.apply-RDD.scala-297-297=20
org/apache/spark/graphx/lib/LabelPropagation$$anonfun$run$3.apply-LabelPropagation.scala-66-66=1260
org/apache/spark/graphx/lib/LabelPropagation$$anonfun$run$4.apply-LabelPropagation.scala-67-67=2276
org/apache/spark/graphx/lib/LabelPropagation$$anonfun$org$apache$spark$graphx$lib$LabelPropagation$$mergeMessage$1$1$$anonfun$2.apply-LabelPropagation.scala-56-56=3
org/apache/spark/rdd/RDD.org$apache$spark$rdd$RDD$$dependencies_-RDD.scala-241-241=207
org/apache/spark/graphx/EdgeDirection$.Both-EdgeDirection.scala-60-60=4
org/apache/spark/rdd/MapPartitionsRDD.getOrCompute-MapPartitionsRDD.scala-354-357=3
org/apache/spark/status/api/v1/TaskMetrics.executorCpuTime-api.scala-224-224=172
org/apache/spark/graphx/EdgeTriplet.dstAttr-EdgeTriplet.scala-35-35=636
org/apache/spark/graphx/impl/AggregatingEdgeContext.sendToDst-EdgePartition.scala-531-531=613
org/apache/spark/rdd/RDDOperationScope.toJson-RDDOperationScope.scala-52-52=550
org/apache/spark/graphx/GraphXUtils$$anonfun$mapReduceTriplets$1.apply-GraphXUtils.scala-70-70=1264
org/apache/spark/rdd/RDD.org$apache$spark$rdd$RDD$$visit$1-RDD.scala-323-326=36
org/apache/spark/rdd/RDD.isBarrier-RDD.scala-1931-1931=10
org/apache/spark/rdd/ParallelCollectionPartition$$anonfun$readObject$1.apply$mcV$sp-ParallelCollectionRDD.scala-72-70=1
org/apache/spark/graphx/impl/GraphImpl$$anonfun$13.apply-GraphImpl.scala-208-208=8
org/apache/spark/rdd/ZippedPartitionsPartition$$anonfun$writeObject$1$$anonfun$apply$mcV$sp$1.apply-ZippedPartitionsRDD.scala-40-40=513
org/apache/spark/rdd/RDD.getPreferredLocations-RDD.scala-137-137=10
org/apache/spark/rdd/ZippedPartitionsPartition.preferredLocations-ZippedPartitionsRDD.scala-30-30=10
org/apache/spark/status/api/v1/ExecutorSummary.hostPort-api.scala-78-78=15
org/apache/spark/rdd/ZippedPartitionsBaseRDD.getPreferredLocations-ZippedPartitionsRDD.scala-70-70=10
org/apache/spark/rdd/ParallelCollectionPartition$$anonfun$readObject$1.apply-ParallelCollectionRDD.scala-70-70=2
org/apache/spark/rdd/MapPartitionsRDD.computeOrReadCheckpoint-MapPartitionsRDD.scala-343-343=23
org/apache/spark/graphx/GraphXUtils$.org$apache$spark$graphx$GraphXUtils$$sendMsg$1-GraphXUtils.scala-58-58=642
org/apache/spark/rdd/RDD.getOrCompute-RDD.scala-354-357=7
org/apache/spark/graphx/Edge.srcId-Edge.scala-33-33=638
org/apache/spark/rdd/MapPartitionsRDD.id-MapPartitionsRDD.scala-150-150=7
org/apache/spark/rdd/RDD.iterator-RDD.scala-307-307=16
org/apache/spark/rdd/ZippedPartitionsPartition.partitions-ZippedPartitionsRDD.scala-35-35=9
org/apache/spark/rdd/ZippedPartitionsRDD2.getPreferredLocations-ZippedPartitionsRDD.scala-70-70=10
org/apache/spark/status/api/v1/ShuffleWriteMetrics.bytesWritten-api.scala-254-254=189
org/apache/spark/graphx/impl/VertexAttributeBlock.vids-ShippableVertexPartition.scala-28-28=30
org/apache/spark/rdd/MapPartitionsRDD.elementClassTag-MapPartitionsRDD.scala-1749-1749=3
org/apache/spark/util/JsonProtocol$$anonfun$rddInfoToJson$7.apply-JsonProtocol.scala-444-444=1088
org/apache/spark/graphx/impl/ReplicatedVertexView$$anonfun$3$$anonfun$apply$3.apply-ReplicatedVertexView.scala-93-93=10
org/apache/spark/rdd/RDD.firstParent-RDD.scala-1763-1763=3
org/apache/spark/rdd/ParallelCollectionPartition$$anonfun$writeObject$1.apply$mcV$sp-ParallelCollectionRDD.scala-53-51=8
org/apache/spark/graphx/GraphXUtils$$anonfun$org$apache$spark$graphx$GraphXUtils$$sendMsg$1$1.apply-GraphXUtils.scala-59-58=1270
org/apache/spark/util/JsonProtocol$$anonfun$rddInfoToJson$2.apply-JsonProtocol.scala-437-437=565
org/apache/spark/status/api/v1/ShuffleReadMetrics.remoteBytesRead-api.scala-248-248=88
org/apache/spark/rdd/InputFileBlockHolder$.unset-InputFileBlockHolder.scala-86-86=7
org/apache/spark/graphx/impl/EdgePartition$$anonfun$numActives$1.apply-EdgePartition.scala-118-118=8
org/apache/spark/graphx/EdgeDirection.equals-EdgeDirection.scala-37-37=8
org/apache/spark/status/api/v1/TaskMetrics.executorRunTime-api.scala-223-223=177
org/apache/spark/status/api/v1/TaskMetrics.inputMetrics-api.scala-231-231=353
org/apache/spark/rdd/RDDOperationScope.name-RDDOperationScope.scala-47-47=541
org/apache/spark/graphx/impl/GraphImpl$$anonfun$13$$anonfun$apply$3.apply-GraphImpl.scala-208-208=19
org/apache/spark/rdd/RDD$$anonfun$5.apply-RDD.scala-324-324=70
org/apache/spark/util/JsonProtocol$$anonfun$rddInfoToJson$6.apply-JsonProtocol.scala-443-443=1102
org/apache/spark/rdd/RDD.name-RDD.scala-153-153=36
org/apache/spark/graphx/lib/LabelPropagation$$anonfun$org$apache$spark$graphx$lib$LabelPropagation$$mergeMessage$1$1.apply-LabelPropagation.scala-55-57=1134
org/apache/spark/rdd/ShuffledRDDPartition.index-ShuffledRDD.scala-27-27=7
org/apache/spark/rdd/RDD$$anonfun$dependencies$2.apply-RDD.scala-252-252=102
org/apache/spark/rdd/RDD.computeOrReadCheckpoint-RDD.scala-343-343=22
org/apache/spark/rdd/ZippedPartitionsRDD2.rdd2-ZippedPartitionsRDD.scala-83-83=5
org/apache/spark/graphx/impl/ReplicatedVertexView$$anonfun$4.apply-ReplicatedVertexView.scala-113-113=8
org/apache/spark/graphx/impl/EdgePartition.isActive-EdgePartition.scala-114-114=646
org/apache/spark/status/api/v1/RDDPartitionInfo.executors-api.scala-161-161=5
org/apache/spark/rdd/ParallelCollectionPartition$$anonfun$writeObject$1.apply-ParallelCollectionRDD.scala-51-51=8
org/apache/spark/status/api/v1/TaskMetrics.outputMetrics-api.scala-232-232=360
org/apache/spark/status/api/v1/RDDPartitionInfo.diskUsed-api.scala-160-160=4
org/apache/spark/graphx/Edge$.$lessinit$greater$default$2-Edge.scala-34-34=630
org/apache/spark/util/JsonProtocol$$anonfun$rddInfoToJson$8.apply-JsonProtocol.scala-445-445=1109
org/apache/spark/graphx/impl/AggregatingEdgeContext.attr-EdgePartition.scala-525-525=634
org/apache/spark/rdd/ZippedPartitionsPartition$$anonfun$writeObject$1.org$apache$spark$rdd$ZippedPartitionsPartition$$anonfun$$$outer-ZippedPartitionsRDD.scala-38-38=255
org/apache/spark/graphx/impl/EdgePartition.size-EdgePartition.scala-314-314=635
org/apache/spark/status/api/v1/TaskMetrics.executorDeserializeCpuTime-api.scala-222-222=98
org/apache/spark/rdd/RDD.preferredLocations-RDD.scala-296-296=20
org/apache/spark/rdd/RDD.dependencies-RDD.scala-252-252=102
org/apache/spark/status/api/v1/ShuffleReadMetrics.fetchWaitTime-api.scala-247-247=96
org/apache/spark/graphx/impl/VertexAttributeBlock.iterator-ShippableVertexPartition.scala-31-31=33
org/apache/spark/graphx/Edge.attr_$eq-Edge.scala-35-35=634
org/apache/spark/rdd/MapPartitionsRDD.isBarrier_-MapPartitionsRDD.scala-60-60=10
org/apache/spark/rdd/RDD$$anonfun$mapPartitions$1$$anonfun$apply$23.apply-RDD.scala-823-823=11
org/apache/spark/graphx/impl/EdgePartition.numActives-EdgePartition.scala-118-118=3
org/apache/spark/status/api/v1/TaskMetrics.shuffleReadMetrics-api.scala-233-233=890
org/apache/spark/status/api/v1/RDDPartitionInfo.memoryUsed-api.scala-159-159=5
org/apache/spark/status/api/v1/ShuffleReadMetrics.remoteBlocksFetched-api.scala-245-245=83
org/apache/spark/status/api/v1/ShuffleWriteMetrics.recordsWritten-api.scala-256-256=186
org/apache/spark/status/api/v1/TaskMetrics.diskBytesSpilled-api.scala-229-229=170
org/apache/spark/util/JsonProtocol$$anonfun$rddInfoToJson$1.apply-JsonProtocol.scala-437-437=1110
org/apache/spark/graphx/Edge$.$lessinit$greater$default$1-Edge.scala-33-33=636
org/apache/spark/graphx/impl/AggregatingEdgeContext.dstId-EdgePartition.scala-522-522=1248
org/apache/spark/graphx/EdgeTriplet.srcAttr-EdgeTriplet.scala-30-30=636
org/apache/spark/graphx/impl/AggregatingEdgeContext.set-EdgePartition.scala-499-505=642
org/apache/spark/status/api/v1/TaskMetrics.resultSerializationTime-api.scala-227-227=80
org/apache/spark/graphx/Edge.dstId_$eq-Edge.scala-34-34=644
org/apache/spark/rdd/RDD$$anonfun$partitions$2.apply-RDD.scala-269-269=315
org/apache/spark/rdd/RDD.getStorageLevel-RDD.scala-223-223=40
org/apache/spark/rdd/MapPartitionsRDD.isCheckpointedAndMaterialized-MapPartitionsRDD.scala-1677-1677=16
org/apache/spark/rdd/RDDOperationScope.id-RDDOperationScope.scala-49-49=533
org/apache/spark/graphx/impl/ReplicatedVertexView$$anonfun$3$$anonfun$apply$3$$anonfun$apply$4.apply-ReplicatedVertexView.scala-95-95=58
org/apache/spark/graphx/EdgeTriplet.srcAttr_$eq-EdgeTriplet.scala-30-30=639
org/apache/spark/rdd/RDD$$anonfun$4.apply-RDD.scala-323-323=102
org/apache/spark/util/JsonProtocol$$anonfun$rddInfoToJson$4$$anonfun$apply$19.apply-JsonProtocol.scala-439-439=1104
org/apache/spark/rdd/InputFileBlockHolder$$anon$1.initialValue-InputFileBlockHolder.scala-53-53=1
org/apache/spark/rdd/RDD.sparkContext-RDD.scala-147-147=1
org/apache/spark/rdd/RDDOperationScope$.org$apache$spark$rdd$RDDOperationScope$$jsonMapper-RDDOperationScope.scala-82-82=533
org/apache/spark/util/JsonProtocol$$anonfun$rddInfoToJson$9.apply-JsonProtocol.scala-446-446=1113
org/apache/spark/graphx/EdgeContext.toEdgeTriplet-EdgeContext.scala-43-49=636
org/apache/spark/rdd/RDD.checkpointData-RDD.scala-1751-1751=459
org/apache/spark/status/api/v1/ShuffleReadMetrics.localBytesRead-api.scala-250-250=181
org/apache/spark/graphx/Edge$.$lessinit$greater$default$3-Edge.scala-35-35=636
org/apache/spark/graphx/impl/AggregatingEdgeContext.dstAttr-EdgePartition.scala-524-524=644
org/apache/spark/graphx/impl/EdgePartition.updateVertices-EdgePartition.scala-87-93=2
org/apache/spark/graphx/GraphXUtils$$anonfun$org$apache$spark$graphx$GraphXUtils$$sendMsg$1$1.apply-GraphXUtils.scala-58-58=1272
org/apache/spark/rdd/MapPartitionsRDD.compute-MapPartitionsRDD.scala-52-52=6
org/apache/spark/status/api/v1/TaskMetrics.executorDeserializeTime-api.scala-221-221=110
org/apache/spark/rdd/MapPartitionsRDD.org$apache$spark$rdd$RDD$$dependencies_-MapPartitionsRDD.scala-241-241=19
org/apache/spark/rdd/ZippedPartitionsPartition.partitionValues-ZippedPartitionsRDD.scala-34-34=8
org/apache/spark/rdd/RDD$$anonfun$getNarrowAncestors$1.apply-RDD.scala-335-335=70
org/apache/spark/rdd/MapPartitionsRDD.dependencies-MapPartitionsRDD.scala-252-252=8
org/apache/spark/rdd/MapPartitionsRDD.firstParent-MapPartitionsRDD.scala-1763-1763=3
org/apache/spark/graphx/impl/EdgePartition$$anonfun$aggregateMessagesEdgeScan$1.apply-EdgePartition.scala-414-414=305
org/apache/spark/rdd/RDDOperationScope.parent-RDDOperationScope.scala-48-48=548
org/apache/spark/rdd/RDD.partitions-RDD.scala-269-269=320
org/apache/spark/graphx/impl/AggregatingEdgeContext.srcId-EdgePartition.scala-521-521=1905
org/apache/spark/rdd/RDD$$anon$1.next-RDD.scala-367-368=1
org/apache/spark/status/api/v1/JobData.jobId-api.scala-110-110=12
org/apache/spark/status/api/v1/ExecutorSummary.id-api.scala-77-77=17
org/apache/spark/rdd/RDD$$anonfun$7.apply-RDD.scala-357-357=4
org/apache/spark/rdd/MapPartitionsRDD.checkpointData-MapPartitionsRDD.scala-1751-1751=21
org/apache/spark/status/api/v1/TaskMetrics.jvmGcTime-api.scala-226-226=81
org/apache/spark/graphx/impl/ReplicatedVertexView$$anonfun$4$$anonfun$apply$5$$anonfun$apply$6.apply-ReplicatedVertexView.scala-115-115=60
org/apache/spark/graphx/impl/ReplicatedVertexView$$anonfun$4$$anonfun$apply$5.apply-ReplicatedVertexView.scala-113-113=5
org/apache/spark/status/api/v1/RDDStorageInfo.id-api.scala-132-132=49
org/apache/spark/rdd/MapPartitionsRDD.iterator-MapPartitionsRDD.scala-307-307=16
org/apache/spark/graphx/Edge.dstId-Edge.scala-34-34=641
org/apache/spark/rdd/RDD$$anonfun$org$apache$spark$rdd$RDD$$visit$1$1.apply-RDD.scala-327-328=35
org/apache/spark/graphx/util/collection/GraphXPrimitiveKeyOpenHashMap$mcJI$sp.keySet$mcJ$sp-GraphXPrimitiveKeyOpenHashMap.scala--1--1=3
org/apache/spark/rdd/ShuffledRDD.compute-ShuffledRDD.scala-103-105=6
