org/apache/spark/graphx/util/collection/GraphXPrimitiveKeyOpenHashMap$mcJI$sp._oldValues$mcI$sp_$eq-GraphXPrimitiveKeyOpenHashMap.scala--1--1=46
org/apache/spark/graphx/util/collection/GraphXPrimitiveKeyOpenHashMap$mcJI$sp._oldValues_$eq-GraphXPrimitiveKeyOpenHashMap.scala-57-57=46
org/apache/spark/graphx/Edge$$anon$2.copyRange-Edge.scala-91-91=2
org/apache/spark/graphx/util/collection/GraphXPrimitiveKeyOpenHashMap.grow-GraphXPrimitiveKeyOpenHashMap.scala-145-145=500
org/apache/spark/graphx/util/collection/GraphXPrimitiveKeyOpenHashMap.changeValue-GraphXPrimitiveKeyOpenHashMap.scala-103-102=1684
org/apache/spark/graphx/impl/EdgePartition.iterator-EdgePartition.scala-327-327=10
org/apache/spark/rdd/RDD.org$apache$spark$rdd$RDD$$partitions_-RDD.scala-242-242=178
org/apache/spark/graphx/Edge$mcI$sp.attr$mcI$sp-Edge.scala--1--1=842
org/apache/spark/graphx/util/collection/GraphXPrimitiveKeyOpenHashMap._values-GraphXPrimitiveKeyOpenHashMap.scala-34-34=4825
org/apache/spark/graphx/Edge.srcId_$eq-Edge.scala-33-33=842
org/apache/spark/graphx/Edge$.edgeArraySortDataFormat-Edge.scala-71-71=10
org/apache/spark/graphx/impl/RoutingTablePartition$$anonfun$edgePartitionToMsgs$2.apply-RoutingTablePartition.scala-55-55=227
org/apache/spark/rdd/RDD.id-RDD.scala-150-150=244
org/apache/spark/rdd/RDD.scope-RDD.scala-1743-1743=3
org/apache/spark/graphx/impl/EdgePartitionBuilder$$anonfun$toEdgePartition$2.apply$mcII$sp-EdgePartitionBuilder.scala-59-59=830
org/apache/spark/graphx/Edge$$anon$1.compare-Edge.scala-62-62=834
org/apache/spark/rdd/ParallelCollectionRDD.compute-ParallelCollectionRDD.scala-102-102=10
org/apache/spark/graphx/Edge$$anon$2.copyRange-Edge.scala-71-71=2
org/apache/spark/graphx/VertexRDD$$anonfun$4.apply-VertexRDD.scala-356-356=20
org/apache/spark/rdd/RDD.getNarrowAncestors-RDD.scala-320-335=1
org/apache/spark/rdd/RDD.elementClassTag-RDD.scala-1749-1749=10
org/apache/spark/graphx/Edge.attr-Edge.scala-35-35=842
org/apache/spark/graphx/impl/EdgePartitionBuilder.add-EdgePartitionBuilder.scala-34-34=842
org/apache/spark/graphx/Edge$$anon$2.getKey-Edge.scala-73-73=1668
org/apache/spark/graphx/util/collection/GraphXPrimitiveKeyOpenHashMap$$anon$1.hasNext-GraphXPrimitiveKeyOpenHashMap.scala-131-131=474
org/apache/spark/graphx/util/collection/GraphXPrimitiveKeyOpenHashMap.iterator-GraphXPrimitiveKeyOpenHashMap.scala-115-115=10
org/apache/spark/rdd/RDD.isCheckpointedAndMaterialized-RDD.scala-1677-1677=30
org/apache/spark/graphx/EdgeRDD$$anonfun$1$$anonfun$apply$1.apply-EdgeRDD.scala-107-107=842
org/apache/spark/graphx/util/collection/GraphXPrimitiveKeyOpenHashMap$mcJI$sp.keySet-GraphXPrimitiveKeyOpenHashMap.scala-34-34=2003
org/apache/spark/graphx/Edge$$anon$2.copyElement-Edge.scala-71-71=2
org/apache/spark/rdd/ParallelCollectionPartition.slice-ParallelCollectionRDD.scala-34-34=40
org/apache/spark/rdd/RDD$$anonfun$org$apache$spark$rdd$RDD$$visit$1$1.apply-RDD.scala-326-326=2
org/apache/spark/rdd/ParallelCollectionPartition.iterator-ParallelCollectionRDD.scala-38-38=10
org/apache/spark/rdd/RDD.creationSite-RDD.scala-1734-1734=3
org/apache/spark/graphx/Edge$.lexicographicOrdering-Edge.scala-60-60=10
org/apache/spark/rdd/RDD$$anonfun$6.apply-RDD.scala-325-325=4
org/apache/spark/rdd/RDD$$anonfun$preferredLocations$2.apply-RDD.scala-297-297=60
org/apache/spark/graphx/EdgeRDD$$anonfun$1.apply-EdgeRDD.scala-106-110=10
org/apache/spark/rdd/RDD.org$apache$spark$rdd$RDD$$dependencies_-RDD.scala-241-241=226
org/apache/spark/rdd/MapPartitionsRDD.getOrCompute-MapPartitionsRDD.scala-354-357=10
org/apache/spark/graphx/util/collection/GraphXPrimitiveKeyOpenHashMap.move-GraphXPrimitiveKeyOpenHashMap.scala-150-150=500
org/apache/spark/rdd/RDDOperationScope.toJson-RDDOperationScope.scala-52-52=1
org/apache/spark/rdd/RDD.org$apache$spark$rdd$RDD$$visit$1-RDD.scala-323-326=3
org/apache/spark/rdd/RDD.isBarrier-RDD.scala-1931-1931=10
org/apache/spark/rdd/ParallelCollectionPartition$$anonfun$readObject$1.apply$mcV$sp-ParallelCollectionRDD.scala-72-70=10
org/apache/spark/graphx/impl/EdgePartition$$anon$1.next-EdgePartition.scala-327-327=842
org/apache/spark/graphx/impl/EdgePartition.org$apache$spark$graphx$impl$EdgePartition$$dstIds-EdgePartition.scala-108-108=842
org/apache/spark/rdd/RDD.getPreferredLocations-RDD.scala-137-137=50
org/apache/spark/graphx/Edge$$anon$1.compare-Edge.scala-60-60=834
org/apache/spark/rdd/ParallelCollectionPartition$$anonfun$readObject$1.apply-ParallelCollectionRDD.scala-70-70=10
org/apache/spark/rdd/MapPartitionsRDD.computeOrReadCheckpoint-MapPartitionsRDD.scala-343-343=30
org/apache/spark/graphx/VertexRDD$$anonfun$4$$anonfun$apply$2.apply-VertexRDD.scala-357-357=20
org/apache/spark/rdd/RDD.getOrCompute-RDD.scala-354-357=10
org/apache/spark/graphx/Edge.srcId-Edge.scala-33-33=4290
org/apache/spark/rdd/MapPartitionsRDD.id-MapPartitionsRDD.scala-150-150=10
org/apache/spark/rdd/RDD.iterator-RDD.scala-307-307=30
org/apache/spark/rdd/MapPartitionsRDD.elementClassTag-MapPartitionsRDD.scala-1749-1749=10
org/apache/spark/graphx/util/collection/GraphXPrimitiveKeyOpenHashMap$$anon$1.map-GraphXPrimitiveKeyOpenHashMap.scala-115-115=10
org/apache/spark/graphx/impl/EdgePartitionBuilder$.$lessinit$greater$default$1-EdgePartitionBuilder.scala-29-29=10
org/apache/spark/rdd/RDD.firstParent-RDD.scala-1763-1763=20
org/apache/spark/graphx/Edge$$anon$2.getKey-Edge.scala-71-71=1668
org/apache/spark/rdd/ParallelCollectionPartition$$anonfun$writeObject$1.apply$mcV$sp-ParallelCollectionRDD.scala-53-51=6
org/apache/spark/graphx/impl/RoutingTablePartition$.org$apache$spark$graphx$impl$RoutingTablePartition$$toMessage-RoutingTablePartition.scala-34-36=227
org/apache/spark/graphx/impl/RoutingTablePartition$$anonfun$edgePartitionToMsgs$2.apply-RoutingTablePartition.scala-56-58=227
org/apache/spark/util/JsonProtocol$$anonfun$rddInfoToJson$2.apply-JsonProtocol.scala-437-437=2
org/apache/spark/rdd/InputFileBlockHolder$.unset-InputFileBlockHolder.scala-86-86=10
org/apache/spark/rdd/RDDOperationScope.name-RDDOperationScope.scala-47-47=1
org/apache/spark/rdd/RDD$$anonfun$5.apply-RDD.scala-324-324=4
org/apache/spark/rdd/RDD.name-RDD.scala-153-153=3
org/apache/spark/rdd/ShuffledRDDPartition.index-ShuffledRDD.scala-27-27=10
org/apache/spark/rdd/RDD$$anonfun$mapPartitionsWithIndex$1$$anonfun$apply$25.apply-RDD.scala-875-875=20
org/apache/spark/rdd/RDD$$anonfun$dependencies$2.apply-RDD.scala-252-252=113
org/apache/spark/rdd/RDD.computeOrReadCheckpoint-RDD.scala-343-343=30
org/apache/spark/rdd/ParallelCollectionPartition$$anonfun$writeObject$1.apply-ParallelCollectionRDD.scala-51-51=6
org/apache/spark/graphx/impl/RoutingTablePartition$$anonfun$edgePartitionToMsgs$1.apply-RoutingTablePartition.scala-52-53=842
org/apache/spark/graphx/Edge$.$lessinit$greater$default$2-Edge.scala-34-34=10
org/apache/spark/graphx/impl/RoutingTablePartition$.edgePartitionToMsgs-RoutingTablePartition.scala-50-55=10
org/apache/spark/graphx/util/collection/GraphXPrimitiveKeyOpenHashMap$mcJI$sp._values$mcI$sp-GraphXPrimitiveKeyOpenHashMap.scala--1--1=4644
org/apache/spark/graphx/impl/RoutingTablePartition$$anonfun$edgePartitionToMsgs$1$$anonfun$apply$2.apply$mcB$sp-RoutingTablePartition.scala-53-53=215
org/apache/spark/graphx/impl/EdgePartitionBuilder$$anonfun$toEdgePartition$4.apply$mcII$sp-EdgePartitionBuilder.scala-61-61=627
org/apache/spark/graphx/impl/EdgePartition.size-EdgePartition.scala-314-314=852
org/apache/spark/rdd/RDD.preferredLocations-RDD.scala-296-296=60
org/apache/spark/rdd/RDD.dependencies-RDD.scala-252-252=113
org/apache/spark/graphx/EdgeRDD$$anonfun$1$$anonfun$apply$1.apply-EdgeRDD.scala-108-108=842
org/apache/spark/graphx/Edge.attr_$eq-Edge.scala-35-35=842
org/apache/spark/rdd/MapPartitionsRDD.isBarrier_-MapPartitionsRDD.scala-60-60=10
org/apache/spark/rdd/RDD$$anonfun$mapPartitions$1$$anonfun$apply$23.apply-RDD.scala-823-823=20
org/apache/spark/graphx/impl/RoutingTablePartition$$anonfun$edgePartitionToMsgs$1$$anonfun$apply$4.apply-RoutingTablePartition.scala-53-53=1254
org/apache/spark/graphx/impl/RoutingTablePartition$$anonfun$edgePartitionToMsgs$1$$anonfun$apply$3.apply-RoutingTablePartition.scala-52-52=1660
org/apache/spark/graphx/impl/EdgePartition$$anon$1.foreach-EdgePartition.scala-327-327=10
org/apache/spark/rdd/ShuffledRDD.getPreferredLocations-ShuffledRDD.scala-97-99=10
org/apache/spark/graphx/impl/EdgePartition$$anon$1.hasNext-EdgePartition.scala-331-331=852
org/apache/spark/util/JsonProtocol$$anonfun$rddInfoToJson$1.apply-JsonProtocol.scala-437-437=2
org/apache/spark/graphx/Edge$.$lessinit$greater$default$1-Edge.scala-33-33=10
org/apache/spark/graphx/impl/EdgePartitionBuilder.toEdgePartition-EdgePartitionBuilder.scala-38-72=10
org/apache/spark/graphx/Edge$$anon$2.allocate-Edge.scala-71-71=11
org/apache/spark/graphx/Edge.dstId_$eq-Edge.scala-34-34=842
org/apache/spark/rdd/RDD$$anonfun$partitions$2.apply-RDD.scala-269-269=89
org/apache/spark/rdd/RDD.getStorageLevel-RDD.scala-223-223=18
org/apache/spark/rdd/MapPartitionsRDD.isCheckpointedAndMaterialized-MapPartitionsRDD.scala-1677-1677=30
org/apache/spark/graphx/util/collection/GraphXPrimitiveKeyOpenHashMap.keySet-GraphXPrimitiveKeyOpenHashMap.scala-34-34=2375
org/apache/spark/graphx/Edge$$anon$2.copyElement-Edge.scala-85-85=2
org/apache/spark/rdd/RDDOperationScope.id-RDDOperationScope.scala-49-49=1
org/apache/spark/graphx/Edge$mcI$sp.attr-Edge.scala-32-32=842
org/apache/spark/rdd/RDD$$anonfun$4.apply-RDD.scala-323-323=4
org/apache/spark/util/JsonProtocol$$anonfun$rddInfoToJson$4$$anonfun$apply$19.apply-JsonProtocol.scala-439-439=2
org/apache/spark/rdd/InputFileBlockHolder$$anon$1.initialValue-InputFileBlockHolder.scala-53-53=10
org/apache/spark/rdd/RDD.sparkContext-RDD.scala-147-147=1
org/apache/spark/rdd/RDDOperationScope$.org$apache$spark$rdd$RDDOperationScope$$jsonMapper-RDDOperationScope.scala-82-82=1
org/apache/spark/rdd/InputFileBlockHolder$.initialize-InputFileBlockHolder.scala-92-92=10
org/apache/spark/graphx/impl/RoutingTablePartition$$anonfun$edgePartitionToMsgs$1$$anonfun$apply$1.apply$mcB$sp-RoutingTablePartition.scala-52-52=12
org/apache/spark/graphx/impl/EdgePartitionBuilder$$anonfun$toEdgePartition$1.apply$mcI$sp-EdgePartitionBuilder.scala-59-59=12
org/apache/spark/graphx/util/collection/GraphXPrimitiveKeyOpenHashMap$mcJI$sp.update$mcJI$sp-GraphXPrimitiveKeyOpenHashMap.scala-75-78=46
org/apache/spark/rdd/RDD.checkpointData-RDD.scala-1751-1751=292
org/apache/spark/graphx/Edge$.$lessinit$greater$default$3-Edge.scala-35-35=10
org/apache/spark/rdd/MapPartitionsRDD.compute-MapPartitionsRDD.scala-52-52=20
org/apache/spark/rdd/MapPartitionsRDD.org$apache$spark$rdd$RDD$$dependencies_-MapPartitionsRDD.scala-241-241=40
org/apache/spark/rdd/RDD$$anonfun$getNarrowAncestors$1.apply-RDD.scala-335-335=4
org/apache/spark/graphx/util/collection/GraphXPrimitiveKeyOpenHashMap$mcJI$sp.changeValue$mcJI$sp-GraphXPrimitiveKeyOpenHashMap.scala-103-102=1684
org/apache/spark/graphx/impl/EdgePartitionBuilder$$anonfun$toEdgePartition$3.apply$mcI$sp-EdgePartitionBuilder.scala-61-61=215
org/apache/spark/rdd/MapPartitionsRDD.dependencies-MapPartitionsRDD.scala-252-252=20
org/apache/spark/rdd/ParallelCollectionPartition.values-ParallelCollectionRDD.scala-35-35=10
org/apache/spark/rdd/ParallelCollectionPartition.index-ParallelCollectionRDD.scala-48-48=40
org/apache/spark/rdd/MapPartitionsRDD.firstParent-MapPartitionsRDD.scala-1763-1763=20
org/apache/spark/rdd/RDDOperationScope.parent-RDDOperationScope.scala-48-48=1
org/apache/spark/graphx/impl/EdgePartition.org$apache$spark$graphx$impl$EdgePartition$$srcIds-EdgePartition.scala-106-106=842
org/apache/spark/rdd/RDD.partitions-RDD.scala-269-269=89
org/apache/spark/graphx/EdgeRDD$$anonfun$1.apply-EdgeRDD.scala-105-105=10
org/apache/spark/rdd/RDD$$anonfun$7.apply-RDD.scala-357-357=10
org/apache/spark/rdd/MapPartitionsRDD.checkpointData-MapPartitionsRDD.scala-1751-1751=50
org/apache/spark/graphx/impl/RoutingTablePartition$$anonfun$edgePartitionToMsgs$1$$anonfun$apply$1.apply-RoutingTablePartition.scala-52-52=12
org/apache/spark/graphx/impl/RoutingTablePartition$$anonfun$edgePartitionToMsgs$1.apply-RoutingTablePartition.scala-51-51=842
org/apache/spark/graphx/impl/RoutingTablePartition$$anonfun$edgePartitionToMsgs$1$$anonfun$apply$2.apply-RoutingTablePartition.scala-53-53=215
org/apache/spark/rdd/MapPartitionsRDD.iterator-MapPartitionsRDD.scala-307-307=30
org/apache/spark/graphx/Edge.dstId-Edge.scala-34-34=5710
org/apache/spark/graphx/util/collection/GraphXPrimitiveKeyOpenHashMap$$anon$1.next-GraphXPrimitiveKeyOpenHashMap.scala-115-115=227
org/apache/spark/rdd/RDD$$anonfun$org$apache$spark$rdd$RDD$$visit$1$1.apply-RDD.scala-327-328=2
org/apache/spark/graphx/util/collection/GraphXPrimitiveKeyOpenHashMap$mcJI$sp.keySet$mcJ$sp-GraphXPrimitiveKeyOpenHashMap.scala--1--1=2003
