org/apache/spark/status/api/v1/OutputMetrics.bytesWritten-api.scala-241-241=119
org/apache/spark/graphx/lib/LabelPropagation$.org$apache$spark$graphx$lib$LabelPropagation$$mergeMessage$1-LabelPropagation.scala-54-58=1325
org/apache/spark/status/api/v1/TaskMetrics.resultSize-api.scala-225-225=78
org/apache/spark/graphx/util/collection/GraphXPrimitiveKeyOpenHashMap.size-GraphXPrimitiveKeyOpenHashMap.scala-59-59=7
org/apache/spark/graphx/lib/LabelPropagation$$anonfun$org$apache$spark$graphx$lib$LabelPropagation$$mergeMessage$1$1$$anonfun$2.apply$mcJ$sp-LabelPropagation.scala-56-56=4
org/apache/spark/rdd/ZippedPartitionsPartition$$anonfun$writeObject$1.apply-ZippedPartitionsRDD.scala-38-38=45
org/apache/spark/rdd/ZippedPartitionsRDD2.rdd1-ZippedPartitionsRDD.scala-82-82=6
org/apache/spark/rdd/RDD.org$apache$spark$rdd$RDD$$partitions_-RDD.scala-242-242=292
org/apache/spark/rdd/ZippedPartitionsPartition.index-ZippedPartitionsRDD.scala-33-33=23
org/apache/spark/status/api/v1/ShuffleReadMetrics.localBlocksFetched-api.scala-246-246=81
org/apache/spark/graphx/Edge.srcId_$eq-Edge.scala-33-33=753
org/apache/spark/graphx/lib/LabelPropagation$.org$apache$spark$graphx$lib$LabelPropagation$$sendMessage$1-LabelPropagation.scala-50-50=768
org/apache/spark/graphx/lib/LabelPropagation$$anonfun$org$apache$spark$graphx$lib$LabelPropagation$$mergeMessage$1$1$$anonfun$1.apply$mcJ$sp-LabelPropagation.scala-55-55=1
org/apache/spark/rdd/RDD.id-RDD.scala-150-150=143
org/apache/spark/rdd/RDD.scope-RDD.scala-1743-1743=18
org/apache/spark/rdd/ZippedPartitionsRDD2.f-ZippedPartitionsRDD.scala-81-81=7
org/apache/spark/util/JsonProtocol$$anonfun$rddInfoToJson$5.apply-JsonProtocol.scala-440-440=72
org/apache/spark/status/api/v1/ShuffleWriteMetrics.writeTime-api.scala-255-255=77
org/apache/spark/status/api/v1/TaskMetrics.peakExecutionMemory-api.scala-230-230=77
org/apache/spark/status/api/v1/TaskMetrics.shuffleWriteMetrics-api.scala-234-234=315
org/apache/spark/status/api/v1/StageData.attemptId-api.scala-166-166=28
org/apache/spark/graphx/lib/LabelPropagation$$anonfun$org$apache$spark$graphx$lib$LabelPropagation$$mergeMessage$1$1.apply-LabelPropagation.scala-54-54=1333
org/apache/spark/graphx/EdgeDirection$.Either-EdgeDirection.scala-57-57=8
org/apache/spark/rdd/ZippedPartitionsPartition$$anonfun$writeObject$1.apply$mcV$sp-ZippedPartitionsRDD.scala-40-41=46
org/apache/spark/graphx/impl/EdgePartition.aggregateMessagesEdgeScan-EdgePartition.scala-388-414=8
org/apache/spark/status/api/v1/StageData.stageId-api.scala-165-165=27
org/apache/spark/status/api/v1/ShuffleReadMetrics.remoteBytesReadToDisk-api.scala-249-249=86
org/apache/spark/rdd/RDD.getNarrowAncestors-RDD.scala-320-335=1
org/apache/spark/rdd/RDD.elementClassTag-RDD.scala-1749-1749=6
org/apache/spark/graphx/impl/EdgePartition.indexSize-EdgePartition.scala-317-317=7
org/apache/spark/status/api/v1/TaskMetrics.memoryBytesSpilled-api.scala-228-228=124
org/apache/spark/rdd/RDD.isCheckpointedAndMaterialized-RDD.scala-1677-1677=23
org/apache/spark/rdd/ZippedPartitionsRDD2.compute-ZippedPartitionsRDD.scala-88-89=13
org/apache/spark/graphx/impl/ReplicatedVertexView$$anonfun$3.apply-ReplicatedVertexView.scala-93-93=14
org/apache/spark/graphx/util/collection/GraphXPrimitiveKeyOpenHashMap$mcJI$sp.keySet-GraphXPrimitiveKeyOpenHashMap.scala-34-34=7
org/apache/spark/graphx/EdgeTriplet.dstAttr_$eq-EdgeTriplet.scala-35-35=749
org/apache/spark/graphx/impl/AggregatingEdgeContext.sendToSrc-EdgePartition.scala-528-528=796
org/apache/spark/status/api/v1/ShuffleReadMetrics.recordsRead-api.scala-251-251=119
org/apache/spark/rdd/ZippedPartitionsPartition.org$apache$spark$rdd$ZippedPartitionsPartition$$rdds-ZippedPartitionsRDD.scala-29-29=56
org/apache/spark/rdd/RDD$$anonfun$org$apache$spark$rdd$RDD$$visit$1$1.apply-RDD.scala-326-326=17
org/apache/spark/status/api/v1/OutputMetrics.recordsWritten-api.scala-242-242=111
org/apache/spark/rdd/RDD.creationSite-RDD.scala-1734-1734=18
org/apache/spark/rdd/ZippedPartitionsPartition.partitionValues_$eq-ZippedPartitionsRDD.scala-34-34=53
org/apache/spark/graphx/impl/AggregatingEdgeContext.srcAttr-EdgePartition.scala-523-523=748
org/apache/spark/rdd/RDD$$anonfun$6.apply-RDD.scala-325-325=34
org/apache/spark/graphx/impl/EdgePartition.withActiveSet-EdgePartition.scala-78-80=7
org/apache/spark/rdd/RDD$$anonfun$preferredLocations$2.apply-RDD.scala-297-297=20
org/apache/spark/graphx/lib/LabelPropagation$$anonfun$run$3.apply-LabelPropagation.scala-66-66=1517
org/apache/spark/graphx/lib/LabelPropagation$$anonfun$run$4.apply-LabelPropagation.scala-67-67=2642
org/apache/spark/graphx/lib/LabelPropagation$$anonfun$org$apache$spark$graphx$lib$LabelPropagation$$mergeMessage$1$1$$anonfun$2.apply-LabelPropagation.scala-56-56=4
org/apache/spark/rdd/RDD.org$apache$spark$rdd$RDD$$dependencies_-RDD.scala-241-241=156
org/apache/spark/graphx/EdgeDirection$.Both-EdgeDirection.scala-60-60=9
org/apache/spark/rdd/MapPartitionsRDD.getOrCompute-MapPartitionsRDD.scala-354-357=9
org/apache/spark/status/api/v1/TaskMetrics.executorCpuTime-api.scala-224-224=106
org/apache/spark/graphx/lib/LabelPropagation$$anonfun$org$apache$spark$graphx$lib$LabelPropagation$$mergeMessage$1$1$$anonfun$1.apply-LabelPropagation.scala-55-55=1
org/apache/spark/graphx/EdgeTriplet.dstAttr-EdgeTriplet.scala-35-35=758
org/apache/spark/graphx/impl/AggregatingEdgeContext.sendToDst-EdgePartition.scala-531-531=713
org/apache/spark/rdd/RDDOperationScope.toJson-RDDOperationScope.scala-52-52=36
org/apache/spark/graphx/GraphXUtils$$anonfun$mapReduceTriplets$1.apply-GraphXUtils.scala-70-70=1515
org/apache/spark/rdd/RDD.org$apache$spark$rdd$RDD$$visit$1-RDD.scala-323-326=18
org/apache/spark/rdd/RDD.isBarrier-RDD.scala-1931-1931=10
org/apache/spark/rdd/ParallelCollectionPartition$$anonfun$readObject$1.apply$mcV$sp-ParallelCollectionRDD.scala-72-70=4
org/apache/spark/graphx/impl/GraphImpl$$anonfun$13.apply-GraphImpl.scala-208-208=14
org/apache/spark/rdd/ZippedPartitionsPartition$$anonfun$writeObject$1$$anonfun$apply$mcV$sp$1.apply-ZippedPartitionsRDD.scala-40-40=200
org/apache/spark/rdd/RDD.getPreferredLocations-RDD.scala-137-137=10
org/apache/spark/rdd/ZippedPartitionsPartition.preferredLocations-ZippedPartitionsRDD.scala-30-30=10
org/apache/spark/status/api/v1/ExecutorSummary.hostPort-api.scala-78-78=13
org/apache/spark/rdd/ZippedPartitionsBaseRDD.getPreferredLocations-ZippedPartitionsRDD.scala-70-70=10
org/apache/spark/rdd/MapPartitionsRDD.computeOrReadCheckpoint-MapPartitionsRDD.scala-343-343=32
org/apache/spark/graphx/GraphXUtils$.org$apache$spark$graphx$GraphXUtils$$sendMsg$1-GraphXUtils.scala-58-58=763
org/apache/spark/rdd/ParallelCollectionPartition$$anonfun$readObject$1.apply-ParallelCollectionRDD.scala-70-70=2
org/apache/spark/rdd/RDD.getOrCompute-RDD.scala-354-357=9
org/apache/spark/graphx/Edge.srcId-Edge.scala-33-33=754
org/apache/spark/rdd/MapPartitionsRDD.id-MapPartitionsRDD.scala-150-150=6
org/apache/spark/rdd/RDD.iterator-RDD.scala-307-307=38
org/apache/spark/rdd/ZippedPartitionsPartition.partitions-ZippedPartitionsRDD.scala-35-35=7
org/apache/spark/rdd/ZippedPartitionsRDD2.getPreferredLocations-ZippedPartitionsRDD.scala-70-70=10
org/apache/spark/status/api/v1/ShuffleWriteMetrics.bytesWritten-api.scala-254-254=118
org/apache/spark/graphx/impl/VertexAttributeBlock.vids-ShippableVertexPartition.scala-28-28=60
org/apache/spark/rdd/MapPartitionsRDD.elementClassTag-MapPartitionsRDD.scala-1749-1749=9
org/apache/spark/util/JsonProtocol$$anonfun$rddInfoToJson$7.apply-JsonProtocol.scala-444-444=72
org/apache/spark/graphx/impl/ReplicatedVertexView$$anonfun$3$$anonfun$apply$3.apply-ReplicatedVertexView.scala-93-93=15
org/apache/spark/rdd/RDD.firstParent-RDD.scala-1763-1763=6
org/apache/spark/rdd/ParallelCollectionPartition$$anonfun$writeObject$1.apply$mcV$sp-ParallelCollectionRDD.scala-53-51=6
org/apache/spark/graphx/GraphXUtils$$anonfun$org$apache$spark$graphx$GraphXUtils$$sendMsg$1$1.apply-GraphXUtils.scala-59-58=1519
org/apache/spark/util/JsonProtocol$$anonfun$rddInfoToJson$2.apply-JsonProtocol.scala-437-437=72
org/apache/spark/status/api/v1/ShuffleReadMetrics.remoteBytesRead-api.scala-248-248=129
org/apache/spark/rdd/InputFileBlockHolder$.unset-InputFileBlockHolder.scala-86-86=9
org/apache/spark/graphx/impl/EdgePartition$$anonfun$numActives$1.apply-EdgePartition.scala-118-118=16
org/apache/spark/graphx/EdgeDirection.equals-EdgeDirection.scala-37-37=18
org/apache/spark/status/api/v1/TaskMetrics.inputMetrics-api.scala-231-231=253
org/apache/spark/status/api/v1/TaskMetrics.executorRunTime-api.scala-223-223=110
org/apache/spark/rdd/RDDOperationScope.name-RDDOperationScope.scala-47-47=36
org/apache/spark/graphx/impl/GraphImpl$$anonfun$13$$anonfun$apply$3.apply-GraphImpl.scala-208-208=18
org/apache/spark/rdd/RDD$$anonfun$5.apply-RDD.scala-324-324=34
org/apache/spark/rdd/RDD.name-RDD.scala-153-153=18
org/apache/spark/util/JsonProtocol$$anonfun$rddInfoToJson$6.apply-JsonProtocol.scala-443-443=72
org/apache/spark/graphx/lib/LabelPropagation$$anonfun$org$apache$spark$graphx$lib$LabelPropagation$$mergeMessage$1$1.apply-LabelPropagation.scala-55-57=1328
org/apache/spark/rdd/ShuffledRDDPartition.index-ShuffledRDD.scala-27-27=23
org/apache/spark/rdd/RDD$$anonfun$dependencies$2.apply-RDD.scala-252-252=75
org/apache/spark/rdd/ZippedPartitionsRDD2.rdd2-ZippedPartitionsRDD.scala-83-83=12
org/apache/spark/rdd/RDD.computeOrReadCheckpoint-RDD.scala-343-343=31
org/apache/spark/graphx/impl/ReplicatedVertexView$$anonfun$4.apply-ReplicatedVertexView.scala-113-113=10
org/apache/spark/graphx/impl/EdgePartition.isActive-EdgePartition.scala-114-114=750
org/apache/spark/status/api/v1/RDDPartitionInfo.executors-api.scala-161-161=7
org/apache/spark/rdd/ParallelCollectionPartition$$anonfun$writeObject$1.apply-ParallelCollectionRDD.scala-51-51=6
org/apache/spark/status/api/v1/TaskMetrics.outputMetrics-api.scala-232-232=232
org/apache/spark/status/api/v1/RDDPartitionInfo.diskUsed-api.scala-160-160=8
org/apache/spark/graphx/Edge$.$lessinit$greater$default$2-Edge.scala-34-34=753
org/apache/spark/util/JsonProtocol$$anonfun$rddInfoToJson$8.apply-JsonProtocol.scala-445-445=72
org/apache/spark/graphx/impl/AggregatingEdgeContext.attr-EdgePartition.scala-525-525=752
org/apache/spark/rdd/ZippedPartitionsPartition$$anonfun$writeObject$1.org$apache$spark$rdd$ZippedPartitionsPartition$$anonfun$$$outer-ZippedPartitionsRDD.scala-38-38=98
org/apache/spark/graphx/impl/EdgePartition.size-EdgePartition.scala-314-314=760
org/apache/spark/status/api/v1/TaskMetrics.executorDeserializeCpuTime-api.scala-222-222=87
org/apache/spark/rdd/RDD.preferredLocations-RDD.scala-296-296=20
org/apache/spark/rdd/RDD.dependencies-RDD.scala-252-252=74
org/apache/spark/status/api/v1/ShuffleReadMetrics.fetchWaitTime-api.scala-247-247=83
org/apache/spark/graphx/impl/VertexAttributeBlock.iterator-ShippableVertexPartition.scala-31-31=60
org/apache/spark/graphx/Edge.attr_$eq-Edge.scala-35-35=759
org/apache/spark/rdd/MapPartitionsRDD.isBarrier_-MapPartitionsRDD.scala-60-60=10
org/apache/spark/rdd/RDD$$anonfun$mapPartitions$1$$anonfun$apply$23.apply-RDD.scala-823-823=14
org/apache/spark/graphx/impl/EdgePartition.numActives-EdgePartition.scala-118-118=7
org/apache/spark/status/api/v1/TaskMetrics.shuffleReadMetrics-api.scala-233-233=705
org/apache/spark/status/api/v1/RDDPartitionInfo.memoryUsed-api.scala-159-159=7
org/apache/spark/status/api/v1/ShuffleReadMetrics.remoteBlocksFetched-api.scala-245-245=82
org/apache/spark/status/api/v1/ShuffleWriteMetrics.recordsWritten-api.scala-256-256=126
org/apache/spark/status/api/v1/TaskMetrics.diskBytesSpilled-api.scala-229-229=121
org/apache/spark/util/JsonProtocol$$anonfun$rddInfoToJson$1.apply-JsonProtocol.scala-437-437=72
org/apache/spark/graphx/Edge$.$lessinit$greater$default$1-Edge.scala-33-33=759
org/apache/spark/graphx/impl/AggregatingEdgeContext.dstId-EdgePartition.scala-522-522=1464
org/apache/spark/graphx/EdgeTriplet.srcAttr-EdgeTriplet.scala-30-30=761
org/apache/spark/graphx/impl/AggregatingEdgeContext.set-EdgePartition.scala-499-505=753
org/apache/spark/status/api/v1/TaskMetrics.resultSerializationTime-api.scala-227-227=85
org/apache/spark/graphx/Edge.dstId_$eq-Edge.scala-34-34=754
org/apache/spark/rdd/RDD$$anonfun$partitions$2.apply-RDD.scala-269-269=145
org/apache/spark/rdd/RDD.getStorageLevel-RDD.scala-223-223=22
org/apache/spark/rdd/MapPartitionsRDD.isCheckpointedAndMaterialized-MapPartitionsRDD.scala-1677-1677=21
org/apache/spark/rdd/RDDOperationScope.id-RDDOperationScope.scala-49-49=36
org/apache/spark/graphx/impl/ReplicatedVertexView$$anonfun$3$$anonfun$apply$3$$anonfun$apply$4.apply-ReplicatedVertexView.scala-95-95=151
org/apache/spark/graphx/EdgeTriplet.srcAttr_$eq-EdgeTriplet.scala-30-30=756
org/apache/spark/rdd/RDD$$anonfun$4.apply-RDD.scala-323-323=48
org/apache/spark/util/JsonProtocol$$anonfun$rddInfoToJson$4$$anonfun$apply$19.apply-JsonProtocol.scala-439-439=72
org/apache/spark/rdd/InputFileBlockHolder$$anon$1.initialValue-InputFileBlockHolder.scala-53-53=3
org/apache/spark/rdd/RDD.sparkContext-RDD.scala-147-147=1
org/apache/spark/rdd/RDDOperationScope$.org$apache$spark$rdd$RDDOperationScope$$jsonMapper-RDDOperationScope.scala-82-82=36
org/apache/spark/rdd/InputFileBlockHolder$.initialize-InputFileBlockHolder.scala-92-92=4
org/apache/spark/util/JsonProtocol$$anonfun$rddInfoToJson$9.apply-JsonProtocol.scala-446-446=72
org/apache/spark/graphx/EdgeContext.toEdgeTriplet-EdgeContext.scala-43-49=752
org/apache/spark/rdd/RDD.checkpointData-RDD.scala-1751-1751=277
org/apache/spark/status/api/v1/ShuffleReadMetrics.localBytesRead-api.scala-250-250=119
org/apache/spark/graphx/Edge$.$lessinit$greater$default$3-Edge.scala-35-35=749
org/apache/spark/graphx/impl/AggregatingEdgeContext.dstAttr-EdgePartition.scala-524-524=753
org/apache/spark/graphx/impl/EdgePartition.updateVertices-EdgePartition.scala-87-93=7
org/apache/spark/graphx/GraphXUtils$$anonfun$org$apache$spark$graphx$GraphXUtils$$sendMsg$1$1.apply-GraphXUtils.scala-58-58=1510
org/apache/spark/rdd/MapPartitionsRDD.compute-MapPartitionsRDD.scala-52-52=7
org/apache/spark/status/api/v1/TaskMetrics.executorDeserializeTime-api.scala-221-221=92
org/apache/spark/rdd/MapPartitionsRDD.org$apache$spark$rdd$RDD$$dependencies_-MapPartitionsRDD.scala-241-241=41
org/apache/spark/rdd/ZippedPartitionsPartition.partitionValues-ZippedPartitionsRDD.scala-34-34=7
org/apache/spark/rdd/RDD$$anonfun$getNarrowAncestors$1.apply-RDD.scala-335-335=34
org/apache/spark/rdd/MapPartitionsRDD.dependencies-MapPartitionsRDD.scala-252-252=16
org/apache/spark/rdd/MapPartitionsRDD.firstParent-MapPartitionsRDD.scala-1763-1763=2
org/apache/spark/graphx/impl/EdgePartition$$anonfun$aggregateMessagesEdgeScan$1.apply-EdgePartition.scala-414-414=360
org/apache/spark/rdd/RDDOperationScope.parent-RDDOperationScope.scala-48-48=36
org/apache/spark/rdd/RDD.partitions-RDD.scala-269-269=144
org/apache/spark/rdd/RDD$$anon$1.next-RDD.scala-367-368=4
org/apache/spark/graphx/impl/AggregatingEdgeContext.srcId-EdgePartition.scala-521-521=2266
org/apache/spark/status/api/v1/ExecutorSummary.id-api.scala-77-77=12
org/apache/spark/status/api/v1/JobData.jobId-api.scala-110-110=8
org/apache/spark/rdd/RDD$$anonfun$7.apply-RDD.scala-357-357=4
org/apache/spark/rdd/MapPartitionsRDD.checkpointData-MapPartitionsRDD.scala-1751-1751=37
org/apache/spark/status/api/v1/TaskMetrics.jvmGcTime-api.scala-226-226=82
org/apache/spark/graphx/impl/ReplicatedVertexView$$anonfun$4$$anonfun$apply$5$$anonfun$apply$6.apply-ReplicatedVertexView.scala-115-115=114
org/apache/spark/graphx/impl/ReplicatedVertexView$$anonfun$4$$anonfun$apply$5.apply-ReplicatedVertexView.scala-113-113=14
org/apache/spark/status/api/v1/RDDStorageInfo.id-api.scala-132-132=34
org/apache/spark/rdd/MapPartitionsRDD.iterator-MapPartitionsRDD.scala-307-307=36
org/apache/spark/graphx/Edge.dstId-Edge.scala-34-34=761
org/apache/spark/rdd/RDD$$anonfun$org$apache$spark$rdd$RDD$$visit$1$1.apply-RDD.scala-327-328=17
org/apache/spark/graphx/util/collection/GraphXPrimitiveKeyOpenHashMap$mcJI$sp.keySet$mcJ$sp-GraphXPrimitiveKeyOpenHashMap.scala--1--1=7
org/apache/spark/rdd/ShuffledRDD.compute-ShuffledRDD.scala-103-105=13
