org/apache/spark/status/api/v1/OutputMetrics.bytesWritten-api.scala-241-241=29
org/apache/spark/status/api/v1/TaskMetrics.executorRunTime-api.scala-223-223=29
org/apache/spark/status/api/v1/TaskMetrics.inputMetrics-api.scala-231-231=58
org/apache/spark/rdd/RDDOperationScope.name-RDDOperationScope.scala-47-47=380
org/apache/spark/rdd/RDD$$anonfun$5.apply-RDD.scala-324-324=94
org/apache/spark/util/JsonProtocol$$anonfun$rddInfoToJson$6.apply-JsonProtocol.scala-443-443=128
org/apache/spark/rdd/RDD.name-RDD.scala-153-153=37
org/apache/spark/rdd/RDD$$anonfun$dependencies$2.apply-RDD.scala-252-252=85
org/apache/spark/rdd/RDD.org$apache$spark$rdd$RDD$$partitions_-RDD.scala-242-242=134
org/apache/spark/rdd/ZippedPartitionsPartition.index-ZippedPartitionsRDD.scala-33-33=10
org/apache/spark/status/api/v1/TaskMetrics.outputMetrics-api.scala-232-232=58
org/apache/spark/rdd/RDD.id-RDD.scala-150-150=140
org/apache/spark/rdd/RDD.scope-RDD.scala-1743-1743=37
org/apache/spark/util/JsonProtocol$$anonfun$rddInfoToJson$8.apply-JsonProtocol.scala-445-445=128
org/apache/spark/util/JsonProtocol$$anonfun$rddInfoToJson$5.apply-JsonProtocol.scala-440-440=128
org/apache/spark/rdd/ZippedPartitionsPartition$$anonfun$writeObject$1.org$apache$spark$rdd$ZippedPartitionsPartition$$anonfun$$$outer-ZippedPartitionsRDD.scala-38-38=18
org/apache/spark/status/api/v1/TaskMetrics.shuffleWriteMetrics-api.scala-234-234=59
org/apache/spark/rdd/RDD.preferredLocations-RDD.scala-296-296=10
org/apache/spark/rdd/RDD.dependencies-RDD.scala-252-252=85
org/apache/spark/status/api/v1/StageData.attemptId-api.scala-166-166=30
org/apache/spark/rdd/MapPartitionsRDD.isBarrier_-MapPartitionsRDD.scala-60-60=10
org/apache/spark/status/api/v1/StageData.stageId-api.scala-165-165=30
org/apache/spark/rdd/RDD.getNarrowAncestors-RDD.scala-320-335=1
org/apache/spark/status/api/v1/TaskMetrics.memoryBytesSpilled-api.scala-228-228=30
org/apache/spark/status/api/v1/TaskMetrics.shuffleReadMetrics-api.scala-233-233=87
org/apache/spark/status/api/v1/ShuffleWriteMetrics.recordsWritten-api.scala-256-256=30
org/apache/spark/status/api/v1/TaskMetrics.diskBytesSpilled-api.scala-229-229=30
org/apache/spark/util/JsonProtocol$$anonfun$rddInfoToJson$1.apply-JsonProtocol.scala-437-437=130
org/apache/spark/status/api/v1/ShuffleReadMetrics.recordsRead-api.scala-251-251=29
org/apache/spark/rdd/ZippedPartitionsPartition.org$apache$spark$rdd$ZippedPartitionsPartition$$rdds-ZippedPartitionsRDD.scala-29-29=10
org/apache/spark/status/api/v1/OutputMetrics.recordsWritten-api.scala-242-242=29
org/apache/spark/rdd/RDD$$anonfun$org$apache$spark$rdd$RDD$$visit$1$1.apply-RDD.scala-326-326=36
org/apache/spark/rdd/RDD.creationSite-RDD.scala-1734-1734=37
org/apache/spark/rdd/RDD$$anonfun$partitions$2.apply-RDD.scala-269-269=67
org/apache/spark/rdd/RDD.getStorageLevel-RDD.scala-223-223=38
org/apache/spark/rdd/ZippedPartitionsPartition.partitionValues_$eq-ZippedPartitionsRDD.scala-34-34=9
org/apache/spark/rdd/RDD$$anonfun$6.apply-RDD.scala-325-325=94
org/apache/spark/rdd/RDD$$anonfun$preferredLocations$2.apply-RDD.scala-297-297=10
org/apache/spark/rdd/RDDOperationScope.id-RDDOperationScope.scala-49-49=380
org/apache/spark/rdd/RDD$$anonfun$4.apply-RDD.scala-323-323=116
org/apache/spark/util/JsonProtocol$$anonfun$rddInfoToJson$4$$anonfun$apply$19.apply-JsonProtocol.scala-439-439=129
org/apache/spark/rdd/RDD.org$apache$spark$rdd$RDD$$dependencies_-RDD.scala-241-241=170
org/apache/spark/rdd/RDD.sparkContext-RDD.scala-147-147=1
org/apache/spark/status/api/v1/TaskMetrics.executorCpuTime-api.scala-224-224=29
org/apache/spark/rdd/RDDOperationScope$.org$apache$spark$rdd$RDDOperationScope$$jsonMapper-RDDOperationScope.scala-82-82=65
org/apache/spark/util/JsonProtocol$$anonfun$rddInfoToJson$9.apply-JsonProtocol.scala-446-446=128
org/apache/spark/rdd/RDD.checkpointData-RDD.scala-1751-1751=162
org/apache/spark/status/api/v1/ShuffleReadMetrics.localBytesRead-api.scala-250-250=29
org/apache/spark/rdd/RDDOperationScope.toJson-RDDOperationScope.scala-52-52=65
org/apache/spark/rdd/RDD.org$apache$spark$rdd$RDD$$visit$1-RDD.scala-323-326=37
org/apache/spark/rdd/RDD.isBarrier-RDD.scala-1931-1931=10
org/apache/spark/rdd/ZippedPartitionsPartition$$anonfun$writeObject$1$$anonfun$apply$mcV$sp$1.apply-ZippedPartitionsRDD.scala-40-40=36
org/apache/spark/rdd/RDD.getPreferredLocations-RDD.scala-137-137=10
org/apache/spark/rdd/RDD$$anonfun$getNarrowAncestors$1.apply-RDD.scala-335-335=72
org/apache/spark/status/api/v1/ShuffleWriteMetrics.bytesWritten-api.scala-254-254=29
org/apache/spark/rdd/RDDOperationScope.parent-RDDOperationScope.scala-48-48=381
org/apache/spark/rdd/RDD.partitions-RDD.scala-269-269=67
org/apache/spark/util/JsonProtocol$$anonfun$rddInfoToJson$7.apply-JsonProtocol.scala-444-444=128
org/apache/spark/rdd/RDDOperationScope$$anonfun$getAllScopes$2.apply-RDDOperationScope.scala-61-61=316
org/apache/spark/rdd/RDD$$anonfun$org$apache$spark$rdd$RDD$$visit$1$1.apply-RDD.scala-327-328=36
org/apache/spark/rdd/RDDOperationScope.getAllScopes-RDDOperationScope.scala-61-61=316
org/apache/spark/util/JsonProtocol$$anonfun$rddInfoToJson$2.apply-JsonProtocol.scala-437-437=130
org/apache/spark/status/api/v1/ShuffleReadMetrics.remoteBytesRead-api.scala-248-248=29
