org/apache/spark/status/api/v1/OutputMetrics.bytesWritten-api.scala-241-241=2604
org/apache/spark/graphx/impl/EdgePartition$$anon$1.map-EdgePartition.scala-327-327=64
org/apache/spark/graphx/util/collection/GraphXPrimitiveKeyOpenHashMap$mcJI$sp._oldValues$mcI$sp_$eq-GraphXPrimitiveKeyOpenHashMap.scala--1--1=80
org/apache/spark/graphx/impl/EdgeWithLocalIds$$anon$2.getKey-EdgePartitionBuilder.scala-145-145=212
org/apache/spark/status/api/v1/TaskMetrics.resultSize-api.scala-225-225=2063
org/apache/spark/graphx/impl/EdgeRDDImpl$$anonfun$mapEdgePartitions$1.apply-EdgeRDDImpl.scala-120-120=75
org/apache/spark/rdd/ZippedPartitionsPartition$$anonfun$writeObject$1.apply-ZippedPartitionsRDD.scala-38-38=21
org/apache/spark/rdd/ZippedPartitionsRDD2.rdd1-ZippedPartitionsRDD.scala-82-82=17
org/apache/spark/graphx/impl/EdgeRDDImpl.compute-EdgeRDDImpl.scala-50-49=44
org/apache/spark/graphx/util/collection/GraphXPrimitiveKeyOpenHashMap$mcJI$sp._oldValues_$eq-GraphXPrimitiveKeyOpenHashMap.scala-57-57=83
org/apache/spark/graphx/util/collection/GraphXPrimitiveKeyOpenHashMap$mcJI$sp.apply$mcJI$sp-GraphXPrimitiveKeyOpenHashMap.scala-63-64=114
org/apache/spark/graphx/util/collection/GraphXPrimitiveKeyOpenHashMap.grow-GraphXPrimitiveKeyOpenHashMap.scala-145-145=84
org/apache/spark/graphx/impl/EdgeRDDImpl$$anonfun$mapEdgePartitions$1.apply-EdgeRDDImpl.scala-119-119=74
org/apache/spark/graphx/impl/EdgePartition.iterator-EdgePartition.scala-327-327=68
org/apache/spark/rdd/RDD.org$apache$spark$rdd$RDD$$partitions_-RDD.scala-242-242=762
org/apache/spark/graphx/impl/EdgePartition.map-EdgePartition.scala-182-189=27
org/apache/spark/rdd/ZippedPartitionsPartition.index-ZippedPartitionsRDD.scala-33-33=105
org/apache/spark/status/api/v1/ShuffleReadMetrics.localBlocksFetched-api.scala-246-246=2070
org/apache/spark/graphx/Graph$$anonfun$mapEdges$1.apply-Graph.scala-190-190=44
org/apache/spark/graphx/Edge.srcId_$eq-Edge.scala-33-33=391
org/apache/spark/graphx/impl/GraphImpl$$anonfun$subgraph$default$2$1.apply-GraphImpl.scala-161-161=602
org/apache/spark/graphx/GraphOps$$anonfun$removeSelfEdges$1.apply-GraphOps.scala-193-193=309
org/apache/spark/rdd/RDD.id-RDD.scala-150-150=676
org/apache/spark/rdd/RDD.scope-RDD.scala-1743-1743=8
org/apache/spark/graphx/impl/EdgePartition.withData-EdgePartition.scala-72-72=26
org/apache/spark/graphx/EdgeRDD.compute-EdgeRDD.scala-50-49=43
org/apache/spark/status/api/v1/InputMetrics.recordsRead-api.scala-238-238=2593
org/apache/spark/rdd/ZippedPartitionsRDD2.f-ZippedPartitionsRDD.scala-81-81=20
org/apache/spark/util/JsonProtocol$$anonfun$rddInfoToJson$5.apply-JsonProtocol.scala-440-440=32
org/apache/spark/status/api/v1/ShuffleWriteMetrics.writeTime-api.scala-255-255=2047
org/apache/spark/status/api/v1/TaskMetrics.peakExecutionMemory-api.scala-230-230=2060
org/apache/spark/graphx/impl/EdgeWithLocalIds$$anon$2.getKey-EdgePartitionBuilder.scala-147-147=216
org/apache/spark/status/api/v1/TaskMetrics.shuffleWriteMetrics-api.scala-234-234=7234
org/apache/spark/status/api/v1/StageData.attemptId-api.scala-166-166=433
org/apache/spark/rdd/ZippedPartitionsPartition$$anonfun$writeObject$1.apply$mcV$sp-ZippedPartitionsRDD.scala-40-41=23
org/apache/spark/status/api/v1/StageData.stageId-api.scala-165-165=433
org/apache/spark/status/api/v1/ShuffleReadMetrics.remoteBytesReadToDisk-api.scala-249-249=2067
org/apache/spark/rdd/RDD.getNarrowAncestors-RDD.scala-320-335=1
org/apache/spark/rdd/RDD.elementClassTag-RDD.scala-1749-1749=24
org/apache/spark/graphx/impl/EdgeRDDImpl.getStorageLevel-EdgeRDDImpl.scala-74-74=1
org/apache/spark/graphx/impl/VertexAttributeBlock.attrs-ShippableVertexPartition.scala-28-28=132
org/apache/spark/graphx/impl/VertexAttributeBlock$$anonfun$iterator$1.apply-ShippableVertexPartition.scala-31-31=245
org/apache/spark/graphx/Edge.attr-Edge.scala-35-35=431
org/apache/spark/status/api/v1/TaskMetrics.memoryBytesSpilled-api.scala-228-228=2574
org/apache/spark/rdd/RDD.isCheckpointedAndMaterialized-RDD.scala-1677-1677=122
org/apache/spark/rdd/ZippedPartitionsRDD2.compute-ZippedPartitionsRDD.scala-88-89=22
org/apache/spark/graphx/util/collection/GraphXPrimitiveKeyOpenHashMap$mcJI$sp.keySet-GraphXPrimitiveKeyOpenHashMap.scala-34-34=276
org/apache/spark/graphx/EdgeTriplet.dstAttr_$eq-EdgeTriplet.scala-35-35=151
org/apache/spark/status/api/v1/ShuffleReadMetrics.recordsRead-api.scala-251-251=2588
org/apache/spark/rdd/ZippedPartitionsPartition.org$apache$spark$rdd$ZippedPartitionsPartition$$rdds-ZippedPartitionsRDD.scala-29-29=34
org/apache/spark/rdd/RDD$$anonfun$org$apache$spark$rdd$RDD$$visit$1$1.apply-RDD.scala-326-326=7
org/apache/spark/status/api/v1/OutputMetrics.recordsWritten-api.scala-242-242=2590
org/apache/spark/rdd/RDD.creationSite-RDD.scala-1734-1734=8
org/apache/spark/rdd/ZippedPartitionsPartition.partitionValues_$eq-ZippedPartitionsRDD.scala-34-34=24
org/apache/spark/rdd/RDD$$anonfun$6.apply-RDD.scala-325-325=14
org/apache/spark/rdd/RDD$$anonfun$preferredLocations$2.apply-RDD.scala-297-297=240
org/apache/spark/rdd/RDD.org$apache$spark$rdd$RDD$$dependencies_-RDD.scala-241-241=761
org/apache/spark/graphx/impl/ExistingEdgePartitionBuilder$.$lessinit$greater$default$5-EdgePartitionBuilder.scala-89-89=40
org/apache/spark/status/api/v1/TaskMetrics.executorCpuTime-api.scala-224-224=2504
org/apache/spark/graphx/EdgeTriplet.dstAttr-EdgeTriplet.scala-35-35=155
org/apache/spark/graphx/impl/EdgeWithLocalIds$$anon$1.compare-EdgePartitionBuilder.scala-135-135=107
org/apache/spark/graphx/util/collection/GraphXPrimitiveKeyOpenHashMap.move-GraphXPrimitiveKeyOpenHashMap.scala-150-150=81
org/apache/spark/rdd/RDDOperationScope.toJson-RDDOperationScope.scala-52-52=14
org/apache/spark/rdd/RDD.org$apache$spark$rdd$RDD$$visit$1-RDD.scala-323-326=8
org/apache/spark/rdd/RDD.isBarrier-RDD.scala-1931-1931=60
org/apache/spark/graphx/impl/EdgePartition$$anon$1.next-EdgePartition.scala-327-327=241
org/apache/spark/graphx/impl/EdgePartition.org$apache$spark$graphx$impl$EdgePartition$$dstIds-EdgePartition.scala-108-108=233
org/apache/spark/status/api/v1/InputMetrics.bytesRead-api.scala-237-237=2587
org/apache/spark/rdd/ZippedPartitionsPartition$$anonfun$writeObject$1$$anonfun$apply$mcV$sp$1.apply-ZippedPartitionsRDD.scala-40-40=114
org/apache/spark/rdd/RDD.getPreferredLocations-RDD.scala-137-137=180
org/apache/spark/status/api/v1/ExecutorSummary.hostPort-api.scala-78-78=170
org/apache/spark/graphx/impl/EdgeWithLocalIds$.edgeArraySortDataFormat-EdgePartitionBuilder.scala-145-145=42
org/apache/spark/graphx/impl/EdgeRDDImpl.partitionsRDD-EdgeRDDImpl.scala-28-28=1
org/apache/spark/rdd/RDD.getOrCompute-RDD.scala-354-357=22
org/apache/spark/graphx/impl/EdgeWithLocalIds.attr-EdgePartitionBuilder.scala-129-129=156
org/apache/spark/graphx/Edge.srcId-Edge.scala-33-33=877
org/apache/spark/rdd/RDD.iterator-RDD.scala-307-307=222
org/apache/spark/rdd/ZippedPartitionsPartition.partitions-ZippedPartitionsRDD.scala-35-35=19
org/apache/spark/status/api/v1/ShuffleWriteMetrics.bytesWritten-api.scala-254-254=2588
org/apache/spark/graphx/impl/VertexAttributeBlock.vids-ShippableVertexPartition.scala-28-28=2227
org/apache/spark/graphx/Edge.copy-Edge.scala-32-32=145
org/apache/spark/util/JsonProtocol$$anonfun$rddInfoToJson$7.apply-JsonProtocol.scala-444-444=32
org/apache/spark/rdd/RDD.firstParent-RDD.scala-1763-1763=83
org/apache/spark/util/JsonProtocol$$anonfun$rddInfoToJson$2.apply-JsonProtocol.scala-437-437=32
org/apache/spark/graphx/impl/EdgeWithLocalIds.localSrcId-EdgePartitionBuilder.scala-129-129=147
org/apache/spark/status/api/v1/ShuffleReadMetrics.remoteBytesRead-api.scala-248-248=2601
org/apache/spark/graphx/impl/ExistingEdgePartitionBuilder.add-EdgePartitionBuilder.scala-94-94=144
org/apache/spark/rdd/InputFileBlockHolder$.unset-InputFileBlockHolder.scala-86-86=38
org/apache/spark/graphx/impl/EdgeWithLocalIds.srcId-EdgePartitionBuilder.scala-129-129=563
org/apache/spark/rdd/RDDOperationScope.name-RDDOperationScope.scala-47-47=14
org/apache/spark/status/api/v1/TaskMetrics.executorRunTime-api.scala-223-223=2505
org/apache/spark/status/api/v1/TaskMetrics.inputMetrics-api.scala-231-231=5172
org/apache/spark/rdd/RDD$$anonfun$5.apply-RDD.scala-324-324=14
org/apache/spark/rdd/RDD.name-RDD.scala-153-153=8
org/apache/spark/util/JsonProtocol$$anonfun$rddInfoToJson$6.apply-JsonProtocol.scala-443-443=32
org/apache/spark/rdd/ShuffledRDDPartition.index-ShuffledRDD.scala-27-27=155
org/apache/spark/graphx/impl/EdgeRDDImpl$$anonfun$filter$1.apply-EdgeRDDImpl.scala-101-101=89
org/apache/spark/graphx/impl/EdgePartition.filter-EdgePartition.scala-199-217=43
org/apache/spark/rdd/RDD$$anonfun$dependencies$2.apply-RDD.scala-252-252=380
org/apache/spark/rdd/RDD.computeOrReadCheckpoint-RDD.scala-343-343=210
org/apache/spark/rdd/ZippedPartitionsRDD2.rdd2-ZippedPartitionsRDD.scala-83-83=28
org/apache/spark/graphx/impl/ReplicatedVertexView$$anonfun$2.apply-ReplicatedVertexView.scala-71-71=51
org/apache/spark/status/api/v1/TaskMetrics.outputMetrics-api.scala-232-232=5199
org/apache/spark/graphx/impl/EdgeWithLocalIds.dstId-EdgePartitionBuilder.scala-129-129=152
org/apache/spark/graphx/Edge$.$lessinit$greater$default$2-Edge.scala-34-34=216
org/apache/spark/util/JsonProtocol$$anonfun$rddInfoToJson$8.apply-JsonProtocol.scala-445-445=32
org/apache/spark/graphx/util/collection/GraphXPrimitiveKeyOpenHashMap$mcJI$sp._values$mcI$sp-GraphXPrimitiveKeyOpenHashMap.scala--1--1=196
org/apache/spark/rdd/ZippedPartitionsPartition$$anonfun$writeObject$1.org$apache$spark$rdd$ZippedPartitionsPartition$$anonfun$$$outer-ZippedPartitionsRDD.scala-38-38=59
org/apache/spark/graphx/impl/EdgePartition.size-EdgePartition.scala-314-314=491
org/apache/spark/status/api/v1/TaskMetrics.executorDeserializeCpuTime-api.scala-222-222=2079
org/apache/spark/rdd/RDD.preferredLocations-RDD.scala-296-296=240
org/apache/spark/rdd/RDD.dependencies-RDD.scala-252-252=377
org/apache/spark/status/api/v1/ShuffleReadMetrics.fetchWaitTime-api.scala-247-247=2091
org/apache/spark/graphx/Edge.attr_$eq-Edge.scala-35-35=385
org/apache/spark/graphx/impl/VertexAttributeBlock.iterator-ShippableVertexPartition.scala-31-31=2081
org/apache/spark/rdd/MapPartitionsRDD.isBarrier_-MapPartitionsRDD.scala-60-60=60
org/apache/spark/rdd/RDD$$anonfun$mapPartitions$1$$anonfun$apply$23.apply-RDD.scala-823-823=140
org/apache/spark/graphx/impl/ExistingEdgePartitionBuilder.toEdgePartition-EdgePartitionBuilder.scala-98-123=47
org/apache/spark/graphx/impl/EdgeWithLocalIds$$anon$2.allocate-EdgePartitionBuilder.scala-145-145=25
org/apache/spark/graphx/GraphOps$$anonfun$convertToCanonicalEdges$default$1$1.apply-GraphOps.scala-303-303=54
org/apache/spark/rdd/RDD$$anonfun$map$1$$anonfun$apply$5.apply-RDD.scala-394-394=89
org/apache/spark/rdd/ShuffledRDD.getPreferredLocations-ShuffledRDD.scala-97-99=60
org/apache/spark/graphx/impl/EdgeWithLocalIds$$anon$1.compare-EdgePartitionBuilder.scala-133-133=111
org/apache/spark/status/api/v1/TaskMetrics.shuffleReadMetrics-api.scala-233-233=16052
org/apache/spark/status/api/v1/ShuffleReadMetrics.remoteBlocksFetched-api.scala-245-245=2059
org/apache/spark/graphx/impl/EdgePartition$$anon$1.hasNext-EdgePartition.scala-331-331=297
org/apache/spark/graphx/impl/GraphImpl$$anonfun$6.apply-GraphImpl.scala-144-144=56
org/apache/spark/status/api/v1/ShuffleWriteMetrics.recordsWritten-api.scala-256-256=2562
org/apache/spark/util/JsonProtocol$$anonfun$rddInfoToJson$1.apply-JsonProtocol.scala-437-437=32
org/apache/spark/status/api/v1/TaskMetrics.diskBytesSpilled-api.scala-229-229=2559
org/apache/spark/graphx/Edge$.$lessinit$greater$default$1-Edge.scala-33-33=215
org/apache/spark/graphx/EdgeTriplet.srcAttr-EdgeTriplet.scala-30-30=148
org/apache/spark/status/api/v1/TaskMetrics.resultSerializationTime-api.scala-227-227=2067
org/apache/spark/graphx/Edge.dstId_$eq-Edge.scala-34-34=382
org/apache/spark/graphx/impl/EdgeWithLocalIds$.lexicographicOrdering-EdgePartitionBuilder.scala-133-133=43
org/apache/spark/rdd/RDD$$anonfun$partitions$2.apply-RDD.scala-269-269=380
org/apache/spark/rdd/RDD.getStorageLevel-RDD.scala-223-223=17
org/apache/spark/rdd/RDDOperationScope.id-RDDOperationScope.scala-49-49=14
org/apache/spark/graphx/EdgeTriplet.srcAttr_$eq-EdgeTriplet.scala-30-30=151
org/apache/spark/rdd/RDD$$anonfun$4.apply-RDD.scala-323-323=18
org/apache/spark/graphx/Edge.copy$default$1-Edge.scala-33-33=138
org/apache/spark/util/JsonProtocol$$anonfun$rddInfoToJson$4$$anonfun$apply$19.apply-JsonProtocol.scala-439-439=28
org/apache/spark/rdd/InputFileBlockHolder$$anon$1.initialValue-InputFileBlockHolder.scala-53-53=11
org/apache/spark/rdd/RDD.sparkContext-RDD.scala-147-147=1
org/apache/spark/rdd/RDDOperationScope$.org$apache$spark$rdd$RDDOperationScope$$jsonMapper-RDDOperationScope.scala-82-82=14
org/apache/spark/graphx/EdgeRDD$$anonfun$compute$1.apply-EdgeRDD.scala-52-52=285
org/apache/spark/rdd/InputFileBlockHolder$.initialize-InputFileBlockHolder.scala-92-92=12
org/apache/spark/graphx/GraphOps$$anonfun$15.apply-GraphOps.scala-306-306=271
org/apache/spark/util/JsonProtocol$$anonfun$rddInfoToJson$9.apply-JsonProtocol.scala-446-446=32
org/apache/spark/graphx/util/collection/GraphXPrimitiveKeyOpenHashMap$mcJI$sp.update$mcJI$sp-GraphXPrimitiveKeyOpenHashMap.scala-75-78=84
org/apache/spark/util/JsonProtocol$$anonfun$rddInfoToJson$3.apply-JsonProtocol.scala-439-439=28
org/apache/spark/graphx/impl/ReplicatedVertexView$$anonfun$2$$anonfun$apply$1.apply-ReplicatedVertexView.scala-71-71=78
org/apache/spark/rdd/RDD.checkpointData-RDD.scala-1751-1751=1118
org/apache/spark/util/JsonProtocol$$anonfun$rddInfoToJson$4.apply-JsonProtocol.scala-439-439=32
org/apache/spark/status/api/v1/ShuffleReadMetrics.localBytesRead-api.scala-250-250=2590
org/apache/spark/graphx/Edge$.$lessinit$greater$default$3-Edge.scala-35-35=216
org/apache/spark/graphx/Edge.copy$default$2-Edge.scala-34-34=140
org/apache/spark/graphx/impl/EdgePartition.updateVertices-EdgePartition.scala-87-93=37
org/apache/spark/rdd/MapPartitionsRDD.compute-MapPartitionsRDD.scala-52-52=107
org/apache/spark/status/api/v1/TaskMetrics.executorDeserializeTime-api.scala-221-221=2375
org/apache/spark/rdd/ZippedPartitionsPartition.partitionValues-ZippedPartitionsRDD.scala-34-34=21
org/apache/spark/graphx/impl/ReplicatedVertexView$$anonfun$2$$anonfun$apply$1$$anonfun$apply$2.apply-ReplicatedVertexView.scala-73-73=4054
org/apache/spark/rdd/RDD$$anonfun$getNarrowAncestors$1.apply-RDD.scala-335-335=14
org/apache/spark/graphx/Edge.copy$default$3-Edge.scala-35-35=142
org/apache/spark/rdd/PairRDDFunctions$$anonfun$reduceByKey$1$$anonfun$apply$10.apply-PairRDDFunctions.scala-307-307=88
org/apache/spark/rdd/RDDOperationScope.parent-RDDOperationScope.scala-48-48=14
org/apache/spark/graphx/impl/EdgePartition.org$apache$spark$graphx$impl$EdgePartition$$srcIds-EdgePartition.scala-106-106=233
org/apache/spark/rdd/RDD.partitions-RDD.scala-269-269=381
org/apache/spark/rdd/RDD$$anon$1.next-RDD.scala-367-368=23
org/apache/spark/status/api/v1/JobData.jobId-api.scala-110-110=105
org/apache/spark/status/api/v1/ExecutorSummary.id-api.scala-77-77=169
org/apache/spark/status/api/v1/TaskMetrics.jvmGcTime-api.scala-226-226=2073
org/apache/spark/graphx/lib/TriangleCount$$anonfun$3.apply-TriangleCount.scala-56-56=189
org/apache/spark/status/api/v1/RDDStorageInfo.id-api.scala-132-132=265
org/apache/spark/graphx/Edge.dstId-Edge.scala-34-34=862
org/apache/spark/graphx/impl/EdgeWithLocalIds.localDstId-EdgePartitionBuilder.scala-129-129=148
org/apache/spark/rdd/RDD$$anonfun$org$apache$spark$rdd$RDD$$visit$1$1.apply-RDD.scala-327-328=7
org/apache/spark/graphx/util/collection/GraphXPrimitiveKeyOpenHashMap$mcJI$sp.keySet$mcJ$sp-GraphXPrimitiveKeyOpenHashMap.scala--1--1=269
org/apache/spark/rdd/ShuffledRDD.compute-ShuffledRDD.scala-103-105=25
