org/apache/spark/status/api/v1/OutputMetrics.bytesWritten-api.scala-241-241=20
org/apache/spark/graphx/impl/VertexRDDImpl.partitionsRDD-VertexRDDImpl.scala-28-28=4
org/apache/spark/graphx/impl/GraphImpl.vertices-GraphImpl.scala-36-36=1
org/apache/spark/rdd/RDD.getNumPartitions-RDD.scala-289-289=9
org/apache/spark/rdd/RDD.org$apache$spark$rdd$RDD$$partitions_-RDD.scala-242-242=2162
org/apache/spark/rdd/ShuffledRDD.isBarrier-ShuffledRDD.scala-114-114=9
org/apache/spark/rdd/ZippedPartitionsPartition.index-ZippedPartitionsRDD.scala-33-33=300
org/apache/spark/rdd/RDD.org$apache$spark$rdd$RDD$$sc-RDD.scala-89-100=29
org/apache/spark/rdd/RDDOperationScope$$anonfun$2.apply-RDDOperationScope.scala-105-105=12
org/apache/spark/rdd/RDD.id-RDD.scala-150-150=1103
org/apache/spark/rdd/RDD.scope-RDD.scala-1743-1743=84
org/apache/spark/status/api/v1/InputMetrics.recordsRead-api.scala-238-238=20
org/apache/spark/util/JsonProtocol$$anonfun$rddInfoToJson$5.apply-JsonProtocol.scala-440-440=168
org/apache/spark/rdd/MapPartitionsRDD$.$lessinit$greater$default$4-MapPartitionsRDD.scala-43-43=1
org/apache/spark/status/api/v1/TaskMetrics.shuffleWriteMetrics-api.scala-234-234=40
org/apache/spark/status/api/v1/StageData.attemptId-api.scala-166-166=20
org/apache/spark/rdd/ZippedPartitionsBaseRDD$$anonfun$getPartitions$1.apply-ZippedPartitionsRDD.scala-56-56=12
org/apache/spark/rdd/RDD$.CHECKPOINT_ALL_MARKED_ANCESTORS-RDD.scala-2006-2006=1
org/apache/spark/status/api/v1/StageData.stageId-api.scala-165-165=20
org/apache/spark/rdd/ShuffledRDD.getDependencies-ShuffledRDD.scala-79-87=6
org/apache/spark/rdd/RDD.elementClassTag-RDD.scala-1749-1749=1
org/apache/spark/rdd/RDD.getNarrowAncestors-RDD.scala-320-335=10
org/apache/spark/graphx/impl/EdgeRDDImpl.getStorageLevel-EdgeRDDImpl.scala-74-74=3
org/apache/spark/rdd/RDD$$anonfun$partitions$2$$anonfun$apply$3.apply-RDD.scala-274-274=1200
org/apache/spark/rdd/ZippedPartitionsRDD2.getPartitions-ZippedPartitionsRDD.scala-55-57=3
org/apache/spark/rdd/RDD.isBarrier_-RDD.scala-1935-1935=19
org/apache/spark/status/api/v1/TaskMetrics.memoryBytesSpilled-api.scala-228-228=20
org/apache/spark/rdd/RDD.withScope-RDD.scala-385-385=1
org/apache/spark/rdd/ZippedPartitionsBaseRDD$$anonfun$getPartitions$3$$anonfun$2.apply-ZippedPartitionsRDD.scala-61-61=720
org/apache/spark/status/api/v1/ShuffleReadMetrics.recordsRead-api.scala-251-251=20
org/apache/spark/rdd/RDD$$anonfun$org$apache$spark$rdd$RDD$$visit$1$1.apply-RDD.scala-326-326=74
org/apache/spark/status/api/v1/OutputMetrics.recordsWritten-api.scala-242-242=20
org/apache/spark/rdd/RDD$$anonfun$isBarrier_$2.apply-RDD.scala-1936-1936=46
org/apache/spark/rdd/RDD.creationSite-RDD.scala-1734-1734=93
org/apache/spark/rdd/RDD$$anonfun$map$1.apply-RDD.scala-392-392=1
org/apache/spark/rdd/RDD$$anonfun$preferredLocations$2.apply-RDD.scala-297-297=480
org/apache/spark/rdd/RDD$$anonfun$6.apply-RDD.scala-325-325=160
org/apache/spark/rdd/RDD.org$apache$spark$rdd$RDD$$dependencies_-RDD.scala-241-241=1143
org/apache/spark/rdd/MapPartitionsRDD$.$lessinit$greater$default$3-MapPartitionsRDD.scala-42-42=1
org/apache/spark/status/api/v1/TaskMetrics.executorCpuTime-api.scala-224-224=20
org/apache/spark/rdd/RDDOperationScope.toJson-RDDOperationScope.scala-52-52=82
org/apache/spark/rdd/RDD$$anonfun$isBarrier_$1.apply-RDD.scala-1936-1936=46
org/apache/spark/rdd/ZippedPartitionsBaseRDD$$anonfun$getPartitions$3$$anonfun$3.apply-ZippedPartitionsRDD.scala-63-63=360
org/apache/spark/rdd/ZippedPartitionsBaseRDD$$anonfun$getPartitions$3.apply-ZippedPartitionsRDD.scala-61-65=180
org/apache/spark/rdd/RDD.org$apache$spark$rdd$RDD$$visit$1-RDD.scala-323-326=84
org/apache/spark/rdd/RDD.isBarrier-RDD.scala-1931-1931=67
org/apache/spark/rdd/ZippedPartitionsPartition.preferredLocations-ZippedPartitionsRDD.scala-30-30=300
org/apache/spark/status/api/v1/InputMetrics.bytesRead-api.scala-237-237=20
org/apache/spark/rdd/RDD.getPreferredLocations-RDD.scala-137-137=120
org/apache/spark/status/api/v1/ExecutorSummary.hostPort-api.scala-78-78=110
org/apache/spark/rdd/ZippedPartitionsBaseRDD.getPreferredLocations-ZippedPartitionsRDD.scala-70-70=300
org/apache/spark/rdd/ZippedPartitionsPartition$$anonfun$1.apply-ZippedPartitionsRDD.scala-34-34=720
org/apache/spark/rdd/MapPartitionsRDD$$anonfun$isBarrier_$1.apply-MapPartitionsRDD.scala-60-60=46
org/apache/spark/graphx/impl/EdgeRDDImpl.partitionsRDD-EdgeRDDImpl.scala-28-28=3
org/apache/spark/rdd/ZippedPartitionsRDD2.getPreferredLocations-ZippedPartitionsRDD.scala-70-70=300
org/apache/spark/status/api/v1/ShuffleWriteMetrics.bytesWritten-api.scala-254-254=20
org/apache/spark/rdd/RDD.context-RDD.scala-1772-1772=13
org/apache/spark/util/JsonProtocol$$anonfun$rddInfoToJson$7.apply-JsonProtocol.scala-444-444=168
org/apache/spark/rdd/RDDOperationScope$$anonfun$getAllScopes$2.apply-RDDOperationScope.scala-61-61=80
org/apache/spark/rdd/RDD.firstParent-RDD.scala-1763-1763=6
org/apache/spark/rdd/RDDOperationScope$.withScope-RDDOperationScope.scala-134-155=1
org/apache/spark/rdd/RDDOperationScope.getAllScopes-RDDOperationScope.scala-61-61=80
org/apache/spark/rdd/ShuffledRDD.prev-ShuffledRDD.scala-42-42=6
org/apache/spark/rdd/RDD.org$apache$spark$rdd$RDD$$stateLock-RDD.scala-237-237=27
org/apache/spark/rdd/MapPartitionsRDD.getPartitions-MapPartitionsRDD.scala-49-49=6
org/apache/spark/util/JsonProtocol$$anonfun$rddInfoToJson$2.apply-JsonProtocol.scala-437-437=168
org/apache/spark/status/api/v1/ShuffleReadMetrics.remoteBytesRead-api.scala-248-248=20
org/apache/spark/rdd/ShuffledRDD.getPartitions-ShuffledRDD.scala-93-93=1
org/apache/spark/rdd/RDDOperationScope.name-RDDOperationScope.scala-47-47=162
org/apache/spark/status/api/v1/TaskMetrics.executorRunTime-api.scala-223-223=20
org/apache/spark/status/api/v1/TaskMetrics.inputMetrics-api.scala-231-231=40
org/apache/spark/rdd/RDD$$anonfun$5.apply-RDD.scala-324-324=160
org/apache/spark/rdd/RDD.name-RDD.scala-153-153=84
org/apache/spark/util/JsonProtocol$$anonfun$rddInfoToJson$6.apply-JsonProtocol.scala-443-443=168
org/apache/spark/rdd/ShuffledRDDPartition.index-ShuffledRDD.scala-27-27=240
org/apache/spark/rdd/RDD$$anonfun$dependencies$2.apply-RDD.scala-252-252=563
org/apache/spark/rdd/RDD.map-RDD.scala-392-392=1
org/apache/spark/status/api/v1/TaskMetrics.outputMetrics-api.scala-232-232=40
org/apache/spark/rdd/RDD.org$apache$spark$rdd$RDD$$partitions__$eq-RDD.scala-242-242=10
org/apache/spark/rdd/RDD$$anonfun$37.apply-RDD.scala-1744-1744=2
org/apache/spark/util/JsonProtocol$$anonfun$rddInfoToJson$8.apply-JsonProtocol.scala-445-445=168
org/apache/spark/rdd/CoalescedRDDPartition.index-CoalescedRDD.scala-38-38=120
org/apache/spark/rdd/RDDOperationScope$.withScope$default$2-RDDOperationScope.scala-101-101=2
org/apache/spark/rdd/RDD.preferredLocations-RDD.scala-296-296=480
org/apache/spark/rdd/RDD.dependencies-RDD.scala-252-252=563
org/apache/spark/rdd/RDDOperationScope$$anonfun$3.apply-RDDOperationScope.scala-106-106=4
org/apache/spark/rdd/MapPartitionsRDD.isBarrier_-MapPartitionsRDD.scala-60-60=48
org/apache/spark/rdd/ZippedPartitionsBaseRDD.getPartitions-ZippedPartitionsRDD.scala-55-57=3
org/apache/spark/rdd/RDD.org$apache$spark$rdd$RDD$$dependencies__$eq-RDD.scala-241-241=17
org/apache/spark/rdd/ShuffledRDD.getPreferredLocations-ShuffledRDD.scala-97-99=60
org/apache/spark/graphx/impl/VertexRDDImpl.getStorageLevel-VertexRDDImpl.scala-74-74=3
org/apache/spark/status/api/v1/TaskMetrics.shuffleReadMetrics-api.scala-233-233=60
org/apache/spark/rdd/ShuffledRDD$$anonfun$1.apply-ShuffledRDD.scala-79-79=6
org/apache/spark/rdd/ShuffledRDD.org$apache$spark$rdd$ShuffledRDD$$mapSideCombine-ShuffledRDD.scala-52-52=12
org/apache/spark/status/api/v1/ShuffleWriteMetrics.recordsWritten-api.scala-256-256=20
org/apache/spark/status/api/v1/TaskMetrics.diskBytesSpilled-api.scala-229-229=20
org/apache/spark/util/JsonProtocol$$anonfun$rddInfoToJson$1.apply-JsonProtocol.scala-437-437=168
org/apache/spark/rdd/ZippedPartitionsRDD2.rdds-ZippedPartitionsRDD.scala-47-47=366
org/apache/spark/rdd/ZippedPartitionsBaseRDD$$anonfun$getPartitions$3.apply-ZippedPartitionsRDD.scala-60-60=180
org/apache/spark/rdd/RDD$$anonfun$partitions$2.apply-RDD.scala-269-269=1071
org/apache/spark/rdd/RDD.getStorageLevel-RDD.scala-223-223=111
org/apache/spark/rdd/RDDOperationScope.id-RDDOperationScope.scala-49-49=162
org/apache/spark/rdd/RDDOperationScope$$anonfun$1.apply-RDDOperationScope.scala-104-104=8
org/apache/spark/rdd/RDD$$anonfun$4.apply-RDD.scala-323-323=196
org/apache/spark/rdd/ShuffledRDD$$anonfun$getPartitions$1.apply-ShuffledRDD.scala-93-93=120
org/apache/spark/util/JsonProtocol$$anonfun$rddInfoToJson$4$$anonfun$apply$19.apply-JsonProtocol.scala-439-439=160
org/apache/spark/rdd/RDDOperationScope$.org$apache$spark$rdd$RDDOperationScope$$jsonMapper-RDDOperationScope.scala-82-82=83
org/apache/spark/rdd/RDD.sparkContext-RDD.scala-147-147=6
org/apache/spark/rdd/RDDOperationScope$.withScope-RDDOperationScope.scala-102-112=1
org/apache/spark/util/JsonProtocol$$anonfun$rddInfoToJson$9.apply-JsonProtocol.scala-446-446=168
org/apache/spark/rdd/RDDOperationScope$.nextScopeId-RDDOperationScope.scala-90-90=2
org/apache/spark/util/JsonProtocol$$anonfun$rddInfoToJson$3.apply-JsonProtocol.scala-439-439=160
org/apache/spark/rdd/RDD.checkpointData-RDD.scala-1751-1751=2114
org/apache/spark/status/api/v1/ShuffleReadMetrics.localBytesRead-api.scala-250-250=20
org/apache/spark/util/JsonProtocol$$anonfun$rddInfoToJson$4.apply-JsonProtocol.scala-439-439=168
org/apache/spark/rdd/ZippedPartitionsBaseRDD.rdds-ZippedPartitionsRDD.scala-47-47=366
org/apache/spark/rdd/RDD.org$apache$spark$internal$Logging$$log__$eq-RDD.scala-77-77=1
org/apache/spark/rdd/RDD$$anonfun$getNarrowAncestors$1.apply-RDD.scala-335-335=148
org/apache/spark/rdd/RDDOperationScope$.fromJson-RDDOperationScope.scala-86-86=1
org/apache/spark/rdd/RDDOperationScope.parent-RDDOperationScope.scala-48-48=162
org/apache/spark/rdd/RDD.partitions-RDD.scala-269-269=1071
org/apache/spark/status/api/v1/ExecutorSummary.id-api.scala-77-77=110
org/apache/spark/status/api/v1/JobData.jobId-api.scala-110-110=2
org/apache/spark/status/api/v1/RDDStorageInfo.id-api.scala-132-132=55
org/apache/spark/rdd/RDD$$anonfun$org$apache$spark$rdd$RDD$$visit$1$1.apply-RDD.scala-327-328=74
org/apache/spark/rdd/MapPartitionsRDD$.$lessinit$greater$default$5-MapPartitionsRDD.scala-44-44=1
org/apache/spark/rdd/RDD.getDependencies-RDD.scala-132-132=11
org/apache/spark/rdd/RDDOperationScope$.$lessinit$greater$default$3-RDDOperationScope.scala-49-49=2
