org/apache/spark/rdd/ZippedPartitionsPartition$$anonfun$writeObject$1.apply-ZippedPartitionsRDD.scala-38-38=99
org/apache/spark/graphx/impl/ShippableVertexPartition$$anonfun$apply$6.apply-ShippableVertexPartition.scala-64-64=185
org/apache/spark/graphx/util/collection/GraphXPrimitiveKeyOpenHashMap.grow-GraphXPrimitiveKeyOpenHashMap.scala-145-145=16
org/apache/spark/graphx/VertexRDD$$anonfun$2.apply-VertexRDD.scala-323-323=52
org/apache/spark/graphx/impl/VertexRDDImpl$$anonfun$shipVertexAttributes$1$$anonfun$apply$7.apply-VertexRDDImpl.scala-247-247=65
org/apache/spark/rdd/RDD.org$apache$spark$rdd$RDD$$partitions_-RDD.scala-242-242=1011
org/apache/spark/graphx/impl/ShippableVertexPartitionOps.org$apache$spark$internal$Logging$$log__$eq-ShippableVertexPartition.scala-34-34=281
org/apache/spark/graphx/impl/RoutingTablePartition$$anonfun$fromMsgs$2.apply-RoutingTablePartition.scala-77-77=5344
org/apache/spark/graphx/impl/ShippableVertexPartition$$anonfun$apply$5.apply-ShippableVertexPartition.scala-60-60=15
org/apache/spark/graphx/impl/ShippableVertexPartition$$anonfun$apply$5.apply-ShippableVertexPartition.scala-59-59=16
org/apache/spark/status/api/v1/InputMetrics.recordsRead-api.scala-238-238=3193
org/apache/spark/rdd/ZippedPartitionsRDD2.f-ZippedPartitionsRDD.scala-81-81=130
org/apache/spark/graphx/GraphOps$$anonfun$2.apply-GraphOps.scala-93-93=352
org/apache/spark/graphx/impl/VertexRDDImpl$$anonfun$shipVertexAttributes$1.apply-VertexRDDImpl.scala-247-247=57
org/apache/spark/status/api/v1/TaskMetrics.shuffleWriteMetrics-api.scala-234-234=9126
org/apache/spark/status/api/v1/StageData.attemptId-api.scala-166-166=302
org/apache/spark/rdd/ZippedPartitionsPartition$$anonfun$writeObject$1.apply$mcV$sp-ZippedPartitionsRDD.scala-40-41=113
org/apache/spark/graphx/impl/VertexRDDImpl$$anonfun$1.apply-VertexRDDImpl.scala-96-96=155
org/apache/spark/graphx/impl/VertexRDDImpl.vdTag-VertexRDDImpl.scala-30-30=201
org/apache/spark/graphx/impl/ShippableVertexPartition$ShippableVertexPartitionOpsConstructor$.toOps-ShippableVertexPartition.scala-85-85=51
org/apache/spark/status/api/v1/ShuffleReadMetrics.remoteBytesReadToDisk-api.scala-249-249=2791
org/apache/spark/rdd/RDD.getNarrowAncestors-RDD.scala-320-335=1
org/apache/spark/graphx/impl/VertexRDDImpl$$anonfun$5.org$apache$spark$graphx$impl$VertexRDDImpl$$anonfun$$$outer-VertexRDDImpl.scala-215-215=52
org/apache/spark/graphx/impl/ShippableVertexPartitionOps.withValues-ShippableVertexPartition.scala-152-152=208
org/apache/spark/status/api/v1/TaskMetrics.memoryBytesSpilled-api.scala-228-228=3192
org/apache/spark/rdd/RDD.isCheckpointedAndMaterialized-RDD.scala-1677-1677=316
org/apache/spark/rdd/ZippedPartitionsRDD2.compute-ZippedPartitionsRDD.scala-88-89=204
org/apache/spark/graphx/impl/VertexPartitionBase.capacity-VertexPartitionBase.scala-69-69=281
org/apache/spark/rdd/ZippedPartitionsPartition.org$apache$spark$rdd$ZippedPartitionsPartition$$rdds-ZippedPartitionsRDD.scala-29-29=146
org/apache/spark/status/api/v1/OutputMetrics.recordsWritten-api.scala-242-242=3196
org/apache/spark/rdd/RDD.creationSite-RDD.scala-1734-1734=17
org/apache/spark/rdd/RDD$$anonfun$6.apply-RDD.scala-325-325=36
org/apache/spark/graphx/impl/ShippableVertexPartition$$anonfun$shipVertexAttributes$1.org$apache$spark$graphx$impl$ShippableVertexPartition$$anonfun$$$outer-ShippableVertexPartition.scala-116-116=332
org/apache/spark/rdd/RDD.org$apache$spark$rdd$RDD$$dependencies_-RDD.scala-241-241=865
org/apache/spark/status/api/v1/TaskMetrics.executorCpuTime-api.scala-224-224=3055
org/apache/spark/graphx/impl/ShippableVertexPartition.capacity-ShippableVertexPartition.scala-69-69=281
org/apache/spark/graphx/impl/VertexPartitionBaseOps$$anonfun$aggregateUsingIndex$1.apply-VertexPartitionBaseOps.scala-221-221=193
org/apache/spark/rdd/RDDOperationScope.toJson-RDDOperationScope.scala-52-52=32
org/apache/spark/graphx/impl/ShippableVertexPartition$$anonfun$shipVertexAttributes$1.apply-ShippableVertexPartition.scala-116-116=2577
org/apache/spark/status/api/v1/InputMetrics.bytesRead-api.scala-237-237=3191
org/apache/spark/rdd/RDD.getPreferredLocations-RDD.scala-137-137=120
org/apache/spark/status/api/v1/ExecutorSummary.hostPort-api.scala-78-78=227
org/apache/spark/rdd/RDD.getOrCompute-RDD.scala-354-357=182
org/apache/spark/graphx/impl/ShippableVertexPartition$$anonfun$apply$6.apply-ShippableVertexPartition.scala-63-63=185
org/apache/spark/graphx/impl/VertexRDDImpl$$anonfun$3.apply-VertexRDDImpl.scala-157-159=103
org/apache/spark/rdd/ZippedPartitionsRDD2.getPreferredLocations-ZippedPartitionsRDD.scala-70-70=60
org/apache/spark/status/api/v1/ShuffleWriteMetrics.bytesWritten-api.scala-254-254=3210
org/apache/spark/graphx/lib/TriangleCount$$anonfun$5.apply-TriangleCount.scala-69-69=18
org/apache/spark/graphx/impl/ShippableVertexPartitionOps.aggregateUsingIndex-ShippableVertexPartition.scala-219-234=49
org/apache/spark/rdd/RDD.firstParent-RDD.scala-1763-1763=131
org/apache/spark/graphx/impl/ShippableVertexPartition.isDefined-ShippableVertexPartition.scala-77-76=164
org/apache/spark/rdd/RDDOperationScope.name-RDDOperationScope.scala-47-47=32
org/apache/spark/rdd/RDD$$anonfun$5.apply-RDD.scala-324-324=36
org/apache/spark/graphx/VertexRDD.compute-VertexRDD.scala-69-69=25
org/apache/spark/rdd/RDD.name-RDD.scala-153-153=17
org/apache/spark/graphx/impl/ShippableVertexPartition.routingTable-ShippableVertexPartition.scala-101-101=5580
org/apache/spark/rdd/RDD$$anonfun$dependencies$2.apply-RDD.scala-252-252=427
org/apache/spark/rdd/RDD.computeOrReadCheckpoint-RDD.scala-343-343=482
org/apache/spark/rdd/ZippedPartitionsRDD2.rdd2-ZippedPartitionsRDD.scala-83-83=162
org/apache/spark/graphx/impl/RoutingTablePartition$$anonfun$iterator$1.apply-RoutingTablePartition.scala-111-111=6122
org/apache/spark/status/api/v1/RDDPartitionInfo.executors-api.scala-161-161=44
org/apache/spark/status/api/v1/TaskMetrics.outputMetrics-api.scala-232-232=6374
org/apache/spark/graphx/impl/RoutingTablePartition.iterator-RoutingTablePartition.scala-111-111=47
org/apache/spark/util/JsonProtocol$$anonfun$rddInfoToJson$8.apply-JsonProtocol.scala-445-445=68
org/apache/spark/rdd/ZippedPartitionsPartition$$anonfun$writeObject$1.org$apache$spark$rdd$ZippedPartitionsPartition$$anonfun$$$outer-ZippedPartitionsRDD.scala-38-38=265
org/apache/spark/rdd/RDD.preferredLocations-RDD.scala-296-296=180
org/apache/spark/graphx/impl/VertexPartitionBase$$anonfun$iterator$1.apply-VertexPartitionBase.scala-82-82=30
org/apache/spark/graphx/impl/VertexPartitionBaseOps.leftJoin-VertexPartitionBaseOps.scala-130-130=103
org/apache/spark/graphx/lib/TriangleCount$$anonfun$5.apply-TriangleCount.scala-70-79=17
org/apache/spark/graphx/impl/VertexRDDImpl.getStorageLevel-VertexRDDImpl.scala-74-74=1
org/apache/spark/graphx/impl/RoutingTablePartition$$anonfun$fromMsgs$1.apply-RoutingTablePartition.scala-68-68=134
org/apache/spark/util/JsonProtocol$$anonfun$rddInfoToJson$1.apply-JsonProtocol.scala-437-437=68
org/apache/spark/graphx/util/collection/GraphXPrimitiveKeyOpenHashMap.keySet$mcJ$sp-GraphXPrimitiveKeyOpenHashMap.scala-34-34=103
org/apache/spark/graphx/impl/RoutingTablePartition.partitionSize-RoutingTablePartition.scala-108-108=2629
org/apache/spark/status/api/v1/TaskMetrics.resultSerializationTime-api.scala-227-227=2772
org/apache/spark/graphx/impl/ShippableVertexPartition.apply-ShippableVertexPartition.scala-74-74=169
org/apache/spark/rdd/RDD.getStorageLevel-RDD.scala-223-223=22
org/apache/spark/graphx/util/collection/GraphXPrimitiveKeyOpenHashMap.keySet-GraphXPrimitiveKeyOpenHashMap.scala-34-34=328
org/apache/spark/graphx/impl/ShippableVertexPartition$.apply-ShippableVertexPartition.scala-57-67=54
org/apache/spark/rdd/RDD.sparkContext-RDD.scala-147-147=1
org/apache/spark/graphx/impl/VertexRDDImpl$$anonfun$mapValues$2.apply-VertexRDDImpl.scala-104-104=97
org/apache/spark/rdd/InputFileBlockHolder$.initialize-InputFileBlockHolder.scala-92-92=8
org/apache/spark/graphx/impl/VertexPartitionBase.apply-VertexPartitionBase.scala-74-74=171
org/apache/spark/util/JsonProtocol$$anonfun$rddInfoToJson$3.apply-JsonProtocol.scala-439-439=64
org/apache/spark/graphx/impl/VertexRDDImpl$$anonfun$5$$anonfun$apply$5.apply-VertexRDDImpl.scala-216-216=104
org/apache/spark/rdd/RDD.checkpointData-RDD.scala-1751-1751=1429
org/apache/spark/status/api/v1/TaskMetrics.executorDeserializeTime-api.scala-221-221=3163
org/apache/spark/rdd/ZippedPartitionsPartition.partitionValues-ZippedPartitionsRDD.scala-34-34=126
org/apache/spark/graphx/impl/ShippableVertexPartitionOps.filter-ShippableVertexPartition.scala-78-87=31
org/apache/spark/graphx/impl/ShippableVertexPartition.mask-ShippableVertexPartition.scala-100-100=676
org/apache/spark/graphx/impl/ShippableVertexPartition$$anonfun$shipVertexAttributes$1.apply-ShippableVertexPartition.scala-117-128=2588
org/apache/spark/graphx/impl/VertexPartitionBaseOps.filter-VertexPartitionBaseOps.scala-78-87=27
org/apache/spark/rdd/RDD.partitions-RDD.scala-269-269=483
org/apache/spark/status/api/v1/ExecutorSummary.id-api.scala-77-77=223
org/apache/spark/rdd/RDD$$anonfun$7.apply-RDD.scala-357-357=100
org/apache/spark/graphx/impl/VertexPartitionBaseOps.aggregateUsingIndex-VertexPartitionBaseOps.scala-219-234=52
org/apache/spark/status/api/v1/RDDStorageInfo.id-api.scala-132-132=867
org/apache/spark/rdd/RDD$$anonfun$org$apache$spark$rdd$RDD$$visit$1$1.apply-RDD.scala-327-328=16
org/apache/spark/status/api/v1/OutputMetrics.bytesWritten-api.scala-241-241=3192
org/apache/spark/graphx/util/collection/GraphXPrimitiveKeyOpenHashMap.setMerge-GraphXPrimitiveKeyOpenHashMap.scala-84-92=15
org/apache/spark/graphx/impl/ShippableVertexPartitionOps.leftJoin-ShippableVertexPartition.scala-130-130=103
org/apache/spark/graphx/impl/VertexRDDImpl.partitionsRDD-VertexRDDImpl.scala-28-28=1
org/apache/spark/status/api/v1/TaskMetrics.resultSize-api.scala-225-225=2746
org/apache/spark/rdd/ZippedPartitionsRDD2.rdd1-ZippedPartitionsRDD.scala-82-82=130
org/apache/spark/graphx/VertexRDD$$anonfun$createRoutingTables$1.apply-VertexRDD.scala-362-362=91
org/apache/spark/graphx/util/collection/GraphXPrimitiveKeyOpenHashMap.changeValue-GraphXPrimitiveKeyOpenHashMap.scala-103-102=187
org/apache/spark/rdd/ZippedPartitionsPartition.index-ZippedPartitionsRDD.scala-33-33=272
org/apache/spark/status/api/v1/ShuffleReadMetrics.localBlocksFetched-api.scala-246-246=2788
org/apache/spark/graphx/impl/RoutingTablePartition$.org$apache$spark$graphx$impl$RoutingTablePartition$$positionFromMessage-RoutingTablePartition.scala-41-41=139
org/apache/spark/graphx/util/collection/GraphXPrimitiveKeyOpenHashMap._values-GraphXPrimitiveKeyOpenHashMap.scala-34-34=625
org/apache/spark/graphx/impl/GraphImpl$$anonfun$subgraph$default$2$1.apply-GraphImpl.scala-161-161=28
org/apache/spark/graphx/impl/VertexRDDImpl$$anonfun$3.apply-VertexRDDImpl.scala-156-156=101
org/apache/spark/rdd/RDD.id-RDD.scala-150-150=804
org/apache/spark/rdd/RDD.scope-RDD.scala-1743-1743=17
org/apache/spark/util/JsonProtocol$$anonfun$rddInfoToJson$5.apply-JsonProtocol.scala-440-440=68
org/apache/spark/status/api/v1/ShuffleWriteMetrics.writeTime-api.scala-255-255=2732
org/apache/spark/status/api/v1/TaskMetrics.peakExecutionMemory-api.scala-230-230=2764
org/apache/spark/graphx/impl/ShippableVertexPartition$$anonfun$shipVertexAttributes$1$$anonfun$apply$1.apply-ShippableVertexPartition.scala-121-121=333
org/apache/spark/graphx/impl/RoutingTablePartition$.fromMsgs-RoutingTablePartition.scala-65-77=47
org/apache/spark/status/api/v1/StageData.stageId-api.scala-165-165=305
org/apache/spark/graphx/impl/ShippableVertexPartitionOps.withMask-ShippableVertexPartition.scala-152-152=78
org/apache/spark/graphx/impl/RoutingTablePartition$$anonfun$fromMsgs$1.apply-RoutingTablePartition.scala-69-74=133
org/apache/spark/rdd/RDD.elementClassTag-RDD.scala-1749-1749=142
org/apache/spark/graphx/impl/VertexPartitionBaseOps.org$apache$spark$internal$Logging$$log__$eq-VertexPartitionBaseOps.scala-34-34=281
org/apache/spark/status/api/v1/ShuffleReadMetrics.recordsRead-api.scala-251-251=3208
org/apache/spark/rdd/RDD$$anonfun$org$apache$spark$rdd$RDD$$visit$1$1.apply-RDD.scala-326-326=16
org/apache/spark/rdd/ZippedPartitionsPartition.partitionValues_$eq-ZippedPartitionsRDD.scala-34-34=125
org/apache/spark/graphx/impl/ShippableVertexPartition$ShippableVertexPartitionOpsConstructor$.toOps-ShippableVertexPartition.scala-88-88=50
org/apache/spark/graphx/impl/VertexPartitionBase.isDefined-VertexPartitionBase.scala-77-76=169
org/apache/spark/rdd/RDD$$anonfun$preferredLocations$2.apply-RDD.scala-297-297=180
org/apache/spark/graphx/impl/ShippableVertexPartition.index-ShippableVertexPartition.scala-98-98=1445
org/apache/spark/graphx/util/collection/GraphXPrimitiveKeyOpenHashMap.move-GraphXPrimitiveKeyOpenHashMap.scala-150-150=16
org/apache/spark/rdd/RDD.org$apache$spark$rdd$RDD$$visit$1-RDD.scala-323-326=17
org/apache/spark/graphx/impl/VertexPartitionBase.iterator-VertexPartitionBase.scala-82-82=31
org/apache/spark/rdd/RDD.isBarrier-RDD.scala-1931-1931=60
org/apache/spark/graphx/impl/VertexRDDImpl$$anonfun$5.apply-VertexRDDImpl.scala-215-215=49
org/apache/spark/rdd/ZippedPartitionsPartition$$anonfun$writeObject$1$$anonfun$apply$mcV$sp$1.apply-ZippedPartitionsRDD.scala-40-40=548
org/apache/spark/rdd/ZippedPartitionsPartition.preferredLocations-ZippedPartitionsRDD.scala-30-30=60
org/apache/spark/rdd/ZippedPartitionsBaseRDD.getPreferredLocations-ZippedPartitionsRDD.scala-70-70=60
org/apache/spark/graphx/VertexRDD$$anonfun$2.apply-VertexRDD.scala-325-326=54
org/apache/spark/rdd/RDD.iterator-RDD.scala-307-307=556
org/apache/spark/rdd/ZippedPartitionsPartition.partitions-ZippedPartitionsRDD.scala-35-35=130
org/apache/spark/graphx/impl/ShippableVertexPartition.shipVertexAttributes-ShippableVertexPartition.scala-116-116=37
org/apache/spark/graphx/GraphOps$$anonfun$collectNeighborIds$1.apply-GraphOps.scala-107-107=17
org/apache/spark/util/JsonProtocol$$anonfun$rddInfoToJson$7.apply-JsonProtocol.scala-444-444=68
org/apache/spark/graphx/impl/RoutingTablePartition$.org$apache$spark$graphx$impl$RoutingTablePartition$$toBitSet-RoutingTablePartition.scala-84-92=5313
org/apache/spark/graphx/impl/GraphImpl$$anonfun$8.apply-GraphImpl.scala-164-164=62
org/apache/spark/util/JsonProtocol$$anonfun$rddInfoToJson$2.apply-JsonProtocol.scala-437-437=68
org/apache/spark/status/api/v1/ShuffleReadMetrics.remoteBytesRead-api.scala-248-248=3242
org/apache/spark/graphx/impl/RoutingTablePartition.numEdgePartitions-RoutingTablePartition.scala-105-105=34
org/apache/spark/rdd/InputFileBlockHolder$.unset-InputFileBlockHolder.scala-86-86=34
org/apache/spark/status/api/v1/TaskMetrics.executorRunTime-api.scala-223-223=3064
org/apache/spark/status/api/v1/TaskMetrics.inputMetrics-api.scala-231-231=6409
org/apache/spark/util/JsonProtocol$$anonfun$rddInfoToJson$6.apply-JsonProtocol.scala-443-443=68
org/apache/spark/rdd/ShuffledRDDPartition.index-ShuffledRDD.scala-27-27=189
org/apache/spark/graphx/impl/VertexRDDImpl.compute-VertexRDDImpl.scala-69-69=26
org/apache/spark/graphx/impl/RoutingTablePartition.foreachWithinEdgePartition-RoutingTablePartition.scala-127-127=2603
org/apache/spark/status/api/v1/RDDPartitionInfo.diskUsed-api.scala-160-160=37
org/apache/spark/graphx/impl/RoutingTablePartition$.org$apache$spark$graphx$impl$RoutingTablePartition$$pidFromMessage-RoutingTablePartition.scala-40-40=134
org/apache/spark/graphx/lib/TriangleCount$$anonfun$6.apply-TriangleCount.scala-84-84=35
org/apache/spark/status/api/v1/TaskMetrics.executorDeserializeCpuTime-api.scala-222-222=2751
org/apache/spark/rdd/RDD.dependencies-RDD.scala-252-252=436
org/apache/spark/graphx/impl/ShippableVertexPartitionOps.map-ShippableVertexPartition.scala-58-64=52
org/apache/spark/status/api/v1/ShuffleReadMetrics.fetchWaitTime-api.scala-247-247=2790
org/apache/spark/rdd/MapPartitionsRDD.isBarrier_-MapPartitionsRDD.scala-60-60=60
org/apache/spark/rdd/RDD$$anonfun$mapPartitions$1$$anonfun$apply$23.apply-RDD.scala-823-823=302
org/apache/spark/status/api/v1/TaskMetrics.shuffleReadMetrics-api.scala-233-233=20803
org/apache/spark/status/api/v1/RDDPartitionInfo.memoryUsed-api.scala-159-159=41
org/apache/spark/status/api/v1/ShuffleReadMetrics.remoteBlocksFetched-api.scala-245-245=2783
org/apache/spark/status/api/v1/ShuffleWriteMetrics.recordsWritten-api.scala-256-256=3169
org/apache/spark/status/api/v1/TaskMetrics.diskBytesSpilled-api.scala-229-229=3169
org/apache/spark/graphx/impl/ShippableVertexPartition$$anonfun$apply$6$$anonfun$apply$8.apply-ShippableVertexPartition.scala-64-64=185
org/apache/spark/graphx/impl/RoutingTablePartition$.org$apache$spark$graphx$impl$RoutingTablePartition$$vidFromMessage-RoutingTablePartition.scala-39-39=133
org/apache/spark/rdd/RDD$$anonfun$partitions$2.apply-RDD.scala-269-269=491
org/apache/spark/rdd/RDDOperationScope.id-RDDOperationScope.scala-49-49=32
org/apache/spark/rdd/RDD$$anonfun$4.apply-RDD.scala-323-323=44
org/apache/spark/graphx/impl/VertexRDDImpl$$anonfun$5.apply-VertexRDDImpl.scala-216-216=50
org/apache/spark/util/JsonProtocol$$anonfun$rddInfoToJson$4$$anonfun$apply$19.apply-JsonProtocol.scala-439-439=64
org/apache/spark/rdd/InputFileBlockHolder$$anon$1.initialValue-InputFileBlockHolder.scala-53-53=5
org/apache/spark/rdd/RDDOperationScope$.org$apache$spark$rdd$RDDOperationScope$$jsonMapper-RDDOperationScope.scala-82-82=32
org/apache/spark/util/JsonProtocol$$anonfun$rddInfoToJson$9.apply-JsonProtocol.scala-446-446=68
org/apache/spark/util/JsonProtocol$$anonfun$rddInfoToJson$4.apply-JsonProtocol.scala-439-439=68
org/apache/spark/status/api/v1/ShuffleReadMetrics.localBytesRead-api.scala-250-250=3212
org/apache/spark/rdd/MapPartitionsRDD.compute-MapPartitionsRDD.scala-52-52=159
org/apache/spark/rdd/RDD$$anonfun$getNarrowAncestors$1.apply-RDD.scala-335-335=32
org/apache/spark/graphx/GraphOps$$anonfun$collectNeighborIds$1.apply-GraphOps.scala-106-106=17
org/apache/spark/graphx/impl/ShippableVertexPartition$$anonfun$shipVertexAttributes$1$$anonfun$apply$1.apply$mcVJ$sp-ShippableVertexPartition.scala-122-126=174
org/apache/spark/graphx/util/collection/GraphXPrimitiveKeyOpenHashMap._oldValues_$eq-GraphXPrimitiveKeyOpenHashMap.scala-57-57=16
org/apache/spark/graphx/impl/ShippableVertexPartition.iterator-ShippableVertexPartition.scala-82-82=32
org/apache/spark/graphx/impl/VertexPartitionBaseOps$$anonfun$aggregateUsingIndex$1.apply-VertexPartitionBaseOps.scala-222-221=195
org/apache/spark/rdd/RDDOperationScope.parent-RDDOperationScope.scala-48-48=32
org/apache/spark/rdd/RDD$$anon$1.next-RDD.scala-367-368=132
org/apache/spark/status/api/v1/JobData.jobId-api.scala-110-110=125
org/apache/spark/status/api/v1/TaskMetrics.jvmGcTime-api.scala-226-226=2771
org/apache/spark/graphx/impl/ShippableVertexPartition$.shippablePartitionToOps-ShippableVertexPartition.scala-77-77=277
org/apache/spark/graphx/impl/RoutingTablePartition$$anonfun$1.apply-RoutingTablePartition.scala-65-65=2267
org/apache/spark/graphx/impl/RoutingTablePartition$$anonfun$3.apply-RoutingTablePartition.scala-67-67=2353
org/apache/spark/graphx/impl/VertexPartitionBaseOps.map-VertexPartitionBaseOps.scala-58-64=50
org/apache/spark/graphx/impl/RoutingTablePartition$$anonfun$2.apply-RoutingTablePartition.scala-66-66=2273
org/apache/spark/rdd/ShuffledRDD.compute-ShuffledRDD.scala-103-105=79
org/apache/spark/graphx/impl/ShippableVertexPartition.values-ShippableVertexPartition.scala-99-99=367
