org/apache/spark/status/api/v1/OutputMetrics.bytesWritten-api.scala-241-241=1284
org/apache/spark/graphx/Edge$$anon$2.swap-Edge.scala-77-79=5
org/apache/spark/graphx/util/collection/GraphXPrimitiveKeyOpenHashMap$mcJI$sp._oldValues$mcI$sp_$eq-GraphXPrimitiveKeyOpenHashMap.scala--1--1=69
org/apache/spark/status/api/v1/TaskMetrics.resultSize-api.scala-225-225=1005
org/apache/spark/rdd/CoalescedRDDPartition.parents_$eq-CoalescedRDD.scala-42-42=19
org/apache/spark/graphx/impl/VertexRDDImpl.partitionsRDD-VertexRDDImpl.scala-28-28=2
org/apache/spark/graphx/util/collection/GraphXPrimitiveKeyOpenHashMap$mcJI$sp._oldValues_$eq-GraphXPrimitiveKeyOpenHashMap.scala-57-57=70
org/apache/spark/graphx/Edge$$anon$2.copyRange-Edge.scala-91-91=26
org/apache/spark/graphx/util/collection/GraphXPrimitiveKeyOpenHashMap.grow-GraphXPrimitiveKeyOpenHashMap.scala-145-145=427
org/apache/spark/graphx/util/collection/GraphXPrimitiveKeyOpenHashMap.changeValue-GraphXPrimitiveKeyOpenHashMap.scala-103-102=432
org/apache/spark/graphx/impl/EdgePartition.iterator-EdgePartition.scala-327-327=52
org/apache/spark/rdd/RDD.org$apache$spark$rdd$RDD$$partitions_-RDD.scala-242-242=1136
org/apache/spark/status/api/v1/ShuffleReadMetrics.localBlocksFetched-api.scala-246-246=997
org/apache/spark/graphx/util/collection/GraphXPrimitiveKeyOpenHashMap._values-GraphXPrimitiveKeyOpenHashMap.scala-34-34=1011
org/apache/spark/graphx/Edge.srcId_$eq-Edge.scala-33-33=210
org/apache/spark/graphx/impl/RoutingTablePartition$$anonfun$edgePartitionToMsgs$2.apply-RoutingTablePartition.scala-55-55=132
org/apache/spark/graphx/Edge$.edgeArraySortDataFormat-Edge.scala-71-71=14
org/apache/spark/rdd/RDD.id-RDD.scala-150-150=1390
org/apache/spark/rdd/RDD.scope-RDD.scala-1743-1743=3
org/apache/spark/status/api/v1/InputMetrics.recordsRead-api.scala-238-238=1277
org/apache/spark/util/JsonProtocol$$anonfun$rddInfoToJson$5.apply-JsonProtocol.scala-440-440=20
org/apache/spark/graphx/impl/EdgePartitionBuilder$$anonfun$toEdgePartition$2.apply$mcII$sp-EdgePartitionBuilder.scala-59-59=56
org/apache/spark/status/api/v1/ShuffleWriteMetrics.writeTime-api.scala-255-255=996
org/apache/spark/graphx/Edge$$anon$1.compare-Edge.scala-62-62=132
org/apache/spark/status/api/v1/TaskMetrics.peakExecutionMemory-api.scala-230-230=997
org/apache/spark/rdd/CoalescedRDDPartition$$anonfun$writeObject$1$$anonfun$apply$mcV$sp$1.apply-CoalescedRDD.scala-47-47=78
org/apache/spark/status/api/v1/TaskMetrics.shuffleWriteMetrics-api.scala-234-234=3558
org/apache/spark/status/api/v1/StageData.attemptId-api.scala-166-166=202
org/apache/spark/graphx/Edge$$anon$2.copyRange-Edge.scala-71-71=25
org/apache/spark/graphx/impl/GraphImpl$$anonfun$4.apply-GraphImpl.scala-107-107=26
org/apache/spark/graphx/VertexRDD$$anonfun$4.apply-VertexRDD.scala-356-356=88
org/apache/spark/status/api/v1/StageData.stageId-api.scala-165-165=202
org/apache/spark/status/api/v1/ShuffleReadMetrics.remoteBytesReadToDisk-api.scala-249-249=1008
org/apache/spark/rdd/RDD.getNarrowAncestors-RDD.scala-320-335=1
org/apache/spark/rdd/RDD.elementClassTag-RDD.scala-1749-1749=26
org/apache/spark/graphx/Edge.attr-Edge.scala-35-35=119
org/apache/spark/graphx/impl/EdgePartitionBuilder.add-EdgePartitionBuilder.scala-34-34=45
org/apache/spark/graphx/util/collection/GraphXPrimitiveKeyOpenHashMap$$anon$1.hasNext-GraphXPrimitiveKeyOpenHashMap.scala-131-131=388
org/apache/spark/graphx/Edge$$anon$2.getKey-Edge.scala-73-73=213
org/apache/spark/graphx/util/collection/GraphXPrimitiveKeyOpenHashMap.iterator-GraphXPrimitiveKeyOpenHashMap.scala-115-115=51
org/apache/spark/status/api/v1/TaskMetrics.memoryBytesSpilled-api.scala-228-228=1271
org/apache/spark/rdd/RDD.isCheckpointedAndMaterialized-RDD.scala-1677-1677=63
org/apache/spark/graphx/util/collection/GraphXPrimitiveKeyOpenHashMap$mcJI$sp.keySet-GraphXPrimitiveKeyOpenHashMap.scala-34-34=482
org/apache/spark/graphx/Edge$$anon$2.copyElement-Edge.scala-71-71=119
org/apache/spark/status/api/v1/ShuffleReadMetrics.recordsRead-api.scala-251-251=1301
org/apache/spark/rdd/RDD$$anonfun$org$apache$spark$rdd$RDD$$visit$1$1.apply-RDD.scala-326-326=2
org/apache/spark/status/api/v1/OutputMetrics.recordsWritten-api.scala-242-242=1302
org/apache/spark/graphx/Edge$$anon$2.swap-Edge.scala-71-71=3
org/apache/spark/rdd/RDD.creationSite-RDD.scala-1734-1734=3
org/apache/spark/graphx/Edge$.lexicographicOrdering-Edge.scala-60-60=14
org/apache/spark/rdd/RDD$$anonfun$6.apply-RDD.scala-325-325=4
org/apache/spark/rdd/CoalescedRDDPartition$$anonfun$writeObject$1.apply$mcV$sp-CoalescedRDD.scala-47-48=17
org/apache/spark/rdd/RDD$$anonfun$preferredLocations$2.apply-RDD.scala-297-297=380
org/apache/spark/rdd/RDD.org$apache$spark$rdd$RDD$$dependencies_-RDD.scala-241-241=1175
org/apache/spark/status/api/v1/TaskMetrics.executorCpuTime-api.scala-224-224=1199
org/apache/spark/graphx/util/collection/GraphXPrimitiveKeyOpenHashMap.move-GraphXPrimitiveKeyOpenHashMap.scala-150-150=423
org/apache/spark/rdd/RDDOperationScope.toJson-RDDOperationScope.scala-52-52=10
org/apache/spark/rdd/RDD.org$apache$spark$rdd$RDD$$visit$1-RDD.scala-323-326=3
org/apache/spark/rdd/RDD.isBarrier-RDD.scala-1931-1931=60
org/apache/spark/graphx/impl/EdgePartition$$anon$1.next-EdgePartition.scala-327-327=228
org/apache/spark/graphx/impl/EdgePartition.org$apache$spark$graphx$impl$EdgePartition$$dstIds-EdgePartition.scala-108-108=212
org/apache/spark/graphx/impl/GraphImpl$$anonfun$4$$anonfun$apply$2.apply-GraphImpl.scala-109-109=40
org/apache/spark/status/api/v1/InputMetrics.bytesRead-api.scala-237-237=1289
org/apache/spark/rdd/RDD.getPreferredLocations-RDD.scala-137-137=220
org/apache/spark/rdd/ZippedPartitionsPartition.preferredLocations-ZippedPartitionsRDD.scala-30-30=60
org/apache/spark/status/api/v1/ExecutorSummary.hostPort-api.scala-78-78=102
org/apache/spark/rdd/ZippedPartitionsBaseRDD.getPreferredLocations-ZippedPartitionsRDD.scala-70-70=60
org/apache/spark/graphx/Edge$$anon$1.compare-Edge.scala-60-60=137
org/apache/spark/graphx/VertexRDD$$anonfun$4$$anonfun$apply$2.apply-VertexRDD.scala-357-357=72
org/apache/spark/rdd/RDD.getOrCompute-RDD.scala-354-357=46
org/apache/spark/graphx/Edge.srcId-Edge.scala-33-33=827
org/apache/spark/rdd/RDD.iterator-RDD.scala-307-307=101
org/apache/spark/rdd/ZippedPartitionsRDD2.getPreferredLocations-ZippedPartitionsRDD.scala-70-70=60
org/apache/spark/status/api/v1/ShuffleWriteMetrics.bytesWritten-api.scala-254-254=1279
org/apache/spark/graphx/util/collection/GraphXPrimitiveKeyOpenHashMap$$anon$1.map-GraphXPrimitiveKeyOpenHashMap.scala-115-115=42
org/apache/spark/graphx/impl/EdgePartitionBuilder$.$lessinit$greater$default$1-EdgePartitionBuilder.scala-29-29=9
org/apache/spark/util/JsonProtocol$$anonfun$rddInfoToJson$7.apply-JsonProtocol.scala-444-444=18
org/apache/spark/rdd/CoalescedRDDPartition.parentsIndices-CoalescedRDD.scala-40-40=20
org/apache/spark/rdd/RDD.firstParent-RDD.scala-1763-1763=46
org/apache/spark/graphx/Edge$$anon$2.getKey-Edge.scala-71-71=219
org/apache/spark/graphx/impl/GraphImpl$$anonfun$4.apply-GraphImpl.scala-108-114=28
org/apache/spark/graphx/impl/RoutingTablePartition$.org$apache$spark$graphx$impl$RoutingTablePartition$$toMessage-RoutingTablePartition.scala-34-36=171
org/apache/spark/graphx/impl/RoutingTablePartition$$anonfun$edgePartitionToMsgs$2.apply-RoutingTablePartition.scala-56-58=157
org/apache/spark/util/JsonProtocol$$anonfun$rddInfoToJson$2.apply-JsonProtocol.scala-437-437=16
org/apache/spark/status/api/v1/ShuffleReadMetrics.remoteBytesRead-api.scala-248-248=1310
org/apache/spark/rdd/InputFileBlockHolder$.unset-InputFileBlockHolder.scala-86-86=28
org/apache/spark/rdd/RDDOperationScope.name-RDDOperationScope.scala-47-47=9
org/apache/spark/status/api/v1/TaskMetrics.executorRunTime-api.scala-223-223=1192
org/apache/spark/status/api/v1/TaskMetrics.inputMetrics-api.scala-231-231=2569
org/apache/spark/rdd/RDD$$anonfun$5.apply-RDD.scala-324-324=4
org/apache/spark/rdd/CoalescedRDDPartition.rdd-CoalescedRDD.scala-39-39=49
org/apache/spark/rdd/RDD.name-RDD.scala-153-153=3
org/apache/spark/util/JsonProtocol$$anonfun$rddInfoToJson$6.apply-JsonProtocol.scala-443-443=18
org/apache/spark/rdd/ShuffledRDDPartition.index-ShuffledRDD.scala-27-27=222
org/apache/spark/rdd/RDD$$anonfun$mapPartitionsWithIndex$1$$anonfun$apply$25.apply-RDD.scala-875-875=50
org/apache/spark/rdd/RDD$$anonfun$dependencies$2.apply-RDD.scala-252-252=582
org/apache/spark/rdd/RDD.computeOrReadCheckpoint-RDD.scala-343-343=80
org/apache/spark/status/api/v1/RDDPartitionInfo.executors-api.scala-161-161=26
org/apache/spark/status/api/v1/TaskMetrics.outputMetrics-api.scala-232-232=2598
org/apache/spark/status/api/v1/RDDPartitionInfo.diskUsed-api.scala-160-160=25
org/apache/spark/graphx/impl/RoutingTablePartition$$anonfun$edgePartitionToMsgs$1.apply-RoutingTablePartition.scala-52-53=202
org/apache/spark/graphx/Edge$.$lessinit$greater$default$2-Edge.scala-34-34=48
org/apache/spark/util/JsonProtocol$$anonfun$rddInfoToJson$8.apply-JsonProtocol.scala-445-445=18
org/apache/spark/rdd/CoalescedRDDPartition.index-CoalescedRDD.scala-38-38=43
org/apache/spark/graphx/impl/RoutingTablePartition$.edgePartitionToMsgs-RoutingTablePartition.scala-50-55=45
org/apache/spark/graphx/impl/RoutingTablePartition$$anonfun$edgePartitionToMsgs$1$$anonfun$apply$2.apply$mcB$sp-RoutingTablePartition.scala-53-53=112
org/apache/spark/graphx/util/collection/GraphXPrimitiveKeyOpenHashMap$mcJI$sp._values$mcI$sp-GraphXPrimitiveKeyOpenHashMap.scala--1--1=526
org/apache/spark/graphx/impl/EdgePartitionBuilder$$anonfun$toEdgePartition$4.apply$mcII$sp-EdgePartitionBuilder.scala-61-61=60
org/apache/spark/rdd/CoalescedRDDPartition$$anonfun$writeObject$1.org$apache$spark$rdd$CoalescedRDDPartition$$anonfun$$$outer-CoalescedRDD.scala-45-45=43
org/apache/spark/graphx/impl/EdgePartition.size-EdgePartition.scala-314-314=249
org/apache/spark/rdd/CoalescedRDDPartition$$anonfun$writeObject$1.apply-CoalescedRDD.scala-45-45=15
org/apache/spark/status/api/v1/TaskMetrics.executorDeserializeCpuTime-api.scala-222-222=994
org/apache/spark/rdd/RDD.preferredLocations-RDD.scala-296-296=380
org/apache/spark/rdd/RDD.dependencies-RDD.scala-252-252=584
org/apache/spark/status/api/v1/ShuffleReadMetrics.fetchWaitTime-api.scala-247-247=1001
org/apache/spark/graphx/Edge.attr_$eq-Edge.scala-35-35=215
org/apache/spark/rdd/MapPartitionsRDD.isBarrier_-MapPartitionsRDD.scala-60-60=60
org/apache/spark/rdd/RDD$$anonfun$mapPartitions$1$$anonfun$apply$23.apply-RDD.scala-823-823=87
org/apache/spark/graphx/impl/RoutingTablePartition$$anonfun$edgePartitionToMsgs$1$$anonfun$apply$4.apply-RoutingTablePartition.scala-53-53=211
org/apache/spark/graphx/impl/EdgePartition$$anon$1.foreach-EdgePartition.scala-327-327=57
org/apache/spark/graphx/impl/RoutingTablePartition$$anonfun$edgePartitionToMsgs$1$$anonfun$apply$3.apply-RoutingTablePartition.scala-52-52=202
org/apache/spark/rdd/ShuffledRDD.getPreferredLocations-ShuffledRDD.scala-97-99=100
org/apache/spark/graphx/impl/VertexRDDImpl.getStorageLevel-VertexRDDImpl.scala-74-74=1
org/apache/spark/status/api/v1/TaskMetrics.shuffleReadMetrics-api.scala-233-233=7977
org/apache/spark/status/api/v1/RDDPartitionInfo.memoryUsed-api.scala-159-159=27
org/apache/spark/graphx/impl/GraphImpl$$anonfun$4$$anonfun$apply$2.apply-GraphImpl.scala-110-111=41
org/apache/spark/status/api/v1/ShuffleReadMetrics.remoteBlocksFetched-api.scala-245-245=1010
org/apache/spark/graphx/impl/EdgePartition$$anon$1.hasNext-EdgePartition.scala-331-331=262
org/apache/spark/status/api/v1/ShuffleWriteMetrics.recordsWritten-api.scala-256-256=1252
org/apache/spark/util/JsonProtocol$$anonfun$rddInfoToJson$1.apply-JsonProtocol.scala-437-437=17
org/apache/spark/status/api/v1/TaskMetrics.diskBytesSpilled-api.scala-229-229=1263
org/apache/spark/graphx/Edge$.$lessinit$greater$default$1-Edge.scala-33-33=51
org/apache/spark/graphx/impl/EdgePartitionBuilder.toEdgePartition-EdgePartitionBuilder.scala-38-72=27
org/apache/spark/graphx/Edge$$anon$2.allocate-Edge.scala-71-71=13
org/apache/spark/status/api/v1/TaskMetrics.resultSerializationTime-api.scala-227-227=1003
org/apache/spark/graphx/Edge.dstId_$eq-Edge.scala-34-34=213
org/apache/spark/rdd/RDD$$anonfun$partitions$2.apply-RDD.scala-269-269=569
org/apache/spark/rdd/RDD.getStorageLevel-RDD.scala-223-223=40
org/apache/spark/graphx/util/collection/GraphXPrimitiveKeyOpenHashMap.keySet-GraphXPrimitiveKeyOpenHashMap.scala-34-34=1062
org/apache/spark/graphx/Edge$$anon$2.copyElement-Edge.scala-85-85=120
org/apache/spark/rdd/RDDOperationScope.id-RDDOperationScope.scala-49-49=9
org/apache/spark/rdd/RDD$$anonfun$4.apply-RDD.scala-323-323=6
org/apache/spark/util/JsonProtocol$$anonfun$rddInfoToJson$4$$anonfun$apply$19.apply-JsonProtocol.scala-439-439=20
org/apache/spark/rdd/InputFileBlockHolder$$anon$1.initialValue-InputFileBlockHolder.scala-53-53=24
org/apache/spark/rdd/RDD.sparkContext-RDD.scala-147-147=1
org/apache/spark/rdd/RDDOperationScope$.org$apache$spark$rdd$RDDOperationScope$$jsonMapper-RDDOperationScope.scala-82-82=8
org/apache/spark/graphx/impl/RoutingTablePartition$$anonfun$edgePartitionToMsgs$1$$anonfun$apply$1.apply$mcB$sp-RoutingTablePartition.scala-52-52=111
org/apache/spark/rdd/InputFileBlockHolder$.initialize-InputFileBlockHolder.scala-92-92=19
org/apache/spark/util/JsonProtocol$$anonfun$rddInfoToJson$9.apply-JsonProtocol.scala-446-446=16
org/apache/spark/graphx/impl/EdgePartitionBuilder$$anonfun$toEdgePartition$1.apply$mcI$sp-EdgePartitionBuilder.scala-59-59=69
org/apache/spark/graphx/util/collection/GraphXPrimitiveKeyOpenHashMap$mcJI$sp.update$mcJI$sp-GraphXPrimitiveKeyOpenHashMap.scala-75-78=65
org/apache/spark/util/JsonProtocol$$anonfun$rddInfoToJson$3.apply-JsonProtocol.scala-439-439=20
org/apache/spark/rdd/RDD.checkpointData-RDD.scala-1751-1751=1587
org/apache/spark/util/JsonProtocol$$anonfun$rddInfoToJson$4.apply-JsonProtocol.scala-439-439=21
org/apache/spark/status/api/v1/ShuffleReadMetrics.localBytesRead-api.scala-250-250=1309
org/apache/spark/graphx/Edge$.$lessinit$greater$default$3-Edge.scala-35-35=50
org/apache/spark/rdd/MapPartitionsRDD.compute-MapPartitionsRDD.scala-52-52=61
org/apache/spark/status/api/v1/TaskMetrics.executorDeserializeTime-api.scala-221-221=1157
org/apache/spark/rdd/RDD$$anonfun$getNarrowAncestors$1.apply-RDD.scala-335-335=4
org/apache/spark/graphx/util/collection/GraphXPrimitiveKeyOpenHashMap$mcJI$sp.changeValue$mcJI$sp-GraphXPrimitiveKeyOpenHashMap.scala-103-102=240
org/apache/spark/graphx/impl/EdgePartitionBuilder$$anonfun$toEdgePartition$3.apply$mcI$sp-EdgePartitionBuilder.scala-61-61=54
org/apache/spark/rdd/RDDOperationScope.parent-RDDOperationScope.scala-48-48=9
org/apache/spark/graphx/impl/EdgePartition.org$apache$spark$graphx$impl$EdgePartition$$srcIds-EdgePartition.scala-106-106=198
org/apache/spark/rdd/RDD.partitions-RDD.scala-269-269=568
org/apache/spark/rdd/RDD$$anon$1.next-RDD.scala-367-368=23
org/apache/spark/status/api/v1/JobData.jobId-api.scala-110-110=84
org/apache/spark/status/api/v1/ExecutorSummary.id-api.scala-77-77=102
org/apache/spark/rdd/RDD$$anonfun$7.apply-RDD.scala-357-357=16
org/apache/spark/status/api/v1/TaskMetrics.jvmGcTime-api.scala-226-226=1003
org/apache/spark/graphx/impl/RoutingTablePartition$$anonfun$edgePartitionToMsgs$1$$anonfun$apply$1.apply-RoutingTablePartition.scala-52-52=114
org/apache/spark/graphx/impl/RoutingTablePartition$$anonfun$edgePartitionToMsgs$1$$anonfun$apply$2.apply-RoutingTablePartition.scala-53-53=117
org/apache/spark/graphx/impl/RoutingTablePartition$$anonfun$edgePartitionToMsgs$1.apply-RoutingTablePartition.scala-51-51=207
org/apache/spark/status/api/v1/RDDStorageInfo.id-api.scala-132-132=92
org/apache/spark/graphx/Edge.dstId-Edge.scala-34-34=493
org/apache/spark/graphx/util/collection/GraphXPrimitiveKeyOpenHashMap$$anon$1.next-GraphXPrimitiveKeyOpenHashMap.scala-115-115=172
org/apache/spark/rdd/RDD$$anonfun$org$apache$spark$rdd$RDD$$visit$1$1.apply-RDD.scala-327-328=2
org/apache/spark/graphx/util/collection/GraphXPrimitiveKeyOpenHashMap$mcJI$sp.keySet$mcJ$sp-GraphXPrimitiveKeyOpenHashMap.scala--1--1=481
org/apache/spark/rdd/ShuffledRDD.compute-ShuffledRDD.scala-103-105=15
