org/apache/spark/status/api/v1/OutputMetrics.bytesWritten-api.scala-241-241=2157
org/apache/spark/graphx/Edge$$anon$2.swap-Edge.scala-77-79=18
org/apache/spark/graphx/util/collection/GraphXPrimitiveKeyOpenHashMap$mcJI$sp._oldValues$mcI$sp_$eq-GraphXPrimitiveKeyOpenHashMap.scala--1--1=87
org/apache/spark/status/api/v1/TaskMetrics.resultSize-api.scala-225-225=1771
org/apache/spark/graphx/impl/VertexRDDImpl.partitionsRDD-VertexRDDImpl.scala-28-28=62
org/apache/spark/graphx/impl/EdgeRDDImpl$$anonfun$mapEdgePartitions$1.apply-EdgeRDDImpl.scala-120-120=14
org/apache/spark/graphx/util/collection/GraphXPrimitiveKeyOpenHashMap.size-GraphXPrimitiveKeyOpenHashMap.scala-59-59=18
org/apache/spark/graphx/util/collection/GraphXPrimitiveKeyOpenHashMap$mcJI$sp._oldValues_$eq-GraphXPrimitiveKeyOpenHashMap.scala-57-57=88
org/apache/spark/graphx/impl/VertexRDDImpl.getPreferredLocations-VertexRDDImpl.scala-40-40=60
org/apache/spark/graphx/Edge$$anon$2.copyRange-Edge.scala-91-91=9
org/apache/spark/graphx/util/collection/GraphXPrimitiveKeyOpenHashMap.grow-GraphXPrimitiveKeyOpenHashMap.scala-145-145=341
org/apache/spark/graphx/util/collection/GraphXPrimitiveKeyOpenHashMap.changeValue-GraphXPrimitiveKeyOpenHashMap.scala-103-102=103
org/apache/spark/graphx/impl/EdgeRDDImpl$$anonfun$mapEdgePartitions$1.apply-EdgeRDDImpl.scala-119-119=13
org/apache/spark/graphx/impl/EdgePartition.iterator-EdgePartition.scala-327-327=18
org/apache/spark/rdd/RDD.org$apache$spark$rdd$RDD$$partitions_-RDD.scala-242-242=680
org/apache/spark/status/api/v1/ShuffleReadMetrics.localBlocksFetched-api.scala-246-246=1780
org/apache/spark/graphx/util/collection/GraphXPrimitiveKeyOpenHashMap._values-GraphXPrimitiveKeyOpenHashMap.scala-34-34=192
org/apache/spark/graphx/Edge.srcId_$eq-Edge.scala-33-33=52
org/apache/spark/graphx/Edge$.edgeArraySortDataFormat-Edge.scala-71-71=25
org/apache/spark/graphx/impl/RoutingTablePartition$$anonfun$edgePartitionToMsgs$2.apply-RoutingTablePartition.scala-55-55=63
org/apache/spark/rdd/RDD.id-RDD.scala-150-150=1492
org/apache/spark/rdd/RDD.scope-RDD.scala-1743-1743=5
org/apache/spark/status/api/v1/InputMetrics.recordsRead-api.scala-238-238=2153
org/apache/spark/util/JsonProtocol$$anonfun$rddInfoToJson$5.apply-JsonProtocol.scala-440-440=28
org/apache/spark/graphx/impl/EdgePartitionBuilder$$anonfun$toEdgePartition$2.apply$mcII$sp-EdgePartitionBuilder.scala-59-59=12
org/apache/spark/graphx/GraphOps$$anonfun$2.apply-GraphOps.scala-93-93=12
org/apache/spark/status/api/v1/ShuffleWriteMetrics.writeTime-api.scala-255-255=1805
org/apache/spark/graphx/Edge$$anon$1.compare-Edge.scala-62-62=91
org/apache/spark/status/api/v1/TaskMetrics.peakExecutionMemory-api.scala-230-230=1794
org/apache/spark/graphx/GraphOps$$anonfun$16.apply-GraphOps.scala-311-311=173
org/apache/spark/status/api/v1/TaskMetrics.shuffleWriteMetrics-api.scala-234-234=6099
org/apache/spark/graphx/impl/EdgePartition.withoutVertexAttributes-EdgePartition.scala-100-101=20
org/apache/spark/status/api/v1/StageData.attemptId-api.scala-166-166=242
org/apache/spark/graphx/Edge$$anon$2.copyRange-Edge.scala-71-71=9
org/apache/spark/graphx/VertexRDD$$anonfun$4.apply-VertexRDD.scala-356-356=46
org/apache/spark/graphx/impl/EdgePartition.aggregateMessagesEdgeScan-EdgePartition.scala-388-414=13
org/apache/spark/status/api/v1/StageData.stageId-api.scala-165-165=247
org/apache/spark/status/api/v1/ShuffleReadMetrics.remoteBytesReadToDisk-api.scala-249-249=1805
org/apache/spark/rdd/RDD.getNarrowAncestors-RDD.scala-320-335=1
org/apache/spark/rdd/RDD.elementClassTag-RDD.scala-1749-1749=10
org/apache/spark/graphx/impl/GraphImpl$$anonfun$13$$anonfun$apply$3$$anonfun$1.apply-GraphImpl.scala-211-211=16
org/apache/spark/graphx/impl/EdgePartition.indexSize-EdgePartition.scala-317-317=20
org/apache/spark/graphx/Edge.attr-Edge.scala-35-35=162
org/apache/spark/graphx/impl/EdgePartitionBuilder.add-EdgePartitionBuilder.scala-34-34=75
org/apache/spark/graphx/Edge$$anon$2.getKey-Edge.scala-73-73=155
org/apache/spark/graphx/util/collection/GraphXPrimitiveKeyOpenHashMap$$anon$1.hasNext-GraphXPrimitiveKeyOpenHashMap.scala-131-131=173
org/apache/spark/graphx/util/collection/GraphXPrimitiveKeyOpenHashMap.iterator-GraphXPrimitiveKeyOpenHashMap.scala-115-115=20
org/apache/spark/status/api/v1/TaskMetrics.memoryBytesSpilled-api.scala-228-228=2129
org/apache/spark/rdd/RDD.isCheckpointedAndMaterialized-RDD.scala-1677-1677=147
org/apache/spark/graphx/EdgeRDD$$anonfun$1$$anonfun$apply$1.apply-EdgeRDD.scala-107-107=81
org/apache/spark/graphx/util/collection/GraphXPrimitiveKeyOpenHashMap$mcJI$sp.keySet-GraphXPrimitiveKeyOpenHashMap.scala-34-34=519
org/apache/spark/graphx/Edge$$anon$2.copyElement-Edge.scala-71-71=49
org/apache/spark/graphx/impl/AggregatingEdgeContext.sendToSrc-EdgePartition.scala-528-528=39
org/apache/spark/status/api/v1/ShuffleReadMetrics.recordsRead-api.scala-251-251=2179
org/apache/spark/rdd/RDD$$anonfun$org$apache$spark$rdd$RDD$$visit$1$1.apply-RDD.scala-326-326=4
org/apache/spark/status/api/v1/OutputMetrics.recordsWritten-api.scala-242-242=2159
org/apache/spark/graphx/Edge$$anon$2.swap-Edge.scala-71-71=16
org/apache/spark/rdd/RDD.creationSite-RDD.scala-1734-1734=5
org/apache/spark/graphx/Edge$.lexicographicOrdering-Edge.scala-60-60=32
org/apache/spark/rdd/RDD$$anonfun$6.apply-RDD.scala-325-325=8
org/apache/spark/rdd/RDD$$anonfun$preferredLocations$2.apply-RDD.scala-297-297=360
org/apache/spark/graphx/EdgeRDD$$anonfun$1.apply-EdgeRDD.scala-106-110=31
org/apache/spark/graphx/GraphOps$$anonfun$1.apply-GraphOps.scala-92-92=86
org/apache/spark/rdd/RDD.org$apache$spark$rdd$RDD$$dependencies_-RDD.scala-241-241=1028
org/apache/spark/status/api/v1/TaskMetrics.executorCpuTime-api.scala-224-224=2044
org/apache/spark/graphx/impl/AggregatingEdgeContext.sendToDst-EdgePartition.scala-531-531=36
org/apache/spark/graphx/util/collection/GraphXPrimitiveKeyOpenHashMap.move-GraphXPrimitiveKeyOpenHashMap.scala-150-150=333
org/apache/spark/rdd/RDDOperationScope.toJson-RDDOperationScope.scala-52-52=14
org/apache/spark/rdd/RDD.org$apache$spark$rdd$RDD$$visit$1-RDD.scala-323-326=5
org/apache/spark/rdd/RDD.isBarrier-RDD.scala-1931-1931=60
org/apache/spark/graphx/impl/EdgePartition$$anon$1.next-EdgePartition.scala-327-327=46
org/apache/spark/graphx/impl/GraphImpl$$anonfun$13.apply-GraphImpl.scala-208-208=31
org/apache/spark/graphx/impl/EdgePartition.org$apache$spark$graphx$impl$EdgePartition$$dstIds-EdgePartition.scala-108-108=52
org/apache/spark/status/api/v1/InputMetrics.bytesRead-api.scala-237-237=2139
org/apache/spark/rdd/RDD.getPreferredLocations-RDD.scala-137-137=180
org/apache/spark/rdd/ZippedPartitionsPartition.preferredLocations-ZippedPartitionsRDD.scala-30-30=120
org/apache/spark/status/api/v1/ExecutorSummary.hostPort-api.scala-78-78=139
org/apache/spark/rdd/ZippedPartitionsBaseRDD.getPreferredLocations-ZippedPartitionsRDD.scala-70-70=120
org/apache/spark/graphx/Edge$$anon$1.compare-Edge.scala-60-60=92
org/apache/spark/graphx/VertexRDD$$anonfun$4$$anonfun$apply$2.apply-VertexRDD.scala-357-357=42
org/apache/spark/rdd/RDD.getOrCompute-RDD.scala-354-357=15
org/apache/spark/graphx/Edge.srcId-Edge.scala-33-33=665
org/apache/spark/rdd/RDD.iterator-RDD.scala-307-307=165
org/apache/spark/rdd/ZippedPartitionsRDD2.getPreferredLocations-ZippedPartitionsRDD.scala-70-70=120
org/apache/spark/status/api/v1/ShuffleWriteMetrics.bytesWritten-api.scala-254-254=2157
org/apache/spark/graphx/util/collection/GraphXPrimitiveKeyOpenHashMap$$anon$1.map-GraphXPrimitiveKeyOpenHashMap.scala-115-115=20
org/apache/spark/graphx/impl/EdgePartitionBuilder$.$lessinit$greater$default$1-EdgePartitionBuilder.scala-29-29=30
org/apache/spark/util/JsonProtocol$$anonfun$rddInfoToJson$7.apply-JsonProtocol.scala-444-444=28
org/apache/spark/rdd/RDD.firstParent-RDD.scala-1763-1763=121
org/apache/spark/graphx/Edge$$anon$2.getKey-Edge.scala-71-71=159
org/apache/spark/graphx/impl/RoutingTablePartition$.org$apache$spark$graphx$impl$RoutingTablePartition$$toMessage-RoutingTablePartition.scala-34-36=62
org/apache/spark/graphx/impl/RoutingTablePartition$$anonfun$edgePartitionToMsgs$2.apply-RoutingTablePartition.scala-56-58=61
org/apache/spark/util/JsonProtocol$$anonfun$rddInfoToJson$2.apply-JsonProtocol.scala-437-437=28
org/apache/spark/status/api/v1/ShuffleReadMetrics.remoteBytesRead-api.scala-248-248=2168
org/apache/spark/rdd/InputFileBlockHolder$.unset-InputFileBlockHolder.scala-86-86=18
org/apache/spark/rdd/RDDOperationScope.name-RDDOperationScope.scala-47-47=14
org/apache/spark/status/api/v1/TaskMetrics.executorRunTime-api.scala-223-223=2038
org/apache/spark/status/api/v1/TaskMetrics.inputMetrics-api.scala-231-231=4299
org/apache/spark/graphx/impl/GraphImpl$$anonfun$13$$anonfun$apply$3.apply-GraphImpl.scala-208-208=28
org/apache/spark/rdd/RDD$$anonfun$5.apply-RDD.scala-324-324=8
org/apache/spark/rdd/RDD.name-RDD.scala-153-153=5
org/apache/spark/util/JsonProtocol$$anonfun$rddInfoToJson$6.apply-JsonProtocol.scala-443-443=28
org/apache/spark/rdd/ShuffledRDDPartition.index-ShuffledRDD.scala-27-27=229
org/apache/spark/rdd/RDD$$anonfun$mapPartitionsWithIndex$1$$anonfun$apply$25.apply-RDD.scala-875-875=74
org/apache/spark/rdd/RDD$$anonfun$dependencies$2.apply-RDD.scala-252-252=519
org/apache/spark/rdd/RDD.computeOrReadCheckpoint-RDD.scala-343-343=174
org/apache/spark/graphx/impl/GraphImpl$$anonfun$13$$anonfun$apply$3$$anonfun$1.apply$mcI$sp-GraphImpl.scala-211-211=18
org/apache/spark/status/api/v1/RDDPartitionInfo.executors-api.scala-161-161=39
org/apache/spark/status/api/v1/TaskMetrics.outputMetrics-api.scala-232-232=4313
org/apache/spark/status/api/v1/RDDPartitionInfo.diskUsed-api.scala-160-160=37
org/apache/spark/graphx/impl/RoutingTablePartition$$anonfun$edgePartitionToMsgs$1.apply-RoutingTablePartition.scala-52-53=50
org/apache/spark/graphx/Edge$.$lessinit$greater$default$2-Edge.scala-34-34=26
org/apache/spark/util/JsonProtocol$$anonfun$rddInfoToJson$8.apply-JsonProtocol.scala-445-445=28
org/apache/spark/graphx/impl/RoutingTablePartition$.edgePartitionToMsgs-RoutingTablePartition.scala-50-55=18
org/apache/spark/graphx/util/collection/GraphXPrimitiveKeyOpenHashMap$mcJI$sp._values$mcI$sp-GraphXPrimitiveKeyOpenHashMap.scala--1--1=306
org/apache/spark/graphx/impl/RoutingTablePartition$$anonfun$edgePartitionToMsgs$1$$anonfun$apply$2.apply$mcB$sp-RoutingTablePartition.scala-53-53=39
org/apache/spark/graphx/impl/EdgePartitionBuilder$$anonfun$toEdgePartition$4.apply$mcII$sp-EdgePartitionBuilder.scala-61-61=10
org/apache/spark/graphx/impl/EdgePartition.size-EdgePartition.scala-314-314=136
org/apache/spark/status/api/v1/TaskMetrics.executorDeserializeCpuTime-api.scala-222-222=1780
org/apache/spark/rdd/RDD.preferredLocations-RDD.scala-296-296=360
org/apache/spark/rdd/RDD.dependencies-RDD.scala-252-252=524
org/apache/spark/graphx/EdgeRDD$$anonfun$1$$anonfun$apply$1.apply-EdgeRDD.scala-108-108=76
org/apache/spark/status/api/v1/ShuffleReadMetrics.fetchWaitTime-api.scala-247-247=1802
org/apache/spark/graphx/Edge.attr_$eq-Edge.scala-35-35=54
org/apache/spark/rdd/MapPartitionsRDD.isBarrier_-MapPartitionsRDD.scala-60-60=60
org/apache/spark/rdd/RDD$$anonfun$mapPartitions$1$$anonfun$apply$23.apply-RDD.scala-823-823=101
org/apache/spark/graphx/impl/RoutingTablePartition$$anonfun$edgePartitionToMsgs$1$$anonfun$apply$4.apply-RoutingTablePartition.scala-53-53=10
org/apache/spark/rdd/RDD$$anonfun$map$1$$anonfun$apply$5.apply-RDD.scala-394-394=64
org/apache/spark/graphx/impl/RoutingTablePartition$$anonfun$edgePartitionToMsgs$1$$anonfun$apply$3.apply-RoutingTablePartition.scala-52-52=7
org/apache/spark/graphx/impl/EdgePartition$$anon$1.foreach-EdgePartition.scala-327-327=20
org/apache/spark/graphx/impl/GraphImpl$$anonfun$14.apply-GraphImpl.scala-333-333=34
org/apache/spark/graphx/impl/EdgePartition.numActives-EdgePartition.scala-118-118=15
org/apache/spark/graphx/impl/VertexRDDImpl.getStorageLevel-VertexRDDImpl.scala-74-74=2
org/apache/spark/status/api/v1/TaskMetrics.shuffleReadMetrics-api.scala-233-233=13709
org/apache/spark/status/api/v1/RDDPartitionInfo.memoryUsed-api.scala-159-159=37
org/apache/spark/status/api/v1/ShuffleReadMetrics.remoteBlocksFetched-api.scala-245-245=1795
org/apache/spark/graphx/impl/EdgePartition$$anon$1.hasNext-EdgePartition.scala-331-331=65
org/apache/spark/status/api/v1/ShuffleWriteMetrics.recordsWritten-api.scala-256-256=2106
org/apache/spark/util/JsonProtocol$$anonfun$rddInfoToJson$1.apply-JsonProtocol.scala-437-437=28
org/apache/spark/status/api/v1/TaskMetrics.diskBytesSpilled-api.scala-229-229=2142
org/apache/spark/graphx/Edge$.$lessinit$greater$default$1-Edge.scala-33-33=19
org/apache/spark/graphx/impl/EdgePartitionBuilder.toEdgePartition-EdgePartitionBuilder.scala-38-72=35
org/apache/spark/graphx/impl/AggregatingEdgeContext.dstId-EdgePartition.scala-522-522=43
org/apache/spark/graphx/impl/AggregatingEdgeContext.set-EdgePartition.scala-499-505=41
org/apache/spark/graphx/Edge$$anon$2.allocate-Edge.scala-71-71=24
org/apache/spark/status/api/v1/TaskMetrics.resultSerializationTime-api.scala-227-227=1778
org/apache/spark/graphx/Edge.dstId_$eq-Edge.scala-34-34=59
org/apache/spark/rdd/RDD$$anonfun$partitions$2.apply-RDD.scala-269-269=340
org/apache/spark/rdd/RDD.getStorageLevel-RDD.scala-223-223=39
org/apache/spark/graphx/Edge$$anon$2.copyElement-Edge.scala-85-85=46
org/apache/spark/graphx/util/collection/GraphXPrimitiveKeyOpenHashMap.keySet-GraphXPrimitiveKeyOpenHashMap.scala-34-34=370
org/apache/spark/rdd/RDDOperationScope.id-RDDOperationScope.scala-49-49=14
org/apache/spark/rdd/RDD$$anonfun$4.apply-RDD.scala-323-323=10
org/apache/spark/util/JsonProtocol$$anonfun$rddInfoToJson$4$$anonfun$apply$19.apply-JsonProtocol.scala-439-439=28
org/apache/spark/rdd/InputFileBlockHolder$$anon$1.initialValue-InputFileBlockHolder.scala-53-53=16
org/apache/spark/rdd/RDD.sparkContext-RDD.scala-147-147=1
org/apache/spark/rdd/RDDOperationScope$.org$apache$spark$rdd$RDDOperationScope$$jsonMapper-RDDOperationScope.scala-82-82=14
org/apache/spark/graphx/impl/RoutingTablePartition$$anonfun$edgePartitionToMsgs$1$$anonfun$apply$1.apply$mcB$sp-RoutingTablePartition.scala-52-52=47
org/apache/spark/rdd/InputFileBlockHolder$.initialize-InputFileBlockHolder.scala-92-92=9
org/apache/spark/util/JsonProtocol$$anonfun$rddInfoToJson$9.apply-JsonProtocol.scala-446-446=28
org/apache/spark/graphx/impl/EdgePartitionBuilder$$anonfun$toEdgePartition$1.apply$mcI$sp-EdgePartitionBuilder.scala-59-59=81
org/apache/spark/graphx/util/collection/GraphXPrimitiveKeyOpenHashMap$mcJI$sp.update$mcJI$sp-GraphXPrimitiveKeyOpenHashMap.scala-75-78=92
org/apache/spark/util/JsonProtocol$$anonfun$rddInfoToJson$3.apply-JsonProtocol.scala-439-439=28
org/apache/spark/rdd/RDD.checkpointData-RDD.scala-1751-1751=1355
org/apache/spark/util/JsonProtocol$$anonfun$rddInfoToJson$4.apply-JsonProtocol.scala-439-439=28
org/apache/spark/status/api/v1/ShuffleReadMetrics.localBytesRead-api.scala-250-250=2181
org/apache/spark/graphx/Edge$.$lessinit$greater$default$3-Edge.scala-35-35=22
org/apache/spark/rdd/MapPartitionsRDD.compute-MapPartitionsRDD.scala-52-52=125
org/apache/spark/status/api/v1/TaskMetrics.executorDeserializeTime-api.scala-221-221=2068
org/apache/spark/rdd/RDD$$anonfun$getNarrowAncestors$1.apply-RDD.scala-335-335=8
org/apache/spark/graphx/util/collection/GraphXPrimitiveKeyOpenHashMap$mcJI$sp.changeValue$mcJI$sp-GraphXPrimitiveKeyOpenHashMap.scala-103-102=174
org/apache/spark/graphx/impl/EdgePartitionBuilder$$anonfun$toEdgePartition$3.apply$mcI$sp-EdgePartitionBuilder.scala-61-61=78
org/apache/spark/graphx/impl/EdgePartition$$anonfun$aggregateMessagesEdgeScan$1.apply-EdgePartition.scala-414-414=70
org/apache/spark/rdd/RDDOperationScope.parent-RDDOperationScope.scala-48-48=14
org/apache/spark/graphx/impl/EdgePartition.org$apache$spark$graphx$impl$EdgePartition$$srcIds-EdgePartition.scala-106-106=50
org/apache/spark/rdd/RDD.partitions-RDD.scala-269-269=340
org/apache/spark/graphx/impl/AggregatingEdgeContext.srcId-EdgePartition.scala-521-521=45
org/apache/spark/status/api/v1/JobData.jobId-api.scala-110-110=96
org/apache/spark/status/api/v1/ExecutorSummary.id-api.scala-77-77=141
org/apache/spark/graphx/EdgeRDD$$anonfun$1.apply-EdgeRDD.scala-105-105=36
org/apache/spark/rdd/RDD$$anonfun$7.apply-RDD.scala-357-357=11
org/apache/spark/status/api/v1/TaskMetrics.jvmGcTime-api.scala-226-226=1773
org/apache/spark/graphx/impl/RoutingTablePartition$$anonfun$edgePartitionToMsgs$1$$anonfun$apply$1.apply-RoutingTablePartition.scala-52-52=47
org/apache/spark/graphx/impl/RoutingTablePartition$$anonfun$edgePartitionToMsgs$1$$anonfun$apply$2.apply-RoutingTablePartition.scala-53-53=42
org/apache/spark/graphx/impl/RoutingTablePartition$$anonfun$edgePartitionToMsgs$1.apply-RoutingTablePartition.scala-51-51=50
org/apache/spark/status/api/v1/RDDStorageInfo.id-api.scala-132-132=392
org/apache/spark/graphx/Edge.dstId-Edge.scala-34-34=235
org/apache/spark/graphx/util/collection/GraphXPrimitiveKeyOpenHashMap$$anon$1.next-GraphXPrimitiveKeyOpenHashMap.scala-115-115=64
org/apache/spark/rdd/RDD$$anonfun$org$apache$spark$rdd$RDD$$visit$1$1.apply-RDD.scala-327-328=4
org/apache/spark/graphx/util/collection/GraphXPrimitiveKeyOpenHashMap$mcJI$sp.keySet$mcJ$sp-GraphXPrimitiveKeyOpenHashMap.scala--1--1=526
org/apache/spark/rdd/ShuffledRDD.compute-ShuffledRDD.scala-103-105=30
