org/apache/spark/status/api/v1/OutputMetrics.bytesWritten-api.scala-241-241=2010
org/apache/spark/graphx/impl/EdgePartition$$anon$1.map-EdgePartition.scala-327-327=5
org/apache/spark/status/api/v1/TaskMetrics.resultSize-api.scala-225-225=1789
org/apache/spark/graphx/impl/EdgeRDDImpl$$anonfun$mapEdgePartitions$1.apply-EdgeRDDImpl.scala-120-120=20
org/apache/spark/graphx/util/collection/GraphXPrimitiveKeyOpenHashMap.size-GraphXPrimitiveKeyOpenHashMap.scala-59-59=9
org/apache/spark/rdd/ZippedPartitionsPartition$$anonfun$writeObject$1.apply-ZippedPartitionsRDD.scala-38-38=17
org/apache/spark/rdd/ZippedPartitionsRDD2.rdd1-ZippedPartitionsRDD.scala-82-82=14
org/apache/spark/graphx/util/collection/GraphXPrimitiveKeyOpenHashMap$mcJI$sp.apply$mcJI$sp-GraphXPrimitiveKeyOpenHashMap.scala-63-64=392
org/apache/spark/graphx/impl/EdgeRDDImpl$$anonfun$mapEdgePartitions$1.apply-EdgeRDDImpl.scala-119-119=20
org/apache/spark/graphx/impl/EdgePartition.iterator-EdgePartition.scala-327-327=6
org/apache/spark/rdd/RDD.org$apache$spark$rdd$RDD$$partitions_-RDD.scala-242-242=127
org/apache/spark/graphx/impl/EdgePartition.map-EdgePartition.scala-182-189=10
org/apache/spark/rdd/ZippedPartitionsPartition.index-ZippedPartitionsRDD.scala-33-33=21
org/apache/spark/status/api/v1/ShuffleReadMetrics.localBlocksFetched-api.scala-246-246=1790
org/apache/spark/graphx/Edge.attr$mcI$sp-Edge.scala-35-35=939
org/apache/spark/graphx/Graph$$anonfun$mapEdges$1.apply-Graph.scala-190-190=10
org/apache/spark/graphx/Edge.srcId_$eq-Edge.scala-33-33=1978
org/apache/spark/rdd/RDD.id-RDD.scala-150-150=130
org/apache/spark/rdd/RDD.scope-RDD.scala-1743-1743=9
org/apache/spark/graphx/impl/EdgePartition.withData-EdgePartition.scala-72-72=10
org/apache/spark/status/api/v1/InputMetrics.recordsRead-api.scala-238-238=2003
org/apache/spark/rdd/ZippedPartitionsRDD2.f-ZippedPartitionsRDD.scala-81-81=13
org/apache/spark/util/JsonProtocol$$anonfun$rddInfoToJson$5.apply-JsonProtocol.scala-440-440=40
org/apache/spark/status/api/v1/ShuffleWriteMetrics.writeTime-api.scala-255-255=1802
org/apache/spark/status/api/v1/TaskMetrics.peakExecutionMemory-api.scala-230-230=1798
org/apache/spark/status/api/v1/TaskMetrics.shuffleWriteMetrics-api.scala-234-234=5802
org/apache/spark/graphx/impl/EdgePartition.withoutVertexAttributes-EdgePartition.scala-100-101=9
org/apache/spark/status/api/v1/StageData.attemptId-api.scala-166-166=132
org/apache/spark/rdd/ZippedPartitionsPartition$$anonfun$writeObject$1.apply$mcV$sp-ZippedPartitionsRDD.scala-40-41=18
org/apache/spark/graphx/impl/EdgePartition.aggregateMessagesEdgeScan-EdgePartition.scala-388-414=8
org/apache/spark/status/api/v1/StageData.stageId-api.scala-165-165=132
org/apache/spark/status/api/v1/ShuffleReadMetrics.remoteBytesReadToDisk-api.scala-249-249=1793
org/apache/spark/rdd/RDD.getNarrowAncestors-RDD.scala-320-335=1
org/apache/spark/rdd/RDD.elementClassTag-RDD.scala-1749-1749=16
org/apache/spark/graphx/impl/GraphImpl$$anonfun$13$$anonfun$apply$3$$anonfun$1.apply-GraphImpl.scala-211-211=9
org/apache/spark/graphx/impl/EdgePartition.indexSize-EdgePartition.scala-317-317=9
org/apache/spark/graphx/Edge.attr-Edge.scala-35-35=1977
org/apache/spark/graphx/impl/VertexAttributeBlock.attrs-ShippableVertexPartition.scala-28-28=393
org/apache/spark/graphx/impl/VertexAttributeBlock$$anonfun$iterator$1.apply-ShippableVertexPartition.scala-31-31=782
org/apache/spark/status/api/v1/TaskMetrics.memoryBytesSpilled-api.scala-228-228=1997
org/apache/spark/rdd/RDD.isCheckpointedAndMaterialized-RDD.scala-1677-1677=45
org/apache/spark/rdd/ZippedPartitionsRDD2.compute-ZippedPartitionsRDD.scala-88-89=16
org/apache/spark/graphx/util/collection/GraphXPrimitiveKeyOpenHashMap$mcJI$sp.keySet-GraphXPrimitiveKeyOpenHashMap.scala-34-34=403
org/apache/spark/graphx/EdgeTriplet.dstAttr_$eq-EdgeTriplet.scala-35-35=1026
org/apache/spark/status/api/v1/ShuffleReadMetrics.recordsRead-api.scala-251-251=2000
org/apache/spark/rdd/ZippedPartitionsPartition.org$apache$spark$rdd$ZippedPartitionsPartition$$rdds-ZippedPartitionsRDD.scala-29-29=15
org/apache/spark/rdd/RDD$$anonfun$org$apache$spark$rdd$RDD$$visit$1$1.apply-RDD.scala-326-326=8
org/apache/spark/status/api/v1/OutputMetrics.recordsWritten-api.scala-242-242=1999
org/apache/spark/rdd/RDD.creationSite-RDD.scala-1734-1734=9
org/apache/spark/rdd/ZippedPartitionsPartition.partitionValues_$eq-ZippedPartitionsRDD.scala-34-34=17
org/apache/spark/graphx/impl/AggregatingEdgeContext.srcAttr-EdgePartition.scala-523-523=1032
org/apache/spark/rdd/RDD$$anonfun$6.apply-RDD.scala-325-325=16
org/apache/spark/rdd/RDD$$anonfun$preferredLocations$2.apply-RDD.scala-297-297=20
org/apache/spark/rdd/RDD.org$apache$spark$rdd$RDD$$dependencies_-RDD.scala-241-241=147
org/apache/spark/status/api/v1/TaskMetrics.executorCpuTime-api.scala-224-224=1930
org/apache/spark/graphx/EdgeTriplet.dstAttr-EdgeTriplet.scala-35-35=1029
org/apache/spark/graphx/impl/AggregatingEdgeContext.sendToDst-EdgePartition.scala-531-531=8
org/apache/spark/rdd/RDDOperationScope.toJson-RDDOperationScope.scala-52-52=20
org/apache/spark/graphx/GraphXUtils$$anonfun$mapReduceTriplets$1.apply-GraphXUtils.scala-70-70=2057
org/apache/spark/rdd/RDD.org$apache$spark$rdd$RDD$$visit$1-RDD.scala-323-326=9
org/apache/spark/rdd/RDD.isBarrier-RDD.scala-1931-1931=10
org/apache/spark/graphx/impl/EdgePartition$$anon$1.next-EdgePartition.scala-327-327=942
org/apache/spark/graphx/impl/GraphImpl$$anonfun$13.apply-GraphImpl.scala-208-208=15
org/apache/spark/graphx/impl/EdgePartition.org$apache$spark$graphx$impl$EdgePartition$$dstIds-EdgePartition.scala-108-108=942
org/apache/spark/status/api/v1/InputMetrics.bytesRead-api.scala-237-237=2008
org/apache/spark/rdd/ZippedPartitionsPartition$$anonfun$writeObject$1$$anonfun$apply$mcV$sp$1.apply-ZippedPartitionsRDD.scala-40-40=61
org/apache/spark/rdd/RDD.getPreferredLocations-RDD.scala-137-137=10
org/apache/spark/rdd/ZippedPartitionsPartition.preferredLocations-ZippedPartitionsRDD.scala-30-30=10
org/apache/spark/status/api/v1/ExecutorSummary.hostPort-api.scala-78-78=137
org/apache/spark/rdd/ZippedPartitionsBaseRDD.getPreferredLocations-ZippedPartitionsRDD.scala-70-70=10
org/apache/spark/graphx/GraphXUtils$.org$apache$spark$graphx$GraphXUtils$$sendMsg$1-GraphXUtils.scala-58-58=1028
org/apache/spark/rdd/RDD.getOrCompute-RDD.scala-354-357=14
org/apache/spark/rdd/RDD.iterator-RDD.scala-307-307=56
org/apache/spark/rdd/ZippedPartitionsPartition.partitions-ZippedPartitionsRDD.scala-35-35=13
org/apache/spark/rdd/ZippedPartitionsRDD2.getPreferredLocations-ZippedPartitionsRDD.scala-70-70=10
org/apache/spark/status/api/v1/ShuffleWriteMetrics.bytesWritten-api.scala-254-254=1999
org/apache/spark/graphx/impl/VertexAttributeBlock.vids-ShippableVertexPartition.scala-28-28=555
org/apache/spark/util/JsonProtocol$$anonfun$rddInfoToJson$7.apply-JsonProtocol.scala-444-444=39
org/apache/spark/rdd/RDD.firstParent-RDD.scala-1763-1763=16
org/apache/spark/graphx/GraphXUtils$$anonfun$org$apache$spark$graphx$GraphXUtils$$sendMsg$1$1.apply-GraphXUtils.scala-59-58=8
org/apache/spark/util/JsonProtocol$$anonfun$rddInfoToJson$2.apply-JsonProtocol.scala-437-437=40
org/apache/spark/status/api/v1/ShuffleReadMetrics.remoteBytesRead-api.scala-248-248=1998
org/apache/spark/rdd/InputFileBlockHolder$.unset-InputFileBlockHolder.scala-86-86=8
org/apache/spark/status/api/v1/TaskMetrics.executorRunTime-api.scala-223-223=1933
org/apache/spark/status/api/v1/TaskMetrics.inputMetrics-api.scala-231-231=4015
org/apache/spark/rdd/RDDOperationScope.name-RDDOperationScope.scala-47-47=20
org/apache/spark/graphx/impl/GraphImpl$$anonfun$13$$anonfun$apply$3.apply-GraphImpl.scala-208-208=16
org/apache/spark/rdd/RDD$$anonfun$5.apply-RDD.scala-324-324=16
org/apache/spark/rdd/RDD.name-RDD.scala-153-153=9
org/apache/spark/util/JsonProtocol$$anonfun$rddInfoToJson$6.apply-JsonProtocol.scala-443-443=40
org/apache/spark/rdd/ShuffledRDDPartition.index-ShuffledRDD.scala-27-27=47
org/apache/spark/rdd/RDD$$anonfun$dependencies$2.apply-RDD.scala-252-252=74
org/apache/spark/rdd/RDD.computeOrReadCheckpoint-RDD.scala-343-343=58
org/apache/spark/rdd/ZippedPartitionsRDD2.rdd2-ZippedPartitionsRDD.scala-83-83=8
org/apache/spark/graphx/impl/ReplicatedVertexView$$anonfun$4.apply-ReplicatedVertexView.scala-113-113=19
org/apache/spark/graphx/impl/GraphImpl$$anonfun$13$$anonfun$apply$3$$anonfun$1.apply$mcI$sp-GraphImpl.scala-211-211=9
org/apache/spark/status/api/v1/RDDPartitionInfo.executors-api.scala-161-161=12
org/apache/spark/graphx/impl/ReplicatedVertexView$$anonfun$2.apply-ReplicatedVertexView.scala-71-71=14
org/apache/spark/status/api/v1/TaskMetrics.outputMetrics-api.scala-232-232=4014
org/apache/spark/status/api/v1/RDDPartitionInfo.diskUsed-api.scala-160-160=10
org/apache/spark/graphx/Edge.attr$mcD$sp-Edge.scala-35-35=1037
org/apache/spark/graphx/Edge$.$lessinit$greater$default$2-Edge.scala-34-34=1033
org/apache/spark/util/JsonProtocol$$anonfun$rddInfoToJson$8.apply-JsonProtocol.scala-445-445=42
org/apache/spark/graphx/impl/AggregatingEdgeContext.attr-EdgePartition.scala-525-525=1029
org/apache/spark/graphx/util/collection/GraphXPrimitiveKeyOpenHashMap$mcJI$sp._values$mcI$sp-GraphXPrimitiveKeyOpenHashMap.scala--1--1=398
org/apache/spark/rdd/ZippedPartitionsPartition$$anonfun$writeObject$1.org$apache$spark$rdd$ZippedPartitionsPartition$$anonfun$$$outer-ZippedPartitionsRDD.scala-38-38=31
org/apache/spark/graphx/impl/EdgePartition.size-EdgePartition.scala-314-314=1990
org/apache/spark/status/api/v1/TaskMetrics.executorDeserializeCpuTime-api.scala-222-222=1786
org/apache/spark/rdd/RDD.preferredLocations-RDD.scala-296-296=20
org/apache/spark/rdd/RDD.dependencies-RDD.scala-252-252=74
org/apache/spark/status/api/v1/ShuffleReadMetrics.fetchWaitTime-api.scala-247-247=1796
org/apache/spark/graphx/Edge.attr_$eq-Edge.scala-35-35=1980
org/apache/spark/graphx/impl/VertexAttributeBlock.iterator-ShippableVertexPartition.scala-31-31=164
org/apache/spark/rdd/MapPartitionsRDD.isBarrier_-MapPartitionsRDD.scala-60-60=10
org/apache/spark/rdd/RDD$$anonfun$mapPartitions$1$$anonfun$apply$23.apply-RDD.scala-823-823=55
org/apache/spark/graphx/impl/GraphImpl$$anonfun$14.apply-GraphImpl.scala-333-333=18
org/apache/spark/graphx/impl/EdgePartition.numActives-EdgePartition.scala-118-118=10
org/apache/spark/status/api/v1/TaskMetrics.shuffleReadMetrics-api.scala-233-233=13155
org/apache/spark/status/api/v1/RDDPartitionInfo.memoryUsed-api.scala-159-159=12
org/apache/spark/status/api/v1/ShuffleReadMetrics.remoteBlocksFetched-api.scala-245-245=1787
org/apache/spark/graphx/impl/EdgePartition$$anon$1.hasNext-EdgePartition.scala-331-331=960
org/apache/spark/graphx/impl/GraphImpl$$anonfun$6.apply-GraphImpl.scala-144-144=20
org/apache/spark/status/api/v1/ShuffleWriteMetrics.recordsWritten-api.scala-256-256=2000
org/apache/spark/status/api/v1/TaskMetrics.diskBytesSpilled-api.scala-229-229=1998
org/apache/spark/util/JsonProtocol$$anonfun$rddInfoToJson$1.apply-JsonProtocol.scala-437-437=40
org/apache/spark/graphx/Edge$.$lessinit$greater$default$1-Edge.scala-33-33=1033
org/apache/spark/graphx/impl/AggregatingEdgeContext.dstId-EdgePartition.scala-522-522=1038
org/apache/spark/graphx/EdgeTriplet.srcAttr-EdgeTriplet.scala-30-30=1033
org/apache/spark/graphx/impl/AggregatingEdgeContext.set-EdgePartition.scala-499-505=1026
org/apache/spark/status/api/v1/TaskMetrics.resultSerializationTime-api.scala-227-227=1787
org/apache/spark/graphx/Edge.dstId_$eq-Edge.scala-34-34=1980
org/apache/spark/rdd/RDD$$anonfun$partitions$2.apply-RDD.scala-269-269=64
org/apache/spark/rdd/RDD.getStorageLevel-RDD.scala-223-223=13
org/apache/spark/rdd/RDDOperationScope.id-RDDOperationScope.scala-49-49=20
org/apache/spark/graphx/EdgeTriplet.srcAttr_$eq-EdgeTriplet.scala-30-30=1032
org/apache/spark/rdd/RDD$$anonfun$4.apply-RDD.scala-323-323=22
org/apache/spark/util/JsonProtocol$$anonfun$rddInfoToJson$4$$anonfun$apply$19.apply-JsonProtocol.scala-439-439=40
org/apache/spark/rdd/InputFileBlockHolder$$anon$1.initialValue-InputFileBlockHolder.scala-53-53=3
org/apache/spark/rdd/RDD.sparkContext-RDD.scala-147-147=1
org/apache/spark/rdd/RDDOperationScope$.org$apache$spark$rdd$RDDOperationScope$$jsonMapper-RDDOperationScope.scala-82-82=20
org/apache/spark/rdd/InputFileBlockHolder$.initialize-InputFileBlockHolder.scala-92-92=1
org/apache/spark/util/JsonProtocol$$anonfun$rddInfoToJson$9.apply-JsonProtocol.scala-446-446=42
org/apache/spark/graphx/EdgeContext.toEdgeTriplet-EdgeContext.scala-43-49=1026
org/apache/spark/util/JsonProtocol$$anonfun$rddInfoToJson$3.apply-JsonProtocol.scala-439-439=40
org/apache/spark/graphx/impl/ReplicatedVertexView$$anonfun$2$$anonfun$apply$1.apply-ReplicatedVertexView.scala-71-71=19
org/apache/spark/rdd/RDD.checkpointData-RDD.scala-1751-1751=198
org/apache/spark/status/api/v1/ShuffleReadMetrics.localBytesRead-api.scala-250-250=1997
org/apache/spark/util/JsonProtocol$$anonfun$rddInfoToJson$4.apply-JsonProtocol.scala-439-439=40
org/apache/spark/graphx/Edge$.$lessinit$greater$default$3-Edge.scala-35-35=1035
org/apache/spark/graphx/impl/AggregatingEdgeContext.dstAttr-EdgePartition.scala-524-524=1029
org/apache/spark/graphx/impl/EdgePartition.updateVertices-EdgePartition.scala-87-93=17
org/apache/spark/graphx/GraphXUtils$$anonfun$org$apache$spark$graphx$GraphXUtils$$sendMsg$1$1.apply-GraphXUtils.scala-58-58=8
org/apache/spark/rdd/MapPartitionsRDD.compute-MapPartitionsRDD.scala-52-52=27
org/apache/spark/status/api/v1/TaskMetrics.executorDeserializeTime-api.scala-221-221=2052
org/apache/spark/rdd/ZippedPartitionsPartition.partitionValues-ZippedPartitionsRDD.scala-34-34=12
org/apache/spark/graphx/impl/ReplicatedVertexView$$anonfun$2$$anonfun$apply$1$$anonfun$apply$2.apply-ReplicatedVertexView.scala-73-73=159
org/apache/spark/rdd/RDD$$anonfun$getNarrowAncestors$1.apply-RDD.scala-335-335=16
org/apache/spark/graphx/impl/EdgePartition$$anonfun$aggregateMessagesEdgeScan$1.apply-EdgePartition.scala-414-414=4
org/apache/spark/rdd/RDDOperationScope.parent-RDDOperationScope.scala-48-48=20
org/apache/spark/graphx/impl/EdgePartition.org$apache$spark$graphx$impl$EdgePartition$$srcIds-EdgePartition.scala-106-106=946
org/apache/spark/rdd/RDD.partitions-RDD.scala-269-269=65
org/apache/spark/rdd/RDD$$anon$1.next-RDD.scala-367-368=6
org/apache/spark/graphx/impl/AggregatingEdgeContext.srcId-EdgePartition.scala-521-521=1039
org/apache/spark/status/api/v1/JobData.jobId-api.scala-110-110=72
org/apache/spark/status/api/v1/ExecutorSummary.id-api.scala-77-77=136
org/apache/spark/rdd/RDD$$anonfun$7.apply-RDD.scala-357-357=19
org/apache/spark/status/api/v1/TaskMetrics.jvmGcTime-api.scala-226-226=1787
org/apache/spark/graphx/impl/ReplicatedVertexView$$anonfun$4$$anonfun$apply$5$$anonfun$apply$6.apply-ReplicatedVertexView.scala-115-115=162
org/apache/spark/graphx/impl/ReplicatedVertexView$$anonfun$4$$anonfun$apply$5.apply-ReplicatedVertexView.scala-113-113=16
org/apache/spark/status/api/v1/RDDStorageInfo.id-api.scala-132-132=510
org/apache/spark/graphx/Edge.dstId-Edge.scala-34-34=8
org/apache/spark/rdd/RDD$$anonfun$org$apache$spark$rdd$RDD$$visit$1$1.apply-RDD.scala-327-328=8
org/apache/spark/graphx/util/collection/GraphXPrimitiveKeyOpenHashMap$mcJI$sp.keySet$mcJ$sp-GraphXPrimitiveKeyOpenHashMap.scala--1--1=400
org/apache/spark/rdd/ShuffledRDD.compute-ShuffledRDD.scala-103-105=12
