org/apache/spark/status/api/v1/OutputMetrics.bytesWritten-api.scala-241-241=1
org/apache/spark/rdd/RDDOperationScope.name-RDDOperationScope.scala-47-47=9
org/apache/spark/status/api/v1/TaskMetrics.executorRunTime-api.scala-223-223=1
org/apache/spark/status/api/v1/TaskMetrics.inputMetrics-api.scala-231-231=2
org/apache/spark/rdd/RDD$$anonfun$5.apply-RDD.scala-324-324=16
org/apache/spark/rdd/RDD.name-RDD.scala-153-153=9
org/apache/spark/util/JsonProtocol$$anonfun$rddInfoToJson$6.apply-JsonProtocol.scala-443-443=18
org/apache/spark/rdd/ShuffledRDDPartition.index-ShuffledRDD.scala-27-27=10
org/apache/spark/rdd/RDD$$anonfun$dependencies$2.apply-RDD.scala-252-252=109
org/apache/spark/rdd/RDD.org$apache$spark$rdd$RDD$$partitions_-RDD.scala-242-242=190
org/apache/spark/rdd/ZippedPartitionsPartition.index-ZippedPartitionsRDD.scala-33-33=10
org/apache/spark/status/api/v1/TaskMetrics.outputMetrics-api.scala-232-232=2
org/apache/spark/rdd/RDD.id-RDD.scala-150-150=216
org/apache/spark/rdd/RDD.scope-RDD.scala-1743-1743=9
org/apache/spark/util/JsonProtocol$$anonfun$rddInfoToJson$8.apply-JsonProtocol.scala-445-445=18
org/apache/spark/status/api/v1/InputMetrics.recordsRead-api.scala-238-238=1
org/apache/spark/util/JsonProtocol$$anonfun$rddInfoToJson$5.apply-JsonProtocol.scala-440-440=18
org/apache/spark/status/api/v1/TaskMetrics.shuffleWriteMetrics-api.scala-234-234=2
org/apache/spark/rdd/RDD.preferredLocations-RDD.scala-296-296=70
org/apache/spark/rdd/RDD.dependencies-RDD.scala-252-252=109
org/apache/spark/status/api/v1/StageData.attemptId-api.scala-166-166=1
org/apache/spark/rdd/MapPartitionsRDD.isBarrier_-MapPartitionsRDD.scala-60-60=10
org/apache/spark/status/api/v1/StageData.stageId-api.scala-165-165=1
org/apache/spark/rdd/RDD.getNarrowAncestors-RDD.scala-320-335=1
org/apache/spark/rdd/ShuffledRDD.getPreferredLocations-ShuffledRDD.scala-97-99=10
org/apache/spark/status/api/v1/TaskMetrics.shuffleReadMetrics-api.scala-233-233=3
org/apache/spark/status/api/v1/TaskMetrics.memoryBytesSpilled-api.scala-228-228=1
org/apache/spark/status/api/v1/ShuffleWriteMetrics.recordsWritten-api.scala-256-256=1
org/apache/spark/util/JsonProtocol$$anonfun$rddInfoToJson$1.apply-JsonProtocol.scala-437-437=18
org/apache/spark/status/api/v1/TaskMetrics.diskBytesSpilled-api.scala-229-229=1
org/apache/spark/status/api/v1/ShuffleReadMetrics.recordsRead-api.scala-251-251=1
org/apache/spark/rdd/RDD$$anonfun$org$apache$spark$rdd$RDD$$visit$1$1.apply-RDD.scala-326-326=8
org/apache/spark/status/api/v1/OutputMetrics.recordsWritten-api.scala-242-242=1
org/apache/spark/rdd/RDD.creationSite-RDD.scala-1734-1734=9
org/apache/spark/rdd/RDD$$anonfun$partitions$2.apply-RDD.scala-269-269=95
org/apache/spark/rdd/RDD.getStorageLevel-RDD.scala-223-223=14
org/apache/spark/rdd/RDD$$anonfun$6.apply-RDD.scala-325-325=16
org/apache/spark/rdd/RDD$$anonfun$preferredLocations$2.apply-RDD.scala-297-297=70
org/apache/spark/rdd/RDDOperationScope.id-RDDOperationScope.scala-49-49=9
org/apache/spark/rdd/RDD$$anonfun$4.apply-RDD.scala-323-323=20
org/apache/spark/util/JsonProtocol$$anonfun$rddInfoToJson$4$$anonfun$apply$19.apply-JsonProtocol.scala-439-439=18
org/apache/spark/rdd/RDD.org$apache$spark$rdd$RDD$$dependencies_-RDD.scala-241-241=218
org/apache/spark/rdd/RDD.sparkContext-RDD.scala-147-147=1
org/apache/spark/rdd/RDDOperationScope$.org$apache$spark$rdd$RDDOperationScope$$jsonMapper-RDDOperationScope.scala-82-82=9
org/apache/spark/status/api/v1/TaskMetrics.executorCpuTime-api.scala-224-224=1
org/apache/spark/util/JsonProtocol$$anonfun$rddInfoToJson$9.apply-JsonProtocol.scala-446-446=18
org/apache/spark/util/JsonProtocol$$anonfun$rddInfoToJson$3.apply-JsonProtocol.scala-439-439=18
org/apache/spark/rdd/RDD.checkpointData-RDD.scala-1751-1751=274
org/apache/spark/rdd/RDDOperationScope.toJson-RDDOperationScope.scala-52-52=9
org/apache/spark/util/JsonProtocol$$anonfun$rddInfoToJson$4.apply-JsonProtocol.scala-439-439=18
org/apache/spark/status/api/v1/ShuffleReadMetrics.localBytesRead-api.scala-250-250=1
org/apache/spark/rdd/RDD.org$apache$spark$rdd$RDD$$visit$1-RDD.scala-323-326=9
org/apache/spark/rdd/RDD.isBarrier-RDD.scala-1931-1931=10
org/apache/spark/status/api/v1/InputMetrics.bytesRead-api.scala-237-237=1
org/apache/spark/rdd/RDD.getPreferredLocations-RDD.scala-137-137=40
org/apache/spark/rdd/ZippedPartitionsPartition.preferredLocations-ZippedPartitionsRDD.scala-30-30=20
org/apache/spark/status/api/v1/ExecutorSummary.hostPort-api.scala-78-78=3
org/apache/spark/rdd/ZippedPartitionsBaseRDD.getPreferredLocations-ZippedPartitionsRDD.scala-70-70=20
org/apache/spark/rdd/RDD$$anonfun$getNarrowAncestors$1.apply-RDD.scala-335-335=16
org/apache/spark/rdd/ZippedPartitionsRDD2.getPreferredLocations-ZippedPartitionsRDD.scala-70-70=20
org/apache/spark/status/api/v1/ShuffleWriteMetrics.bytesWritten-api.scala-254-254=1
org/apache/spark/rdd/RDDOperationScope.parent-RDDOperationScope.scala-48-48=9
org/apache/spark/rdd/RDD.partitions-RDD.scala-269-269=95
org/apache/spark/status/api/v1/JobData.jobId-api.scala-110-110=1
org/apache/spark/status/api/v1/ExecutorSummary.id-api.scala-77-77=3
org/apache/spark/util/JsonProtocol$$anonfun$rddInfoToJson$7.apply-JsonProtocol.scala-444-444=18
org/apache/spark/status/api/v1/RDDStorageInfo.id-api.scala-132-132=2
org/apache/spark/rdd/RDD$$anonfun$org$apache$spark$rdd$RDD$$visit$1$1.apply-RDD.scala-327-328=8
org/apache/spark/util/JsonProtocol$$anonfun$rddInfoToJson$2.apply-JsonProtocol.scala-437-437=18
org/apache/spark/status/api/v1/ShuffleReadMetrics.remoteBytesRead-api.scala-248-248=1
