org/apache/spark/status/api/v1/OutputMetrics.bytesWritten-api.scala-241-241=182
org/apache/spark/graphx/impl/EdgePartition$$anon$1.map-EdgePartition.scala-327-327=6
org/apache/spark/rdd/CoalescedRDDPartition.parents_$eq-CoalescedRDD.scala-42-42=7
org/apache/spark/status/api/v1/TaskMetrics.resultSize-api.scala-225-225=144
org/apache/spark/graphx/impl/EdgeRDDImpl.compute-EdgeRDDImpl.scala-50-49=5
org/apache/spark/graphx/impl/EdgePartition.iterator-EdgePartition.scala-327-327=5
org/apache/spark/rdd/RDD.org$apache$spark$rdd$RDD$$partitions_-RDD.scala-242-242=140
org/apache/spark/status/api/v1/ShuffleReadMetrics.localBlocksFetched-api.scala-246-246=137
org/apache/spark/graphx/Edge.srcId_$eq-Edge.scala-33-33=968
org/apache/spark/rdd/RDD.id-RDD.scala-150-150=180
org/apache/spark/rdd/RDD.scope-RDD.scala-1743-1743=5
org/apache/spark/graphx/EdgeRDD.compute-EdgeRDD.scala-50-49=4
org/apache/spark/status/api/v1/InputMetrics.recordsRead-api.scala-238-238=182
org/apache/spark/util/JsonProtocol$$anonfun$rddInfoToJson$5.apply-JsonProtocol.scala-440-440=22
org/apache/spark/status/api/v1/ShuffleWriteMetrics.writeTime-api.scala-255-255=128
org/apache/spark/status/api/v1/TaskMetrics.peakExecutionMemory-api.scala-230-230=138
org/apache/spark/rdd/CoalescedRDDPartition$$anonfun$writeObject$1$$anonfun$apply$mcV$sp$1.apply-CoalescedRDD.scala-47-47=27
org/apache/spark/status/api/v1/TaskMetrics.shuffleWriteMetrics-api.scala-234-234=490
org/apache/spark/status/api/v1/StageData.attemptId-api.scala-166-166=36
org/apache/spark/status/api/v1/StageData.stageId-api.scala-165-165=34
org/apache/spark/status/api/v1/ShuffleReadMetrics.remoteBytesReadToDisk-api.scala-249-249=139
org/apache/spark/rdd/RDD.getNarrowAncestors-RDD.scala-320-335=1
org/apache/spark/rdd/RDD.elementClassTag-RDD.scala-1749-1749=4
org/apache/spark/graphx/Edge.attr-Edge.scala-35-35=1949
org/apache/spark/graphx/impl/GraphImpl$$anonfun$3.apply-GraphImpl.scala-101-101=964
org/apache/spark/status/api/v1/TaskMetrics.memoryBytesSpilled-api.scala-228-228=185
org/apache/spark/rdd/RDD.isCheckpointedAndMaterialized-RDD.scala-1677-1677=12
org/apache/spark/graphx/PartitionStrategy$RandomVertexCut$.getPartition-PartitionStrategy.scala-115-115=970
org/apache/spark/status/api/v1/ShuffleReadMetrics.recordsRead-api.scala-251-251=184
org/apache/spark/rdd/RDD$$anonfun$org$apache$spark$rdd$RDD$$visit$1$1.apply-RDD.scala-326-326=4
org/apache/spark/status/api/v1/OutputMetrics.recordsWritten-api.scala-242-242=183
org/apache/spark/rdd/RDD.creationSite-RDD.scala-1734-1734=5
org/apache/spark/rdd/RDD$$anonfun$6.apply-RDD.scala-325-325=8
org/apache/spark/rdd/CoalescedRDDPartition$$anonfun$writeObject$1.apply$mcV$sp-CoalescedRDD.scala-47-48=7
org/apache/spark/rdd/RDD$$anonfun$preferredLocations$2.apply-RDD.scala-297-297=30
org/apache/spark/rdd/RDD.org$apache$spark$rdd$RDD$$dependencies_-RDD.scala-241-241=166
org/apache/spark/status/api/v1/TaskMetrics.executorCpuTime-api.scala-224-224=180
org/apache/spark/rdd/RDDOperationScope.toJson-RDDOperationScope.scala-52-52=10
org/apache/spark/rdd/RDD.org$apache$spark$rdd$RDD$$visit$1-RDD.scala-323-326=5
org/apache/spark/rdd/RDD.isBarrier-RDD.scala-1931-1931=10
org/apache/spark/graphx/impl/EdgePartition$$anon$1.next-EdgePartition.scala-327-327=975
org/apache/spark/graphx/impl/EdgePartition.org$apache$spark$graphx$impl$EdgePartition$$dstIds-EdgePartition.scala-108-108=958
org/apache/spark/status/api/v1/InputMetrics.bytesRead-api.scala-237-237=179
org/apache/spark/rdd/RDD.getPreferredLocations-RDD.scala-137-137=20
org/apache/spark/status/api/v1/ExecutorSummary.hostPort-api.scala-78-78=18
org/apache/spark/rdd/RDD.getOrCompute-RDD.scala-354-357=7
org/apache/spark/graphx/Edge.srcId-Edge.scala-33-33=2918
org/apache/spark/rdd/RDD.iterator-RDD.scala-307-307=17
org/apache/spark/status/api/v1/ShuffleWriteMetrics.bytesWritten-api.scala-254-254=191
org/apache/spark/graphx/Edge.copy-Edge.scala-32-32=975
org/apache/spark/util/JsonProtocol$$anonfun$rddInfoToJson$7.apply-JsonProtocol.scala-444-444=22
org/apache/spark/rdd/CoalescedRDDPartition.parentsIndices-CoalescedRDD.scala-40-40=7
org/apache/spark/rdd/RDD.firstParent-RDD.scala-1763-1763=13
org/apache/spark/util/JsonProtocol$$anonfun$rddInfoToJson$2.apply-JsonProtocol.scala-437-437=21
org/apache/spark/status/api/v1/ShuffleReadMetrics.remoteBytesRead-api.scala-248-248=187
org/apache/spark/rdd/InputFileBlockHolder$.unset-InputFileBlockHolder.scala-86-86=9
org/apache/spark/graphx/impl/GraphImpl$$anonfun$3.apply-GraphImpl.scala-102-103=974
org/apache/spark/status/api/v1/TaskMetrics.executorRunTime-api.scala-223-223=180
org/apache/spark/status/api/v1/TaskMetrics.inputMetrics-api.scala-231-231=350
org/apache/spark/rdd/RDDOperationScope.name-RDDOperationScope.scala-47-47=10
org/apache/spark/rdd/RDD$$anonfun$5.apply-RDD.scala-324-324=8
org/apache/spark/rdd/CoalescedRDDPartition.rdd-CoalescedRDD.scala-39-39=13
org/apache/spark/rdd/RDD.name-RDD.scala-153-153=5
org/apache/spark/util/JsonProtocol$$anonfun$rddInfoToJson$6.apply-JsonProtocol.scala-443-443=22
org/apache/spark/rdd/ShuffledRDDPartition.index-ShuffledRDD.scala-27-27=10
org/apache/spark/rdd/RDD$$anonfun$dependencies$2.apply-RDD.scala-252-252=84
org/apache/spark/rdd/RDD.computeOrReadCheckpoint-RDD.scala-343-343=11
org/apache/spark/status/api/v1/TaskMetrics.outputMetrics-api.scala-232-232=360
org/apache/spark/graphx/Edge$.$lessinit$greater$default$2-Edge.scala-34-34=4
org/apache/spark/util/JsonProtocol$$anonfun$rddInfoToJson$8.apply-JsonProtocol.scala-445-445=22
org/apache/spark/rdd/CoalescedRDDPartition.index-CoalescedRDD.scala-38-38=22
org/apache/spark/rdd/CoalescedRDDPartition$$anonfun$writeObject$1.org$apache$spark$rdd$CoalescedRDDPartition$$anonfun$$$outer-CoalescedRDD.scala-45-45=13
org/apache/spark/rdd/CoalescedRDDPartition$$anonfun$writeObject$1.apply-CoalescedRDD.scala-45-45=5
org/apache/spark/graphx/impl/EdgePartition.size-EdgePartition.scala-314-314=985
org/apache/spark/status/api/v1/TaskMetrics.executorDeserializeCpuTime-api.scala-222-222=131
org/apache/spark/rdd/RDD.preferredLocations-RDD.scala-296-296=30
org/apache/spark/rdd/RDD.dependencies-RDD.scala-252-252=84
org/apache/spark/status/api/v1/ShuffleReadMetrics.fetchWaitTime-api.scala-247-247=136
org/apache/spark/graphx/Edge.attr_$eq-Edge.scala-35-35=974
org/apache/spark/rdd/MapPartitionsRDD.isBarrier_-MapPartitionsRDD.scala-60-60=10
org/apache/spark/rdd/RDD$$anonfun$map$1$$anonfun$apply$5.apply-RDD.scala-394-394=14
org/apache/spark/rdd/ShuffledRDD.getPreferredLocations-ShuffledRDD.scala-97-99=10
org/apache/spark/status/api/v1/TaskMetrics.shuffleReadMetrics-api.scala-233-233=1122
org/apache/spark/status/api/v1/ShuffleReadMetrics.remoteBlocksFetched-api.scala-245-245=140
org/apache/spark/graphx/impl/EdgePartition$$anon$1.hasNext-EdgePartition.scala-331-331=979
org/apache/spark/status/api/v1/ShuffleWriteMetrics.recordsWritten-api.scala-256-256=161
org/apache/spark/status/api/v1/TaskMetrics.diskBytesSpilled-api.scala-229-229=195
org/apache/spark/util/JsonProtocol$$anonfun$rddInfoToJson$1.apply-JsonProtocol.scala-437-437=22
org/apache/spark/graphx/Edge$.$lessinit$greater$default$1-Edge.scala-33-33=6
org/apache/spark/status/api/v1/TaskMetrics.resultSerializationTime-api.scala-227-227=141
org/apache/spark/graphx/Edge.dstId_$eq-Edge.scala-34-34=963
org/apache/spark/rdd/RDD$$anonfun$partitions$2.apply-RDD.scala-269-269=71
org/apache/spark/rdd/RDD.getStorageLevel-RDD.scala-223-223=18
org/apache/spark/rdd/RDDOperationScope.id-RDDOperationScope.scala-49-49=10
org/apache/spark/rdd/RDD$$anonfun$4.apply-RDD.scala-323-323=8
org/apache/spark/graphx/Edge.copy$default$1-Edge.scala-33-33=967
org/apache/spark/util/JsonProtocol$$anonfun$rddInfoToJson$4$$anonfun$apply$19.apply-JsonProtocol.scala-439-439=20
org/apache/spark/rdd/InputFileBlockHolder$$anon$1.initialValue-InputFileBlockHolder.scala-53-53=5
org/apache/spark/rdd/RDD.sparkContext-RDD.scala-147-147=1
org/apache/spark/rdd/RDDOperationScope$.org$apache$spark$rdd$RDDOperationScope$$jsonMapper-RDDOperationScope.scala-82-82=9
org/apache/spark/graphx/EdgeRDD$$anonfun$compute$1.apply-EdgeRDD.scala-52-52=1946
org/apache/spark/rdd/InputFileBlockHolder$.initialize-InputFileBlockHolder.scala-92-92=4
org/apache/spark/util/JsonProtocol$$anonfun$rddInfoToJson$9.apply-JsonProtocol.scala-446-446=22
org/apache/spark/util/JsonProtocol$$anonfun$rddInfoToJson$3.apply-JsonProtocol.scala-439-439=20
org/apache/spark/rdd/RDD.checkpointData-RDD.scala-1751-1751=197
org/apache/spark/status/api/v1/ShuffleReadMetrics.localBytesRead-api.scala-250-250=190
org/apache/spark/util/JsonProtocol$$anonfun$rddInfoToJson$4.apply-JsonProtocol.scala-439-439=22
org/apache/spark/graphx/Edge$.$lessinit$greater$default$3-Edge.scala-35-35=5
org/apache/spark/graphx/Edge.copy$default$2-Edge.scala-34-34=976
org/apache/spark/rdd/MapPartitionsRDD.compute-MapPartitionsRDD.scala-52-52=5
org/apache/spark/status/api/v1/TaskMetrics.executorDeserializeTime-api.scala-221-221=156
org/apache/spark/rdd/RDD$$anonfun$getNarrowAncestors$1.apply-RDD.scala-335-335=8
org/apache/spark/graphx/Edge.copy$default$3-Edge.scala-35-35=978
org/apache/spark/rdd/RDDOperationScope.parent-RDDOperationScope.scala-48-48=10
org/apache/spark/graphx/impl/EdgePartition.org$apache$spark$graphx$impl$EdgePartition$$srcIds-EdgePartition.scala-106-106=963
org/apache/spark/rdd/RDD.partitions-RDD.scala-269-269=70
org/apache/spark/rdd/RDD$$anon$1.next-RDD.scala-367-368=5
org/apache/spark/status/api/v1/JobData.jobId-api.scala-110-110=13
org/apache/spark/status/api/v1/ExecutorSummary.id-api.scala-77-77=16
org/apache/spark/status/api/v1/TaskMetrics.jvmGcTime-api.scala-226-226=143
org/apache/spark/status/api/v1/RDDStorageInfo.id-api.scala-132-132=9
org/apache/spark/graphx/Edge.dstId-Edge.scala-34-34=2924
org/apache/spark/rdd/RDD$$anonfun$org$apache$spark$rdd$RDD$$visit$1$1.apply-RDD.scala-327-328=4
