org/apache/spark/status/api/v1/OutputMetrics.bytesWritten-api.scala-241-241=838
org/apache/spark/graphx/Edge$$anon$2.swap-Edge.scala-77-79=1
org/apache/spark/graphx/util/collection/GraphXPrimitiveKeyOpenHashMap$mcJI$sp._oldValues$mcI$sp_$eq-GraphXPrimitiveKeyOpenHashMap.scala--1--1=319
org/apache/spark/status/api/v1/TaskMetrics.resultSize-api.scala-225-225=637
org/apache/spark/rdd/CoalescedRDDPartition.parents_$eq-CoalescedRDD.scala-42-42=2
org/apache/spark/graphx/util/collection/GraphXPrimitiveKeyOpenHashMap$mcJI$sp._oldValues_$eq-GraphXPrimitiveKeyOpenHashMap.scala-57-57=316
org/apache/spark/graphx/util/collection/GraphXPrimitiveKeyOpenHashMap$mcJI$sp._oldValues_$eq-GraphXPrimitiveKeyOpenHashMap.scala-32-32=10
org/apache/spark/graphx/Edge$$anon$2.copyRange-Edge.scala-91-91=553
org/apache/spark/graphx/util/collection/GraphXPrimitiveKeyOpenHashMap.grow-GraphXPrimitiveKeyOpenHashMap.scala-145-145=1558
org/apache/spark/graphx/util/collection/GraphXPrimitiveKeyOpenHashMap.changeValue-GraphXPrimitiveKeyOpenHashMap.scala-103-102=4046
org/apache/spark/graphx/impl/EdgePartition.iterator-EdgePartition.scala-327-327=13
org/apache/spark/rdd/RDD.org$apache$spark$rdd$RDD$$partitions_-RDD.scala-242-242=218
org/apache/spark/status/api/v1/ShuffleReadMetrics.localBlocksFetched-api.scala-246-246=651
org/apache/spark/graphx/util/collection/GraphXPrimitiveKeyOpenHashMap._values-GraphXPrimitiveKeyOpenHashMap.scala-34-34=11913
org/apache/spark/graphx/Edge.srcId_$eq-Edge.scala-33-33=2020
org/apache/spark/graphx/impl/RoutingTablePartition$$anonfun$edgePartitionToMsgs$2.apply-RoutingTablePartition.scala-55-55=739
org/apache/spark/graphx/Edge$.edgeArraySortDataFormat-Edge.scala-71-71=9
org/apache/spark/rdd/RDD.id-RDD.scala-150-150=295
org/apache/spark/rdd/RDD.scope-RDD.scala-1743-1743=3
org/apache/spark/status/api/v1/InputMetrics.recordsRead-api.scala-238-238=841
org/apache/spark/util/JsonProtocol$$anonfun$rddInfoToJson$5.apply-JsonProtocol.scala-440-440=14
org/apache/spark/graphx/impl/EdgePartitionBuilder$$anonfun$toEdgePartition$2.apply$mcII$sp-EdgePartitionBuilder.scala-59-59=839
org/apache/spark/status/api/v1/ShuffleWriteMetrics.writeTime-api.scala-255-255=631
org/apache/spark/graphx/Edge$$anon$1.compare-Edge.scala-62-62=4458
org/apache/spark/status/api/v1/TaskMetrics.peakExecutionMemory-api.scala-230-230=633
org/apache/spark/rdd/CoalescedRDDPartition$$anonfun$writeObject$1$$anonfun$apply$mcV$sp$1.apply-CoalescedRDD.scala-47-47=5
org/apache/spark/status/api/v1/TaskMetrics.shuffleWriteMetrics-api.scala-234-234=2241
org/apache/spark/status/api/v1/StageData.attemptId-api.scala-166-166=138
org/apache/spark/graphx/Edge$$anon$2.copyRange-Edge.scala-71-71=554
org/apache/spark/graphx/impl/GraphImpl$$anonfun$4.apply-GraphImpl.scala-107-107=10
org/apache/spark/graphx/VertexRDD$$anonfun$4.apply-VertexRDD.scala-356-356=31
org/apache/spark/status/api/v1/StageData.stageId-api.scala-165-165=136
org/apache/spark/status/api/v1/ShuffleReadMetrics.remoteBytesReadToDisk-api.scala-249-249=639
org/apache/spark/rdd/RDD.getNarrowAncestors-RDD.scala-320-335=1
org/apache/spark/rdd/RDD.elementClassTag-RDD.scala-1749-1749=8
org/apache/spark/graphx/Edge.attr-Edge.scala-35-35=973
org/apache/spark/graphx/impl/EdgePartitionBuilder.add-EdgePartitionBuilder.scala-34-34=958
org/apache/spark/graphx/util/collection/GraphXPrimitiveKeyOpenHashMap$$anon$1.hasNext-GraphXPrimitiveKeyOpenHashMap.scala-131-131=1540
org/apache/spark/graphx/Edge$$anon$2.getKey-Edge.scala-73-73=7143
org/apache/spark/graphx/util/collection/GraphXPrimitiveKeyOpenHashMap.iterator-GraphXPrimitiveKeyOpenHashMap.scala-115-115=19
org/apache/spark/status/api/v1/TaskMetrics.memoryBytesSpilled-api.scala-228-228=812
org/apache/spark/rdd/RDD.isCheckpointedAndMaterialized-RDD.scala-1677-1677=23
org/apache/spark/graphx/util/collection/GraphXPrimitiveKeyOpenHashMap$mcJI$sp.keySet-GraphXPrimitiveKeyOpenHashMap.scala-34-34=3005
org/apache/spark/graphx/Edge$$anon$2.copyElement-Edge.scala-71-71=2646
org/apache/spark/graphx/util/collection/GraphXPrimitiveKeyOpenHashMap$mcJI$sp._oldValues-GraphXPrimitiveKeyOpenHashMap.scala-32-32=426
org/apache/spark/status/api/v1/ShuffleReadMetrics.recordsRead-api.scala-251-251=813
org/apache/spark/rdd/RDD$$anonfun$org$apache$spark$rdd$RDD$$visit$1$1.apply-RDD.scala-326-326=2
org/apache/spark/status/api/v1/OutputMetrics.recordsWritten-api.scala-242-242=839
org/apache/spark/graphx/util/collection/GraphXPrimitiveKeyOpenHashMap$mcJI$sp._values$mcI$sp_$eq-GraphXPrimitiveKeyOpenHashMap.scala--1--1=10
org/apache/spark/graphx/Edge$$anon$2.swap-Edge.scala-71-71=1
org/apache/spark/rdd/RDD.creationSite-RDD.scala-1734-1734=3
org/apache/spark/graphx/Edge$.lexicographicOrdering-Edge.scala-60-60=9
org/apache/spark/rdd/RDD$$anonfun$6.apply-RDD.scala-325-325=4
org/apache/spark/rdd/CoalescedRDDPartition$$anonfun$writeObject$1.apply$mcV$sp-CoalescedRDD.scala-47-48=2
org/apache/spark/rdd/RDD$$anonfun$preferredLocations$2.apply-RDD.scala-297-297=70
org/apache/spark/rdd/RDD.org$apache$spark$rdd$RDD$$dependencies_-RDD.scala-241-241=265
org/apache/spark/status/api/v1/TaskMetrics.executorCpuTime-api.scala-224-224=784
org/apache/spark/graphx/util/collection/GraphXPrimitiveKeyOpenHashMap.move-GraphXPrimitiveKeyOpenHashMap.scala-150-150=1551
org/apache/spark/rdd/RDDOperationScope.toJson-RDDOperationScope.scala-52-52=7
org/apache/spark/rdd/RDD.org$apache$spark$rdd$RDD$$visit$1-RDD.scala-323-326=3
org/apache/spark/rdd/RDD.isBarrier-RDD.scala-1931-1931=10
org/apache/spark/graphx/impl/EdgePartition$$anon$1.next-EdgePartition.scala-327-327=2031
org/apache/spark/graphx/impl/EdgePartition.org$apache$spark$graphx$impl$EdgePartition$$dstIds-EdgePartition.scala-108-108=2023
org/apache/spark/graphx/impl/GraphImpl$$anonfun$4$$anonfun$apply$2.apply-GraphImpl.scala-109-109=965
org/apache/spark/status/api/v1/InputMetrics.bytesRead-api.scala-237-237=828
org/apache/spark/rdd/RDD.getPreferredLocations-RDD.scala-137-137=50
org/apache/spark/rdd/ZippedPartitionsPartition.preferredLocations-ZippedPartitionsRDD.scala-30-30=10
org/apache/spark/status/api/v1/ExecutorSummary.hostPort-api.scala-78-78=53
org/apache/spark/rdd/ZippedPartitionsBaseRDD.getPreferredLocations-ZippedPartitionsRDD.scala-70-70=10
org/apache/spark/graphx/Edge$$anon$1.compare-Edge.scala-60-60=4471
org/apache/spark/graphx/VertexRDD$$anonfun$4$$anonfun$apply$2.apply-VertexRDD.scala-357-357=38
org/apache/spark/rdd/RDD.getOrCompute-RDD.scala-354-357=12
org/apache/spark/graphx/Edge.srcId-Edge.scala-33-33=18758
org/apache/spark/rdd/RDD.iterator-RDD.scala-307-307=36
org/apache/spark/rdd/ZippedPartitionsRDD2.getPreferredLocations-ZippedPartitionsRDD.scala-70-70=10
org/apache/spark/status/api/v1/ShuffleWriteMetrics.bytesWritten-api.scala-254-254=811
org/apache/spark/graphx/util/collection/GraphXPrimitiveKeyOpenHashMap$$anon$1.map-GraphXPrimitiveKeyOpenHashMap.scala-115-115=19
org/apache/spark/graphx/impl/EdgePartitionBuilder$.$lessinit$greater$default$1-EdgePartitionBuilder.scala-29-29=6
org/apache/spark/util/JsonProtocol$$anonfun$rddInfoToJson$7.apply-JsonProtocol.scala-444-444=16
org/apache/spark/rdd/CoalescedRDDPartition.parentsIndices-CoalescedRDD.scala-40-40=5
org/apache/spark/rdd/RDD.firstParent-RDD.scala-1763-1763=16
org/apache/spark/graphx/Edge$$anon$2.getKey-Edge.scala-71-71=7148
org/apache/spark/graphx/impl/GraphImpl$$anonfun$4.apply-GraphImpl.scala-108-114=10
org/apache/spark/graphx/impl/RoutingTablePartition$.org$apache$spark$graphx$impl$RoutingTablePartition$$toMessage-RoutingTablePartition.scala-34-36=748
org/apache/spark/graphx/impl/RoutingTablePartition$$anonfun$edgePartitionToMsgs$2.apply-RoutingTablePartition.scala-56-58=752
org/apache/spark/util/JsonProtocol$$anonfun$rddInfoToJson$2.apply-JsonProtocol.scala-437-437=14
org/apache/spark/status/api/v1/ShuffleReadMetrics.remoteBytesRead-api.scala-248-248=838
org/apache/spark/graphx/util/collection/GraphXPrimitiveKeyOpenHashMap._values_$eq-GraphXPrimitiveKeyOpenHashMap.scala-34-34=14
org/apache/spark/rdd/InputFileBlockHolder$.unset-InputFileBlockHolder.scala-86-86=15
org/apache/spark/graphx/util/collection/GraphXPrimitiveKeyOpenHashMap$mcJI$sp._values_$eq-GraphXPrimitiveKeyOpenHashMap.scala-34-34=10
org/apache/spark/rdd/RDDOperationScope.name-RDDOperationScope.scala-47-47=7
org/apache/spark/status/api/v1/TaskMetrics.executorRunTime-api.scala-223-223=769
org/apache/spark/status/api/v1/TaskMetrics.inputMetrics-api.scala-231-231=1661
org/apache/spark/rdd/RDD$$anonfun$5.apply-RDD.scala-324-324=4
org/apache/spark/rdd/CoalescedRDDPartition.rdd-CoalescedRDD.scala-39-39=3
org/apache/spark/rdd/RDD.name-RDD.scala-153-153=3
org/apache/spark/util/JsonProtocol$$anonfun$rddInfoToJson$6.apply-JsonProtocol.scala-443-443=15
org/apache/spark/rdd/ShuffledRDDPartition.index-ShuffledRDD.scala-27-27=51
org/apache/spark/rdd/RDD$$anonfun$mapPartitionsWithIndex$1$$anonfun$apply$25.apply-RDD.scala-875-875=20
org/apache/spark/rdd/RDD$$anonfun$dependencies$2.apply-RDD.scala-252-252=132
org/apache/spark/rdd/RDD.computeOrReadCheckpoint-RDD.scala-343-343=31
org/apache/spark/graphx/util/collection/GraphXPrimitiveKeyOpenHashMap$mcJI$sp._oldValues$mcI$sp-GraphXPrimitiveKeyOpenHashMap.scala--1--1=425
org/apache/spark/status/api/v1/RDDPartitionInfo.executors-api.scala-161-161=5
org/apache/spark/status/api/v1/TaskMetrics.outputMetrics-api.scala-232-232=1679
org/apache/spark/status/api/v1/RDDPartitionInfo.diskUsed-api.scala-160-160=2
org/apache/spark/graphx/impl/RoutingTablePartition$$anonfun$edgePartitionToMsgs$1.apply-RoutingTablePartition.scala-52-53=2015
org/apache/spark/graphx/util/collection/GraphXPrimitiveKeyOpenHashMap$$anonfun$2.apply$mcVII$sp-GraphXPrimitiveKeyOpenHashMap.scala-151-151=1057
org/apache/spark/graphx/Edge$.$lessinit$greater$default$2-Edge.scala-34-34=14
org/apache/spark/util/JsonProtocol$$anonfun$rddInfoToJson$8.apply-JsonProtocol.scala-445-445=16
org/apache/spark/rdd/CoalescedRDDPartition.index-CoalescedRDD.scala-38-38=9
org/apache/spark/graphx/impl/RoutingTablePartition$.edgePartitionToMsgs-RoutingTablePartition.scala-50-55=19
org/apache/spark/graphx/impl/RoutingTablePartition$$anonfun$edgePartitionToMsgs$1$$anonfun$apply$2.apply$mcB$sp-RoutingTablePartition.scala-53-53=537
org/apache/spark/graphx/util/collection/GraphXPrimitiveKeyOpenHashMap$mcJI$sp._values$mcI$sp-GraphXPrimitiveKeyOpenHashMap.scala--1--1=5657
org/apache/spark/graphx/impl/EdgePartitionBuilder$$anonfun$toEdgePartition$4.apply$mcII$sp-EdgePartitionBuilder.scala-61-61=653
org/apache/spark/rdd/CoalescedRDDPartition$$anonfun$writeObject$1.org$apache$spark$rdd$CoalescedRDDPartition$$anonfun$$$outer-CoalescedRDD.scala-45-45=5
org/apache/spark/graphx/impl/EdgePartition.size-EdgePartition.scala-314-314=2026
org/apache/spark/rdd/CoalescedRDDPartition$$anonfun$writeObject$1.apply-CoalescedRDD.scala-45-45=2
org/apache/spark/status/api/v1/TaskMetrics.executorDeserializeCpuTime-api.scala-222-222=633
org/apache/spark/rdd/RDD.preferredLocations-RDD.scala-296-296=70
org/apache/spark/rdd/RDD.dependencies-RDD.scala-252-252=132
org/apache/spark/status/api/v1/ShuffleReadMetrics.fetchWaitTime-api.scala-247-247=661
org/apache/spark/graphx/Edge.attr_$eq-Edge.scala-35-35=2026
org/apache/spark/rdd/MapPartitionsRDD.isBarrier_-MapPartitionsRDD.scala-60-60=10
org/apache/spark/rdd/RDD$$anonfun$mapPartitions$1$$anonfun$apply$23.apply-RDD.scala-823-823=32
org/apache/spark/graphx/impl/RoutingTablePartition$$anonfun$edgePartitionToMsgs$1$$anonfun$apply$4.apply-RoutingTablePartition.scala-53-53=2963
org/apache/spark/graphx/impl/RoutingTablePartition$$anonfun$edgePartitionToMsgs$1$$anonfun$apply$3.apply-RoutingTablePartition.scala-52-52=3514
org/apache/spark/graphx/impl/EdgePartition$$anon$1.foreach-EdgePartition.scala-327-327=18
org/apache/spark/rdd/ShuffledRDD.getPreferredLocations-ShuffledRDD.scala-97-99=10
org/apache/spark/status/api/v1/TaskMetrics.shuffleReadMetrics-api.scala-233-233=5063
org/apache/spark/status/api/v1/RDDPartitionInfo.memoryUsed-api.scala-159-159=5
org/apache/spark/graphx/impl/GraphImpl$$anonfun$4$$anonfun$apply$2.apply-GraphImpl.scala-110-111=960
org/apache/spark/status/api/v1/ShuffleReadMetrics.remoteBlocksFetched-api.scala-245-245=632
org/apache/spark/graphx/impl/EdgePartition$$anon$1.hasNext-EdgePartition.scala-331-331=2031
org/apache/spark/status/api/v1/ShuffleWriteMetrics.recordsWritten-api.scala-256-256=798
org/apache/spark/util/JsonProtocol$$anonfun$rddInfoToJson$1.apply-JsonProtocol.scala-437-437=14
org/apache/spark/status/api/v1/TaskMetrics.diskBytesSpilled-api.scala-229-229=791
org/apache/spark/graphx/Edge$.$lessinit$greater$default$1-Edge.scala-33-33=13
org/apache/spark/graphx/impl/EdgePartitionBuilder.toEdgePartition-EdgePartitionBuilder.scala-38-72=10
org/apache/spark/graphx/Edge$$anon$2.allocate-Edge.scala-71-71=45
org/apache/spark/graphx/util/collection/GraphXPrimitiveKeyOpenHashMap$mcJI$sp._values_$eq-GraphXPrimitiveKeyOpenHashMap.scala-32-32=10
org/apache/spark/status/api/v1/TaskMetrics.resultSerializationTime-api.scala-227-227=630
org/apache/spark/graphx/Edge.dstId_$eq-Edge.scala-34-34=2025
org/apache/spark/rdd/RDD$$anonfun$partitions$2.apply-RDD.scala-269-269=109
org/apache/spark/rdd/RDD.getStorageLevel-RDD.scala-223-223=26
org/apache/spark/graphx/util/collection/GraphXPrimitiveKeyOpenHashMap.keySet-GraphXPrimitiveKeyOpenHashMap.scala-34-34=6379
org/apache/spark/graphx/Edge$$anon$2.copyElement-Edge.scala-85-85=2643
org/apache/spark/rdd/RDDOperationScope.id-RDDOperationScope.scala-49-49=8
org/apache/spark/rdd/RDD$$anonfun$4.apply-RDD.scala-323-323=6
org/apache/spark/util/JsonProtocol$$anonfun$rddInfoToJson$4$$anonfun$apply$19.apply-JsonProtocol.scala-439-439=15
org/apache/spark/rdd/InputFileBlockHolder$$anon$1.initialValue-InputFileBlockHolder.scala-53-53=5
org/apache/spark/rdd/RDD.sparkContext-RDD.scala-147-147=1
org/apache/spark/rdd/RDDOperationScope$.org$apache$spark$rdd$RDDOperationScope$$jsonMapper-RDDOperationScope.scala-82-82=7
org/apache/spark/graphx/impl/RoutingTablePartition$$anonfun$edgePartitionToMsgs$1$$anonfun$apply$1.apply$mcB$sp-RoutingTablePartition.scala-52-52=271
org/apache/spark/rdd/InputFileBlockHolder$.initialize-InputFileBlockHolder.scala-92-92=4
org/apache/spark/util/JsonProtocol$$anonfun$rddInfoToJson$9.apply-JsonProtocol.scala-446-446=14
org/apache/spark/graphx/impl/EdgePartitionBuilder$$anonfun$toEdgePartition$1.apply$mcI$sp-EdgePartitionBuilder.scala-59-59=132
org/apache/spark/graphx/util/collection/GraphXPrimitiveKeyOpenHashMap$mcJI$sp.update$mcJI$sp-GraphXPrimitiveKeyOpenHashMap.scala-75-78=307
org/apache/spark/util/JsonProtocol$$anonfun$rddInfoToJson$3.apply-JsonProtocol.scala-439-439=15
org/apache/spark/rdd/RDD.checkpointData-RDD.scala-1751-1751=336
org/apache/spark/util/JsonProtocol$$anonfun$rddInfoToJson$4.apply-JsonProtocol.scala-439-439=14
org/apache/spark/status/api/v1/ShuffleReadMetrics.localBytesRead-api.scala-250-250=827
org/apache/spark/graphx/Edge$.$lessinit$greater$default$3-Edge.scala-35-35=14
org/apache/spark/graphx/util/collection/GraphXPrimitiveKeyOpenHashMap$$anonfun$1.apply$mcVI$sp-GraphXPrimitiveKeyOpenHashMap.scala-146-147=24
org/apache/spark/rdd/MapPartitionsRDD.compute-MapPartitionsRDD.scala-52-52=25
org/apache/spark/status/api/v1/TaskMetrics.executorDeserializeTime-api.scala-221-221=706
org/apache/spark/rdd/RDD$$anonfun$getNarrowAncestors$1.apply-RDD.scala-335-335=4
org/apache/spark/graphx/util/collection/GraphXPrimitiveKeyOpenHashMap$mcJI$sp.changeValue$mcJI$sp-GraphXPrimitiveKeyOpenHashMap.scala-103-102=1936
org/apache/spark/graphx/util/collection/GraphXPrimitiveKeyOpenHashMap._oldValues_$eq-GraphXPrimitiveKeyOpenHashMap.scala-57-57=14
org/apache/spark/graphx/impl/EdgePartitionBuilder$$anonfun$toEdgePartition$3.apply$mcI$sp-EdgePartitionBuilder.scala-61-61=312
org/apache/spark/graphx/util/collection/GraphXPrimitiveKeyOpenHashMap$mcJI$sp._values-GraphXPrimitiveKeyOpenHashMap.scala-32-32=438
org/apache/spark/rdd/RDDOperationScope.parent-RDDOperationScope.scala-48-48=7
org/apache/spark/graphx/impl/EdgePartition.org$apache$spark$graphx$impl$EdgePartition$$srcIds-EdgePartition.scala-106-106=2011
org/apache/spark/rdd/RDD.partitions-RDD.scala-269-269=108
org/apache/spark/rdd/RDD$$anon$1.next-RDD.scala-367-368=6
org/apache/spark/status/api/v1/JobData.jobId-api.scala-110-110=32
org/apache/spark/status/api/v1/ExecutorSummary.id-api.scala-77-77=53
org/apache/spark/rdd/RDD$$anonfun$7.apply-RDD.scala-357-357=10
org/apache/spark/status/api/v1/TaskMetrics.jvmGcTime-api.scala-226-226=629
org/apache/spark/graphx/impl/RoutingTablePartition$$anonfun$edgePartitionToMsgs$1$$anonfun$apply$1.apply-RoutingTablePartition.scala-52-52=272
org/apache/spark/graphx/impl/RoutingTablePartition$$anonfun$edgePartitionToMsgs$1$$anonfun$apply$2.apply-RoutingTablePartition.scala-53-53=537
org/apache/spark/graphx/impl/RoutingTablePartition$$anonfun$edgePartitionToMsgs$1.apply-RoutingTablePartition.scala-51-51=2024
org/apache/spark/graphx/util/collection/GraphXPrimitiveKeyOpenHashMap._oldValues-GraphXPrimitiveKeyOpenHashMap.scala-57-57=630
org/apache/spark/status/api/v1/RDDStorageInfo.id-api.scala-132-132=67
org/apache/spark/graphx/Edge.dstId-Edge.scala-34-34=6500
org/apache/spark/graphx/util/collection/GraphXPrimitiveKeyOpenHashMap$$anon$1.next-GraphXPrimitiveKeyOpenHashMap.scala-115-115=745
org/apache/spark/rdd/RDD$$anonfun$org$apache$spark$rdd$RDD$$visit$1$1.apply-RDD.scala-327-328=2
org/apache/spark/graphx/util/collection/GraphXPrimitiveKeyOpenHashMap$mcJI$sp.keySet$mcJ$sp-GraphXPrimitiveKeyOpenHashMap.scala--1--1=2991
org/apache/spark/rdd/ShuffledRDD.compute-ShuffledRDD.scala-103-105=6
