org/apache/spark/status/api/v1/OutputMetrics.bytesWritten-api.scala-241-241=281
org/apache/spark/rdd/CoalescedRDDPartition.parents_$eq-CoalescedRDD.scala-42-42=1
org/apache/spark/rdd/RDDOperationScope.name-RDDOperationScope.scala-47-47=22
org/apache/spark/status/api/v1/TaskMetrics.executorRunTime-api.scala-223-223=281
org/apache/spark/status/api/v1/TaskMetrics.inputMetrics-api.scala-231-231=562
org/apache/spark/rdd/RDD$$anonfun$5.apply-RDD.scala-324-324=10
org/apache/spark/rdd/CoalescedRDDPartition.rdd-CoalescedRDD.scala-39-39=2
org/apache/spark/rdd/RDD.name-RDD.scala-153-153=6
org/apache/spark/util/JsonProtocol$$anonfun$rddInfoToJson$6.apply-JsonProtocol.scala-443-443=48
org/apache/spark/rdd/RDD$$anonfun$dependencies$2.apply-RDD.scala-252-252=23
org/apache/spark/rdd/RDD.org$apache$spark$rdd$RDD$$partitions_-RDD.scala-242-242=40
org/apache/spark/status/api/v1/TaskMetrics.outputMetrics-api.scala-232-232=562
org/apache/spark/rdd/RDD.id-RDD.scala-150-150=56
org/apache/spark/rdd/RDD.scope-RDD.scala-1743-1743=6
org/apache/spark/util/JsonProtocol$$anonfun$rddInfoToJson$8.apply-JsonProtocol.scala-445-445=48
org/apache/spark/status/api/v1/InputMetrics.recordsRead-api.scala-238-238=281
org/apache/spark/util/JsonProtocol$$anonfun$rddInfoToJson$5.apply-JsonProtocol.scala-440-440=48
org/apache/spark/rdd/CoalescedRDDPartition.index-CoalescedRDD.scala-38-38=10
org/apache/spark/rdd/CoalescedRDDPartition$$anonfun$writeObject$1.org$apache$spark$rdd$CoalescedRDDPartition$$anonfun$$$outer-CoalescedRDD.scala-45-45=2
org/apache/spark/rdd/CoalescedRDDPartition$$anonfun$writeObject$1$$anonfun$apply$mcV$sp$1.apply-CoalescedRDD.scala-47-47=4
org/apache/spark/status/api/v1/TaskMetrics.shuffleWriteMetrics-api.scala-234-234=562
org/apache/spark/rdd/RDD.preferredLocations-RDD.scala-296-296=10
org/apache/spark/rdd/RDD.dependencies-RDD.scala-252-252=23
org/apache/spark/status/api/v1/StageData.attemptId-api.scala-166-166=281
org/apache/spark/rdd/MapPartitionsRDD.isBarrier_-MapPartitionsRDD.scala-60-60=10
org/apache/spark/status/api/v1/StageData.stageId-api.scala-165-165=281
org/apache/spark/rdd/RDD.getNarrowAncestors-RDD.scala-320-335=1
org/apache/spark/graphx/impl/EdgeRDDImpl.getStorageLevel-EdgeRDDImpl.scala-74-74=1
org/apache/spark/status/api/v1/TaskMetrics.shuffleReadMetrics-api.scala-233-233=843
org/apache/spark/status/api/v1/TaskMetrics.memoryBytesSpilled-api.scala-228-228=281
org/apache/spark/status/api/v1/ShuffleWriteMetrics.recordsWritten-api.scala-256-256=281
org/apache/spark/util/JsonProtocol$$anonfun$rddInfoToJson$1.apply-JsonProtocol.scala-437-437=46
org/apache/spark/status/api/v1/TaskMetrics.diskBytesSpilled-api.scala-229-229=281
org/apache/spark/status/api/v1/ShuffleReadMetrics.recordsRead-api.scala-251-251=281
org/apache/spark/rdd/RDD$$anonfun$org$apache$spark$rdd$RDD$$visit$1$1.apply-RDD.scala-326-326=5
org/apache/spark/status/api/v1/OutputMetrics.recordsWritten-api.scala-242-242=281
org/apache/spark/rdd/RDD.creationSite-RDD.scala-1734-1734=6
org/apache/spark/rdd/RDD$$anonfun$partitions$2.apply-RDD.scala-269-269=20
org/apache/spark/rdd/RDD.getStorageLevel-RDD.scala-223-223=7
org/apache/spark/rdd/RDD$$anonfun$6.apply-RDD.scala-325-325=10
org/apache/spark/rdd/RDD$$anonfun$preferredLocations$2.apply-RDD.scala-297-297=10
org/apache/spark/rdd/CoalescedRDDPartition$$anonfun$writeObject$1.apply$mcV$sp-CoalescedRDD.scala-47-48=1
org/apache/spark/rdd/RDDOperationScope.id-RDDOperationScope.scala-49-49=22
org/apache/spark/rdd/RDD$$anonfun$4.apply-RDD.scala-323-323=10
org/apache/spark/util/JsonProtocol$$anonfun$rddInfoToJson$4$$anonfun$apply$19.apply-JsonProtocol.scala-439-439=44
org/apache/spark/rdd/RDD.org$apache$spark$rdd$RDD$$dependencies_-RDD.scala-241-241=46
org/apache/spark/rdd/RDD.sparkContext-RDD.scala-147-147=1
org/apache/spark/rdd/RDDOperationScope$.org$apache$spark$rdd$RDDOperationScope$$jsonMapper-RDDOperationScope.scala-82-82=22
org/apache/spark/status/api/v1/TaskMetrics.executorCpuTime-api.scala-224-224=281
org/apache/spark/util/JsonProtocol$$anonfun$rddInfoToJson$9.apply-JsonProtocol.scala-446-446=48
org/apache/spark/util/JsonProtocol$$anonfun$rddInfoToJson$3.apply-JsonProtocol.scala-439-439=44
org/apache/spark/rdd/RDD.checkpointData-RDD.scala-1751-1751=53
org/apache/spark/rdd/RDDOperationScope.toJson-RDDOperationScope.scala-52-52=22
org/apache/spark/util/JsonProtocol$$anonfun$rddInfoToJson$4.apply-JsonProtocol.scala-439-439=46
org/apache/spark/status/api/v1/ShuffleReadMetrics.localBytesRead-api.scala-250-250=281
org/apache/spark/rdd/RDD.org$apache$spark$rdd$RDD$$visit$1-RDD.scala-323-326=6
org/apache/spark/rdd/RDD.isBarrier-RDD.scala-1931-1931=10
org/apache/spark/status/api/v1/InputMetrics.bytesRead-api.scala-237-237=281
org/apache/spark/rdd/RDD.getPreferredLocations-RDD.scala-137-137=10
org/apache/spark/status/api/v1/ExecutorSummary.hostPort-api.scala-78-78=81
org/apache/spark/rdd/RDD$$anonfun$getNarrowAncestors$1.apply-RDD.scala-335-335=10
org/apache/spark/graphx/impl/EdgeRDDImpl.partitionsRDD-EdgeRDDImpl.scala-28-28=1
org/apache/spark/status/api/v1/ShuffleWriteMetrics.bytesWritten-api.scala-254-254=281
org/apache/spark/rdd/RDDOperationScope.parent-RDDOperationScope.scala-48-48=22
org/apache/spark/rdd/RDD.partitions-RDD.scala-269-269=20
org/apache/spark/status/api/v1/JobData.jobId-api.scala-110-110=41
org/apache/spark/status/api/v1/ExecutorSummary.id-api.scala-77-77=81
org/apache/spark/util/JsonProtocol$$anonfun$rddInfoToJson$7.apply-JsonProtocol.scala-444-444=48
org/apache/spark/rdd/CoalescedRDDPartition.parentsIndices-CoalescedRDD.scala-40-40=1
org/apache/spark/status/api/v1/RDDStorageInfo.id-api.scala-132-132=82
org/apache/spark/rdd/RDD$$anonfun$org$apache$spark$rdd$RDD$$visit$1$1.apply-RDD.scala-327-328=5
org/apache/spark/util/JsonProtocol$$anonfun$rddInfoToJson$2.apply-JsonProtocol.scala-437-437=46
org/apache/spark/status/api/v1/ShuffleReadMetrics.remoteBytesRead-api.scala-248-248=281
