org/apache/spark/status/api/v1/OutputMetrics.bytesWritten-api.scala-241-241=10
org/apache/spark/rdd/RDDOperationScope.name-RDDOperationScope.scala-47-47=72
org/apache/spark/status/api/v1/TaskMetrics.inputMetrics-api.scala-231-231=20
org/apache/spark/status/api/v1/TaskMetrics.executorRunTime-api.scala-223-223=9
org/apache/spark/rdd/ZippedPartitionsPartition$$anonfun$writeObject$1.apply-ZippedPartitionsRDD.scala-38-38=6
org/apache/spark/rdd/RDD$$anonfun$5.apply-RDD.scala-324-324=20
org/apache/spark/rdd/RDD.name-RDD.scala-153-153=11
org/apache/spark/util/JsonProtocol$$anonfun$rddInfoToJson$6.apply-JsonProtocol.scala-443-443=92
org/apache/spark/rdd/RDD$$anonfun$dependencies$2.apply-RDD.scala-252-252=45
org/apache/spark/rdd/RDD.org$apache$spark$rdd$RDD$$partitions_-RDD.scala-242-242=100
org/apache/spark/rdd/ZippedPartitionsPartition.index-ZippedPartitionsRDD.scala-33-33=10
org/apache/spark/status/api/v1/TaskMetrics.outputMetrics-api.scala-232-232=20
org/apache/spark/rdd/RDD.id-RDD.scala-150-150=96
org/apache/spark/rdd/RDD.scope-RDD.scala-1743-1743=11
org/apache/spark/util/JsonProtocol$$anonfun$rddInfoToJson$8.apply-JsonProtocol.scala-445-445=92
org/apache/spark/status/api/v1/InputMetrics.recordsRead-api.scala-238-238=10
org/apache/spark/util/JsonProtocol$$anonfun$rddInfoToJson$5.apply-JsonProtocol.scala-440-440=92
org/apache/spark/rdd/ZippedPartitionsPartition$$anonfun$writeObject$1.org$apache$spark$rdd$ZippedPartitionsPartition$$anonfun$$$outer-ZippedPartitionsRDD.scala-38-38=16
org/apache/spark/status/api/v1/TaskMetrics.shuffleWriteMetrics-api.scala-234-234=20
org/apache/spark/rdd/RDD.preferredLocations-RDD.scala-296-296=20
org/apache/spark/rdd/RDD.dependencies-RDD.scala-252-252=45
org/apache/spark/status/api/v1/StageData.attemptId-api.scala-166-166=10
org/apache/spark/rdd/MapPartitionsRDD.isBarrier_-MapPartitionsRDD.scala-60-60=10
org/apache/spark/rdd/ZippedPartitionsPartition$$anonfun$writeObject$1.apply$mcV$sp-ZippedPartitionsRDD.scala-40-41=7
org/apache/spark/status/api/v1/StageData.stageId-api.scala-165-165=10
org/apache/spark/rdd/RDD.getNarrowAncestors-RDD.scala-320-335=1
org/apache/spark/status/api/v1/TaskMetrics.shuffleReadMetrics-api.scala-233-233=30
org/apache/spark/status/api/v1/TaskMetrics.memoryBytesSpilled-api.scala-228-228=10
org/apache/spark/status/api/v1/ShuffleWriteMetrics.recordsWritten-api.scala-256-256=10
org/apache/spark/util/JsonProtocol$$anonfun$rddInfoToJson$1.apply-JsonProtocol.scala-437-437=93
org/apache/spark/status/api/v1/TaskMetrics.diskBytesSpilled-api.scala-229-229=10
org/apache/spark/status/api/v1/ShuffleReadMetrics.recordsRead-api.scala-251-251=10
org/apache/spark/rdd/ZippedPartitionsPartition.org$apache$spark$rdd$ZippedPartitionsPartition$$rdds-ZippedPartitionsRDD.scala-29-29=8
org/apache/spark/rdd/RDD$$anonfun$org$apache$spark$rdd$RDD$$visit$1$1.apply-RDD.scala-326-326=10
org/apache/spark/status/api/v1/OutputMetrics.recordsWritten-api.scala-242-242=10
org/apache/spark/rdd/RDD.creationSite-RDD.scala-1734-1734=11
org/apache/spark/rdd/RDD$$anonfun$partitions$2.apply-RDD.scala-269-269=50
org/apache/spark/rdd/RDD.getStorageLevel-RDD.scala-223-223=13
org/apache/spark/rdd/ZippedPartitionsPartition.partitionValues_$eq-ZippedPartitionsRDD.scala-34-34=8
org/apache/spark/rdd/RDD$$anonfun$6.apply-RDD.scala-325-325=20
org/apache/spark/rdd/RDD$$anonfun$preferredLocations$2.apply-RDD.scala-297-297=20
org/apache/spark/rdd/RDDOperationScope.id-RDDOperationScope.scala-49-49=72
org/apache/spark/rdd/RDD$$anonfun$4.apply-RDD.scala-323-323=26
org/apache/spark/util/JsonProtocol$$anonfun$rddInfoToJson$4$$anonfun$apply$19.apply-JsonProtocol.scala-439-439=94
org/apache/spark/rdd/RDD.org$apache$spark$rdd$RDD$$dependencies_-RDD.scala-241-241=90
org/apache/spark/rdd/RDD.sparkContext-RDD.scala-147-147=1
org/apache/spark/rdd/RDDOperationScope$.org$apache$spark$rdd$RDDOperationScope$$jsonMapper-RDDOperationScope.scala-82-82=47
org/apache/spark/status/api/v1/TaskMetrics.executorCpuTime-api.scala-224-224=10
org/apache/spark/util/JsonProtocol$$anonfun$rddInfoToJson$9.apply-JsonProtocol.scala-446-446=92
org/apache/spark/util/JsonProtocol$$anonfun$rddInfoToJson$3.apply-JsonProtocol.scala-439-439=94
org/apache/spark/rdd/RDD.checkpointData-RDD.scala-1751-1751=115
org/apache/spark/rdd/RDDOperationScope.toJson-RDDOperationScope.scala-52-52=47
org/apache/spark/util/JsonProtocol$$anonfun$rddInfoToJson$4.apply-JsonProtocol.scala-439-439=92
org/apache/spark/status/api/v1/ShuffleReadMetrics.localBytesRead-api.scala-250-250=10
org/apache/spark/rdd/RDD.org$apache$spark$rdd$RDD$$visit$1-RDD.scala-323-326=11
org/apache/spark/rdd/RDD.isBarrier-RDD.scala-1931-1931=10
org/apache/spark/status/api/v1/InputMetrics.bytesRead-api.scala-237-237=10
org/apache/spark/rdd/RDD.getPreferredLocations-RDD.scala-137-137=10
org/apache/spark/rdd/ZippedPartitionsPartition.preferredLocations-ZippedPartitionsRDD.scala-30-30=10
org/apache/spark/rdd/ZippedPartitionsPartition$$anonfun$writeObject$1$$anonfun$apply$mcV$sp$1.apply-ZippedPartitionsRDD.scala-40-40=32
org/apache/spark/rdd/ZippedPartitionsBaseRDD.getPreferredLocations-ZippedPartitionsRDD.scala-70-70=10
org/apache/spark/rdd/RDD$$anonfun$getNarrowAncestors$1.apply-RDD.scala-335-335=20
org/apache/spark/rdd/ZippedPartitionsRDD2.getPreferredLocations-ZippedPartitionsRDD.scala-70-70=10
org/apache/spark/status/api/v1/ShuffleWriteMetrics.bytesWritten-api.scala-254-254=10
org/apache/spark/rdd/RDDOperationScope.parent-RDDOperationScope.scala-48-48=73
org/apache/spark/rdd/RDD.partitions-RDD.scala-269-269=50
org/apache/spark/util/JsonProtocol$$anonfun$rddInfoToJson$7.apply-JsonProtocol.scala-444-444=92
org/apache/spark/rdd/RDDOperationScope$$anonfun$getAllScopes$2.apply-RDDOperationScope.scala-61-61=26
org/apache/spark/rdd/RDD$$anonfun$org$apache$spark$rdd$RDD$$visit$1$1.apply-RDD.scala-327-328=10
org/apache/spark/rdd/RDDOperationScope.getAllScopes-RDDOperationScope.scala-61-61=25
org/apache/spark/util/JsonProtocol$$anonfun$rddInfoToJson$2.apply-JsonProtocol.scala-437-437=94
org/apache/spark/status/api/v1/ShuffleReadMetrics.remoteBytesRead-api.scala-248-248=10
