org/apache/spark/rdd/DefaultPartitionCoalescer$$anonfun$getLeastGroupHash$1.apply-CoalescedRDD.scala-223-223=8
org/apache/spark/rdd/PartitionGroup.prefLoc-coalesce-public.scala-49-49=10
org/apache/spark/rdd/HadoopPartition.equals-HadoopRDD.scala-55-55=4
org/apache/spark/rdd/DefaultPartitionCoalescer$$anonfun$getLeastGroupHash$1.org$apache$spark$rdd$DefaultPartitionCoalescer$$anonfun$$$outer-CoalescedRDD.scala-223-223=122
org/apache/spark/rdd/DefaultPartitionCoalescer$PartitionLocations.getAllPrefLocs-CoalescedRDD.scala-193-205=1
org/apache/spark/rdd/DefaultPartitionCoalescer.rnd-CoalescedRDD.scala-163-163=17
org/apache/spark/rdd/DefaultPartitionCoalescer$$anonfun$throwBalls$4.apply-CoalescedRDD.scala-352-352=20
org/apache/spark/rdd/RDD.org$apache$spark$rdd$RDD$$partitions_-RDD.scala-242-242=194
org/apache/spark/rdd/DefaultPartitionCoalescer$.$lessinit$greater$default$1-CoalescedRDD.scala-157-157=1
org/apache/spark/rdd/DefaultPartitionCoalescer.throwBalls-CoalescedRDD.scala-332-332=1
org/apache/spark/rdd/RDD.mapPartitionsWithIndex-RDD.scala-871-871=1
org/apache/spark/status/api/v1/ApplicationInfo.id-api.scala-30-30=1
org/apache/spark/rdd/DefaultPartitionCoalescer$$anonfun$throwBalls$5.apply-CoalescedRDD.scala-352-352=2
org/apache/spark/rdd/RDD.org$apache$spark$rdd$RDD$$sc-RDD.scala-89-100=50
org/apache/spark/rdd/CoalescedRDD$$anonfun$getPartitions$1.apply-CoalescedRDD.scala-91-91=20
org/apache/spark/rdd/HadoopRDD.jobConfCacheKey-HadoopRDD.scala-127-127=2
org/apache/spark/rdd/RDDOperationScope$$anonfun$2.apply-RDDOperationScope.scala-105-105=30
org/apache/spark/rdd/DefaultPartitionCoalescer$PartitionLocations.org$apache$spark$rdd$DefaultPartitionCoalescer$PartitionLocations$$$outer-CoalescedRDD.scala-181-181=14
org/apache/spark/rdd/RDD.id-RDD.scala-150-150=161
org/apache/spark/rdd/HadoopRDD$$anonfun$getJobConf$5.apply-HadoopRDD.scala-177-177=1
org/apache/spark/rdd/RDD.scope-RDD.scala-1743-1743=4
org/apache/spark/rdd/DefaultPartitionCoalescer$PartitionLocations$$anonfun$getAllPrefLocs$2.apply-CoalescedRDD.scala-196-195=14
org/apache/spark/rdd/MapPartitionsRDD$.$lessinit$greater$default$4-MapPartitionsRDD.scala-43-43=2
org/apache/spark/rdd/RDD$$anonfun$mapPartitionsWithIndex$1.apply-RDD.scala-871-871=1
org/apache/spark/rdd/RDD$.CHECKPOINT_ALL_MARKED_ANCESTORS-RDD.scala-2006-2006=4
org/apache/spark/rdd/RDD.elementClassTag-RDD.scala-1749-1749=4
org/apache/spark/rdd/RDD.logDebug-RDD.scala-77-77=1
org/apache/spark/rdd/RDD.getNarrowAncestors-RDD.scala-320-335=1
org/apache/spark/rdd/HadoopPartition.hashCode-HadoopRDD.scala-53-53=65
org/apache/spark/rdd/DefaultPartitionCoalescer$$anonfun$throwBalls$9.apply-CoalescedRDD.scala-376-376=4
org/apache/spark/rdd/HadoopRDD$$anonfun$convertSplitLocationInfo$1$$anonfun$apply$5.apply-HadoopRDD.scala-434-434=18
org/apache/spark/rdd/RDD$$anonfun$partitions$2$$anonfun$apply$3.apply-RDD.scala-274-274=96
org/apache/spark/rdd/DefaultPartitionCoalescer$$anonfun$currPrefLocs$1.apply-CoalescedRDD.scala-178-178=36
org/apache/spark/rdd/RDD.isBarrier_-RDD.scala-1935-1935=2
org/apache/spark/rdd/RDD.withScope-RDD.scala-385-385=3
org/apache/spark/rdd/RDD$$anonfun$persist$1.apply-RDD.scala-176-176=2
org/apache/spark/rdd/DefaultPartitionCoalescer.coalesce-CoalescedRDD.scala-391-396=1
org/apache/spark/rdd/HadoopPartition.inputSplit-HadoopRDD.scala-51-51=18
org/apache/spark/rdd/DefaultPartitionCoalescer$PartitionLocations$$anonfun$getAllPrefLocs$1.apply$mcVI$sp-CoalescedRDD.scala-206-206=3
org/apache/spark/rdd/DefaultPartitionCoalescer.balanceSlack-CoalescedRDD.scala-157-157=1
org/apache/spark/rdd/DefaultPartitionCoalescer.getLeastGroupHash-CoalescedRDD.scala-223-223=4
org/apache/spark/rdd/HadoopRDD$$anonfun$convertSplitLocationInfo$1.apply-HadoopRDD.scala-434-434=36
org/apache/spark/rdd/RDD$$anonfun$org$apache$spark$rdd$RDD$$visit$1$1.apply-RDD.scala-326-326=3
org/apache/spark/rdd/RDD$$anonfun$coalesce$1.apply-RDD.scala-471-471=1
org/apache/spark/rdd/DefaultPartitionCoalescer.noLocality_$eq-CoalescedRDD.scala-174-174=1
org/apache/spark/rdd/RDD$$anonfun$isBarrier_$2.apply-RDD.scala-1936-1936=2
org/apache/spark/rdd/RDD.creationSite-RDD.scala-1734-1734=4
org/apache/spark/rdd/RDD$$anonfun$map$1.apply-RDD.scala-392-392=1
org/apache/spark/rdd/RDD.log-RDD.scala-77-77=1
org/apache/spark/rdd/RDD$$anonfun$preferredLocations$2.apply-RDD.scala-297-297=56
org/apache/spark/rdd/RDD$$anonfun$6.apply-RDD.scala-325-325=6
org/apache/spark/rdd/CoalescedRDDPartition.preferredLocation-CoalescedRDD.scala-41-41=10
org/apache/spark/rdd/DefaultPartitionCoalescer.addPartToPGroup-CoalescedRDD.scala-227-227=10
org/apache/spark/rdd/CoalescedRDD.getPartitions-CoalescedRDD.scala-89-91=1
org/apache/spark/status/api/v1/ApplicationInfo$.apply-api.scala-29-29=1
org/apache/spark/rdd/RDD.org$apache$spark$rdd$RDD$$dependencies_-RDD.scala-241-241=104
org/apache/spark/rdd/MapPartitionsRDD$.$lessinit$greater$default$3-MapPartitionsRDD.scala-42-42=1
org/apache/spark/rdd/DefaultPartitionCoalescer$$anonfun$getLeastGroupHash$1$$anonfun$apply$2.apply-CoalescedRDD.scala-223-223=244
org/apache/spark/rdd/RDDOperationScope.toJson-RDDOperationScope.scala-52-52=3
org/apache/spark/rdd/RDD$$anonfun$isBarrier_$1.apply-RDD.scala-1936-1936=2
org/apache/spark/rdd/RDD.org$apache$spark$rdd$RDD$$visit$1-RDD.scala-323-326=4
org/apache/spark/rdd/HadoopPartition.index-HadoopRDD.scala-48-48=125
org/apache/spark/rdd/DefaultPartitionCoalescer.groupArr-CoalescedRDD.scala-166-166=33
org/apache/spark/rdd/RDD.isBarrier-RDD.scala-1931-1931=6
org/apache/spark/rdd/RDD.getPreferredLocations-RDD.scala-137-137=28
org/apache/spark/status/api/v1/ExecutorSummary.hostPort-api.scala-78-78=48
org/apache/spark/rdd/DefaultPartitionCoalescer.initialHash-CoalescedRDD.scala-172-172=38
org/apache/spark/rdd/RDDOperationScope$.org$apache$spark$internal$Logging$$log__$eq-RDDOperationScope.scala-81-81=1
org/apache/spark/rdd/CoalescedRDD.prev-CoalescedRDD.scala-76-76=12
org/apache/spark/rdd/DefaultPartitionCoalescer.pickBin-CoalescedRDD.scala-298-297=4
org/apache/spark/rdd/DefaultPartitionCoalescer.getPartitions-CoalescedRDD.scala-382-382=1
org/apache/spark/rdd/DefaultPartitionCoalescer$$anonfun$8.apply-CoalescedRDD.scala-300-300=8
org/apache/spark/rdd/DefaultPartitionCoalescer$PartitionLocations$$anonfun$getAllPrefLocs$1$$anonfun$apply$mcVI$sp$1.apply-CoalescedRDD.scala-206-206=42
org/apache/spark/rdd/MapPartitionsRDD$$anonfun$isBarrier_$1.apply-MapPartitionsRDD.scala-60-60=4
org/apache/spark/rdd/DefaultPartitionCoalescer$PartitionLocations$$anonfun$getAllPrefLocs$2.apply-CoalescedRDD.scala-195-195=14
org/apache/spark/rdd/RDD.context-RDD.scala-1772-1772=21
org/apache/spark/status/api/v1/ApplicationEnvironmentInfo.sparkProperties-api.scala-313-313=1
org/apache/spark/rdd/DefaultPartitionCoalescer.compare-CoalescedRDD.scala-159-159=122
org/apache/spark/rdd/DefaultPartitionCoalescer$$anonfun$throwBalls$6.apply-CoalescedRDD.scala-365-365=20
org/apache/spark/rdd/RDD.firstParent-RDD.scala-1763-1763=2
org/apache/spark/rdd/CoalescedRDD$$anonfun$6.apply-CoalescedRDD.scala-89-89=1
org/apache/spark/rdd/RDDOperationScope$.withScope-RDDOperationScope.scala-134-155=5
org/apache/spark/rdd/RDD.persist-RDD.scala-189-189=1
org/apache/spark/rdd/RDD.org$apache$spark$rdd$RDD$$stateLock-RDD.scala-237-237=8
org/apache/spark/rdd/MapPartitionsRDD.getPartitions-MapPartitionsRDD.scala-49-49=2
org/apache/spark/status/api/v1/UIRootFromServletContext$.setUiRoot-ApiRootResource.scala-105-105=1
org/apache/spark/rdd/DefaultPartitionCoalescer$PartitionLocations.partsWithoutLocs-CoalescedRDD.scala-184-184=1
org/apache/spark/rdd/HadoopRDD$$anonfun$getJobConf$5$$anonfun$apply$3.apply-HadoopRDD.scala-180-180=2
org/apache/spark/rdd/PartitionGroup.partitions-coalesce-public.scala-50-50=320
org/apache/spark/rdd/DefaultPartitionCoalescer$$anonfun$throwBalls$5.apply-CoalescedRDD.scala-353-353=2
org/apache/spark/rdd/RDDOperationScope.name-RDDOperationScope.scala-47-47=3
org/apache/spark/rdd/HadoopRDD$.org$apache$spark$internal$Logging$$log__$eq-HadoopRDD.scala-379-379=1
org/apache/spark/rdd/CoalescedRDDPartition.rdd-CoalescedRDD.scala-39-39=14
org/apache/spark/rdd/RDD$$anonfun$5.apply-RDD.scala-324-324=6
org/apache/spark/status/api/v1/ApiRootResource$.getServletHandler-ApiRootResource.scala-61-67=1
org/apache/spark/rdd/RDD.name-RDD.scala-153-153=4
org/apache/spark/rdd/RDD$$anonfun$dependencies$2.apply-RDD.scala-252-252=50
org/apache/spark/rdd/HadoopRDD.getPartitions-HadoopRDD.scala-200-203=1
org/apache/spark/rdd/RDD.org$apache$spark$internal$Logging$$log_-RDD.scala-77-77=2
org/apache/spark/rdd/HadoopRDD$$anonfun$getPartitions$1.apply$mcVI$sp-HadoopRDD.scala-212-212=14
org/apache/spark/rdd/RDD.map-RDD.scala-392-392=1
org/apache/spark/rdd/RDD.org$apache$spark$rdd$RDD$$partitions__$eq-RDD.scala-242-242=4
org/apache/spark/rdd/RDD$$anonfun$37.apply-RDD.scala-1744-1744=8
org/apache/spark/rdd/RDD.coalesce-RDD.scala-471-471=1
org/apache/spark/rdd/RDD.isLocallyCheckpointed-RDD.scala-1684-1684=1
org/apache/spark/rdd/HadoopRDD$.CONFIGURATION_INSTANTIATION_LOCK-HadoopRDD.scala-384-384=1
org/apache/spark/rdd/DefaultPartitionCoalescer$PartitionLocations.partsWithLocs-CoalescedRDD.scala-186-186=49
org/apache/spark/rdd/DefaultPartitionCoalescer$$anonfun$throwBalls$9.apply-CoalescedRDD.scala-377-377=4
org/apache/spark/rdd/CoalescedRDDPartition.index-CoalescedRDD.scala-38-38=20
org/apache/spark/rdd/DefaultPartitionCoalescer$$anonfun$getPartitions$2.apply-CoalescedRDD.scala-382-382=20
org/apache/spark/rdd/RDDOperationScope$.withScope$default$2-RDDOperationScope.scala-101-101=5
org/apache/spark/rdd/RDD.preferredLocations-RDD.scala-296-296=56
org/apache/spark/rdd/RDD.dependencies-RDD.scala-252-252=50
org/apache/spark/rdd/RDDOperationScope$$anonfun$3.apply-RDDOperationScope.scala-106-106=10
org/apache/spark/rdd/RDD.logName-RDD.scala-77-77=1
org/apache/spark/rdd/MapPartitionsRDD.isBarrier_-MapPartitionsRDD.scala-60-60=4
org/apache/spark/rdd/HadoopRDD.getJobConf-HadoopRDD.scala-144-153=1
org/apache/spark/rdd/RDD.org$apache$spark$rdd$RDD$$dependencies__$eq-RDD.scala-241-241=4
org/apache/spark/rdd/DefaultPartitionCoalescer.currPrefLocs-CoalescedRDD.scala-178-178=18
org/apache/spark/rdd/HadoopRDD$$anonfun$convertSplitLocationInfo$1$$anonfun$apply$5.apply-HadoopRDD.scala-435-434=18
org/apache/spark/rdd/PartitionGroup.numPartitions-coalesce-public.scala-51-51=296
org/apache/spark/rdd/DefaultPartitionCoalescer.groupHash-CoalescedRDD.scala-169-169=28
org/apache/spark/rdd/CoalescedRDD.getDependencies-CoalescedRDD.scala-105-105=1
org/apache/spark/rdd/HadoopPartition.org$apache$spark$Partition$$super$equals-HadoopRDD.scala-48-48=4
org/apache/spark/rdd/DefaultPartitionCoalescer.setupGroups-CoalescedRDD.scala-243-241=1
org/apache/spark/rdd/RDD$$anonfun$partitions$2.apply-RDD.scala-269-269=93
org/apache/spark/rdd/RDD.getStorageLevel-RDD.scala-223-223=10
org/apache/spark/rdd/RDDOperationScope.id-RDDOperationScope.scala-49-49=3
org/apache/spark/rdd/RDDOperationScope$$anonfun$1.apply-RDDOperationScope.scala-104-104=20
org/apache/spark/rdd/RDD$$anonfun$4.apply-RDD.scala-323-323=6
org/apache/spark/rdd/RDD.coalesce$default$3-RDD.scala-469-469=1
org/apache/spark/rdd/RDD.name_$eq-RDD.scala-153-153=3
org/apache/spark/rdd/RDDOperationScope$.org$apache$spark$rdd$RDDOperationScope$$jsonMapper-RDDOperationScope.scala-82-82=9
org/apache/spark/rdd/RDD.sparkContext-RDD.scala-147-147=5
org/apache/spark/graphx/GraphLoader$.org$apache$spark$internal$Logging$$log__$eq-GraphLoader.scala-28-28=1
org/apache/spark/rdd/RDDOperationScope$.withScope-RDDOperationScope.scala-102-112=5
org/apache/spark/rdd/HadoopRDD$.org$apache$spark$rdd$HadoopRDD$$putCachedMetadata-HadoopRDD.scala-396-396=1
org/apache/spark/rdd/HadoopRDD.getPreferredLocations-HadoopRDD.scala-354-360=18
org/apache/spark/rdd/RDDOperationScope$.nextScopeId-RDDOperationScope.scala-90-90=3
org/apache/spark/rdd/RDD.checkpointData-RDD.scala-1751-1751=200
org/apache/spark/rdd/HadoopRDD$.getCachedMetadata-HadoopRDD.scala-393-393=1
org/apache/spark/rdd/HadoopRDD.getInputFormat-HadoopRDD.scala-190-196=1
org/apache/spark/rdd/RDDOperationScope$$anonfun$5.apply-RDDOperationScope.scala-137-137=4
org/apache/spark/rdd/RDD.coalesce$default$2-RDD.scala-468-468=1
org/apache/spark/rdd/RDD.org$apache$spark$internal$Logging$$log__$eq-RDD.scala-77-77=5
org/apache/spark/rdd/RDD$$anonfun$getNarrowAncestors$1.apply-RDD.scala-335-335=6
org/apache/spark/rdd/CoalescedRDDPartition$$anonfun$1.apply-CoalescedRDD.scala-42-42=28
org/apache/spark/rdd/RDDOperationScope$.fromJson-RDDOperationScope.scala-86-86=6
org/apache/spark/rdd/RDD.setName-RDD.scala-157-158=3
org/apache/spark/rdd/CoalescedRDD.getPreferredLocations-CoalescedRDD.scala-123-123=10
org/apache/spark/rdd/HadoopRDD$.convertSplitLocationInfo-HadoopRDD.scala-434-434=18
org/apache/spark/rdd/RDDOperationScope.parent-RDDOperationScope.scala-48-48=3
org/apache/spark/rdd/RDD.initializeLogIfNecessary-RDD.scala-77-77=2
org/apache/spark/rdd/RDD.partitions-RDD.scala-269-269=93
org/apache/spark/status/api/v1/ExecutorSummary.id-api.scala-77-77=48
org/apache/spark/status/api/v1/ApplicationAttemptInfo$.apply-api.scala-41-41=1
org/apache/spark/rdd/DefaultPartitionCoalescer$$anonfun$throwBalls$8.apply-CoalescedRDD.scala-376-376=28
org/apache/spark/rdd/DefaultPartitionCoalescer$PartitionLocations$$anonfun$getAllPrefLocs$1.org$apache$spark$rdd$DefaultPartitionCoalescer$PartitionLocations$$anonfun$$$outer-CoalescedRDD.scala-205-205=14
org/apache/spark/rdd/RDD.mapPartitionsWithIndex$default$2-RDD.scala-871-871=1
org/apache/spark/rdd/DefaultPartitionCoalescer.noLocality-CoalescedRDD.scala-174-174=1
org/apache/spark/rdd/CoalescedRDD$$anonfun$getPartitions$1$$anonfun$7.apply-CoalescedRDD.scala-93-93=28
org/apache/spark/rdd/RDD$$anonfun$org$apache$spark$rdd$RDD$$visit$1$1.apply-RDD.scala-327-328=3
org/apache/spark/rdd/MapPartitionsRDD$.$lessinit$greater$default$5-MapPartitionsRDD.scala-44-44=2
org/apache/spark/rdd/RDD.getDependencies-RDD.scala-132-132=3
org/apache/spark/rdd/DefaultPartitionCoalescer$PartitionLocations$$anonfun$getAllPrefLocs$1$$anonfun$apply$mcVI$sp$1.apply-CoalescedRDD.scala-207-206=42
org/apache/spark/rdd/RDDOperationScope$.$lessinit$greater$default$3-RDDOperationScope.scala-49-49=3
