org/apache/spark/status/api/v1/OutputMetrics.bytesWritten-api.scala-241-241=7
org/apache/spark/rdd/RDDOperationScope.name-RDDOperationScope.scala-47-47=87
org/apache/spark/status/api/v1/TaskMetrics.executorRunTime-api.scala-223-223=7
org/apache/spark/status/api/v1/TaskMetrics.inputMetrics-api.scala-231-231=14
org/apache/spark/rdd/RDD$$anonfun$5.apply-RDD.scala-324-324=94
org/apache/spark/rdd/RDD.name-RDD.scala-153-153=53
org/apache/spark/util/JsonProtocol$$anonfun$rddInfoToJson$6.apply-JsonProtocol.scala-443-443=70
org/apache/spark/rdd/RDD.getNumPartitions-RDD.scala-289-289=5
org/apache/spark/rdd/RDD$$anonfun$dependencies$2.apply-RDD.scala-252-252=201
org/apache/spark/rdd/RDD.org$apache$spark$rdd$RDD$$partitions_-RDD.scala-242-242=228
org/apache/spark/rdd/ShuffledRDD.isBarrier-ShuffledRDD.scala-114-114=2
org/apache/spark/status/api/v1/TaskMetrics.outputMetrics-api.scala-232-232=14
org/apache/spark/rdd/RDD.id-RDD.scala-150-150=282
org/apache/spark/rdd/RDD.scope-RDD.scala-1743-1743=53
org/apache/spark/util/JsonProtocol$$anonfun$rddInfoToJson$8.apply-JsonProtocol.scala-445-445=70
org/apache/spark/status/api/v1/InputMetrics.recordsRead-api.scala-238-238=7
org/apache/spark/util/JsonProtocol$$anonfun$rddInfoToJson$5.apply-JsonProtocol.scala-440-440=70
org/apache/spark/status/api/v1/TaskMetrics.shuffleWriteMetrics-api.scala-234-234=14
org/apache/spark/rdd/RDD.preferredLocations-RDD.scala-296-296=20
org/apache/spark/rdd/RDD.dependencies-RDD.scala-252-252=201
org/apache/spark/status/api/v1/StageData.attemptId-api.scala-166-166=7
org/apache/spark/rdd/MapPartitionsRDD.isBarrier_-MapPartitionsRDD.scala-60-60=23
org/apache/spark/status/api/v1/StageData.stageId-api.scala-165-165=7
org/apache/spark/rdd/RDD.getNarrowAncestors-RDD.scala-320-335=7
org/apache/spark/graphx/impl/EdgeRDDImpl.getStorageLevel-EdgeRDDImpl.scala-74-74=2
org/apache/spark/rdd/RDD.isBarrier_-RDD.scala-1935-1935=4
org/apache/spark/status/api/v1/TaskMetrics.shuffleReadMetrics-api.scala-233-233=21
org/apache/spark/status/api/v1/TaskMetrics.memoryBytesSpilled-api.scala-228-228=7
org/apache/spark/status/api/v1/ShuffleWriteMetrics.recordsWritten-api.scala-256-256=7
org/apache/spark/util/JsonProtocol$$anonfun$rddInfoToJson$1.apply-JsonProtocol.scala-437-437=72
org/apache/spark/status/api/v1/TaskMetrics.diskBytesSpilled-api.scala-229-229=7
org/apache/spark/status/api/v1/ShuffleReadMetrics.recordsRead-api.scala-251-251=7
org/apache/spark/rdd/RDD$$anonfun$org$apache$spark$rdd$RDD$$visit$1$1.apply-RDD.scala-326-326=46
org/apache/spark/status/api/v1/OutputMetrics.recordsWritten-api.scala-242-242=7
org/apache/spark/rdd/RDD$$anonfun$isBarrier_$2.apply-RDD.scala-1936-1936=14
org/apache/spark/rdd/RDD.creationSite-RDD.scala-1734-1734=59
org/apache/spark/rdd/RDD$$anonfun$partitions$2.apply-RDD.scala-269-269=114
org/apache/spark/rdd/RDD.getStorageLevel-RDD.scala-223-223=70
org/apache/spark/rdd/RDD$$anonfun$6.apply-RDD.scala-325-325=94
org/apache/spark/rdd/RDD$$anonfun$preferredLocations$2.apply-RDD.scala-297-297=20
org/apache/spark/rdd/RDDOperationScope.id-RDDOperationScope.scala-49-49=87
org/apache/spark/rdd/RDD$$anonfun$4.apply-RDD.scala-323-323=116
org/apache/spark/util/JsonProtocol$$anonfun$rddInfoToJson$4$$anonfun$apply$19.apply-JsonProtocol.scala-439-439=70
org/apache/spark/rdd/RDD.org$apache$spark$rdd$RDD$$dependencies_-RDD.scala-241-241=402
org/apache/spark/rdd/RDDOperationScope$.org$apache$spark$rdd$RDDOperationScope$$jsonMapper-RDDOperationScope.scala-82-82=35
org/apache/spark/status/api/v1/TaskMetrics.executorCpuTime-api.scala-224-224=7
org/apache/spark/util/JsonProtocol$$anonfun$rddInfoToJson$9.apply-JsonProtocol.scala-446-446=70
org/apache/spark/util/JsonProtocol$$anonfun$rddInfoToJson$3.apply-JsonProtocol.scala-439-439=70
org/apache/spark/rdd/RDD.checkpointData-RDD.scala-1751-1751=335
org/apache/spark/rdd/RDD$$anonfun$isBarrier_$1.apply-RDD.scala-1936-1936=14
org/apache/spark/rdd/RDDOperationScope.toJson-RDDOperationScope.scala-52-52=35
org/apache/spark/util/JsonProtocol$$anonfun$rddInfoToJson$4.apply-JsonProtocol.scala-439-439=72
org/apache/spark/status/api/v1/ShuffleReadMetrics.localBytesRead-api.scala-250-250=7
org/apache/spark/rdd/RDD.org$apache$spark$rdd$RDD$$visit$1-RDD.scala-323-326=53
org/apache/spark/rdd/RDD.isBarrier-RDD.scala-1931-1931=28
org/apache/spark/status/api/v1/InputMetrics.bytesRead-api.scala-237-237=7
org/apache/spark/rdd/RDD.getPreferredLocations-RDD.scala-137-137=20
org/apache/spark/rdd/RDD$$anonfun$getNarrowAncestors$1.apply-RDD.scala-335-335=92
org/apache/spark/rdd/MapPartitionsRDD$$anonfun$isBarrier_$1.apply-MapPartitionsRDD.scala-60-60=14
org/apache/spark/graphx/impl/EdgeRDDImpl.partitionsRDD-EdgeRDDImpl.scala-28-28=2
org/apache/spark/status/api/v1/ShuffleWriteMetrics.bytesWritten-api.scala-254-254=7
org/apache/spark/rdd/RDDOperationScope.parent-RDDOperationScope.scala-48-48=87
org/apache/spark/rdd/RDD.partitions-RDD.scala-269-269=114
org/apache/spark/status/api/v1/JobData.jobId-api.scala-110-110=1
org/apache/spark/util/JsonProtocol$$anonfun$rddInfoToJson$7.apply-JsonProtocol.scala-444-444=70
org/apache/spark/rdd/RDDOperationScope$$anonfun$getAllScopes$2.apply-RDDOperationScope.scala-61-61=52
org/apache/spark/rdd/RDD$$anonfun$org$apache$spark$rdd$RDD$$visit$1$1.apply-RDD.scala-327-328=46
org/apache/spark/rdd/RDDOperationScope.getAllScopes-RDDOperationScope.scala-61-61=52
org/apache/spark/util/JsonProtocol$$anonfun$rddInfoToJson$2.apply-JsonProtocol.scala-437-437=72
org/apache/spark/status/api/v1/ShuffleReadMetrics.remoteBytesRead-api.scala-248-248=7
