org/apache/spark/status/api/v1/OutputMetrics.bytesWritten-api.scala-241-241=394
org/apache/spark/mllib/regression/LabeledPoint.features-LabeledPoint.scala-38-38=4746
org/apache/spark/status/api/v1/TaskMetrics.resultSize-api.scala-225-225=341
org/apache/spark/rdd/PairRDDFunctions$$anonfun$keys$1.apply-PairRDDFunctions.scala-1104-1104=142
org/apache/spark/rdd/RDD.org$apache$spark$rdd$RDD$$partitions_-RDD.scala-242-242=96
org/apache/spark/status/api/v1/ShuffleReadMetrics.localBlocksFetched-api.scala-246-246=353
org/apache/spark/mllib/classification/SVMModel.predict-SVM.scala-85-85=72
org/apache/spark/rdd/RDD.id-RDD.scala-150-150=76
org/apache/spark/rdd/RDD.scope-RDD.scala-1743-1743=3
org/apache/spark/status/api/v1/InputMetrics.recordsRead-api.scala-238-238=390
org/apache/spark/util/JsonProtocol$$anonfun$rddInfoToJson$5.apply-JsonProtocol.scala-440-440=12
org/apache/spark/status/api/v1/ShuffleWriteMetrics.writeTime-api.scala-255-255=338
org/apache/spark/status/api/v1/TaskMetrics.peakExecutionMemory-api.scala-230-230=336
org/apache/spark/status/api/v1/TaskMetrics.shuffleWriteMetrics-api.scala-234-234=1124
org/apache/spark/status/api/v1/StageData.attemptId-api.scala-166-166=27
org/apache/spark/status/api/v1/StageData.stageId-api.scala-165-165=28
org/apache/spark/status/api/v1/ShuffleReadMetrics.remoteBytesReadToDisk-api.scala-249-249=354
org/apache/spark/rdd/RDD.getNarrowAncestors-RDD.scala-320-335=1
org/apache/spark/mllib/regression/LabeledPoint.hashCode-LabeledPoint.scala-36-36=2854
org/apache/spark/rdd/CoGroupPartition.index-CoGroupedRDD.scala-61-61=53
org/apache/spark/status/api/v1/TaskMetrics.memoryBytesSpilled-api.scala-228-228=375
org/apache/spark/rdd/RDD.isCheckpointedAndMaterialized-RDD.scala-1677-1677=18
org/apache/spark/mllib/linalg/DenseVector.size-Vectors.scala-620-620=4672
org/apache/spark/mllib/classification/SVMModel.predictPoint-SVM.scala-75-76=71
org/apache/spark/status/api/v1/ShuffleReadMetrics.recordsRead-api.scala-251-251=394
org/apache/spark/rdd/RDD$$anonfun$org$apache$spark$rdd$RDD$$visit$1$1.apply-RDD.scala-326-326=2
org/apache/spark/status/api/v1/OutputMetrics.recordsWritten-api.scala-242-242=387
org/apache/spark/rdd/RDD.creationSite-RDD.scala-1734-1734=3
org/apache/spark/rdd/RDD$$anonfun$6.apply-RDD.scala-325-325=4
org/apache/spark/mllib/evaluation/binary/BinaryLabelCounter.numPositives-BinaryLabelCounter.scala-27-27=28
org/apache/spark/rdd/RDD$$anonfun$preferredLocations$2.apply-RDD.scala-297-297=30
org/apache/spark/rdd/SubtractedRDD$$anonfun$compute$2.apply-SubtractedRDD.scala-121-121=1815
org/apache/spark/rdd/RDD.org$apache$spark$rdd$RDD$$dependencies_-RDD.scala-241-241=137
org/apache/spark/status/api/v1/TaskMetrics.executorCpuTime-api.scala-224-224=375
org/apache/spark/rdd/RDDOperationScope.toJson-RDDOperationScope.scala-52-52=6
org/apache/spark/rdd/RDD.org$apache$spark$rdd$RDD$$visit$1-RDD.scala-323-326=3
org/apache/spark/rdd/RDD.isBarrier-RDD.scala-1931-1931=10
org/apache/spark/api/java/JavaPairRDD$$anonfun$toScalaFunction$1.apply-JavaPairRDD.scala-1040-1040=71
org/apache/spark/status/api/v1/InputMetrics.bytesRead-api.scala-237-237=384
org/apache/spark/rdd/RDD.getPreferredLocations-RDD.scala-137-137=20
org/apache/spark/status/api/v1/ExecutorSummary.hostPort-api.scala-78-78=28
org/apache/spark/rdd/MapPartitionsRDD.computeOrReadCheckpoint-MapPartitionsRDD.scala-343-343=30
org/apache/spark/mllib/linalg/DenseVector.toArray-Vectors.scala-625-625=1813
org/apache/spark/mllib/regression/LabeledPoint.equals-LabeledPoint.scala-36-36=910
org/apache/spark/rdd/RDD.iterator-RDD.scala-307-307=30
org/apache/spark/status/api/v1/ShuffleWriteMetrics.bytesWritten-api.scala-254-254=385
org/apache/spark/mllib/linalg/DenseVector.asBreeze-Vectors.scala-627-627=141
org/apache/spark/util/JsonProtocol$$anonfun$rddInfoToJson$7.apply-JsonProtocol.scala-444-444=12
org/apache/spark/rdd/RDD.firstParent-RDD.scala-1763-1763=14
org/apache/spark/mllib/evaluation/binary/BinaryLabelCounter.numNegatives-BinaryLabelCounter.scala-28-28=42
org/apache/spark/mllib/evaluation/binary/BinaryLabelCounter.numPositives_$eq-BinaryLabelCounter.scala-27-27=28
org/apache/spark/util/JsonProtocol$$anonfun$rddInfoToJson$2.apply-JsonProtocol.scala-437-437=12
org/apache/spark/status/api/v1/ShuffleReadMetrics.remoteBytesRead-api.scala-248-248=400
org/apache/spark/rdd/InputFileBlockHolder$.unset-InputFileBlockHolder.scala-86-86=6
org/apache/spark/rdd/RDDOperationScope.name-RDDOperationScope.scala-47-47=6
org/apache/spark/status/api/v1/TaskMetrics.executorRunTime-api.scala-223-223=384
org/apache/spark/status/api/v1/TaskMetrics.inputMetrics-api.scala-231-231=769
org/apache/spark/rdd/RDD$$anonfun$5.apply-RDD.scala-324-324=4
org/apache/spark/mllib/linalg/DenseVector.equals-Vectors.scala-649-649=908
org/apache/spark/rdd/RDD.name-RDD.scala-153-153=3
org/apache/spark/util/JsonProtocol$$anonfun$rddInfoToJson$6.apply-JsonProtocol.scala-443-443=12
org/apache/spark/mllib/regression/GeneralizedLinearModel.predict-GeneralizedLinearAlgorithm.scala-85-85=72
org/apache/spark/rdd/SubtractedRDD$$anonfun$compute$3.apply-SubtractedRDD.scala-122-122=141
org/apache/spark/rdd/ShuffledRDDPartition.index-ShuffledRDD.scala-27-27=10
org/apache/spark/rdd/RDD$$anonfun$dependencies$2.apply-RDD.scala-252-252=68
org/apache/spark/rdd/RDD.computeOrReadCheckpoint-RDD.scala-343-343=30
org/apache/spark/mllib/regression/GeneralizedLinearModel.intercept-GeneralizedLinearAlgorithm.scala-44-44=70
org/apache/spark/mllib/regression/LabeledPoint.label-LabeledPoint.scala-37-37=4737
org/apache/spark/status/api/v1/TaskMetrics.outputMetrics-api.scala-232-232=785
org/apache/spark/mllib/linalg/DenseVector.hashCode-Vectors.scala-652-666=2862
org/apache/spark/mllib/classification/SVMModel.intercept-SVM.scala-39-39=70
org/apache/spark/mllib/regression/GeneralizedLinearModel.weights-GeneralizedLinearAlgorithm.scala-43-43=70
org/apache/spark/util/JsonProtocol$$anonfun$rddInfoToJson$8.apply-JsonProtocol.scala-445-445=12
org/apache/spark/mllib/linalg/Vectors$.MAX_HASH_NNZ-Vectors.scala-597-597=28632
org/apache/spark/status/api/v1/TaskMetrics.executorDeserializeCpuTime-api.scala-222-222=356
org/apache/spark/rdd/RDD.preferredLocations-RDD.scala-296-296=30
org/apache/spark/rdd/RDD.dependencies-RDD.scala-252-252=71
org/apache/spark/status/api/v1/ShuffleReadMetrics.fetchWaitTime-api.scala-247-247=360
org/apache/spark/rdd/MapPartitionsRDD.isBarrier_-MapPartitionsRDD.scala-60-60=10
org/apache/spark/rdd/SubtractedRDD.compute-SubtractedRDD.scala-90-122=10
org/apache/spark/rdd/RDD$$anonfun$map$1$$anonfun$apply$5.apply-RDD.scala-394-394=40
org/apache/spark/mllib/linalg/DenseVector.values-Vectors.scala-617-617=66732
org/apache/spark/rdd/ShuffledRDD.getPreferredLocations-ShuffledRDD.scala-97-99=10
org/apache/spark/rdd/SubtractedRDD.org$apache$spark$rdd$SubtractedRDD$$getSeq$1-SubtractedRDD.scala-93-92=975
org/apache/spark/status/api/v1/TaskMetrics.shuffleReadMetrics-api.scala-233-233=2609
org/apache/spark/status/api/v1/ShuffleReadMetrics.remoteBlocksFetched-api.scala-245-245=350
org/apache/spark/status/api/v1/ShuffleWriteMetrics.recordsWritten-api.scala-256-256=383
org/apache/spark/util/JsonProtocol$$anonfun$rddInfoToJson$1.apply-JsonProtocol.scala-437-437=12
org/apache/spark/status/api/v1/TaskMetrics.diskBytesSpilled-api.scala-229-229=372
org/apache/spark/mllib/evaluation/BinaryClassificationMetrics$$anonfun$2.apply-BinaryClassificationMetrics.scala-152-152=137
org/apache/spark/mllib/classification/SVMModel.weights-SVM.scala-38-38=69
org/apache/spark/status/api/v1/TaskMetrics.resultSerializationTime-api.scala-227-227=337
org/apache/spark/rdd/RDD$$anonfun$partitions$2.apply-RDD.scala-269-269=48
org/apache/spark/rdd/RDD.getStorageLevel-RDD.scala-223-223=6
org/apache/spark/rdd/MapPartitionsRDD.isCheckpointedAndMaterialized-MapPartitionsRDD.scala-1677-1677=17
org/apache/spark/rdd/RDDOperationScope.id-RDDOperationScope.scala-49-49=6
org/apache/spark/mllib/regression/LabeledPoint.canEqual-LabeledPoint.scala-36-36=910
org/apache/spark/mllib/evaluation/binary/BinaryLabelCounter.$plus$eq-BinaryLabelCounter.scala-34-35=70
org/apache/spark/rdd/RDD$$anonfun$4.apply-RDD.scala-323-323=8
org/apache/spark/util/JsonProtocol$$anonfun$rddInfoToJson$4$$anonfun$apply$19.apply-JsonProtocol.scala-439-439=12
org/apache/spark/rdd/InputFileBlockHolder$$anon$1.initialValue-InputFileBlockHolder.scala-53-53=4
org/apache/spark/rdd/RDD.sparkContext-RDD.scala-147-147=1
org/apache/spark/rdd/RDDOperationScope$.org$apache$spark$rdd$RDDOperationScope$$jsonMapper-RDDOperationScope.scala-82-82=6
org/apache/spark/rdd/InputFileBlockHolder$.initialize-InputFileBlockHolder.scala-92-92=4
org/apache/spark/util/JsonProtocol$$anonfun$rddInfoToJson$9.apply-JsonProtocol.scala-446-446=12
org/apache/spark/util/JsonProtocol$$anonfun$rddInfoToJson$3.apply-JsonProtocol.scala-439-439=12
org/apache/spark/rdd/SubtractedRDD$$anonfun$compute$3$$anonfun$apply$1.apply-SubtractedRDD.scala-122-122=70
org/apache/spark/rdd/RDD.checkpointData-RDD.scala-1751-1751=163
org/apache/spark/util/JsonProtocol$$anonfun$rddInfoToJson$4.apply-JsonProtocol.scala-439-439=12
org/apache/spark/status/api/v1/ShuffleReadMetrics.localBytesRead-api.scala-250-250=390
org/apache/spark/rdd/MapPartitionsRDD.compute-MapPartitionsRDD.scala-52-52=20
org/apache/spark/status/api/v1/TaskMetrics.executorDeserializeTime-api.scala-221-221=397
org/apache/spark/rdd/MapPartitionsRDD.org$apache$spark$rdd$RDD$$dependencies_-MapPartitionsRDD.scala-241-241=56
org/apache/spark/rdd/RDD$$anonfun$getNarrowAncestors$1.apply-RDD.scala-335-335=4
org/apache/spark/rdd/SubtractedRDD$$anonfun$compute$1.apply-SubtractedRDD.scala-119-119=1955
org/apache/spark/rdd/MapPartitionsRDD.dependencies-MapPartitionsRDD.scala-252-252=30
org/apache/spark/mllib/linalg/Vector$class.equals-Vectors.scala-62-62=907
org/apache/spark/rdd/MapPartitionsRDD.firstParent-MapPartitionsRDD.scala-1763-1763=16
org/apache/spark/rdd/RDDOperationScope.parent-RDDOperationScope.scala-48-48=6
org/apache/spark/rdd/RDD.partitions-RDD.scala-269-269=48
org/apache/spark/mllib/evaluation/binary/BinaryLabelCounter.numNegatives_$eq-BinaryLabelCounter.scala-28-28=43
org/apache/spark/status/api/v1/JobData.jobId-api.scala-110-110=18
org/apache/spark/status/api/v1/ExecutorSummary.id-api.scala-77-77=27
org/apache/spark/rdd/MapPartitionsRDD.checkpointData-MapPartitionsRDD.scala-1751-1751=46
org/apache/spark/status/api/v1/TaskMetrics.jvmGcTime-api.scala-226-226=338
org/apache/spark/status/api/v1/RDDStorageInfo.id-api.scala-132-132=10
org/apache/spark/rdd/MapPartitionsRDD.iterator-MapPartitionsRDD.scala-307-307=30
org/apache/spark/rdd/RDD$$anonfun$org$apache$spark$rdd$RDD$$visit$1$1.apply-RDD.scala-327-328=2
