org/apache/spark/status/api/v1/OutputMetrics.bytesWritten-api.scala-241-241=167
org/apache/spark/mllib/regression/LabeledPoint.features-LabeledPoint.scala-38-38=1814
org/apache/spark/status/api/v1/TaskMetrics.resultSize-api.scala-225-225=117
org/apache/spark/rdd/MapPartitionsRDD.initializeLogIfNecessary-MapPartitionsRDD.scala-77-77=9
org/apache/spark/rdd/RDD.org$apache$spark$rdd$RDD$$partitions_-RDD.scala-242-242=84
org/apache/spark/status/api/v1/ShuffleReadMetrics.localBlocksFetched-api.scala-246-246=118
org/apache/spark/rdd/HadoopRDD.jobConfCacheKey-HadoopRDD.scala-127-127=7
org/apache/spark/rdd/RDD.id-RDD.scala-150-150=94
org/apache/spark/rdd/RDD.scope-RDD.scala-1743-1743=5
org/apache/spark/rdd/PartitionwiseSampledRDDPartition.index-PartitionwiseSampledRDD.scala-31-31=21
org/apache/spark/status/api/v1/InputMetrics.recordsRead-api.scala-238-238=174
org/apache/spark/util/JsonProtocol$$anonfun$rddInfoToJson$5.apply-JsonProtocol.scala-440-440=28
org/apache/spark/status/api/v1/ShuffleWriteMetrics.writeTime-api.scala-255-255=132
org/apache/spark/status/api/v1/TaskMetrics.peakExecutionMemory-api.scala-230-230=118
org/apache/spark/status/api/v1/TaskMetrics.shuffleWriteMetrics-api.scala-234-234=434
org/apache/spark/status/api/v1/StageData.attemptId-api.scala-166-166=18
org/apache/spark/status/api/v1/StageData.stageId-api.scala-165-165=20
org/apache/spark/status/api/v1/ShuffleReadMetrics.remoteBytesReadToDisk-api.scala-249-249=138
org/apache/spark/rdd/RDD.getNarrowAncestors-RDD.scala-320-335=1
org/apache/spark/rdd/RDD.logDebug-RDD.scala-77-77=7
org/apache/spark/rdd/HadoopRDD$$anon$1.org$apache$spark$rdd$HadoopRDD$$anon$$updateBytesRead-HadoopRDD.scala-254-254=16
org/apache/spark/rdd/RDD.elementClassTag-RDD.scala-1749-1749=5
org/apache/spark/mllib/regression/LabeledPoint.hashCode-LabeledPoint.scala-36-36=1811
org/apache/spark/status/api/v1/TaskMetrics.memoryBytesSpilled-api.scala-228-228=143
org/apache/spark/rdd/RDD.isCheckpointedAndMaterialized-RDD.scala-1677-1677=25
org/apache/spark/rdd/HadoopRDD$$anon$1.close-HadoopRDD.scala-314-314=8
org/apache/spark/rdd/HadoopRDD$$anon$1$$anonfun$org$apache$spark$rdd$HadoopRDD$$anon$$updateBytesRead$1.apply-HadoopRDD.scala-254-254=16
org/apache/spark/mllib/linalg/DenseVector.size-Vectors.scala-620-620=1831
org/apache/spark/rdd/HadoopPartition.inputSplit-HadoopRDD.scala-51-51=26
org/apache/spark/status/api/v1/ShuffleReadMetrics.recordsRead-api.scala-251-251=170
org/apache/spark/rdd/RDD$$anonfun$org$apache$spark$rdd$RDD$$visit$1$1.apply-RDD.scala-326-326=4
org/apache/spark/status/api/v1/OutputMetrics.recordsWritten-api.scala-242-242=163
org/apache/spark/rdd/RDD.creationSite-RDD.scala-1734-1734=5
org/apache/spark/mllib/linalg/Vector$class.$init$-Vectors.scala-47-47=961
org/apache/spark/rdd/RDD$$anonfun$6.apply-RDD.scala-325-325=8
org/apache/spark/rdd/RDD.log-RDD.scala-77-77=24
org/apache/spark/rdd/RDD$$anonfun$preferredLocations$2.apply-RDD.scala-297-297=30
org/apache/spark/rdd/RDD.org$apache$spark$rdd$RDD$$dependencies_-RDD.scala-241-241=133
org/apache/spark/rdd/MapPartitionsRDD.getOrCompute-MapPartitionsRDD.scala-354-357=7
org/apache/spark/status/api/v1/TaskMetrics.executorCpuTime-api.scala-224-224=140
org/apache/spark/rdd/RDDOperationScope.toJson-RDDOperationScope.scala-52-52=14
org/apache/spark/rdd/RDD.org$apache$spark$rdd$RDD$$visit$1-RDD.scala-323-326=5
org/apache/spark/rdd/RDD.isBarrier-RDD.scala-1931-1931=10
org/apache/spark/rdd/HadoopPartition.index-HadoopRDD.scala-48-48=23
org/apache/spark/api/java/JavaPairRDD$$anonfun$toScalaFunction$1.apply-JavaPairRDD.scala-1040-1040=964
org/apache/spark/mllib/linalg/Vectors$.parseNumeric-Vectors.scala-395-401=967
org/apache/spark/status/api/v1/InputMetrics.bytesRead-api.scala-237-237=168
org/apache/spark/mllib/regression/LabeledPoint$.parse-LabeledPoint.scala-61-61=963
org/apache/spark/rdd/RDD.getPreferredLocations-RDD.scala-137-137=30
org/apache/spark/status/api/v1/ExecutorSummary.hostPort-api.scala-78-78=18
org/apache/spark/rdd/MapPartitionsRDD.computeOrReadCheckpoint-MapPartitionsRDD.scala-343-343=37
org/apache/spark/rdd/RDD.getOrCompute-RDD.scala-354-357=5
org/apache/spark/rdd/HadoopRDD$$anon$1$$anonfun$3.apply-HadoopRDD.scala-284-285=7
org/apache/spark/rdd/RDD.iterator-RDD.scala-307-307=39
org/apache/spark/rdd/MapPartitionsRDD.id-MapPartitionsRDD.scala-150-150=6
org/apache/spark/status/api/v1/ShuffleWriteMetrics.bytesWritten-api.scala-254-254=163
org/apache/spark/rdd/MapPartitionsRDD.org$apache$spark$internal$Logging$$log_-MapPartitionsRDD.scala-77-77=38
org/apache/spark/rdd/MapPartitionsRDD.elementClassTag-MapPartitionsRDD.scala-1749-1749=5
org/apache/spark/util/JsonProtocol$$anonfun$rddInfoToJson$7.apply-JsonProtocol.scala-444-444=28
org/apache/spark/rdd/RDD.firstParent-RDD.scala-1763-1763=23
org/apache/spark/util/JsonProtocol$$anonfun$rddInfoToJson$2.apply-JsonProtocol.scala-437-437=28
org/apache/spark/status/api/v1/ShuffleReadMetrics.remoteBytesRead-api.scala-248-248=161
org/apache/spark/rdd/InputFileBlockHolder$.unset-InputFileBlockHolder.scala-86-86=25
org/apache/spark/rdd/HadoopRDD$.addLocalConfiguration-HadoopRDD.scala-401-408=7
org/apache/spark/rdd/RDDOperationScope.name-RDDOperationScope.scala-47-47=14
org/apache/spark/status/api/v1/TaskMetrics.executorRunTime-api.scala-223-223=134
org/apache/spark/status/api/v1/TaskMetrics.inputMetrics-api.scala-231-231=343
org/apache/spark/rdd/RDD$$anonfun$5.apply-RDD.scala-324-324=8
org/apache/spark/rdd/MapPartitionsRDD.org$apache$spark$internal$Logging$$log__$eq-MapPartitionsRDD.scala-77-77=6
org/apache/spark/rdd/MapPartitionsRDD.logInfo-MapPartitionsRDD.scala-77-77=7
org/apache/spark/rdd/HadoopRDD$$anon$1$$anonfun$org$apache$spark$rdd$HadoopRDD$$anon$$updateBytesRead$1.apply-HadoopRDD.scala-255-255=14
org/apache/spark/rdd/RDD.name-RDD.scala-153-153=5
org/apache/spark/util/JsonProtocol$$anonfun$rddInfoToJson$6.apply-JsonProtocol.scala-443-443=28
org/apache/spark/rdd/HadoopRDD$$anonfun$getJobConf$4.apply-HadoopRDD.scala-167-167=7
org/apache/spark/rdd/HadoopRDD$$anon$1.getNext-HadoopRDD.scala-224-224=966
org/apache/spark/rdd/RDD$$anonfun$dependencies$2.apply-RDD.scala-252-252=69
org/apache/spark/rdd/RDD.computeOrReadCheckpoint-RDD.scala-343-343=36
org/apache/spark/rdd/HadoopRDD$$anon$1.org$apache$spark$rdd$HadoopRDD$$anon$$existingBytesRead-HadoopRDD.scala-231-231=17
org/apache/spark/rdd/RDD.org$apache$spark$internal$Logging$$log_-RDD.scala-77-77=39
org/apache/spark/mllib/regression/LabeledPoint.label-LabeledPoint.scala-37-37=1818
org/apache/spark/rdd/HadoopRDD$$anon$1$$anonfun$2.apply-HadoopRDD.scala-227-227=7
org/apache/spark/rdd/HadoopRDD$$anon$1.org$apache$spark$rdd$HadoopRDD$$anon$$inputMetrics-HadoopRDD.scala-230-230=1945
org/apache/spark/status/api/v1/TaskMetrics.outputMetrics-api.scala-232-232=327
org/apache/spark/rdd/MapPartitionsRDD.logDebug-MapPartitionsRDD.scala-77-77=7
org/apache/spark/mllib/linalg/DenseVector.hashCode-Vectors.scala-652-666=1816
org/apache/spark/rdd/RDD$$anonfun$subtract$3$$anonfun$apply$33.apply-RDD.scala-1054-1054=960
org/apache/spark/util/JsonProtocol$$anonfun$rddInfoToJson$8.apply-JsonProtocol.scala-445-445=28
org/apache/spark/mllib/regression/LabeledPoint.parse-LabeledPoint.scala--1--1=966
org/apache/spark/mllib/linalg/Vectors$.MAX_HASH_NNZ-Vectors.scala-597-597=18334
org/apache/spark/status/api/v1/TaskMetrics.executorDeserializeCpuTime-api.scala-222-222=112
org/apache/spark/rdd/RDD.preferredLocations-RDD.scala-296-296=30
org/apache/spark/rdd/MapPartitionsRDD.logName-MapPartitionsRDD.scala-77-77=5
org/apache/spark/rdd/RDD.dependencies-RDD.scala-252-252=68
org/apache/spark/mllib/util/NumericParser$.parse-NumericParser.scala-37-49=958
org/apache/spark/status/api/v1/ShuffleReadMetrics.fetchWaitTime-api.scala-247-247=125
org/apache/spark/rdd/RDD.logName-RDD.scala-77-77=6
org/apache/spark/rdd/MapPartitionsRDD.isBarrier_-MapPartitionsRDD.scala-60-60=10
org/apache/spark/rdd/HadoopRDD.getJobConf-HadoopRDD.scala-144-153=7
org/apache/spark/rdd/RDD$$anonfun$map$1$$anonfun$apply$5.apply-RDD.scala-394-394=58
org/apache/spark/mllib/linalg/DenseVector.values-Vectors.scala-617-617=40347
org/apache/spark/status/api/v1/TaskMetrics.shuffleReadMetrics-api.scala-233-233=1016
org/apache/spark/status/api/v1/ShuffleReadMetrics.remoteBlocksFetched-api.scala-245-245=122
org/apache/spark/status/api/v1/ShuffleWriteMetrics.recordsWritten-api.scala-256-256=147
org/apache/spark/util/JsonProtocol$$anonfun$rddInfoToJson$1.apply-JsonProtocol.scala-437-437=28
org/apache/spark/status/api/v1/TaskMetrics.diskBytesSpilled-api.scala-229-229=152
org/apache/spark/status/api/v1/TaskMetrics.resultSerializationTime-api.scala-227-227=115
org/apache/spark/rdd/RDD$$anonfun$partitions$2.apply-RDD.scala-269-269=42
org/apache/spark/rdd/RDD.getStorageLevel-RDD.scala-223-223=11
org/apache/spark/rdd/MapPartitionsRDD.isCheckpointedAndMaterialized-MapPartitionsRDD.scala-1677-1677=27
org/apache/spark/rdd/RDDOperationScope.id-RDDOperationScope.scala-49-49=14
org/apache/spark/rdd/RDD$$anonfun$4.apply-RDD.scala-323-323=8
org/apache/spark/util/JsonProtocol$$anonfun$rddInfoToJson$4$$anonfun$apply$19.apply-JsonProtocol.scala-439-439=28
org/apache/spark/rdd/InputFileBlockHolder$$anon$1.initialValue-InputFileBlockHolder.scala-53-53=3
org/apache/spark/rdd/RDD.sparkContext-RDD.scala-147-147=1
org/apache/spark/rdd/RDDOperationScope$.org$apache$spark$rdd$RDDOperationScope$$jsonMapper-RDDOperationScope.scala-82-82=14
org/apache/spark/util/JsonProtocol$$anonfun$rddInfoToJson$9.apply-JsonProtocol.scala-446-446=28
org/apache/spark/util/JsonProtocol$$anonfun$rddInfoToJson$3.apply-JsonProtocol.scala-439-439=28
org/apache/spark/rdd/RDD.checkpointData-RDD.scala-1751-1751=165
org/apache/spark/util/JsonProtocol$$anonfun$rddInfoToJson$4.apply-JsonProtocol.scala-439-439=28
org/apache/spark/status/api/v1/ShuffleReadMetrics.localBytesRead-api.scala-250-250=165
org/apache/spark/rdd/HadoopRDD$.getCachedMetadata-HadoopRDD.scala-393-393=6
org/apache/spark/rdd/HadoopRDD.getInputFormat-HadoopRDD.scala-190-196=7
org/apache/spark/rdd/HadoopRDD$$anon$1$$anonfun$3.apply-HadoopRDD.scala-281-281=8
org/apache/spark/rdd/MapPartitionsRDD.compute-MapPartitionsRDD.scala-52-52=30
org/apache/spark/status/api/v1/TaskMetrics.executorDeserializeTime-api.scala-221-221=126
org/apache/spark/rdd/MapPartitionsRDD.org$apache$spark$rdd$RDD$$dependencies_-MapPartitionsRDD.scala-241-241=44
org/apache/spark/rdd/RDD$$anonfun$getNarrowAncestors$1.apply-RDD.scala-335-335=8
org/apache/spark/rdd/RDD.org$apache$spark$internal$Logging$$log__$eq-RDD.scala-77-77=6
org/apache/spark/rdd/HadoopRDD.org$apache$spark$rdd$HadoopRDD$$createTime-HadoopRDD.scala-132-132=6
org/apache/spark/rdd/MapPartitionsRDD.dependencies-MapPartitionsRDD.scala-252-252=24
org/apache/spark/rdd/MapPartitionsRDD.log-MapPartitionsRDD.scala-77-77=21
org/apache/spark/rdd/RDD.logInfo-RDD.scala-77-77=7
org/apache/spark/rdd/RDD$$anonfun$subtract$3$$anonfun$apply$34.apply-RDD.scala-1054-1054=855
org/apache/spark/rdd/MapPartitionsRDD.firstParent-MapPartitionsRDD.scala-1763-1763=21
org/apache/spark/rdd/RDDOperationScope.parent-RDDOperationScope.scala-48-48=14
org/apache/spark/rdd/HadoopRDD$$anon$1.org$apache$spark$rdd$HadoopRDD$$anon$$split-HadoopRDD.scala-226-226=26
org/apache/spark/rdd/InputFileBlockHolder$.set-InputFileBlockHolder.scala-77-80=7
org/apache/spark/rdd/HadoopRDD.compute-HadoopRDD.scala-95-95=7
org/apache/spark/rdd/RDD.partitions-RDD.scala-269-269=42
org/apache/spark/rdd/RDD.initializeLogIfNecessary-RDD.scala-77-77=10
org/apache/spark/rdd/RDD$$anon$1.next-RDD.scala-367-368=850
org/apache/spark/status/api/v1/JobData.jobId-api.scala-110-110=11
org/apache/spark/status/api/v1/ExecutorSummary.id-api.scala-77-77=17
org/apache/spark/rdd/MapPartitionsRDD.checkpointData-MapPartitionsRDD.scala-1751-1751=50
org/apache/spark/mllib/linalg/Vectors$.dense-Vectors.scala-308-308=966
org/apache/spark/status/api/v1/TaskMetrics.jvmGcTime-api.scala-226-226=123
org/apache/spark/status/api/v1/RDDStorageInfo.id-api.scala-132-132=4
org/apache/spark/rdd/MapPartitionsRDD.iterator-MapPartitionsRDD.scala-307-307=41
org/apache/spark/rdd/RDD$$anonfun$org$apache$spark$rdd$RDD$$visit$1$1.apply-RDD.scala-327-328=4
