org/apache/spark/rdd/RDD.doCheckpoint-RDD.scala-1800-1800=6
org/apache/spark/rdd/MapPartitionsRDD.partitioner-MapPartitionsRDD.scala-47-47=4
org/apache/spark/api/java/JavaRDD.toRDD-JavaRDD.scala--1--1=1
org/apache/spark/mllib/optimization/GradientDescent$.runMiniBatchSGD-GradientDescent.scala-193-278=1
org/apache/spark/rdd/RDD.getNumPartitions-RDD.scala-289-289=3
org/apache/spark/rdd/RDD.org$apache$spark$rdd$RDD$$partitions_-RDD.scala-242-242=206
org/apache/spark/rdd/RDD.org$apache$spark$rdd$RDD$$sc-RDD.scala-89-100=51
org/apache/spark/rdd/PairRDDFunctions$$anonfun$combineByKey$3.apply-PairRDDFunctions.scala-614-614=1
org/apache/spark/mllib/optimization/GradientDescent.optimize-GradientDescent.scala-135-135=1
org/apache/spark/rdd/RDD$.rddToPairRDDFunctions-RDD.scala-2016-2016=1
org/apache/spark/rdd/PartitionwiseSampledRDDPartition.index-PartitionwiseSampledRDD.scala-31-31=10
org/apache/spark/status/api/v1/InputMetrics.recordsRead-api.scala-238-238=25
org/apache/spark/status/api/v1/TaskMetrics.shuffleWriteMetrics-api.scala-234-234=61
org/apache/spark/status/api/v1/StageData.attemptId-api.scala-166-166=11
org/apache/spark/rdd/RDD$$anonfun$mapPartitionsWithIndex$1.apply-RDD.scala-871-871=1
org/apache/spark/rdd/SubtractedRDD$$anonfun$getPartitions$1.org$apache$spark$rdd$SubtractedRDD$$anonfun$$$outer-SubtractedRDD.scala-73-73=20
org/apache/spark/rdd/RDD$.CHECKPOINT_ALL_MARKED_ANCESTORS-RDD.scala-2006-2006=4
org/apache/spark/status/api/v1/ShuffleReadMetrics.remoteBytesReadToDisk-api.scala-249-249=12
org/apache/spark/rdd/RDD.getNarrowAncestors-RDD.scala-320-335=5
org/apache/spark/mllib/classification/SVMWithSGD.train-SVM.scala--1--1=1
org/apache/spark/rdd/HadoopRDD$$anonfun$convertSplitLocationInfo$1$$anonfun$apply$5.apply-HadoopRDD.scala-434-434=10
org/apache/spark/rdd/PairRDDFunctions.combineByKeyWithClassTag-PairRDDFunctions.scala-77-77=1
org/apache/spark/status/api/v1/TaskMetrics.memoryBytesSpilled-api.scala-228-228=25
org/apache/spark/rdd/RDD.isCheckpointedAndMaterialized-RDD.scala-1677-1677=2
org/apache/spark/rdd/RDD.isBarrier_-RDD.scala-1935-1935=2
org/apache/spark/rdd/RDD.org$apache$spark$rdd$RDD$$doCheckpointCalled-RDD.scala-1792-1792=6
org/apache/spark/api/java/JavaRDD.rdd-JavaRDD.scala-30-30=2
org/apache/spark/status/api/v1/OutputMetrics.recordsWritten-api.scala-242-242=26
org/apache/spark/rdd/RDD.creationSite-RDD.scala-1734-1734=20
org/apache/spark/mllib/classification/SVMWithSGD.addIntercept-SVM.scala-117-117=2
org/apache/spark/rdd/RDD$$anonfun$6.apply-RDD.scala-325-325=24
org/apache/spark/rdd/RDD.log-RDD.scala-77-77=2
org/apache/spark/rdd/RDD.org$apache$spark$rdd$RDD$$dependencies_-RDD.scala-241-241=291
org/apache/spark/rdd/MapPartitionsRDD$.$lessinit$greater$default$3-MapPartitionsRDD.scala-42-42=2
org/apache/spark/status/api/v1/TaskMetrics.executorCpuTime-api.scala-224-224=21
org/apache/spark/rdd/RDDOperationScope.toJson-RDDOperationScope.scala-52-52=16
org/apache/spark/rdd/PairRDDFunctions$$anonfun$combineByKeyWithClassTag$1.apply-PairRDDFunctions.scala-77-77=1
org/apache/spark/rdd/RDD$$anonfun$isBarrier_$1.apply-RDD.scala-1936-1936=4
org/apache/spark/status/api/v1/InputMetrics.bytesRead-api.scala-237-237=25
org/apache/spark/rdd/RDD.getPreferredLocations-RDD.scala-137-137=30
org/apache/spark/status/api/v1/ExecutorSummary.hostPort-api.scala-78-78=169
org/apache/spark/mllib/classification/SVMWithSGD.run-SVM.scala-245-372=1
org/apache/spark/rdd/PairRDDFunctions.org$apache$spark$internal$Logging$$log__$eq-PairRDDFunctions.scala-49-49=1
org/apache/spark/rdd/RDD$$anonfun$doCheckpoint$1.apply-RDD.scala-1801-1801=6
org/apache/spark/mllib/classification/SVMWithSGD$.train-SVM.scala-255-255=1
org/apache/spark/rdd/MapPartitionsRDD$$anonfun$isBarrier_$1.apply-MapPartitionsRDD.scala-60-60=12
org/apache/spark/status/api/v1/ShuffleWriteMetrics.bytesWritten-api.scala-254-254=25
org/apache/spark/rdd/RDD.context-RDD.scala-1772-1772=14
org/apache/spark/api/java/JavaPairRDD.map-JavaPairRDD.scala-45-45=1
org/apache/spark/rdd/RDD.firstParent-RDD.scala-1763-1763=8
org/apache/spark/rdd/RDDOperationScope$.withScope-RDDOperationScope.scala-134-155=14
org/apache/spark/rdd/RDD.org$apache$spark$rdd$RDD$$stateLock-RDD.scala-237-237=16
org/apache/spark/mllib/optimization/GradientDescent$.logInfo-GradientDescent.scala-155-155=1
org/apache/spark/api/java/AbstractJavaRDDLike.map-JavaRDDLike.scala-45-45=1
org/apache/spark/rdd/ShuffledRDD.getPartitions-ShuffledRDD.scala-93-93=1
org/apache/spark/rdd/PairRDDFunctions.combineByKeyWithClassTag$default$5-PairRDDFunctions.scala-76-76=1
org/apache/spark/rdd/RDDOperationScope.name-RDDOperationScope.scala-47-47=31
org/apache/spark/rdd/RDD$$anonfun$5.apply-RDD.scala-324-324=24
org/apache/spark/rdd/RDD.treeAggregate-RDD.scala-1182-1182=1
org/apache/spark/rdd/RDD.name-RDD.scala-153-153=17
org/apache/spark/rdd/RDD$$anonfun$dependencies$2.apply-RDD.scala-252-252=142
org/apache/spark/rdd/RDD.computeOrReadCheckpoint-RDD.scala-343-343=2
org/apache/spark/rdd/RDD.org$apache$spark$internal$Logging$$log_-RDD.scala-77-77=4
org/apache/spark/status/api/v1/TaskMetrics.outputMetrics-api.scala-232-232=52
org/apache/spark/rdd/RDD.map-RDD.scala-392-392=2
org/apache/spark/rdd/SubtractedRDD.rdd2-SubtractedRDD.scala-52-52=11
org/apache/spark/rdd/RDD$$anonfun$37.apply-RDD.scala-1744-1744=8
org/apache/spark/mllib/optimization/GradientDescent$$anonfun$2.apply-GradientDescent.scala-245-245=11
org/apache/spark/api/java/JavaRDDLike$class.$init$-JavaRDDLike.scala-53-53=1
org/apache/spark/util/JsonProtocol$$anonfun$rddInfoToJson$8.apply-JsonProtocol.scala-445-445=13
org/apache/spark/rdd/RDDOperationScope$.withScope$default$2-RDDOperationScope.scala-101-101=8
org/apache/spark/rdd/RDD.preferredLocations-RDD.scala-296-296=40
org/apache/spark/mllib/regression/GeneralizedLinearAlgorithm.addIntercept-GeneralizedLinearAlgorithm.scala-117-117=2
org/apache/spark/rdd/RDDOperationScope$$anonfun$3.apply-RDDOperationScope.scala-106-106=16
org/apache/spark/rdd/RDD.org$apache$spark$rdd$RDD$$dependencies__$eq-RDD.scala-241-241=8
org/apache/spark/mllib/linalg/DenseVector.values-Vectors.scala-617-617=4
org/apache/spark/rdd/HadoopRDD$$anonfun$convertSplitLocationInfo$1$$anonfun$apply$5.apply-HadoopRDD.scala-435-434=10
org/apache/spark/rdd/ShuffledRDD$$anonfun$1.apply-ShuffledRDD.scala-79-79=1
org/apache/spark/mllib/classification/SVMModel.clearThreshold-SVM.scala-67-68=1
org/apache/spark/util/JsonProtocol$$anonfun$rddInfoToJson$1.apply-JsonProtocol.scala-437-437=14
org/apache/spark/status/api/v1/TaskMetrics.resultSerializationTime-api.scala-227-227=11
org/apache/spark/rdd/RDD.getStorageLevel-RDD.scala-223-223=29
org/apache/spark/rdd/MapPartitionsRDD.isCheckpointedAndMaterialized-MapPartitionsRDD.scala-1677-1677=2
org/apache/spark/rdd/RDD$$anonfun$doCheckpoint$1$$anonfun$apply$mcV$sp$2.apply-RDD.scala-1813-1813=10
org/apache/spark/rdd/RDDOperationScope$$anonfun$1.apply-RDDOperationScope.scala-104-104=32
org/apache/spark/rdd/ShuffledRDD$$anonfun$getPartitions$1.apply-ShuffledRDD.scala-93-93=20
org/apache/spark/rdd/RDD.sparkContext-RDD.scala-147-147=4
org/apache/spark/rdd/ShuffledRDD.setSerializer-ShuffledRDD.scala-56-57=1
org/apache/spark/rdd/HadoopRDD.getPreferredLocations-HadoopRDD.scala-354-360=10
org/apache/spark/util/JsonProtocol$$anonfun$rddInfoToJson$3.apply-JsonProtocol.scala-439-439=14
org/apache/spark/rdd/RDDOperationScope$.nextScopeId-RDDOperationScope.scala-90-90=9
org/apache/spark/rdd/RDD.checkpointData-RDD.scala-1751-1751=283
org/apache/spark/status/api/v1/TaskMetrics.executorDeserializeTime-api.scala-221-221=13
org/apache/spark/rdd/MapPartitionsRDD.org$apache$spark$rdd$RDD$$dependencies_-MapPartitionsRDD.scala-241-241=6
org/apache/spark/rdd/RDD.org$apache$spark$internal$Logging$$log__$eq-RDD.scala-77-77=5
org/apache/spark/rdd/MapPartitionsRDD.dependencies-MapPartitionsRDD.scala-252-252=3
org/apache/spark/rdd/PairRDDFunctions.combineByKeyWithClassTag-PairRDDFunctions.scala-626-626=1
org/apache/spark/rdd/RDDOperationScope$.fromJson-RDDOperationScope.scala-86-86=15
org/apache/spark/rdd/RDD.partitions-RDD.scala-269-269=95
org/apache/spark/status/api/v1/ExecutorSummary.id-api.scala-77-77=169
org/apache/spark/rdd/OrderedRDDFunctions.org$apache$spark$internal$Logging$$log__$eq-OrderedRDDFunctions.scala-45-45=1
org/apache/spark/mllib/optimization/GradientDescent$.org$apache$spark$internal$Logging$$log_-GradientDescent.scala-155-155=2
org/apache/spark/status/api/v1/RDDStorageInfo.id-api.scala-132-132=82
org/apache/spark/rdd/RDD$$anonfun$treeAggregate$1.apply-RDD.scala-1183-1182=1
org/apache/spark/rdd/RDD$$anonfun$org$apache$spark$rdd$RDD$$visit$1$1.apply-RDD.scala-327-328=12
org/apache/spark/rdd/SubtractedRDD.getPartitions-SubtractedRDD.scala-72-84=1
org/apache/spark/rdd/MapPartitionsRDD$.$lessinit$greater$default$5-MapPartitionsRDD.scala-44-44=3
org/apache/spark/mllib/classification/SVMWithSGD.createModel-SVM.scala-132-132=1
org/apache/spark/status/api/v1/OutputMetrics.bytesWritten-api.scala-241-241=26
org/apache/spark/mllib/optimization/GradientDescent$.log-GradientDescent.scala-155-155=1
org/apache/spark/rdd/SubtractedRDD$$anonfun$getPartitions$1$$anonfun$apply$mcVI$sp$1.apply-SubtractedRDD.scala-75-75=40
org/apache/spark/status/api/v1/TaskMetrics.resultSize-api.scala-225-225=11
org/apache/spark/rdd/ShuffledRDD.isBarrier-ShuffledRDD.scala-114-114=1
org/apache/spark/rdd/RDD.mapPartitionsWithIndex-RDD.scala-871-871=1
org/apache/spark/status/api/v1/ShuffleReadMetrics.localBlocksFetched-api.scala-246-246=12
org/apache/spark/rdd/RDDOperationScope$$anonfun$2.apply-RDDOperationScope.scala-105-105=48
org/apache/spark/api/java/JavaRDDLike$class.map-JavaRDDLike.scala-93-93=1
org/apache/spark/rdd/RDD.id-RDD.scala-150-150=144
org/apache/spark/rdd/RDD.scope-RDD.scala-1743-1743=17
org/apache/spark/util/JsonProtocol$$anonfun$rddInfoToJson$5.apply-JsonProtocol.scala-440-440=14
org/apache/spark/status/api/v1/ShuffleWriteMetrics.writeTime-api.scala-255-255=11
org/apache/spark/status/api/v1/TaskMetrics.peakExecutionMemory-api.scala-230-230=11
org/apache/spark/rdd/MapPartitionsRDD$.$lessinit$greater$default$4-MapPartitionsRDD.scala-43-43=3
org/apache/spark/api/java/JavaSparkContext$.fakeClassTag-JavaSparkContext.scala-870-870=2
org/apache/spark/status/api/v1/StageData.stageId-api.scala-165-165=11
org/apache/spark/rdd/ShuffledRDD.getDependencies-ShuffledRDD.scala-79-87=1
org/apache/spark/rdd/RDD.elementClassTag-RDD.scala-1749-1749=4
org/apache/spark/rdd/RDD.logDebug-RDD.scala-77-77=2
org/apache/spark/rdd/RDD$$anonfun$partitions$2$$anonfun$apply$3.apply-RDD.scala-274-274=160
org/apache/spark/rdd/CoGroupPartition.index-CoGroupedRDD.scala-61-61=30
org/apache/spark/mllib/evaluation/BinaryClassificationMetrics.org$apache$spark$internal$Logging$$log__$eq-BinaryClassificationMetrics.scala-44-44=1
org/apache/spark/rdd/RDD.withScope-RDD.scala-385-385=8
org/apache/spark/mllib/evaluation/BinaryClassificationMetrics.scoreAndLabels-BinaryClassificationMetrics.scala-45-45=1
org/apache/spark/rdd/HadoopPartition.inputSplit-HadoopRDD.scala-51-51=10
org/apache/spark/status/api/v1/ShuffleReadMetrics.recordsRead-api.scala-251-251=25
org/apache/spark/rdd/RDD$$anonfun$org$apache$spark$rdd$RDD$$visit$1$1.apply-RDD.scala-326-326=12
org/apache/spark/mllib/pmml/PMMLExportable$class.$init$-PMMLExportable.scala-37-37=1
org/apache/spark/rdd/HadoopRDD$$anonfun$convertSplitLocationInfo$1.apply-HadoopRDD.scala-434-434=20
org/apache/spark/mllib/linalg/Vector$class.$init$-Vectors.scala-47-47=2
org/apache/spark/mllib/classification/SVMWithSGD.useFeatureScaling-SVM.scala-144-144=1
org/apache/spark/rdd/SubtractedRDD.rdd1-SubtractedRDD.scala-51-51=11
org/apache/spark/rdd/RDD$$anonfun$map$1.apply-RDD.scala-392-392=2
org/apache/spark/rdd/RDD$$anonfun$preferredLocations$2.apply-RDD.scala-297-297=40
org/apache/spark/mllib/regression/GeneralizedLinearAlgorithm.useFeatureScaling-GeneralizedLinearAlgorithm.scala-144-144=1
org/apache/spark/mllib/classification/SVMWithSGD.run-SVM.scala-234-234=1
org/apache/spark/rdd/RDD.org$apache$spark$rdd$RDD$$visit$1-RDD.scala-323-326=17
org/apache/spark/mllib/optimization/GradientDescent$.initializeLogIfNecessary-GradientDescent.scala-155-155=2
org/apache/spark/rdd/RDD.isBarrier-RDD.scala-1931-1931=19
org/apache/spark/rdd/HadoopPartition.index-HadoopRDD.scala-48-48=10
org/apache/spark/rdd/RDD$$anonfun$fold$1$$anonfun$22.apply-RDD.scala-1141-1141=3
org/apache/spark/mllib/optimization/GradientDescent$.org$apache$spark$internal$Logging$$log__$eq-GradientDescent.scala-155-155=1
org/apache/spark/rdd/MapPartitionsRDD.computeOrReadCheckpoint-MapPartitionsRDD.scala-343-343=2
org/apache/spark/rdd/RDD.iterator-RDD.scala-307-307=2
org/apache/spark/rdd/ShuffledRDD.setAggregator-ShuffledRDD.scala-68-69=1
org/apache/spark/rdd/SubtractedRDD$$anonfun$getPartitions$1.apply$mcVI$sp-SubtractedRDD.scala-75-75=10
org/apache/spark/mllib/linalg/DenseVector.asBreeze-Vectors.scala-627-627=4
org/apache/spark/util/JsonProtocol$$anonfun$rddInfoToJson$7.apply-JsonProtocol.scala-444-444=14
org/apache/spark/rdd/RDDOperationScope$.$lessinit$greater$default$2-RDDOperationScope.scala-48-48=6
org/apache/spark/rdd/RDDOperationScope$$anonfun$getAllScopes$2.apply-RDDOperationScope.scala-61-61=15
org/apache/spark/rdd/OrderedRDDFunctions.sortByKey$default$2-OrderedRDDFunctions.scala-59-59=1
org/apache/spark/rdd/RDD.fold-RDD.scala-1137-1137=1
org/apache/spark/rdd/RDDOperationScope.getAllScopes-RDDOperationScope.scala-61-61=15
org/apache/spark/rdd/ShuffledRDD.prev-ShuffledRDD.scala-42-42=1
org/apache/spark/util/JsonProtocol$$anonfun$rddInfoToJson$2.apply-JsonProtocol.scala-437-437=14
org/apache/spark/rdd/MapPartitionsRDD.getPartitions-MapPartitionsRDD.scala-49-49=6
org/apache/spark/status/api/v1/ShuffleReadMetrics.remoteBytesRead-api.scala-248-248=26
org/apache/spark/mllib/optimization/GradientDescent$.logName-GradientDescent.scala-155-155=1
org/apache/spark/rdd/InputFileBlockHolder$.unset-InputFileBlockHolder.scala-86-86=1
org/apache/spark/rdd/RDD$$anonfun$fold$1$$anonfun$23.apply-RDD.scala-1142-1142=4
org/apache/spark/status/api/v1/TaskMetrics.executorRunTime-api.scala-223-223=22
org/apache/spark/status/api/v1/TaskMetrics.inputMetrics-api.scala-231-231=49
org/apache/spark/util/JsonProtocol$$anonfun$rddInfoToJson$6.apply-JsonProtocol.scala-443-443=14
org/apache/spark/rdd/ShuffledRDDPartition.index-ShuffledRDD.scala-27-27=34
org/apache/spark/rdd/PairRDDFunctions.combineByKey-PairRDDFunctions.scala-613-613=1
org/apache/spark/rdd/PairRDDFunctions$$anonfun$values$1.apply-PairRDDFunctions.scala-1109-1109=3
org/apache/spark/rdd/RDD.org$apache$spark$rdd$RDD$$partitions__$eq-RDD.scala-242-242=8
org/apache/spark/status/api/v1/TaskMetrics.executorDeserializeCpuTime-api.scala-222-222=11
org/apache/spark/rdd/RDD.dependencies-RDD.scala-252-252=142
org/apache/spark/api/java/JavaPairRDD$.toScalaFunction-JavaPairRDD.scala-1040-1040=1
org/apache/spark/rdd/SubtractedRDD.getDependencies-SubtractedRDD.scala-68-68=1
org/apache/spark/rdd/PairRDDFunctions.keyClass-PairRDDFunctions.scala-1111-1111=1
org/apache/spark/status/api/v1/ShuffleReadMetrics.fetchWaitTime-api.scala-247-247=11
org/apache/spark/rdd/RDD.logName-RDD.scala-77-77=1
org/apache/spark/rdd/MapPartitionsRDD.isBarrier_-MapPartitionsRDD.scala-60-60=17
org/apache/spark/rdd/RDD$$anonfun$map$1$$anonfun$apply$5.apply-RDD.scala-394-394=2
org/apache/spark/mllib/classification/SVMWithSGD$.train-SVM.scala-217-217=1
org/apache/spark/status/api/v1/TaskMetrics.shuffleReadMetrics-api.scala-233-233=124
org/apache/spark/rdd/RDD$$anonfun$fold$1.apply-RDD.scala-1139-1144=1
org/apache/spark/status/api/v1/ShuffleReadMetrics.remoteBlocksFetched-api.scala-245-245=12
org/apache/spark/mllib/optimization/GradientDescent$$anonfun$2.apply-GradientDescent.scala-247-247=9
org/apache/spark/mllib/classification/ClassificationModel$class.$init$-ClassificationModel.scala-32-32=1
org/apache/spark/status/api/v1/ShuffleWriteMetrics.recordsWritten-api.scala-256-256=24
org/apache/spark/rdd/ShuffledRDD.org$apache$spark$rdd$ShuffledRDD$$mapSideCombine-ShuffledRDD.scala-52-52=2
org/apache/spark/status/api/v1/TaskMetrics.diskBytesSpilled-api.scala-229-229=25
org/apache/spark/rdd/RDD$$anonfun$partitions$2.apply-RDD.scala-269-269=95
org/apache/spark/rdd/RDDOperationScope.id-RDDOperationScope.scala-49-49=31
org/apache/spark/rdd/RDD$$anonfun$4.apply-RDD.scala-323-323=32
org/apache/spark/util/JsonProtocol$$anonfun$rddInfoToJson$4$$anonfun$apply$19.apply-JsonProtocol.scala-439-439=14
org/apache/spark/rdd/RDDOperationScope$.org$apache$spark$rdd$RDDOperationScope$$jsonMapper-RDDOperationScope.scala-82-82=31
org/apache/spark/rdd/RDDOperationScope$.withScope-RDDOperationScope.scala-102-112=8
org/apache/spark/util/JsonProtocol$$anonfun$rddInfoToJson$9.apply-JsonProtocol.scala-446-446=12
org/apache/spark/util/JsonProtocol$$anonfun$rddInfoToJson$4.apply-JsonProtocol.scala-439-439=14
org/apache/spark/status/api/v1/ShuffleReadMetrics.localBytesRead-api.scala-250-250=26
org/apache/spark/mllib/regression/GeneralizedLinearAlgorithm.run-GeneralizedLinearAlgorithm.scala-245-372=1
org/apache/spark/rdd/MapPartitionsRDD.compute-MapPartitionsRDD.scala-52-52=1
org/apache/spark/rdd/RDDOperationScope$$anonfun$5.apply-RDDOperationScope.scala-137-137=22
org/apache/spark/rdd/RDD$$anonfun$doCheckpoint$1.apply$mcV$sp-RDD.scala-1801-1801=6
org/apache/spark/rdd/RDD$$anonfun$getNarrowAncestors$1.apply-RDD.scala-335-335=24
org/apache/spark/rdd/RDD.org$apache$spark$rdd$RDD$$doCheckpointCalled_$eq-RDD.scala-1792-1792=5
org/apache/spark/mllib/optimization/SquaredL2Updater.compute-Updater.scala-148-154=1
org/apache/spark/rdd/RDD$.rddToOrderedRDDFunctions-RDD.scala-2036-2036=1
org/apache/spark/rdd/MapPartitionsRDD.firstParent-MapPartitionsRDD.scala-1763-1763=2
org/apache/spark/rdd/HadoopRDD$.convertSplitLocationInfo-HadoopRDD.scala-434-434=10
org/apache/spark/rdd/RDDOperationScope.parent-RDDOperationScope.scala-48-48=31
org/apache/spark/rdd/RDD.initializeLogIfNecessary-RDD.scala-77-77=2
org/apache/spark/rdd/ShuffledRDD.setMapSideCombine-ShuffledRDD.scala-74-75=1
org/apache/spark/status/api/v1/JobData.jobId-api.scala-110-110=6
org/apache/spark/rdd/MapPartitionsRDD.checkpointData-MapPartitionsRDD.scala-1751-1751=6
org/apache/spark/status/api/v1/TaskMetrics.jvmGcTime-api.scala-226-226=11
org/apache/spark/mllib/linalg/Vectors$.fromBreeze-Vectors.scala-409-409=2
org/apache/spark/rdd/PairRDDFunctions$$anonfun$combineByKeyWithClassTag$3.apply-PairRDDFunctions.scala-627-627=1
org/apache/spark/rdd/RDD.mapPartitionsWithIndex$default$2-RDD.scala-871-871=1
org/apache/spark/rdd/PairRDDFunctions.combineByKeyWithClassTag$default$6-PairRDDFunctions.scala-77-77=1
org/apache/spark/rdd/MapPartitionsRDD.iterator-MapPartitionsRDD.scala-307-307=3
org/apache/spark/rdd/RDD.getDependencies-RDD.scala-132-132=6
org/apache/spark/rdd/ShuffledRDD.compute-ShuffledRDD.scala-103-105=1
org/apache/spark/rdd/RDDOperationScope$.$lessinit$greater$default$3-RDDOperationScope.scala-49-49=9
org/apache/spark/mllib/regression/GeneralizedLinearAlgorithm.run-GeneralizedLinearAlgorithm.scala-234-234=1
org/apache/spark/api/java/JavaRDD$.toRDD-JavaRDD.scala-215-215=1
