org/apache/spark/status/api/v1/OutputMetrics.bytesWritten-api.scala-241-241=680
org/apache/spark/rdd/RDD.doCheckpoint-RDD.scala-1800-1800=8
org/apache/spark/mllib/evaluation/binary/BinaryConfusionMatrixImpl.numPositives-BinaryConfusionMatrix.scala-66-66=99
org/apache/spark/status/api/v1/TaskMetrics.resultSize-api.scala-225-225=478
org/apache/spark/rdd/RDD.getNumPartitions-RDD.scala-289-289=4
org/apache/spark/rdd/RDD.org$apache$spark$rdd$RDD$$partitions_-RDD.scala-242-242=205
org/apache/spark/rdd/ShuffledRDD.isBarrier-ShuffledRDD.scala-114-114=3
org/apache/spark/status/api/v1/ShuffleReadMetrics.localBlocksFetched-api.scala-246-246=475
org/apache/spark/rdd/RDD.org$apache$spark$rdd$RDD$$sc-RDD.scala-89-100=8
org/apache/spark/rdd/UnionPartition.org$apache$spark$rdd$UnionPartition$$parentRddPartitionIndex-UnionRDD.scala-44-44=6
org/apache/spark/rdd/RDD.id-RDD.scala-150-150=201
org/apache/spark/rdd/RDD.scope-RDD.scala-1743-1743=29
org/apache/spark/status/api/v1/InputMetrics.recordsRead-api.scala-238-238=684
org/apache/spark/util/JsonProtocol$$anonfun$rddInfoToJson$5.apply-JsonProtocol.scala-440-440=74
org/apache/spark/status/api/v1/ShuffleWriteMetrics.writeTime-api.scala-255-255=483
org/apache/spark/status/api/v1/TaskMetrics.peakExecutionMemory-api.scala-230-230=476
org/apache/spark/status/api/v1/TaskMetrics.shuffleWriteMetrics-api.scala-234-234=1865
org/apache/spark/mllib/evaluation/binary/FalsePositiveRate$.apply-BinaryClassificationMetricComputers.scala-42-42=49
org/apache/spark/status/api/v1/StageData.attemptId-api.scala-166-166=178
org/apache/spark/rdd/ParallelCollectionRDD.compute-ParallelCollectionRDD.scala-102-102=2
org/apache/spark/status/api/v1/StageData.stageId-api.scala-165-165=177
org/apache/spark/mllib/evaluation/BinaryClassificationMetrics$$anonfun$11$$anonfun$apply$4.apply-BinaryClassificationMetrics.scala-203-203=102
org/apache/spark/status/api/v1/ShuffleReadMetrics.remoteBytesReadToDisk-api.scala-249-249=478
org/apache/spark/rdd/RDD.getNarrowAncestors-RDD.scala-320-335=6
org/apache/spark/rdd/RDD.elementClassTag-RDD.scala-1749-1749=5
org/apache/spark/mllib/evaluation/binary/BinaryLabelCounter.$plus$eq-BinaryLabelCounter.scala-40-42=50
org/apache/spark/rdd/UnionPartition.preferredLocations-UnionRDD.scala-49-49=22
org/apache/spark/rdd/RDD$$anonfun$partitions$2$$anonfun$apply$3.apply-RDD.scala-274-274=22
org/apache/spark/status/api/v1/TaskMetrics.memoryBytesSpilled-api.scala-228-228=693
org/apache/spark/rdd/RDD.isCheckpointedAndMaterialized-RDD.scala-1677-1677=40
org/apache/spark/rdd/RDD.isBarrier_-RDD.scala-1935-1935=4
org/apache/spark/rdd/RDD.withScope-RDD.scala-385-385=1
org/apache/spark/rdd/ParallelCollectionRDD$$anonfun$getPreferredLocations$1.apply-ParallelCollectionRDD.scala-106-106=3
org/apache/spark/rdd/RDD.org$apache$spark$rdd$RDD$$doCheckpointCalled-RDD.scala-1792-1792=8
org/apache/spark/rdd/UnionPartition.org$apache$spark$rdd$UnionPartition$$rdd-UnionRDD.scala-42-42=29
org/apache/spark/rdd/ParallelCollectionPartition.slice-ParallelCollectionRDD.scala-34-34=3
org/apache/spark/status/api/v1/ShuffleReadMetrics.recordsRead-api.scala-251-251=688
org/apache/spark/rdd/RDD$$anonfun$org$apache$spark$rdd$RDD$$visit$1$1.apply-RDD.scala-326-326=23
org/apache/spark/status/api/v1/OutputMetrics.recordsWritten-api.scala-242-242=691
org/apache/spark/rdd/ParallelCollectionPartition.iterator-ParallelCollectionRDD.scala-38-38=2
org/apache/spark/mllib/evaluation/binary/BinaryConfusionMatrixImpl.numNegatives-BinaryConfusionMatrix.scala-69-69=103
org/apache/spark/rdd/RDD.creationSite-RDD.scala-1734-1734=33
org/apache/spark/rdd/RDD$$anonfun$isBarrier_$2.apply-RDD.scala-1936-1936=2
org/apache/spark/rdd/RDD$$anonfun$6.apply-RDD.scala-325-325=46
org/apache/spark/mllib/evaluation/binary/BinaryLabelCounter.numPositives-BinaryLabelCounter.scala-27-27=288
org/apache/spark/rdd/RDD$$anonfun$preferredLocations$2.apply-RDD.scala-297-297=76
org/apache/spark/mllib/evaluation/binary/BinaryConfusionMatrixImpl.numFalsePositives-BinaryConfusionMatrix.scala-57-57=56
org/apache/spark/rdd/RDD.org$apache$spark$rdd$RDD$$dependencies_-RDD.scala-241-241=406
org/apache/spark/rdd/MapPartitionsRDD.getOrCompute-MapPartitionsRDD.scala-354-357=3
org/apache/spark/status/api/v1/TaskMetrics.executorCpuTime-api.scala-224-224=651
org/apache/spark/rdd/RDDOperationScope.toJson-RDDOperationScope.scala-52-52=41
org/apache/spark/rdd/RDD$$anonfun$isBarrier_$1.apply-RDD.scala-1936-1936=2
org/apache/spark/rdd/RDD.org$apache$spark$rdd$RDD$$visit$1-RDD.scala-323-326=29
org/apache/spark/rdd/RDD.isBarrier-RDD.scala-1931-1931=25
org/apache/spark/rdd/ParallelCollectionPartition$$anonfun$readObject$1.apply$mcV$sp-ParallelCollectionRDD.scala-72-70=2
org/apache/spark/status/api/v1/InputMetrics.bytesRead-api.scala-237-237=682
org/apache/spark/rdd/RDD.getPreferredLocations-RDD.scala-137-137=40
org/apache/spark/status/api/v1/ExecutorSummary.hostPort-api.scala-78-78=97
org/apache/spark/rdd/RDD$$anonfun$collect$1.org$apache$spark$rdd$RDD$$anonfun$$$outer-RDD.scala-989-989=6
org/apache/spark/rdd/RDD$$anonfun$doCheckpoint$1.apply-RDD.scala-1801-1801=8
org/apache/spark/rdd/MapPartitionsRDD.computeOrReadCheckpoint-MapPartitionsRDD.scala-343-343=41
org/apache/spark/rdd/ParallelCollectionPartition$$anonfun$readObject$1.apply-ParallelCollectionRDD.scala-70-70=2
org/apache/spark/rdd/RDD.getOrCompute-RDD.scala-354-357=4
org/apache/spark/mllib/rdd/SlidingRDDPartition.index-SlidingRDD.scala-29-29=11
org/apache/spark/rdd/MapPartitionsRDD.id-MapPartitionsRDD.scala-150-150=7
org/apache/spark/rdd/RDD.iterator-RDD.scala-307-307=42
org/apache/spark/status/api/v1/ShuffleWriteMetrics.bytesWritten-api.scala-254-254=693
org/apache/spark/mllib/evaluation/binary/BinaryConfusionMatrixImpl.count-BinaryConfusionMatrix.scala-50-50=101
org/apache/spark/rdd/MapPartitionsRDD.elementClassTag-MapPartitionsRDD.scala-1749-1749=5
org/apache/spark/util/JsonProtocol$$anonfun$rddInfoToJson$7.apply-JsonProtocol.scala-444-444=74
org/apache/spark/mllib/evaluation/BinaryClassificationMetrics$$anonfun$createCurve$2.apply-BinaryClassificationMetrics.scala-226-226=108
org/apache/spark/rdd/RDDOperationScope$.$lessinit$greater$default$2-RDDOperationScope.scala-48-48=8
org/apache/spark/rdd/RDDOperationScope$$anonfun$getAllScopes$2.apply-RDDOperationScope.scala-61-61=19
org/apache/spark/mllib/evaluation/BinaryClassificationMetrics$$anonfun$11.apply-BinaryClassificationMetrics.scala-202-203=7
org/apache/spark/mllib/rdd/SlidingRDD.getPartitions-SlidingRDD.scala-69-81=1
org/apache/spark/rdd/RDD.firstParent-RDD.scala-1763-1763=39
org/apache/spark/mllib/evaluation/binary/BinaryLabelCounter.numNegatives-BinaryLabelCounter.scala-28-28=315
org/apache/spark/mllib/rdd/SlidingRDD$$anonfun$2.apply-SlidingRDD.scala-79-80=7
org/apache/spark/rdd/RDDOperationScope$.withScope-RDDOperationScope.scala-134-155=9
org/apache/spark/mllib/evaluation/binary/BinaryLabelCounter.numPositives_$eq-BinaryLabelCounter.scala-27-27=52
org/apache/spark/rdd/RDDOperationScope.getAllScopes-RDDOperationScope.scala-61-61=19
org/apache/spark/rdd/ParallelCollectionPartition$$anonfun$writeObject$1.apply$mcV$sp-ParallelCollectionRDD.scala-53-51=2
org/apache/spark/util/JsonProtocol$$anonfun$rddInfoToJson$2.apply-JsonProtocol.scala-437-437=74
org/apache/spark/rdd/RDD.org$apache$spark$rdd$RDD$$stateLock-RDD.scala-237-237=1
org/apache/spark/status/api/v1/ShuffleReadMetrics.remoteBytesRead-api.scala-248-248=681
org/apache/spark/rdd/InputFileBlockHolder$.unset-InputFileBlockHolder.scala-86-86=5
org/apache/spark/rdd/UnionPartition.parentRddIndex-UnionRDD.scala-43-43=7
org/apache/spark/mllib/evaluation/binary/BinaryConfusionMatrixImpl.numTruePositives-BinaryConfusionMatrix.scala-54-54=42
org/apache/spark/rdd/RDDOperationScope.name-RDDOperationScope.scala-47-47=60
org/apache/spark/status/api/v1/TaskMetrics.executorRunTime-api.scala-223-223=649
org/apache/spark/status/api/v1/TaskMetrics.inputMetrics-api.scala-231-231=1372
org/apache/spark/rdd/RDD$$anonfun$5.apply-RDD.scala-324-324=46
org/apache/spark/rdd/RDD.name-RDD.scala-153-153=29
org/apache/spark/util/JsonProtocol$$anonfun$rddInfoToJson$6.apply-JsonProtocol.scala-443-443=74
org/apache/spark/rdd/ShuffledRDDPartition.index-ShuffledRDD.scala-27-27=40
org/apache/spark/rdd/RDD$$anonfun$mapPartitionsWithIndex$1$$anonfun$apply$25.apply-RDD.scala-875-875=14
org/apache/spark/rdd/RDD$$anonfun$dependencies$2.apply-RDD.scala-252-252=203
org/apache/spark/rdd/RDD.computeOrReadCheckpoint-RDD.scala-343-343=40
org/apache/spark/status/api/v1/RDDPartitionInfo.executors-api.scala-161-161=7
org/apache/spark/rdd/ParallelCollectionPartition$$anonfun$writeObject$1.apply-ParallelCollectionRDD.scala-51-51=2
org/apache/spark/status/api/v1/TaskMetrics.outputMetrics-api.scala-232-232=1376
org/apache/spark/status/api/v1/RDDPartitionInfo.diskUsed-api.scala-160-160=6
org/apache/spark/rdd/RDD.org$apache$spark$rdd$RDD$$partitions__$eq-RDD.scala-242-242=1
org/apache/spark/rdd/UnionPartition$$anonfun$writeObject$1.apply$mcV$sp-UnionRDD.scala-56-57=8
org/apache/spark/mllib/evaluation/BinaryClassificationMetrics$$anonfun$11.apply-BinaryClassificationMetrics.scala-201-201=6
org/apache/spark/util/JsonProtocol$$anonfun$rddInfoToJson$8.apply-JsonProtocol.scala-445-445=74
org/apache/spark/rdd/UnionRDD.getPreferredLocations-UnionRDD.scala-109-109=22
org/apache/spark/rdd/UnionPartition.parentPartition_$eq-UnionRDD.scala-47-47=7
org/apache/spark/status/api/v1/TaskMetrics.executorDeserializeCpuTime-api.scala-222-222=468
org/apache/spark/rdd/RDD.preferredLocations-RDD.scala-296-296=76
org/apache/spark/rdd/RDD.dependencies-RDD.scala-252-252=205
org/apache/spark/status/api/v1/ShuffleReadMetrics.fetchWaitTime-api.scala-247-247=476
org/apache/spark/rdd/MapPartitionsRDD.isBarrier_-MapPartitionsRDD.scala-60-60=21
org/apache/spark/rdd/RDD$$anonfun$collect$1.apply-RDD.scala-990-991=1
org/apache/spark/mllib/rdd/SlidingRDD.windowSize-SlidingRDD.scala-49-49=12
org/apache/spark/rdd/UnionPartition$$anonfun$writeObject$1.apply-UnionRDD.scala-54-54=8
org/apache/spark/rdd/RDD$$anonfun$mapPartitions$1$$anonfun$apply$23.apply-RDD.scala-823-823=12
org/apache/spark/rdd/RDD$$anonfun$map$1$$anonfun$apply$5.apply-RDD.scala-394-394=23
org/apache/spark/rdd/RDD.org$apache$spark$rdd$RDD$$dependencies__$eq-RDD.scala-241-241=1
org/apache/spark/status/api/v1/TaskMetrics.shuffleReadMetrics-api.scala-233-233=3974
org/apache/spark/rdd/MapPartitionsRDD.parent-MapPartitionsRDD.scala-1768-1768=8
org/apache/spark/status/api/v1/RDDPartitionInfo.memoryUsed-api.scala-159-159=7
org/apache/spark/status/api/v1/ShuffleReadMetrics.remoteBlocksFetched-api.scala-245-245=482
org/apache/spark/rdd/ParallelCollectionRDD.getPreferredLocations-ParallelCollectionRDD.scala-106-106=3
org/apache/spark/status/api/v1/ShuffleWriteMetrics.recordsWritten-api.scala-256-256=686
org/apache/spark/util/JsonProtocol$$anonfun$rddInfoToJson$1.apply-JsonProtocol.scala-437-437=74
org/apache/spark/status/api/v1/TaskMetrics.diskBytesSpilled-api.scala-229-229=690
org/apache/spark/rdd/UnionPartition.parentPartition-UnionRDD.scala-47-47=29
org/apache/spark/mllib/rdd/SlidingRDD.step-SlidingRDD.scala-49-49=12
org/apache/spark/status/api/v1/TaskMetrics.resultSerializationTime-api.scala-227-227=486
org/apache/spark/mllib/rdd/SlidingRDD.getPreferredLocations-SlidingRDD.scala-66-66=11
org/apache/spark/rdd/RDD$$anonfun$partitions$2.apply-RDD.scala-269-269=103
org/apache/spark/rdd/RDD.getStorageLevel-RDD.scala-223-223=36
org/apache/spark/rdd/MapPartitionsRDD.isCheckpointedAndMaterialized-MapPartitionsRDD.scala-1677-1677=40
org/apache/spark/rdd/RDDOperationScope.id-RDDOperationScope.scala-49-49=60
org/apache/spark/rdd/RDD$$anonfun$doCheckpoint$1$$anonfun$apply$mcV$sp$2.apply-RDD.scala-1813-1813=14
org/apache/spark/rdd/RDD$$anonfun$4.apply-RDD.scala-323-323=56
org/apache/spark/rdd/UnionPartition.index-UnionRDD.scala-51-51=19
org/apache/spark/util/JsonProtocol$$anonfun$rddInfoToJson$4$$anonfun$apply$19.apply-JsonProtocol.scala-439-439=66
org/apache/spark/mllib/evaluation/binary/Recall$.apply-BinaryClassificationMetricComputers.scala-53-53=51
org/apache/spark/rdd/InputFileBlockHolder$$anon$1.initialValue-InputFileBlockHolder.scala-53-53=7
org/apache/spark/rdd/UnionRDD.compute-UnionRDD.scala-104-105=8
org/apache/spark/rdd/RDD.sparkContext-RDD.scala-147-147=1
org/apache/spark/rdd/RDDOperationScope$.org$apache$spark$rdd$RDDOperationScope$$jsonMapper-RDDOperationScope.scala-82-82=49
org/apache/spark/rdd/InputFileBlockHolder$.initialize-InputFileBlockHolder.scala-92-92=6
org/apache/spark/rdd/RDDOperationScope$.withScope-RDDOperationScope.scala-102-112=1
org/apache/spark/util/JsonProtocol$$anonfun$rddInfoToJson$9.apply-JsonProtocol.scala-446-446=74
org/apache/spark/util/JsonProtocol$$anonfun$rddInfoToJson$3.apply-JsonProtocol.scala-439-439=66
org/apache/spark/rdd/RDDOperationScope$.nextScopeId-RDDOperationScope.scala-90-90=8
org/apache/spark/rdd/RDD.checkpointData-RDD.scala-1751-1751=430
org/apache/spark/status/api/v1/ShuffleReadMetrics.localBytesRead-api.scala-250-250=683
org/apache/spark/util/JsonProtocol$$anonfun$rddInfoToJson$4.apply-JsonProtocol.scala-439-439=74
org/apache/spark/rdd/RDD.parent-RDD.scala-1768-1768=7
org/apache/spark/rdd/RDD.collect-RDD.scala-989-989=1
org/apache/spark/rdd/MapPartitionsRDD.compute-MapPartitionsRDD.scala-52-52=23
org/apache/spark/rdd/RDDOperationScope$$anonfun$5.apply-RDDOperationScope.scala-137-137=16
org/apache/spark/rdd/RDD$$anonfun$doCheckpoint$1.apply$mcV$sp-RDD.scala-1801-1801=8
org/apache/spark/status/api/v1/TaskMetrics.executorDeserializeTime-api.scala-221-221=532
org/apache/spark/rdd/MapPartitionsRDD.org$apache$spark$rdd$RDD$$dependencies_-MapPartitionsRDD.scala-241-241=77
org/apache/spark/rdd/RDD$$anonfun$getNarrowAncestors$1.apply-RDD.scala-335-335=46
org/apache/spark/rdd/MapPartitionsRDD.dependencies-MapPartitionsRDD.scala-252-252=45
org/apache/spark/rdd/ParallelCollectionPartition.values-ParallelCollectionRDD.scala-35-35=2
org/apache/spark/rdd/ParallelCollectionPartition.index-ParallelCollectionRDD.scala-48-48=3
org/apache/spark/mllib/evaluation/binary/BinaryConfusionMatrixImpl.totalCount-BinaryConfusionMatrix.scala-51-51=199
org/apache/spark/rdd/RDD.org$apache$spark$rdd$RDD$$doCheckpointCalled_$eq-RDD.scala-1792-1792=7
org/apache/spark/rdd/RDDOperationScope$.fromJson-RDDOperationScope.scala-86-86=8
org/apache/spark/rdd/MapPartitionsRDD.firstParent-MapPartitionsRDD.scala-1763-1763=31
org/apache/spark/rdd/RDDOperationScope.parent-RDDOperationScope.scala-48-48=60
org/apache/spark/rdd/RDD.partitions-RDD.scala-269-269=101
org/apache/spark/mllib/evaluation/binary/BinaryLabelCounter.numNegatives_$eq-BinaryLabelCounter.scala-28-28=51
org/apache/spark/mllib/evaluation/BinaryClassificationMetrics$$anonfun$12.apply-BinaryClassificationMetrics.scala-209-209=109
org/apache/spark/status/api/v1/JobData.jobId-api.scala-110-110=43
org/apache/spark/status/api/v1/ExecutorSummary.id-api.scala-77-77=97
org/apache/spark/rdd/RDD$$anonfun$7.apply-RDD.scala-357-357=6
org/apache/spark/rdd/MapPartitionsRDD.checkpointData-MapPartitionsRDD.scala-1751-1751=78
org/apache/spark/mllib/rdd/SlidingRDD$$anonfun$2.apply-SlidingRDD.scala-78-78=8
org/apache/spark/status/api/v1/TaskMetrics.jvmGcTime-api.scala-226-226=479
org/apache/spark/mllib/evaluation/binary/BinaryConfusionMatrix$class.$init$-BinaryConfusionMatrix.scala-23-23=51
org/apache/spark/mllib/rdd/SlidingRDDPartition.prev-SlidingRDD.scala-27-27=11
org/apache/spark/status/api/v1/RDDStorageInfo.id-api.scala-132-132=93
org/apache/spark/rdd/MapPartitionsRDD.iterator-MapPartitionsRDD.scala-307-307=37
org/apache/spark/rdd/RDD$$anonfun$org$apache$spark$rdd$RDD$$visit$1$1.apply-RDD.scala-327-328=23
org/apache/spark/rdd/RDD$$anonfun$collect$1$$anonfun$15.apply-RDD.scala-990-990=9
org/apache/spark/rdd/RDD.getDependencies-RDD.scala-132-132=1
org/apache/spark/rdd/ShuffledRDD.compute-ShuffledRDD.scala-103-105=6
org/apache/spark/rdd/RDDOperationScope$.$lessinit$greater$default$3-RDDOperationScope.scala-49-49=8
