org/apache/spark/status/api/v1/OutputMetrics.bytesWritten-api.scala-241-241=4
org/apache/spark/rdd/InputFileBlockHolder$.unset-InputFileBlockHolder.scala-86-86=1
org/apache/spark/rdd/RDDOperationScope.name-RDDOperationScope.scala-47-47=26
org/apache/spark/status/api/v1/TaskMetrics.executorRunTime-api.scala-223-223=5
org/apache/spark/status/api/v1/TaskMetrics.inputMetrics-api.scala-231-231=8
org/apache/spark/rdd/RDD.name-RDD.scala-153-153=1
org/apache/spark/util/JsonProtocol$$anonfun$rddInfoToJson$6.apply-JsonProtocol.scala-443-443=33
org/apache/spark/rdd/ShuffledRDDPartition.index-ShuffledRDD.scala-27-27=28
org/apache/spark/rdd/RDD$$anonfun$dependencies$2.apply-RDD.scala-252-252=39
org/apache/spark/rdd/RDD.computeOrReadCheckpoint-RDD.scala-343-343=4
org/apache/spark/rdd/RDD.org$apache$spark$rdd$RDD$$partitions_-RDD.scala-242-242=92
org/apache/spark/rdd/ShuffledRDD.isBarrier-ShuffledRDD.scala-114-114=10
org/apache/spark/status/api/v1/TaskMetrics.outputMetrics-api.scala-232-232=8
org/apache/spark/rdd/RDD.id-RDD.scala-150-150=71
org/apache/spark/rdd/RDD.scope-RDD.scala-1743-1743=1
org/apache/spark/util/JsonProtocol$$anonfun$rddInfoToJson$8.apply-JsonProtocol.scala-445-445=32
org/apache/spark/status/api/v1/InputMetrics.recordsRead-api.scala-238-238=4
org/apache/spark/util/JsonProtocol$$anonfun$rddInfoToJson$5.apply-JsonProtocol.scala-440-440=34
org/apache/spark/status/api/v1/TaskMetrics.shuffleWriteMetrics-api.scala-234-234=7
org/apache/spark/rdd/RDD.preferredLocations-RDD.scala-296-296=30
org/apache/spark/rdd/RDD.dependencies-RDD.scala-252-252=40
org/apache/spark/status/api/v1/StageData.attemptId-api.scala-166-166=4
org/apache/spark/status/api/v1/StageData.stageId-api.scala-165-165=5
org/apache/spark/rdd/RDD.getNarrowAncestors-RDD.scala-320-335=1
org/apache/spark/rdd/ShuffledRDD.getPreferredLocations-ShuffledRDD.scala-97-99=10
org/apache/spark/status/api/v1/TaskMetrics.shuffleReadMetrics-api.scala-233-233=14
org/apache/spark/status/api/v1/TaskMetrics.memoryBytesSpilled-api.scala-228-228=3
org/apache/spark/rdd/RDD.isCheckpointedAndMaterialized-RDD.scala-1677-1677=6
org/apache/spark/status/api/v1/ShuffleWriteMetrics.recordsWritten-api.scala-256-256=4
org/apache/spark/util/JsonProtocol$$anonfun$rddInfoToJson$1.apply-JsonProtocol.scala-437-437=28
org/apache/spark/status/api/v1/TaskMetrics.diskBytesSpilled-api.scala-229-229=4
org/apache/spark/status/api/v1/ShuffleReadMetrics.recordsRead-api.scala-251-251=5
org/apache/spark/status/api/v1/OutputMetrics.recordsWritten-api.scala-242-242=3
org/apache/spark/rdd/RDD.creationSite-RDD.scala-1734-1734=1
org/apache/spark/rdd/RDD$$anonfun$partitions$2.apply-RDD.scala-269-269=46
org/apache/spark/rdd/RDD.getStorageLevel-RDD.scala-223-223=4
org/apache/spark/rdd/MapPartitionsRDD.isCheckpointedAndMaterialized-MapPartitionsRDD.scala-1677-1677=5
org/apache/spark/rdd/RDD$$anonfun$preferredLocations$2.apply-RDD.scala-297-297=30
org/apache/spark/rdd/RDDOperationScope.id-RDDOperationScope.scala-49-49=23
org/apache/spark/rdd/RDD$$anonfun$4.apply-RDD.scala-323-323=2
org/apache/spark/util/JsonProtocol$$anonfun$rddInfoToJson$4$$anonfun$apply$19.apply-JsonProtocol.scala-439-439=32
org/apache/spark/rdd/RDD.org$apache$spark$rdd$RDD$$dependencies_-RDD.scala-241-241=79
org/apache/spark/rdd/InputFileBlockHolder$$anon$1.initialValue-InputFileBlockHolder.scala-53-53=2
org/apache/spark/rdd/RDD.sparkContext-RDD.scala-147-147=1
org/apache/spark/rdd/RDDOperationScope$.org$apache$spark$rdd$RDDOperationScope$$jsonMapper-RDDOperationScope.scala-82-82=13
org/apache/spark/status/api/v1/TaskMetrics.executorCpuTime-api.scala-224-224=5
org/apache/spark/rdd/InputFileBlockHolder$.initialize-InputFileBlockHolder.scala-92-92=2
org/apache/spark/util/JsonProtocol$$anonfun$rddInfoToJson$9.apply-JsonProtocol.scala-446-446=30
org/apache/spark/util/JsonProtocol$$anonfun$rddInfoToJson$3.apply-JsonProtocol.scala-439-439=31
org/apache/spark/rdd/RDD.checkpointData-RDD.scala-1751-1751=122
org/apache/spark/rdd/RDDOperationScope.toJson-RDDOperationScope.scala-52-52=15
org/apache/spark/util/JsonProtocol$$anonfun$rddInfoToJson$4.apply-JsonProtocol.scala-439-439=31
org/apache/spark/status/api/v1/ShuffleReadMetrics.localBytesRead-api.scala-250-250=4
org/apache/spark/rdd/RDD.org$apache$spark$rdd$RDD$$visit$1-RDD.scala-323-326=1
org/apache/spark/status/api/v1/InputMetrics.bytesRead-api.scala-237-237=3
org/apache/spark/rdd/MapPartitionsRDD.org$apache$spark$rdd$RDD$$dependencies_-MapPartitionsRDD.scala-241-241=8
org/apache/spark/rdd/RDD.getPreferredLocations-RDD.scala-137-137=20
org/apache/spark/rdd/MapPartitionsRDD.computeOrReadCheckpoint-MapPartitionsRDD.scala-343-343=5
org/apache/spark/rdd/MapPartitionsRDD.dependencies-MapPartitionsRDD.scala-252-252=8
org/apache/spark/rdd/RDD.iterator-RDD.scala-307-307=1
org/apache/spark/status/api/v1/ShuffleWriteMetrics.bytesWritten-api.scala-254-254=3
org/apache/spark/rdd/RDDOperationScope.parent-RDDOperationScope.scala-48-48=27
org/apache/spark/rdd/RDD.partitions-RDD.scala-269-269=46
org/apache/spark/rdd/MapPartitionsRDD.checkpointData-MapPartitionsRDD.scala-1751-1751=9
org/apache/spark/util/JsonProtocol$$anonfun$rddInfoToJson$7.apply-JsonProtocol.scala-444-444=32
org/apache/spark/rdd/RDDOperationScope$$anonfun$getAllScopes$2.apply-RDDOperationScope.scala-61-61=9
org/apache/spark/rdd/MapPartitionsRDD.iterator-MapPartitionsRDD.scala-307-307=4
org/apache/spark/rdd/RDDOperationScope.getAllScopes-RDDOperationScope.scala-61-61=9
org/apache/spark/rdd/ShuffledRDD.compute-ShuffledRDD.scala-103-105=4
org/apache/spark/util/JsonProtocol$$anonfun$rddInfoToJson$2.apply-JsonProtocol.scala-437-437=28
org/apache/spark/status/api/v1/ShuffleReadMetrics.remoteBytesRead-api.scala-248-248=4
