org/apache/spark/rdd/RDD.doCheckpoint-RDD.scala-1800-1800=2
org/apache/spark/rdd/PartitionwiseSampledRDDPartition.seed-PartitionwiseSampledRDD.scala-29-29=5
org/apache/spark/rdd/RDD.org$apache$spark$rdd$RDD$$partitions_-RDD.scala-242-242=58
org/apache/spark/rdd/RDD.org$apache$spark$rdd$RDD$$sc-RDD.scala-89-100=10
org/apache/spark/rdd/PartitionwiseSampledRDDPartition.index-PartitionwiseSampledRDD.scala-31-31=30
org/apache/spark/status/api/v1/InputMetrics.recordsRead-api.scala-238-238=86
org/apache/spark/status/api/v1/TaskMetrics.shuffleWriteMetrics-api.scala-234-234=237
org/apache/spark/status/api/v1/StageData.attemptId-api.scala-166-166=9
org/apache/spark/rdd/RDD$.CHECKPOINT_ALL_MARKED_ANCESTORS-RDD.scala-2006-2006=1
org/apache/spark/status/api/v1/ShuffleReadMetrics.remoteBytesReadToDisk-api.scala-249-249=69
org/apache/spark/rdd/RDD.getNarrowAncestors-RDD.scala-320-335=2
org/apache/spark/status/api/v1/TaskMetrics.memoryBytesSpilled-api.scala-228-228=75
org/apache/spark/rdd/RDD.isCheckpointedAndMaterialized-RDD.scala-1677-1677=31
org/apache/spark/rdd/RDD.isBarrier_-RDD.scala-1935-1935=1
org/apache/spark/rdd/RDD.org$apache$spark$rdd$RDD$$doCheckpointCalled-RDD.scala-1792-1792=2
org/apache/spark/status/api/v1/OutputMetrics.recordsWritten-api.scala-242-242=88
org/apache/spark/rdd/RDD.creationSite-RDD.scala-1734-1734=10
org/apache/spark/mllib/classification/SVMWithSGD.addIntercept-SVM.scala-117-117=2
org/apache/spark/rdd/RDD$$anonfun$6.apply-RDD.scala-325-325=16
org/apache/spark/rdd/RDD.log-RDD.scala-77-77=14
org/apache/spark/rdd/RDD.org$apache$spark$rdd$RDD$$dependencies_-RDD.scala-241-241=128
org/apache/spark/rdd/MapPartitionsRDD$.$lessinit$greater$default$3-MapPartitionsRDD.scala-42-42=1
org/apache/spark/status/api/v1/TaskMetrics.executorCpuTime-api.scala-224-224=67
org/apache/spark/rdd/RDDOperationScope.toJson-RDDOperationScope.scala-52-52=18
org/apache/spark/api/java/JavaPairRDD$$anonfun$toScalaFunction$1.apply-JavaPairRDD.scala-1040-1040=815
org/apache/spark/mllib/linalg/Vectors$.parseNumeric-Vectors.scala-395-401=814
org/apache/spark/status/api/v1/InputMetrics.bytesRead-api.scala-237-237=85
org/apache/spark/rdd/RDD$$anonfun$filter$1$$anonfun$apply$7.apply-RDD.scala-413-413=16
org/apache/spark/rdd/RDD.getPreferredLocations-RDD.scala-137-137=10
org/apache/spark/status/api/v1/ExecutorSummary.hostPort-api.scala-78-78=20
org/apache/spark/rdd/RDD$$anonfun$doCheckpoint$1.apply-RDD.scala-1801-1801=2
org/apache/spark/rdd/MapPartitionsRDD$$anonfun$isBarrier_$1.apply-MapPartitionsRDD.scala-60-60=2
org/apache/spark/rdd/RDD.getOrCompute-RDD.scala-354-357=8
org/apache/spark/status/api/v1/ShuffleWriteMetrics.bytesWritten-api.scala-254-254=79
org/apache/spark/rdd/MapPartitionsRDD.elementClassTag-MapPartitionsRDD.scala-1749-1749=5
org/apache/spark/rdd/RDD.context-RDD.scala-1772-1772=1
org/apache/spark/rdd/RDD.firstParent-RDD.scala-1763-1763=28
org/apache/spark/rdd/RDDOperationScope$.withScope-RDDOperationScope.scala-134-155=3
org/apache/spark/rdd/RDD.org$apache$spark$rdd$RDD$$stateLock-RDD.scala-237-237=2
org/apache/spark/rdd/RDDOperationScope.name-RDDOperationScope.scala-47-47=23
org/apache/spark/rdd/RDD$$anonfun$5.apply-RDD.scala-324-324=16
org/apache/spark/rdd/MapPartitionsRDD.org$apache$spark$internal$Logging$$log__$eq-MapPartitionsRDD.scala-77-77=4
org/apache/spark/rdd/RDD.name-RDD.scala-153-153=10
org/apache/spark/rdd/HadoopRDD$$anonfun$getJobConf$4.apply-HadoopRDD.scala-167-167=7
org/apache/spark/rdd/HadoopRDD$$anon$1.getNext-HadoopRDD.scala-224-224=813
org/apache/spark/rdd/RDD$$anonfun$dependencies$2.apply-RDD.scala-252-252=61
org/apache/spark/rdd/RDD.computeOrReadCheckpoint-RDD.scala-343-343=37
org/apache/spark/rdd/RDD.org$apache$spark$internal$Logging$$log_-RDD.scala-77-77=29
org/apache/spark/mllib/regression/LabeledPoint.label-LabeledPoint.scala-37-37=1329
org/apache/spark/status/api/v1/RDDPartitionInfo.executors-api.scala-161-161=3
org/apache/spark/rdd/HadoopRDD$$anon$1.org$apache$spark$rdd$HadoopRDD$$anon$$inputMetrics-HadoopRDD.scala-230-230=1634
org/apache/spark/status/api/v1/TaskMetrics.outputMetrics-api.scala-232-232=170
org/apache/spark/rdd/RDD.map-RDD.scala-392-392=1
org/apache/spark/rdd/RDD$$anonfun$37.apply-RDD.scala-1744-1744=2
org/apache/spark/mllib/util/DataValidators$$anonfun$1.apply-DataValidators.scala-39-39=1
org/apache/spark/util/JsonProtocol$$anonfun$rddInfoToJson$8.apply-JsonProtocol.scala-445-445=30
org/apache/spark/mllib/util/DataValidators$$anonfun$1$$anonfun$2.apply-DataValidators.scala-40-40=1777
org/apache/spark/mllib/regression/LabeledPoint.parse-LabeledPoint.scala--1--1=819
org/apache/spark/rdd/RDDOperationScope$.withScope$default$2-RDDOperationScope.scala-101-101=1
org/apache/spark/rdd/RDD.preferredLocations-RDD.scala-296-296=10
org/apache/spark/rdd/MapPartitionsRDD.logName-MapPartitionsRDD.scala-77-77=6
org/apache/spark/mllib/regression/GeneralizedLinearAlgorithm.addIntercept-GeneralizedLinearAlgorithm.scala-117-117=2
org/apache/spark/mllib/util/NumericParser$.parse-NumericParser.scala-37-49=811
org/apache/spark/rdd/RDDOperationScope$$anonfun$3.apply-RDDOperationScope.scala-106-106=2
org/apache/spark/rdd/RDD.org$apache$spark$rdd$RDD$$dependencies__$eq-RDD.scala-241-241=1
org/apache/spark/util/JsonProtocol$$anonfun$rddInfoToJson$1.apply-JsonProtocol.scala-437-437=30
org/apache/spark/mllib/util/DataValidators$$anonfun$1.apply-DataValidators.scala-40-39=1
org/apache/spark/status/api/v1/TaskMetrics.resultSerializationTime-api.scala-227-227=64
org/apache/spark/rdd/RDD.getStorageLevel-RDD.scala-223-223=12
org/apache/spark/rdd/MapPartitionsRDD.isCheckpointedAndMaterialized-MapPartitionsRDD.scala-1677-1677=30
org/apache/spark/rdd/RDD$$anonfun$doCheckpoint$1$$anonfun$apply$mcV$sp$2.apply-RDD.scala-1813-1813=2
org/apache/spark/rdd/RDDOperationScope$$anonfun$1.apply-RDDOperationScope.scala-104-104=4
org/apache/spark/rdd/RDD.sparkContext-RDD.scala-147-147=1
org/apache/spark/rdd/InputFileBlockHolder$.initialize-InputFileBlockHolder.scala-92-92=2
org/apache/spark/mllib/regression/GeneralizedLinearAlgorithm$$anonfun$run$3.apply-GeneralizedLinearAlgorithm.scala-255-255=2
org/apache/spark/util/JsonProtocol$$anonfun$rddInfoToJson$3.apply-JsonProtocol.scala-439-439=30
org/apache/spark/rdd/RDDOperationScope$.nextScopeId-RDDOperationScope.scala-90-90=3
org/apache/spark/rdd/RDD.checkpointData-RDD.scala-1751-1751=131
org/apache/spark/rdd/HadoopRDD$.getCachedMetadata-HadoopRDD.scala-393-393=5
org/apache/spark/rdd/HadoopRDD$$anon$1$$anonfun$3.apply-HadoopRDD.scala-281-281=7
org/apache/spark/status/api/v1/TaskMetrics.executorDeserializeTime-api.scala-221-221=73
org/apache/spark/rdd/MapPartitionsRDD.org$apache$spark$rdd$RDD$$dependencies_-MapPartitionsRDD.scala-241-241=45
org/apache/spark/rdd/RDD.org$apache$spark$internal$Logging$$log__$eq-RDD.scala-77-77=6
org/apache/spark/rdd/HadoopRDD.org$apache$spark$rdd$HadoopRDD$$createTime-HadoopRDD.scala-132-132=6
org/apache/spark/rdd/MapPartitionsRDD.dependencies-MapPartitionsRDD.scala-252-252=24
org/apache/spark/rdd/RDDOperationScope$.fromJson-RDDOperationScope.scala-86-86=2
org/apache/spark/rdd/HadoopRDD$$anon$1.org$apache$spark$rdd$HadoopRDD$$anon$$split-HadoopRDD.scala-226-226=24
org/apache/spark/rdd/InputFileBlockHolder$.set-InputFileBlockHolder.scala-77-80=6
org/apache/spark/rdd/RDD.partitions-RDD.scala-269-269=28
org/apache/spark/status/api/v1/ExecutorSummary.id-api.scala-77-77=20
org/apache/spark/rdd/RDD$$anonfun$7.apply-RDD.scala-357-357=7
org/apache/spark/status/api/v1/RDDStorageInfo.id-api.scala-132-132=6
org/apache/spark/rdd/RDD$$anonfun$org$apache$spark$rdd$RDD$$visit$1$1.apply-RDD.scala-327-328=8
org/apache/spark/rdd/MapPartitionsRDD$.$lessinit$greater$default$5-MapPartitionsRDD.scala-44-44=1
org/apache/spark/status/api/v1/OutputMetrics.bytesWritten-api.scala-241-241=82
org/apache/spark/status/api/v1/TaskMetrics.resultSize-api.scala-225-225=57
org/apache/spark/rdd/MapPartitionsRDD.initializeLogIfNecessary-MapPartitionsRDD.scala-77-77=14
org/apache/spark/status/api/v1/ShuffleReadMetrics.localBlocksFetched-api.scala-246-246=61
org/apache/spark/rdd/HadoopRDD.jobConfCacheKey-HadoopRDD.scala-127-127=5
org/apache/spark/rdd/RDDOperationScope$$anonfun$2.apply-RDDOperationScope.scala-105-105=6
org/apache/spark/rdd/RDD.id-RDD.scala-150-150=79
org/apache/spark/rdd/RDD.scope-RDD.scala-1743-1743=10
org/apache/spark/util/JsonProtocol$$anonfun$rddInfoToJson$5.apply-JsonProtocol.scala-440-440=30
org/apache/spark/status/api/v1/ShuffleWriteMetrics.writeTime-api.scala-255-255=69
org/apache/spark/status/api/v1/TaskMetrics.peakExecutionMemory-api.scala-230-230=63
org/apache/spark/rdd/MapPartitionsRDD$.$lessinit$greater$default$4-MapPartitionsRDD.scala-43-43=1
org/apache/spark/status/api/v1/StageData.stageId-api.scala-165-165=10
org/apache/spark/rdd/RDD.elementClassTag-RDD.scala-1749-1749=6
org/apache/spark/rdd/RDD.logDebug-RDD.scala-77-77=6
org/apache/spark/rdd/HadoopRDD$$anon$1.org$apache$spark$rdd$HadoopRDD$$anon$$updateBytesRead-HadoopRDD.scala-254-254=14
org/apache/spark/rdd/RDD.count-RDD.scala-1213-1213=1
org/apache/spark/rdd/RDD$$anonfun$partitions$2$$anonfun$apply$3.apply-RDD.scala-274-274=20
org/apache/spark/rdd/HadoopRDD$$anon$1.close-HadoopRDD.scala-314-314=9
org/apache/spark/rdd/HadoopRDD$$anon$1$$anonfun$org$apache$spark$rdd$HadoopRDD$$anon$$updateBytesRead$1.apply-HadoopRDD.scala-254-254=14
org/apache/spark/rdd/RDD.withScope-RDD.scala-385-385=1
org/apache/spark/rdd/HadoopPartition.inputSplit-HadoopRDD.scala-51-51=23
org/apache/spark/status/api/v1/ShuffleReadMetrics.recordsRead-api.scala-251-251=86
org/apache/spark/rdd/PartitionwiseSampledRDDPartition.prev-PartitionwiseSampledRDD.scala-29-29=7
org/apache/spark/rdd/RDD$$anonfun$org$apache$spark$rdd$RDD$$visit$1$1.apply-RDD.scala-326-326=8
org/apache/spark/mllib/linalg/Vector$class.$init$-Vectors.scala-47-47=814
org/apache/spark/mllib/classification/SVMWithSGD.useFeatureScaling-SVM.scala-144-144=2
org/apache/spark/rdd/RDD$$anonfun$map$1.apply-RDD.scala-392-392=1
org/apache/spark/rdd/RDD$$anonfun$preferredLocations$2.apply-RDD.scala-297-297=10
org/apache/spark/rdd/MapPartitionsRDD.getOrCompute-MapPartitionsRDD.scala-354-357=8
org/apache/spark/mllib/regression/GeneralizedLinearAlgorithm.useFeatureScaling-GeneralizedLinearAlgorithm.scala-144-144=2
org/apache/spark/rdd/RDD.org$apache$spark$rdd$RDD$$visit$1-RDD.scala-323-326=10
org/apache/spark/rdd/RDD.isBarrier-RDD.scala-1931-1931=14
org/apache/spark/rdd/HadoopPartition.index-HadoopRDD.scala-48-48=20
org/apache/spark/mllib/regression/LabeledPoint$.parse-LabeledPoint.scala-61-61=818
org/apache/spark/mllib/optimization/GradientDescent$.org$apache$spark$internal$Logging$$log__$eq-GradientDescent.scala-155-155=1
org/apache/spark/rdd/MapPartitionsRDD.computeOrReadCheckpoint-MapPartitionsRDD.scala-343-343=38
org/apache/spark/rdd/HadoopRDD$$anon$1$$anonfun$3.apply-HadoopRDD.scala-284-285=7
org/apache/spark/rdd/MapPartitionsRDD.id-MapPartitionsRDD.scala-150-150=6
org/apache/spark/rdd/RDD.iterator-RDD.scala-307-307=39
org/apache/spark/rdd/MapPartitionsRDD.org$apache$spark$internal$Logging$$log_-MapPartitionsRDD.scala-77-77=31
org/apache/spark/util/JsonProtocol$$anonfun$rddInfoToJson$7.apply-JsonProtocol.scala-444-444=30
org/apache/spark/rdd/RDDOperationScope$.$lessinit$greater$default$2-RDDOperationScope.scala-48-48=2
org/apache/spark/rdd/RDDOperationScope$$anonfun$getAllScopes$2.apply-RDDOperationScope.scala-61-61=5
org/apache/spark/rdd/RDDOperationScope.getAllScopes-RDDOperationScope.scala-61-61=5
org/apache/spark/rdd/RDD$$anonfun$count$1.apply-RDD.scala-1213-1213=17
org/apache/spark/util/JsonProtocol$$anonfun$rddInfoToJson$2.apply-JsonProtocol.scala-437-437=30
org/apache/spark/rdd/MapPartitionsRDD.getPartitions-MapPartitionsRDD.scala-49-49=1
org/apache/spark/status/api/v1/ShuffleReadMetrics.remoteBytesRead-api.scala-248-248=77
org/apache/spark/rdd/InputFileBlockHolder$.unset-InputFileBlockHolder.scala-86-86=16
org/apache/spark/rdd/HadoopRDD$.addLocalConfiguration-HadoopRDD.scala-401-408=6
org/apache/spark/status/api/v1/TaskMetrics.executorRunTime-api.scala-223-223=74
org/apache/spark/status/api/v1/TaskMetrics.inputMetrics-api.scala-231-231=161
org/apache/spark/rdd/MapPartitionsRDD.logInfo-MapPartitionsRDD.scala-77-77=7
org/apache/spark/rdd/HadoopRDD$$anon$1$$anonfun$org$apache$spark$rdd$HadoopRDD$$anon$$updateBytesRead$1.apply-HadoopRDD.scala-255-255=15
org/apache/spark/util/JsonProtocol$$anonfun$rddInfoToJson$6.apply-JsonProtocol.scala-443-443=30
org/apache/spark/rdd/HadoopRDD$$anon$1.org$apache$spark$rdd$HadoopRDD$$anon$$existingBytesRead-HadoopRDD.scala-231-231=15
org/apache/spark/mllib/classification/SVMWithSGD.optimizer-SVM.scala-132-132=1
org/apache/spark/rdd/HadoopRDD$$anon$1$$anonfun$2.apply-HadoopRDD.scala-227-227=5
org/apache/spark/rdd/MapPartitionsRDD.logDebug-MapPartitionsRDD.scala-77-77=5
org/apache/spark/rdd/RDD.org$apache$spark$rdd$RDD$$partitions__$eq-RDD.scala-242-242=1
org/apache/spark/status/api/v1/TaskMetrics.executorDeserializeCpuTime-api.scala-222-222=64
org/apache/spark/rdd/RDD.dependencies-RDD.scala-252-252=62
org/apache/spark/status/api/v1/ShuffleReadMetrics.fetchWaitTime-api.scala-247-247=61
org/apache/spark/rdd/RDD.logName-RDD.scala-77-77=4
org/apache/spark/rdd/MapPartitionsRDD.isBarrier_-MapPartitionsRDD.scala-60-60=13
org/apache/spark/rdd/HadoopRDD.getJobConf-HadoopRDD.scala-144-153=8
org/apache/spark/rdd/RDD$$anonfun$map$1$$anonfun$apply$5.apply-RDD.scala-394-394=29
org/apache/spark/status/api/v1/TaskMetrics.shuffleReadMetrics-api.scala-233-233=508
org/apache/spark/status/api/v1/RDDPartitionInfo.memoryUsed-api.scala-159-159=2
org/apache/spark/status/api/v1/ShuffleReadMetrics.remoteBlocksFetched-api.scala-245-245=63
org/apache/spark/status/api/v1/ShuffleWriteMetrics.recordsWritten-api.scala-256-256=81
org/apache/spark/status/api/v1/TaskMetrics.diskBytesSpilled-api.scala-229-229=72
org/apache/spark/rdd/RDD$$anonfun$partitions$2.apply-RDD.scala-269-269=28
org/apache/spark/rdd/RDDOperationScope.id-RDDOperationScope.scala-49-49=23
org/apache/spark/rdd/RDD$$anonfun$4.apply-RDD.scala-323-323=16
org/apache/spark/util/JsonProtocol$$anonfun$rddInfoToJson$4$$anonfun$apply$19.apply-JsonProtocol.scala-439-439=28
org/apache/spark/rdd/InputFileBlockHolder$$anon$1.initialValue-InputFileBlockHolder.scala-53-53=3
org/apache/spark/rdd/RDDOperationScope$.org$apache$spark$rdd$RDDOperationScope$$jsonMapper-RDDOperationScope.scala-82-82=20
org/apache/spark/rdd/RDDOperationScope$.withScope-RDDOperationScope.scala-102-112=1
org/apache/spark/util/JsonProtocol$$anonfun$rddInfoToJson$9.apply-JsonProtocol.scala-446-446=30
org/apache/spark/status/api/v1/ShuffleReadMetrics.localBytesRead-api.scala-250-250=90
org/apache/spark/util/JsonProtocol$$anonfun$rddInfoToJson$4.apply-JsonProtocol.scala-439-439=30
org/apache/spark/rdd/HadoopRDD.getInputFormat-HadoopRDD.scala-190-196=6
org/apache/spark/rdd/MapPartitionsRDD.compute-MapPartitionsRDD.scala-52-52=24
org/apache/spark/rdd/RDDOperationScope$$anonfun$5.apply-RDDOperationScope.scala-137-137=2
org/apache/spark/rdd/RDD$$anonfun$doCheckpoint$1.apply$mcV$sp-RDD.scala-1801-1801=2
org/apache/spark/rdd/RDD$$anonfun$getNarrowAncestors$1.apply-RDD.scala-335-335=16
org/apache/spark/rdd/MapPartitionsRDD.log-MapPartitionsRDD.scala-77-77=15
org/apache/spark/rdd/RDD.logInfo-RDD.scala-77-77=5
org/apache/spark/rdd/RDD.org$apache$spark$rdd$RDD$$doCheckpointCalled_$eq-RDD.scala-1792-1792=1
org/apache/spark/rdd/MapPartitionsRDD.firstParent-MapPartitionsRDD.scala-1763-1763=24
org/apache/spark/rdd/RDDOperationScope.parent-RDDOperationScope.scala-48-48=23
org/apache/spark/rdd/HadoopRDD.compute-HadoopRDD.scala-95-95=8
org/apache/spark/rdd/RDD$$anon$1.next-RDD.scala-367-368=92
org/apache/spark/rdd/RDD.initializeLogIfNecessary-RDD.scala-77-77=13
org/apache/spark/status/api/v1/JobData.jobId-api.scala-110-110=11
org/apache/spark/rdd/PartitionwiseSampledRDD.compute-PartitionwiseSampledRDD.scala-65-68=7
org/apache/spark/rdd/MapPartitionsRDD.checkpointData-MapPartitionsRDD.scala-1751-1751=55
org/apache/spark/mllib/linalg/Vectors$.dense-Vectors.scala-308-308=808
org/apache/spark/status/api/v1/TaskMetrics.jvmGcTime-api.scala-226-226=62
org/apache/spark/rdd/MapPartitionsRDD.iterator-MapPartitionsRDD.scala-307-307=37
org/apache/spark/rdd/RDD.getDependencies-RDD.scala-132-132=1
org/apache/spark/rdd/RDDOperationScope$.$lessinit$greater$default$3-RDDOperationScope.scala-49-49=3
