org/apache/spark/rdd/RDD.doCheckpoint-RDD.scala-1800-1800=4
org/apache/spark/mllib/rdd/RDDFunctions$.fromRDD-RDDFunctions.scala-64-64=1
org/apache/spark/rdd/RDD.getNumPartitions-RDD.scala-289-289=4
org/apache/spark/rdd/RDD.org$apache$spark$rdd$RDD$$partitions_-RDD.scala-242-242=324
org/apache/spark/rdd/UnionRDD.getPartitions-UnionRDD.scala-77-90=1
org/apache/spark/mllib/evaluation/BinaryClassificationMetrics$$anonfun$9.apply-BinaryClassificationMetrics.scala-197-197=20
org/apache/spark/rdd/RDD.org$apache$spark$rdd$RDD$$sc-RDD.scala-89-100=60
org/apache/spark/status/api/v1/InputMetrics.recordsRead-api.scala-238-238=239
org/apache/spark/rdd/RDD.persist-RDD.scala-202-202=1
org/apache/spark/status/api/v1/TaskMetrics.shuffleWriteMetrics-api.scala-234-234=641
org/apache/spark/status/api/v1/StageData.attemptId-api.scala-166-166=68
org/apache/spark/rdd/RDD$$anonfun$mapPartitionsWithIndex$1.apply-RDD.scala-871-871=1
org/apache/spark/rdd/RDD$.CHECKPOINT_ALL_MARKED_ANCESTORS-RDD.scala-2006-2006=8
org/apache/spark/status/api/v1/ShuffleReadMetrics.remoteBytesReadToDisk-api.scala-249-249=163
org/apache/spark/rdd/RDD.getNarrowAncestors-RDD.scala-320-335=6
org/apache/spark/status/api/v1/TaskMetrics.memoryBytesSpilled-api.scala-228-228=245
org/apache/spark/rdd/RDD.isCheckpointedAndMaterialized-RDD.scala-1677-1677=16
org/apache/spark/rdd/RDD.isBarrier_-RDD.scala-1935-1935=3
org/apache/spark/rdd/ParallelCollectionRDD$$anonfun$positions$1$1.apply-ParallelCollectionRDD.scala-124-124=2
org/apache/spark/rdd/RDD$$anonfun$mapPartitions$1.apply-RDD.scala-819-819=1
org/apache/spark/rdd/ParallelCollectionRDD$$anonfun$getPreferredLocations$1.apply-ParallelCollectionRDD.scala-106-106=4
org/apache/spark/rdd/RDD.org$apache$spark$rdd$RDD$$doCheckpointCalled-RDD.scala-1792-1792=4
org/apache/spark/status/api/v1/OutputMetrics.recordsWritten-api.scala-242-242=248
org/apache/spark/rdd/RDD.creationSite-RDD.scala-1734-1734=28
org/apache/spark/rdd/RDD$$anonfun$isBarrier_$2.apply-RDD.scala-1936-1936=6
org/apache/spark/rdd/UnionRDD$$anonfun$getPartitions$2.apply-UnionRDD.scala-86-86=6
org/apache/spark/rdd/RDD$$anonfun$6.apply-RDD.scala-325-325=36
org/apache/spark/mllib/evaluation/binary/BinaryLabelCounter.numPositives-BinaryLabelCounter.scala-27-27=109
org/apache/spark/rdd/RDD.org$apache$spark$rdd$RDD$$dependencies_-RDD.scala-241-241=383
org/apache/spark/rdd/MapPartitionsRDD$.$lessinit$greater$default$3-MapPartitionsRDD.scala-42-42=2
org/apache/spark/status/api/v1/TaskMetrics.executorCpuTime-api.scala-224-224=227
org/apache/spark/rdd/ParallelCollectionRDD$.slice-ParallelCollectionRDD.scala-118-130=2
org/apache/spark/mllib/evaluation/BinaryClassificationMetrics.logName-BinaryClassificationMetrics.scala-44-44=1
org/apache/spark/rdd/RDDOperationScope.toJson-RDDOperationScope.scala-52-52=36
org/apache/spark/rdd/RDD$$anonfun$isBarrier_$1.apply-RDD.scala-1936-1936=6
org/apache/spark/status/api/v1/InputMetrics.bytesRead-api.scala-237-237=244
org/apache/spark/rdd/RDD.getPreferredLocations-RDD.scala-137-137=52
org/apache/spark/status/api/v1/ExecutorSummary.hostPort-api.scala-78-78=378
org/apache/spark/rdd/RDD$$anonfun$doCheckpoint$1.apply-RDD.scala-1801-1801=4
org/apache/spark/rdd/MapPartitionsRDD$$anonfun$isBarrier_$1.apply-MapPartitionsRDD.scala-60-60=8
org/apache/spark/status/api/v1/ShuffleWriteMetrics.bytesWritten-api.scala-254-254=239
org/apache/spark/rdd/RDD.context-RDD.scala-1772-1772=6
org/apache/spark/rdd/RDD.firstParent-RDD.scala-1763-1763=13
org/apache/spark/mllib/evaluation/binary/BinaryLabelCounter.numNegatives-BinaryLabelCounter.scala-28-28=107
org/apache/spark/rdd/RDDOperationScope$.withScope-RDDOperationScope.scala-134-155=13
org/apache/spark/rdd/RDD.persist-RDD.scala-189-189=1
org/apache/spark/mllib/evaluation/binary/BinaryLabelCounter.numPositives_$eq-BinaryLabelCounter.scala-27-27=51
org/apache/spark/rdd/UnionRDD$$anonfun$getPartitions$1.apply-UnionRDD.scala-86-86=6
org/apache/spark/rdd/RDD.org$apache$spark$rdd$RDD$$stateLock-RDD.scala-237-237=15
org/apache/spark/rdd/UnionRDD.getDependencies-UnionRDD.scala-94-100=1
org/apache/spark/rdd/RDDOperationScope.name-RDDOperationScope.scala-47-47=63
org/apache/spark/rdd/RDD$$anonfun$5.apply-RDD.scala-324-324=36
org/apache/spark/rdd/RDD.name-RDD.scala-153-153=24
org/apache/spark/rdd/RDD$$anonfun$dependencies$2.apply-RDD.scala-252-252=187
org/apache/spark/rdd/RDD.computeOrReadCheckpoint-RDD.scala-343-343=13
org/apache/spark/rdd/ParallelCollectionRDD$$anonfun$positions$1$1.apply-ParallelCollectionRDD.scala-125-127=2
org/apache/spark/status/api/v1/TaskMetrics.outputMetrics-api.scala-232-232=481
org/apache/spark/rdd/RDD.map-RDD.scala-392-392=2
org/apache/spark/rdd/RDD.conf-RDD.scala-107-107=1
org/apache/spark/rdd/RDD$$anonfun$37.apply-RDD.scala-1744-1744=12
org/apache/spark/util/JsonProtocol$$anonfun$rddInfoToJson$8.apply-JsonProtocol.scala-445-445=54
org/apache/spark/mllib/evaluation/BinaryClassificationMetrics$$anonfun$8$$anonfun$apply$3.apply-BinaryClassificationMetrics.scala-193-193=61
org/apache/spark/rdd/RDDOperationScope$.withScope$default$2-RDDOperationScope.scala-101-101=10
org/apache/spark/rdd/RDD.preferredLocations-RDD.scala-296-296=78
org/apache/spark/rdd/RDDOperationScope$$anonfun$3.apply-RDDOperationScope.scala-106-106=20
org/apache/spark/mllib/evaluation/BinaryClassificationMetrics.log-BinaryClassificationMetrics.scala-44-44=1
org/apache/spark/rdd/RDD$$anonfun$collect$1.apply-RDD.scala-990-991=1
org/apache/spark/rdd/UnionRDD$$anonfun$1.apply-UnionRDD.scala-84-84=6
org/apache/spark/rdd/RDD.org$apache$spark$rdd$RDD$$dependencies__$eq-RDD.scala-241-241=7
org/apache/spark/rdd/ShuffledRDD.getPreferredLocations-ShuffledRDD.scala-97-99=10
org/apache/spark/rdd/ParallelCollectionRDD.getPreferredLocations-ParallelCollectionRDD.scala-106-106=4
org/apache/spark/util/JsonProtocol$$anonfun$rddInfoToJson$1.apply-JsonProtocol.scala-437-437=54
org/apache/spark/status/api/v1/TaskMetrics.resultSerializationTime-api.scala-227-227=163
org/apache/spark/rdd/RDD.getStorageLevel-RDD.scala-223-223=32
org/apache/spark/rdd/MapPartitionsRDD.isCheckpointedAndMaterialized-MapPartitionsRDD.scala-1677-1677=20
org/apache/spark/rdd/RDD$$anonfun$doCheckpoint$1$$anonfun$apply$mcV$sp$2.apply-RDD.scala-1813-1813=6
org/apache/spark/rdd/ParallelCollectionRDD.getPartitions-ParallelCollectionRDD.scala-97-98=2
org/apache/spark/rdd/RDDOperationScope$$anonfun$1.apply-RDDOperationScope.scala-104-104=40
org/apache/spark/rdd/UnionPartition.index-UnionRDD.scala-51-51=24
org/apache/spark/rdd/RDD.sparkContext-RDD.scala-147-147=1
org/apache/spark/rdd/InputFileBlockHolder$.initialize-InputFileBlockHolder.scala-92-92=3
org/apache/spark/util/JsonProtocol$$anonfun$rddInfoToJson$3.apply-JsonProtocol.scala-439-439=52
org/apache/spark/rdd/RDDOperationScope$.nextScopeId-RDDOperationScope.scala-90-90=10
org/apache/spark/rdd/RDD.checkpointData-RDD.scala-1751-1751=447
org/apache/spark/status/api/v1/TaskMetrics.executorDeserializeTime-api.scala-221-221=195
org/apache/spark/rdd/MapPartitionsRDD.org$apache$spark$rdd$RDD$$dependencies_-MapPartitionsRDD.scala-241-241=37
org/apache/spark/mllib/evaluation/BinaryClassificationMetrics.logInfo-BinaryClassificationMetrics.scala-44-44=1
org/apache/spark/rdd/RDD.org$apache$spark$internal$Logging$$log__$eq-RDD.scala-77-77=8
org/apache/spark/rdd/MapPartitionsRDD.dependencies-MapPartitionsRDD.scala-252-252=21
org/apache/spark/rdd/ParallelCollectionPartition.index-ParallelCollectionRDD.scala-48-48=8
org/apache/spark/rdd/RDDOperationScope$.fromJson-RDDOperationScope.scala-86-86=14
org/apache/spark/rdd/RDD.partitions-RDD.scala-269-269=154
org/apache/spark/mllib/evaluation/binary/BinaryLabelCounter.numNegatives_$eq-BinaryLabelCounter.scala-28-28=45
org/apache/spark/status/api/v1/ExecutorSummary.id-api.scala-77-77=378
org/apache/spark/rdd/ParallelCollectionRDD$$anonfun$getPartitions$1.apply-ParallelCollectionRDD.scala-98-98=4
org/apache/spark/status/api/v1/RDDStorageInfo.id-api.scala-132-132=183
org/apache/spark/rdd/RDD$$anonfun$org$apache$spark$rdd$RDD$$visit$1$1.apply-RDD.scala-327-328=18
org/apache/spark/rdd/RDD$$anonfun$collect$1$$anonfun$15.apply-RDD.scala-990-990=5
org/apache/spark/rdd/MapPartitionsRDD$.$lessinit$greater$default$5-MapPartitionsRDD.scala-44-44=4
org/apache/spark/status/api/v1/OutputMetrics.bytesWritten-api.scala-241-241=240
org/apache/spark/status/api/v1/TaskMetrics.resultSize-api.scala-225-225=160
org/apache/spark/rdd/ShuffledRDD.isBarrier-ShuffledRDD.scala-114-114=4
org/apache/spark/rdd/RDD.mapPartitionsWithIndex-RDD.scala-871-871=1
org/apache/spark/rdd/UnionRDD.rdds-UnionRDD.scala-69-69=4
org/apache/spark/status/api/v1/ShuffleReadMetrics.localBlocksFetched-api.scala-246-246=168
org/apache/spark/rdd/RDDOperationScope$$anonfun$2.apply-RDDOperationScope.scala-105-105=60
org/apache/spark/rdd/RDD.id-RDD.scala-150-150=217
org/apache/spark/rdd/RDD.scope-RDD.scala-1743-1743=24
org/apache/spark/util/JsonProtocol$$anonfun$rddInfoToJson$5.apply-JsonProtocol.scala-440-440=54
org/apache/spark/mllib/evaluation/BinaryClassificationMetrics$$anonfun$8.apply-BinaryClassificationMetrics.scala-191-191=4
org/apache/spark/status/api/v1/ShuffleWriteMetrics.writeTime-api.scala-255-255=161
org/apache/spark/status/api/v1/TaskMetrics.peakExecutionMemory-api.scala-230-230=166
org/apache/spark/rdd/MapPartitionsRDD$.$lessinit$greater$default$4-MapPartitionsRDD.scala-43-43=4
org/apache/spark/status/api/v1/StageData.stageId-api.scala-165-165=68
org/apache/spark/rdd/RDD.elementClassTag-RDD.scala-1749-1749=8
org/apache/spark/mllib/evaluation/binary/BinaryLabelCounter.$plus$eq-BinaryLabelCounter.scala-40-42=46
org/apache/spark/mllib/evaluation/BinaryClassificationMetrics.initializeLogIfNecessary-BinaryClassificationMetrics.scala-44-44=2
org/apache/spark/rdd/UnionPartition.preferredLocations-UnionRDD.scala-49-49=12
org/apache/spark/rdd/RDD$$anonfun$partitions$2$$anonfun$apply$3.apply-RDD.scala-274-274=112
org/apache/spark/mllib/evaluation/BinaryClassificationMetrics.org$apache$spark$internal$Logging$$log__$eq-BinaryClassificationMetrics.scala-44-44=1
org/apache/spark/mllib/rdd/SlidingRDD.parent-SlidingRDD.scala-49-49=3
org/apache/spark/rdd/RDD.withScope-RDD.scala-385-385=5
org/apache/spark/rdd/UnionRDD$$anonfun$getDependencies$1.apply-UnionRDD.scala-97-98=3
org/apache/spark/rdd/RDD$$anonfun$persist$1.apply-RDD.scala-176-176=2
org/apache/spark/mllib/evaluation/binary/BinaryLabelCounter$.$lessinit$greater$default$2-BinaryLabelCounter.scala-28-28=8
org/apache/spark/rdd/ParallelCollectionPartition.slice-ParallelCollectionRDD.scala-34-34=8
org/apache/spark/rdd/UnionPartition.org$apache$spark$rdd$UnionPartition$$rdd-UnionRDD.scala-42-42=12
org/apache/spark/status/api/v1/ShuffleReadMetrics.recordsRead-api.scala-251-251=238
org/apache/spark/rdd/RDD$$anonfun$org$apache$spark$rdd$RDD$$visit$1$1.apply-RDD.scala-326-326=18
org/apache/spark/rdd/ShuffledRDD.partitioner-ShuffledRDD.scala-41-41=1
org/apache/spark/rdd/RDD$$anonfun$map$1.apply-RDD.scala-392-392=2
org/apache/spark/rdd/RDD$$anonfun$preferredLocations$2.apply-RDD.scala-297-297=78
org/apache/spark/mllib/evaluation/binary/BinaryLabelCounter$.$lessinit$greater$default$1-BinaryLabelCounter.scala-27-27=8
org/apache/spark/rdd/UnionRDD$$anonfun$getPartitions$2.org$apache$spark$rdd$UnionRDD$$anonfun$$$outer-UnionRDD.scala-86-86=12
org/apache/spark/rdd/RDD.org$apache$spark$rdd$RDD$$visit$1-RDD.scala-323-326=24
org/apache/spark/rdd/RDD.isBarrier-RDD.scala-1931-1931=28
org/apache/spark/mllib/rdd/RDDFunctions.sliding-RDDFunctions.scala-53-53=1
org/apache/spark/rdd/UnionRDD$$anonfun$getDependencies$1.apply-UnionRDD.scala-96-96=3
org/apache/spark/rdd/RDD$$anonfun$collect$1.org$apache$spark$rdd$RDD$$anonfun$$$outer-RDD.scala-989-989=3
org/apache/spark/rdd/MapPartitionsRDD.computeOrReadCheckpoint-MapPartitionsRDD.scala-343-343=14
org/apache/spark/rdd/RDD.iterator-RDD.scala-307-307=12
org/apache/spark/mllib/rdd/RDDFunctions.sliding-RDDFunctions.scala-42-41=1
org/apache/spark/util/JsonProtocol$$anonfun$rddInfoToJson$7.apply-JsonProtocol.scala-444-444=54
org/apache/spark/rdd/RDDOperationScope$$anonfun$getAllScopes$2.apply-RDDOperationScope.scala-61-61=27
org/apache/spark/rdd/RDDOperationScope$.$lessinit$greater$default$2-RDDOperationScope.scala-48-48=4
org/apache/spark/rdd/RDDOperationScope.getAllScopes-RDDOperationScope.scala-61-61=27
org/apache/spark/util/JsonProtocol$$anonfun$rddInfoToJson$2.apply-JsonProtocol.scala-437-437=54
org/apache/spark/rdd/MapPartitionsRDD.getPartitions-MapPartitionsRDD.scala-49-49=4
org/apache/spark/status/api/v1/ShuffleReadMetrics.remoteBytesRead-api.scala-248-248=247
org/apache/spark/rdd/InputFileBlockHolder$.unset-InputFileBlockHolder.scala-86-86=2
org/apache/spark/status/api/v1/TaskMetrics.executorRunTime-api.scala-223-223=231
org/apache/spark/status/api/v1/TaskMetrics.inputMetrics-api.scala-231-231=489
org/apache/spark/rdd/UnionRDD$$anonfun$getPartitions$2$$anonfun$apply$1.apply-UnionRDD.scala-87-88=12
org/apache/spark/util/JsonProtocol$$anonfun$rddInfoToJson$6.apply-JsonProtocol.scala-443-443=54
org/apache/spark/rdd/ShuffledRDDPartition.index-ShuffledRDD.scala-27-27=81
org/apache/spark/rdd/PairRDDFunctions$$anonfun$values$1.apply-PairRDDFunctions.scala-1109-1109=79
org/apache/spark/rdd/ParallelCollectionRDD$$anonfun$slice$4.apply-ParallelCollectionRDD.scala-153-153=4
org/apache/spark/rdd/RDD.org$apache$spark$rdd$RDD$$partitions__$eq-RDD.scala-242-242=7
org/apache/spark/rdd/RDD.isLocallyCheckpointed-RDD.scala-1684-1684=1
org/apache/spark/rdd/UnionRDD.isPartitionListingParallel-UnionRDD.scala-74-74=1
org/apache/spark/rdd/UnionRDD.getPreferredLocations-UnionRDD.scala-109-109=12
org/apache/spark/status/api/v1/TaskMetrics.executorDeserializeCpuTime-api.scala-222-222=165
org/apache/spark/rdd/RDD.dependencies-RDD.scala-252-252=187
org/apache/spark/mllib/evaluation/BinaryClassificationMetrics$$anonfun$8.apply-BinaryClassificationMetrics.scala-192-194=4
org/apache/spark/status/api/v1/ShuffleReadMetrics.fetchWaitTime-api.scala-247-247=169
org/apache/spark/rdd/MapPartitionsRDD.isBarrier_-MapPartitionsRDD.scala-60-60=25
org/apache/spark/mllib/rdd/SlidingRDD.windowSize-SlidingRDD.scala-49-49=1
org/apache/spark/rdd/RDD$$anonfun$mapPartitions$1$$anonfun$apply$23.apply-RDD.scala-823-823=10
org/apache/spark/rdd/RDD.mapPartitions$default$2-RDD.scala-819-819=1
org/apache/spark/rdd/RDD$$anonfun$map$1$$anonfun$apply$5.apply-RDD.scala-394-394=8
org/apache/spark/status/api/v1/TaskMetrics.shuffleReadMetrics-api.scala-233-233=1412
org/apache/spark/status/api/v1/ShuffleReadMetrics.remoteBlocksFetched-api.scala-245-245=167
org/apache/spark/status/api/v1/ShuffleWriteMetrics.recordsWritten-api.scala-256-256=239
org/apache/spark/status/api/v1/TaskMetrics.diskBytesSpilled-api.scala-229-229=252
org/apache/spark/rdd/RDD.mapPartitions-RDD.scala-819-819=1
org/apache/spark/rdd/UnionPartition.parentPartition-UnionRDD.scala-47-47=12
org/apache/spark/rdd/RDD$$anonfun$partitions$2.apply-RDD.scala-269-269=154
org/apache/spark/rdd/RDDOperationScope.id-RDDOperationScope.scala-49-49=63
org/apache/spark/rdd/RDD$$anonfun$4.apply-RDD.scala-323-323=46
org/apache/spark/mllib/evaluation/BinaryClassificationMetrics.roc-BinaryClassificationMetrics.scala-86-90=1
org/apache/spark/util/JsonProtocol$$anonfun$rddInfoToJson$4$$anonfun$apply$19.apply-JsonProtocol.scala-439-439=52
org/apache/spark/rdd/InputFileBlockHolder$$anon$1.initialValue-InputFileBlockHolder.scala-53-53=4
org/apache/spark/rdd/RDDOperationScope$.org$apache$spark$rdd$RDDOperationScope$$jsonMapper-RDDOperationScope.scala-82-82=50
org/apache/spark/rdd/RDDOperationScope$.withScope-RDDOperationScope.scala-102-112=9
org/apache/spark/util/JsonProtocol$$anonfun$rddInfoToJson$9.apply-JsonProtocol.scala-446-446=54
org/apache/spark/util/JsonProtocol$$anonfun$rddInfoToJson$4.apply-JsonProtocol.scala-439-439=54
org/apache/spark/status/api/v1/ShuffleReadMetrics.localBytesRead-api.scala-250-250=243
org/apache/spark/rdd/RDD.collect-RDD.scala-989-989=1
org/apache/spark/rdd/MapPartitionsRDD.compute-MapPartitionsRDD.scala-52-52=6
org/apache/spark/rdd/RDDOperationScope$$anonfun$5.apply-RDDOperationScope.scala-137-137=16
org/apache/spark/rdd/RDD$$anonfun$doCheckpoint$1.apply$mcV$sp-RDD.scala-1801-1801=4
org/apache/spark/rdd/RDD$$anonfun$getNarrowAncestors$1.apply-RDD.scala-335-335=36
org/apache/spark/rdd/RDD.org$apache$spark$rdd$RDD$$doCheckpointCalled_$eq-RDD.scala-1792-1792=3
org/apache/spark/rdd/UnionRDD$$anonfun$getPartitions$2$$anonfun$apply$1.apply-UnionRDD.scala-86-86=12
org/apache/spark/rdd/MapPartitionsRDD.firstParent-MapPartitionsRDD.scala-1763-1763=10
org/apache/spark/rdd/RDDOperationScope.parent-RDDOperationScope.scala-48-48=62
org/apache/spark/status/api/v1/JobData.jobId-api.scala-110-110=23
org/apache/spark/rdd/MapPartitionsRDD.checkpointData-MapPartitionsRDD.scala-1751-1751=37
org/apache/spark/status/api/v1/TaskMetrics.jvmGcTime-api.scala-226-226=163
org/apache/spark/mllib/evaluation/BinaryClassificationMetrics.org$apache$spark$internal$Logging$$log_-BinaryClassificationMetrics.scala-44-44=2
org/apache/spark/rdd/MapPartitionsRDD.iterator-MapPartitionsRDD.scala-307-307=12
org/apache/spark/rdd/RDD.getDependencies-RDD.scala-132-132=6
org/apache/spark/rdd/ShuffledRDD.compute-ShuffledRDD.scala-103-105=6
org/apache/spark/rdd/RDDOperationScope$.$lessinit$greater$default$3-RDDOperationScope.scala-49-49=10
