org/apache/spark/status/api/v1/OutputMetrics.bytesWritten-api.scala-241-241=65
org/apache/spark/mllib/regression/LabeledPoint.features-LabeledPoint.scala-38-38=291
org/apache/spark/status/api/v1/TaskMetrics.resultSize-api.scala-225-225=52
org/apache/spark/rdd/PartitionwiseSampledRDDPartition.seed-PartitionwiseSampledRDD.scala-29-29=2
org/apache/spark/rdd/MapPartitionsRDD.initializeLogIfNecessary-MapPartitionsRDD.scala-77-77=4
org/apache/spark/rdd/RDD.org$apache$spark$rdd$RDD$$partitions_-RDD.scala-242-242=34
org/apache/spark/status/api/v1/ShuffleReadMetrics.localBlocksFetched-api.scala-246-246=50
org/apache/spark/rdd/HadoopRDD.jobConfCacheKey-HadoopRDD.scala-127-127=2
org/apache/spark/mllib/tree/RandomForest$$anonfun$8.apply-RandomForest.scala-94-94=583
org/apache/spark/rdd/RDD.id-RDD.scala-150-150=27
org/apache/spark/rdd/RDD.scope-RDD.scala-1743-1743=7
org/apache/spark/rdd/PartitionwiseSampledRDDPartition.index-PartitionwiseSampledRDD.scala-31-31=4
org/apache/spark/status/api/v1/InputMetrics.recordsRead-api.scala-238-238=61
org/apache/spark/util/JsonProtocol$$anonfun$rddInfoToJson$5.apply-JsonProtocol.scala-440-440=28
org/apache/spark/status/api/v1/ShuffleWriteMetrics.writeTime-api.scala-255-255=50
org/apache/spark/status/api/v1/TaskMetrics.peakExecutionMemory-api.scala-230-230=48
org/apache/spark/status/api/v1/TaskMetrics.shuffleWriteMetrics-api.scala-234-234=167
org/apache/spark/status/api/v1/StageData.attemptId-api.scala-166-166=7
org/apache/spark/status/api/v1/StageData.stageId-api.scala-165-165=7
org/apache/spark/status/api/v1/ShuffleReadMetrics.remoteBytesReadToDisk-api.scala-249-249=48
org/apache/spark/rdd/RDD.getNarrowAncestors-RDD.scala-320-335=1
org/apache/spark/rdd/RDD.logDebug-RDD.scala-77-77=2
org/apache/spark/rdd/HadoopRDD$$anon$1.org$apache$spark$rdd$HadoopRDD$$anon$$updateBytesRead-HadoopRDD.scala-254-254=4
org/apache/spark/status/api/v1/TaskMetrics.memoryBytesSpilled-api.scala-228-228=61
org/apache/spark/rdd/RDD.isCheckpointedAndMaterialized-RDD.scala-1677-1677=14
org/apache/spark/rdd/HadoopRDD$$anon$1.close-HadoopRDD.scala-314-314=2
org/apache/spark/rdd/HadoopRDD$$anon$1$$anonfun$org$apache$spark$rdd$HadoopRDD$$anon$$updateBytesRead$1.apply-HadoopRDD.scala-254-254=4
org/apache/spark/rdd/HadoopPartition.inputSplit-HadoopRDD.scala-51-51=8
org/apache/spark/status/api/v1/ShuffleReadMetrics.recordsRead-api.scala-251-251=60
org/apache/spark/rdd/PartitionwiseSampledRDDPartition.prev-PartitionwiseSampledRDD.scala-29-29=2
org/apache/spark/rdd/RDD$$anonfun$org$apache$spark$rdd$RDD$$visit$1$1.apply-RDD.scala-326-326=6
org/apache/spark/status/api/v1/OutputMetrics.recordsWritten-api.scala-242-242=64
org/apache/spark/rdd/RDD.creationSite-RDD.scala-1734-1734=7
org/apache/spark/mllib/linalg/Vector$class.$init$-Vectors.scala-47-47=292
org/apache/spark/rdd/RDD$$anonfun$6.apply-RDD.scala-325-325=12
org/apache/spark/rdd/RDD.log-RDD.scala-77-77=6
org/apache/spark/rdd/RDD$$anonfun$preferredLocations$2.apply-RDD.scala-297-297=4
org/apache/spark/rdd/RDD.org$apache$spark$rdd$RDD$$dependencies_-RDD.scala-241-241=64
org/apache/spark/status/api/v1/TaskMetrics.executorCpuTime-api.scala-224-224=58
org/apache/spark/rdd/RDDOperationScope.toJson-RDDOperationScope.scala-52-52=14
org/apache/spark/rdd/RDD.org$apache$spark$rdd$RDD$$visit$1-RDD.scala-323-326=7
org/apache/spark/rdd/RDD.isBarrier-RDD.scala-1931-1931=2
org/apache/spark/rdd/HadoopPartition.index-HadoopRDD.scala-48-48=10
org/apache/spark/api/java/JavaPairRDD$$anonfun$toScalaFunction$1.apply-JavaPairRDD.scala-1040-1040=293
org/apache/spark/mllib/linalg/Vectors$.parseNumeric-Vectors.scala-395-401=291
org/apache/spark/status/api/v1/InputMetrics.bytesRead-api.scala-237-237=60
org/apache/spark/mllib/regression/LabeledPoint$.parse-LabeledPoint.scala-61-61=291
org/apache/spark/rdd/RDD.getPreferredLocations-RDD.scala-137-137=2
org/apache/spark/status/api/v1/ExecutorSummary.hostPort-api.scala-78-78=9
org/apache/spark/rdd/RDD$$anonfun$flatMap$1$$anonfun$apply$6.apply-RDD.scala-403-403=4
org/apache/spark/mllib/regression/LabeledPoint.asML-LabeledPoint.scala-44-44=289
org/apache/spark/rdd/MapPartitionsRDD.computeOrReadCheckpoint-MapPartitionsRDD.scala-343-343=14
org/apache/spark/rdd/HadoopRDD$$anon$1$$anonfun$3.apply-HadoopRDD.scala-284-285=2
org/apache/spark/rdd/RDD.iterator-RDD.scala-307-307=14
org/apache/spark/status/api/v1/ShuffleWriteMetrics.bytesWritten-api.scala-254-254=59
org/apache/spark/rdd/MapPartitionsRDD.org$apache$spark$internal$Logging$$log_-MapPartitionsRDD.scala-77-77=12
org/apache/spark/rdd/RDDOperationScope$$anonfun$getAllScopes$2.apply-RDDOperationScope.scala-61-61=3
org/apache/spark/util/JsonProtocol$$anonfun$rddInfoToJson$7.apply-JsonProtocol.scala-444-444=28
org/apache/spark/rdd/RDD.firstParent-RDD.scala-1763-1763=12
org/apache/spark/rdd/RDDOperationScope.getAllScopes-RDDOperationScope.scala-61-61=3
org/apache/spark/util/JsonProtocol$$anonfun$rddInfoToJson$2.apply-JsonProtocol.scala-437-437=28
org/apache/spark/status/api/v1/ShuffleReadMetrics.remoteBytesRead-api.scala-248-248=62
org/apache/spark/rdd/InputFileBlockHolder$.unset-InputFileBlockHolder.scala-86-86=4
org/apache/spark/rdd/HadoopRDD$.addLocalConfiguration-HadoopRDD.scala-401-408=2
org/apache/spark/rdd/RDDOperationScope.name-RDDOperationScope.scala-47-47=18
org/apache/spark/status/api/v1/TaskMetrics.executorRunTime-api.scala-223-223=55
org/apache/spark/status/api/v1/TaskMetrics.inputMetrics-api.scala-231-231=119
org/apache/spark/rdd/RDD$$anonfun$5.apply-RDD.scala-324-324=12
org/apache/spark/rdd/MapPartitionsRDD.org$apache$spark$internal$Logging$$log__$eq-MapPartitionsRDD.scala-77-77=2
org/apache/spark/rdd/MapPartitionsRDD.logInfo-MapPartitionsRDD.scala-77-77=2
org/apache/spark/rdd/HadoopRDD$$anon$1$$anonfun$org$apache$spark$rdd$HadoopRDD$$anon$$updateBytesRead$1.apply-HadoopRDD.scala-255-255=4
org/apache/spark/rdd/RDD.name-RDD.scala-153-153=7
org/apache/spark/util/JsonProtocol$$anonfun$rddInfoToJson$6.apply-JsonProtocol.scala-443-443=28
org/apache/spark/rdd/ShuffledRDDPartition.index-ShuffledRDD.scala-27-27=2
org/apache/spark/rdd/HadoopRDD$$anonfun$getJobConf$4.apply-HadoopRDD.scala-167-167=2
org/apache/spark/rdd/HadoopRDD$$anon$1.getNext-HadoopRDD.scala-224-224=291
org/apache/spark/rdd/RDD$$anonfun$dependencies$2.apply-RDD.scala-252-252=32
org/apache/spark/rdd/RDD.computeOrReadCheckpoint-RDD.scala-343-343=14
org/apache/spark/rdd/HadoopRDD$$anon$1.org$apache$spark$rdd$HadoopRDD$$anon$$existingBytesRead-HadoopRDD.scala-231-231=4
org/apache/spark/rdd/RDD.org$apache$spark$internal$Logging$$log_-RDD.scala-77-77=12
org/apache/spark/mllib/regression/LabeledPoint.label-LabeledPoint.scala-37-37=290
org/apache/spark/rdd/HadoopRDD$$anon$1$$anonfun$2.apply-HadoopRDD.scala-227-227=2
org/apache/spark/rdd/HadoopRDD$$anon$1.org$apache$spark$rdd$HadoopRDD$$anon$$inputMetrics-HadoopRDD.scala-230-230=589
org/apache/spark/status/api/v1/TaskMetrics.outputMetrics-api.scala-232-232=126
org/apache/spark/rdd/MapPartitionsRDD.logDebug-MapPartitionsRDD.scala-77-77=2
org/apache/spark/util/JsonProtocol$$anonfun$rddInfoToJson$8.apply-JsonProtocol.scala-445-445=28
org/apache/spark/mllib/regression/LabeledPoint.parse-LabeledPoint.scala--1--1=292
org/apache/spark/status/api/v1/TaskMetrics.executorDeserializeCpuTime-api.scala-222-222=48
org/apache/spark/rdd/RDD.preferredLocations-RDD.scala-296-296=4
org/apache/spark/rdd/MapPartitionsRDD.logName-MapPartitionsRDD.scala-77-77=2
org/apache/spark/rdd/RDD.dependencies-RDD.scala-252-252=32
org/apache/spark/mllib/util/NumericParser$.parse-NumericParser.scala-37-49=290
org/apache/spark/status/api/v1/ShuffleReadMetrics.fetchWaitTime-api.scala-247-247=50
org/apache/spark/rdd/RDD.logName-RDD.scala-77-77=2
org/apache/spark/rdd/MapPartitionsRDD.isBarrier_-MapPartitionsRDD.scala-60-60=2
org/apache/spark/rdd/RDD$$anonfun$mapPartitions$1$$anonfun$apply$23.apply-RDD.scala-823-823=4
org/apache/spark/rdd/HadoopRDD.getJobConf-HadoopRDD.scala-144-153=2
org/apache/spark/rdd/RDD$$anonfun$map$1$$anonfun$apply$5.apply-RDD.scala-394-394=12
org/apache/spark/mllib/linalg/DenseVector.values-Vectors.scala-617-617=292
org/apache/spark/rdd/ShuffledRDD.getPreferredLocations-ShuffledRDD.scala-97-99=2
org/apache/spark/status/api/v1/TaskMetrics.shuffleReadMetrics-api.scala-233-233=384
org/apache/spark/status/api/v1/ShuffleReadMetrics.remoteBlocksFetched-api.scala-245-245=52
org/apache/spark/status/api/v1/ShuffleWriteMetrics.recordsWritten-api.scala-256-256=57
org/apache/spark/util/JsonProtocol$$anonfun$rddInfoToJson$1.apply-JsonProtocol.scala-437-437=28
org/apache/spark/status/api/v1/TaskMetrics.diskBytesSpilled-api.scala-229-229=60
org/apache/spark/status/api/v1/TaskMetrics.resultSerializationTime-api.scala-227-227=52
org/apache/spark/rdd/RDD$$anonfun$partitions$2.apply-RDD.scala-269-269=17
org/apache/spark/rdd/RDD.getStorageLevel-RDD.scala-223-223=9
org/apache/spark/rdd/MapPartitionsRDD.isCheckpointedAndMaterialized-MapPartitionsRDD.scala-1677-1677=14
org/apache/spark/rdd/RDDOperationScope.id-RDDOperationScope.scala-49-49=17
org/apache/spark/rdd/RDD$$anonfun$4.apply-RDD.scala-323-323=12
org/apache/spark/util/JsonProtocol$$anonfun$rddInfoToJson$4$$anonfun$apply$19.apply-JsonProtocol.scala-439-439=28
org/apache/spark/rdd/InputFileBlockHolder$$anon$1.initialValue-InputFileBlockHolder.scala-53-53=2
org/apache/spark/rdd/RDD.sparkContext-RDD.scala-147-147=1
org/apache/spark/rdd/RDDOperationScope$.org$apache$spark$rdd$RDDOperationScope$$jsonMapper-RDDOperationScope.scala-82-82=14
org/apache/spark/rdd/InputFileBlockHolder$.initialize-InputFileBlockHolder.scala-92-92=2
org/apache/spark/rdd/RDD$$anonfun$retag$1.apply-RDD.scala-1788-1788=4
org/apache/spark/util/JsonProtocol$$anonfun$rddInfoToJson$9.apply-JsonProtocol.scala-446-446=28
org/apache/spark/util/JsonProtocol$$anonfun$rddInfoToJson$3.apply-JsonProtocol.scala-439-439=28
org/apache/spark/rdd/RDD.checkpointData-RDD.scala-1751-1751=67
org/apache/spark/util/JsonProtocol$$anonfun$rddInfoToJson$4.apply-JsonProtocol.scala-439-439=28
org/apache/spark/status/api/v1/ShuffleReadMetrics.localBytesRead-api.scala-250-250=61
org/apache/spark/rdd/HadoopRDD$.getCachedMetadata-HadoopRDD.scala-393-393=2
org/apache/spark/rdd/HadoopRDD.getInputFormat-HadoopRDD.scala-190-196=2
org/apache/spark/rdd/HadoopRDD$$anon$1$$anonfun$3.apply-HadoopRDD.scala-281-281=2
org/apache/spark/rdd/MapPartitionsRDD.compute-MapPartitionsRDD.scala-52-52=10
org/apache/spark/status/api/v1/TaskMetrics.executorDeserializeTime-api.scala-221-221=55
org/apache/spark/rdd/MapPartitionsRDD.org$apache$spark$rdd$RDD$$dependencies_-MapPartitionsRDD.scala-241-241=24
org/apache/spark/rdd/RDD$$anonfun$getNarrowAncestors$1.apply-RDD.scala-335-335=12
org/apache/spark/rdd/RDD.org$apache$spark$internal$Logging$$log__$eq-RDD.scala-77-77=2
org/apache/spark/rdd/HadoopRDD.org$apache$spark$rdd$HadoopRDD$$createTime-HadoopRDD.scala-132-132=2
org/apache/spark/rdd/MapPartitionsRDD.dependencies-MapPartitionsRDD.scala-252-252=12
org/apache/spark/rdd/MapPartitionsRDD.log-MapPartitionsRDD.scala-77-77=6
org/apache/spark/rdd/RDD.logInfo-RDD.scala-77-77=2
org/apache/spark/rdd/MapPartitionsRDD.firstParent-MapPartitionsRDD.scala-1763-1763=12
org/apache/spark/rdd/RDDOperationScope.parent-RDDOperationScope.scala-48-48=17
org/apache/spark/rdd/HadoopRDD$$anon$1.org$apache$spark$rdd$HadoopRDD$$anon$$split-HadoopRDD.scala-226-226=8
org/apache/spark/rdd/InputFileBlockHolder$.set-InputFileBlockHolder.scala-77-80=2
org/apache/spark/rdd/HadoopRDD.compute-HadoopRDD.scala-95-95=2
org/apache/spark/rdd/RDD.partitions-RDD.scala-269-269=17
org/apache/spark/rdd/RDD.initializeLogIfNecessary-RDD.scala-77-77=4
org/apache/spark/status/api/v1/JobData.jobId-api.scala-110-110=4
org/apache/spark/status/api/v1/ExecutorSummary.id-api.scala-77-77=9
org/apache/spark/rdd/PartitionwiseSampledRDD.compute-PartitionwiseSampledRDD.scala-65-68=2
org/apache/spark/rdd/MapPartitionsRDD.checkpointData-MapPartitionsRDD.scala-1751-1751=26
org/apache/spark/mllib/linalg/Vectors$.dense-Vectors.scala-308-308=292
org/apache/spark/status/api/v1/TaskMetrics.jvmGcTime-api.scala-226-226=51
org/apache/spark/mllib/linalg/DenseVector.asML-Vectors.scala-616-616=290
org/apache/spark/rdd/MapPartitionsRDD.iterator-MapPartitionsRDD.scala-307-307=14
org/apache/spark/rdd/RDD$$anonfun$org$apache$spark$rdd$RDD$$visit$1$1.apply-RDD.scala-327-328=6
