org/apache/spark/status/api/v1/OutputMetrics.bytesWritten-api.scala-241-241=2
org/apache/spark/rdd/InputFileBlockHolder$.unset-InputFileBlockHolder.scala-86-86=2
org/apache/spark/status/api/v1/TaskMetrics.resultSize-api.scala-225-225=3
org/apache/spark/rdd/RDDOperationScope.name-RDDOperationScope.scala-47-47=8
org/apache/spark/status/api/v1/TaskMetrics.executorRunTime-api.scala-223-223=5
org/apache/spark/status/api/v1/TaskMetrics.inputMetrics-api.scala-231-231=14
org/apache/spark/util/JsonProtocol$$anonfun$rddInfoToJson$6.apply-JsonProtocol.scala-443-443=8
org/apache/spark/rdd/ShuffledRDDPartition.index-ShuffledRDD.scala-27-27=2
org/apache/spark/rdd/RDD.computeOrReadCheckpoint-RDD.scala-343-343=2
org/apache/spark/rdd/RDD$$anonfun$dependencies$2.apply-RDD.scala-252-252=6
org/apache/spark/rdd/RDD.org$apache$spark$rdd$RDD$$partitions_-RDD.scala-242-242=18
org/apache/spark/status/api/v1/ShuffleReadMetrics.localBlocksFetched-api.scala-246-246=5
org/apache/spark/status/api/v1/TaskMetrics.outputMetrics-api.scala-232-232=6
org/apache/spark/mllib/tree/impurity/GiniAggregator.update-Gini.scala-91-99=2575
org/apache/spark/rdd/RDD.id-RDD.scala-150-150=14
org/apache/spark/util/JsonProtocol$$anonfun$rddInfoToJson$8.apply-JsonProtocol.scala-445-445=14
org/apache/spark/status/api/v1/InputMetrics.recordsRead-api.scala-238-238=4
org/apache/spark/util/JsonProtocol$$anonfun$rddInfoToJson$5.apply-JsonProtocol.scala-440-440=13
org/apache/spark/status/api/v1/ShuffleWriteMetrics.writeTime-api.scala-255-255=1
org/apache/spark/status/api/v1/TaskMetrics.peakExecutionMemory-api.scala-230-230=4
org/apache/spark/status/api/v1/TaskMetrics.shuffleWriteMetrics-api.scala-234-234=6
org/apache/spark/status/api/v1/TaskMetrics.executorDeserializeCpuTime-api.scala-222-222=3
org/apache/spark/rdd/RDD.preferredLocations-RDD.scala-296-296=4
org/apache/spark/status/api/v1/StageData.attemptId-api.scala-166-166=1
org/apache/spark/rdd/RDD.dependencies-RDD.scala-252-252=6
org/apache/spark/status/api/v1/ShuffleReadMetrics.fetchWaitTime-api.scala-247-247=5
org/apache/spark/mllib/tree/impurity/ImpurityAggregator.statsSize-Impurity.scala-63-63=2561
org/apache/spark/status/api/v1/ShuffleReadMetrics.remoteBytesReadToDisk-api.scala-249-249=5
org/apache/spark/rdd/RDD$$anonfun$mapPartitions$1$$anonfun$apply$23.apply-RDD.scala-823-823=4
org/apache/spark/rdd/ShuffledRDD.getPreferredLocations-ShuffledRDD.scala-97-99=2
org/apache/spark/status/api/v1/TaskMetrics.shuffleReadMetrics-api.scala-233-233=31
org/apache/spark/status/api/v1/TaskMetrics.memoryBytesSpilled-api.scala-228-228=6
org/apache/spark/status/api/v1/ShuffleReadMetrics.remoteBlocksFetched-api.scala-245-245=2
org/apache/spark/status/api/v1/ShuffleWriteMetrics.recordsWritten-api.scala-256-256=2
org/apache/spark/util/JsonProtocol$$anonfun$rddInfoToJson$1.apply-JsonProtocol.scala-437-437=7
org/apache/spark/status/api/v1/TaskMetrics.diskBytesSpilled-api.scala-229-229=5
org/apache/spark/status/api/v1/ShuffleReadMetrics.recordsRead-api.scala-251-251=4
org/apache/spark/status/api/v1/OutputMetrics.recordsWritten-api.scala-242-242=4
org/apache/spark/status/api/v1/TaskMetrics.resultSerializationTime-api.scala-227-227=3
org/apache/spark/rdd/RDD.getStorageLevel-RDD.scala-223-223=2
org/apache/spark/rdd/RDD$$anonfun$partitions$2.apply-RDD.scala-269-269=9
org/apache/spark/rdd/RDD$$anonfun$preferredLocations$2.apply-RDD.scala-297-297=4
org/apache/spark/rdd/RDDOperationScope.id-RDDOperationScope.scala-49-49=7
org/apache/spark/util/JsonProtocol$$anonfun$rddInfoToJson$4$$anonfun$apply$19.apply-JsonProtocol.scala-439-439=12
org/apache/spark/rdd/RDD.org$apache$spark$rdd$RDD$$dependencies_-RDD.scala-241-241=12
org/apache/spark/rdd/RDDOperationScope$.org$apache$spark$rdd$RDDOperationScope$$jsonMapper-RDDOperationScope.scala-82-82=4
org/apache/spark/status/api/v1/TaskMetrics.executorCpuTime-api.scala-224-224=5
org/apache/spark/util/JsonProtocol$$anonfun$rddInfoToJson$9.apply-JsonProtocol.scala-446-446=8
org/apache/spark/util/JsonProtocol$$anonfun$rddInfoToJson$3.apply-JsonProtocol.scala-439-439=11
org/apache/spark/util/JsonProtocol$$anonfun$rddInfoToJson$4.apply-JsonProtocol.scala-439-439=9
org/apache/spark/rdd/RDDOperationScope.toJson-RDDOperationScope.scala-52-52=3
org/apache/spark/status/api/v1/ShuffleReadMetrics.localBytesRead-api.scala-250-250=6
org/apache/spark/rdd/RDD.checkpointData-RDD.scala-1751-1751=19
org/apache/spark/rdd/MapPartitionsRDD.compute-MapPartitionsRDD.scala-52-52=2
org/apache/spark/status/api/v1/InputMetrics.bytesRead-api.scala-237-237=8
org/apache/spark/status/api/v1/TaskMetrics.executorDeserializeTime-api.scala-221-221=5
org/apache/spark/rdd/RDD.getPreferredLocations-RDD.scala-137-137=2
org/apache/spark/rdd/MapPartitionsRDD.computeOrReadCheckpoint-MapPartitionsRDD.scala-343-343=2
org/apache/spark/rdd/RDD.iterator-RDD.scala-307-307=2
org/apache/spark/rdd/PairRDDFunctions$$anonfun$reduceByKey$1$$anonfun$apply$10.apply-PairRDDFunctions.scala-307-307=8
org/apache/spark/status/api/v1/ShuffleWriteMetrics.bytesWritten-api.scala-254-254=1
org/apache/spark/rdd/RDDOperationScope.parent-RDDOperationScope.scala-48-48=7
org/apache/spark/rdd/RDD$$anon$1.next-RDD.scala-367-368=272
org/apache/spark/rdd/RDD.partitions-RDD.scala-269-269=9
org/apache/spark/status/api/v1/TaskMetrics.jvmGcTime-api.scala-226-226=2
org/apache/spark/rdd/RDDOperationScope$$anonfun$getAllScopes$2.apply-RDDOperationScope.scala-61-61=1
org/apache/spark/util/JsonProtocol$$anonfun$rddInfoToJson$7.apply-JsonProtocol.scala-444-444=9
org/apache/spark/status/api/v1/RDDStorageInfo.id-api.scala-132-132=1
org/apache/spark/rdd/MapPartitionsRDD.iterator-MapPartitionsRDD.scala-307-307=2
org/apache/spark/rdd/RDDOperationScope.getAllScopes-RDDOperationScope.scala-61-61=4
org/apache/spark/util/JsonProtocol$$anonfun$rddInfoToJson$2.apply-JsonProtocol.scala-437-437=10
org/apache/spark/status/api/v1/ShuffleReadMetrics.remoteBytesRead-api.scala-248-248=5
