org/apache/spark/status/api/v1/OutputMetrics.bytesWritten-api.scala-241-241=122
org/apache/spark/rdd/RDD.doCheckpoint-RDD.scala-1800-1800=3
org/apache/spark/mllib/regression/LabeledPoint.features-LabeledPoint.scala-38-38=294
org/apache/spark/status/api/v1/TaskMetrics.resultSize-api.scala-225-225=100
org/apache/spark/rdd/MapPartitionsRDD.initializeLogIfNecessary-MapPartitionsRDD.scala-77-77=4
org/apache/spark/rdd/RDD.org$apache$spark$rdd$RDD$$partitions_-RDD.scala-242-242=44
org/apache/spark/status/api/v1/ShuffleReadMetrics.localBlocksFetched-api.scala-246-246=102
org/apache/spark/rdd/RDD.org$apache$spark$rdd$RDD$$sc-RDD.scala-89-100=4
org/apache/spark/rdd/HadoopRDD.jobConfCacheKey-HadoopRDD.scala-127-127=2
org/apache/spark/api/java/JavaRDDLike$class.count-JavaRDDLike.scala-455-455=1
org/apache/spark/rdd/RDD.id-RDD.scala-150-150=35
org/apache/spark/rdd/RDD.scope-RDD.scala-1743-1743=8
org/apache/spark/status/api/v1/InputMetrics.recordsRead-api.scala-238-238=120
org/apache/spark/util/JsonProtocol$$anonfun$rddInfoToJson$5.apply-JsonProtocol.scala-440-440=30
org/apache/spark/status/api/v1/ShuffleWriteMetrics.writeTime-api.scala-255-255=97
org/apache/spark/api/java/JavaPairRDD$$anonfun$pairFunToScalaFun$1.apply-JavaPairRDD.scala-1043-1043=294
org/apache/spark/status/api/v1/TaskMetrics.peakExecutionMemory-api.scala-230-230=106
org/apache/spark/status/api/v1/TaskMetrics.shuffleWriteMetrics-api.scala-234-234=337
org/apache/spark/status/api/v1/StageData.attemptId-api.scala-166-166=10
org/apache/spark/status/api/v1/StageData.stageId-api.scala-165-165=10
org/apache/spark/status/api/v1/ShuffleReadMetrics.remoteBytesReadToDisk-api.scala-249-249=100
org/apache/spark/rdd/RDD.getNarrowAncestors-RDD.scala-320-335=2
org/apache/spark/rdd/RDD.logDebug-RDD.scala-77-77=2
org/apache/spark/rdd/HadoopRDD$$anon$1.org$apache$spark$rdd$HadoopRDD$$anon$$updateBytesRead-HadoopRDD.scala-254-254=4
org/apache/spark/rdd/RDD.count-RDD.scala-1213-1213=1
org/apache/spark/mllib/tree/model/DecisionTreeModel.topNode-DecisionTreeModel.scala-46-46=293
org/apache/spark/rdd/HadoopRDD$$anonfun$convertSplitLocationInfo$1$$anonfun$apply$5.apply-HadoopRDD.scala-434-434=2
org/apache/spark/status/api/v1/TaskMetrics.memoryBytesSpilled-api.scala-228-228=125
org/apache/spark/rdd/RDD.isCheckpointedAndMaterialized-RDD.scala-1677-1677=10
org/apache/spark/rdd/HadoopRDD$$anon$1.close-HadoopRDD.scala-314-314=2
org/apache/spark/rdd/HadoopRDD$$anon$1$$anonfun$org$apache$spark$rdd$HadoopRDD$$anon$$updateBytesRead$1.apply-HadoopRDD.scala-254-254=4
org/apache/spark/rdd/RDD.org$apache$spark$rdd$RDD$$doCheckpointCalled-RDD.scala-1792-1792=3
org/apache/spark/rdd/HadoopPartition.inputSplit-HadoopRDD.scala-51-51=10
org/apache/spark/api/java/JavaRDD.rdd-JavaRDD.scala-30-30=1
org/apache/spark/status/api/v1/ShuffleReadMetrics.recordsRead-api.scala-251-251=122
org/apache/spark/rdd/RDD$$anonfun$org$apache$spark$rdd$RDD$$visit$1$1.apply-RDD.scala-326-326=6
org/apache/spark/status/api/v1/OutputMetrics.recordsWritten-api.scala-242-242=123
org/apache/spark/rdd/HadoopRDD$$anonfun$convertSplitLocationInfo$1.apply-HadoopRDD.scala-434-434=4
org/apache/spark/mllib/tree/model/Node.predict-Node.scala-46-46=294
org/apache/spark/mllib/tree/configuration/FeatureType$.Continuous-FeatureType.scala-30-30=1712
org/apache/spark/rdd/RDD.creationSite-RDD.scala-1734-1734=8
org/apache/spark/mllib/linalg/Vector$class.$init$-Vectors.scala-47-47=294
org/apache/spark/rdd/RDD$$anonfun$6.apply-RDD.scala-325-325=12
org/apache/spark/rdd/RDD.log-RDD.scala-77-77=6
org/apache/spark/rdd/RDD$$anonfun$preferredLocations$2.apply-RDD.scala-297-297=6
org/apache/spark/rdd/RDD.org$apache$spark$rdd$RDD$$dependencies_-RDD.scala-241-241=72
org/apache/spark/mllib/tree/model/DecisionTreeModel.predict-DecisionTreeModel.scala-57-57=293
org/apache/spark/status/api/v1/TaskMetrics.executorCpuTime-api.scala-224-224=109
org/apache/spark/mllib/tree/model/Split.feature-Split.scala-35-35=1721
org/apache/spark/rdd/RDDOperationScope.toJson-RDDOperationScope.scala-52-52=18
org/apache/spark/rdd/RDD.org$apache$spark$rdd$RDD$$visit$1-RDD.scala-323-326=8
org/apache/spark/rdd/RDD.isBarrier-RDD.scala-1931-1931=5
org/apache/spark/rdd/HadoopPartition.index-HadoopRDD.scala-48-48=12
org/apache/spark/api/java/JavaPairRDD$$anonfun$toScalaFunction$1.apply-JavaPairRDD.scala-1040-1040=295
org/apache/spark/mllib/tree/model/Node.leftNode-Node.scala-50-50=744
org/apache/spark/mllib/linalg/Vectors$.parseNumeric-Vectors.scala-395-401=294
org/apache/spark/status/api/v1/InputMetrics.bytesRead-api.scala-237-237=123
org/apache/spark/rdd/RDD$$anonfun$filter$1$$anonfun$apply$7.apply-RDD.scala-413-413=4
org/apache/spark/mllib/regression/LabeledPoint$.parse-LabeledPoint.scala-61-61=293
org/apache/spark/rdd/RDD.getPreferredLocations-RDD.scala-137-137=4
org/apache/spark/status/api/v1/ExecutorSummary.hostPort-api.scala-78-78=16
org/apache/spark/mllib/linalg/DenseVector.apply-Vectors.scala-630-630=1721
org/apache/spark/rdd/RDD$$anonfun$doCheckpoint$1.apply-RDD.scala-1801-1801=3
org/apache/spark/rdd/MapPartitionsRDD.computeOrReadCheckpoint-MapPartitionsRDD.scala-343-343=10
org/apache/spark/mllib/tree/model/Node.split-Node.scala-49-49=5150
org/apache/spark/rdd/HadoopRDD$$anon$1$$anonfun$3.apply-HadoopRDD.scala-284-285=2
org/apache/spark/rdd/RDD.iterator-RDD.scala-307-307=10
org/apache/spark/status/api/v1/ShuffleWriteMetrics.bytesWritten-api.scala-254-254=120
org/apache/spark/rdd/MapPartitionsRDD.org$apache$spark$internal$Logging$$log_-MapPartitionsRDD.scala-77-77=12
org/apache/spark/util/JsonProtocol$$anonfun$rddInfoToJson$7.apply-JsonProtocol.scala-444-444=30
org/apache/spark/rdd/RDDOperationScope$$anonfun$getAllScopes$2.apply-RDDOperationScope.scala-61-61=5
org/apache/spark/rdd/RDDOperationScope$.$lessinit$greater$default$2-RDDOperationScope.scala-48-48=3
org/apache/spark/rdd/RDD.firstParent-RDD.scala-1763-1763=8
org/apache/spark/rdd/RDDOperationScope$.withScope-RDDOperationScope.scala-134-155=3
org/apache/spark/rdd/RDDOperationScope.getAllScopes-RDDOperationScope.scala-61-61=5
org/apache/spark/rdd/RDD$$anonfun$count$1.apply-RDD.scala-1213-1213=4
org/apache/spark/util/JsonProtocol$$anonfun$rddInfoToJson$2.apply-JsonProtocol.scala-437-437=30
org/apache/spark/status/api/v1/ShuffleReadMetrics.remoteBytesRead-api.scala-248-248=123
org/apache/spark/api/java/AbstractJavaRDDLike.count-JavaRDDLike.scala-45-45=1
org/apache/spark/rdd/InputFileBlockHolder$.unset-InputFileBlockHolder.scala-86-86=4
org/apache/spark/rdd/HadoopRDD$.addLocalConfiguration-HadoopRDD.scala-401-408=2
org/apache/spark/mllib/tree/model/Predict.predict-Predict.scala-31-31=294
org/apache/spark/rdd/RDDOperationScope.name-RDDOperationScope.scala-47-47=23
org/apache/spark/status/api/v1/TaskMetrics.executorRunTime-api.scala-223-223=107
org/apache/spark/status/api/v1/TaskMetrics.inputMetrics-api.scala-231-231=246
org/apache/spark/rdd/RDD$$anonfun$5.apply-RDD.scala-324-324=12
org/apache/spark/rdd/MapPartitionsRDD.org$apache$spark$internal$Logging$$log__$eq-MapPartitionsRDD.scala-77-77=2
org/apache/spark/rdd/MapPartitionsRDD.logInfo-MapPartitionsRDD.scala-77-77=2
org/apache/spark/rdd/HadoopRDD$$anon$1$$anonfun$org$apache$spark$rdd$HadoopRDD$$anon$$updateBytesRead$1.apply-HadoopRDD.scala-255-255=4
org/apache/spark/rdd/RDD.name-RDD.scala-153-153=8
org/apache/spark/util/JsonProtocol$$anonfun$rddInfoToJson$6.apply-JsonProtocol.scala-443-443=30
org/apache/spark/rdd/HadoopRDD$$anonfun$getJobConf$4.apply-HadoopRDD.scala-167-167=2
org/apache/spark/rdd/HadoopRDD$$anon$1.getNext-HadoopRDD.scala-224-224=294
org/apache/spark/rdd/RDD$$anonfun$dependencies$2.apply-RDD.scala-252-252=36
org/apache/spark/rdd/RDD.computeOrReadCheckpoint-RDD.scala-343-343=10
org/apache/spark/rdd/HadoopRDD$$anon$1.org$apache$spark$rdd$HadoopRDD$$anon$$existingBytesRead-HadoopRDD.scala-231-231=4
org/apache/spark/rdd/RDD.org$apache$spark$internal$Logging$$log_-RDD.scala-77-77=12
org/apache/spark/mllib/tree/model/Node.rightNode-Node.scala-51-51=969
org/apache/spark/mllib/regression/LabeledPoint.label-LabeledPoint.scala-37-37=294
org/apache/spark/rdd/HadoopRDD$$anon$1$$anonfun$2.apply-HadoopRDD.scala-227-227=2
org/apache/spark/rdd/HadoopRDD$$anon$1.org$apache$spark$rdd$HadoopRDD$$anon$$inputMetrics-HadoopRDD.scala-230-230=595
org/apache/spark/status/api/v1/TaskMetrics.outputMetrics-api.scala-232-232=241
org/apache/spark/rdd/MapPartitionsRDD.logDebug-MapPartitionsRDD.scala-77-77=2
org/apache/spark/util/JsonProtocol$$anonfun$rddInfoToJson$8.apply-JsonProtocol.scala-445-445=30
org/apache/spark/mllib/regression/LabeledPoint.parse-LabeledPoint.scala--1--1=294
org/apache/spark/status/api/v1/TaskMetrics.executorDeserializeCpuTime-api.scala-222-222=98
org/apache/spark/rdd/RDD.preferredLocations-RDD.scala-296-296=6
org/apache/spark/rdd/MapPartitionsRDD.logName-MapPartitionsRDD.scala-77-77=2
org/apache/spark/rdd/RDD.dependencies-RDD.scala-252-252=36
org/apache/spark/mllib/util/NumericParser$.parse-NumericParser.scala-37-49=292
org/apache/spark/status/api/v1/ShuffleReadMetrics.fetchWaitTime-api.scala-247-247=104
org/apache/spark/rdd/RDD.logName-RDD.scala-77-77=2
org/apache/spark/rdd/MapPartitionsRDD.isBarrier_-MapPartitionsRDD.scala-60-60=5
org/apache/spark/mllib/tree/model/Split.threshold-Split.scala-36-36=1716
org/apache/spark/rdd/HadoopRDD.getJobConf-HadoopRDD.scala-144-153=2
org/apache/spark/rdd/RDD$$anonfun$map$1$$anonfun$apply$5.apply-RDD.scala-394-394=12
org/apache/spark/mllib/linalg/DenseVector.values-Vectors.scala-617-617=1722
org/apache/spark/status/api/v1/TaskMetrics.shuffleReadMetrics-api.scala-233-233=767
org/apache/spark/rdd/HadoopRDD$$anonfun$convertSplitLocationInfo$1$$anonfun$apply$5.apply-HadoopRDD.scala-435-434=2
org/apache/spark/status/api/v1/ShuffleReadMetrics.remoteBlocksFetched-api.scala-245-245=103
org/apache/spark/mllib/tree/model/Node.predict-Node.scala-66-66=2009
org/apache/spark/status/api/v1/ShuffleWriteMetrics.recordsWritten-api.scala-256-256=117
org/apache/spark/util/JsonProtocol$$anonfun$rddInfoToJson$1.apply-JsonProtocol.scala-437-437=30
org/apache/spark/status/api/v1/TaskMetrics.diskBytesSpilled-api.scala-229-229=121
org/apache/spark/status/api/v1/TaskMetrics.resultSerializationTime-api.scala-227-227=101
org/apache/spark/rdd/RDD$$anonfun$partitions$2.apply-RDD.scala-269-269=22
org/apache/spark/rdd/RDD.getStorageLevel-RDD.scala-223-223=11
org/apache/spark/rdd/MapPartitionsRDD.isCheckpointedAndMaterialized-MapPartitionsRDD.scala-1677-1677=10
org/apache/spark/rdd/RDDOperationScope.id-RDDOperationScope.scala-49-49=23
org/apache/spark/rdd/RDD$$anonfun$doCheckpoint$1$$anonfun$apply$mcV$sp$2.apply-RDD.scala-1813-1813=4
org/apache/spark/rdd/RDD$$anonfun$4.apply-RDD.scala-323-323=12
org/apache/spark/util/JsonProtocol$$anonfun$rddInfoToJson$4$$anonfun$apply$19.apply-JsonProtocol.scala-439-439=30
org/apache/spark/rdd/InputFileBlockHolder$$anon$1.initialValue-InputFileBlockHolder.scala-53-53=1
org/apache/spark/rdd/RDD.sparkContext-RDD.scala-147-147=1
org/apache/spark/rdd/RDDOperationScope$.org$apache$spark$rdd$RDDOperationScope$$jsonMapper-RDDOperationScope.scala-82-82=20
org/apache/spark/mllib/tree/model/Node.isLeaf-Node.scala-48-48=2007
org/apache/spark/util/JsonProtocol$$anonfun$rddInfoToJson$9.apply-JsonProtocol.scala-446-446=30
org/apache/spark/rdd/HadoopRDD.getPreferredLocations-HadoopRDD.scala-354-360=2
org/apache/spark/util/JsonProtocol$$anonfun$rddInfoToJson$3.apply-JsonProtocol.scala-439-439=30
org/apache/spark/rdd/RDDOperationScope$.nextScopeId-RDDOperationScope.scala-90-90=3
org/apache/spark/rdd/RDD.checkpointData-RDD.scala-1751-1751=76
org/apache/spark/util/JsonProtocol$$anonfun$rddInfoToJson$4.apply-JsonProtocol.scala-439-439=30
org/apache/spark/status/api/v1/ShuffleReadMetrics.localBytesRead-api.scala-250-250=118
org/apache/spark/rdd/HadoopRDD$.getCachedMetadata-HadoopRDD.scala-393-393=2
org/apache/spark/rdd/HadoopRDD.getInputFormat-HadoopRDD.scala-190-196=2
org/apache/spark/rdd/HadoopRDD$$anon$1$$anonfun$3.apply-HadoopRDD.scala-281-281=2
org/apache/spark/rdd/MapPartitionsRDD.compute-MapPartitionsRDD.scala-52-52=8
org/apache/spark/rdd/RDDOperationScope$$anonfun$5.apply-RDDOperationScope.scala-137-137=4
org/apache/spark/rdd/RDD$$anonfun$doCheckpoint$1.apply$mcV$sp-RDD.scala-1801-1801=3
org/apache/spark/status/api/v1/TaskMetrics.executorDeserializeTime-api.scala-221-221=114
org/apache/spark/rdd/MapPartitionsRDD.org$apache$spark$rdd$RDD$$dependencies_-MapPartitionsRDD.scala-241-241=16
org/apache/spark/rdd/RDD$$anonfun$getNarrowAncestors$1.apply-RDD.scala-335-335=12
org/apache/spark/rdd/RDD.org$apache$spark$internal$Logging$$log__$eq-RDD.scala-77-77=2
org/apache/spark/rdd/HadoopRDD.org$apache$spark$rdd$HadoopRDD$$createTime-HadoopRDD.scala-132-132=2
org/apache/spark/rdd/MapPartitionsRDD.dependencies-MapPartitionsRDD.scala-252-252=8
org/apache/spark/rdd/MapPartitionsRDD.log-MapPartitionsRDD.scala-77-77=6
org/apache/spark/rdd/RDD.logInfo-RDD.scala-77-77=2
org/apache/spark/api/java/JavaPairRDD$$anonfun$filter$1.apply-JavaPairRDD.scala-99-99=587
org/apache/spark/rdd/RDD.org$apache$spark$rdd$RDD$$doCheckpointCalled_$eq-RDD.scala-1792-1792=2
org/apache/spark/rdd/RDDOperationScope$.fromJson-RDDOperationScope.scala-86-86=2
org/apache/spark/rdd/MapPartitionsRDD.firstParent-MapPartitionsRDD.scala-1763-1763=8
org/apache/spark/rdd/HadoopRDD$.convertSplitLocationInfo-HadoopRDD.scala-434-434=2
org/apache/spark/rdd/RDDOperationScope.parent-RDDOperationScope.scala-48-48=23
org/apache/spark/rdd/HadoopRDD$$anon$1.org$apache$spark$rdd$HadoopRDD$$anon$$split-HadoopRDD.scala-226-226=8
org/apache/spark/rdd/InputFileBlockHolder$.set-InputFileBlockHolder.scala-77-80=2
org/apache/spark/rdd/HadoopRDD.compute-HadoopRDD.scala-95-95=2
org/apache/spark/rdd/RDD.partitions-RDD.scala-269-269=22
org/apache/spark/rdd/RDD.initializeLogIfNecessary-RDD.scala-77-77=4
org/apache/spark/status/api/v1/JobData.jobId-api.scala-110-110=11
org/apache/spark/status/api/v1/ExecutorSummary.id-api.scala-77-77=15
org/apache/spark/rdd/MapPartitionsRDD.checkpointData-MapPartitionsRDD.scala-1751-1751=18
org/apache/spark/mllib/tree/model/Split.featureType-Split.scala-37-37=1708
org/apache/spark/mllib/linalg/Vectors$.dense-Vectors.scala-308-308=292
org/apache/spark/api/java/JavaPairRDD.count-JavaPairRDD.scala-45-45=1
org/apache/spark/status/api/v1/TaskMetrics.jvmGcTime-api.scala-226-226=100
org/apache/spark/rdd/MapPartitionsRDD.iterator-MapPartitionsRDD.scala-307-307=10
org/apache/spark/rdd/RDD$$anonfun$org$apache$spark$rdd$RDD$$visit$1$1.apply-RDD.scala-327-328=6
org/apache/spark/rdd/RDDOperationScope$.$lessinit$greater$default$3-RDDOperationScope.scala-49-49=3
