org/apache/spark/rdd/RDD$$anonfun$flatMap$1.apply-RDD.scala-401-401=1
org/apache/spark/rdd/RDD.doCheckpoint-RDD.scala-1800-1800=1
org/apache/spark/rdd/MapPartitionsRDD.partitioner-MapPartitionsRDD.scala-47-47=2
org/apache/spark/mllib/tree/configuration/Strategy.minInstancesPerNode-Strategy.scala-78-78=1
org/apache/spark/rdd/RDD.getNumPartitions-RDD.scala-289-289=1
org/apache/spark/rdd/RDD.org$apache$spark$rdd$RDD$$partitions_-RDD.scala-242-242=108
org/apache/spark/rdd/RDD.org$apache$spark$rdd$RDD$$sc-RDD.scala-89-100=38
org/apache/spark/mllib/tree/RandomForest$$anonfun$8.apply-RandomForest.scala-94-94=590
org/apache/spark/rdd/RDD$.rddToPairRDDFunctions-RDD.scala-2016-2016=2
org/apache/spark/rdd/PartitionwiseSampledRDDPartition.index-PartitionwiseSampledRDD.scala-31-31=4
org/apache/spark/status/api/v1/InputMetrics.recordsRead-api.scala-238-238=53
org/apache/spark/rdd/PairRDDFunctions$$anonfun$groupByKey$2.apply-PairRDDFunctions.scala-523-523=1
org/apache/spark/status/api/v1/TaskMetrics.shuffleWriteMetrics-api.scala-234-234=148
org/apache/spark/status/api/v1/StageData.attemptId-api.scala-166-166=9
org/apache/spark/rdd/RDD$.CHECKPOINT_ALL_MARKED_ANCESTORS-RDD.scala-2006-2006=4
org/apache/spark/status/api/v1/ShuffleReadMetrics.remoteBytesReadToDisk-api.scala-249-249=38
org/apache/spark/rdd/RDD.getNarrowAncestors-RDD.scala-320-335=3
org/apache/spark/rdd/HadoopRDD$$anonfun$convertSplitLocationInfo$1$$anonfun$apply$5.apply-HadoopRDD.scala-434-434=2
org/apache/spark/rdd/PairRDDFunctions.combineByKeyWithClassTag-PairRDDFunctions.scala-77-77=1
org/apache/spark/rdd/RDD.isCheckpointedAndMaterialized-RDD.scala-1677-1677=10
org/apache/spark/status/api/v1/TaskMetrics.memoryBytesSpilled-api.scala-228-228=55
org/apache/spark/rdd/RDD.isBarrier_-RDD.scala-1935-1935=1
org/apache/spark/rdd/RDD.org$apache$spark$rdd$RDD$$doCheckpointCalled-RDD.scala-1792-1792=1
org/apache/spark/status/api/v1/OutputMetrics.recordsWritten-api.scala-242-242=55
org/apache/spark/rdd/RDD.creationSite-RDD.scala-1734-1734=15
org/apache/spark/rdd/RDD$$anonfun$isBarrier_$2.apply-RDD.scala-1936-1936=2
org/apache/spark/rdd/RDD$$anonfun$6.apply-RDD.scala-325-325=22
org/apache/spark/rdd/RDD.log-RDD.scala-77-77=6
org/apache/spark/rdd/RDD$$anonfun$sample$2.apply-RDD.scala-517-517=1
org/apache/spark/rdd/RDD.org$apache$spark$rdd$RDD$$dependencies_-RDD.scala-241-241=166
org/apache/spark/rdd/MapPartitionsRDD$.$lessinit$greater$default$3-MapPartitionsRDD.scala-42-42=2
org/apache/spark/status/api/v1/TaskMetrics.executorCpuTime-api.scala-224-224=47
org/apache/spark/mllib/tree/configuration/Strategy.maxBins-Strategy.scala-75-75=2
org/apache/spark/rdd/RDDOperationScope.toJson-RDDOperationScope.scala-52-52=25
org/apache/spark/rdd/PairRDDFunctions$$anonfun$combineByKeyWithClassTag$1.apply-PairRDDFunctions.scala-77-77=1
org/apache/spark/rdd/RDD$$anonfun$isBarrier_$1.apply-RDD.scala-1936-1936=2
org/apache/spark/api/java/JavaPairRDD$$anonfun$toScalaFunction$1.apply-JavaPairRDD.scala-1040-1040=292
org/apache/spark/mllib/linalg/Vectors$.parseNumeric-Vectors.scala-395-401=295
org/apache/spark/status/api/v1/InputMetrics.bytesRead-api.scala-237-237=53
org/apache/spark/rdd/RDD.getPreferredLocations-RDD.scala-137-137=12
org/apache/spark/status/api/v1/ExecutorSummary.hostPort-api.scala-78-78=73
org/apache/spark/rdd/PairRDDFunctions.org$apache$spark$internal$Logging$$log__$eq-PairRDDFunctions.scala-49-49=2
org/apache/spark/rdd/RDD$$anonfun$doCheckpoint$1.apply-RDD.scala-1801-1801=1
org/apache/spark/rdd/MapPartitionsRDD$$anonfun$isBarrier_$1.apply-MapPartitionsRDD.scala-60-60=4
org/apache/spark/status/api/v1/ShuffleWriteMetrics.bytesWritten-api.scala-254-254=55
org/apache/spark/rdd/RDD.context-RDD.scala-1772-1772=9
org/apache/spark/rdd/RDD.firstParent-RDD.scala-1763-1763=13
org/apache/spark/rdd/RDDOperationScope$.withScope-RDDOperationScope.scala-134-155=7
org/apache/spark/rdd/RDD.org$apache$spark$rdd$RDD$$stateLock-RDD.scala-237-237=8
org/apache/spark/rdd/ShuffledRDD.getPartitions-ShuffledRDD.scala-93-93=1
org/apache/spark/rdd/RDDOperationScope.name-RDDOperationScope.scala-47-47=35
org/apache/spark/rdd/RDD$$anonfun$5.apply-RDD.scala-324-324=22
org/apache/spark/rdd/MapPartitionsRDD.org$apache$spark$internal$Logging$$log__$eq-MapPartitionsRDD.scala-77-77=2
org/apache/spark/mllib/tree/configuration/Strategy.categoricalFeaturesInfo-Strategy.scala-77-77=3
org/apache/spark/rdd/RDD.name-RDD.scala-153-153=14
org/apache/spark/rdd/HadoopRDD$$anonfun$getJobConf$4.apply-HadoopRDD.scala-167-167=2
org/apache/spark/rdd/HadoopRDD$$anon$1.getNext-HadoopRDD.scala-224-224=296
org/apache/spark/rdd/RDD$$anonfun$dependencies$2.apply-RDD.scala-252-252=81
org/apache/spark/rdd/RDD.computeOrReadCheckpoint-RDD.scala-343-343=10
org/apache/spark/rdd/RDD.org$apache$spark$internal$Logging$$log_-RDD.scala-77-77=12
org/apache/spark/mllib/regression/LabeledPoint.label-LabeledPoint.scala-37-37=294
org/apache/spark/rdd/HadoopRDD$$anon$1.org$apache$spark$rdd$HadoopRDD$$anon$$inputMetrics-HadoopRDD.scala-230-230=596
org/apache/spark/status/api/v1/TaskMetrics.outputMetrics-api.scala-232-232=107
org/apache/spark/rdd/RDD.map-RDD.scala-392-392=1
org/apache/spark/rdd/RDD$$anonfun$37.apply-RDD.scala-1744-1744=8
org/apache/spark/util/JsonProtocol$$anonfun$rddInfoToJson$8.apply-JsonProtocol.scala-445-445=38
org/apache/spark/rdd/PartitionwiseSampledRDD.getPartitions-PartitionwiseSampledRDD.scala-57-58=1
org/apache/spark/mllib/regression/LabeledPoint.parse-LabeledPoint.scala--1--1=294
org/apache/spark/rdd/RDDOperationScope$.withScope$default$2-RDDOperationScope.scala-101-101=8
org/apache/spark/rdd/RDD.preferredLocations-RDD.scala-296-296=16
org/apache/spark/rdd/MapPartitionsRDD.logName-MapPartitionsRDD.scala-77-77=2
org/apache/spark/mllib/util/NumericParser$.parse-NumericParser.scala-37-49=293
org/apache/spark/rdd/RDDOperationScope$$anonfun$3.apply-RDDOperationScope.scala-106-106=16
org/apache/spark/rdd/RDD.org$apache$spark$rdd$RDD$$dependencies__$eq-RDD.scala-241-241=4
org/apache/spark/mllib/linalg/DenseVector.values-Vectors.scala-617-617=294
org/apache/spark/rdd/HadoopRDD$$anonfun$convertSplitLocationInfo$1$$anonfun$apply$5.apply-HadoopRDD.scala-435-434=2
org/apache/spark/rdd/RDD.sample-RDD.scala-514-517=1
org/apache/spark/rdd/ShuffledRDD$$anonfun$1.apply-ShuffledRDD.scala-79-79=1
org/apache/spark/util/JsonProtocol$$anonfun$rddInfoToJson$1.apply-JsonProtocol.scala-437-437=38
org/apache/spark/status/api/v1/TaskMetrics.resultSerializationTime-api.scala-227-227=36
org/apache/spark/rdd/RDD.getStorageLevel-RDD.scala-223-223=23
org/apache/spark/rdd/MapPartitionsRDD.isCheckpointedAndMaterialized-MapPartitionsRDD.scala-1677-1677=10
org/apache/spark/rdd/RDDOperationScope$$anonfun$1.apply-RDDOperationScope.scala-104-104=32
org/apache/spark/rdd/ShuffledRDD$$anonfun$getPartitions$1.apply-ShuffledRDD.scala-93-93=4
org/apache/spark/rdd/RDD.sparkContext-RDD.scala-147-147=2
org/apache/spark/rdd/RDD$$anonfun$retag$1.apply-RDD.scala-1788-1788=4
org/apache/spark/rdd/ShuffledRDD.setSerializer-ShuffledRDD.scala-56-57=1
org/apache/spark/rdd/HadoopRDD.getPreferredLocations-HadoopRDD.scala-354-360=2
org/apache/spark/util/JsonProtocol$$anonfun$rddInfoToJson$3.apply-JsonProtocol.scala-439-439=38
org/apache/spark/rdd/RDDOperationScope$.nextScopeId-RDDOperationScope.scala-90-90=6
org/apache/spark/rdd/RDD.checkpointData-RDD.scala-1751-1751=157
org/apache/spark/rdd/HadoopRDD$.getCachedMetadata-HadoopRDD.scala-393-393=2
org/apache/spark/rdd/HadoopRDD$$anon$1$$anonfun$3.apply-HadoopRDD.scala-281-281=2
org/apache/spark/rdd/MapPartitionsRDD.org$apache$spark$rdd$RDD$$dependencies_-MapPartitionsRDD.scala-241-241=16
org/apache/spark/status/api/v1/TaskMetrics.executorDeserializeTime-api.scala-221-221=42
org/apache/spark/rdd/RDD.org$apache$spark$internal$Logging$$log__$eq-RDD.scala-77-77=6
org/apache/spark/rdd/HadoopRDD.org$apache$spark$rdd$HadoopRDD$$createTime-HadoopRDD.scala-132-132=2
org/apache/spark/rdd/MapPartitionsRDD.dependencies-MapPartitionsRDD.scala-252-252=8
org/apache/spark/mllib/tree/configuration/Strategy.minInfoGain-Strategy.scala-79-79=1
org/apache/spark/rdd/RDDOperationScope$.fromJson-RDDOperationScope.scala-86-86=7
org/apache/spark/rdd/HadoopRDD$$anon$1.org$apache$spark$rdd$HadoopRDD$$anon$$split-HadoopRDD.scala-226-226=8
org/apache/spark/rdd/InputFileBlockHolder$.set-InputFileBlockHolder.scala-77-80=2
org/apache/spark/mllib/tree/configuration/Algo$.Classification-Algo.scala-30-30=1
org/apache/spark/rdd/RDD.partitions-RDD.scala-269-269=50
org/apache/spark/status/api/v1/ExecutorSummary.id-api.scala-77-77=73
org/apache/spark/rdd/PartitionwiseSampledRDD$$anonfun$getPartitions$1.apply-PartitionwiseSampledRDD.scala-58-58=4
org/apache/spark/rdd/RDD$$anonfun$org$apache$spark$rdd$RDD$$visit$1$1.apply-RDD.scala-327-328=11
org/apache/spark/rdd/MapPartitionsRDD$.$lessinit$greater$default$5-MapPartitionsRDD.scala-44-44=2
org/apache/spark/status/api/v1/OutputMetrics.bytesWritten-api.scala-241-241=54
org/apache/spark/mllib/regression/LabeledPoint.features-LabeledPoint.scala-38-38=293
org/apache/spark/status/api/v1/TaskMetrics.resultSize-api.scala-225-225=38
org/apache/spark/rdd/PairRDDFunctions$$anonfun$groupByKey$1.apply-PairRDDFunctions.scala-498-498=1
org/apache/spark/rdd/MapPartitionsRDD.initializeLogIfNecessary-MapPartitionsRDD.scala-77-77=4
org/apache/spark/rdd/ShuffledRDD.isBarrier-ShuffledRDD.scala-114-114=1
org/apache/spark/status/api/v1/ShuffleReadMetrics.localBlocksFetched-api.scala-246-246=37
org/apache/spark/rdd/HadoopRDD.jobConfCacheKey-HadoopRDD.scala-127-127=2
org/apache/spark/rdd/RDDOperationScope$$anonfun$2.apply-RDDOperationScope.scala-105-105=48
org/apache/spark/mllib/tree/configuration/Strategy.maxDepth-Strategy.scala-73-73=1
org/apache/spark/rdd/RDD.id-RDD.scala-150-150=81
org/apache/spark/rdd/RDD.scope-RDD.scala-1743-1743=14
org/apache/spark/util/JsonProtocol$$anonfun$rddInfoToJson$5.apply-JsonProtocol.scala-440-440=38
org/apache/spark/status/api/v1/ShuffleWriteMetrics.writeTime-api.scala-255-255=38
org/apache/spark/status/api/v1/TaskMetrics.peakExecutionMemory-api.scala-230-230=36
org/apache/spark/rdd/MapPartitionsRDD$.$lessinit$greater$default$4-MapPartitionsRDD.scala-43-43=2
org/apache/spark/status/api/v1/StageData.stageId-api.scala-165-165=9
org/apache/spark/rdd/ShuffledRDD.getDependencies-ShuffledRDD.scala-79-87=1
org/apache/spark/rdd/RDD.logDebug-RDD.scala-77-77=2
org/apache/spark/rdd/HadoopRDD$$anon$1.org$apache$spark$rdd$HadoopRDD$$anon$$updateBytesRead-HadoopRDD.scala-254-254=4
org/apache/spark/rdd/RDD.count-RDD.scala-1213-1213=1
org/apache/spark/rdd/RDD.elementClassTag-RDD.scala-1749-1749=4
org/apache/spark/rdd/RDD$$anonfun$partitions$2$$anonfun$apply$3.apply-RDD.scala-274-274=16
org/apache/spark/rdd/HadoopRDD$$anon$1.close-HadoopRDD.scala-314-314=2
org/apache/spark/rdd/HadoopRDD$$anon$1$$anonfun$org$apache$spark$rdd$HadoopRDD$$anon$$updateBytesRead$1.apply-HadoopRDD.scala-254-254=4
org/apache/spark/rdd/RDD.withScope-RDD.scala-385-385=6
org/apache/spark/rdd/HadoopPartition.inputSplit-HadoopRDD.scala-51-51=10
org/apache/spark/status/api/v1/ShuffleReadMetrics.recordsRead-api.scala-251-251=55
org/apache/spark/rdd/PartitionwiseSampledRDDPartition.prev-PartitionwiseSampledRDD.scala-29-29=2
org/apache/spark/rdd/RDD$$anonfun$org$apache$spark$rdd$RDD$$visit$1$1.apply-RDD.scala-326-326=11
org/apache/spark/rdd/HadoopRDD$$anonfun$convertSplitLocationInfo$1.apply-HadoopRDD.scala-434-434=4
org/apache/spark/mllib/linalg/Vector$class.$init$-Vectors.scala-47-47=292
org/apache/spark/rdd/RDD$$anonfun$map$1.apply-RDD.scala-392-392=1
org/apache/spark/rdd/RDD$$anonfun$preferredLocations$2.apply-RDD.scala-297-297=16
org/apache/spark/mllib/tree/configuration/Strategy.algo-Strategy.scala-71-71=1
org/apache/spark/rdd/PairRDDFunctions.groupByKey-PairRDDFunctions.scala-498-498=1
org/apache/spark/rdd/RDD.org$apache$spark$rdd$RDD$$visit$1-RDD.scala-323-326=14
org/apache/spark/rdd/RDD.isBarrier-RDD.scala-1931-1931=10
org/apache/spark/rdd/HadoopPartition.index-HadoopRDD.scala-48-48=14
org/apache/spark/mllib/regression/LabeledPoint$.parse-LabeledPoint.scala-61-61=295
org/apache/spark/mllib/regression/LabeledPoint.asML-LabeledPoint.scala-44-44=296
org/apache/spark/rdd/MapPartitionsRDD.computeOrReadCheckpoint-MapPartitionsRDD.scala-343-343=10
org/apache/spark/rdd/HadoopRDD$$anon$1$$anonfun$3.apply-HadoopRDD.scala-284-285=2
org/apache/spark/rdd/RDD.iterator-RDD.scala-307-307=10
org/apache/spark/rdd/ShuffledRDD.setAggregator-ShuffledRDD.scala-68-69=1
org/apache/spark/rdd/MapPartitionsRDD.org$apache$spark$internal$Logging$$log_-MapPartitionsRDD.scala-77-77=12
org/apache/spark/mllib/tree/configuration/Strategy.quantileCalculationStrategy-Strategy.scala-76-76=1
org/apache/spark/util/JsonProtocol$$anonfun$rddInfoToJson$7.apply-JsonProtocol.scala-444-444=38
org/apache/spark/rdd/RDDOperationScope$$anonfun$getAllScopes$2.apply-RDDOperationScope.scala-61-61=11
org/apache/spark/rdd/RDDOperationScope$.$lessinit$greater$default$2-RDDOperationScope.scala-48-48=1
org/apache/spark/rdd/PartitionwiseSampledRDD.getPreferredLocations-PartitionwiseSampledRDD.scala-62-62=2
org/apache/spark/rdd/RDDOperationScope.getAllScopes-RDDOperationScope.scala-61-61=11
org/apache/spark/rdd/RDD$$anonfun$count$1.apply-RDD.scala-1213-1213=4
org/apache/spark/mllib/tree/configuration/Strategy.numClasses-Strategy.scala-74-74=1
org/apache/spark/rdd/ShuffledRDD.prev-ShuffledRDD.scala-42-42=1
org/apache/spark/util/JsonProtocol$$anonfun$rddInfoToJson$2.apply-JsonProtocol.scala-437-437=38
org/apache/spark/rdd/MapPartitionsRDD.getPartitions-MapPartitionsRDD.scala-49-49=2
org/apache/spark/status/api/v1/ShuffleReadMetrics.remoteBytesRead-api.scala-248-248=53
org/apache/spark/rdd/InputFileBlockHolder$.unset-InputFileBlockHolder.scala-86-86=4
org/apache/spark/rdd/HadoopRDD$.addLocalConfiguration-HadoopRDD.scala-401-408=2
org/apache/spark/status/api/v1/TaskMetrics.inputMetrics-api.scala-231-231=106
org/apache/spark/status/api/v1/TaskMetrics.executorRunTime-api.scala-223-223=45
org/apache/spark/rdd/MapPartitionsRDD.logInfo-MapPartitionsRDD.scala-77-77=2
org/apache/spark/rdd/HadoopRDD$$anon$1$$anonfun$org$apache$spark$rdd$HadoopRDD$$anon$$updateBytesRead$1.apply-HadoopRDD.scala-255-255=4
org/apache/spark/util/JsonProtocol$$anonfun$rddInfoToJson$6.apply-JsonProtocol.scala-443-443=38
org/apache/spark/rdd/ShuffledRDDPartition.index-ShuffledRDD.scala-27-27=4
org/apache/spark/rdd/HadoopRDD$$anon$1.org$apache$spark$rdd$HadoopRDD$$anon$$existingBytesRead-HadoopRDD.scala-231-231=4
org/apache/spark/rdd/HadoopRDD$$anon$1$$anonfun$2.apply-HadoopRDD.scala-227-227=2
org/apache/spark/rdd/MapPartitionsRDD.logDebug-MapPartitionsRDD.scala-77-77=2
org/apache/spark/rdd/RDD.org$apache$spark$rdd$RDD$$partitions__$eq-RDD.scala-242-242=4
org/apache/spark/status/api/v1/TaskMetrics.executorDeserializeCpuTime-api.scala-222-222=38
org/apache/spark/rdd/RDD.dependencies-RDD.scala-252-252=81
org/apache/spark/rdd/PairRDDFunctions.keyClass-PairRDDFunctions.scala-1111-1111=1
org/apache/spark/rdd/RDD.logName-RDD.scala-77-77=2
org/apache/spark/status/api/v1/ShuffleReadMetrics.fetchWaitTime-api.scala-247-247=37
org/apache/spark/rdd/MapPartitionsRDD.isBarrier_-MapPartitionsRDD.scala-60-60=9
org/apache/spark/rdd/RDD$$anonfun$mapPartitions$1$$anonfun$apply$23.apply-RDD.scala-823-823=4
org/apache/spark/rdd/HadoopRDD.getJobConf-HadoopRDD.scala-144-153=2
org/apache/spark/rdd/RDD.flatMap-RDD.scala-401-401=1
org/apache/spark/rdd/RDD$$anonfun$map$1$$anonfun$apply$5.apply-RDD.scala-394-394=12
org/apache/spark/status/api/v1/TaskMetrics.shuffleReadMetrics-api.scala-233-233=311
org/apache/spark/status/api/v1/ShuffleReadMetrics.remoteBlocksFetched-api.scala-245-245=37
org/apache/spark/status/api/v1/ShuffleWriteMetrics.recordsWritten-api.scala-256-256=55
org/apache/spark/rdd/ShuffledRDD.org$apache$spark$rdd$ShuffledRDD$$mapSideCombine-ShuffledRDD.scala-52-52=2
org/apache/spark/status/api/v1/TaskMetrics.diskBytesSpilled-api.scala-229-229=54
org/apache/spark/rdd/RDD$$anonfun$partitions$2.apply-RDD.scala-269-269=50
org/apache/spark/rdd/RDDOperationScope.id-RDDOperationScope.scala-49-49=36
org/apache/spark/rdd/RDD$$anonfun$4.apply-RDD.scala-323-323=24
org/apache/spark/util/JsonProtocol$$anonfun$rddInfoToJson$4$$anonfun$apply$19.apply-JsonProtocol.scala-439-439=38
org/apache/spark/rdd/RDDOperationScope$.org$apache$spark$rdd$RDDOperationScope$$jsonMapper-RDDOperationScope.scala-82-82=32
org/apache/spark/rdd/RDDOperationScope$.withScope-RDDOperationScope.scala-102-112=6
org/apache/spark/util/JsonProtocol$$anonfun$rddInfoToJson$9.apply-JsonProtocol.scala-446-446=38
org/apache/spark/util/JsonProtocol$$anonfun$rddInfoToJson$4.apply-JsonProtocol.scala-439-439=38
org/apache/spark/status/api/v1/ShuffleReadMetrics.localBytesRead-api.scala-250-250=55
org/apache/spark/rdd/HadoopRDD.getInputFormat-HadoopRDD.scala-190-196=2
org/apache/spark/rdd/MapPartitionsRDD.compute-MapPartitionsRDD.scala-52-52=8
org/apache/spark/rdd/RDD$$anonfun$doCheckpoint$1.apply$mcV$sp-RDD.scala-1801-1801=1
org/apache/spark/rdd/RDDOperationScope$$anonfun$5.apply-RDDOperationScope.scala-137-137=6
org/apache/spark/rdd/RDD$$anonfun$getNarrowAncestors$1.apply-RDD.scala-335-335=22
org/apache/spark/rdd/MapPartitionsRDD.log-MapPartitionsRDD.scala-77-77=6
org/apache/spark/rdd/RDD.logInfo-RDD.scala-77-77=2
org/apache/spark/rdd/MapPartitionsRDD.firstParent-MapPartitionsRDD.scala-1763-1763=8
org/apache/spark/rdd/HadoopRDD$.convertSplitLocationInfo-HadoopRDD.scala-434-434=2
org/apache/spark/rdd/RDDOperationScope.parent-RDDOperationScope.scala-48-48=36
org/apache/spark/rdd/HadoopRDD.compute-HadoopRDD.scala-95-95=2
org/apache/spark/rdd/RDD.initializeLogIfNecessary-RDD.scala-77-77=4
org/apache/spark/rdd/ShuffledRDD.setMapSideCombine-ShuffledRDD.scala-74-75=1
org/apache/spark/status/api/v1/JobData.jobId-api.scala-110-110=11
org/apache/spark/rdd/MapPartitionsRDD.checkpointData-MapPartitionsRDD.scala-1751-1751=18
org/apache/spark/mllib/linalg/Vectors$.dense-Vectors.scala-308-308=295
org/apache/spark/status/api/v1/TaskMetrics.jvmGcTime-api.scala-226-226=38
org/apache/spark/mllib/linalg/DenseVector.asML-Vectors.scala-616-616=294
org/apache/spark/rdd/PairRDDFunctions.combineByKeyWithClassTag$default$6-PairRDDFunctions.scala-77-77=1
org/apache/spark/rdd/MapPartitionsRDD.iterator-MapPartitionsRDD.scala-307-307=10
org/apache/spark/rdd/PairRDDFunctions.groupByKey-PairRDDFunctions.scala-522-522=1
org/apache/spark/rdd/RDD.getDependencies-RDD.scala-132-132=3
org/apache/spark/rdd/RDDOperationScope$.$lessinit$greater$default$3-RDDOperationScope.scala-49-49=6
org/apache/spark/mllib/tree/configuration/Strategy.impurity-Strategy.scala-72-72=1
