org/apache/spark/status/api/v1/OutputMetrics.bytesWritten-api.scala-241-241=73
org/apache/spark/rdd/RDD.doCheckpoint-RDD.scala-1800-1800=5
org/apache/spark/rdd/MapPartitionsRDD.partitioner-MapPartitionsRDD.scala-47-47=2
org/apache/spark/status/api/v1/TaskMetrics.resultSize-api.scala-225-225=58
org/apache/spark/rdd/RDD.getNumPartitions-RDD.scala-289-289=1
org/apache/spark/rdd/PairRDDFunctions$$anonfun$collectAsMap$1.apply-PairRDDFunctions.scala-742-742=1
org/apache/spark/rdd/RDD.org$apache$spark$rdd$RDD$$partitions_-RDD.scala-242-242=114
org/apache/spark/rdd/ShuffledRDD.isBarrier-ShuffledRDD.scala-114-114=1
org/apache/spark/status/api/v1/ShuffleReadMetrics.localBlocksFetched-api.scala-246-246=56
org/apache/spark/rdd/RDD.org$apache$spark$rdd$RDD$$sc-RDD.scala-89-100=54
org/apache/spark/rdd/RDDOperationScope$$anonfun$2.apply-RDDOperationScope.scala-105-105=54
org/apache/spark/rdd/RDD$.rddToPairRDDFunctions-RDD.scala-2016-2016=2
org/apache/spark/mllib/tree/configuration/Strategy.maxDepth-Strategy.scala-73-73=1
org/apache/spark/rdd/PairRDDFunctions.reduceByKey-PairRDDFunctions.scala-306-306=1
org/apache/spark/rdd/RDD.id-RDD.scala-150-150=89
org/apache/spark/rdd/RDD.scope-RDD.scala-1743-1743=12
org/apache/spark/status/api/v1/InputMetrics.recordsRead-api.scala-238-238=76
org/apache/spark/util/JsonProtocol$$anonfun$rddInfoToJson$5.apply-JsonProtocol.scala-440-440=8
org/apache/spark/status/api/v1/ShuffleWriteMetrics.writeTime-api.scala-255-255=52
org/apache/spark/status/api/v1/TaskMetrics.peakExecutionMemory-api.scala-230-230=52
org/apache/spark/rdd/MapPartitionsRDD$.$lessinit$greater$default$4-MapPartitionsRDD.scala-43-43=4
org/apache/spark/status/api/v1/TaskMetrics.shuffleWriteMetrics-api.scala-234-234=200
org/apache/spark/status/api/v1/StageData.attemptId-api.scala-166-166=13
org/apache/spark/rdd/RDD$.CHECKPOINT_ALL_MARKED_ANCESTORS-RDD.scala-2006-2006=5
org/apache/spark/status/api/v1/StageData.stageId-api.scala-165-165=13
org/apache/spark/status/api/v1/ShuffleReadMetrics.remoteBytesReadToDisk-api.scala-249-249=55
org/apache/spark/rdd/ShuffledRDD.getDependencies-ShuffledRDD.scala-79-87=1
org/apache/spark/rdd/RDD.getNarrowAncestors-RDD.scala-320-335=3
org/apache/spark/rdd/RDD.elementClassTag-RDD.scala-1749-1749=5
org/apache/spark/rdd/HadoopRDD$$anonfun$convertSplitLocationInfo$1$$anonfun$apply$5.apply-HadoopRDD.scala-434-434=2
org/apache/spark/rdd/RDD$$anonfun$partitions$2$$anonfun$apply$3.apply-RDD.scala-274-274=20
org/apache/spark/rdd/PairRDDFunctions.combineByKeyWithClassTag-PairRDDFunctions.scala-77-77=1
org/apache/spark/status/api/v1/TaskMetrics.memoryBytesSpilled-api.scala-228-228=78
org/apache/spark/rdd/RDD.isCheckpointedAndMaterialized-RDD.scala-1677-1677=4
org/apache/spark/rdd/RDD.withScope-RDD.scala-385-385=9
org/apache/spark/rdd/RDD$$anonfun$persist$1.apply-RDD.scala-176-176=2
org/apache/spark/rdd/RDD$$anonfun$mapPartitions$1.apply-RDD.scala-819-819=1
org/apache/spark/rdd/RDD.org$apache$spark$rdd$RDD$$doCheckpointCalled-RDD.scala-1792-1792=5
org/apache/spark/rdd/HadoopPartition.inputSplit-HadoopRDD.scala-51-51=2
org/apache/spark/status/api/v1/ShuffleReadMetrics.recordsRead-api.scala-251-251=80
org/apache/spark/rdd/RDD$$anonfun$org$apache$spark$rdd$RDD$$visit$1$1.apply-RDD.scala-326-326=9
org/apache/spark/status/api/v1/OutputMetrics.recordsWritten-api.scala-242-242=78
org/apache/spark/rdd/HadoopRDD$$anonfun$convertSplitLocationInfo$1.apply-HadoopRDD.scala-434-434=4
org/apache/spark/rdd/PairRDDFunctions$$anonfun$groupByKey$1$$anonfun$9.apply-PairRDDFunctions.scala-503-503=17667
org/apache/spark/rdd/RDD.creationSite-RDD.scala-1734-1734=13
org/apache/spark/rdd/RDD$$anonfun$6.apply-RDD.scala-325-325=18
org/apache/spark/rdd/RDD$$anonfun$map$1.apply-RDD.scala-392-392=3
org/apache/spark/rdd/RDD$$anonfun$preferredLocations$2.apply-RDD.scala-297-297=16
org/apache/spark/rdd/RDD.org$apache$spark$rdd$RDD$$dependencies_-RDD.scala-241-241=169
org/apache/spark/rdd/MapPartitionsRDD$.$lessinit$greater$default$3-MapPartitionsRDD.scala-42-42=3
org/apache/spark/status/api/v1/TaskMetrics.executorCpuTime-api.scala-224-224=70
org/apache/spark/rdd/RDDOperationScope.toJson-RDDOperationScope.scala-52-52=15
org/apache/spark/rdd/PairRDDFunctions$$anonfun$combineByKeyWithClassTag$1.apply-PairRDDFunctions.scala-77-77=1
org/apache/spark/rdd/RDD.org$apache$spark$rdd$RDD$$visit$1-RDD.scala-323-326=12
org/apache/spark/rdd/RDD.isBarrier-RDD.scala-1931-1931=11
org/apache/spark/rdd/HadoopPartition.index-HadoopRDD.scala-48-48=6
org/apache/spark/status/api/v1/InputMetrics.bytesRead-api.scala-237-237=73
org/apache/spark/rdd/RDD.getPreferredLocations-RDD.scala-137-137=14
org/apache/spark/status/api/v1/ExecutorSummary.hostPort-api.scala-78-78=63
org/apache/spark/rdd/RDD$$anonfun$collect$1.org$apache$spark$rdd$RDD$$anonfun$$$outer-RDD.scala-989-989=2
org/apache/spark/rdd/PairRDDFunctions.org$apache$spark$internal$Logging$$log__$eq-PairRDDFunctions.scala-49-49=2
org/apache/spark/rdd/RDD$$anonfun$doCheckpoint$1.apply-RDD.scala-1801-1801=5
org/apache/spark/rdd/MapPartitionsRDD.computeOrReadCheckpoint-MapPartitionsRDD.scala-343-343=4
org/apache/spark/rdd/MapPartitionsRDD$$anonfun$isBarrier_$1.apply-MapPartitionsRDD.scala-60-60=8
org/apache/spark/rdd/RDD.iterator-RDD.scala-307-307=4
org/apache/spark/status/api/v1/ShuffleWriteMetrics.bytesWritten-api.scala-254-254=76
org/apache/spark/rdd/ShuffledRDD.setAggregator-ShuffledRDD.scala-68-69=1
org/apache/spark/rdd/PairRDDFunctions$$anonfun$groupByKey$1.org$apache$spark$rdd$PairRDDFunctions$$anonfun$$$outer-PairRDDFunctions.scala-498-498=30
org/apache/spark/rdd/RDD.context-RDD.scala-1772-1772=11
org/apache/spark/util/JsonProtocol$$anonfun$rddInfoToJson$7.apply-JsonProtocol.scala-444-444=8
org/apache/spark/rdd/RDDOperationScope$.$lessinit$greater$default$2-RDDOperationScope.scala-48-48=5
org/apache/spark/rdd/RDDOperationScope$$anonfun$getAllScopes$2.apply-RDDOperationScope.scala-61-61=10
org/apache/spark/rdd/RDD.firstParent-RDD.scala-1763-1763=6
org/apache/spark/mllib/tree/configuration/Strategy.subsamplingRate-Strategy.scala-81-81=1
org/apache/spark/rdd/RDDOperationScope$.withScope-RDDOperationScope.scala-134-155=14
org/apache/spark/rdd/RDD.persist-RDD.scala-189-189=1
org/apache/spark/rdd/RDDOperationScope.getAllScopes-RDDOperationScope.scala-61-61=10
org/apache/spark/rdd/ShuffledRDD.prev-ShuffledRDD.scala-42-42=1
org/apache/spark/util/JsonProtocol$$anonfun$rddInfoToJson$2.apply-JsonProtocol.scala-437-437=8
org/apache/spark/rdd/RDD.org$apache$spark$rdd$RDD$$stateLock-RDD.scala-237-237=10
org/apache/spark/rdd/MapPartitionsRDD.getPartitions-MapPartitionsRDD.scala-49-49=4
org/apache/spark/status/api/v1/ShuffleReadMetrics.remoteBytesRead-api.scala-248-248=73
org/apache/spark/rdd/InputFileBlockHolder$.unset-InputFileBlockHolder.scala-86-86=2
org/apache/spark/rdd/ShuffledRDD.getPartitions-ShuffledRDD.scala-93-93=1
org/apache/spark/rdd/PairRDDFunctions.combineByKeyWithClassTag$default$5-PairRDDFunctions.scala-76-76=1
org/apache/spark/rdd/PairRDDFunctions$$anonfun$groupByKey$1$$anonfun$8.apply-PairRDDFunctions.scala-502-502=30
org/apache/spark/rdd/RDDOperationScope.name-RDDOperationScope.scala-47-47=25
org/apache/spark/status/api/v1/TaskMetrics.executorRunTime-api.scala-223-223=65
org/apache/spark/status/api/v1/TaskMetrics.inputMetrics-api.scala-231-231=146
org/apache/spark/rdd/RDD$$anonfun$5.apply-RDD.scala-324-324=18
org/apache/spark/rdd/PairRDDFunctions.reduceByKey-PairRDDFunctions.scala-325-325=1
org/apache/spark/rdd/RDD.name-RDD.scala-153-153=12
org/apache/spark/util/JsonProtocol$$anonfun$rddInfoToJson$6.apply-JsonProtocol.scala-443-443=8
org/apache/spark/rdd/ShuffledRDDPartition.index-ShuffledRDD.scala-27-27=12
org/apache/spark/rdd/RDD$$anonfun$dependencies$2.apply-RDD.scala-252-252=82
org/apache/spark/rdd/RDD.computeOrReadCheckpoint-RDD.scala-343-343=4
org/apache/spark/status/api/v1/TaskMetrics.outputMetrics-api.scala-232-232=153
org/apache/spark/rdd/RDD.map-RDD.scala-392-392=3
org/apache/spark/rdd/RDD.org$apache$spark$rdd$RDD$$partitions__$eq-RDD.scala-242-242=5
org/apache/spark/rdd/RDD$$anonfun$37.apply-RDD.scala-1744-1744=10
org/apache/spark/rdd/PairRDDFunctions$$anonfun$reduceByKey$1.apply-PairRDDFunctions.scala-307-307=1
org/apache/spark/rdd/RDD.isLocallyCheckpointed-RDD.scala-1684-1684=1
org/apache/spark/rdd/PairRDDFunctions$$anonfun$collectAsMap$1$$anonfun$apply$36.apply-PairRDDFunctions.scala-746-746=60
org/apache/spark/util/JsonProtocol$$anonfun$rddInfoToJson$8.apply-JsonProtocol.scala-445-445=8
org/apache/spark/status/api/v1/TaskMetrics.executorDeserializeCpuTime-api.scala-222-222=54
org/apache/spark/rdd/RDDOperationScope$.withScope$default$2-RDDOperationScope.scala-101-101=9
org/apache/spark/mllib/tree/configuration/Strategy.maxMemoryInMB-Strategy.scala-80-80=1
org/apache/spark/rdd/RDD.preferredLocations-RDD.scala-296-296=16
org/apache/spark/rdd/RDD.dependencies-RDD.scala-252-252=82
org/apache/spark/rdd/RDDOperationScope$$anonfun$3.apply-RDDOperationScope.scala-106-106=18
org/apache/spark/rdd/PairRDDFunctions.keyClass-PairRDDFunctions.scala-1111-1111=1
org/apache/spark/status/api/v1/ShuffleReadMetrics.fetchWaitTime-api.scala-247-247=52
org/apache/spark/rdd/MapPartitionsRDD.isBarrier_-MapPartitionsRDD.scala-60-60=11
org/apache/spark/rdd/RDD$$anonfun$collect$1.apply-RDD.scala-990-991=1
org/apache/spark/rdd/PairRDDFunctions.collectAsMap-PairRDDFunctions.scala-742-742=1
org/apache/spark/rdd/RDD.mapPartitions$default$2-RDD.scala-819-819=1
org/apache/spark/rdd/RDD$$anonfun$map$1$$anonfun$apply$5.apply-RDD.scala-394-394=4
org/apache/spark/rdd/RDD.org$apache$spark$rdd$RDD$$dependencies__$eq-RDD.scala-241-241=5
org/apache/spark/mllib/tree/configuration/Strategy.useNodeIdCache-Strategy.scala-82-82=1
org/apache/spark/status/api/v1/TaskMetrics.shuffleReadMetrics-api.scala-233-233=449
org/apache/spark/rdd/HadoopRDD$$anonfun$convertSplitLocationInfo$1$$anonfun$apply$5.apply-HadoopRDD.scala-435-434=2
org/apache/spark/status/api/v1/ShuffleReadMetrics.remoteBlocksFetched-api.scala-245-245=52
org/apache/spark/rdd/ShuffledRDD$$anonfun$1.apply-ShuffledRDD.scala-79-79=1
org/apache/spark/status/api/v1/ShuffleWriteMetrics.recordsWritten-api.scala-256-256=71
org/apache/spark/rdd/ShuffledRDD.org$apache$spark$rdd$ShuffledRDD$$mapSideCombine-ShuffledRDD.scala-52-52=2
org/apache/spark/util/JsonProtocol$$anonfun$rddInfoToJson$1.apply-JsonProtocol.scala-437-437=9
org/apache/spark/status/api/v1/TaskMetrics.diskBytesSpilled-api.scala-229-229=76
org/apache/spark/rdd/RDD.mapPartitions-RDD.scala-819-819=1
org/apache/spark/status/api/v1/TaskMetrics.resultSerializationTime-api.scala-227-227=54
org/apache/spark/rdd/RDD$$anonfun$partitions$2.apply-RDD.scala-269-269=52
org/apache/spark/rdd/RDD.getStorageLevel-RDD.scala-223-223=22
org/apache/spark/rdd/MapPartitionsRDD.isCheckpointedAndMaterialized-MapPartitionsRDD.scala-1677-1677=4
org/apache/spark/rdd/RDDOperationScope.id-RDDOperationScope.scala-49-49=25
org/apache/spark/rdd/RDD$$anonfun$doCheckpoint$1$$anonfun$apply$mcV$sp$2.apply-RDD.scala-1813-1813=8
org/apache/spark/rdd/RDDOperationScope$$anonfun$1.apply-RDDOperationScope.scala-104-104=36
org/apache/spark/rdd/RDD$$anonfun$4.apply-RDD.scala-323-323=22
org/apache/spark/util/JsonProtocol$$anonfun$rddInfoToJson$4$$anonfun$apply$19.apply-JsonProtocol.scala-439-439=8
org/apache/spark/rdd/ShuffledRDD$$anonfun$getPartitions$1.apply-ShuffledRDD.scala-93-93=4
org/apache/spark/rdd/InputFileBlockHolder$$anon$1.initialValue-InputFileBlockHolder.scala-53-53=2
org/apache/spark/rdd/RDD.sparkContext-RDD.scala-147-147=3
org/apache/spark/rdd/RDDOperationScope$.org$apache$spark$rdd$RDDOperationScope$$jsonMapper-RDDOperationScope.scala-82-82=28
org/apache/spark/rdd/InputFileBlockHolder$.initialize-InputFileBlockHolder.scala-92-92=2
org/apache/spark/rdd/ShuffledRDD.setSerializer-ShuffledRDD.scala-56-57=1
org/apache/spark/rdd/PairRDDFunctions$$anonfun$reduceByKey$3.apply-PairRDDFunctions.scala-326-326=1
org/apache/spark/rdd/RDDOperationScope$.withScope-RDDOperationScope.scala-102-112=9
org/apache/spark/util/JsonProtocol$$anonfun$rddInfoToJson$9.apply-JsonProtocol.scala-446-446=8
org/apache/spark/rdd/HadoopRDD.getPreferredLocations-HadoopRDD.scala-354-360=2
org/apache/spark/util/JsonProtocol$$anonfun$rddInfoToJson$3.apply-JsonProtocol.scala-439-439=8
org/apache/spark/rdd/RDDOperationScope$.nextScopeId-RDDOperationScope.scala-90-90=11
org/apache/spark/rdd/RDD.checkpointData-RDD.scala-1751-1751=159
org/apache/spark/util/JsonProtocol$$anonfun$rddInfoToJson$4.apply-JsonProtocol.scala-439-439=8
org/apache/spark/status/api/v1/ShuffleReadMetrics.localBytesRead-api.scala-250-250=73
org/apache/spark/rdd/RDD.collect-RDD.scala-989-989=1
org/apache/spark/rdd/MapPartitionsRDD.compute-MapPartitionsRDD.scala-52-52=2
org/apache/spark/rdd/RDDOperationScope$$anonfun$5.apply-RDDOperationScope.scala-137-137=16
org/apache/spark/rdd/RDD$$anonfun$doCheckpoint$1.apply$mcV$sp-RDD.scala-1801-1801=5
org/apache/spark/status/api/v1/TaskMetrics.executorDeserializeTime-api.scala-221-221=60
org/apache/spark/rdd/MapPartitionsRDD.org$apache$spark$rdd$RDD$$dependencies_-MapPartitionsRDD.scala-241-241=8
org/apache/spark/rdd/RDD$$anonfun$getNarrowAncestors$1.apply-RDD.scala-335-335=18
org/apache/spark/rdd/RDD.org$apache$spark$internal$Logging$$log__$eq-RDD.scala-77-77=5
org/apache/spark/rdd/MapPartitionsRDD.dependencies-MapPartitionsRDD.scala-252-252=4
org/apache/spark/rdd/RDD.org$apache$spark$rdd$RDD$$doCheckpointCalled_$eq-RDD.scala-1792-1792=4
org/apache/spark/rdd/RDDOperationScope$.fromJson-RDDOperationScope.scala-86-86=13
org/apache/spark/rdd/MapPartitionsRDD.firstParent-MapPartitionsRDD.scala-1763-1763=2
org/apache/spark/rdd/HadoopRDD$.convertSplitLocationInfo-HadoopRDD.scala-434-434=2
org/apache/spark/rdd/RDDOperationScope.parent-RDDOperationScope.scala-48-48=25
org/apache/spark/rdd/RDD.partitions-RDD.scala-269-269=52
org/apache/spark/rdd/ShuffledRDD.setMapSideCombine-ShuffledRDD.scala-74-75=1
org/apache/spark/status/api/v1/JobData.jobId-api.scala-110-110=13
org/apache/spark/status/api/v1/ExecutorSummary.id-api.scala-77-77=63
org/apache/spark/rdd/MapPartitionsRDD.checkpointData-MapPartitionsRDD.scala-1751-1751=8
org/apache/spark/status/api/v1/TaskMetrics.jvmGcTime-api.scala-226-226=54
org/apache/spark/rdd/PairRDDFunctions.combineByKeyWithClassTag$default$6-PairRDDFunctions.scala-77-77=1
org/apache/spark/rdd/MapPartitionsRDD.iterator-MapPartitionsRDD.scala-307-307=4
org/apache/spark/rdd/RDD$$anonfun$org$apache$spark$rdd$RDD$$visit$1$1.apply-RDD.scala-327-328=9
org/apache/spark/rdd/RDD$$anonfun$collect$1$$anonfun$15.apply-RDD.scala-990-990=4
org/apache/spark/rdd/MapPartitionsRDD$.$lessinit$greater$default$5-MapPartitionsRDD.scala-44-44=4
org/apache/spark/rdd/RDD.getDependencies-RDD.scala-132-132=4
org/apache/spark/rdd/ShuffledRDD.compute-ShuffledRDD.scala-103-105=2
org/apache/spark/rdd/RDDOperationScope$.$lessinit$greater$default$3-RDDOperationScope.scala-49-49=11
