org/apache/spark/status/api/v1/OutputMetrics.bytesWritten-api.scala-241-241=13
org/apache/spark/status/api/v1/TaskMetrics.resultSize-api.scala-225-225=10
org/apache/spark/rdd/RDD.org$apache$spark$rdd$RDD$$partitions_-RDD.scala-242-242=36
org/apache/spark/status/api/v1/ShuffleReadMetrics.localBlocksFetched-api.scala-246-246=10
org/apache/spark/rdd/RDD.id-RDD.scala-150-150=30
org/apache/spark/rdd/RDD.scope-RDD.scala-1743-1743=8
org/apache/spark/status/api/v1/InputMetrics.recordsRead-api.scala-238-238=14
org/apache/spark/util/JsonProtocol$$anonfun$rddInfoToJson$5.apply-JsonProtocol.scala-440-440=25
org/apache/spark/status/api/v1/ShuffleWriteMetrics.writeTime-api.scala-255-255=8
org/apache/spark/status/api/v1/TaskMetrics.peakExecutionMemory-api.scala-230-230=8
org/apache/spark/status/api/v1/TaskMetrics.shuffleWriteMetrics-api.scala-234-234=35
org/apache/spark/status/api/v1/StageData.attemptId-api.scala-166-166=3
org/apache/spark/status/api/v1/StageData.stageId-api.scala-165-165=3
org/apache/spark/status/api/v1/ShuffleReadMetrics.remoteBytesReadToDisk-api.scala-249-249=7
org/apache/spark/mllib/tree/impurity/ImpurityAggregator.statsSize-Impurity.scala-63-63=55
org/apache/spark/rdd/RDD.getNarrowAncestors-RDD.scala-320-335=1
org/apache/spark/status/api/v1/TaskMetrics.memoryBytesSpilled-api.scala-228-228=14
org/apache/spark/status/api/v1/ShuffleReadMetrics.recordsRead-api.scala-251-251=14
org/apache/spark/rdd/RDD$$anonfun$org$apache$spark$rdd$RDD$$visit$1$1.apply-RDD.scala-326-326=7
org/apache/spark/status/api/v1/OutputMetrics.recordsWritten-api.scala-242-242=14
org/apache/spark/rdd/RDD.creationSite-RDD.scala-1734-1734=8
org/apache/spark/rdd/RDD$$anonfun$6.apply-RDD.scala-325-325=14
org/apache/spark/rdd/RDD$$anonfun$preferredLocations$2.apply-RDD.scala-297-297=4
org/apache/spark/rdd/RDD.org$apache$spark$rdd$RDD$$dependencies_-RDD.scala-241-241=47
org/apache/spark/status/api/v1/TaskMetrics.executorCpuTime-api.scala-224-224=13
org/apache/spark/rdd/RDDOperationScope.toJson-RDDOperationScope.scala-52-52=15
org/apache/spark/rdd/RDD.org$apache$spark$rdd$RDD$$visit$1-RDD.scala-323-326=8
org/apache/spark/rdd/RDD.isBarrier-RDD.scala-1931-1931=2
org/apache/spark/rdd/HadoopPartition.index-HadoopRDD.scala-48-48=3
org/apache/spark/status/api/v1/InputMetrics.bytesRead-api.scala-237-237=13
org/apache/spark/rdd/RDD.getPreferredLocations-RDD.scala-137-137=2
org/apache/spark/status/api/v1/ExecutorSummary.hostPort-api.scala-78-78=2
org/apache/spark/rdd/MapPartitionsRDD.computeOrReadCheckpoint-MapPartitionsRDD.scala-343-343=2
org/apache/spark/rdd/MapPartitionsRDD.id-MapPartitionsRDD.scala-150-150=1
org/apache/spark/rdd/RDD.iterator-RDD.scala-307-307=2
org/apache/spark/status/api/v1/ShuffleWriteMetrics.bytesWritten-api.scala-254-254=13
org/apache/spark/util/JsonProtocol$$anonfun$rddInfoToJson$7.apply-JsonProtocol.scala-444-444=24
org/apache/spark/rdd/RDD.firstParent-RDD.scala-1763-1763=1
org/apache/spark/util/JsonProtocol$$anonfun$rddInfoToJson$2.apply-JsonProtocol.scala-437-437=23
org/apache/spark/status/api/v1/ShuffleReadMetrics.remoteBytesRead-api.scala-248-248=12
org/apache/spark/rdd/InputFileBlockHolder$.unset-InputFileBlockHolder.scala-86-86=2
org/apache/spark/rdd/RDDOperationScope.name-RDDOperationScope.scala-47-47=15
org/apache/spark/status/api/v1/TaskMetrics.executorRunTime-api.scala-223-223=11
org/apache/spark/status/api/v1/TaskMetrics.inputMetrics-api.scala-231-231=28
org/apache/spark/rdd/RDD$$anonfun$5.apply-RDD.scala-324-324=14
org/apache/spark/rdd/RDD.name-RDD.scala-153-153=8
org/apache/spark/util/JsonProtocol$$anonfun$rddInfoToJson$6.apply-JsonProtocol.scala-443-443=24
org/apache/spark/rdd/ShuffledRDDPartition.index-ShuffledRDD.scala-27-27=2
org/apache/spark/rdd/RDD$$anonfun$dependencies$2.apply-RDD.scala-252-252=23
org/apache/spark/rdd/RDD.computeOrReadCheckpoint-RDD.scala-343-343=2
org/apache/spark/status/api/v1/TaskMetrics.outputMetrics-api.scala-232-232=26
org/apache/spark/mllib/tree/impurity/GiniAggregator.update-Gini.scala-91-99=53
org/apache/spark/util/JsonProtocol$$anonfun$rddInfoToJson$8.apply-JsonProtocol.scala-445-445=23
org/apache/spark/status/api/v1/TaskMetrics.executorDeserializeCpuTime-api.scala-222-222=8
org/apache/spark/rdd/RDD.preferredLocations-RDD.scala-296-296=4
org/apache/spark/rdd/RDD.dependencies-RDD.scala-252-252=24
org/apache/spark/status/api/v1/ShuffleReadMetrics.fetchWaitTime-api.scala-247-247=10
org/apache/spark/rdd/MapPartitionsRDD.isBarrier_-MapPartitionsRDD.scala-60-60=2
org/apache/spark/rdd/RDD$$anonfun$mapPartitions$1$$anonfun$apply$23.apply-RDD.scala-823-823=4
org/apache/spark/rdd/ShuffledRDD.getPreferredLocations-ShuffledRDD.scala-97-99=2
org/apache/spark/status/api/v1/TaskMetrics.shuffleReadMetrics-api.scala-233-233=76
org/apache/spark/status/api/v1/ShuffleReadMetrics.remoteBlocksFetched-api.scala-245-245=9
org/apache/spark/status/api/v1/ShuffleWriteMetrics.recordsWritten-api.scala-256-256=10
org/apache/spark/util/JsonProtocol$$anonfun$rddInfoToJson$1.apply-JsonProtocol.scala-437-437=25
org/apache/spark/status/api/v1/TaskMetrics.diskBytesSpilled-api.scala-229-229=14
org/apache/spark/status/api/v1/TaskMetrics.resultSerializationTime-api.scala-227-227=7
org/apache/spark/rdd/RDD$$anonfun$partitions$2.apply-RDD.scala-269-269=18
org/apache/spark/rdd/RDD.getStorageLevel-RDD.scala-223-223=10
org/apache/spark/rdd/RDDOperationScope.id-RDDOperationScope.scala-49-49=13
org/apache/spark/rdd/RDD$$anonfun$4.apply-RDD.scala-323-323=14
org/apache/spark/util/JsonProtocol$$anonfun$rddInfoToJson$4$$anonfun$apply$19.apply-JsonProtocol.scala-439-439=31
org/apache/spark/rdd/InputFileBlockHolder$$anon$1.initialValue-InputFileBlockHolder.scala-53-53=1
org/apache/spark/rdd/RDD.sparkContext-RDD.scala-147-147=1
org/apache/spark/rdd/RDDOperationScope$.org$apache$spark$rdd$RDDOperationScope$$jsonMapper-RDDOperationScope.scala-82-82=12
org/apache/spark/rdd/InputFileBlockHolder$.initialize-InputFileBlockHolder.scala-92-92=2
org/apache/spark/util/JsonProtocol$$anonfun$rddInfoToJson$9.apply-JsonProtocol.scala-446-446=21
org/apache/spark/util/JsonProtocol$$anonfun$rddInfoToJson$3.apply-JsonProtocol.scala-439-439=30
org/apache/spark/rdd/RDD.checkpointData-RDD.scala-1751-1751=46
org/apache/spark/util/JsonProtocol$$anonfun$rddInfoToJson$4.apply-JsonProtocol.scala-439-439=28
org/apache/spark/status/api/v1/ShuffleReadMetrics.localBytesRead-api.scala-250-250=12
org/apache/spark/rdd/MapPartitionsRDD.compute-MapPartitionsRDD.scala-52-52=2
org/apache/spark/status/api/v1/TaskMetrics.executorDeserializeTime-api.scala-221-221=10
org/apache/spark/rdd/MapPartitionsRDD.org$apache$spark$rdd$RDD$$dependencies_-MapPartitionsRDD.scala-241-241=1
org/apache/spark/rdd/RDD$$anonfun$getNarrowAncestors$1.apply-RDD.scala-335-335=14
org/apache/spark/rdd/MapPartitionsRDD.dependencies-MapPartitionsRDD.scala-252-252=1
org/apache/spark/rdd/MapPartitionsRDD.firstParent-MapPartitionsRDD.scala-1763-1763=1
org/apache/spark/rdd/PairRDDFunctions$$anonfun$reduceByKey$1$$anonfun$apply$10.apply-PairRDDFunctions.scala-307-307=2
org/apache/spark/rdd/RDDOperationScope.parent-RDDOperationScope.scala-48-48=14
org/apache/spark/rdd/RDD.partitions-RDD.scala-269-269=18
org/apache/spark/rdd/RDD$$anon$1.next-RDD.scala-367-368=203
org/apache/spark/status/api/v1/JobData.jobId-api.scala-110-110=3
org/apache/spark/status/api/v1/ExecutorSummary.id-api.scala-77-77=2
org/apache/spark/rdd/MapPartitionsRDD.checkpointData-MapPartitionsRDD.scala-1751-1751=2
org/apache/spark/status/api/v1/TaskMetrics.jvmGcTime-api.scala-226-226=10
org/apache/spark/status/api/v1/RDDStorageInfo.id-api.scala-132-132=1
org/apache/spark/rdd/MapPartitionsRDD.iterator-MapPartitionsRDD.scala-307-307=2
org/apache/spark/rdd/RDD$$anonfun$org$apache$spark$rdd$RDD$$visit$1$1.apply-RDD.scala-327-328=7
