org/apache/spark/status/api/v1/OutputMetrics.bytesWritten-api.scala-241-241=173
org/apache/spark/rdd/RDD.doCheckpoint-RDD.scala-1800-1800=4
org/apache/spark/rdd/MapPartitionsRDD.partitioner-MapPartitionsRDD.scala-47-47=2
org/apache/spark/status/api/v1/TaskMetrics.resultSize-api.scala-225-225=137
org/apache/spark/rdd/RDD.getNumPartitions-RDD.scala-289-289=1
org/apache/spark/rdd/PairRDDFunctions$$anonfun$collectAsMap$1.apply-PairRDDFunctions.scala-742-742=1
org/apache/spark/rdd/RDD.org$apache$spark$rdd$RDD$$partitions_-RDD.scala-242-242=60
org/apache/spark/rdd/ShuffledRDD.isBarrier-ShuffledRDD.scala-114-114=1
org/apache/spark/status/api/v1/ShuffleReadMetrics.localBlocksFetched-api.scala-246-246=135
org/apache/spark/rdd/RDD.org$apache$spark$rdd$RDD$$sc-RDD.scala-89-100=37
org/apache/spark/mllib/tree/model/ImpurityStats.rightImpurity-InformationGainStats.scala-100-100=4
org/apache/spark/rdd/RDDOperationScope$$anonfun$2.apply-RDDOperationScope.scala-105-105=42
org/apache/spark/rdd/RDD$.rddToPairRDDFunctions-RDD.scala-2016-2016=2
org/apache/spark/rdd/PairRDDFunctions.reduceByKey-PairRDDFunctions.scala-306-306=1
org/apache/spark/rdd/RDD.id-RDD.scala-150-150=41
org/apache/spark/rdd/RDD.scope-RDD.scala-1743-1743=10
org/apache/spark/status/api/v1/InputMetrics.recordsRead-api.scala-238-238=168
org/apache/spark/util/JsonProtocol$$anonfun$rddInfoToJson$5.apply-JsonProtocol.scala-440-440=24
org/apache/spark/status/api/v1/ShuffleWriteMetrics.writeTime-api.scala-255-255=141
org/apache/spark/status/api/v1/TaskMetrics.peakExecutionMemory-api.scala-230-230=145
org/apache/spark/rdd/MapPartitionsRDD$.$lessinit$greater$default$4-MapPartitionsRDD.scala-43-43=2
org/apache/spark/status/api/v1/TaskMetrics.shuffleWriteMetrics-api.scala-234-234=491
org/apache/spark/status/api/v1/StageData.attemptId-api.scala-166-166=13
org/apache/spark/mllib/tree/model/ImpurityStats$.getEmptyImpurityStats-InformationGainStats.scala-124-124=8
org/apache/spark/rdd/RDD$.CHECKPOINT_ALL_MARKED_ANCESTORS-RDD.scala-2006-2006=3
org/apache/spark/status/api/v1/StageData.stageId-api.scala-165-165=13
org/apache/spark/status/api/v1/ShuffleReadMetrics.remoteBytesReadToDisk-api.scala-249-249=140
org/apache/spark/mllib/tree/impurity/ImpurityAggregator.statsSize-Impurity.scala-63-63=272209
org/apache/spark/rdd/ShuffledRDD.getDependencies-ShuffledRDD.scala-79-87=1
org/apache/spark/rdd/RDD.elementClassTag-RDD.scala-1749-1749=3
org/apache/spark/rdd/RDD.getNarrowAncestors-RDD.scala-320-335=2
org/apache/spark/mllib/tree/impurity/GiniCalculator.count-Gini.scala-133-133=23657
org/apache/spark/rdd/RDD$$anonfun$partitions$2$$anonfun$apply$3.apply-RDD.scala-274-274=12
org/apache/spark/rdd/PairRDDFunctions.combineByKeyWithClassTag-PairRDDFunctions.scala-77-77=1
org/apache/spark/status/api/v1/TaskMetrics.memoryBytesSpilled-api.scala-228-228=162
org/apache/spark/rdd/RDD.withScope-RDD.scala-385-385=7
org/apache/spark/mllib/tree/model/ImpurityStats.rightImpurityCalculator-InformationGainStats.scala-86-86=12
org/apache/spark/rdd/RDD$$anonfun$mapPartitions$1.apply-RDD.scala-819-819=1
org/apache/spark/rdd/RDD.org$apache$spark$rdd$RDD$$doCheckpointCalled-RDD.scala-1792-1792=4
org/apache/spark/status/api/v1/ShuffleReadMetrics.recordsRead-api.scala-251-251=158
org/apache/spark/status/api/v1/OutputMetrics.recordsWritten-api.scala-242-242=166
org/apache/spark/rdd/RDD$$anonfun$org$apache$spark$rdd$RDD$$visit$1$1.apply-RDD.scala-326-326=8
org/apache/spark/rdd/RDD.creationSite-RDD.scala-1734-1734=11
org/apache/spark/rdd/RDD$$anonfun$map$1.apply-RDD.scala-392-392=1
org/apache/spark/rdd/RDD$$anonfun$6.apply-RDD.scala-325-325=16
org/apache/spark/rdd/RDD$$anonfun$preferredLocations$2.apply-RDD.scala-297-297=2
org/apache/spark/rdd/RDD.org$apache$spark$rdd$RDD$$dependencies_-RDD.scala-241-241=103
org/apache/spark/rdd/MapPartitionsRDD$.$lessinit$greater$default$3-MapPartitionsRDD.scala-42-42=1
org/apache/spark/status/api/v1/TaskMetrics.executorCpuTime-api.scala-224-224=145
org/apache/spark/rdd/RDDOperationScope.toJson-RDDOperationScope.scala-52-52=20
org/apache/spark/rdd/PairRDDFunctions$$anonfun$combineByKeyWithClassTag$1.apply-PairRDDFunctions.scala-77-77=1
org/apache/spark/rdd/RDD.org$apache$spark$rdd$RDD$$visit$1-RDD.scala-323-326=10
org/apache/spark/rdd/HadoopPartition.index-HadoopRDD.scala-48-48=2
org/apache/spark/rdd/RDD.isBarrier-RDD.scala-1931-1931=7
org/apache/spark/status/api/v1/InputMetrics.bytesRead-api.scala-237-237=169
org/apache/spark/mllib/tree/model/ImpurityStats.leftImpurity-InformationGainStats.scala-94-94=4
org/apache/spark/rdd/RDD.getPreferredLocations-RDD.scala-137-137=2
org/apache/spark/status/api/v1/ExecutorSummary.hostPort-api.scala-78-78=20
org/apache/spark/rdd/PairRDDFunctions.org$apache$spark$internal$Logging$$log__$eq-PairRDDFunctions.scala-49-49=2
org/apache/spark/rdd/RDD$$anonfun$doCheckpoint$1.apply-RDD.scala-1801-1801=4
org/apache/spark/rdd/MapPartitionsRDD.computeOrReadCheckpoint-MapPartitionsRDD.scala-343-343=3
org/apache/spark/rdd/MapPartitionsRDD$$anonfun$isBarrier_$1.apply-MapPartitionsRDD.scala-60-60=4
org/apache/spark/rdd/RDD.iterator-RDD.scala-307-307=1
org/apache/spark/status/api/v1/ShuffleWriteMetrics.bytesWritten-api.scala-254-254=165
org/apache/spark/rdd/ShuffledRDD.setAggregator-ShuffledRDD.scala-68-69=1
org/apache/spark/rdd/RDD.context-RDD.scala-1772-1772=9
org/apache/spark/rdd/RDDOperationScope$.$lessinit$greater$default$2-RDDOperationScope.scala-48-48=4
org/apache/spark/util/JsonProtocol$$anonfun$rddInfoToJson$7.apply-JsonProtocol.scala-444-444=24
org/apache/spark/rdd/RDDOperationScope$$anonfun$getAllScopes$2.apply-RDDOperationScope.scala-61-61=10
org/apache/spark/rdd/RDD.firstParent-RDD.scala-1763-1763=2
org/apache/spark/rdd/RDDOperationScope$.withScope-RDDOperationScope.scala-134-155=11
org/apache/spark/rdd/RDDOperationScope.getAllScopes-RDDOperationScope.scala-61-61=10
org/apache/spark/rdd/ShuffledRDD.prev-ShuffledRDD.scala-42-42=1
org/apache/spark/util/JsonProtocol$$anonfun$rddInfoToJson$2.apply-JsonProtocol.scala-437-437=24
org/apache/spark/rdd/RDD.org$apache$spark$rdd$RDD$$stateLock-RDD.scala-237-237=6
org/apache/spark/rdd/MapPartitionsRDD.getPartitions-MapPartitionsRDD.scala-49-49=2
org/apache/spark/status/api/v1/ShuffleReadMetrics.remoteBytesRead-api.scala-248-248=173
org/apache/spark/rdd/InputFileBlockHolder$.unset-InputFileBlockHolder.scala-86-86=2
org/apache/spark/rdd/ShuffledRDD.getPartitions-ShuffledRDD.scala-93-93=1
org/apache/spark/rdd/PairRDDFunctions.combineByKeyWithClassTag$default$5-PairRDDFunctions.scala-76-76=1
org/apache/spark/status/api/v1/TaskMetrics.executorRunTime-api.scala-223-223=139
org/apache/spark/status/api/v1/TaskMetrics.inputMetrics-api.scala-231-231=345
org/apache/spark/rdd/RDDOperationScope.name-RDDOperationScope.scala-47-47=30
org/apache/spark/rdd/RDD$$anonfun$5.apply-RDD.scala-324-324=16
org/apache/spark/rdd/PairRDDFunctions.reduceByKey-PairRDDFunctions.scala-325-325=1
org/apache/spark/util/JsonProtocol$$anonfun$rddInfoToJson$6.apply-JsonProtocol.scala-443-443=24
org/apache/spark/rdd/RDD.name-RDD.scala-153-153=10
org/apache/spark/rdd/ShuffledRDDPartition.index-ShuffledRDD.scala-27-27=4
org/apache/spark/mllib/tree/impurity/ImpurityAggregator.merge-Impurity.scala-72-71=11834
org/apache/spark/rdd/RDD.computeOrReadCheckpoint-RDD.scala-343-343=1
org/apache/spark/rdd/RDD$$anonfun$dependencies$2.apply-RDD.scala-252-252=50
org/apache/spark/mllib/tree/impurity/ImpurityCalculator.stats-Impurity.scala-100-100=808021
org/apache/spark/status/api/v1/TaskMetrics.outputMetrics-api.scala-232-232=350
org/apache/spark/rdd/RDD.map-RDD.scala-392-392=1
org/apache/spark/rdd/RDD.org$apache$spark$rdd$RDD$$partitions__$eq-RDD.scala-242-242=3
org/apache/spark/rdd/RDD$$anonfun$37.apply-RDD.scala-1744-1744=6
org/apache/spark/rdd/PairRDDFunctions$$anonfun$reduceByKey$1.apply-PairRDDFunctions.scala-307-307=1
org/apache/spark/mllib/tree/model/ImpurityStats$.$lessinit$greater$default$6-InformationGainStats.scala-87-87=7680
org/apache/spark/rdd/PairRDDFunctions$$anonfun$collectAsMap$1$$anonfun$apply$36.apply-PairRDDFunctions.scala-746-746=8
org/apache/spark/util/JsonProtocol$$anonfun$rddInfoToJson$8.apply-JsonProtocol.scala-445-445=24
org/apache/spark/status/api/v1/TaskMetrics.executorDeserializeCpuTime-api.scala-222-222=128
org/apache/spark/rdd/RDDOperationScope$.withScope$default$2-RDDOperationScope.scala-101-101=7
org/apache/spark/rdd/RDD.preferredLocations-RDD.scala-296-296=2
org/apache/spark/rdd/RDD.dependencies-RDD.scala-252-252=50
org/apache/spark/rdd/RDDOperationScope$$anonfun$3.apply-RDDOperationScope.scala-106-106=14
org/apache/spark/mllib/tree/model/ImpurityStats.gain-InformationGainStats.scala-82-82=12004
org/apache/spark/rdd/PairRDDFunctions.keyClass-PairRDDFunctions.scala-1111-1111=1
org/apache/spark/status/api/v1/ShuffleReadMetrics.fetchWaitTime-api.scala-247-247=146
org/apache/spark/rdd/RDD$$anonfun$collect$1.apply-RDD.scala-990-991=1
org/apache/spark/rdd/MapPartitionsRDD.isBarrier_-MapPartitionsRDD.scala-60-60=7
org/apache/spark/rdd/PairRDDFunctions.collectAsMap-PairRDDFunctions.scala-742-742=1
org/apache/spark/mllib/tree/model/ImpurityStats$.getInvalidImpurityStats-InformationGainStats.scala-115-115=4156
org/apache/spark/rdd/RDD.mapPartitions$default$2-RDD.scala-819-819=1
org/apache/spark/rdd/RDD$$anonfun$map$1$$anonfun$apply$5.apply-RDD.scala-394-394=1
org/apache/spark/rdd/RDD.org$apache$spark$rdd$RDD$$dependencies__$eq-RDD.scala-241-241=3
org/apache/spark/status/api/v1/TaskMetrics.shuffleReadMetrics-api.scala-233-233=1095
org/apache/spark/status/api/v1/ShuffleReadMetrics.remoteBlocksFetched-api.scala-245-245=144
org/apache/spark/rdd/ShuffledRDD$$anonfun$1.apply-ShuffledRDD.scala-79-79=1
org/apache/spark/status/api/v1/ShuffleWriteMetrics.recordsWritten-api.scala-256-256=150
org/apache/spark/rdd/ShuffledRDD.org$apache$spark$rdd$ShuffledRDD$$mapSideCombine-ShuffledRDD.scala-52-52=2
org/apache/spark/status/api/v1/TaskMetrics.diskBytesSpilled-api.scala-229-229=165
org/apache/spark/util/JsonProtocol$$anonfun$rddInfoToJson$1.apply-JsonProtocol.scala-437-437=24
org/apache/spark/rdd/RDD.mapPartitions-RDD.scala-819-819=1
org/apache/spark/status/api/v1/TaskMetrics.resultSerializationTime-api.scala-227-227=137
org/apache/spark/mllib/tree/model/ImpurityStats.impurity-InformationGainStats.scala-83-83=11828
org/apache/spark/rdd/RDD$$anonfun$partitions$2.apply-RDD.scala-269-269=27
org/apache/spark/rdd/RDD.getStorageLevel-RDD.scala-223-223=14
org/apache/spark/rdd/RDDOperationScope.id-RDDOperationScope.scala-49-49=30
org/apache/spark/rdd/RDD$$anonfun$doCheckpoint$1$$anonfun$apply$mcV$sp$2.apply-RDD.scala-1813-1813=6
org/apache/spark/rdd/RDDOperationScope$$anonfun$1.apply-RDDOperationScope.scala-104-104=28
org/apache/spark/rdd/RDD$$anonfun$4.apply-RDD.scala-323-323=18
org/apache/spark/util/JsonProtocol$$anonfun$rddInfoToJson$4$$anonfun$apply$19.apply-JsonProtocol.scala-439-439=24
org/apache/spark/rdd/ShuffledRDD$$anonfun$getPartitions$1.apply-ShuffledRDD.scala-93-93=4
org/apache/spark/mllib/tree/impurity/Gini$.calculate-Gini.scala-40-51=19525
org/apache/spark/rdd/RDDOperationScope$.org$apache$spark$rdd$RDDOperationScope$$jsonMapper-RDDOperationScope.scala-82-82=30
org/apache/spark/rdd/RDD.sparkContext-RDD.scala-147-147=2
org/apache/spark/rdd/ShuffledRDD.setSerializer-ShuffledRDD.scala-56-57=1
org/apache/spark/rdd/PairRDDFunctions$$anonfun$reduceByKey$3.apply-PairRDDFunctions.scala-326-326=1
org/apache/spark/rdd/RDDOperationScope$.withScope-RDDOperationScope.scala-102-112=7
org/apache/spark/util/JsonProtocol$$anonfun$rddInfoToJson$9.apply-JsonProtocol.scala-446-446=24
org/apache/spark/mllib/tree/model/ImpurityStats.leftImpurityCalculator-InformationGainStats.scala-85-85=12
org/apache/spark/rdd/RDDOperationScope$.nextScopeId-RDDOperationScope.scala-90-90=8
org/apache/spark/util/JsonProtocol$$anonfun$rddInfoToJson$3.apply-JsonProtocol.scala-439-439=24
org/apache/spark/status/api/v1/ShuffleReadMetrics.localBytesRead-api.scala-250-250=179
org/apache/spark/rdd/RDD.checkpointData-RDD.scala-1751-1751=82
org/apache/spark/util/JsonProtocol$$anonfun$rddInfoToJson$4.apply-JsonProtocol.scala-439-439=24
org/apache/spark/rdd/RDD.collect-RDD.scala-989-989=1
org/apache/spark/rdd/RDDOperationScope$$anonfun$5.apply-RDDOperationScope.scala-137-137=14
org/apache/spark/rdd/RDD$$anonfun$doCheckpoint$1.apply$mcV$sp-RDD.scala-1801-1801=4
org/apache/spark/status/api/v1/TaskMetrics.executorDeserializeTime-api.scala-221-221=148
org/apache/spark/mllib/tree/impurity/ImpurityCalculator.subtract-Impurity.scala-133-142=11837
org/apache/spark/rdd/RDD.org$apache$spark$internal$Logging$$log__$eq-RDD.scala-77-77=3
org/apache/spark/rdd/RDD$$anonfun$getNarrowAncestors$1.apply-RDD.scala-335-335=16
org/apache/spark/mllib/tree/impurity/GiniAggregator.getCalculator-Gini.scala-82-82=23672
org/apache/spark/mllib/tree/model/ImpurityStats.impurityCalculator-InformationGainStats.scala-84-84=11834
org/apache/spark/rdd/RDD.org$apache$spark$rdd$RDD$$doCheckpointCalled_$eq-RDD.scala-1792-1792=3
org/apache/spark/mllib/tree/impurity/GiniCalculator.calculate-Gini.scala-128-128=19522
org/apache/spark/rdd/RDDOperationScope$.fromJson-RDDOperationScope.scala-86-86=10
org/apache/spark/rdd/RDDOperationScope.parent-RDDOperationScope.scala-48-48=30
org/apache/spark/rdd/RDD.partitions-RDD.scala-269-269=27
org/apache/spark/rdd/ShuffledRDD.setMapSideCombine-ShuffledRDD.scala-74-75=1
org/apache/spark/status/api/v1/JobData.jobId-api.scala-110-110=13
org/apache/spark/status/api/v1/ExecutorSummary.id-api.scala-77-77=18
org/apache/spark/status/api/v1/TaskMetrics.jvmGcTime-api.scala-226-226=134
org/apache/spark/rdd/PairRDDFunctions.combineByKeyWithClassTag$default$6-PairRDDFunctions.scala-77-77=1
org/apache/spark/rdd/MapPartitionsRDD.iterator-MapPartitionsRDD.scala-307-307=2
org/apache/spark/status/api/v1/RDDStorageInfo.id-api.scala-132-132=5
org/apache/spark/rdd/RDD$$anonfun$org$apache$spark$rdd$RDD$$visit$1$1.apply-RDD.scala-327-328=8
org/apache/spark/rdd/RDD$$anonfun$collect$1$$anonfun$15.apply-RDD.scala-990-990=4
org/apache/spark/rdd/MapPartitionsRDD$.$lessinit$greater$default$5-MapPartitionsRDD.scala-44-44=2
org/apache/spark/rdd/RDD.getDependencies-RDD.scala-132-132=2
org/apache/spark/rdd/ShuffledRDD.compute-ShuffledRDD.scala-103-105=1
org/apache/spark/rdd/RDDOperationScope$.$lessinit$greater$default$3-RDDOperationScope.scala-49-49=8
