org/apache/spark/rdd/RDD.doCheckpoint-RDD.scala-1800-1800=4
org/apache/spark/api/java/JavaPairRDD$.pairFunToScalaFun-JavaPairRDD.scala-1043-1043=1
org/apache/spark/rdd/MapPartitionsRDD.partitioner-MapPartitionsRDD.scala-47-47=1
org/apache/spark/mllib/tree/model/RandomForestModel$$anonfun$$lessinit$greater$1.apply-treeEnsembleModels.scala-52-52=1
org/apache/spark/rdd/PairRDDFunctions$$anonfun$collectAsMap$1.apply-PairRDDFunctions.scala-742-742=1
org/apache/spark/rdd/RDD.org$apache$spark$rdd$RDD$$partitions_-RDD.scala-242-242=62
org/apache/spark/rdd/RDD.org$apache$spark$rdd$RDD$$sc-RDD.scala-89-100=20
org/apache/spark/status/api/v1/InputMetrics.recordsRead-api.scala-238-238=30
org/apache/spark/status/api/v1/TaskMetrics.shuffleWriteMetrics-api.scala-234-234=93
org/apache/spark/status/api/v1/StageData.attemptId-api.scala-166-166=6
org/apache/spark/rdd/RDD$.CHECKPOINT_ALL_MARKED_ANCESTORS-RDD.scala-2006-2006=2
org/apache/spark/status/api/v1/ShuffleReadMetrics.remoteBytesReadToDisk-api.scala-249-249=26
org/apache/spark/mllib/tree/impurity/ImpurityAggregator.statsSize-Impurity.scala-63-63=67931
org/apache/spark/rdd/RDD.getNarrowAncestors-RDD.scala-320-335=2
org/apache/spark/rdd/HadoopRDD$$anonfun$convertSplitLocationInfo$1$$anonfun$apply$5.apply-HadoopRDD.scala-434-434=2
org/apache/spark/status/api/v1/TaskMetrics.memoryBytesSpilled-api.scala-228-228=32
org/apache/spark/rdd/RDD.isCheckpointedAndMaterialized-RDD.scala-1677-1677=3
org/apache/spark/mllib/tree/model/ImpurityStats.rightImpurityCalculator-InformationGainStats.scala-86-86=3
org/apache/spark/rdd/RDD.org$apache$spark$rdd$RDD$$doCheckpointCalled-RDD.scala-1792-1792=4
org/apache/spark/api/java/JavaRDD.rdd-JavaRDD.scala-30-30=1
org/apache/spark/status/api/v1/OutputMetrics.recordsWritten-api.scala-242-242=29
org/apache/spark/mllib/tree/configuration/Strategy.getNumClasses-Strategy.scala-74-74=1
org/apache/spark/mllib/tree/configuration/FeatureType$.Continuous-FeatureType.scala-30-30=40
org/apache/spark/rdd/RDD.creationSite-RDD.scala-1734-1734=7
org/apache/spark/mllib/tree/model/RandomForestModel$$anonfun$$lessinit$greater$1.apply$mcD$sp-treeEnsembleModels.scala-52-52=1
org/apache/spark/rdd/RDD$$anonfun$6.apply-RDD.scala-325-325=10
org/apache/spark/rdd/RDD.log-RDD.scala-77-77=1
org/apache/spark/rdd/RDD.unpersist$default$1-RDD.scala-215-215=1
org/apache/spark/rdd/RDD.org$apache$spark$rdd$RDD$$dependencies_-RDD.scala-241-241=87
org/apache/spark/rdd/MapPartitionsRDD$.$lessinit$greater$default$3-MapPartitionsRDD.scala-42-42=1
org/apache/spark/status/api/v1/TaskMetrics.executorCpuTime-api.scala-224-224=31
org/apache/spark/mllib/tree/configuration/EnsembleCombiningStrategy$.Vote-EnsembleCombiningStrategy.scala-25-25=1
org/apache/spark/rdd/RDDOperationScope.toJson-RDDOperationScope.scala-52-52=9
org/apache/spark/mllib/tree/DecisionTree$.trainClassifier-DecisionTree.scala-231-231=1
org/apache/spark/status/api/v1/InputMetrics.bytesRead-api.scala-237-237=36
org/apache/spark/rdd/RDD.getPreferredLocations-RDD.scala-137-137=8
org/apache/spark/status/api/v1/ExecutorSummary.hostPort-api.scala-78-78=147
org/apache/spark/rdd/RDD$$anonfun$doCheckpoint$1.apply-RDD.scala-1801-1801=4
org/apache/spark/rdd/MapPartitionsRDD$$anonfun$isBarrier_$1.apply-MapPartitionsRDD.scala-60-60=4
org/apache/spark/status/api/v1/ShuffleWriteMetrics.bytesWritten-api.scala-254-254=38
org/apache/spark/mllib/tree/model/RandomForestModel.numTrees-treeEnsembleModels.scala-377-377=1
org/apache/spark/rdd/RDD.context-RDD.scala-1772-1772=2
org/apache/spark/rdd/RDD.firstParent-RDD.scala-1763-1763=4
org/apache/spark/rdd/RDDOperationScope$.withScope-RDDOperationScope.scala-134-155=8
org/apache/spark/mllib/tree/model/TreeEnsembleModel.numTrees-treeEnsembleModels.scala-377-377=1
org/apache/spark/rdd/RDD.org$apache$spark$rdd$RDD$$stateLock-RDD.scala-237-237=4
org/apache/spark/rdd/RDDOperationScope.name-RDDOperationScope.scala-47-47=9
org/apache/spark/rdd/RDD$$anonfun$5.apply-RDD.scala-324-324=10
org/apache/spark/rdd/RDD.name-RDD.scala-153-153=7
org/apache/spark/mllib/tree/DecisionTree$.train-DecisionTree.scala-184-186=1
org/apache/spark/mllib/tree/impurity/ImpurityAggregator.merge-Impurity.scala-72-71=2951
org/apache/spark/rdd/RDD$$anonfun$dependencies$2.apply-RDD.scala-252-252=43
org/apache/spark/rdd/RDD.computeOrReadCheckpoint-RDD.scala-343-343=1
org/apache/spark/rdd/RDD.unpersist-RDD.scala-216-219=1
org/apache/spark/mllib/tree/impurity/ImpurityCalculator.stats-Impurity.scala-100-100=200798
org/apache/spark/rdd/RDD.org$apache$spark$internal$Logging$$log_-RDD.scala-77-77=2
org/apache/spark/status/api/v1/RDDPartitionInfo.executors-api.scala-161-161=2
org/apache/spark/status/api/v1/TaskMetrics.outputMetrics-api.scala-232-232=62
org/apache/spark/rdd/RDD.map-RDD.scala-392-392=1
org/apache/spark/rdd/RDD$$anonfun$37.apply-RDD.scala-1744-1744=4
org/apache/spark/api/java/JavaRDDLike$class.$init$-JavaRDDLike.scala-53-53=2
org/apache/spark/mllib/tree/model/ImpurityStats$.$lessinit$greater$default$6-InformationGainStats.scala-87-87=825
org/apache/spark/rdd/PairRDDFunctions$$anonfun$collectAsMap$1$$anonfun$apply$36.apply-PairRDDFunctions.scala-746-746=2
org/apache/spark/api/java/JavaPairRDD.mapToPair-JavaPairRDD.scala-45-45=1
org/apache/spark/util/JsonProtocol$$anonfun$rddInfoToJson$8.apply-JsonProtocol.scala-445-445=6
org/apache/spark/mllib/tree/DecisionTree$.trainClassifier-DecisionTree.scala-215-216=1
org/apache/spark/rdd/RDDOperationScope$.withScope$default$2-RDDOperationScope.scala-101-101=2
org/apache/spark/rdd/RDD.preferredLocations-RDD.scala-296-296=10
org/apache/spark/rdd/RDDOperationScope$$anonfun$3.apply-RDDOperationScope.scala-106-106=4
org/apache/spark/rdd/RDD$$anonfun$collect$1.apply-RDD.scala-990-991=1
org/apache/spark/rdd/PairRDDFunctions.collectAsMap-PairRDDFunctions.scala-742-742=1
org/apache/spark/mllib/tree/model/ImpurityStats$.getInvalidImpurityStats-InformationGainStats.scala-115-115=2145
org/apache/spark/rdd/RDD.org$apache$spark$rdd$RDD$$dependencies__$eq-RDD.scala-241-241=2
org/apache/spark/rdd/HadoopRDD$$anonfun$convertSplitLocationInfo$1$$anonfun$apply$5.apply-HadoopRDD.scala-435-434=2
org/apache/spark/util/JsonProtocol$$anonfun$rddInfoToJson$1.apply-JsonProtocol.scala-437-437=9
org/apache/spark/rdd/RDD$$anonfun$filter$1.apply-RDD.scala-409-409=1
org/apache/spark/status/api/v1/TaskMetrics.resultSerializationTime-api.scala-227-227=23
org/apache/spark/mllib/tree/model/ImpurityStats.impurity-InformationGainStats.scala-83-83=3047
org/apache/spark/api/java/JavaRDDLike$class.mapToPair-JavaRDDLike.scala-117-117=1
org/apache/spark/rdd/RDD.getStorageLevel-RDD.scala-223-223=12
org/apache/spark/rdd/MapPartitionsRDD.isCheckpointedAndMaterialized-MapPartitionsRDD.scala-1677-1677=3
org/apache/spark/rdd/RDD$$anonfun$doCheckpoint$1$$anonfun$apply$mcV$sp$2.apply-RDD.scala-1813-1813=6
org/apache/spark/rdd/RDDOperationScope$$anonfun$1.apply-RDDOperationScope.scala-104-104=8
org/apache/spark/rdd/RDD.sparkContext-RDD.scala-147-147=1
org/apache/spark/rdd/InputFileBlockHolder$.initialize-InputFileBlockHolder.scala-92-92=1
org/apache/spark/mllib/tree/model/ImpurityStats.leftImpurityCalculator-InformationGainStats.scala-85-85=3
org/apache/spark/rdd/HadoopRDD.getPreferredLocations-HadoopRDD.scala-354-360=2
org/apache/spark/util/JsonProtocol$$anonfun$rddInfoToJson$3.apply-JsonProtocol.scala-439-439=7
org/apache/spark/rdd/RDDOperationScope$.nextScopeId-RDDOperationScope.scala-90-90=6
org/apache/spark/rdd/RDD.checkpointData-RDD.scala-1751-1751=89
org/apache/spark/api/java/AbstractJavaRDDLike.mapToPair-JavaRDDLike.scala-45-45=1
org/apache/spark/status/api/v1/TaskMetrics.executorDeserializeTime-api.scala-221-221=31
org/apache/spark/rdd/MapPartitionsRDD.org$apache$spark$rdd$RDD$$dependencies_-MapPartitionsRDD.scala-241-241=6
org/apache/spark/rdd/RDD.org$apache$spark$internal$Logging$$log__$eq-RDD.scala-77-77=3
org/apache/spark/mllib/tree/RandomForest$$anonfun$run$1.apply-RandomForest.scala-96-96=2
org/apache/spark/mllib/tree/impurity/ImpurityCalculator.indexOfLargestArrayElement-Impurity.scala-165-177=81
org/apache/spark/rdd/MapPartitionsRDD.dependencies-MapPartitionsRDD.scala-252-252=3
org/apache/spark/mllib/tree/impurity/GiniAggregator.getCalculator-Gini.scala-82-82=5934
org/apache/spark/mllib/tree/model/ImpurityStats.impurityCalculator-InformationGainStats.scala-84-84=3128
org/apache/spark/rdd/RDDOperationScope$.fromJson-RDDOperationScope.scala-86-86=6
org/apache/spark/mllib/tree/configuration/Algo$.Classification-Algo.scala-30-30=3
org/apache/spark/rdd/RDD.partitions-RDD.scala-269-269=29
org/apache/spark/status/api/v1/ExecutorSummary.id-api.scala-77-77=146
org/apache/spark/status/api/v1/RDDStorageInfo.id-api.scala-132-132=3
org/apache/spark/rdd/RDD$$anonfun$org$apache$spark$rdd$RDD$$visit$1$1.apply-RDD.scala-327-328=5
org/apache/spark/mllib/tree/model/Node.org$apache$spark$internal$Logging$$log__$eq-Node.scala-44-44=81
org/apache/spark/rdd/RDD$$anonfun$collect$1$$anonfun$15.apply-RDD.scala-990-990=2
org/apache/spark/rdd/MapPartitionsRDD$.$lessinit$greater$default$5-MapPartitionsRDD.scala-44-44=2
org/apache/spark/status/api/v1/OutputMetrics.bytesWritten-api.scala-241-241=31
org/apache/spark/mllib/tree/model/TreeEnsembleModel.trees-treeEnsembleModels.scala-279-279=2
org/apache/spark/api/java/JavaPairRDD.vClassTag-JavaPairRDD.scala-46-46=1
org/apache/spark/status/api/v1/TaskMetrics.resultSize-api.scala-225-225=24
org/apache/spark/mllib/tree/model/RandomForestModel.algo-treeEnsembleModels.scala-50-50=1
org/apache/spark/status/api/v1/ShuffleReadMetrics.localBlocksFetched-api.scala-246-246=19
org/apache/spark/mllib/tree/model/ImpurityStats.rightImpurity-InformationGainStats.scala-100-100=1
org/apache/spark/rdd/RDDOperationScope$$anonfun$2.apply-RDDOperationScope.scala-105-105=12
org/apache/spark/rdd/RDD.id-RDD.scala-150-150=49
org/apache/spark/rdd/RDD.scope-RDD.scala-1743-1743=7
org/apache/spark/util/JsonProtocol$$anonfun$rddInfoToJson$5.apply-JsonProtocol.scala-440-440=7
org/apache/spark/status/api/v1/ShuffleWriteMetrics.writeTime-api.scala-255-255=24
org/apache/spark/status/api/v1/TaskMetrics.peakExecutionMemory-api.scala-230-230=24
org/apache/spark/rdd/MapPartitionsRDD$.$lessinit$greater$default$4-MapPartitionsRDD.scala-43-43=2
org/apache/spark/api/java/JavaSparkContext$.fakeClassTag-JavaSparkContext.scala-870-870=2
org/apache/spark/mllib/tree/model/ImpurityStats$.getEmptyImpurityStats-InformationGainStats.scala-124-124=2
org/apache/spark/status/api/v1/StageData.stageId-api.scala-165-165=6
org/apache/spark/rdd/RDD.elementClassTag-RDD.scala-1749-1749=4
org/apache/spark/mllib/tree/impurity/GiniCalculator.count-Gini.scala-133-133=6096
org/apache/spark/rdd/RDD$$anonfun$partitions$2$$anonfun$apply$3.apply-RDD.scala-274-274=8
org/apache/spark/rdd/RDD.withScope-RDD.scala-385-385=4
org/apache/spark/rdd/HadoopPartition.inputSplit-HadoopRDD.scala-51-51=2
org/apache/spark/status/api/v1/ShuffleReadMetrics.recordsRead-api.scala-251-251=35
org/apache/spark/rdd/RDD$$anonfun$org$apache$spark$rdd$RDD$$visit$1$1.apply-RDD.scala-326-326=5
org/apache/spark/rdd/HadoopRDD$$anonfun$convertSplitLocationInfo$1.apply-HadoopRDD.scala-434-434=4
org/apache/spark/mllib/tree/model/RandomForestModel.trees-treeEnsembleModels.scala-51-51=2
org/apache/spark/mllib/tree/DecisionTree.run-DecisionTree.scala-65-67=1
org/apache/spark/api/java/JavaPairRDD.kClassTag-JavaPairRDD.scala-46-46=1
org/apache/spark/rdd/RDD$$anonfun$map$1.apply-RDD.scala-392-392=1
org/apache/spark/rdd/RDD$$anonfun$preferredLocations$2.apply-RDD.scala-297-297=10
org/apache/spark/mllib/tree/configuration/Strategy.algo-Strategy.scala-71-71=2
org/apache/spark/api/java/JavaPairRDD.filter-JavaPairRDD.scala-99-99=1
org/apache/spark/rdd/RDD.org$apache$spark$rdd$RDD$$visit$1-RDD.scala-323-326=7
org/apache/spark/rdd/RDD.isBarrier-RDD.scala-1931-1931=7
org/apache/spark/rdd/HadoopPartition.index-HadoopRDD.scala-48-48=4
org/apache/spark/mllib/tree/model/TreeEnsembleModel.algo-treeEnsembleModels.scala-278-278=1
org/apache/spark/mllib/tree/model/ImpurityStats.leftImpurity-InformationGainStats.scala-94-94=1
org/apache/spark/rdd/RDD$$anonfun$collect$1.org$apache$spark$rdd$RDD$$anonfun$$$outer-RDD.scala-989-989=1
org/apache/spark/rdd/RDD.iterator-RDD.scala-307-307=2
org/apache/spark/rdd/RDD.filter-RDD.scala-409-409=1
org/apache/spark/api/java/JavaPairRDD.rdd-JavaPairRDD.scala-45-45=2
org/apache/spark/util/JsonProtocol$$anonfun$rddInfoToJson$7.apply-JsonProtocol.scala-444-444=4
org/apache/spark/rdd/RDDOperationScope$.$lessinit$greater$default$2-RDDOperationScope.scala-48-48=4
org/apache/spark/mllib/tree/model/Node$.leftChildIndex-Node.scala-190-190=40
org/apache/spark/mllib/tree/impurity/ImpurityCalculator$$anonfun$1.apply-Impurity.scala-165-165=3240
org/apache/spark/mllib/tree/configuration/Strategy.numClasses-Strategy.scala-74-74=1
org/apache/spark/util/JsonProtocol$$anonfun$rddInfoToJson$2.apply-JsonProtocol.scala-437-437=8
org/apache/spark/rdd/MapPartitionsRDD.getPartitions-MapPartitionsRDD.scala-49-49=2
org/apache/spark/status/api/v1/ShuffleReadMetrics.remoteBytesRead-api.scala-248-248=36
org/apache/spark/rdd/InputFileBlockHolder$.unset-InputFileBlockHolder.scala-86-86=2
org/apache/spark/status/api/v1/TaskMetrics.executorRunTime-api.scala-223-223=30
org/apache/spark/status/api/v1/TaskMetrics.inputMetrics-api.scala-231-231=67
org/apache/spark/util/JsonProtocol$$anonfun$rddInfoToJson$6.apply-JsonProtocol.scala-443-443=7
org/apache/spark/rdd/ShuffledRDDPartition.index-ShuffledRDD.scala-27-27=7
org/apache/spark/mllib/tree/model/ImpurityStats.valid-InformationGainStats.scala-87-87=41
org/apache/spark/mllib/tree/RandomForest.run-RandomForest.scala-94-96=1
org/apache/spark/rdd/RDD.org$apache$spark$rdd$RDD$$partitions__$eq-RDD.scala-242-242=2
org/apache/spark/status/api/v1/TaskMetrics.executorDeserializeCpuTime-api.scala-222-222=25
org/apache/spark/rdd/RDD.dependencies-RDD.scala-252-252=43
org/apache/spark/mllib/tree/model/ImpurityStats.gain-InformationGainStats.scala-82-82=3041
org/apache/spark/status/api/v1/ShuffleReadMetrics.fetchWaitTime-api.scala-247-247=23
org/apache/spark/rdd/RDD.logName-RDD.scala-77-77=1
org/apache/spark/rdd/MapPartitionsRDD.isBarrier_-MapPartitionsRDD.scala-60-60=7
org/apache/spark/status/api/v1/TaskMetrics.shuffleReadMetrics-api.scala-233-233=195
org/apache/spark/mllib/tree/DecisionTree.trainClassifier-DecisionTree.scala--1--1=1
org/apache/spark/status/api/v1/ShuffleReadMetrics.remoteBlocksFetched-api.scala-245-245=22
org/apache/spark/mllib/tree/model/Node$.rightChildIndex-Node.scala-195-195=40
org/apache/spark/status/api/v1/ShuffleWriteMetrics.recordsWritten-api.scala-256-256=31
org/apache/spark/status/api/v1/TaskMetrics.diskBytesSpilled-api.scala-229-229=33
org/apache/spark/rdd/RDD$$anonfun$partitions$2.apply-RDD.scala-269-269=29
org/apache/spark/rdd/RDDOperationScope.id-RDDOperationScope.scala-49-49=10
org/apache/spark/rdd/RDD$$anonfun$4.apply-RDD.scala-323-323=12
org/apache/spark/util/JsonProtocol$$anonfun$rddInfoToJson$4$$anonfun$apply$19.apply-JsonProtocol.scala-439-439=5
org/apache/spark/rdd/RDDOperationScope$.org$apache$spark$rdd$RDDOperationScope$$jsonMapper-RDDOperationScope.scala-82-82=16
org/apache/spark/mllib/tree/impurity/Gini$.calculate-Gini.scala-40-51=3794
org/apache/spark/rdd/RDDOperationScope$.withScope-RDDOperationScope.scala-102-112=4
org/apache/spark/util/JsonProtocol$$anonfun$rddInfoToJson$9.apply-JsonProtocol.scala-446-446=7
org/apache/spark/mllib/tree/impurity/GiniCalculator.predict-Gini.scala-138-138=81
org/apache/spark/status/api/v1/ShuffleReadMetrics.localBytesRead-api.scala-250-250=34
org/apache/spark/util/JsonProtocol$$anonfun$rddInfoToJson$4.apply-JsonProtocol.scala-439-439=6
org/apache/spark/rdd/RDD.collect-RDD.scala-989-989=1
org/apache/spark/rdd/RDDOperationScope$$anonfun$5.apply-RDDOperationScope.scala-137-137=8
org/apache/spark/rdd/RDD$$anonfun$doCheckpoint$1.apply$mcV$sp-RDD.scala-1801-1801=4
org/apache/spark/mllib/tree/impurity/ImpurityCalculator.subtract-Impurity.scala-133-142=2968
org/apache/spark/rdd/RDD$$anonfun$getNarrowAncestors$1.apply-RDD.scala-335-335=10
org/apache/spark/rdd/RDD.logInfo-RDD.scala-77-77=1
org/apache/spark/mllib/tree/model/RandomForestModel$$anonfun$4.apply-treeEnsembleModels.scala-56-56=2
org/apache/spark/rdd/RDD.org$apache$spark$rdd$RDD$$doCheckpointCalled_$eq-RDD.scala-1792-1792=3
org/apache/spark/mllib/tree/model/DecisionTreeModel.algo-DecisionTreeModel.scala-47-47=1
org/apache/spark/mllib/tree/impurity/GiniCalculator.calculate-Gini.scala-128-128=3794
org/apache/spark/rdd/MapPartitionsRDD.firstParent-MapPartitionsRDD.scala-1763-1763=2
org/apache/spark/rdd/HadoopRDD$.convertSplitLocationInfo-HadoopRDD.scala-434-434=2
org/apache/spark/rdd/RDDOperationScope.parent-RDDOperationScope.scala-48-48=9
org/apache/spark/rdd/RDD.initializeLogIfNecessary-RDD.scala-77-77=2
org/apache/spark/status/api/v1/JobData.jobId-api.scala-110-110=6
org/apache/spark/rdd/MapPartitionsRDD.checkpointData-MapPartitionsRDD.scala-1751-1751=8
org/apache/spark/status/api/v1/TaskMetrics.jvmGcTime-api.scala-226-226=22
org/apache/spark/rdd/MapPartitionsRDD.iterator-MapPartitionsRDD.scala-307-307=2
org/apache/spark/rdd/RDD.getDependencies-RDD.scala-132-132=2
org/apache/spark/rdd/RDDOperationScope$.$lessinit$greater$default$3-RDDOperationScope.scala-49-49=6
org/apache/spark/mllib/tree/impurity/GiniCalculator.prob-Gini.scala-148-147=81
