org/apache/spark/status/api/v1/OutputMetrics.bytesWritten-api.scala-241-241=182
org/apache/spark/rdd/CoalescedRDDPartition.parents_$eq-CoalescedRDD.scala-42-42=19
org/apache/spark/graphx/util/collection/GraphXPrimitiveKeyOpenHashMap.size-GraphXPrimitiveKeyOpenHashMap.scala-59-59=6
org/apache/spark/status/api/v1/TaskMetrics.resultSize-api.scala-225-225=136
org/apache/spark/rdd/ZippedPartitionsPartition$$anonfun$writeObject$1.apply-ZippedPartitionsRDD.scala-38-38=342
org/apache/spark/rdd/RDD.org$apache$spark$rdd$RDD$$partitions_-RDD.scala-242-242=1486
org/apache/spark/rdd/ZippedPartitionsPartition.index-ZippedPartitionsRDD.scala-33-33=15
org/apache/spark/status/api/v1/ShuffleReadMetrics.localBlocksFetched-api.scala-246-246=137
org/apache/spark/rdd/RDD.id-RDD.scala-150-150=400
org/apache/spark/status/api/v1/InputMetrics.recordsRead-api.scala-238-238=181
org/apache/spark/util/JsonProtocol$$anonfun$rddInfoToJson$5.apply-JsonProtocol.scala-440-440=190
org/apache/spark/status/api/v1/ShuffleWriteMetrics.writeTime-api.scala-255-255=138
org/apache/spark/status/api/v1/TaskMetrics.peakExecutionMemory-api.scala-230-230=134
org/apache/spark/rdd/CoalescedRDDPartition$$anonfun$writeObject$1$$anonfun$apply$mcV$sp$1.apply-CoalescedRDD.scala-47-47=60
org/apache/spark/graphx/GraphOps$$anonfun$degreesRDD$1.apply$mcIII$sp-GraphOps.scala-71-71=2
org/apache/spark/status/api/v1/TaskMetrics.shuffleWriteMetrics-api.scala-234-234=499
org/apache/spark/status/api/v1/StageData.attemptId-api.scala-166-166=26
org/apache/spark/rdd/ZippedPartitionsPartition$$anonfun$writeObject$1.apply$mcV$sp-ZippedPartitionsRDD.scala-40-41=342
org/apache/spark/graphx/impl/EdgePartition.aggregateMessagesEdgeScan-EdgePartition.scala-388-414=6
org/apache/spark/status/api/v1/StageData.stageId-api.scala-165-165=26
org/apache/spark/status/api/v1/ShuffleReadMetrics.remoteBytesReadToDisk-api.scala-249-249=135
org/apache/spark/rdd/RDD.elementClassTag-RDD.scala-1749-1749=7
org/apache/spark/graphx/impl/GraphImpl$$anonfun$13$$anonfun$apply$3$$anonfun$1.apply-GraphImpl.scala-211-211=6
org/apache/spark/graphx/impl/EdgePartition.indexSize-EdgePartition.scala-317-317=6
org/apache/spark/status/api/v1/TaskMetrics.memoryBytesSpilled-api.scala-228-228=184
org/apache/spark/rdd/RDD.isCheckpointedAndMaterialized-RDD.scala-1677-1677=4
org/apache/spark/graphx/util/collection/GraphXPrimitiveKeyOpenHashMap$mcJI$sp.keySet-GraphXPrimitiveKeyOpenHashMap.scala-34-34=8
org/apache/spark/rdd/ZippedPartitionsPartition.org$apache$spark$rdd$ZippedPartitionsPartition$$rdds-ZippedPartitionsRDD.scala-29-29=321
org/apache/spark/status/api/v1/ShuffleReadMetrics.recordsRead-api.scala-251-251=181
org/apache/spark/status/api/v1/OutputMetrics.recordsWritten-api.scala-242-242=182
org/apache/spark/rdd/ZippedPartitionsPartition.partitionValues_$eq-ZippedPartitionsRDD.scala-34-34=331
org/apache/spark/graphx/GraphOps$$anonfun$degreesRDD$4.apply-GraphOps.scala-71-71=10
org/apache/spark/rdd/CoalescedRDDPartition$$anonfun$writeObject$1.apply$mcV$sp-CoalescedRDD.scala-47-48=19
org/apache/spark/rdd/RDD$$anonfun$preferredLocations$2.apply-RDD.scala-297-297=40
org/apache/spark/rdd/RDD.org$apache$spark$rdd$RDD$$dependencies_-RDD.scala-241-241=134
org/apache/spark/status/api/v1/TaskMetrics.executorCpuTime-api.scala-224-224=163
org/apache/spark/graphx/impl/AggregatingEdgeContext.sendToDst-EdgePartition.scala-531-531=3
org/apache/spark/rdd/RDDOperationScope.toJson-RDDOperationScope.scala-52-52=96
org/apache/spark/graphx/impl/GraphImpl$$anonfun$13.apply-GraphImpl.scala-208-208=14
org/apache/spark/rdd/ZippedPartitionsPartition$$anonfun$writeObject$1$$anonfun$apply$mcV$sp$1.apply-ZippedPartitionsRDD.scala-40-40=1313
org/apache/spark/status/api/v1/InputMetrics.bytesRead-api.scala-237-237=181
org/apache/spark/rdd/RDD.getPreferredLocations-RDD.scala-137-137=20
org/apache/spark/rdd/ZippedPartitionsPartition.preferredLocations-ZippedPartitionsRDD.scala-30-30=20
org/apache/spark/status/api/v1/ExecutorSummary.hostPort-api.scala-78-78=23
org/apache/spark/rdd/ZippedPartitionsBaseRDD.getPreferredLocations-ZippedPartitionsRDD.scala-70-70=20
org/apache/spark/rdd/RDD.getOrCompute-RDD.scala-354-357=10
org/apache/spark/rdd/RDD.iterator-RDD.scala-307-307=17
org/apache/spark/rdd/ZippedPartitionsRDD2.getPreferredLocations-ZippedPartitionsRDD.scala-70-70=20
org/apache/spark/status/api/v1/ShuffleWriteMetrics.bytesWritten-api.scala-254-254=180
org/apache/spark/util/JsonProtocol$$anonfun$rddInfoToJson$7.apply-JsonProtocol.scala-444-444=192
org/apache/spark/rdd/CoalescedRDDPartition.parentsIndices-CoalescedRDD.scala-40-40=19
org/apache/spark/rdd/RDD.firstParent-RDD.scala-1763-1763=6
org/apache/spark/util/JsonProtocol$$anonfun$rddInfoToJson$2.apply-JsonProtocol.scala-437-437=192
org/apache/spark/status/api/v1/ShuffleReadMetrics.remoteBytesRead-api.scala-248-248=182
org/apache/spark/rdd/InputFileBlockHolder$.unset-InputFileBlockHolder.scala-86-86=3
org/apache/spark/graphx/impl/GraphImpl$$anonfun$13$$anonfun$apply$3.apply-GraphImpl.scala-208-208=14
org/apache/spark/status/api/v1/TaskMetrics.executorRunTime-api.scala-223-223=166
org/apache/spark/status/api/v1/TaskMetrics.inputMetrics-api.scala-231-231=358
org/apache/spark/rdd/RDDOperationScope.name-RDDOperationScope.scala-47-47=95
org/apache/spark/rdd/CoalescedRDDPartition.rdd-CoalescedRDD.scala-39-39=30
org/apache/spark/util/JsonProtocol$$anonfun$rddInfoToJson$6.apply-JsonProtocol.scala-443-443=192
org/apache/spark/rdd/RDD.computeOrReadCheckpoint-RDD.scala-343-343=8
org/apache/spark/rdd/RDD$$anonfun$dependencies$2.apply-RDD.scala-252-252=66
org/apache/spark/graphx/impl/GraphImpl$$anonfun$13$$anonfun$apply$3$$anonfun$1.apply$mcI$sp-GraphImpl.scala-211-211=6
org/apache/spark/status/api/v1/TaskMetrics.outputMetrics-api.scala-232-232=364
org/apache/spark/util/JsonProtocol$$anonfun$rddInfoToJson$8.apply-JsonProtocol.scala-445-445=192
org/apache/spark/rdd/CoalescedRDDPartition$$anonfun$writeObject$1.org$apache$spark$rdd$CoalescedRDDPartition$$anonfun$$$outer-CoalescedRDD.scala-45-45=30
org/apache/spark/graphx/impl/EdgePartition.size-EdgePartition.scala-314-314=15
org/apache/spark/rdd/ZippedPartitionsPartition$$anonfun$writeObject$1.org$apache$spark$rdd$ZippedPartitionsPartition$$anonfun$$$outer-ZippedPartitionsRDD.scala-38-38=662
org/apache/spark/rdd/CoalescedRDDPartition$$anonfun$writeObject$1.apply-CoalescedRDD.scala-45-45=19
org/apache/spark/status/api/v1/TaskMetrics.executorDeserializeCpuTime-api.scala-222-222=138
org/apache/spark/rdd/RDD.preferredLocations-RDD.scala-296-296=40
org/apache/spark/rdd/RDD.dependencies-RDD.scala-252-252=66
org/apache/spark/status/api/v1/ShuffleReadMetrics.fetchWaitTime-api.scala-247-247=136
org/apache/spark/rdd/RDD$$anonfun$mapPartitions$1$$anonfun$apply$23.apply-RDD.scala-823-823=10
org/apache/spark/graphx/impl/EdgePartition.numActives-EdgePartition.scala-118-118=4
org/apache/spark/status/api/v1/TaskMetrics.shuffleReadMetrics-api.scala-233-233=1086
org/apache/spark/status/api/v1/ShuffleReadMetrics.remoteBlocksFetched-api.scala-245-245=137
org/apache/spark/status/api/v1/ShuffleWriteMetrics.recordsWritten-api.scala-256-256=183
org/apache/spark/status/api/v1/TaskMetrics.diskBytesSpilled-api.scala-229-229=184
org/apache/spark/util/JsonProtocol$$anonfun$rddInfoToJson$1.apply-JsonProtocol.scala-437-437=192
org/apache/spark/graphx/impl/AggregatingEdgeContext.set-EdgePartition.scala-499-505=4
org/apache/spark/status/api/v1/TaskMetrics.resultSerializationTime-api.scala-227-227=138
org/apache/spark/rdd/RDD$$anonfun$partitions$2.apply-RDD.scala-269-269=744
org/apache/spark/rdd/RDD.getStorageLevel-RDD.scala-223-223=24
org/apache/spark/rdd/RDDOperationScope.id-RDDOperationScope.scala-49-49=96
org/apache/spark/util/JsonProtocol$$anonfun$rddInfoToJson$4$$anonfun$apply$19.apply-JsonProtocol.scala-439-439=192
org/apache/spark/rdd/InputFileBlockHolder$$anon$1.initialValue-InputFileBlockHolder.scala-53-53=1
org/apache/spark/rdd/RDDOperationScope$.org$apache$spark$rdd$RDDOperationScope$$jsonMapper-RDDOperationScope.scala-82-82=96
org/apache/spark/rdd/InputFileBlockHolder$.initialize-InputFileBlockHolder.scala-92-92=1
org/apache/spark/util/JsonProtocol$$anonfun$rddInfoToJson$9.apply-JsonProtocol.scala-446-446=192
org/apache/spark/util/JsonProtocol$$anonfun$rddInfoToJson$3.apply-JsonProtocol.scala-439-439=192
org/apache/spark/rdd/RDD.checkpointData-RDD.scala-1751-1751=854
org/apache/spark/status/api/v1/ShuffleReadMetrics.localBytesRead-api.scala-250-250=181
org/apache/spark/util/JsonProtocol$$anonfun$rddInfoToJson$4.apply-JsonProtocol.scala-439-439=190
org/apache/spark/rdd/MapPartitionsRDD.compute-MapPartitionsRDD.scala-52-52=9
org/apache/spark/status/api/v1/TaskMetrics.executorDeserializeTime-api.scala-221-221=160
org/apache/spark/graphx/GraphOps$$anonfun$degreesRDD$1.apply-GraphOps.scala-71-71=1
org/apache/spark/graphx/impl/EdgePartition$$anonfun$aggregateMessagesEdgeScan$1.apply-EdgePartition.scala-414-414=4
org/apache/spark/rdd/RDDOperationScope.parent-RDDOperationScope.scala-48-48=95
org/apache/spark/rdd/RDD.partitions-RDD.scala-269-269=752
org/apache/spark/rdd/RDD$$anon$1.next-RDD.scala-367-368=4
org/apache/spark/status/api/v1/JobData.jobId-api.scala-110-110=24
org/apache/spark/status/api/v1/ExecutorSummary.id-api.scala-77-77=22
org/apache/spark/status/api/v1/TaskMetrics.jvmGcTime-api.scala-226-226=137
org/apache/spark/status/api/v1/RDDStorageInfo.id-api.scala-132-132=6
org/apache/spark/graphx/util/collection/GraphXPrimitiveKeyOpenHashMap$mcJI$sp.keySet$mcJ$sp-GraphXPrimitiveKeyOpenHashMap.scala--1--1=5
