org/apache/spark/status/api/v1/OutputMetrics.bytesWritten-api.scala-241-241=30
org/apache/spark/status/api/v1/TaskMetrics.executorRunTime-api.scala-223-223=29
org/apache/spark/status/api/v1/TaskMetrics.inputMetrics-api.scala-231-231=58
org/apache/spark/rdd/RDDOperationScope.name-RDDOperationScope.scala-47-47=543
org/apache/spark/rdd/ZippedPartitionsPartition$$anonfun$writeObject$1.apply-ZippedPartitionsRDD.scala-38-38=29
org/apache/spark/rdd/RDD$$anonfun$5.apply-RDD.scala-324-324=140
org/apache/spark/util/JsonProtocol$$anonfun$rddInfoToJson$6.apply-JsonProtocol.scala-443-443=200
org/apache/spark/rdd/RDD.name-RDD.scala-153-153=56
org/apache/spark/rdd/RDD$$anonfun$dependencies$2.apply-RDD.scala-252-252=154
org/apache/spark/rdd/RDD.org$apache$spark$rdd$RDD$$partitions_-RDD.scala-242-242=323
org/apache/spark/rdd/ZippedPartitionsPartition.index-ZippedPartitionsRDD.scala-33-33=20
org/apache/spark/status/api/v1/TaskMetrics.outputMetrics-api.scala-232-232=60
org/apache/spark/rdd/RDD.id-RDD.scala-150-150=292
org/apache/spark/rdd/RDD.scope-RDD.scala-1743-1743=56
org/apache/spark/status/api/v1/InputMetrics.recordsRead-api.scala-238-238=30
org/apache/spark/util/JsonProtocol$$anonfun$rddInfoToJson$8.apply-JsonProtocol.scala-445-445=200
org/apache/spark/util/JsonProtocol$$anonfun$rddInfoToJson$5.apply-JsonProtocol.scala-440-440=200
org/apache/spark/rdd/ZippedPartitionsPartition$$anonfun$writeObject$1.org$apache$spark$rdd$ZippedPartitionsPartition$$anonfun$$$outer-ZippedPartitionsRDD.scala-38-38=61
org/apache/spark/status/api/v1/TaskMetrics.shuffleWriteMetrics-api.scala-234-234=60
org/apache/spark/rdd/RDD.preferredLocations-RDD.scala-296-296=40
org/apache/spark/rdd/RDD.dependencies-RDD.scala-252-252=154
org/apache/spark/status/api/v1/StageData.attemptId-api.scala-166-166=30
org/apache/spark/rdd/MapPartitionsRDD.isBarrier_-MapPartitionsRDD.scala-60-60=20
org/apache/spark/rdd/ZippedPartitionsPartition$$anonfun$writeObject$1.apply$mcV$sp-ZippedPartitionsRDD.scala-40-41=29
org/apache/spark/status/api/v1/StageData.stageId-api.scala-165-165=30
org/apache/spark/rdd/RDD.getNarrowAncestors-RDD.scala-320-335=1
org/apache/spark/status/api/v1/TaskMetrics.shuffleReadMetrics-api.scala-233-233=90
org/apache/spark/status/api/v1/TaskMetrics.memoryBytesSpilled-api.scala-228-228=30
org/apache/spark/status/api/v1/ShuffleWriteMetrics.recordsWritten-api.scala-256-256=30
org/apache/spark/status/api/v1/TaskMetrics.diskBytesSpilled-api.scala-229-229=30
org/apache/spark/util/JsonProtocol$$anonfun$rddInfoToJson$1.apply-JsonProtocol.scala-437-437=200
org/apache/spark/status/api/v1/ShuffleReadMetrics.recordsRead-api.scala-251-251=30
org/apache/spark/rdd/ZippedPartitionsPartition.org$apache$spark$rdd$ZippedPartitionsPartition$$rdds-ZippedPartitionsRDD.scala-29-29=31
org/apache/spark/status/api/v1/OutputMetrics.recordsWritten-api.scala-242-242=30
org/apache/spark/rdd/RDD$$anonfun$org$apache$spark$rdd$RDD$$visit$1$1.apply-RDD.scala-326-326=55
org/apache/spark/rdd/RDD.creationSite-RDD.scala-1734-1734=56
org/apache/spark/rdd/RDD$$anonfun$partitions$2.apply-RDD.scala-269-269=161
org/apache/spark/rdd/RDD.getStorageLevel-RDD.scala-223-223=59
org/apache/spark/rdd/ZippedPartitionsPartition.partitionValues_$eq-ZippedPartitionsRDD.scala-34-34=30
org/apache/spark/rdd/RDD$$anonfun$6.apply-RDD.scala-325-325=140
org/apache/spark/rdd/RDD$$anonfun$preferredLocations$2.apply-RDD.scala-297-297=40
org/apache/spark/rdd/RDDOperationScope.id-RDDOperationScope.scala-49-49=543
org/apache/spark/rdd/RDD$$anonfun$4.apply-RDD.scala-323-323=170
org/apache/spark/util/JsonProtocol$$anonfun$rddInfoToJson$4$$anonfun$apply$19.apply-JsonProtocol.scala-439-439=202
org/apache/spark/rdd/RDD.org$apache$spark$rdd$RDD$$dependencies_-RDD.scala-241-241=308
org/apache/spark/rdd/RDD.sparkContext-RDD.scala-147-147=1
org/apache/spark/status/api/v1/TaskMetrics.executorCpuTime-api.scala-224-224=29
org/apache/spark/rdd/RDDOperationScope$.org$apache$spark$rdd$RDDOperationScope$$jsonMapper-RDDOperationScope.scala-82-82=100
org/apache/spark/util/JsonProtocol$$anonfun$rddInfoToJson$9.apply-JsonProtocol.scala-446-446=200
org/apache/spark/util/JsonProtocol$$anonfun$rddInfoToJson$3.apply-JsonProtocol.scala-439-439=200
org/apache/spark/rdd/RDD.checkpointData-RDD.scala-1751-1751=356
org/apache/spark/status/api/v1/ShuffleReadMetrics.localBytesRead-api.scala-250-250=30
org/apache/spark/util/JsonProtocol$$anonfun$rddInfoToJson$4.apply-JsonProtocol.scala-439-439=202
org/apache/spark/rdd/RDDOperationScope.toJson-RDDOperationScope.scala-52-52=100
org/apache/spark/rdd/RDD.org$apache$spark$rdd$RDD$$visit$1-RDD.scala-323-326=56
org/apache/spark/rdd/RDD.isBarrier-RDD.scala-1931-1931=20
org/apache/spark/status/api/v1/InputMetrics.bytesRead-api.scala-237-237=29
org/apache/spark/rdd/ZippedPartitionsPartition$$anonfun$writeObject$1$$anonfun$apply$mcV$sp$1.apply-ZippedPartitionsRDD.scala-40-40=122
org/apache/spark/rdd/RDD.getPreferredLocations-RDD.scala-137-137=20
org/apache/spark/rdd/ZippedPartitionsPartition.preferredLocations-ZippedPartitionsRDD.scala-30-30=20
org/apache/spark/rdd/ZippedPartitionsBaseRDD.getPreferredLocations-ZippedPartitionsRDD.scala-70-70=20
org/apache/spark/rdd/RDD$$anonfun$getNarrowAncestors$1.apply-RDD.scala-335-335=110
org/apache/spark/rdd/ZippedPartitionsRDD2.getPreferredLocations-ZippedPartitionsRDD.scala-70-70=20
org/apache/spark/status/api/v1/ShuffleWriteMetrics.bytesWritten-api.scala-254-254=30
org/apache/spark/rdd/RDDOperationScope.parent-RDDOperationScope.scala-48-48=544
org/apache/spark/rdd/RDD.partitions-RDD.scala-269-269=161
org/apache/spark/util/JsonProtocol$$anonfun$rddInfoToJson$7.apply-JsonProtocol.scala-444-444=200
org/apache/spark/rdd/RDDOperationScope$$anonfun$getAllScopes$2.apply-RDDOperationScope.scala-61-61=443
org/apache/spark/rdd/RDD$$anonfun$org$apache$spark$rdd$RDD$$visit$1$1.apply-RDD.scala-327-328=55
org/apache/spark/rdd/RDDOperationScope.getAllScopes-RDDOperationScope.scala-61-61=443
org/apache/spark/util/JsonProtocol$$anonfun$rddInfoToJson$2.apply-JsonProtocol.scala-437-437=200
org/apache/spark/status/api/v1/ShuffleReadMetrics.remoteBytesRead-api.scala-248-248=30
