org/apache/spark/rdd/RDDOperationScope.name-RDDOperationScope.scala-47-47=559
org/apache/spark/rdd/ZippedPartitionsPartition$$anonfun$writeObject$1.apply-ZippedPartitionsRDD.scala-38-38=19
org/apache/spark/rdd/RDD$$anonfun$5.apply-RDD.scala-324-324=96
org/apache/spark/util/JsonProtocol$$anonfun$rddInfoToJson$6.apply-JsonProtocol.scala-443-443=216
org/apache/spark/rdd/RDD.name-RDD.scala-153-153=39
org/apache/spark/rdd/RDD$$anonfun$dependencies$2.apply-RDD.scala-252-252=120
org/apache/spark/rdd/RDD.org$apache$spark$rdd$RDD$$partitions_-RDD.scala-242-242=261
org/apache/spark/rdd/ZippedPartitionsPartition.index-ZippedPartitionsRDD.scala-33-33=20
org/apache/spark/rdd/RDD.id-RDD.scala-150-150=248
org/apache/spark/rdd/RDD.scope-RDD.scala-1743-1743=39
org/apache/spark/util/JsonProtocol$$anonfun$rddInfoToJson$8.apply-JsonProtocol.scala-445-445=215
org/apache/spark/util/JsonProtocol$$anonfun$rddInfoToJson$5.apply-JsonProtocol.scala-440-440=216
org/apache/spark/rdd/ZippedPartitionsPartition$$anonfun$writeObject$1.org$apache$spark$rdd$ZippedPartitionsPartition$$anonfun$$$outer-ZippedPartitionsRDD.scala-38-38=47
org/apache/spark/rdd/RDD.preferredLocations-RDD.scala-296-296=40
org/apache/spark/rdd/RDD.dependencies-RDD.scala-252-252=120
org/apache/spark/rdd/MapPartitionsRDD.isBarrier_-MapPartitionsRDD.scala-60-60=20
org/apache/spark/rdd/ZippedPartitionsPartition$$anonfun$writeObject$1.apply$mcV$sp-ZippedPartitionsRDD.scala-40-41=19
org/apache/spark/rdd/RDD.getNarrowAncestors-RDD.scala-320-335=1
org/apache/spark/util/JsonProtocol$$anonfun$rddInfoToJson$1.apply-JsonProtocol.scala-437-437=214
org/apache/spark/rdd/ZippedPartitionsPartition.org$apache$spark$rdd$ZippedPartitionsPartition$$rdds-ZippedPartitionsRDD.scala-29-29=24
org/apache/spark/rdd/RDD$$anonfun$org$apache$spark$rdd$RDD$$visit$1$1.apply-RDD.scala-326-326=38
org/apache/spark/rdd/RDD.creationSite-RDD.scala-1734-1734=39
org/apache/spark/rdd/RDD$$anonfun$partitions$2.apply-RDD.scala-269-269=130
org/apache/spark/rdd/RDD.getStorageLevel-RDD.scala-223-223=42
org/apache/spark/rdd/ZippedPartitionsPartition.partitionValues_$eq-ZippedPartitionsRDD.scala-34-34=23
org/apache/spark/rdd/RDD$$anonfun$6.apply-RDD.scala-325-325=96
org/apache/spark/rdd/RDD$$anonfun$preferredLocations$2.apply-RDD.scala-297-297=40
org/apache/spark/rdd/RDDOperationScope.id-RDDOperationScope.scala-49-49=559
org/apache/spark/rdd/RDD$$anonfun$4.apply-RDD.scala-323-323=116
org/apache/spark/util/JsonProtocol$$anonfun$rddInfoToJson$4$$anonfun$apply$19.apply-JsonProtocol.scala-439-439=215
org/apache/spark/rdd/RDD.org$apache$spark$rdd$RDD$$dependencies_-RDD.scala-241-241=240
org/apache/spark/rdd/RDD.sparkContext-RDD.scala-147-147=1
org/apache/spark/rdd/RDDOperationScope$.org$apache$spark$rdd$RDDOperationScope$$jsonMapper-RDDOperationScope.scala-82-82=107
org/apache/spark/util/JsonProtocol$$anonfun$rddInfoToJson$9.apply-JsonProtocol.scala-446-446=214
org/apache/spark/util/JsonProtocol$$anonfun$rddInfoToJson$3.apply-JsonProtocol.scala-439-439=214
org/apache/spark/rdd/RDD.checkpointData-RDD.scala-1751-1751=291
org/apache/spark/util/JsonProtocol$$anonfun$rddInfoToJson$4.apply-JsonProtocol.scala-439-439=216
org/apache/spark/rdd/RDDOperationScope.toJson-RDDOperationScope.scala-52-52=107
org/apache/spark/rdd/RDD.org$apache$spark$rdd$RDD$$visit$1-RDD.scala-323-326=39
org/apache/spark/rdd/RDD.isBarrier-RDD.scala-1931-1931=20
org/apache/spark/rdd/RDD.getPreferredLocations-RDD.scala-137-137=20
org/apache/spark/rdd/ZippedPartitionsPartition.preferredLocations-ZippedPartitionsRDD.scala-30-30=20
org/apache/spark/rdd/ZippedPartitionsPartition$$anonfun$writeObject$1$$anonfun$apply$mcV$sp$1.apply-ZippedPartitionsRDD.scala-40-40=94
org/apache/spark/rdd/ZippedPartitionsBaseRDD.getPreferredLocations-ZippedPartitionsRDD.scala-70-70=20
org/apache/spark/rdd/RDD$$anonfun$getNarrowAncestors$1.apply-RDD.scala-335-335=76
org/apache/spark/rdd/ZippedPartitionsRDD2.getPreferredLocations-ZippedPartitionsRDD.scala-70-70=20
org/apache/spark/rdd/RDDOperationScope.parent-RDDOperationScope.scala-48-48=558
org/apache/spark/rdd/RDD.partitions-RDD.scala-269-269=130
org/apache/spark/status/api/v1/JobData.jobId-api.scala-110-110=1
org/apache/spark/util/JsonProtocol$$anonfun$rddInfoToJson$7.apply-JsonProtocol.scala-444-444=216
org/apache/spark/rdd/RDDOperationScope$$anonfun$getAllScopes$2.apply-RDDOperationScope.scala-61-61=451
org/apache/spark/status/api/v1/RDDStorageInfo.id-api.scala-132-132=9
org/apache/spark/rdd/RDD$$anonfun$org$apache$spark$rdd$RDD$$visit$1$1.apply-RDD.scala-327-328=38
org/apache/spark/rdd/RDDOperationScope.getAllScopes-RDDOperationScope.scala-61-61=452
org/apache/spark/util/JsonProtocol$$anonfun$rddInfoToJson$2.apply-JsonProtocol.scala-437-437=214
