org/apache/spark/status/api/v1/OutputMetrics.bytesWritten-api.scala-241-241=860
org/apache/spark/status/api/v1/TaskMetrics.resultSize-api.scala-225-225=713
org/apache/spark/graphx/impl/EdgeRDDImpl$$anonfun$mapEdgePartitions$1.apply-EdgeRDDImpl.scala-120-120=12
org/apache/spark/graphx/util/collection/GraphXPrimitiveKeyOpenHashMap.size-GraphXPrimitiveKeyOpenHashMap.scala-59-59=16
org/apache/spark/rdd/CoalescedRDDPartition.parents_$eq-CoalescedRDD.scala-42-42=20
org/apache/spark/graphx/impl/EdgeRDDImpl$$anonfun$mapEdgePartitions$1.apply-EdgeRDDImpl.scala-119-119=11
org/apache/spark/rdd/RDD.org$apache$spark$rdd$RDD$$partitions_-RDD.scala-242-242=510
org/apache/spark/status/api/v1/ShuffleReadMetrics.localBlocksFetched-api.scala-246-246=726
org/apache/spark/graphx/GraphOps$$anonfun$degreesRDD$5.apply-GraphOps.scala-73-73=87
org/apache/spark/rdd/RDD.id-RDD.scala-150-150=669
org/apache/spark/rdd/RDD.scope-RDD.scala-1743-1743=6
org/apache/spark/status/api/v1/InputMetrics.recordsRead-api.scala-238-238=857
org/apache/spark/util/JsonProtocol$$anonfun$rddInfoToJson$5.apply-JsonProtocol.scala-440-440=36
org/apache/spark/status/api/v1/ShuffleWriteMetrics.writeTime-api.scala-255-255=721
org/apache/spark/status/api/v1/TaskMetrics.peakExecutionMemory-api.scala-230-230=718
org/apache/spark/rdd/CoalescedRDDPartition$$anonfun$writeObject$1$$anonfun$apply$mcV$sp$1.apply-CoalescedRDD.scala-47-47=70
org/apache/spark/graphx/GraphOps$$anonfun$degreesRDD$1.apply$mcIII$sp-GraphOps.scala-71-71=11
org/apache/spark/status/api/v1/TaskMetrics.shuffleWriteMetrics-api.scala-234-234=2443
org/apache/spark/status/api/v1/StageData.attemptId-api.scala-166-166=97
org/apache/spark/graphx/impl/EdgePartition.aggregateMessagesEdgeScan-EdgePartition.scala-388-414=23
org/apache/spark/status/api/v1/StageData.stageId-api.scala-165-165=99
org/apache/spark/status/api/v1/ShuffleReadMetrics.remoteBytesReadToDisk-api.scala-249-249=718
org/apache/spark/rdd/RDD.getNarrowAncestors-RDD.scala-320-335=1
org/apache/spark/rdd/RDD.elementClassTag-RDD.scala-1749-1749=21
org/apache/spark/graphx/impl/GraphImpl$$anonfun$13$$anonfun$apply$3$$anonfun$1.apply-GraphImpl.scala-211-211=19
org/apache/spark/graphx/impl/EdgePartition.indexSize-EdgePartition.scala-317-317=18
org/apache/spark/status/api/v1/TaskMetrics.memoryBytesSpilled-api.scala-228-228=859
org/apache/spark/rdd/RDD.isCheckpointedAndMaterialized-RDD.scala-1677-1677=22
org/apache/spark/graphx/util/collection/GraphXPrimitiveKeyOpenHashMap$mcJI$sp.keySet-GraphXPrimitiveKeyOpenHashMap.scala-34-34=21
org/apache/spark/graphx/impl/AggregatingEdgeContext.sendToSrc-EdgePartition.scala-528-528=44
org/apache/spark/status/api/v1/ShuffleReadMetrics.recordsRead-api.scala-251-251=861
org/apache/spark/rdd/RDD$$anonfun$org$apache$spark$rdd$RDD$$visit$1$1.apply-RDD.scala-326-326=5
org/apache/spark/status/api/v1/OutputMetrics.recordsWritten-api.scala-242-242=863
org/apache/spark/rdd/RDD.creationSite-RDD.scala-1734-1734=6
org/apache/spark/rdd/RDD$$anonfun$6.apply-RDD.scala-325-325=10
org/apache/spark/rdd/CoalescedRDDPartition$$anonfun$writeObject$1.apply$mcV$sp-CoalescedRDD.scala-47-48=18
org/apache/spark/graphx/GraphOps$$anonfun$degreesRDD$4.apply-GraphOps.scala-71-71=54
org/apache/spark/rdd/RDD$$anonfun$preferredLocations$2.apply-RDD.scala-297-297=160
org/apache/spark/graphx/impl/EdgePartition$mcI$sp.withoutVertexAttributes-EdgePartition.scala-99-99=11
org/apache/spark/rdd/RDD.org$apache$spark$rdd$RDD$$dependencies_-RDD.scala-241-241=480
org/apache/spark/status/api/v1/TaskMetrics.executorCpuTime-api.scala-224-224=815
org/apache/spark/graphx/impl/AggregatingEdgeContext.sendToDst-EdgePartition.scala-531-531=28
org/apache/spark/rdd/RDDOperationScope.toJson-RDDOperationScope.scala-52-52=18
org/apache/spark/rdd/RDD.org$apache$spark$rdd$RDD$$visit$1-RDD.scala-323-326=6
org/apache/spark/rdd/RDD.isBarrier-RDD.scala-1931-1931=20
org/apache/spark/graphx/impl/GraphImpl$$anonfun$13.apply-GraphImpl.scala-208-208=41
org/apache/spark/status/api/v1/InputMetrics.bytesRead-api.scala-237-237=859
org/apache/spark/rdd/RDD.getPreferredLocations-RDD.scala-137-137=100
org/apache/spark/rdd/ZippedPartitionsPartition.preferredLocations-ZippedPartitionsRDD.scala-30-30=40
org/apache/spark/status/api/v1/ExecutorSummary.hostPort-api.scala-78-78=60
org/apache/spark/rdd/ZippedPartitionsBaseRDD.getPreferredLocations-ZippedPartitionsRDD.scala-70-70=40
org/apache/spark/rdd/RDD.getOrCompute-RDD.scala-354-357=26
org/apache/spark/rdd/RDD.iterator-RDD.scala-307-307=49
org/apache/spark/rdd/ZippedPartitionsRDD2.getPreferredLocations-ZippedPartitionsRDD.scala-70-70=40
org/apache/spark/status/api/v1/ShuffleWriteMetrics.bytesWritten-api.scala-254-254=859
org/apache/spark/util/JsonProtocol$$anonfun$rddInfoToJson$7.apply-JsonProtocol.scala-444-444=36
org/apache/spark/rdd/CoalescedRDDPartition.parentsIndices-CoalescedRDD.scala-40-40=15
org/apache/spark/rdd/RDD.firstParent-RDD.scala-1763-1763=25
org/apache/spark/util/JsonProtocol$$anonfun$rddInfoToJson$2.apply-JsonProtocol.scala-437-437=36
org/apache/spark/status/api/v1/ShuffleReadMetrics.remoteBytesRead-api.scala-248-248=859
org/apache/spark/rdd/InputFileBlockHolder$.unset-InputFileBlockHolder.scala-86-86=8
org/apache/spark/rdd/RDDOperationScope.name-RDDOperationScope.scala-47-47=18
org/apache/spark/status/api/v1/TaskMetrics.executorRunTime-api.scala-223-223=810
org/apache/spark/status/api/v1/TaskMetrics.inputMetrics-api.scala-231-231=1718
org/apache/spark/graphx/impl/GraphImpl$$anonfun$13$$anonfun$apply$3.apply-GraphImpl.scala-208-208=30
org/apache/spark/rdd/RDD$$anonfun$5.apply-RDD.scala-324-324=10
org/apache/spark/rdd/CoalescedRDDPartition.rdd-CoalescedRDD.scala-39-39=35
org/apache/spark/rdd/RDD.name-RDD.scala-153-153=6
org/apache/spark/util/JsonProtocol$$anonfun$rddInfoToJson$6.apply-JsonProtocol.scala-443-443=36
org/apache/spark/rdd/ShuffledRDDPartition.index-ShuffledRDD.scala-27-27=20
org/apache/spark/rdd/RDD$$anonfun$dependencies$2.apply-RDD.scala-252-252=238
org/apache/spark/rdd/RDD.computeOrReadCheckpoint-RDD.scala-343-343=30
org/apache/spark/graphx/GraphOps$$anonfun$degreesRDD$2.apply$mcIII$sp-GraphOps.scala-73-73=19
org/apache/spark/graphx/impl/GraphImpl$$anonfun$13$$anonfun$apply$3$$anonfun$1.apply$mcI$sp-GraphImpl.scala-211-211=22
org/apache/spark/status/api/v1/RDDPartitionInfo.executors-api.scala-161-161=18
org/apache/spark/status/api/v1/TaskMetrics.outputMetrics-api.scala-232-232=1722
org/apache/spark/status/api/v1/RDDPartitionInfo.diskUsed-api.scala-160-160=17
org/apache/spark/util/JsonProtocol$$anonfun$rddInfoToJson$8.apply-JsonProtocol.scala-445-445=36
org/apache/spark/rdd/CoalescedRDDPartition.index-CoalescedRDD.scala-38-38=66
org/apache/spark/rdd/CoalescedRDDPartition$$anonfun$writeObject$1.org$apache$spark$rdd$CoalescedRDDPartition$$anonfun$$$outer-CoalescedRDD.scala-45-45=36
org/apache/spark/graphx/impl/EdgePartition.size-EdgePartition.scala-314-314=94
org/apache/spark/rdd/CoalescedRDDPartition$$anonfun$writeObject$1.apply-CoalescedRDD.scala-45-45=17
org/apache/spark/status/api/v1/TaskMetrics.executorDeserializeCpuTime-api.scala-222-222=706
org/apache/spark/rdd/RDD.preferredLocations-RDD.scala-296-296=160
org/apache/spark/rdd/RDD.dependencies-RDD.scala-252-252=238
org/apache/spark/status/api/v1/ShuffleReadMetrics.fetchWaitTime-api.scala-247-247=714
org/apache/spark/rdd/MapPartitionsRDD.isBarrier_-MapPartitionsRDD.scala-60-60=20
org/apache/spark/rdd/RDD$$anonfun$mapPartitions$1$$anonfun$apply$23.apply-RDD.scala-823-823=54
org/apache/spark/graphx/impl/GraphImpl$$anonfun$14.apply-GraphImpl.scala-333-333=21
org/apache/spark/graphx/impl/EdgePartition.numActives-EdgePartition.scala-118-118=23
org/apache/spark/rdd/ShuffledRDD.getPreferredLocations-ShuffledRDD.scala-97-99=20
org/apache/spark/status/api/v1/TaskMetrics.shuffleReadMetrics-api.scala-233-233=5474
org/apache/spark/status/api/v1/RDDPartitionInfo.memoryUsed-api.scala-159-159=17
org/apache/spark/status/api/v1/ShuffleReadMetrics.remoteBlocksFetched-api.scala-245-245=718
org/apache/spark/status/api/v1/ShuffleWriteMetrics.recordsWritten-api.scala-256-256=856
org/apache/spark/util/JsonProtocol$$anonfun$rddInfoToJson$1.apply-JsonProtocol.scala-437-437=36
org/apache/spark/status/api/v1/TaskMetrics.diskBytesSpilled-api.scala-229-229=859
org/apache/spark/graphx/impl/AggregatingEdgeContext.set-EdgePartition.scala-499-505=71
org/apache/spark/status/api/v1/TaskMetrics.resultSerializationTime-api.scala-227-227=720
org/apache/spark/rdd/RDD$$anonfun$partitions$2.apply-RDD.scala-269-269=254
org/apache/spark/rdd/RDD.getStorageLevel-RDD.scala-223-223=36
org/apache/spark/rdd/RDDOperationScope.id-RDDOperationScope.scala-49-49=18
org/apache/spark/rdd/RDD$$anonfun$4.apply-RDD.scala-323-323=10
org/apache/spark/util/JsonProtocol$$anonfun$rddInfoToJson$4$$anonfun$apply$19.apply-JsonProtocol.scala-439-439=36
org/apache/spark/rdd/InputFileBlockHolder$$anon$1.initialValue-InputFileBlockHolder.scala-53-53=8
org/apache/spark/rdd/RDD.sparkContext-RDD.scala-147-147=1
org/apache/spark/rdd/RDDOperationScope$.org$apache$spark$rdd$RDDOperationScope$$jsonMapper-RDDOperationScope.scala-82-82=18
org/apache/spark/graphx/impl/EdgePartition$mcI$sp.withoutVertexAttributes$mcI$sp-EdgePartition.scala-100-101=11
org/apache/spark/rdd/InputFileBlockHolder$.initialize-InputFileBlockHolder.scala-92-92=7
org/apache/spark/util/JsonProtocol$$anonfun$rddInfoToJson$9.apply-JsonProtocol.scala-446-446=36
org/apache/spark/util/JsonProtocol$$anonfun$rddInfoToJson$3.apply-JsonProtocol.scala-439-439=36
org/apache/spark/rdd/RDD.checkpointData-RDD.scala-1751-1751=671
org/apache/spark/util/JsonProtocol$$anonfun$rddInfoToJson$4.apply-JsonProtocol.scala-439-439=36
org/apache/spark/status/api/v1/ShuffleReadMetrics.localBytesRead-api.scala-250-250=864
org/apache/spark/rdd/MapPartitionsRDD.compute-MapPartitionsRDD.scala-52-52=30
org/apache/spark/status/api/v1/TaskMetrics.executorDeserializeTime-api.scala-221-221=817
org/apache/spark/graphx/GraphOps$$anonfun$degreesRDD$1.apply-GraphOps.scala-71-71=32
org/apache/spark/rdd/RDD$$anonfun$getNarrowAncestors$1.apply-RDD.scala-335-335=10
org/apache/spark/graphx/impl/EdgePartition$$anonfun$aggregateMessagesEdgeScan$1.apply-EdgePartition.scala-414-414=36
org/apache/spark/rdd/RDDOperationScope.parent-RDDOperationScope.scala-48-48=18
org/apache/spark/rdd/RDD.partitions-RDD.scala-269-269=252
org/apache/spark/rdd/RDD$$anon$1.next-RDD.scala-367-368=22
org/apache/spark/status/api/v1/JobData.jobId-api.scala-110-110=43
org/apache/spark/status/api/v1/ExecutorSummary.id-api.scala-77-77=61
org/apache/spark/rdd/RDD$$anonfun$7.apply-RDD.scala-357-357=6
org/apache/spark/graphx/GraphOps$$anonfun$degreesRDD$2.apply-GraphOps.scala-73-73=36
org/apache/spark/status/api/v1/TaskMetrics.jvmGcTime-api.scala-226-226=717
org/apache/spark/status/api/v1/RDDStorageInfo.id-api.scala-132-132=110
org/apache/spark/rdd/RDD$$anonfun$org$apache$spark$rdd$RDD$$visit$1$1.apply-RDD.scala-327-328=5
org/apache/spark/graphx/util/collection/GraphXPrimitiveKeyOpenHashMap$mcJI$sp.keySet$mcJ$sp-GraphXPrimitiveKeyOpenHashMap.scala--1--1=19
