org/apache/spark/status/api/v1/OutputMetrics.bytesWritten-api.scala-241-241=204
org/apache/spark/graphx/impl/EdgePartition$mcI$sp.updateVertices-EdgePartition.scala-86-86=3
org/apache/spark/rdd/CoalescedRDDPartition.parents_$eq-CoalescedRDD.scala-42-42=20
org/apache/spark/status/api/v1/TaskMetrics.resultSize-api.scala-225-225=119
org/apache/spark/graphx/util/collection/GraphXPrimitiveKeyOpenHashMap.size-GraphXPrimitiveKeyOpenHashMap.scala-59-59=9
org/apache/spark/rdd/ZippedPartitionsPartition$$anonfun$writeObject$1.apply-ZippedPartitionsRDD.scala-38-38=480
org/apache/spark/rdd/ZippedPartitionsRDD2.rdd1-ZippedPartitionsRDD.scala-82-82=6
org/apache/spark/graphx/util/collection/GraphXPrimitiveKeyOpenHashMap$mcJI$sp.apply$mcJI$sp-GraphXPrimitiveKeyOpenHashMap.scala-63-64=1
org/apache/spark/rdd/RDD.org$apache$spark$rdd$RDD$$partitions_-RDD.scala-242-242=2106
org/apache/spark/rdd/ZippedPartitionsPartition.index-ZippedPartitionsRDD.scala-33-33=40
org/apache/spark/status/api/v1/ShuffleReadMetrics.localBlocksFetched-api.scala-246-246=116
org/apache/spark/graphx/Edge.srcId_$eq-Edge.scala-33-33=5
org/apache/spark/rdd/RDD.id-RDD.scala-150-150=328
org/apache/spark/rdd/RDD.scope-RDD.scala-1743-1743=61
org/apache/spark/status/api/v1/InputMetrics.recordsRead-api.scala-238-238=201
org/apache/spark/rdd/ZippedPartitionsRDD2.f-ZippedPartitionsRDD.scala-81-81=5
org/apache/spark/util/JsonProtocol$$anonfun$rddInfoToJson$5.apply-JsonProtocol.scala-440-440=990
org/apache/spark/status/api/v1/ShuffleWriteMetrics.writeTime-api.scala-255-255=118
org/apache/spark/status/api/v1/TaskMetrics.peakExecutionMemory-api.scala-230-230=120
org/apache/spark/rdd/CoalescedRDDPartition$$anonfun$writeObject$1$$anonfun$apply$mcV$sp$1.apply-CoalescedRDD.scala-47-47=64
org/apache/spark/status/api/v1/TaskMetrics.shuffleWriteMetrics-api.scala-234-234=511
org/apache/spark/status/api/v1/StageData.attemptId-api.scala-166-166=66
org/apache/spark/rdd/ZippedPartitionsPartition$$anonfun$writeObject$1.apply$mcV$sp-ZippedPartitionsRDD.scala-40-41=480
org/apache/spark/graphx/impl/EdgePartition.aggregateMessagesEdgeScan-EdgePartition.scala-388-414=5
org/apache/spark/status/api/v1/StageData.stageId-api.scala-165-165=65
org/apache/spark/status/api/v1/ShuffleReadMetrics.remoteBytesReadToDisk-api.scala-249-249=115
org/apache/spark/rdd/RDD.getNarrowAncestors-RDD.scala-320-335=1
org/apache/spark/rdd/RDD.elementClassTag-RDD.scala-1749-1749=9
org/apache/spark/graphx/impl/EdgePartition.indexSize-EdgePartition.scala-317-317=9
org/apache/spark/graphx/impl/GraphImpl$$anonfun$13$$anonfun$apply$3$$anonfun$1.apply-GraphImpl.scala-211-211=9
org/apache/spark/graphx/impl/VertexAttributeBlock.attrs-ShippableVertexPartition.scala-28-28=2
org/apache/spark/graphx/impl/VertexAttributeBlock$$anonfun$iterator$1.apply-ShippableVertexPartition.scala-31-31=6
org/apache/spark/status/api/v1/TaskMetrics.memoryBytesSpilled-api.scala-228-228=204
org/apache/spark/rdd/RDD.isCheckpointedAndMaterialized-RDD.scala-1677-1677=26
org/apache/spark/rdd/ZippedPartitionsRDD2.compute-ZippedPartitionsRDD.scala-88-89=3
org/apache/spark/graphx/util/collection/GraphXPrimitiveKeyOpenHashMap$mcJI$sp.keySet-GraphXPrimitiveKeyOpenHashMap.scala-34-34=18
org/apache/spark/graphx/EdgeTriplet.dstAttr_$eq-EdgeTriplet.scala-35-35=6
org/apache/spark/status/api/v1/ShuffleReadMetrics.recordsRead-api.scala-251-251=199
org/apache/spark/rdd/ZippedPartitionsPartition.org$apache$spark$rdd$ZippedPartitionsPartition$$rdds-ZippedPartitionsRDD.scala-29-29=454
org/apache/spark/rdd/RDD$$anonfun$org$apache$spark$rdd$RDD$$visit$1$1.apply-RDD.scala-326-326=60
org/apache/spark/status/api/v1/OutputMetrics.recordsWritten-api.scala-242-242=201
org/apache/spark/rdd/RDD.creationSite-RDD.scala-1734-1734=61
org/apache/spark/rdd/ZippedPartitionsPartition.partitionValues_$eq-ZippedPartitionsRDD.scala-34-34=462
org/apache/spark/graphx/impl/AggregatingEdgeContext.srcAttr-EdgePartition.scala-523-523=6
org/apache/spark/rdd/RDD$$anonfun$6.apply-RDD.scala-325-325=120
org/apache/spark/rdd/CoalescedRDDPartition$$anonfun$writeObject$1.apply$mcV$sp-CoalescedRDD.scala-47-48=20
org/apache/spark/rdd/RDD$$anonfun$preferredLocations$2.apply-RDD.scala-297-297=40
org/apache/spark/rdd/RDD.org$apache$spark$rdd$RDD$$dependencies_-RDD.scala-241-241=353
org/apache/spark/status/api/v1/TaskMetrics.executorCpuTime-api.scala-224-224=186
org/apache/spark/graphx/EdgeTriplet.dstAttr-EdgeTriplet.scala-35-35=10
org/apache/spark/graphx/lib/StronglyConnectedComponents$$anonfun$10.apply-StronglyConnectedComponents.scala-113-112=3
org/apache/spark/rdd/RDDOperationScope.toJson-RDDOperationScope.scala-52-52=491
org/apache/spark/graphx/GraphXUtils$$anonfun$mapReduceTriplets$1.apply-GraphXUtils.scala-70-70=7
org/apache/spark/rdd/RDD.org$apache$spark$rdd$RDD$$visit$1-RDD.scala-323-326=61
org/apache/spark/rdd/RDD.isBarrier-RDD.scala-1931-1931=20
org/apache/spark/graphx/impl/GraphImpl$$anonfun$13.apply-GraphImpl.scala-208-208=18
org/apache/spark/status/api/v1/InputMetrics.bytesRead-api.scala-237-237=201
org/apache/spark/rdd/ZippedPartitionsPartition$$anonfun$writeObject$1$$anonfun$apply$mcV$sp$1.apply-ZippedPartitionsRDD.scala-40-40=1839
org/apache/spark/rdd/RDD.getPreferredLocations-RDD.scala-137-137=20
org/apache/spark/rdd/ZippedPartitionsPartition.preferredLocations-ZippedPartitionsRDD.scala-30-30=20
org/apache/spark/status/api/v1/ExecutorSummary.hostPort-api.scala-78-78=31
org/apache/spark/rdd/ZippedPartitionsBaseRDD.getPreferredLocations-ZippedPartitionsRDD.scala-70-70=20
org/apache/spark/graphx/GraphXUtils$.org$apache$spark$graphx$GraphXUtils$$sendMsg$1-GraphXUtils.scala-58-58=5
org/apache/spark/rdd/RDD.getOrCompute-RDD.scala-354-357=11
org/apache/spark/rdd/RDD.iterator-RDD.scala-307-307=24
org/apache/spark/rdd/ZippedPartitionsPartition.partitions-ZippedPartitionsRDD.scala-35-35=6
org/apache/spark/rdd/ZippedPartitionsRDD2.getPreferredLocations-ZippedPartitionsRDD.scala-70-70=20
org/apache/spark/status/api/v1/ShuffleWriteMetrics.bytesWritten-api.scala-254-254=197
org/apache/spark/graphx/impl/VertexAttributeBlock.vids-ShippableVertexPartition.scala-28-28=134
org/apache/spark/util/JsonProtocol$$anonfun$rddInfoToJson$7.apply-JsonProtocol.scala-444-444=987
org/apache/spark/rdd/CoalescedRDDPartition.parentsIndices-CoalescedRDD.scala-40-40=20
org/apache/spark/rdd/RDD.firstParent-RDD.scala-1763-1763=6
org/apache/spark/util/JsonProtocol$$anonfun$rddInfoToJson$2.apply-JsonProtocol.scala-437-437=974
org/apache/spark/status/api/v1/ShuffleReadMetrics.remoteBytesRead-api.scala-248-248=197
org/apache/spark/rdd/InputFileBlockHolder$.unset-InputFileBlockHolder.scala-86-86=1
org/apache/spark/graphx/impl/EdgePartition$mcI$sp.updateVertices$mcI$sp-EdgePartition.scala-87-93=3
org/apache/spark/rdd/RDDOperationScope.name-RDDOperationScope.scala-47-47=489
org/apache/spark/status/api/v1/TaskMetrics.executorRunTime-api.scala-223-223=187
org/apache/spark/status/api/v1/TaskMetrics.inputMetrics-api.scala-231-231=402
org/apache/spark/graphx/impl/GraphImpl$$anonfun$13$$anonfun$apply$3.apply-GraphImpl.scala-208-208=8
org/apache/spark/rdd/RDD$$anonfun$5.apply-RDD.scala-324-324=120
org/apache/spark/rdd/CoalescedRDDPartition.rdd-CoalescedRDD.scala-39-39=32
org/apache/spark/util/JsonProtocol$$anonfun$rddInfoToJson$6.apply-JsonProtocol.scala-443-443=991
org/apache/spark/rdd/RDD.name-RDD.scala-153-153=61
org/apache/spark/rdd/ShuffledRDDPartition.index-ShuffledRDD.scala-27-27=2
org/apache/spark/rdd/RDD$$anonfun$dependencies$2.apply-RDD.scala-252-252=178
org/apache/spark/rdd/ZippedPartitionsRDD2.rdd2-ZippedPartitionsRDD.scala-83-83=7
org/apache/spark/rdd/RDD.computeOrReadCheckpoint-RDD.scala-343-343=11
org/apache/spark/graphx/impl/ReplicatedVertexView$$anonfun$4.apply-ReplicatedVertexView.scala-113-113=6
org/apache/spark/graphx/impl/GraphImpl$$anonfun$13$$anonfun$apply$3$$anonfun$1.apply$mcI$sp-GraphImpl.scala-211-211=9
org/apache/spark/status/api/v1/RDDPartitionInfo.executors-api.scala-161-161=18
org/apache/spark/status/api/v1/TaskMetrics.outputMetrics-api.scala-232-232=407
org/apache/spark/status/api/v1/RDDPartitionInfo.diskUsed-api.scala-160-160=18
org/apache/spark/graphx/Edge$.$lessinit$greater$default$2-Edge.scala-34-34=6
org/apache/spark/util/JsonProtocol$$anonfun$rddInfoToJson$8.apply-JsonProtocol.scala-445-445=991
org/apache/spark/graphx/impl/AggregatingEdgeContext.attr-EdgePartition.scala-525-525=7
org/apache/spark/graphx/util/collection/GraphXPrimitiveKeyOpenHashMap$mcJI$sp._values$mcI$sp-GraphXPrimitiveKeyOpenHashMap.scala--1--1=1
org/apache/spark/rdd/CoalescedRDDPartition$$anonfun$writeObject$1.org$apache$spark$rdd$CoalescedRDDPartition$$anonfun$$$outer-CoalescedRDD.scala-45-45=32
org/apache/spark/rdd/ZippedPartitionsPartition$$anonfun$writeObject$1.org$apache$spark$rdd$ZippedPartitionsPartition$$anonfun$$$outer-ZippedPartitionsRDD.scala-38-38=910
org/apache/spark/rdd/CoalescedRDDPartition$$anonfun$writeObject$1.apply-CoalescedRDD.scala-45-45=20
org/apache/spark/graphx/impl/EdgePartition.size-EdgePartition.scala-314-314=13
org/apache/spark/status/api/v1/TaskMetrics.executorDeserializeCpuTime-api.scala-222-222=122
org/apache/spark/rdd/RDD.preferredLocations-RDD.scala-296-296=40
org/apache/spark/rdd/RDD.dependencies-RDD.scala-252-252=176
org/apache/spark/status/api/v1/ShuffleReadMetrics.fetchWaitTime-api.scala-247-247=116
org/apache/spark/graphx/impl/VertexAttributeBlock.iterator-ShippableVertexPartition.scala-31-31=118
org/apache/spark/graphx/Edge.attr_$eq-Edge.scala-35-35=5
org/apache/spark/rdd/MapPartitionsRDD.isBarrier_-MapPartitionsRDD.scala-60-60=20
org/apache/spark/rdd/RDD$$anonfun$mapPartitions$1$$anonfun$apply$23.apply-RDD.scala-823-823=16
org/apache/spark/graphx/impl/EdgePartition.numActives-EdgePartition.scala-118-118=6
org/apache/spark/status/api/v1/TaskMetrics.shuffleReadMetrics-api.scala-233-233=1061
org/apache/spark/status/api/v1/RDDPartitionInfo.memoryUsed-api.scala-159-159=19
org/apache/spark/status/api/v1/ShuffleReadMetrics.remoteBlocksFetched-api.scala-245-245=115
org/apache/spark/status/api/v1/ShuffleWriteMetrics.recordsWritten-api.scala-256-256=197
org/apache/spark/util/JsonProtocol$$anonfun$rddInfoToJson$1.apply-JsonProtocol.scala-437-437=973
org/apache/spark/status/api/v1/TaskMetrics.diskBytesSpilled-api.scala-229-229=205
org/apache/spark/graphx/Edge$.$lessinit$greater$default$1-Edge.scala-33-33=8
org/apache/spark/graphx/impl/AggregatingEdgeContext.dstId-EdgePartition.scala-522-522=4
org/apache/spark/graphx/EdgeTriplet.srcAttr-EdgeTriplet.scala-30-30=6
org/apache/spark/graphx/impl/AggregatingEdgeContext.set-EdgePartition.scala-499-505=6
org/apache/spark/status/api/v1/TaskMetrics.resultSerializationTime-api.scala-227-227=122
org/apache/spark/graphx/Edge.dstId_$eq-Edge.scala-34-34=6
org/apache/spark/rdd/RDD$$anonfun$partitions$2.apply-RDD.scala-269-269=1058
org/apache/spark/rdd/RDD.getStorageLevel-RDD.scala-223-223=65
org/apache/spark/rdd/RDDOperationScope.id-RDDOperationScope.scala-49-49=489
org/apache/spark/graphx/EdgeTriplet.srcAttr_$eq-EdgeTriplet.scala-30-30=5
org/apache/spark/rdd/RDD$$anonfun$4.apply-RDD.scala-323-323=168
org/apache/spark/util/JsonProtocol$$anonfun$rddInfoToJson$4$$anonfun$apply$19.apply-JsonProtocol.scala-439-439=975
org/apache/spark/rdd/InputFileBlockHolder$$anon$1.initialValue-InputFileBlockHolder.scala-53-53=3
org/apache/spark/rdd/RDD.sparkContext-RDD.scala-147-147=1
org/apache/spark/rdd/RDDOperationScope$.org$apache$spark$rdd$RDDOperationScope$$jsonMapper-RDDOperationScope.scala-82-82=484
org/apache/spark/rdd/InputFileBlockHolder$.initialize-InputFileBlockHolder.scala-92-92=3
org/apache/spark/util/JsonProtocol$$anonfun$rddInfoToJson$9.apply-JsonProtocol.scala-446-446=981
org/apache/spark/graphx/EdgeContext.toEdgeTriplet-EdgeContext.scala-43-49=5
org/apache/spark/util/JsonProtocol$$anonfun$rddInfoToJson$3.apply-JsonProtocol.scala-439-439=981
org/apache/spark/rdd/RDD.checkpointData-RDD.scala-1751-1751=1300
org/apache/spark/util/JsonProtocol$$anonfun$rddInfoToJson$4.apply-JsonProtocol.scala-439-439=986
org/apache/spark/status/api/v1/ShuffleReadMetrics.localBytesRead-api.scala-250-250=204
org/apache/spark/graphx/Edge$.$lessinit$greater$default$3-Edge.scala-35-35=4
org/apache/spark/graphx/impl/AggregatingEdgeContext.dstAttr-EdgePartition.scala-524-524=7
org/apache/spark/rdd/MapPartitionsRDD.compute-MapPartitionsRDD.scala-52-52=4
org/apache/spark/status/api/v1/TaskMetrics.executorDeserializeTime-api.scala-221-221=138
org/apache/spark/rdd/ZippedPartitionsPartition.partitionValues-ZippedPartitionsRDD.scala-34-34=6
org/apache/spark/rdd/RDD$$anonfun$getNarrowAncestors$1.apply-RDD.scala-335-335=120
org/apache/spark/graphx/lib/StronglyConnectedComponents$$anonfun$10.apply-StronglyConnectedComponents.scala-112-112=3
org/apache/spark/rdd/RDDOperationScope.parent-RDDOperationScope.scala-48-48=490
org/apache/spark/rdd/RDD.partitions-RDD.scala-269-269=1054
org/apache/spark/graphx/impl/AggregatingEdgeContext.srcId-EdgePartition.scala-521-521=4
org/apache/spark/rdd/RDD$$anon$1.next-RDD.scala-367-368=2
org/apache/spark/status/api/v1/JobData.jobId-api.scala-110-110=24
org/apache/spark/status/api/v1/ExecutorSummary.id-api.scala-77-77=31
org/apache/spark/rdd/RDD$$anonfun$7.apply-RDD.scala-357-357=1
org/apache/spark/status/api/v1/TaskMetrics.jvmGcTime-api.scala-226-226=121
org/apache/spark/graphx/impl/ReplicatedVertexView$$anonfun$4$$anonfun$apply$5$$anonfun$apply$6.apply-ReplicatedVertexView.scala-115-115=196
org/apache/spark/graphx/impl/ReplicatedVertexView$$anonfun$4$$anonfun$apply$5.apply-ReplicatedVertexView.scala-113-113=6
org/apache/spark/status/api/v1/RDDStorageInfo.id-api.scala-132-132=992
org/apache/spark/rdd/RDD$$anonfun$org$apache$spark$rdd$RDD$$visit$1$1.apply-RDD.scala-327-328=60
org/apache/spark/graphx/util/collection/GraphXPrimitiveKeyOpenHashMap$mcJI$sp.keySet$mcJ$sp-GraphXPrimitiveKeyOpenHashMap.scala--1--1=14
org/apache/spark/rdd/ShuffledRDD.compute-ShuffledRDD.scala-103-105=7
