org/apache/spark/status/api/v1/OutputMetrics.bytesWritten-api.scala-241-241=204
org/apache/spark/graphx/impl/EdgePartition$mcI$sp.updateVertices-EdgePartition.scala-86-86=7
org/apache/spark/graphx/util/collection/GraphXPrimitiveKeyOpenHashMap$mcJI$sp._oldValues$mcI$sp_$eq-GraphXPrimitiveKeyOpenHashMap.scala--1--1=11
org/apache/spark/graphx/impl/EdgeWithLocalIds$$anon$2.getKey-EdgePartitionBuilder.scala-145-145=16
org/apache/spark/graphx/util/collection/GraphXPrimitiveKeyOpenHashMap.size-GraphXPrimitiveKeyOpenHashMap.scala-59-59=7
org/apache/spark/rdd/CoalescedRDDPartition.parents_$eq-CoalescedRDD.scala-42-42=31
org/apache/spark/graphx/impl/EdgeRDDImpl$$anonfun$mapEdgePartitions$1.apply-EdgeRDDImpl.scala-120-120=6
org/apache/spark/status/api/v1/TaskMetrics.resultSize-api.scala-225-225=142
org/apache/spark/rdd/ZippedPartitionsPartition$$anonfun$writeObject$1.apply-ZippedPartitionsRDD.scala-38-38=388
org/apache/spark/rdd/ZippedPartitionsRDD2.rdd1-ZippedPartitionsRDD.scala-82-82=6
org/apache/spark/graphx/util/collection/GraphXPrimitiveKeyOpenHashMap$mcJI$sp._oldValues_$eq-GraphXPrimitiveKeyOpenHashMap.scala-57-57=13
org/apache/spark/graphx/util/collection/GraphXPrimitiveKeyOpenHashMap.grow-GraphXPrimitiveKeyOpenHashMap.scala-145-145=13
org/apache/spark/graphx/impl/EdgeRDDImpl$$anonfun$mapEdgePartitions$1.apply-EdgeRDDImpl.scala-119-119=4
org/apache/spark/rdd/RDD.org$apache$spark$rdd$RDD$$partitions_-RDD.scala-242-242=1673
org/apache/spark/rdd/ZippedPartitionsPartition.index-ZippedPartitionsRDD.scala-33-33=35
org/apache/spark/status/api/v1/ShuffleReadMetrics.localBlocksFetched-api.scala-246-246=138
org/apache/spark/graphx/Edge.attr$mcI$sp-Edge.scala-35-35=13
org/apache/spark/graphx/GraphOps$$anonfun$degreesRDD$5.apply-GraphOps.scala-73-73=29
org/apache/spark/graphx/Edge.srcId_$eq-Edge.scala-33-33=12
org/apache/spark/rdd/RDD.id-RDD.scala-150-150=469
org/apache/spark/rdd/RDD.scope-RDD.scala-1743-1743=24
org/apache/spark/rdd/ZippedPartitionsRDD2.f-ZippedPartitionsRDD.scala-81-81=6
org/apache/spark/status/api/v1/InputMetrics.recordsRead-api.scala-238-238=203
org/apache/spark/util/JsonProtocol$$anonfun$rddInfoToJson$5.apply-JsonProtocol.scala-440-440=415
org/apache/spark/status/api/v1/ShuffleWriteMetrics.writeTime-api.scala-255-255=137
org/apache/spark/status/api/v1/TaskMetrics.peakExecutionMemory-api.scala-230-230=131
org/apache/spark/graphx/impl/EdgeWithLocalIds$$anon$2.getKey-EdgePartitionBuilder.scala-147-147=15
org/apache/spark/rdd/CoalescedRDDPartition$$anonfun$writeObject$1$$anonfun$apply$mcV$sp$1.apply-CoalescedRDD.scala-47-47=102
org/apache/spark/graphx/GraphOps$$anonfun$degreesRDD$1.apply$mcIII$sp-GraphOps.scala-71-71=7
org/apache/spark/status/api/v1/TaskMetrics.shuffleWriteMetrics-api.scala-234-234=547
org/apache/spark/status/api/v1/StageData.attemptId-api.scala-166-166=52
org/apache/spark/graphx/Edge.attr$mcI$sp_$eq-Edge.scala-35-35=12
org/apache/spark/rdd/ZippedPartitionsPartition$$anonfun$writeObject$1.apply$mcV$sp-ZippedPartitionsRDD.scala-40-41=389
org/apache/spark/graphx/impl/EdgePartition.aggregateMessagesEdgeScan-EdgePartition.scala-388-414=13
org/apache/spark/status/api/v1/StageData.stageId-api.scala-165-165=50
org/apache/spark/status/api/v1/ShuffleReadMetrics.remoteBytesReadToDisk-api.scala-249-249=138
org/apache/spark/rdd/RDD.elementClassTag-RDD.scala-1749-1749=11
org/apache/spark/rdd/RDD.getNarrowAncestors-RDD.scala-320-335=1
org/apache/spark/graphx/impl/GraphImpl$$anonfun$13$$anonfun$apply$3$$anonfun$1.apply-GraphImpl.scala-211-211=12
org/apache/spark/graphx/impl/EdgePartition.indexSize-EdgePartition.scala-317-317=9
org/apache/spark/graphx/Edge.attr-Edge.scala-35-35=13
org/apache/spark/rdd/RDD.isCheckpointedAndMaterialized-RDD.scala-1677-1677=33
org/apache/spark/rdd/ZippedPartitionsRDD2.compute-ZippedPartitionsRDD.scala-88-89=9
org/apache/spark/status/api/v1/TaskMetrics.memoryBytesSpilled-api.scala-228-228=211
org/apache/spark/graphx/util/collection/GraphXPrimitiveKeyOpenHashMap$mcJI$sp.keySet-GraphXPrimitiveKeyOpenHashMap.scala-34-34=28
org/apache/spark/graphx/impl/ExistingEdgePartitionBuilder$mcI$sp.add$mcI$sp-EdgePartitionBuilder.scala-94-94=12
org/apache/spark/graphx/EdgeTriplet.dstAttr_$eq-EdgeTriplet.scala-35-35=13
org/apache/spark/graphx/impl/AggregatingEdgeContext.sendToSrc-EdgePartition.scala-528-528=10
org/apache/spark/rdd/ZippedPartitionsPartition.org$apache$spark$rdd$ZippedPartitionsPartition$$rdds-ZippedPartitionsRDD.scala-29-29=344
org/apache/spark/status/api/v1/ShuffleReadMetrics.recordsRead-api.scala-251-251=208
org/apache/spark/rdd/RDD$$anonfun$org$apache$spark$rdd$RDD$$visit$1$1.apply-RDD.scala-326-326=28
org/apache/spark/status/api/v1/OutputMetrics.recordsWritten-api.scala-242-242=210
org/apache/spark/rdd/RDD.creationSite-RDD.scala-1734-1734=25
org/apache/spark/rdd/ZippedPartitionsPartition.partitionValues_$eq-ZippedPartitionsRDD.scala-34-34=343
org/apache/spark/rdd/RDD$$anonfun$6.apply-RDD.scala-325-325=54
org/apache/spark/rdd/CoalescedRDDPartition$$anonfun$writeObject$1.apply$mcV$sp-CoalescedRDD.scala-47-48=33
org/apache/spark/graphx/GraphOps$$anonfun$degreesRDD$4.apply-GraphOps.scala-71-71=31
org/apache/spark/rdd/RDD$$anonfun$preferredLocations$2.apply-RDD.scala-297-297=40
org/apache/spark/graphx/impl/EdgePartition$mcI$sp.filter$mcI$sp-EdgePartition.scala-199-217=4
org/apache/spark/rdd/RDD.org$apache$spark$rdd$RDD$$dependencies_-RDD.scala-241-241=278
org/apache/spark/graphx/impl/ExistingEdgePartitionBuilder$.$lessinit$greater$default$5-EdgePartitionBuilder.scala-89-89=2
org/apache/spark/status/api/v1/TaskMetrics.executorCpuTime-api.scala-224-224=193
org/apache/spark/graphx/EdgeTriplet.dstAttr-EdgeTriplet.scala-35-35=7
org/apache/spark/graphx/impl/EdgeWithLocalIds$$anon$1.compare-EdgePartitionBuilder.scala-135-135=9
org/apache/spark/graphx/impl/AggregatingEdgeContext.sendToDst-EdgePartition.scala-531-531=16
org/apache/spark/graphx/util/collection/GraphXPrimitiveKeyOpenHashMap.move-GraphXPrimitiveKeyOpenHashMap.scala-150-150=10
org/apache/spark/rdd/RDDOperationScope.toJson-RDDOperationScope.scala-52-52=204
org/apache/spark/rdd/RDD.org$apache$spark$rdd$RDD$$visit$1-RDD.scala-323-326=27
org/apache/spark/rdd/RDD.isBarrier-RDD.scala-1931-1931=9
org/apache/spark/graphx/impl/GraphImpl$$anonfun$13.apply-GraphImpl.scala-208-208=28
org/apache/spark/rdd/ZippedPartitionsPartition$$anonfun$writeObject$1$$anonfun$apply$mcV$sp$1.apply-ZippedPartitionsRDD.scala-40-40=1395
org/apache/spark/graphx/impl/EdgePartition$mcI$sp.filter-EdgePartition.scala-196-196=6
org/apache/spark/status/api/v1/InputMetrics.bytesRead-api.scala-237-237=205
org/apache/spark/rdd/RDD.getPreferredLocations-RDD.scala-137-137=20
org/apache/spark/rdd/ZippedPartitionsPartition.preferredLocations-ZippedPartitionsRDD.scala-30-30=20
org/apache/spark/status/api/v1/ExecutorSummary.hostPort-api.scala-78-78=34
org/apache/spark/rdd/ZippedPartitionsBaseRDD.getPreferredLocations-ZippedPartitionsRDD.scala-70-70=20
org/apache/spark/graphx/impl/EdgeWithLocalIds$.edgeArraySortDataFormat-EdgePartitionBuilder.scala-145-145=5
org/apache/spark/graphx/impl/ExistingEdgePartitionBuilder$mcI$sp.toEdgePartition$mcI$sp-EdgePartitionBuilder.scala-98-123=4
org/apache/spark/rdd/RDD.getOrCompute-RDD.scala-354-357=25
org/apache/spark/graphx/Edge.srcId-Edge.scala-33-33=24
org/apache/spark/rdd/RDD.iterator-RDD.scala-307-307=44
org/apache/spark/rdd/ZippedPartitionsPartition.partitions-ZippedPartitionsRDD.scala-35-35=8
org/apache/spark/rdd/ZippedPartitionsRDD2.getPreferredLocations-ZippedPartitionsRDD.scala-70-70=20
org/apache/spark/graphx/impl/VertexAttributeBlock.vids-ShippableVertexPartition.scala-28-28=198
org/apache/spark/status/api/v1/ShuffleWriteMetrics.bytesWritten-api.scala-254-254=211
org/apache/spark/util/JsonProtocol$$anonfun$rddInfoToJson$7.apply-JsonProtocol.scala-444-444=423
org/apache/spark/rdd/CoalescedRDDPartition.parentsIndices-CoalescedRDD.scala-40-40=33
org/apache/spark/rdd/RDD.firstParent-RDD.scala-1763-1763=14
org/apache/spark/util/JsonProtocol$$anonfun$rddInfoToJson$2.apply-JsonProtocol.scala-437-437=409
org/apache/spark/graphx/impl/EdgeWithLocalIds.localSrcId-EdgePartitionBuilder.scala-129-129=15
org/apache/spark/status/api/v1/ShuffleReadMetrics.remoteBytesRead-api.scala-248-248=208
org/apache/spark/rdd/InputFileBlockHolder$.unset-InputFileBlockHolder.scala-86-86=2
org/apache/spark/graphx/impl/EdgeWithLocalIds.srcId-EdgePartitionBuilder.scala-129-129=50
org/apache/spark/graphx/impl/EdgePartition$mcI$sp.updateVertices$mcI$sp-EdgePartition.scala-87-93=11
org/apache/spark/rdd/RDDOperationScope.name-RDDOperationScope.scala-47-47=208
org/apache/spark/graphx/impl/GraphImpl$$anonfun$13$$anonfun$apply$3.apply-GraphImpl.scala-208-208=14
org/apache/spark/status/api/v1/TaskMetrics.executorRunTime-api.scala-223-223=198
org/apache/spark/status/api/v1/TaskMetrics.inputMetrics-api.scala-231-231=411
org/apache/spark/rdd/RDD$$anonfun$5.apply-RDD.scala-324-324=43
org/apache/spark/rdd/CoalescedRDDPartition.rdd-CoalescedRDD.scala-39-39=52
org/apache/spark/util/JsonProtocol$$anonfun$rddInfoToJson$6.apply-JsonProtocol.scala-443-443=412
org/apache/spark/rdd/RDD.name-RDD.scala-153-153=29
org/apache/spark/rdd/ShuffledRDDPartition.index-ShuffledRDD.scala-27-27=11
org/apache/spark/graphx/impl/EdgeRDDImpl$$anonfun$filter$1.apply-EdgeRDDImpl.scala-101-101=12
org/apache/spark/rdd/RDD$$anonfun$dependencies$2.apply-RDD.scala-252-252=133
org/apache/spark/rdd/RDD.computeOrReadCheckpoint-RDD.scala-343-343=32
org/apache/spark/rdd/ZippedPartitionsRDD2.rdd2-ZippedPartitionsRDD.scala-83-83=11
org/apache/spark/graphx/impl/ReplicatedVertexView$$anonfun$4.apply-ReplicatedVertexView.scala-113-113=12
org/apache/spark/graphx/GraphOps$$anonfun$degreesRDD$2.apply$mcIII$sp-GraphOps.scala-73-73=3
org/apache/spark/graphx/impl/GraphImpl$$anonfun$13$$anonfun$apply$3$$anonfun$1.apply$mcI$sp-GraphImpl.scala-211-211=12
org/apache/spark/status/api/v1/RDDPartitionInfo.executors-api.scala-161-161=22
org/apache/spark/status/api/v1/TaskMetrics.outputMetrics-api.scala-232-232=413
org/apache/spark/graphx/impl/EdgeWithLocalIds.dstId-EdgePartitionBuilder.scala-129-129=11
org/apache/spark/status/api/v1/RDDPartitionInfo.diskUsed-api.scala-160-160=25
org/apache/spark/graphx/Edge$.$lessinit$greater$default$2-Edge.scala-34-34=21
org/apache/spark/util/JsonProtocol$$anonfun$rddInfoToJson$8.apply-JsonProtocol.scala-445-445=418
org/apache/spark/graphx/util/collection/GraphXPrimitiveKeyOpenHashMap$mcJI$sp._values$mcI$sp-GraphXPrimitiveKeyOpenHashMap.scala--1--1=12
org/apache/spark/rdd/CoalescedRDDPartition$$anonfun$writeObject$1.org$apache$spark$rdd$CoalescedRDDPartition$$anonfun$$$outer-CoalescedRDD.scala-45-45=51
org/apache/spark/graphx/impl/EdgePartition.size-EdgePartition.scala-314-314=56
org/apache/spark/rdd/ZippedPartitionsPartition$$anonfun$writeObject$1.org$apache$spark$rdd$ZippedPartitionsPartition$$anonfun$$$outer-ZippedPartitionsRDD.scala-38-38=693
org/apache/spark/rdd/CoalescedRDDPartition$$anonfun$writeObject$1.apply-CoalescedRDD.scala-45-45=31
org/apache/spark/status/api/v1/TaskMetrics.executorDeserializeCpuTime-api.scala-222-222=139
org/apache/spark/rdd/RDD.preferredLocations-RDD.scala-296-296=40
org/apache/spark/rdd/RDD.dependencies-RDD.scala-252-252=135
org/apache/spark/graphx/impl/VertexAttributeBlock.iterator-ShippableVertexPartition.scala-31-31=196
org/apache/spark/graphx/Edge.attr_$eq-Edge.scala-35-35=18
org/apache/spark/status/api/v1/ShuffleReadMetrics.fetchWaitTime-api.scala-247-247=136
org/apache/spark/rdd/MapPartitionsRDD.isBarrier_-MapPartitionsRDD.scala-60-60=12
org/apache/spark/graphx/lib/StronglyConnectedComponents$$anonfun$6.apply-StronglyConnectedComponents.scala-79-79=41
org/apache/spark/rdd/RDD$$anonfun$mapPartitions$1$$anonfun$apply$23.apply-RDD.scala-823-823=39
org/apache/spark/graphx/impl/EdgeWithLocalIds$$anon$2.allocate-EdgePartitionBuilder.scala-145-145=7
org/apache/spark/graphx/impl/EdgePartition.numActives-EdgePartition.scala-118-118=11
org/apache/spark/graphx/impl/EdgeWithLocalIds$$anon$1.compare-EdgePartitionBuilder.scala-133-133=9
org/apache/spark/status/api/v1/RDDPartitionInfo.memoryUsed-api.scala-159-159=25
org/apache/spark/status/api/v1/TaskMetrics.shuffleReadMetrics-api.scala-233-233=1172
org/apache/spark/status/api/v1/ShuffleReadMetrics.remoteBlocksFetched-api.scala-245-245=143
org/apache/spark/status/api/v1/ShuffleWriteMetrics.recordsWritten-api.scala-256-256=199
org/apache/spark/graphx/Edge$.$lessinit$greater$default$1-Edge.scala-33-33=19
org/apache/spark/util/JsonProtocol$$anonfun$rddInfoToJson$1.apply-JsonProtocol.scala-437-437=415
org/apache/spark/status/api/v1/TaskMetrics.diskBytesSpilled-api.scala-229-229=206
org/apache/spark/graphx/EdgeTriplet.srcAttr-EdgeTriplet.scala-30-30=8
org/apache/spark/graphx/impl/AggregatingEdgeContext.set-EdgePartition.scala-499-505=25
org/apache/spark/status/api/v1/TaskMetrics.resultSerializationTime-api.scala-227-227=141
org/apache/spark/graphx/Edge.dstId_$eq-Edge.scala-34-34=16
org/apache/spark/graphx/impl/EdgeWithLocalIds$.lexicographicOrdering-EdgePartitionBuilder.scala-133-133=3
org/apache/spark/rdd/RDD$$anonfun$partitions$2.apply-RDD.scala-269-269=830
org/apache/spark/rdd/RDD.getStorageLevel-RDD.scala-223-223=47
org/apache/spark/graphx/EdgeTriplet.srcAttr_$eq-EdgeTriplet.scala-30-30=14
org/apache/spark/rdd/RDDOperationScope.id-RDDOperationScope.scala-49-49=204
org/apache/spark/rdd/RDD$$anonfun$4.apply-RDD.scala-323-323=70
org/apache/spark/util/JsonProtocol$$anonfun$rddInfoToJson$4$$anonfun$apply$19.apply-JsonProtocol.scala-439-439=407
org/apache/spark/rdd/InputFileBlockHolder$$anon$1.initialValue-InputFileBlockHolder.scala-53-53=7
org/apache/spark/rdd/RDDOperationScope$.org$apache$spark$rdd$RDDOperationScope$$jsonMapper-RDDOperationScope.scala-82-82=206
org/apache/spark/rdd/InputFileBlockHolder$.initialize-InputFileBlockHolder.scala-92-92=4
org/apache/spark/util/JsonProtocol$$anonfun$rddInfoToJson$9.apply-JsonProtocol.scala-446-446=418
org/apache/spark/graphx/util/collection/GraphXPrimitiveKeyOpenHashMap$mcJI$sp.update$mcJI$sp-GraphXPrimitiveKeyOpenHashMap.scala-75-78=13
org/apache/spark/util/JsonProtocol$$anonfun$rddInfoToJson$3.apply-JsonProtocol.scala-439-439=412
org/apache/spark/rdd/RDD.checkpointData-RDD.scala-1751-1751=1037
org/apache/spark/util/JsonProtocol$$anonfun$rddInfoToJson$4.apply-JsonProtocol.scala-439-439=416
org/apache/spark/status/api/v1/ShuffleReadMetrics.localBytesRead-api.scala-250-250=205
org/apache/spark/graphx/Edge$.$lessinit$greater$default$3-Edge.scala-35-35=19
org/apache/spark/graphx/impl/EdgeWithLocalIds$mcI$sp.attr$mcI$sp-EdgePartitionBuilder.scala--1--1=14
org/apache/spark/rdd/MapPartitionsRDD.compute-MapPartitionsRDD.scala-52-52=17
org/apache/spark/status/api/v1/TaskMetrics.executorDeserializeTime-api.scala-221-221=161
org/apache/spark/graphx/GraphOps$$anonfun$degreesRDD$1.apply-GraphOps.scala-71-71=14
org/apache/spark/rdd/ZippedPartitionsPartition.partitionValues-ZippedPartitionsRDD.scala-34-34=5
org/apache/spark/rdd/RDD$$anonfun$getNarrowAncestors$1.apply-RDD.scala-335-335=30
org/apache/spark/graphx/impl/GraphImpl$$anonfun$subgraph$default$1$1.apply-GraphImpl.scala-160-160=30
org/apache/spark/graphx/impl/EdgePartition$$anonfun$aggregateMessagesEdgeScan$1.apply-EdgePartition.scala-414-414=15
org/apache/spark/rdd/RDDOperationScope.parent-RDDOperationScope.scala-48-48=209
org/apache/spark/rdd/RDD.partitions-RDD.scala-269-269=823
org/apache/spark/rdd/RDD$$anon$1.next-RDD.scala-367-368=6
org/apache/spark/status/api/v1/ExecutorSummary.id-api.scala-77-77=35
org/apache/spark/rdd/RDD$$anonfun$7.apply-RDD.scala-357-357=5
org/apache/spark/status/api/v1/JobData.jobId-api.scala-110-110=28
org/apache/spark/graphx/GraphOps$$anonfun$degreesRDD$2.apply-GraphOps.scala-73-73=5
org/apache/spark/status/api/v1/TaskMetrics.jvmGcTime-api.scala-226-226=140
org/apache/spark/graphx/impl/ReplicatedVertexView$$anonfun$4$$anonfun$apply$5$$anonfun$apply$6.apply-ReplicatedVertexView.scala-115-115=361
org/apache/spark/graphx/impl/ReplicatedVertexView$$anonfun$4$$anonfun$apply$5.apply-ReplicatedVertexView.scala-113-113=14
org/apache/spark/graphx/Edge.dstId-Edge.scala-34-34=17
org/apache/spark/status/api/v1/RDDStorageInfo.id-api.scala-132-132=680
org/apache/spark/graphx/impl/EdgeWithLocalIds.localDstId-EdgePartitionBuilder.scala-129-129=15
org/apache/spark/graphx/util/collection/GraphXPrimitiveKeyOpenHashMap$mcJI$sp.keySet$mcJ$sp-GraphXPrimitiveKeyOpenHashMap.scala--1--1=38
org/apache/spark/rdd/RDD$$anonfun$org$apache$spark$rdd$RDD$$visit$1$1.apply-RDD.scala-327-328=27
org/apache/spark/rdd/ShuffledRDD.compute-ShuffledRDD.scala-103-105=8
