org/apache/spark/status/api/v1/OutputMetrics.bytesWritten-api.scala-241-241=334
org/apache/spark/status/api/v1/TaskMetrics.resultSize-api.scala-225-225=234
org/apache/spark/rdd/ZippedPartitionsPartition$$anonfun$writeObject$1.apply-ZippedPartitionsRDD.scala-38-38=839
org/apache/spark/rdd/ZippedPartitionsRDD2.rdd1-ZippedPartitionsRDD.scala-82-82=11
org/apache/spark/graphx/impl/VertexRDDImpl$$anonfun$shipVertexAttributes$1$$anonfun$apply$7.apply-VertexRDDImpl.scala-247-247=20
org/apache/spark/rdd/RDD.org$apache$spark$rdd$RDD$$partitions_-RDD.scala-242-242=3402
org/apache/spark/graphx/impl/ShippableVertexPartitionOps.org$apache$spark$internal$Logging$$log__$eq-ShippableVertexPartition.scala-34-34=26
org/apache/spark/rdd/ZippedPartitionsPartition.index-ZippedPartitionsRDD.scala-33-33=52
org/apache/spark/status/api/v1/ShuffleReadMetrics.localBlocksFetched-api.scala-246-246=224
org/apache/spark/rdd/RDD.id-RDD.scala-150-150=500
org/apache/spark/rdd/RDD.scope-RDD.scala-1743-1743=42
org/apache/spark/status/api/v1/InputMetrics.recordsRead-api.scala-238-238=339
org/apache/spark/rdd/ZippedPartitionsRDD2.f-ZippedPartitionsRDD.scala-81-81=11
org/apache/spark/util/JsonProtocol$$anonfun$rddInfoToJson$5.apply-JsonProtocol.scala-440-440=1485
org/apache/spark/graphx/impl/VertexRDDImpl$$anonfun$shipVertexAttributes$1.apply-VertexRDDImpl.scala-247-247=31
org/apache/spark/status/api/v1/ShuffleWriteMetrics.writeTime-api.scala-255-255=228
org/apache/spark/status/api/v1/TaskMetrics.peakExecutionMemory-api.scala-230-230=234
org/apache/spark/graphx/impl/ShippableVertexPartition$$anonfun$shipVertexAttributes$1$$anonfun$apply$1.apply-ShippableVertexPartition.scala-121-121=102
org/apache/spark/status/api/v1/TaskMetrics.shuffleWriteMetrics-api.scala-234-234=903
org/apache/spark/status/api/v1/StageData.attemptId-api.scala-166-166=68
org/apache/spark/graphx/impl/VertexRDDImpl$$anonfun$2.apply-VertexRDDImpl.scala-144-144=12
org/apache/spark/rdd/ZippedPartitionsPartition$$anonfun$writeObject$1.apply$mcV$sp-ZippedPartitionsRDD.scala-40-41=839
org/apache/spark/graphx/impl/ShippableVertexPartition$ShippableVertexPartitionOpsConstructor$.toOps-ShippableVertexPartition.scala-85-85=9
org/apache/spark/graphx/impl/ShippableVertexPartitionOps.withMask-ShippableVertexPartition.scala-152-152=15
org/apache/spark/graphx/impl/VertexRDDImpl.vdTag-VertexRDDImpl.scala-30-30=10
org/apache/spark/status/api/v1/StageData.stageId-api.scala-165-165=73
org/apache/spark/status/api/v1/ShuffleReadMetrics.remoteBytesReadToDisk-api.scala-249-249=229
org/apache/spark/rdd/RDD.getNarrowAncestors-RDD.scala-320-335=1
org/apache/spark/rdd/RDD.elementClassTag-RDD.scala-1749-1749=27
org/apache/spark/graphx/impl/ShippableVertexPartitionOps.withValues-ShippableVertexPartition.scala-152-152=15
org/apache/spark/rdd/ZippedPartitionsRDD2.compute-ZippedPartitionsRDD.scala-88-89=12
org/apache/spark/rdd/RDD.isCheckpointedAndMaterialized-RDD.scala-1677-1677=24
org/apache/spark/status/api/v1/TaskMetrics.memoryBytesSpilled-api.scala-228-228=335
org/apache/spark/graphx/impl/VertexPartitionBaseOps.org$apache$spark$internal$Logging$$log__$eq-VertexPartitionBaseOps.scala-34-34=22
org/apache/spark/rdd/ZippedPartitionsPartition.org$apache$spark$rdd$ZippedPartitionsPartition$$rdds-ZippedPartitionsRDD.scala-29-29=778
org/apache/spark/status/api/v1/ShuffleReadMetrics.recordsRead-api.scala-251-251=342
org/apache/spark/rdd/RDD$$anonfun$org$apache$spark$rdd$RDD$$visit$1$1.apply-RDD.scala-326-326=11
org/apache/spark/status/api/v1/OutputMetrics.recordsWritten-api.scala-242-242=330
org/apache/spark/rdd/RDD.creationSite-RDD.scala-1734-1734=42
org/apache/spark/rdd/ZippedPartitionsPartition.partitionValues_$eq-ZippedPartitionsRDD.scala-34-34=782
org/apache/spark/graphx/impl/VertexPartitionBase.isDefined-VertexPartitionBase.scala-77-76=53
org/apache/spark/rdd/RDD$$anonfun$6.apply-RDD.scala-325-325=14
org/apache/spark/graphx/impl/ShippableVertexPartition$ShippableVertexPartitionOpsConstructor$.toOps-ShippableVertexPartition.scala-88-88=9
org/apache/spark/rdd/RDD$$anonfun$preferredLocations$2.apply-RDD.scala-297-297=80
org/apache/spark/graphx/impl/ShippableVertexPartition$$anonfun$shipVertexAttributes$1.org$apache$spark$graphx$impl$ShippableVertexPartition$$anonfun$$$outer-ShippableVertexPartition.scala-116-116=52
org/apache/spark/graphx/impl/ShippableVertexPartition.index-ShippableVertexPartition.scala-98-98=127
org/apache/spark/rdd/RDD.org$apache$spark$rdd$RDD$$dependencies_-RDD.scala-241-241=318
org/apache/spark/status/api/v1/TaskMetrics.executorCpuTime-api.scala-224-224=301
org/apache/spark/rdd/RDDOperationScope.toJson-RDDOperationScope.scala-52-52=735
org/apache/spark/rdd/RDD.org$apache$spark$rdd$RDD$$visit$1-RDD.scala-323-326=12
org/apache/spark/graphx/impl/ShippableVertexPartition$$anonfun$shipVertexAttributes$1.apply-ShippableVertexPartition.scala-116-116=232
org/apache/spark/rdd/RDD.isBarrier-RDD.scala-1931-1931=19
org/apache/spark/rdd/ZippedPartitionsPartition$$anonfun$writeObject$1$$anonfun$apply$mcV$sp$1.apply-ZippedPartitionsRDD.scala-40-40=3113
org/apache/spark/status/api/v1/InputMetrics.bytesRead-api.scala-237-237=338
org/apache/spark/rdd/RDD.getPreferredLocations-RDD.scala-137-137=40
org/apache/spark/rdd/ZippedPartitionsPartition.preferredLocations-ZippedPartitionsRDD.scala-30-30=40
org/apache/spark/status/api/v1/ExecutorSummary.hostPort-api.scala-78-78=36
org/apache/spark/rdd/ZippedPartitionsBaseRDD.getPreferredLocations-ZippedPartitionsRDD.scala-70-70=40
org/apache/spark/rdd/RDD.getOrCompute-RDD.scala-354-357=22
org/apache/spark/rdd/RDD.iterator-RDD.scala-307-307=47
org/apache/spark/rdd/ZippedPartitionsPartition.partitions-ZippedPartitionsRDD.scala-35-35=8
org/apache/spark/rdd/ZippedPartitionsRDD2.getPreferredLocations-ZippedPartitionsRDD.scala-70-70=40
org/apache/spark/status/api/v1/ShuffleWriteMetrics.bytesWritten-api.scala-254-254=341
org/apache/spark/graphx/impl/ShippableVertexPartition.shipVertexAttributes-ShippableVertexPartition.scala-116-116=9
org/apache/spark/rdd/RDDOperationScope$$anonfun$getAllScopes$2.apply-RDDOperationScope.scala-61-61=602
org/apache/spark/util/JsonProtocol$$anonfun$rddInfoToJson$7.apply-JsonProtocol.scala-444-444=1478
org/apache/spark/rdd/RDD.firstParent-RDD.scala-1763-1763=12
org/apache/spark/rdd/RDDOperationScope.getAllScopes-RDDOperationScope.scala-61-61=598
org/apache/spark/util/JsonProtocol$$anonfun$rddInfoToJson$2.apply-JsonProtocol.scala-437-437=1474
org/apache/spark/status/api/v1/ShuffleReadMetrics.remoteBytesRead-api.scala-248-248=335
org/apache/spark/graphx/impl/ShippableVertexPartition.isDefined-ShippableVertexPartition.scala-77-76=54
org/apache/spark/graphx/impl/RoutingTablePartition.numEdgePartitions-RoutingTablePartition.scala-105-105=12
org/apache/spark/rdd/InputFileBlockHolder$.unset-InputFileBlockHolder.scala-86-86=2
org/apache/spark/rdd/RDDOperationScope.name-RDDOperationScope.scala-47-47=1334
org/apache/spark/status/api/v1/TaskMetrics.executorRunTime-api.scala-223-223=304
org/apache/spark/status/api/v1/TaskMetrics.inputMetrics-api.scala-231-231=675
org/apache/spark/rdd/RDD$$anonfun$5.apply-RDD.scala-324-324=13
org/apache/spark/util/JsonProtocol$$anonfun$rddInfoToJson$6.apply-JsonProtocol.scala-443-443=1478
org/apache/spark/rdd/RDD.name-RDD.scala-153-153=41
org/apache/spark/graphx/impl/ShippableVertexPartition.routingTable-ShippableVertexPartition.scala-101-101=620
org/apache/spark/rdd/RDD$$anonfun$dependencies$2.apply-RDD.scala-252-252=158
org/apache/spark/rdd/ZippedPartitionsRDD2.rdd2-ZippedPartitionsRDD.scala-83-83=14
org/apache/spark/rdd/RDD.computeOrReadCheckpoint-RDD.scala-343-343=30
org/apache/spark/graphx/impl/RoutingTablePartition.foreachWithinEdgePartition-RoutingTablePartition.scala-127-127=261
org/apache/spark/status/api/v1/TaskMetrics.outputMetrics-api.scala-232-232=670
org/apache/spark/util/JsonProtocol$$anonfun$rddInfoToJson$8.apply-JsonProtocol.scala-445-445=1477
org/apache/spark/rdd/ZippedPartitionsPartition$$anonfun$writeObject$1.org$apache$spark$rdd$ZippedPartitionsPartition$$anonfun$$$outer-ZippedPartitionsRDD.scala-38-38=1552
org/apache/spark/status/api/v1/TaskMetrics.executorDeserializeCpuTime-api.scala-222-222=233
org/apache/spark/rdd/RDD.preferredLocations-RDD.scala-296-296=80
org/apache/spark/rdd/RDD.dependencies-RDD.scala-252-252=157
org/apache/spark/status/api/v1/ShuffleReadMetrics.fetchWaitTime-api.scala-247-247=227
org/apache/spark/rdd/MapPartitionsRDD.isBarrier_-MapPartitionsRDD.scala-60-60=19
org/apache/spark/graphx/impl/VertexRDDImpl$$anonfun$2.apply-VertexRDDImpl.scala-145-147=12
org/apache/spark/rdd/RDD$$anonfun$mapPartitions$1$$anonfun$apply$23.apply-RDD.scala-823-823=24
org/apache/spark/status/api/v1/TaskMetrics.shuffleReadMetrics-api.scala-233-233=1914
org/apache/spark/status/api/v1/ShuffleReadMetrics.remoteBlocksFetched-api.scala-245-245=224
org/apache/spark/status/api/v1/ShuffleWriteMetrics.recordsWritten-api.scala-256-256=337
org/apache/spark/util/JsonProtocol$$anonfun$rddInfoToJson$1.apply-JsonProtocol.scala-437-437=1479
org/apache/spark/status/api/v1/TaskMetrics.diskBytesSpilled-api.scala-229-229=342
org/apache/spark/graphx/impl/RoutingTablePartition.partitionSize-RoutingTablePartition.scala-108-108=294
org/apache/spark/status/api/v1/TaskMetrics.resultSerializationTime-api.scala-227-227=232
org/apache/spark/graphx/impl/ShippableVertexPartition.apply-ShippableVertexPartition.scala-74-74=2
org/apache/spark/rdd/RDD$$anonfun$partitions$2.apply-RDD.scala-269-269=1693
org/apache/spark/rdd/RDD.getStorageLevel-RDD.scala-223-223=55
org/apache/spark/rdd/RDDOperationScope.id-RDDOperationScope.scala-49-49=1330
org/apache/spark/rdd/RDD$$anonfun$4.apply-RDD.scala-323-323=18
org/apache/spark/util/JsonProtocol$$anonfun$rddInfoToJson$4$$anonfun$apply$19.apply-JsonProtocol.scala-439-439=1482
org/apache/spark/rdd/InputFileBlockHolder$$anon$1.initialValue-InputFileBlockHolder.scala-53-53=7
org/apache/spark/rdd/RDDOperationScope$.org$apache$spark$rdd$RDDOperationScope$$jsonMapper-RDDOperationScope.scala-82-82=738
org/apache/spark/rdd/InputFileBlockHolder$.initialize-InputFileBlockHolder.scala-92-92=3
org/apache/spark/graphx/impl/VertexPartitionBase.apply-VertexPartitionBase.scala-74-74=1
org/apache/spark/util/JsonProtocol$$anonfun$rddInfoToJson$9.apply-JsonProtocol.scala-446-446=1466
org/apache/spark/util/JsonProtocol$$anonfun$rddInfoToJson$3.apply-JsonProtocol.scala-439-439=1479
org/apache/spark/rdd/RDD.checkpointData-RDD.scala-1751-1751=1969
org/apache/spark/util/JsonProtocol$$anonfun$rddInfoToJson$4.apply-JsonProtocol.scala-439-439=1484
org/apache/spark/status/api/v1/ShuffleReadMetrics.localBytesRead-api.scala-250-250=334
org/apache/spark/rdd/MapPartitionsRDD.compute-MapPartitionsRDD.scala-52-52=13
org/apache/spark/graphx/impl/VertexPartitionBaseOps.diff-VertexPartitionBaseOps.scala-110-110=12
org/apache/spark/status/api/v1/TaskMetrics.executorDeserializeTime-api.scala-221-221=266
org/apache/spark/rdd/ZippedPartitionsPartition.partitionValues-ZippedPartitionsRDD.scala-34-34=12
org/apache/spark/rdd/RDD$$anonfun$getNarrowAncestors$1.apply-RDD.scala-335-335=96
org/apache/spark/graphx/impl/ShippableVertexPartitionOps.diff-ShippableVertexPartition.scala-110-110=13
org/apache/spark/graphx/impl/ShippableVertexPartition$$anonfun$shipVertexAttributes$1$$anonfun$apply$1.apply$mcVJ$sp-ShippableVertexPartition.scala-122-126=58
org/apache/spark/graphx/impl/ShippableVertexPartition.mask-ShippableVertexPartition.scala-100-100=77
org/apache/spark/graphx/impl/ShippableVertexPartition$$anonfun$shipVertexAttributes$1.apply-ShippableVertexPartition.scala-117-128=264
org/apache/spark/rdd/RDDOperationScope.parent-RDDOperationScope.scala-48-48=1329
org/apache/spark/rdd/RDD.partitions-RDD.scala-269-269=1695
org/apache/spark/rdd/RDD$$anon$1.next-RDD.scala-367-368=23
org/apache/spark/status/api/v1/JobData.jobId-api.scala-110-110=37
org/apache/spark/status/api/v1/ExecutorSummary.id-api.scala-77-77=36
org/apache/spark/graphx/impl/ShippableVertexPartition$.shippablePartitionToOps-ShippableVertexPartition.scala-77-77=22
org/apache/spark/status/api/v1/TaskMetrics.jvmGcTime-api.scala-226-226=234
org/apache/spark/status/api/v1/RDDStorageInfo.id-api.scala-132-132=68
org/apache/spark/rdd/RDD$$anonfun$org$apache$spark$rdd$RDD$$visit$1$1.apply-RDD.scala-327-328=11
org/apache/spark/graphx/impl/ShippableVertexPartition.values-ShippableVertexPartition.scala-99-99=30
