org/apache/spark/graphx/impl/EdgePartition$mcI$sp.updateVertices-EdgePartition.scala-86-86=2
org/apache/spark/rdd/RDD.doCheckpoint-RDD.scala-1800-1800=8
org/apache/spark/rdd/MapPartitionsRDD.partitioner-MapPartitionsRDD.scala-47-47=3
org/apache/spark/graphx/impl/ReplicatedVertexView.upgrade-ReplicatedVertexView.scala-62-61=1
org/apache/spark/rdd/CoalescedRDDPartition.parents_$eq-CoalescedRDD.scala-42-42=14
org/apache/spark/rdd/ZippedPartitionsPartition$$anonfun$writeObject$1.apply-ZippedPartitionsRDD.scala-38-38=124
org/apache/spark/rdd/RDD.getNumPartitions-RDD.scala-289-289=45
org/apache/spark/rdd/RDD.org$apache$spark$rdd$RDD$$partitions_-RDD.scala-242-242=4196
org/apache/spark/rdd/RDD.org$apache$spark$rdd$RDD$$sc-RDD.scala-89-100=49
org/apache/spark/rdd/ZippedPartitionsRDD2.f-ZippedPartitionsRDD.scala-81-81=7
org/apache/spark/status/api/v1/InputMetrics.recordsRead-api.scala-238-238=205
org/apache/spark/rdd/CoalescedRDDPartition$$anonfun$writeObject$1$$anonfun$apply$mcV$sp$1.apply-CoalescedRDD.scala-47-47=49
org/apache/spark/status/api/v1/TaskMetrics.shuffleWriteMetrics-api.scala-234-234=526
org/apache/spark/status/api/v1/StageData.attemptId-api.scala-166-166=75
org/apache/spark/rdd/RDD$.CHECKPOINT_ALL_MARKED_ANCESTORS-RDD.scala-2006-2006=5
org/apache/spark/rdd/ZippedPartitionsPartition$$anonfun$writeObject$1.apply$mcV$sp-ZippedPartitionsRDD.scala-40-41=123
org/apache/spark/status/api/v1/ShuffleReadMetrics.remoteBytesReadToDisk-api.scala-249-249=113
org/apache/spark/rdd/RDD.getNarrowAncestors-RDD.scala-320-335=46
org/apache/spark/graphx/impl/EdgeRDDImpl$$anonfun$count$1.apply-EdgeRDDImpl.scala-90-90=31
org/apache/spark/rdd/RDD.isCheckpointedAndMaterialized-RDD.scala-1677-1677=22
org/apache/spark/status/api/v1/TaskMetrics.memoryBytesSpilled-api.scala-228-228=208
org/apache/spark/rdd/ZippedPartitionsRDD2.compute-ZippedPartitionsRDD.scala-88-89=6
org/apache/spark/rdd/RDD.isBarrier_-RDD.scala-1935-1935=1
org/apache/spark/rdd/RDD$$anonfun$mapPartitions$1.apply-RDD.scala-819-819=2
org/apache/spark/rdd/RDD.org$apache$spark$rdd$RDD$$doCheckpointCalled-RDD.scala-1792-1792=8
org/apache/spark/rdd/ZippedPartitionsPartition.org$apache$spark$rdd$ZippedPartitionsPartition$$rdds-ZippedPartitionsRDD.scala-29-29=95
org/apache/spark/status/api/v1/OutputMetrics.recordsWritten-api.scala-242-242=208
org/apache/spark/rdd/RDD.creationSite-RDD.scala-1734-1734=1731
org/apache/spark/rdd/RDD.log-RDD.scala-77-77=2
org/apache/spark/rdd/RDD$$anonfun$6.apply-RDD.scala-325-325=3808
org/apache/spark/rdd/RDD.org$apache$spark$rdd$RDD$$dependencies_-RDD.scala-241-241=14528
org/apache/spark/rdd/MapPartitionsRDD$.$lessinit$greater$default$3-MapPartitionsRDD.scala-42-42=1
org/apache/spark/status/api/v1/TaskMetrics.executorCpuTime-api.scala-224-224=186
org/apache/spark/graphx/impl/EdgeRDDImpl.withPartitionsRDD-EdgeRDDImpl.scala-131-131=1
org/apache/spark/rdd/RDDOperationScope.toJson-RDDOperationScope.scala-52-52=1184
org/apache/spark/status/api/v1/InputMetrics.bytesRead-api.scala-237-237=205
org/apache/spark/graphx/impl/ReplicatedVertexView.edges-ReplicatedVertexView.scala-34-34=4
org/apache/spark/rdd/RDD.getPreferredLocations-RDD.scala-137-137=40
org/apache/spark/status/api/v1/ExecutorSummary.hostPort-api.scala-78-78=35
org/apache/spark/rdd/RDD$$anonfun$doCheckpoint$1.apply-RDD.scala-1801-1801=8
org/apache/spark/graphx/impl/EdgeRDDImpl.partitionsRDD-EdgeRDDImpl.scala-28-28=6
org/apache/spark/rdd/MapPartitionsRDD$$anonfun$isBarrier_$1.apply-MapPartitionsRDD.scala-60-60=4
org/apache/spark/rdd/RDD.getOrCompute-RDD.scala-354-357=9
org/apache/spark/status/api/v1/ShuffleWriteMetrics.bytesWritten-api.scala-254-254=206
org/apache/spark/rdd/RDD.context-RDD.scala-1772-1772=5
org/apache/spark/rdd/CoalescedRDDPartition.parentsIndices-CoalescedRDD.scala-40-40=15
org/apache/spark/rdd/RDD.firstParent-RDD.scala-1763-1763=8
org/apache/spark/rdd/RDDOperationScope$.withScope-RDDOperationScope.scala-134-155=12
org/apache/spark/rdd/RDD.persist-RDD.scala-189-189=3
org/apache/spark/rdd/RDD.org$apache$spark$rdd$RDD$$stateLock-RDD.scala-237-237=7
org/apache/spark/rdd/RDDOperationScope.name-RDDOperationScope.scala-47-47=1185
org/apache/spark/rdd/RDD$$anonfun$5.apply-RDD.scala-324-324=3808
org/apache/spark/rdd/RDD.name-RDD.scala-153-153=1688
org/apache/spark/rdd/RDD.computeOrReadCheckpoint-RDD.scala-343-343=23
org/apache/spark/rdd/RDD$$anonfun$dependencies$2.apply-RDD.scala-252-252=7258
org/apache/spark/rdd/ZippedPartitionsRDD2.rdd2-ZippedPartitionsRDD.scala-83-83=7
org/apache/spark/rdd/RDD.unpersist-RDD.scala-216-219=2
org/apache/spark/graphx/impl/ReplicatedVertexView$$anonfun$4.apply-ReplicatedVertexView.scala-113-113=12
org/apache/spark/rdd/RDD.org$apache$spark$internal$Logging$$log_-RDD.scala-77-77=4
org/apache/spark/graphx/impl/VertexRDDImpl.targetStorageLevel-VertexRDDImpl.scala-29-29=3
org/apache/spark/status/api/v1/RDDPartitionInfo.executors-api.scala-161-161=58
org/apache/spark/status/api/v1/TaskMetrics.outputMetrics-api.scala-232-232=411
org/apache/spark/rdd/RDD.map-RDD.scala-392-392=1
org/apache/spark/rdd/RDD$$anonfun$37.apply-RDD.scala-1744-1744=6
org/apache/spark/util/JsonProtocol$$anonfun$rddInfoToJson$8.apply-JsonProtocol.scala-445-445=2355
org/apache/spark/graphx/impl/VertexRDDImpl.cache-VertexRDDImpl.scala-27-27=2
org/apache/spark/rdd/CoalescedRDDPartition$$anonfun$writeObject$1.org$apache$spark$rdd$CoalescedRDDPartition$$anonfun$$$outer-CoalescedRDD.scala-45-45=24
org/apache/spark/rdd/ZippedPartitionsPartition$$anonfun$writeObject$1.org$apache$spark$rdd$ZippedPartitionsPartition$$anonfun$$$outer-ZippedPartitionsRDD.scala-38-38=198
org/apache/spark/rdd/RDDOperationScope$.withScope$default$2-RDDOperationScope.scala-101-101=4
org/apache/spark/rdd/RDD.preferredLocations-RDD.scala-296-296=40
org/apache/spark/rdd/RDDOperationScope$$anonfun$3.apply-RDDOperationScope.scala-106-106=8
org/apache/spark/graphx/impl/VertexAttributeBlock.iterator-ShippableVertexPartition.scala-31-31=167
org/apache/spark/rdd/RDD.org$apache$spark$rdd$RDD$$dependencies__$eq-RDD.scala-241-241=3
org/apache/spark/util/JsonProtocol$$anonfun$rddInfoToJson$1.apply-JsonProtocol.scala-437-437=2350
org/apache/spark/graphx/impl/VertexRDDImpl.unpersist-VertexRDDImpl.scala-27-27=1
org/apache/spark/status/api/v1/TaskMetrics.resultSerializationTime-api.scala-227-227=113
org/apache/spark/graphx/Graph.ops-Graph.scala-449-449=1
org/apache/spark/rdd/RDD.getStorageLevel-RDD.scala-223-223=1689
org/apache/spark/rdd/RDD$$anonfun$doCheckpoint$1$$anonfun$apply$mcV$sp$2.apply-RDD.scala-1813-1813=14
org/apache/spark/rdd/RDDOperationScope$$anonfun$1.apply-RDDOperationScope.scala-104-104=16
org/apache/spark/rdd/InputFileBlockHolder$.initialize-InputFileBlockHolder.scala-92-92=3
org/apache/spark/util/JsonProtocol$$anonfun$rddInfoToJson$3.apply-JsonProtocol.scala-439-439=2349
org/apache/spark/rdd/RDDOperationScope$.nextScopeId-RDDOperationScope.scala-90-90=12
org/apache/spark/rdd/RDD.checkpointData-RDD.scala-1751-1751=9419
org/apache/spark/graphx/impl/EdgeRDDImpl.filter-EdgeRDDImpl.scala-101-101=1
org/apache/spark/status/api/v1/TaskMetrics.executorDeserializeTime-api.scala-221-221=133
org/apache/spark/rdd/ZippedPartitionsPartition.partitionValues-ZippedPartitionsRDD.scala-34-34=10
org/apache/spark/rdd/RDD.org$apache$spark$internal$Logging$$log__$eq-RDD.scala-77-77=7
org/apache/spark/graphx/impl/EdgeRDDImpl$$anonfun$count$1.apply$mcJJJ$sp-EdgeRDDImpl.scala-90-90=16
org/apache/spark/rdd/RDDOperationScope$.fromJson-RDDOperationScope.scala-86-86=11
org/apache/spark/rdd/RDD.partitions-RDD.scala-269-269=2097
org/apache/spark/rdd/RDD$$anonfun$7.apply-RDD.scala-357-357=7
org/apache/spark/status/api/v1/ExecutorSummary.id-api.scala-77-77=35
org/apache/spark/graphx/impl/ReplicatedVertexView.hasDstId-ReplicatedVertexView.scala-36-36=2
org/apache/spark/graphx/impl/ReplicatedVertexView$$anonfun$4$$anonfun$apply$5$$anonfun$apply$6.apply-ReplicatedVertexView.scala-115-115=288
org/apache/spark/graphx/impl/ReplicatedVertexView$$anonfun$4$$anonfun$apply$5.apply-ReplicatedVertexView.scala-113-113=5
org/apache/spark/graphx/impl/VertexRDDImpl.withPartitionsRDD-VertexRDDImpl.scala-237-237=1
org/apache/spark/status/api/v1/RDDStorageInfo.id-api.scala-132-132=1181
org/apache/spark/rdd/RDD$$anonfun$org$apache$spark$rdd$RDD$$visit$1$1.apply-RDD.scala-327-328=1640
org/apache/spark/rdd/MapPartitionsRDD$.$lessinit$greater$default$5-MapPartitionsRDD.scala-44-44=3
org/apache/spark/status/api/v1/OutputMetrics.bytesWritten-api.scala-241-241=205
org/apache/spark/graphx/impl/GraphImpl.subgraph-GraphImpl.scala-162-169=1
org/apache/spark/rdd/ZippedPartitionsBaseRDD.partitioner-ZippedPartitionsRDD.scala-51-51=2
org/apache/spark/status/api/v1/TaskMetrics.resultSize-api.scala-225-225=111
org/apache/spark/graphx/impl/VertexRDDImpl.partitionsRDD-VertexRDDImpl.scala-28-28=7
org/apache/spark/rdd/ZippedPartitionsRDD2.rdd1-ZippedPartitionsRDD.scala-82-82=7
org/apache/spark/graphx/impl/GraphImpl.vertices-GraphImpl.scala-36-36=6
org/apache/spark/rdd/ZippedPartitionsPartition.index-ZippedPartitionsRDD.scala-33-33=101
org/apache/spark/status/api/v1/ShuffleReadMetrics.localBlocksFetched-api.scala-246-246=112
org/apache/spark/graphx/impl/GraphImpl.unpersistVertices-GraphImpl.scala-88-90=1
org/apache/spark/rdd/RDDOperationScope$$anonfun$2.apply-RDDOperationScope.scala-105-105=24
org/apache/spark/rdd/RDD.id-RDD.scala-150-150=4277
org/apache/spark/rdd/RDD.scope-RDD.scala-1743-1743=1686
org/apache/spark/util/JsonProtocol$$anonfun$rddInfoToJson$5.apply-JsonProtocol.scala-440-440=2345
org/apache/spark/status/api/v1/ShuffleWriteMetrics.writeTime-api.scala-255-255=114
org/apache/spark/status/api/v1/TaskMetrics.peakExecutionMemory-api.scala-230-230=113
org/apache/spark/rdd/MapPartitionsRDD$.$lessinit$greater$default$4-MapPartitionsRDD.scala-43-43=3
org/apache/spark/status/api/v1/StageData.stageId-api.scala-165-165=75
org/apache/spark/rdd/RDD.elementClassTag-RDD.scala-1749-1749=15
org/apache/spark/rdd/RDD$$anonfun$partitions$2$$anonfun$apply$3.apply-RDD.scala-274-274=160
org/apache/spark/rdd/RDD.withScope-RDD.scala-385-385=4
org/apache/spark/rdd/RDD$$anonfun$persist$1.apply-RDD.scala-176-176=4
org/apache/spark/status/api/v1/ShuffleReadMetrics.recordsRead-api.scala-251-251=209
org/apache/spark/rdd/RDD$$anonfun$org$apache$spark$rdd$RDD$$visit$1$1.apply-RDD.scala-326-326=1640
org/apache/spark/graphx/impl/GraphImpl.replicatedVertexView-GraphImpl.scala-37-37=5
org/apache/spark/rdd/ZippedPartitionsPartition.partitionValues_$eq-ZippedPartitionsRDD.scala-34-34=99
org/apache/spark/rdd/CoalescedRDDPartition$$anonfun$writeObject$1.apply$mcV$sp-CoalescedRDD.scala-47-48=14
org/apache/spark/rdd/RDD$$anonfun$map$1.apply-RDD.scala-392-392=1
org/apache/spark/rdd/RDD$$anonfun$preferredLocations$2.apply-RDD.scala-297-297=40
org/apache/spark/graphx/impl/GraphImpl.subgraph$default$1-GraphImpl.scala-160-160=1
org/apache/spark/rdd/RDD.org$apache$spark$rdd$RDD$$visit$1-RDD.scala-323-326=1686
org/apache/spark/rdd/RDD.isBarrier-RDD.scala-1931-1931=140
org/apache/spark/rdd/ZippedPartitionsPartition$$anonfun$writeObject$1$$anonfun$apply$mcV$sp$1.apply-ZippedPartitionsRDD.scala-40-40=393
org/apache/spark/graphx/Graph$.graphToGraphOps-Graph.scala-538-538=1
org/apache/spark/rdd/RDD$$anonfun$fold$1$$anonfun$22.apply-RDD.scala-1141-1141=7
org/apache/spark/graphx/impl/EdgeRDDImpl.count-EdgeRDDImpl.scala-90-90=1
org/apache/spark/graphx/impl/EdgeRDDImpl$$anonfun$count$2.apply-EdgeRDDImpl.scala-90-90=11
org/apache/spark/rdd/RDD.iterator-RDD.scala-307-307=27
org/apache/spark/rdd/ZippedPartitionsPartition.partitions-ZippedPartitionsRDD.scala-35-35=8
org/apache/spark/graphx/impl/VertexAttributeBlock.vids-ShippableVertexPartition.scala-28-28=176
org/apache/spark/util/JsonProtocol$$anonfun$rddInfoToJson$7.apply-JsonProtocol.scala-444-444=2357
org/apache/spark/rdd/RDDOperationScope$.$lessinit$greater$default$2-RDDOperationScope.scala-48-48=8
org/apache/spark/rdd/RDD.fold-RDD.scala-1137-1137=1
org/apache/spark/util/JsonProtocol$$anonfun$rddInfoToJson$2.apply-JsonProtocol.scala-437-437=2350
org/apache/spark/rdd/MapPartitionsRDD.getPartitions-MapPartitionsRDD.scala-49-49=3
org/apache/spark/status/api/v1/ShuffleReadMetrics.remoteBytesRead-api.scala-248-248=208
org/apache/spark/rdd/InputFileBlockHolder$.unset-InputFileBlockHolder.scala-86-86=6
org/apache/spark/rdd/RDD$$anonfun$fold$1$$anonfun$23.apply-RDD.scala-1142-1142=15
org/apache/spark/graphx/impl/EdgePartition$mcI$sp.updateVertices$mcI$sp-EdgePartition.scala-87-93=2
org/apache/spark/status/api/v1/TaskMetrics.inputMetrics-api.scala-231-231=409
org/apache/spark/status/api/v1/TaskMetrics.executorRunTime-api.scala-223-223=187
org/apache/spark/rdd/CoalescedRDDPartition.rdd-CoalescedRDD.scala-39-39=25
org/apache/spark/util/JsonProtocol$$anonfun$rddInfoToJson$6.apply-JsonProtocol.scala-443-443=2349
org/apache/spark/rdd/ShuffledRDDPartition.index-ShuffledRDD.scala-27-27=7
org/apache/spark/status/api/v1/RDDPartitionInfo.diskUsed-api.scala-160-160=18
org/apache/spark/rdd/RDD.org$apache$spark$rdd$RDD$$partitions__$eq-RDD.scala-242-242=4
org/apache/spark/graphx/impl/ReplicatedVertexView.hasSrcId-ReplicatedVertexView.scala-35-35=2
org/apache/spark/rdd/RDD.isLocallyCheckpointed-RDD.scala-1684-1684=3
org/apache/spark/graphx/impl/VertexRDDImpl.mapVertexPartitions-VertexRDDImpl.scala-96-97=1
org/apache/spark/graphx/impl/EdgePartition.size-EdgePartition.scala-314-314=7
org/apache/spark/rdd/CoalescedRDDPartition$$anonfun$writeObject$1.apply-CoalescedRDD.scala-45-45=15
org/apache/spark/status/api/v1/TaskMetrics.executorDeserializeCpuTime-api.scala-222-222=114
org/apache/spark/rdd/RDD.dependencies-RDD.scala-252-252=7256
org/apache/spark/status/api/v1/ShuffleReadMetrics.fetchWaitTime-api.scala-247-247=111
org/apache/spark/rdd/RDD.logName-RDD.scala-77-77=2
org/apache/spark/rdd/MapPartitionsRDD.isBarrier_-MapPartitionsRDD.scala-60-60=139
org/apache/spark/rdd/ZippedPartitionsRDD2.partitioner-ZippedPartitionsRDD.scala-51-51=2
org/apache/spark/graphx/impl/EdgeRDDImpl.targetStorageLevel-EdgeRDDImpl.scala-29-29=2
org/apache/spark/rdd/RDD$$anonfun$map$1$$anonfun$apply$5.apply-RDD.scala-394-394=9
org/apache/spark/status/api/v1/RDDPartitionInfo.memoryUsed-api.scala-159-159=18
org/apache/spark/status/api/v1/TaskMetrics.shuffleReadMetrics-api.scala-233-233=1076
org/apache/spark/rdd/RDD$$anonfun$fold$1.apply-RDD.scala-1139-1144=1
org/apache/spark/status/api/v1/ShuffleReadMetrics.remoteBlocksFetched-api.scala-245-245=116
org/apache/spark/graphx/EdgeRDD.getPartitions-EdgeRDD.scala-47-47=1
org/apache/spark/status/api/v1/ShuffleWriteMetrics.recordsWritten-api.scala-256-256=206
org/apache/spark/status/api/v1/TaskMetrics.diskBytesSpilled-api.scala-229-229=208
org/apache/spark/rdd/RDD.mapPartitions-RDD.scala-819-819=2
org/apache/spark/rdd/RDD$$anonfun$partitions$2.apply-RDD.scala-269-269=2094
org/apache/spark/rdd/RDDOperationScope.id-RDDOperationScope.scala-49-49=1189
org/apache/spark/rdd/RDD$$anonfun$4.apply-RDD.scala-323-323=4808
org/apache/spark/util/JsonProtocol$$anonfun$rddInfoToJson$4$$anonfun$apply$19.apply-JsonProtocol.scala-439-439=2354
org/apache/spark/rdd/InputFileBlockHolder$$anon$1.initialValue-InputFileBlockHolder.scala-53-53=4
org/apache/spark/rdd/RDD.name_$eq-RDD.scala-153-153=2
org/apache/spark/rdd/RDDOperationScope$.org$apache$spark$rdd$RDDOperationScope$$jsonMapper-RDDOperationScope.scala-82-82=1195
org/apache/spark/graphx/impl/EdgeRDDImpl$$anonfun$1.apply-EdgeRDDImpl.scala-48-48=1
org/apache/spark/rdd/RDDOperationScope$.withScope-RDDOperationScope.scala-102-112=4
org/apache/spark/util/JsonProtocol$$anonfun$rddInfoToJson$9.apply-JsonProtocol.scala-446-446=2355
org/apache/spark/graphx/impl/GraphImpl.cache-GraphImpl.scala-60-62=1
org/apache/spark/util/JsonProtocol$$anonfun$rddInfoToJson$4.apply-JsonProtocol.scala-439-439=2351
org/apache/spark/status/api/v1/ShuffleReadMetrics.localBytesRead-api.scala-250-250=208
org/apache/spark/graphx/impl/GraphImpl.unpersist-GraphImpl.scala-82-84=1
org/apache/spark/rdd/MapPartitionsRDD.compute-MapPartitionsRDD.scala-52-52=7
org/apache/spark/rdd/RDDOperationScope$$anonfun$5.apply-RDDOperationScope.scala-137-137=16
org/apache/spark/rdd/RDD$$anonfun$doCheckpoint$1.apply$mcV$sp-RDD.scala-1801-1801=8
org/apache/spark/graphx/impl/EdgeRDDImpl.mapEdgePartitions-EdgeRDDImpl.scala-119-119=1
org/apache/spark/rdd/RDD$$anonfun$getNarrowAncestors$1.apply-RDD.scala-335-335=3280
org/apache/spark/graphx/impl/ReplicatedVertexView.withEdges-ReplicatedVertexView.scala-44-44=1
org/apache/spark/rdd/RDD.logInfo-RDD.scala-77-77=2
org/apache/spark/rdd/RDD.org$apache$spark$rdd$RDD$$doCheckpointCalled_$eq-RDD.scala-1792-1792=5
org/apache/spark/rdd/RDD.setName-RDD.scala-157-158=2
org/apache/spark/rdd/RDDOperationScope.parent-RDDOperationScope.scala-48-48=1184
org/apache/spark/rdd/RDD$$anon$1.next-RDD.scala-367-368=3
org/apache/spark/rdd/RDD.initializeLogIfNecessary-RDD.scala-77-77=4
org/apache/spark/status/api/v1/JobData.jobId-api.scala-110-110=25
org/apache/spark/status/api/v1/TaskMetrics.jvmGcTime-api.scala-226-226=112
org/apache/spark/rdd/RDD.getDependencies-RDD.scala-132-132=3
org/apache/spark/rdd/ShuffledRDD.compute-ShuffledRDD.scala-103-105=7
org/apache/spark/rdd/RDDOperationScope$.$lessinit$greater$default$3-RDDOperationScope.scala-49-49=12
