org/apache/spark/rdd/RDD.doCheckpoint-RDD.scala-1800-1800=33
org/apache/spark/rdd/MapPartitionsRDD.partitioner-MapPartitionsRDD.scala-47-47=5
org/apache/spark/graphx/impl/ReplicatedVertexView.upgrade-ReplicatedVertexView.scala-62-61=1
org/apache/spark/rdd/ZippedPartitionsPartition$$anonfun$writeObject$1.apply-ZippedPartitionsRDD.scala-38-38=171
org/apache/spark/rdd/RDD.getNumPartitions-RDD.scala-289-289=16
org/apache/spark/rdd/RDD.org$apache$spark$rdd$RDD$$partitions_-RDD.scala-242-242=2452
org/apache/spark/graphx/impl/ShippableVertexPartitionOps.org$apache$spark$internal$Logging$$log__$eq-ShippableVertexPartition.scala-34-34=12
org/apache/spark/graphx/impl/ShippableVertexPartition.size-ShippableVertexPartition.scala-71-71=13
org/apache/spark/rdd/RDD.org$apache$spark$rdd$RDD$$sc-RDD.scala-89-100=160
org/apache/spark/graphx/impl/VertexRDDImpl.persist-VertexRDDImpl.scala-27-27=1
org/apache/spark/rdd/RDD$.rddToPairRDDFunctions-RDD.scala-2016-2016=3
org/apache/spark/status/api/v1/InputMetrics.recordsRead-api.scala-238-238=188
org/apache/spark/rdd/ZippedPartitionsRDD2.f-ZippedPartitionsRDD.scala-81-81=10
org/apache/spark/graphx/impl/VertexRDDImpl$$anonfun$count$2.apply-VertexRDDImpl.scala-90-90=23
org/apache/spark/rdd/RDD.persist-RDD.scala-202-202=1
org/apache/spark/status/api/v1/TaskMetrics.shuffleWriteMetrics-api.scala-234-234=496
org/apache/spark/graphx/lib/StronglyConnectedComponents$$anonfun$1.apply$mcJJJ$sp-StronglyConnectedComponents.scala-99-99=2
org/apache/spark/status/api/v1/StageData.attemptId-api.scala-166-166=53
org/apache/spark/rdd/RDD$.CHECKPOINT_ALL_MARKED_ANCESTORS-RDD.scala-2006-2006=17
org/apache/spark/rdd/ZippedPartitionsPartition$$anonfun$writeObject$1.apply$mcV$sp-ZippedPartitionsRDD.scala-40-41=170
org/apache/spark/graphx/impl/VertexRDDImpl.vdTag-VertexRDDImpl.scala-30-30=9
org/apache/spark/graphx/impl/ShippableVertexPartition$ShippableVertexPartitionOpsConstructor$.toOps-ShippableVertexPartition.scala-85-85=4
org/apache/spark/status/api/v1/ShuffleReadMetrics.remoteBytesReadToDisk-api.scala-249-249=118
org/apache/spark/rdd/RDD.getNarrowAncestors-RDD.scala-320-335=18
org/apache/spark/graphx/impl/VertexRDDImpl$$anonfun$5.org$apache$spark$graphx$impl$VertexRDDImpl$$anonfun$$$outer-VertexRDDImpl.scala-215-215=7
org/apache/spark/graphx/impl/EdgeRDDImpl.getStorageLevel-EdgeRDDImpl.scala-74-74=1
org/apache/spark/graphx/impl/ShippableVertexPartitionOps.withValues-ShippableVertexPartition.scala-152-152=5
org/apache/spark/graphx/impl/VertexRDDImpl$$anonfun$count$1.apply$mcJJJ$sp-VertexRDDImpl.scala-90-90=23
org/apache/spark/graphx/impl/GraphImpl.outerJoinVertices-GraphImpl.scala-253-253=1
org/apache/spark/status/api/v1/TaskMetrics.memoryBytesSpilled-api.scala-228-228=188
org/apache/spark/rdd/RDD.isCheckpointedAndMaterialized-RDD.scala-1677-1677=22
org/apache/spark/rdd/ZippedPartitionsRDD2.compute-ZippedPartitionsRDD.scala-88-89=6
org/apache/spark/rdd/ZippedPartitionsRDD2.getPartitions-ZippedPartitionsRDD.scala-55-57=5
org/apache/spark/rdd/RDD.isBarrier_-RDD.scala-1935-1935=9
org/apache/spark/rdd/RDD$$anonfun$mapPartitions$1.apply-RDD.scala-819-819=3
org/apache/spark/rdd/RDD.org$apache$spark$rdd$RDD$$doCheckpointCalled-RDD.scala-1792-1792=33
org/apache/spark/graphx/impl/VertexRDDImpl.diff-VertexRDDImpl.scala-136-149=1
org/apache/spark/graphx/impl/VertexPartitionBase.capacity-VertexPartitionBase.scala-69-69=14
org/apache/spark/rdd/ZippedPartitionsPartition.org$apache$spark$rdd$ZippedPartitionsPartition$$rdds-ZippedPartitionsRDD.scala-29-29=165
org/apache/spark/status/api/v1/OutputMetrics.recordsWritten-api.scala-242-242=190
org/apache/spark/rdd/RDD.creationSite-RDD.scala-1734-1734=314
org/apache/spark/rdd/util/PeriodicRDDCheckpointer.persist-PeriodicRDDCheckpointer.scala-87-87=1
org/apache/spark/rdd/RDD$$anonfun$isBarrier_$2.apply-RDD.scala-1936-1936=20
org/apache/spark/rdd/RDD$$anonfun$6.apply-RDD.scala-325-325=650
org/apache/spark/rdd/RDD.org$apache$spark$rdd$RDD$$dependencies_-RDD.scala-241-241=2767
org/apache/spark/graphx/GraphXUtils$.mapReduceTriplets-GraphXUtils.scala-69-69=1
org/apache/spark/rdd/MapPartitionsRDD$.$lessinit$greater$default$3-MapPartitionsRDD.scala-42-42=1
org/apache/spark/status/api/v1/TaskMetrics.executorCpuTime-api.scala-224-224=171
org/apache/spark/graphx/impl/ShippableVertexPartition.capacity-ShippableVertexPartition.scala-69-69=11
org/apache/spark/graphx/impl/EdgeRDDImpl.withPartitionsRDD-EdgeRDDImpl.scala-131-131=2
org/apache/spark/graphx/impl/VertexPartitionBaseOps$$anonfun$aggregateUsingIndex$1.apply-VertexPartitionBaseOps.scala-221-221=6
org/apache/spark/graphx/impl/VertexRDDImpl$$anonfun$count$1.apply-VertexRDDImpl.scala-90-90=36
org/apache/spark/rdd/RDDOperationScope.toJson-RDDOperationScope.scala-52-52=206
org/apache/spark/rdd/RDD$$anonfun$isBarrier_$1.apply-RDD.scala-1936-1936=20
org/apache/spark/rdd/ZippedPartitionsBaseRDD$$anonfun$getPartitions$3$$anonfun$3.apply-ZippedPartitionsRDD.scala-63-63=200
org/apache/spark/status/api/v1/InputMetrics.bytesRead-api.scala-237-237=190
org/apache/spark/graphx/impl/ReplicatedVertexView.edges-ReplicatedVertexView.scala-34-34=8
org/apache/spark/rdd/RDD.getPreferredLocations-RDD.scala-137-137=60
org/apache/spark/status/api/v1/ExecutorSummary.hostPort-api.scala-78-78=153
org/apache/spark/rdd/RDD$$anonfun$zipPartitions$1.apply-RDD.scala-931-931=5
org/apache/spark/rdd/PairRDDFunctions.org$apache$spark$internal$Logging$$log__$eq-PairRDDFunctions.scala-49-49=3
org/apache/spark/rdd/RDD$$anonfun$doCheckpoint$1.apply-RDD.scala-1801-1801=33
org/apache/spark/rdd/ZippedPartitionsPartition$$anonfun$1.apply-ZippedPartitionsRDD.scala-34-34=400
org/apache/spark/graphx/impl/EdgeRDDImpl.partitionsRDD-EdgeRDDImpl.scala-28-28=11
org/apache/spark/rdd/MapPartitionsRDD$$anonfun$isBarrier_$1.apply-MapPartitionsRDD.scala-60-60=8
org/apache/spark/rdd/RDD.getOrCompute-RDD.scala-354-357=12
org/apache/spark/rdd/ZippedPartitionsRDD2.getPreferredLocations-ZippedPartitionsRDD.scala-70-70=120
org/apache/spark/status/api/v1/ShuffleWriteMetrics.bytesWritten-api.scala-254-254=189
org/apache/spark/rdd/ZippedPartitionsBaseRDD$$anonfun$$lessinit$greater$1.apply-ZippedPartitionsRDD.scala-49-49=20
org/apache/spark/rdd/RDD.context-RDD.scala-1772-1772=18
org/apache/spark/rdd/PairRDDFunctions$$anonfun$partitionBy$1.apply-PairRDDFunctions.scala-529-529=3
org/apache/spark/graphx/impl/ShippableVertexPartitionOps.aggregateUsingIndex-ShippableVertexPartition.scala-219-234=3
org/apache/spark/rdd/RDD.firstParent-RDD.scala-1763-1763=17
org/apache/spark/rdd/RDDOperationScope$.withScope-RDDOperationScope.scala-134-155=48
org/apache/spark/rdd/RDD.persist-RDD.scala-189-189=5
org/apache/spark/rdd/RDD.org$apache$spark$rdd$RDD$$stateLock-RDD.scala-237-237=26
org/apache/spark/rdd/ShuffledRDD.getPartitions-ShuffledRDD.scala-93-93=3
org/apache/spark/graphx/impl/VertexRDDImpl.aggregateUsingIndex-VertexRDDImpl.scala-214-218=1
org/apache/spark/rdd/RDDOperationScope.name-RDDOperationScope.scala-47-47=390
org/apache/spark/rdd/RDD$$anonfun$5.apply-RDD.scala-324-324=650
org/apache/spark/rdd/RDD.name-RDD.scala-153-153=303
org/apache/spark/graphx/impl/ShippableVertexPartition.routingTable-ShippableVertexPartition.scala-101-101=12
org/apache/spark/rdd/PairRDDFunctions.partitionBy-PairRDDFunctions.scala-529-529=3
org/apache/spark/rdd/RDD$$anonfun$dependencies$2.apply-RDD.scala-252-252=1382
org/apache/spark/rdd/ZippedPartitionsRDD2.rdd2-ZippedPartitionsRDD.scala-83-83=6
org/apache/spark/rdd/RDD.computeOrReadCheckpoint-RDD.scala-343-343=25
org/apache/spark/graphx/impl/VertexRDDImpl.targetStorageLevel-VertexRDDImpl.scala-29-29=6
org/apache/spark/status/api/v1/RDDPartitionInfo.executors-api.scala-161-161=16
org/apache/spark/status/api/v1/TaskMetrics.outputMetrics-api.scala-232-232=377
org/apache/spark/rdd/RDD.map-RDD.scala-392-392=1
org/apache/spark/rdd/RDD$$anonfun$37.apply-RDD.scala-1744-1744=24
org/apache/spark/util/JsonProtocol$$anonfun$rddInfoToJson$8.apply-JsonProtocol.scala-445-445=318
org/apache/spark/graphx/impl/VertexRDDImpl.cache-VertexRDDImpl.scala-27-27=3
org/apache/spark/rdd/ZippedPartitionsPartition$$anonfun$writeObject$1.org$apache$spark$rdd$ZippedPartitionsPartition$$anonfun$$$outer-ZippedPartitionsRDD.scala-38-38=319
org/apache/spark/rdd/RDDOperationScope$.withScope$default$2-RDDOperationScope.scala-101-101=15
org/apache/spark/rdd/RDD.preferredLocations-RDD.scala-296-296=240
org/apache/spark/rdd/RDDOperationScope$$anonfun$3.apply-RDDOperationScope.scala-106-106=30
org/apache/spark/graphx/impl/VertexRDDImpl.count-VertexRDDImpl.scala-90-90=1
org/apache/spark/graphx/util/PeriodicGraphCheckpointer.persist-PeriodicGraphCheckpointer.scala-80-80=1
org/apache/spark/graphx/impl/VertexRDDImpl.leftZipJoin-VertexRDDImpl.scala-154-161=1
org/apache/spark/graphx/impl/GraphImpl$$anonfun$12.apply-GraphImpl.scala-205-205=2
org/apache/spark/rdd/ZippedPartitionsBaseRDD.getPartitions-ZippedPartitionsRDD.scala-55-57=5
org/apache/spark/rdd/RDD.org$apache$spark$rdd$RDD$$dependencies__$eq-RDD.scala-241-241=12
org/apache/spark/rdd/ShuffledRDD.getPreferredLocations-ShuffledRDD.scala-97-99=60
org/apache/spark/graphx/impl/VertexRDDImpl.getStorageLevel-VertexRDDImpl.scala-74-74=2
org/apache/spark/rdd/ShuffledRDD$$anonfun$1.apply-ShuffledRDD.scala-79-79=3
org/apache/spark/util/JsonProtocol$$anonfun$rddInfoToJson$1.apply-JsonProtocol.scala-437-437=320
org/apache/spark/rdd/ZippedPartitionsBaseRDD$$anonfun$getPartitions$3.apply-ZippedPartitionsRDD.scala-60-60=100
org/apache/spark/status/api/v1/TaskMetrics.resultSerializationTime-api.scala-227-227=118
org/apache/spark/rdd/RDD.getStorageLevel-RDD.scala-223-223=315
org/apache/spark/graphx/Graph.ops-Graph.scala-449-449=1
org/apache/spark/rdd/RDD$$anonfun$doCheckpoint$1$$anonfun$apply$mcV$sp$2.apply-RDD.scala-1813-1813=64
org/apache/spark/rdd/RDDOperationScope$$anonfun$1.apply-RDDOperationScope.scala-104-104=60
org/apache/spark/rdd/ShuffledRDD$$anonfun$getPartitions$1.apply-ShuffledRDD.scala-93-93=120
org/apache/spark/rdd/RDD.sparkContext-RDD.scala-147-147=4
org/apache/spark/rdd/InputFileBlockHolder$.initialize-InputFileBlockHolder.scala-92-92=3
org/apache/spark/util/JsonProtocol$$anonfun$rddInfoToJson$3.apply-JsonProtocol.scala-439-439=320
org/apache/spark/graphx/impl/VertexRDDImpl$$anonfun$5$$anonfun$apply$5.apply-VertexRDDImpl.scala-216-216=7
org/apache/spark/rdd/RDDOperationScope$.nextScopeId-RDDOperationScope.scala-90-90=46
org/apache/spark/rdd/RDD.checkpointData-RDD.scala-1751-1751=2879
org/apache/spark/rdd/util/PeriodicRDDCheckpointer.persist-PeriodicRDDCheckpointer.scala-77-77=1
org/apache/spark/status/api/v1/TaskMetrics.executorDeserializeTime-api.scala-221-221=139
org/apache/spark/rdd/ZippedPartitionsBaseRDD.rdds-ZippedPartitionsRDD.scala-47-47=210
org/apache/spark/rdd/ZippedPartitionsPartition.partitionValues-ZippedPartitionsRDD.scala-34-34=7
org/apache/spark/rdd/RDD.org$apache$spark$internal$Logging$$log__$eq-RDD.scala-77-77=17
org/apache/spark/graphx/impl/ShippableVertexPartition.mask-ShippableVertexPartition.scala-100-100=18
org/apache/spark/rdd/RDD$$anonfun$zipPartitions$2.apply-RDD.scala-937-937=2
org/apache/spark/rdd/RDDOperationScope$.fromJson-RDDOperationScope.scala-86-86=47
org/apache/spark/rdd/RDD.partitions-RDD.scala-269-269=1211
org/apache/spark/status/api/v1/ExecutorSummary.id-api.scala-77-77=153
org/apache/spark/rdd/RDD$$anonfun$7.apply-RDD.scala-357-357=6
org/apache/spark/graphx/impl/ReplicatedVertexView.hasDstId-ReplicatedVertexView.scala-36-36=5
org/apache/spark/graphx/impl/VertexPartitionBaseOps.aggregateUsingIndex-VertexPartitionBaseOps.scala-219-234=6
org/apache/spark/graphx/impl/VertexRDDImpl.withPartitionsRDD-VertexRDDImpl.scala-237-237=3
org/apache/spark/status/api/v1/RDDStorageInfo.id-api.scala-132-132=1573
org/apache/spark/rdd/RDD$$anonfun$org$apache$spark$rdd$RDD$$visit$1$1.apply-RDD.scala-327-328=280
org/apache/spark/rdd/MapPartitionsRDD$.$lessinit$greater$default$5-MapPartitionsRDD.scala-44-44=4
org/apache/spark/status/api/v1/OutputMetrics.bytesWritten-api.scala-241-241=187
org/apache/spark/rdd/ZippedPartitionsBaseRDD.partitioner-ZippedPartitionsRDD.scala-51-51=9
org/apache/spark/status/api/v1/TaskMetrics.resultSize-api.scala-225-225=118
org/apache/spark/graphx/impl/VertexRDDImpl.partitionsRDD-VertexRDDImpl.scala-28-28=22
org/apache/spark/rdd/ZippedPartitionsRDD2.rdd1-ZippedPartitionsRDD.scala-82-82=11
org/apache/spark/graphx/impl/GraphImpl.vertices-GraphImpl.scala-36-36=7
org/apache/spark/graphx/util/PeriodicGraphCheckpointer.persist-PeriodicGraphCheckpointer.scala-90-89=1
org/apache/spark/rdd/ShuffledRDD.isBarrier-ShuffledRDD.scala-114-114=3
org/apache/spark/rdd/ZippedPartitionsPartition.index-ZippedPartitionsRDD.scala-33-33=260
org/apache/spark/status/api/v1/ShuffleReadMetrics.localBlocksFetched-api.scala-246-246=117
org/apache/spark/graphx/impl/VertexRDDImpl.leftJoin-VertexRDDImpl.scala-170-170=1
org/apache/spark/rdd/RDDOperationScope$$anonfun$2.apply-RDDOperationScope.scala-105-105=90
org/apache/spark/rdd/RDD.id-RDD.scala-150-150=1004
org/apache/spark/rdd/RDD.scope-RDD.scala-1743-1743=298
org/apache/spark/util/JsonProtocol$$anonfun$rddInfoToJson$5.apply-JsonProtocol.scala-440-440=318
org/apache/spark/status/api/v1/ShuffleWriteMetrics.writeTime-api.scala-255-255=118
org/apache/spark/status/api/v1/TaskMetrics.peakExecutionMemory-api.scala-230-230=119
org/apache/spark/rdd/MapPartitionsRDD$.$lessinit$greater$default$4-MapPartitionsRDD.scala-43-43=4
org/apache/spark/rdd/RDD.zipPartitions-RDD.scala-936-936=2
org/apache/spark/rdd/ZippedPartitionsBaseRDD$$anonfun$getPartitions$1.apply-ZippedPartitionsRDD.scala-56-56=20
org/apache/spark/status/api/v1/StageData.stageId-api.scala-165-165=54
org/apache/spark/graphx/impl/ShippableVertexPartitionOps.withMask-ShippableVertexPartition.scala-152-152=4
org/apache/spark/rdd/ShuffledRDD.getDependencies-ShuffledRDD.scala-79-87=3
org/apache/spark/rdd/RDD.elementClassTag-RDD.scala-1749-1749=32
org/apache/spark/rdd/RDD$$anonfun$partitions$2$$anonfun$apply$3.apply-RDD.scala-274-274=560
org/apache/spark/graphx/impl/VertexPartitionBaseOps.org$apache$spark$internal$Logging$$log__$eq-VertexPartitionBaseOps.scala-34-34=10
org/apache/spark/rdd/RDD.withScope-RDD.scala-385-385=15
org/apache/spark/rdd/RDD$$anonfun$persist$1.apply-RDD.scala-176-176=6
org/apache/spark/graphx/impl/EdgeRDDImpl.cache-EdgeRDDImpl.scala-27-27=1
org/apache/spark/status/api/v1/ShuffleReadMetrics.recordsRead-api.scala-251-251=186
org/apache/spark/rdd/ZippedPartitionsBaseRDD$$anonfun$getPartitions$3$$anonfun$2.apply-ZippedPartitionsRDD.scala-61-61=400
org/apache/spark/rdd/RDD$$anonfun$org$apache$spark$rdd$RDD$$visit$1$1.apply-RDD.scala-326-326=280
org/apache/spark/graphx/impl/GraphImpl.replicatedVertexView-GraphImpl.scala-37-37=3
org/apache/spark/rdd/ZippedPartitionsPartition.partitionValues_$eq-ZippedPartitionsRDD.scala-34-34=159
org/apache/spark/graphx/impl/ShippableVertexPartition$ShippableVertexPartitionOpsConstructor$.toOps-ShippableVertexPartition.scala-88-88=4
org/apache/spark/rdd/RDD$$anonfun$preferredLocations$2.apply-RDD.scala-297-297=240
org/apache/spark/rdd/RDD$$anonfun$map$1.apply-RDD.scala-392-392=1
org/apache/spark/graphx/impl/ShippableVertexPartition.index-ShippableVertexPartition.scala-98-98=33
org/apache/spark/graphx/impl/EdgeRDDImpl.partitioner-EdgeRDDImpl.scala-47-47=2
org/apache/spark/graphx/impl/VertexPartitionBase.size-VertexPartitionBase.scala-71-71=11
org/apache/spark/graphx/impl/ReplicatedVertexView.updateVertices-ReplicatedVertexView.scala-108-118=1
org/apache/spark/rdd/RDD.org$apache$spark$rdd$RDD$$visit$1-RDD.scala-323-326=298
org/apache/spark/rdd/ZippedPartitionsBaseRDD$$anonfun$getPartitions$3.apply-ZippedPartitionsRDD.scala-61-65=100
org/apache/spark/rdd/RDD.isBarrier-RDD.scala-1931-1931=82
org/apache/spark/graphx/impl/VertexRDDImpl$$anonfun$5.apply-VertexRDDImpl.scala-215-215=7
org/apache/spark/rdd/ZippedPartitionsPartition$$anonfun$writeObject$1$$anonfun$apply$mcV$sp$1.apply-ZippedPartitionsRDD.scala-40-40=638
org/apache/spark/rdd/ZippedPartitionsPartition.preferredLocations-ZippedPartitionsRDD.scala-30-30=120
org/apache/spark/rdd/ZippedPartitionsBaseRDD.getPreferredLocations-ZippedPartitionsRDD.scala-70-70=120
org/apache/spark/graphx/Graph$.graphToGraphOps-Graph.scala-538-538=1
org/apache/spark/rdd/RDD$$anonfun$fold$1$$anonfun$22.apply-RDD.scala-1141-1141=6
org/apache/spark/rdd/RDD.iterator-RDD.scala-307-307=28
org/apache/spark/rdd/ZippedPartitionsPartition.partitions-ZippedPartitionsRDD.scala-35-35=6
org/apache/spark/graphx/impl/VertexRDDImpl.partitioner-VertexRDDImpl.scala-37-37=5
org/apache/spark/graphx/lib/StronglyConnectedComponents$$anonfun$1.apply-StronglyConnectedComponents.scala-99-99=8
org/apache/spark/util/JsonProtocol$$anonfun$rddInfoToJson$7.apply-JsonProtocol.scala-444-444=318
org/apache/spark/rdd/RDDOperationScope$.$lessinit$greater$default$2-RDDOperationScope.scala-48-48=33
org/apache/spark/rdd/RDDOperationScope$$anonfun$getAllScopes$2.apply-RDDOperationScope.scala-61-61=185
org/apache/spark/rdd/RDD.fold-RDD.scala-1137-1137=1
org/apache/spark/rdd/RDDOperationScope.getAllScopes-RDDOperationScope.scala-61-61=185
org/apache/spark/rdd/ShuffledRDD.prev-ShuffledRDD.scala-42-42=3
org/apache/spark/util/JsonProtocol$$anonfun$rddInfoToJson$2.apply-JsonProtocol.scala-437-437=320
org/apache/spark/rdd/MapPartitionsRDD.getPartitions-MapPartitionsRDD.scala-49-49=4
org/apache/spark/status/api/v1/ShuffleReadMetrics.remoteBytesRead-api.scala-248-248=185
org/apache/spark/rdd/InputFileBlockHolder$.unset-InputFileBlockHolder.scala-86-86=2
org/apache/spark/rdd/RDD$$anonfun$fold$1$$anonfun$23.apply-RDD.scala-1142-1142=20
org/apache/spark/status/api/v1/TaskMetrics.executorRunTime-api.scala-223-223=172
org/apache/spark/status/api/v1/TaskMetrics.inputMetrics-api.scala-231-231=377
org/apache/spark/util/JsonProtocol$$anonfun$rddInfoToJson$6.apply-JsonProtocol.scala-443-443=318
org/apache/spark/rdd/ShuffledRDDPartition.index-ShuffledRDD.scala-27-27=137
org/apache/spark/graphx/impl/GraphImpl.edges-GraphImpl.scala-35-35=2
org/apache/spark/status/api/v1/RDDPartitionInfo.diskUsed-api.scala-160-160=17
org/apache/spark/rdd/RDD.org$apache$spark$rdd$RDD$$partitions__$eq-RDD.scala-242-242=14
org/apache/spark/graphx/impl/ReplicatedVertexView.hasSrcId-ReplicatedVertexView.scala-35-35=5
org/apache/spark/rdd/RDD.isLocallyCheckpointed-RDD.scala-1684-1684=5
org/apache/spark/status/api/v1/TaskMetrics.executorDeserializeCpuTime-api.scala-222-222=119
org/apache/spark/rdd/RDD.dependencies-RDD.scala-252-252=1384
org/apache/spark/rdd/PairRDDFunctions.keyClass-PairRDDFunctions.scala-1111-1111=3
org/apache/spark/status/api/v1/ShuffleReadMetrics.fetchWaitTime-api.scala-247-247=115
org/apache/spark/rdd/MapPartitionsRDD.isBarrier_-MapPartitionsRDD.scala-60-60=73
org/apache/spark/rdd/ZippedPartitionsRDD2.partitioner-ZippedPartitionsRDD.scala-51-51=9
org/apache/spark/graphx/impl/EdgeRDDImpl.targetStorageLevel-EdgeRDDImpl.scala-29-29=3
org/apache/spark/graphx/impl/ReplicatedVertexView.withActiveSet-ReplicatedVertexView.scala-89-98=1
org/apache/spark/rdd/RDD.zipPartitions-RDD.scala-930-930=5
org/apache/spark/rdd/RDD.mapPartitions$default$2-RDD.scala-819-819=3
org/apache/spark/rdd/RDD$$anonfun$map$1$$anonfun$apply$5.apply-RDD.scala-394-394=15
org/apache/spark/status/api/v1/TaskMetrics.shuffleReadMetrics-api.scala-233-233=1032
org/apache/spark/status/api/v1/RDDPartitionInfo.memoryUsed-api.scala-159-159=17
org/apache/spark/rdd/RDD$$anonfun$fold$1.apply-RDD.scala-1139-1144=1
org/apache/spark/status/api/v1/ShuffleReadMetrics.remoteBlocksFetched-api.scala-245-245=117
org/apache/spark/graphx/EdgeRDD.getPartitions-EdgeRDD.scala-47-47=2
org/apache/spark/status/api/v1/ShuffleWriteMetrics.recordsWritten-api.scala-256-256=187
org/apache/spark/rdd/ShuffledRDD.org$apache$spark$rdd$ShuffledRDD$$mapSideCombine-ShuffledRDD.scala-52-52=6
org/apache/spark/status/api/v1/TaskMetrics.diskBytesSpilled-api.scala-229-229=188
org/apache/spark/rdd/ZippedPartitionsRDD2.rdds-ZippedPartitionsRDD.scala-47-47=210
org/apache/spark/graphx/impl/VertexRDDImpl.shipVertexIds-VertexRDDImpl.scala-251-251=1
org/apache/spark/rdd/RDD.mapPartitions-RDD.scala-819-819=3
org/apache/spark/graphx/impl/GraphImpl.aggregateMessagesWithActiveSet-GraphImpl.scala-195-199=1
org/apache/spark/rdd/RDD$$anonfun$partitions$2.apply-RDD.scala-269-269=1215
org/apache/spark/rdd/RDDOperationScope.id-RDDOperationScope.scala-49-49=391
org/apache/spark/rdd/RDD$$anonfun$4.apply-RDD.scala-323-323=798
org/apache/spark/graphx/impl/VertexRDDImpl$$anonfun$5.apply-VertexRDDImpl.scala-216-216=6
org/apache/spark/util/JsonProtocol$$anonfun$rddInfoToJson$4$$anonfun$apply$19.apply-JsonProtocol.scala-439-439=320
org/apache/spark/rdd/InputFileBlockHolder$$anon$1.initialValue-InputFileBlockHolder.scala-53-53=2
org/apache/spark/rdd/RDD.name_$eq-RDD.scala-153-153=8
org/apache/spark/rdd/RDDOperationScope$.org$apache$spark$rdd$RDDOperationScope$$jsonMapper-RDDOperationScope.scala-82-82=253
org/apache/spark/graphx/impl/EdgeRDDImpl$$anonfun$1.apply-EdgeRDDImpl.scala-48-48=2
org/apache/spark/rdd/RDDOperationScope$.withScope-RDDOperationScope.scala-102-112=15
org/apache/spark/util/JsonProtocol$$anonfun$rddInfoToJson$9.apply-JsonProtocol.scala-446-446=318
org/apache/spark/status/api/v1/ShuffleReadMetrics.localBytesRead-api.scala-250-250=189
org/apache/spark/util/JsonProtocol$$anonfun$rddInfoToJson$4.apply-JsonProtocol.scala-439-439=320
org/apache/spark/rdd/MapPartitionsRDD.compute-MapPartitionsRDD.scala-52-52=8
org/apache/spark/rdd/RDDOperationScope$$anonfun$5.apply-RDDOperationScope.scala-137-137=70
org/apache/spark/rdd/RDD$$anonfun$doCheckpoint$1.apply$mcV$sp-RDD.scala-1801-1801=33
org/apache/spark/rdd/RDD$$anonfun$getNarrowAncestors$1.apply-RDD.scala-335-335=560
org/apache/spark/rdd/RDD.org$apache$spark$rdd$RDD$$doCheckpointCalled_$eq-RDD.scala-1792-1792=23
org/apache/spark/graphx/impl/VertexPartitionBaseOps$$anonfun$aggregateUsingIndex$1.apply-VertexPartitionBaseOps.scala-222-221=5
org/apache/spark/rdd/RDD.setName-RDD.scala-157-158=8
org/apache/spark/rdd/RDDOperationScope.parent-RDDOperationScope.scala-48-48=391
org/apache/spark/rdd/RDD$$anon$1.next-RDD.scala-367-368=4
org/apache/spark/status/api/v1/JobData.jobId-api.scala-110-110=22
org/apache/spark/graphx/GraphOps.joinVertices-GraphOps.scala-225-231=1
org/apache/spark/status/api/v1/TaskMetrics.jvmGcTime-api.scala-226-226=118
org/apache/spark/graphx/impl/ShippableVertexPartition$.shippablePartitionToOps-ShippableVertexPartition.scala-77-77=11
org/apache/spark/graphx/impl/VertexRDDImpl.shipVertexAttributes-VertexRDDImpl.scala-247-247=1
org/apache/spark/rdd/RDD.getDependencies-RDD.scala-132-132=9
org/apache/spark/rdd/ShuffledRDD.compute-ShuffledRDD.scala-103-105=6
org/apache/spark/rdd/RDDOperationScope$.$lessinit$greater$default$3-RDDOperationScope.scala-49-49=46
org/apache/spark/graphx/impl/ShippableVertexPartition.values-ShippableVertexPartition.scala-99-99=6
