org/apache/spark/status/api/v1/OutputMetrics.bytesWritten-api.scala-241-241=28
org/apache/spark/graphx/impl/EdgePartition$mcI$sp.updateVertices-EdgePartition.scala-86-86=1
org/apache/spark/status/api/v1/TaskMetrics.resultSize-api.scala-225-225=20
org/apache/spark/rdd/CoalescedRDDPartition.parents_$eq-CoalescedRDD.scala-42-42=4
org/apache/spark/rdd/ZippedPartitionsPartition$$anonfun$writeObject$1.apply-ZippedPartitionsRDD.scala-38-38=56
org/apache/spark/rdd/ZippedPartitionsRDD2.rdd1-ZippedPartitionsRDD.scala-82-82=3
org/apache/spark/graphx/impl/EdgeRDDImpl$$anonfun$mapEdgePartitions$1.apply-EdgeRDDImpl.scala-119-119=1
org/apache/spark/rdd/RDD.org$apache$spark$rdd$RDD$$partitions_-RDD.scala-242-242=444
org/apache/spark/rdd/ZippedPartitionsPartition.index-ZippedPartitionsRDD.scala-33-33=28
org/apache/spark/status/api/v1/ShuffleReadMetrics.localBlocksFetched-api.scala-246-246=20
org/apache/spark/rdd/RDD.id-RDD.scala-150-150=262
org/apache/spark/rdd/RDD.scope-RDD.scala-1743-1743=38
org/apache/spark/status/api/v1/InputMetrics.recordsRead-api.scala-238-238=28
org/apache/spark/rdd/ZippedPartitionsRDD2.f-ZippedPartitionsRDD.scala-81-81=2
org/apache/spark/util/JsonProtocol$$anonfun$rddInfoToJson$5.apply-JsonProtocol.scala-440-440=96
org/apache/spark/status/api/v1/ShuffleWriteMetrics.writeTime-api.scala-255-255=20
org/apache/spark/status/api/v1/TaskMetrics.peakExecutionMemory-api.scala-230-230=20
org/apache/spark/rdd/CoalescedRDDPartition$$anonfun$writeObject$1$$anonfun$apply$mcV$sp$1.apply-CoalescedRDD.scala-47-47=12
org/apache/spark/status/api/v1/TaskMetrics.shuffleWriteMetrics-api.scala-234-234=77
org/apache/spark/status/api/v1/StageData.attemptId-api.scala-166-166=4
org/apache/spark/rdd/ZippedPartitionsPartition$$anonfun$writeObject$1.apply$mcV$sp-ZippedPartitionsRDD.scala-40-41=56
org/apache/spark/status/api/v1/StageData.stageId-api.scala-165-165=4
org/apache/spark/status/api/v1/ShuffleReadMetrics.remoteBytesReadToDisk-api.scala-249-249=20
org/apache/spark/rdd/RDD.getNarrowAncestors-RDD.scala-320-335=1
org/apache/spark/rdd/RDD.elementClassTag-RDD.scala-1749-1749=1
org/apache/spark/graphx/impl/VertexAttributeBlock$$anonfun$iterator$1.apply-ShippableVertexPartition.scala-31-31=1
org/apache/spark/graphx/impl/VertexAttributeBlock.attrs-ShippableVertexPartition.scala-28-28=1
org/apache/spark/status/api/v1/TaskMetrics.memoryBytesSpilled-api.scala-228-228=29
org/apache/spark/rdd/RDD.isCheckpointedAndMaterialized-RDD.scala-1677-1677=8
org/apache/spark/rdd/ZippedPartitionsRDD2.compute-ZippedPartitionsRDD.scala-88-89=2
org/apache/spark/status/api/v1/ShuffleReadMetrics.recordsRead-api.scala-251-251=28
org/apache/spark/rdd/ZippedPartitionsPartition.org$apache$spark$rdd$ZippedPartitionsPartition$$rdds-ZippedPartitionsRDD.scala-29-29=56
org/apache/spark/status/api/v1/OutputMetrics.recordsWritten-api.scala-242-242=28
org/apache/spark/rdd/RDD$$anonfun$org$apache$spark$rdd$RDD$$visit$1$1.apply-RDD.scala-326-326=37
org/apache/spark/rdd/RDD.creationSite-RDD.scala-1734-1734=38
org/apache/spark/rdd/ZippedPartitionsPartition.partitionValues_$eq-ZippedPartitionsRDD.scala-34-34=56
org/apache/spark/rdd/RDD$$anonfun$6.apply-RDD.scala-325-325=74
org/apache/spark/rdd/RDD$$anonfun$preferredLocations$2.apply-RDD.scala-297-297=62
org/apache/spark/rdd/CoalescedRDDPartition$$anonfun$writeObject$1.apply$mcV$sp-CoalescedRDD.scala-47-48=4
org/apache/spark/rdd/RDD.org$apache$spark$rdd$RDD$$dependencies_-RDD.scala-241-241=299
org/apache/spark/graphx/impl/ExistingEdgePartitionBuilder$.$lessinit$greater$default$5-EdgePartitionBuilder.scala-89-89=1
org/apache/spark/status/api/v1/TaskMetrics.executorCpuTime-api.scala-224-224=24
org/apache/spark/rdd/RDDOperationScope.toJson-RDDOperationScope.scala-52-52=48
org/apache/spark/rdd/RDD.org$apache$spark$rdd$RDD$$visit$1-RDD.scala-323-326=38
org/apache/spark/rdd/RDD.isBarrier-RDD.scala-1931-1931=20
org/apache/spark/status/api/v1/InputMetrics.bytesRead-api.scala-237-237=28
org/apache/spark/rdd/ZippedPartitionsPartition$$anonfun$writeObject$1$$anonfun$apply$mcV$sp$1.apply-ZippedPartitionsRDD.scala-40-40=224
org/apache/spark/rdd/RDD.getPreferredLocations-RDD.scala-137-137=28
org/apache/spark/rdd/ZippedPartitionsPartition.preferredLocations-ZippedPartitionsRDD.scala-30-30=37
org/apache/spark/status/api/v1/ExecutorSummary.hostPort-api.scala-78-78=5
org/apache/spark/rdd/ZippedPartitionsBaseRDD.getPreferredLocations-ZippedPartitionsRDD.scala-70-70=31
org/apache/spark/rdd/RDD.iterator-RDD.scala-307-307=3
org/apache/spark/rdd/ZippedPartitionsRDD2.getPreferredLocations-ZippedPartitionsRDD.scala-70-70=36
org/apache/spark/rdd/ZippedPartitionsPartition.partitions-ZippedPartitionsRDD.scala-35-35=3
org/apache/spark/status/api/v1/ShuffleWriteMetrics.bytesWritten-api.scala-254-254=29
org/apache/spark/graphx/impl/VertexAttributeBlock.vids-ShippableVertexPartition.scala-28-28=37
org/apache/spark/util/JsonProtocol$$anonfun$rddInfoToJson$7.apply-JsonProtocol.scala-444-444=96
org/apache/spark/rdd/CoalescedRDDPartition.parentsIndices-CoalescedRDD.scala-40-40=4
org/apache/spark/rdd/RDD.firstParent-RDD.scala-1763-1763=4
org/apache/spark/util/JsonProtocol$$anonfun$rddInfoToJson$2.apply-JsonProtocol.scala-437-437=94
org/apache/spark/status/api/v1/ShuffleReadMetrics.remoteBytesRead-api.scala-248-248=28
org/apache/spark/graphx/impl/EdgePartition$mcI$sp.updateVertices$mcI$sp-EdgePartition.scala-87-93=1
org/apache/spark/status/api/v1/TaskMetrics.executorRunTime-api.scala-223-223=24
org/apache/spark/status/api/v1/TaskMetrics.inputMetrics-api.scala-231-231=56
org/apache/spark/rdd/RDDOperationScope.name-RDDOperationScope.scala-47-47=48
org/apache/spark/rdd/RDD$$anonfun$5.apply-RDD.scala-324-324=74
org/apache/spark/rdd/CoalescedRDDPartition.rdd-CoalescedRDD.scala-39-39=6
org/apache/spark/util/JsonProtocol$$anonfun$rddInfoToJson$6.apply-JsonProtocol.scala-443-443=96
org/apache/spark/rdd/RDD.name-RDD.scala-153-153=38
org/apache/spark/rdd/ShuffledRDDPartition.index-ShuffledRDD.scala-27-27=3
org/apache/spark/graphx/impl/EdgeRDDImpl$$anonfun$filter$1.apply-EdgeRDDImpl.scala-101-101=1
org/apache/spark/rdd/RDD$$anonfun$dependencies$2.apply-RDD.scala-252-252=149
org/apache/spark/rdd/ZippedPartitionsRDD2.rdd2-ZippedPartitionsRDD.scala-83-83=2
org/apache/spark/rdd/RDD.computeOrReadCheckpoint-RDD.scala-343-343=4
org/apache/spark/graphx/impl/ReplicatedVertexView$$anonfun$4.apply-ReplicatedVertexView.scala-113-113=3
org/apache/spark/graphx/impl/GraphImpl$$anonfun$13$$anonfun$apply$3$$anonfun$1.apply$mcI$sp-GraphImpl.scala-211-211=1
org/apache/spark/status/api/v1/TaskMetrics.outputMetrics-api.scala-232-232=56
org/apache/spark/util/JsonProtocol$$anonfun$rddInfoToJson$8.apply-JsonProtocol.scala-445-445=96
org/apache/spark/rdd/CoalescedRDDPartition$$anonfun$writeObject$1.org$apache$spark$rdd$CoalescedRDDPartition$$anonfun$$$outer-CoalescedRDD.scala-45-45=6
org/apache/spark/rdd/ZippedPartitionsPartition$$anonfun$writeObject$1.org$apache$spark$rdd$ZippedPartitionsPartition$$anonfun$$$outer-ZippedPartitionsRDD.scala-38-38=112
org/apache/spark/rdd/CoalescedRDDPartition$$anonfun$writeObject$1.apply-CoalescedRDD.scala-45-45=4
org/apache/spark/status/api/v1/TaskMetrics.executorDeserializeCpuTime-api.scala-222-222=20
org/apache/spark/rdd/RDD.preferredLocations-RDD.scala-296-296=60
org/apache/spark/rdd/RDD.dependencies-RDD.scala-252-252=145
org/apache/spark/status/api/v1/ShuffleReadMetrics.fetchWaitTime-api.scala-247-247=20
org/apache/spark/graphx/impl/VertexAttributeBlock.iterator-ShippableVertexPartition.scala-31-31=34
org/apache/spark/rdd/MapPartitionsRDD.isBarrier_-MapPartitionsRDD.scala-60-60=20
org/apache/spark/rdd/RDD$$anonfun$mapPartitions$1$$anonfun$apply$23.apply-RDD.scala-823-823=3
org/apache/spark/status/api/v1/TaskMetrics.shuffleReadMetrics-api.scala-233-233=164
org/apache/spark/status/api/v1/ShuffleReadMetrics.remoteBlocksFetched-api.scala-245-245=20
org/apache/spark/status/api/v1/ShuffleWriteMetrics.recordsWritten-api.scala-256-256=29
org/apache/spark/status/api/v1/TaskMetrics.diskBytesSpilled-api.scala-229-229=29
org/apache/spark/util/JsonProtocol$$anonfun$rddInfoToJson$1.apply-JsonProtocol.scala-437-437=94
org/apache/spark/status/api/v1/TaskMetrics.resultSerializationTime-api.scala-227-227=20
org/apache/spark/rdd/RDD$$anonfun$partitions$2.apply-RDD.scala-269-269=220
org/apache/spark/rdd/RDD.getStorageLevel-RDD.scala-223-223=39
org/apache/spark/rdd/RDDOperationScope.id-RDDOperationScope.scala-49-49=47
org/apache/spark/rdd/RDD$$anonfun$4.apply-RDD.scala-323-323=102
org/apache/spark/util/JsonProtocol$$anonfun$rddInfoToJson$4$$anonfun$apply$19.apply-JsonProtocol.scala-439-439=96
org/apache/spark/rdd/RDD.sparkContext-RDD.scala-147-147=1
org/apache/spark/rdd/RDDOperationScope$.org$apache$spark$rdd$RDDOperationScope$$jsonMapper-RDDOperationScope.scala-82-82=47
org/apache/spark/util/JsonProtocol$$anonfun$rddInfoToJson$9.apply-JsonProtocol.scala-446-446=96
org/apache/spark/util/JsonProtocol$$anonfun$rddInfoToJson$3.apply-JsonProtocol.scala-439-439=96
org/apache/spark/rdd/RDD.checkpointData-RDD.scala-1751-1751=446
org/apache/spark/status/api/v1/ShuffleReadMetrics.localBytesRead-api.scala-250-250=28
org/apache/spark/util/JsonProtocol$$anonfun$rddInfoToJson$4.apply-JsonProtocol.scala-439-439=96
org/apache/spark/status/api/v1/TaskMetrics.executorDeserializeTime-api.scala-221-221=24
org/apache/spark/rdd/ZippedPartitionsPartition.partitionValues-ZippedPartitionsRDD.scala-34-34=1
org/apache/spark/rdd/RDD$$anonfun$getNarrowAncestors$1.apply-RDD.scala-335-335=74
org/apache/spark/rdd/RDDOperationScope.parent-RDDOperationScope.scala-48-48=48
org/apache/spark/rdd/RDD.partitions-RDD.scala-269-269=225
org/apache/spark/rdd/RDD$$anon$1.next-RDD.scala-367-368=1
org/apache/spark/status/api/v1/ExecutorSummary.id-api.scala-77-77=5
org/apache/spark/status/api/v1/JobData.jobId-api.scala-110-110=4
org/apache/spark/rdd/RDD$$anonfun$7.apply-RDD.scala-357-357=1
org/apache/spark/status/api/v1/TaskMetrics.jvmGcTime-api.scala-226-226=20
org/apache/spark/graphx/impl/ReplicatedVertexView$$anonfun$4$$anonfun$apply$5$$anonfun$apply$6.apply-ReplicatedVertexView.scala-115-115=55
org/apache/spark/graphx/impl/ReplicatedVertexView$$anonfun$4$$anonfun$apply$5.apply-ReplicatedVertexView.scala-113-113=1
org/apache/spark/status/api/v1/RDDStorageInfo.id-api.scala-132-132=20
org/apache/spark/rdd/RDD$$anonfun$org$apache$spark$rdd$RDD$$visit$1$1.apply-RDD.scala-327-328=37
org/apache/spark/rdd/ShuffledRDD.compute-ShuffledRDD.scala-103-105=3
