org/apache/spark/status/api/v1/OutputMetrics.bytesWritten-api.scala-241-241=140
org/apache/spark/graphx/impl/ShippableVertexPartitionOps.leftJoin-ShippableVertexPartition.scala-130-130=5
org/apache/spark/status/api/v1/TaskMetrics.resultSize-api.scala-225-225=80
org/apache/spark/rdd/ZippedPartitionsPartition$$anonfun$writeObject$1.apply-ZippedPartitionsRDD.scala-38-38=452
org/apache/spark/rdd/ZippedPartitionsRDD2.rdd1-ZippedPartitionsRDD.scala-82-82=4
org/apache/spark/graphx/impl/VertexRDDImpl$$anonfun$shipVertexAttributes$1$$anonfun$apply$7.apply-VertexRDDImpl.scala-247-247=3
org/apache/spark/rdd/RDD.org$apache$spark$rdd$RDD$$partitions_-RDD.scala-242-242=1844
org/apache/spark/graphx/impl/ShippableVertexPartitionOps.org$apache$spark$internal$Logging$$log__$eq-ShippableVertexPartition.scala-34-34=19
org/apache/spark/rdd/ZippedPartitionsPartition.index-ZippedPartitionsRDD.scala-33-33=15
org/apache/spark/status/api/v1/ShuffleReadMetrics.localBlocksFetched-api.scala-246-246=81
org/apache/spark/graphx/impl/VertexRDDImpl$$anonfun$3.apply-VertexRDDImpl.scala-156-156=4
org/apache/spark/rdd/RDD.id-RDD.scala-150-150=230
org/apache/spark/status/api/v1/InputMetrics.recordsRead-api.scala-238-238=147
org/apache/spark/rdd/ZippedPartitionsRDD2.f-ZippedPartitionsRDD.scala-81-81=5
org/apache/spark/util/JsonProtocol$$anonfun$rddInfoToJson$5.apply-JsonProtocol.scala-440-440=716
org/apache/spark/graphx/impl/VertexRDDImpl$$anonfun$shipVertexAttributes$1.apply-VertexRDDImpl.scala-247-247=12
org/apache/spark/status/api/v1/ShuffleWriteMetrics.writeTime-api.scala-255-255=82
org/apache/spark/status/api/v1/TaskMetrics.peakExecutionMemory-api.scala-230-230=81
org/apache/spark/status/api/v1/TaskMetrics.shuffleWriteMetrics-api.scala-234-234=382
org/apache/spark/graphx/impl/ShippableVertexPartition$$anonfun$shipVertexAttributes$1$$anonfun$apply$1.apply-ShippableVertexPartition.scala-121-121=11
org/apache/spark/status/api/v1/StageData.attemptId-api.scala-166-166=53
org/apache/spark/graphx/impl/VertexRDDImpl$$anonfun$2.apply-VertexRDDImpl.scala-144-144=6
org/apache/spark/rdd/ZippedPartitionsPartition$$anonfun$writeObject$1.apply$mcV$sp-ZippedPartitionsRDD.scala-40-41=454
org/apache/spark/graphx/impl/VertexRDDImpl.vdTag-VertexRDDImpl.scala-30-30=13
org/apache/spark/graphx/impl/ShippableVertexPartition$ShippableVertexPartitionOpsConstructor$.toOps-ShippableVertexPartition.scala-85-85=7
org/apache/spark/status/api/v1/StageData.stageId-api.scala-165-165=54
org/apache/spark/graphx/impl/ShippableVertexPartitionOps.withMask-ShippableVertexPartition.scala-152-152=4
org/apache/spark/status/api/v1/ShuffleReadMetrics.remoteBytesReadToDisk-api.scala-249-249=83
org/apache/spark/rdd/RDD.elementClassTag-RDD.scala-1749-1749=9
org/apache/spark/graphx/impl/ShippableVertexPartitionOps.withValues-ShippableVertexPartition.scala-152-152=12
org/apache/spark/status/api/v1/TaskMetrics.memoryBytesSpilled-api.scala-228-228=144
org/apache/spark/rdd/RDD.isCheckpointedAndMaterialized-RDD.scala-1677-1677=13
org/apache/spark/rdd/ZippedPartitionsRDD2.compute-ZippedPartitionsRDD.scala-88-89=7
org/apache/spark/graphx/impl/VertexPartitionBaseOps.org$apache$spark$internal$Logging$$log__$eq-VertexPartitionBaseOps.scala-34-34=20
org/apache/spark/graphx/GraphOps$$anonfun$13.apply-GraphOps.scala-225-225=1
org/apache/spark/graphx/impl/VertexPartitionBase.capacity-VertexPartitionBase.scala-69-69=6
org/apache/spark/status/api/v1/ShuffleReadMetrics.recordsRead-api.scala-251-251=148
org/apache/spark/rdd/ZippedPartitionsPartition.org$apache$spark$rdd$ZippedPartitionsPartition$$rdds-ZippedPartitionsRDD.scala-29-29=426
org/apache/spark/status/api/v1/OutputMetrics.recordsWritten-api.scala-242-242=141
org/apache/spark/rdd/ZippedPartitionsPartition.partitionValues_$eq-ZippedPartitionsRDD.scala-34-34=427
org/apache/spark/graphx/impl/VertexPartitionBase.isDefined-VertexPartitionBase.scala-77-76=6
org/apache/spark/graphx/impl/ShippableVertexPartition$ShippableVertexPartitionOpsConstructor$.toOps-ShippableVertexPartition.scala-88-88=7
org/apache/spark/rdd/RDD$$anonfun$preferredLocations$2.apply-RDD.scala-297-297=60
org/apache/spark/graphx/impl/ShippableVertexPartition$$anonfun$shipVertexAttributes$1.org$apache$spark$graphx$impl$ShippableVertexPartition$$anonfun$$$outer-ShippableVertexPartition.scala-116-116=10
org/apache/spark/graphx/impl/ShippableVertexPartition.index-ShippableVertexPartition.scala-98-98=77
org/apache/spark/graphx/GraphOps$$anonfun$13.apply-GraphOps.scala-226-226=1
org/apache/spark/rdd/RDD.org$apache$spark$rdd$RDD$$dependencies_-RDD.scala-241-241=134
org/apache/spark/status/api/v1/TaskMetrics.executorCpuTime-api.scala-224-224=132
org/apache/spark/graphx/impl/ShippableVertexPartition.capacity-ShippableVertexPartition.scala-69-69=4
org/apache/spark/rdd/RDDOperationScope.toJson-RDDOperationScope.scala-52-52=357
org/apache/spark/graphx/impl/ShippableVertexPartition$$anonfun$shipVertexAttributes$1.apply-ShippableVertexPartition.scala-116-116=94
org/apache/spark/status/api/v1/InputMetrics.bytesRead-api.scala-237-237=147
org/apache/spark/rdd/ZippedPartitionsPartition$$anonfun$writeObject$1$$anonfun$apply$mcV$sp$1.apply-ZippedPartitionsRDD.scala-40-40=1716
org/apache/spark/rdd/RDD.getPreferredLocations-RDD.scala-137-137=20
org/apache/spark/rdd/ZippedPartitionsPartition.preferredLocations-ZippedPartitionsRDD.scala-30-30=40
org/apache/spark/status/api/v1/ExecutorSummary.hostPort-api.scala-78-78=20
org/apache/spark/rdd/ZippedPartitionsBaseRDD.getPreferredLocations-ZippedPartitionsRDD.scala-70-70=40
org/apache/spark/rdd/RDD.getOrCompute-RDD.scala-354-357=20
org/apache/spark/graphx/impl/VertexRDDImpl$$anonfun$3.apply-VertexRDDImpl.scala-157-159=4
org/apache/spark/rdd/RDD.iterator-RDD.scala-307-307=32
org/apache/spark/rdd/ZippedPartitionsPartition.partitions-ZippedPartitionsRDD.scala-35-35=5
org/apache/spark/rdd/ZippedPartitionsRDD2.getPreferredLocations-ZippedPartitionsRDD.scala-70-70=40
org/apache/spark/status/api/v1/ShuffleWriteMetrics.bytesWritten-api.scala-254-254=151
org/apache/spark/graphx/impl/ShippableVertexPartition.shipVertexAttributes-ShippableVertexPartition.scala-116-116=1
org/apache/spark/util/JsonProtocol$$anonfun$rddInfoToJson$7.apply-JsonProtocol.scala-444-444=721
org/apache/spark/rdd/RDD.firstParent-RDD.scala-1763-1763=2
org/apache/spark/util/JsonProtocol$$anonfun$rddInfoToJson$2.apply-JsonProtocol.scala-437-437=717
org/apache/spark/status/api/v1/ShuffleReadMetrics.remoteBytesRead-api.scala-248-248=147
org/apache/spark/graphx/impl/ShippableVertexPartition.isDefined-ShippableVertexPartition.scala-77-76=9
org/apache/spark/rdd/InputFileBlockHolder$.unset-InputFileBlockHolder.scala-86-86=2
org/apache/spark/graphx/impl/RoutingTablePartition.numEdgePartitions-RoutingTablePartition.scala-105-105=1
org/apache/spark/status/api/v1/TaskMetrics.executorRunTime-api.scala-223-223=130
org/apache/spark/status/api/v1/TaskMetrics.inputMetrics-api.scala-231-231=296
org/apache/spark/rdd/RDDOperationScope.name-RDDOperationScope.scala-47-47=355
org/apache/spark/util/JsonProtocol$$anonfun$rddInfoToJson$6.apply-JsonProtocol.scala-443-443=723
org/apache/spark/graphx/impl/ShippableVertexPartition.routingTable-ShippableVertexPartition.scala-101-101=230
org/apache/spark/rdd/ZippedPartitionsRDD2.rdd2-ZippedPartitionsRDD.scala-83-83=6
org/apache/spark/rdd/RDD.computeOrReadCheckpoint-RDD.scala-343-343=14
org/apache/spark/rdd/RDD$$anonfun$dependencies$2.apply-RDD.scala-252-252=69
org/apache/spark/status/api/v1/RDDPartitionInfo.executors-api.scala-161-161=12
org/apache/spark/status/api/v1/TaskMetrics.outputMetrics-api.scala-232-232=287
org/apache/spark/graphx/impl/RoutingTablePartition.foreachWithinEdgePartition-RoutingTablePartition.scala-127-127=105
org/apache/spark/status/api/v1/RDDPartitionInfo.diskUsed-api.scala-160-160=13
org/apache/spark/util/JsonProtocol$$anonfun$rddInfoToJson$8.apply-JsonProtocol.scala-445-445=716
org/apache/spark/graphx/lib/StronglyConnectedComponents$$anonfun$7.apply-StronglyConnectedComponents.scala-91-91=3
org/apache/spark/rdd/ZippedPartitionsPartition$$anonfun$writeObject$1.org$apache$spark$rdd$ZippedPartitionsPartition$$anonfun$$$outer-ZippedPartitionsRDD.scala-38-38=867
org/apache/spark/status/api/v1/TaskMetrics.executorDeserializeCpuTime-api.scala-222-222=75
org/apache/spark/rdd/RDD.preferredLocations-RDD.scala-296-296=60
org/apache/spark/rdd/RDD.dependencies-RDD.scala-252-252=67
org/apache/spark/status/api/v1/ShuffleReadMetrics.fetchWaitTime-api.scala-247-247=83
org/apache/spark/graphx/impl/VertexPartitionBaseOps.leftJoin-VertexPartitionBaseOps.scala-130-130=3
org/apache/spark/graphx/impl/VertexRDDImpl$$anonfun$2.apply-VertexRDDImpl.scala-145-147=4
org/apache/spark/rdd/RDD$$anonfun$mapPartitions$1$$anonfun$apply$23.apply-RDD.scala-823-823=15
org/apache/spark/status/api/v1/TaskMetrics.shuffleReadMetrics-api.scala-233-233=778
org/apache/spark/status/api/v1/RDDPartitionInfo.memoryUsed-api.scala-159-159=13
org/apache/spark/status/api/v1/ShuffleReadMetrics.remoteBlocksFetched-api.scala-245-245=83
org/apache/spark/status/api/v1/ShuffleWriteMetrics.recordsWritten-api.scala-256-256=149
org/apache/spark/status/api/v1/TaskMetrics.diskBytesSpilled-api.scala-229-229=143
org/apache/spark/util/JsonProtocol$$anonfun$rddInfoToJson$1.apply-JsonProtocol.scala-437-437=718
org/apache/spark/graphx/impl/RoutingTablePartition.partitionSize-RoutingTablePartition.scala-108-108=107
org/apache/spark/status/api/v1/TaskMetrics.resultSerializationTime-api.scala-227-227=81
org/apache/spark/graphx/impl/ShippableVertexPartition.apply-ShippableVertexPartition.scala-74-74=4
org/apache/spark/rdd/RDD$$anonfun$partitions$2.apply-RDD.scala-269-269=922
org/apache/spark/rdd/RDD.getStorageLevel-RDD.scala-223-223=6
org/apache/spark/rdd/RDDOperationScope.id-RDDOperationScope.scala-49-49=354
org/apache/spark/util/JsonProtocol$$anonfun$rddInfoToJson$4$$anonfun$apply$19.apply-JsonProtocol.scala-439-439=716
org/apache/spark/rdd/RDDOperationScope$.org$apache$spark$rdd$RDDOperationScope$$jsonMapper-RDDOperationScope.scala-82-82=358
org/apache/spark/rdd/InputFileBlockHolder$.initialize-InputFileBlockHolder.scala-92-92=1
org/apache/spark/graphx/impl/VertexPartitionBase.apply-VertexPartitionBase.scala-74-74=4
org/apache/spark/util/JsonProtocol$$anonfun$rddInfoToJson$9.apply-JsonProtocol.scala-446-446=722
org/apache/spark/util/JsonProtocol$$anonfun$rddInfoToJson$3.apply-JsonProtocol.scala-439-439=718
org/apache/spark/status/api/v1/ShuffleReadMetrics.localBytesRead-api.scala-250-250=149
org/apache/spark/rdd/RDD.checkpointData-RDD.scala-1751-1751=1056
org/apache/spark/util/JsonProtocol$$anonfun$rddInfoToJson$4.apply-JsonProtocol.scala-439-439=710
org/apache/spark/rdd/MapPartitionsRDD.compute-MapPartitionsRDD.scala-52-52=7
org/apache/spark/status/api/v1/TaskMetrics.executorDeserializeTime-api.scala-221-221=85
org/apache/spark/graphx/impl/VertexPartitionBaseOps.diff-VertexPartitionBaseOps.scala-110-110=4
org/apache/spark/rdd/ZippedPartitionsPartition.partitionValues-ZippedPartitionsRDD.scala-34-34=8
org/apache/spark/graphx/impl/ShippableVertexPartitionOps.diff-ShippableVertexPartition.scala-110-110=4
org/apache/spark/graphx/impl/ShippableVertexPartition$$anonfun$shipVertexAttributes$1$$anonfun$apply$1.apply$mcVJ$sp-ShippableVertexPartition.scala-122-126=6
org/apache/spark/graphx/impl/ShippableVertexPartition.mask-ShippableVertexPartition.scala-100-100=37
org/apache/spark/graphx/impl/ShippableVertexPartition$$anonfun$shipVertexAttributes$1.apply-ShippableVertexPartition.scala-117-128=97
org/apache/spark/rdd/RDDOperationScope.parent-RDDOperationScope.scala-48-48=357
org/apache/spark/rdd/RDD.partitions-RDD.scala-269-269=924
org/apache/spark/rdd/RDD$$anon$1.next-RDD.scala-367-368=22
org/apache/spark/rdd/RDD$$anonfun$7.apply-RDD.scala-357-357=5
org/apache/spark/status/api/v1/ExecutorSummary.id-api.scala-77-77=19
org/apache/spark/status/api/v1/JobData.jobId-api.scala-110-110=15
org/apache/spark/status/api/v1/TaskMetrics.jvmGcTime-api.scala-226-226=83
org/apache/spark/graphx/impl/ShippableVertexPartition$.shippablePartitionToOps-ShippableVertexPartition.scala-77-77=21
org/apache/spark/status/api/v1/RDDStorageInfo.id-api.scala-132-132=612
org/apache/spark/graphx/impl/ShippableVertexPartition.values-ShippableVertexPartition.scala-99-99=22
