org/apache/spark/rdd/RDD.doCheckpoint-RDD.scala-1800-1800=31
org/apache/spark/rdd/ZippedPartitionsPartition$$anonfun$writeObject$1.apply-ZippedPartitionsRDD.scala-38-38=693
org/apache/spark/rdd/RDD.getNumPartitions-RDD.scala-289-289=58
org/apache/spark/graphx/impl/ShippableVertexPartitionOps.org$apache$spark$internal$Logging$$log_-ShippableVertexPartition.scala-34-34=14
org/apache/spark/rdd/RDD.org$apache$spark$rdd$RDD$$partitions_-RDD.scala-242-242=8023
org/apache/spark/graphx/impl/ShippableVertexPartitionOps.org$apache$spark$internal$Logging$$log__$eq-ShippableVertexPartition.scala-34-34=46
org/apache/spark/graphx/impl/ShippableVertexPartition.size-ShippableVertexPartition.scala-71-71=3
org/apache/spark/rdd/RDD.org$apache$spark$rdd$RDD$$sc-RDD.scala-89-100=42
org/apache/spark/graphx/impl/ShippableVertexPartitionOps.logWarning-ShippableVertexPartition.scala-34-34=4
org/apache/spark/graphx/impl/VertexRDDImpl$$anonfun$count$2.apply-VertexRDDImpl.scala-90-90=8
org/apache/spark/rdd/ZippedPartitionsRDD2.f-ZippedPartitionsRDD.scala-81-81=25
org/apache/spark/status/api/v1/InputMetrics.recordsRead-api.scala-238-238=257
org/apache/spark/graphx/GraphOps$$anonfun$degreesRDD$1.apply$mcIII$sp-GraphOps.scala-71-71=1
org/apache/spark/status/api/v1/TaskMetrics.shuffleWriteMetrics-api.scala-234-234=630
org/apache/spark/status/api/v1/StageData.attemptId-api.scala-166-166=136
org/apache/spark/rdd/RDD$.CHECKPOINT_ALL_MARKED_ANCESTORS-RDD.scala-2006-2006=1
org/apache/spark/rdd/ZippedPartitionsPartition$$anonfun$writeObject$1.apply$mcV$sp-ZippedPartitionsRDD.scala-40-41=696
org/apache/spark/graphx/impl/VertexRDDImpl$$anonfun$1.apply-VertexRDDImpl.scala-96-96=20
org/apache/spark/graphx/impl/VertexRDDImpl.vdTag-VertexRDDImpl.scala-30-30=28
org/apache/spark/graphx/impl/ShippableVertexPartition$ShippableVertexPartitionOpsConstructor$.toOps-ShippableVertexPartition.scala-85-85=16
org/apache/spark/status/api/v1/ShuffleReadMetrics.remoteBytesReadToDisk-api.scala-249-249=105
org/apache/spark/rdd/RDD.getNarrowAncestors-RDD.scala-320-335=59
org/apache/spark/graphx/impl/VertexRDDImpl$$anonfun$5.org$apache$spark$graphx$impl$VertexRDDImpl$$anonfun$$$outer-VertexRDDImpl.scala-215-215=8
org/apache/spark/graphx/lib/StronglyConnectedComponents$$anonfun$run$4$$anonfun$apply$1.apply-StronglyConnectedComponents.scala-69-69=2
org/apache/spark/graphx/impl/ShippableVertexPartitionOps.withValues-ShippableVertexPartition.scala-152-152=32
org/apache/spark/graphx/impl/VertexPartitionBaseOps.createUsingIndex-VertexPartitionBaseOps.scala-186-195=3
org/apache/spark/graphx/impl/VertexRDDImpl$$anonfun$count$1.apply$mcJJJ$sp-VertexRDDImpl.scala-90-90=6
org/apache/spark/status/api/v1/TaskMetrics.memoryBytesSpilled-api.scala-228-228=261
org/apache/spark/rdd/ZippedPartitionsRDD2.compute-ZippedPartitionsRDD.scala-88-89=24
org/apache/spark/rdd/RDD.isCheckpointedAndMaterialized-RDD.scala-1677-1677=59
org/apache/spark/rdd/RDD.isBarrier_-RDD.scala-1935-1935=5
org/apache/spark/graphx/lib/StronglyConnectedComponents$$anonfun$run$4.apply-StronglyConnectedComponents.scala-69-69=4
org/apache/spark/rdd/RDD.org$apache$spark$rdd$RDD$$doCheckpointCalled-RDD.scala-1792-1792=31
org/apache/spark/graphx/impl/VertexPartitionBase.capacity-VertexPartitionBase.scala-69-69=56
org/apache/spark/rdd/ZippedPartitionsPartition.org$apache$spark$rdd$ZippedPartitionsPartition$$rdds-ZippedPartitionsRDD.scala-29-29=638
org/apache/spark/status/api/v1/OutputMetrics.recordsWritten-api.scala-242-242=255
org/apache/spark/graphx/impl/VertexPartitionBaseOps.log-VertexPartitionBaseOps.scala-34-34=9
org/apache/spark/rdd/RDD$$anonfun$isBarrier_$2.apply-RDD.scala-1936-1936=8
org/apache/spark/rdd/RDD.creationSite-RDD.scala-1734-1734=2552
org/apache/spark/rdd/RDD$$anonfun$6.apply-RDD.scala-325-325=5758
org/apache/spark/rdd/RDD.org$apache$spark$rdd$RDD$$dependencies_-RDD.scala-241-241=22658
org/apache/spark/rdd/MapPartitionsRDD$.$lessinit$greater$default$3-MapPartitionsRDD.scala-42-42=1
org/apache/spark/graphx/impl/ShippableVertexPartition.capacity-ShippableVertexPartition.scala-69-69=57
org/apache/spark/status/api/v1/TaskMetrics.executorCpuTime-api.scala-224-224=242
org/apache/spark/graphx/impl/VertexPartitionBaseOps.logName-VertexPartitionBaseOps.scala-34-34=5
org/apache/spark/graphx/impl/VertexPartitionBaseOps$$anonfun$aggregateUsingIndex$1.apply-VertexPartitionBaseOps.scala-221-221=4
org/apache/spark/graphx/impl/VertexRDDImpl$$anonfun$count$1.apply-VertexRDDImpl.scala-90-90=18
org/apache/spark/rdd/RDDOperationScope.toJson-RDDOperationScope.scala-52-52=191
org/apache/spark/rdd/RDD$$anonfun$isBarrier_$1.apply-RDD.scala-1936-1936=8
org/apache/spark/status/api/v1/InputMetrics.bytesRead-api.scala-237-237=254
org/apache/spark/rdd/RDD.getPreferredLocations-RDD.scala-137-137=20
org/apache/spark/status/api/v1/ExecutorSummary.hostPort-api.scala-78-78=39
org/apache/spark/rdd/RDD$$anonfun$doCheckpoint$1.apply-RDD.scala-1801-1801=31
org/apache/spark/graphx/impl/EdgeRDDImpl.partitionsRDD-EdgeRDDImpl.scala-28-28=1
org/apache/spark/rdd/MapPartitionsRDD$$anonfun$isBarrier_$1.apply-MapPartitionsRDD.scala-60-60=4
org/apache/spark/rdd/RDD.getOrCompute-RDD.scala-354-357=38
org/apache/spark/graphx/impl/VertexRDDImpl$$anonfun$3.apply-VertexRDDImpl.scala-157-159=11
org/apache/spark/rdd/ZippedPartitionsRDD2.getPreferredLocations-ZippedPartitionsRDD.scala-70-70=20
org/apache/spark/status/api/v1/ShuffleWriteMetrics.bytesWritten-api.scala-254-254=262
org/apache/spark/rdd/RDD.context-RDD.scala-1772-1772=1
org/apache/spark/graphx/impl/ShippableVertexPartitionOps.aggregateUsingIndex-ShippableVertexPartition.scala-219-234=11
org/apache/spark/rdd/RDD.firstParent-RDD.scala-1763-1763=15
org/apache/spark/rdd/RDDOperationScope$.withScope-RDDOperationScope.scala-134-155=33
org/apache/spark/rdd/RDD.org$apache$spark$rdd$RDD$$stateLock-RDD.scala-237-237=3
org/apache/spark/rdd/RDDOperationScope.name-RDDOperationScope.scala-47-47=191
org/apache/spark/rdd/RDD$$anonfun$5.apply-RDD.scala-324-324=5758
org/apache/spark/rdd/RDD.name-RDD.scala-153-153=2494
org/apache/spark/graphx/impl/VertexPartitionBaseOps.org$apache$spark$internal$Logging$$log_-VertexPartitionBaseOps.scala-34-34=15
org/apache/spark/graphx/impl/VertexPartitionBaseOps.initializeLogIfNecessary-VertexPartitionBaseOps.scala-34-34=5
org/apache/spark/graphx/impl/ShippableVertexPartition.routingTable-ShippableVertexPartition.scala-101-101=52
org/apache/spark/rdd/RDD.computeOrReadCheckpoint-RDD.scala-343-343=40
org/apache/spark/rdd/RDD$$anonfun$dependencies$2.apply-RDD.scala-252-252=11323
org/apache/spark/rdd/ZippedPartitionsRDD2.rdd2-ZippedPartitionsRDD.scala-83-83=27
org/apache/spark/graphx/GraphOps$$anonfun$degreesRDD$2.apply$mcIII$sp-GraphOps.scala-73-73=2
org/apache/spark/graphx/VertexRDD$$anonfun$filter$1.apply-VertexRDD.scala-98-98=6
org/apache/spark/status/api/v1/RDDPartitionInfo.executors-api.scala-161-161=39
org/apache/spark/status/api/v1/TaskMetrics.outputMetrics-api.scala-232-232=525
org/apache/spark/rdd/RDD.map-RDD.scala-392-392=1
org/apache/spark/rdd/RDD$$anonfun$37.apply-RDD.scala-1744-1744=2
org/apache/spark/util/JsonProtocol$$anonfun$rddInfoToJson$8.apply-JsonProtocol.scala-445-445=314
org/apache/spark/rdd/ZippedPartitionsPartition$$anonfun$writeObject$1.org$apache$spark$rdd$ZippedPartitionsPartition$$anonfun$$$outer-ZippedPartitionsRDD.scala-38-38=1286
org/apache/spark/rdd/RDDOperationScope$.withScope$default$2-RDDOperationScope.scala-101-101=2
org/apache/spark/rdd/RDD.preferredLocations-RDD.scala-296-296=40
org/apache/spark/rdd/RDDOperationScope$$anonfun$3.apply-RDDOperationScope.scala-106-106=4
org/apache/spark/graphx/impl/VertexRDDImpl.count-VertexRDDImpl.scala-90-90=1
org/apache/spark/graphx/impl/VertexPartitionBaseOps.leftJoin-VertexPartitionBaseOps.scala-130-130=16
org/apache/spark/rdd/RDD.org$apache$spark$rdd$RDD$$dependencies__$eq-RDD.scala-241-241=2
org/apache/spark/graphx/impl/VertexPartitionBaseOps.logWarning-VertexPartitionBaseOps.scala-34-34=3
org/apache/spark/util/JsonProtocol$$anonfun$rddInfoToJson$1.apply-JsonProtocol.scala-437-437=316
org/apache/spark/status/api/v1/TaskMetrics.resultSerializationTime-api.scala-227-227=100
org/apache/spark/rdd/RDD.getStorageLevel-RDD.scala-223-223=2502
org/apache/spark/rdd/RDD$$anonfun$doCheckpoint$1$$anonfun$apply$mcV$sp$2.apply-RDD.scala-1813-1813=60
org/apache/spark/rdd/RDDOperationScope$$anonfun$1.apply-RDDOperationScope.scala-104-104=8
org/apache/spark/graphx/impl/VertexRDDImpl$$anonfun$mapValues$2.apply-VertexRDDImpl.scala-104-104=4
org/apache/spark/rdd/InputFileBlockHolder$.initialize-InputFileBlockHolder.scala-92-92=1
org/apache/spark/graphx/lib/StronglyConnectedComponents$$anonfun$run$2.apply-StronglyConnectedComponents.scala-57-57=2
org/apache/spark/graphx/impl/VertexRDDImpl$$anonfun$5$$anonfun$apply$5.apply-VertexRDDImpl.scala-216-216=18
org/apache/spark/util/JsonProtocol$$anonfun$rddInfoToJson$3.apply-JsonProtocol.scala-439-439=314
org/apache/spark/rdd/RDDOperationScope$.nextScopeId-RDDOperationScope.scala-90-90=33
org/apache/spark/rdd/RDD.checkpointData-RDD.scala-1751-1751=15458
org/apache/spark/status/api/v1/TaskMetrics.executorDeserializeTime-api.scala-221-221=124
org/apache/spark/rdd/ZippedPartitionsPartition.partitionValues-ZippedPartitionsRDD.scala-34-34=26
org/apache/spark/graphx/impl/ShippableVertexPartitionOps.filter-ShippableVertexPartition.scala-78-87=7
org/apache/spark/rdd/RDD.org$apache$spark$internal$Logging$$log__$eq-RDD.scala-77-77=1
org/apache/spark/graphx/impl/ShippableVertexPartition.mask-ShippableVertexPartition.scala-100-100=74
org/apache/spark/graphx/impl/VertexPartitionBaseOps.filter-VertexPartitionBaseOps.scala-78-87=4
org/apache/spark/rdd/RDDOperationScope$.fromJson-RDDOperationScope.scala-86-86=32
org/apache/spark/rdd/RDD.partitions-RDD.scala-269-269=4010
org/apache/spark/status/api/v1/ExecutorSummary.id-api.scala-77-77=35
org/apache/spark/rdd/RDD$$anonfun$7.apply-RDD.scala-357-357=9
org/apache/spark/graphx/GraphOps$$anonfun$degreesRDD$2.apply-GraphOps.scala-73-73=3
org/apache/spark/graphx/impl/VertexPartitionBaseOps.aggregateUsingIndex-VertexPartitionBaseOps.scala-219-234=13
org/apache/spark/status/api/v1/RDDStorageInfo.id-api.scala-132-132=2678
org/apache/spark/rdd/RDD$$anonfun$org$apache$spark$rdd$RDD$$visit$1$1.apply-RDD.scala-327-328=2435
org/apache/spark/rdd/MapPartitionsRDD$.$lessinit$greater$default$5-MapPartitionsRDD.scala-44-44=1
org/apache/spark/status/api/v1/OutputMetrics.bytesWritten-api.scala-241-241=261
org/apache/spark/graphx/impl/ShippableVertexPartitionOps.leftJoin-ShippableVertexPartition.scala-130-130=19
org/apache/spark/status/api/v1/TaskMetrics.resultSize-api.scala-225-225=107
org/apache/spark/rdd/ZippedPartitionsRDD2.rdd1-ZippedPartitionsRDD.scala-82-82=27
org/apache/spark/rdd/ShuffledRDD.isBarrier-ShuffledRDD.scala-114-114=1
org/apache/spark/rdd/ZippedPartitionsPartition.index-ZippedPartitionsRDD.scala-33-33=64
org/apache/spark/graphx/lib/StronglyConnectedComponents$$anonfun$run$4$$anonfun$apply$1.apply$mcJ$sp-StronglyConnectedComponents.scala-69-69=3
org/apache/spark/status/api/v1/ShuffleReadMetrics.localBlocksFetched-api.scala-246-246=105
org/apache/spark/rdd/RDDOperationScope$$anonfun$2.apply-RDDOperationScope.scala-105-105=12
org/apache/spark/graphx/impl/VertexRDDImpl$$anonfun$3.apply-VertexRDDImpl.scala-156-156=13
org/apache/spark/rdd/RDD.id-RDD.scala-150-150=6322
org/apache/spark/rdd/RDD.scope-RDD.scala-1743-1743=2494
org/apache/spark/util/JsonProtocol$$anonfun$rddInfoToJson$5.apply-JsonProtocol.scala-440-440=314
org/apache/spark/status/api/v1/ShuffleWriteMetrics.writeTime-api.scala-255-255=109
org/apache/spark/status/api/v1/TaskMetrics.peakExecutionMemory-api.scala-230-230=106
org/apache/spark/rdd/MapPartitionsRDD$.$lessinit$greater$default$4-MapPartitionsRDD.scala-43-43=1
org/apache/spark/graphx/impl/ShippableVertexPartitionOps.log-ShippableVertexPartition.scala-34-34=9
org/apache/spark/graphx/impl/ShippableVertexPartitionOps.withMask-ShippableVertexPartition.scala-152-152=18
org/apache/spark/status/api/v1/StageData.stageId-api.scala-165-165=140
org/apache/spark/rdd/RDD.elementClassTag-RDD.scala-1749-1749=26
org/apache/spark/graphx/impl/ShippableVertexPartitionOps.logName-ShippableVertexPartition.scala-34-34=5
org/apache/spark/rdd/RDD$$anonfun$partitions$2$$anonfun$apply$3.apply-RDD.scala-274-274=40
org/apache/spark/graphx/impl/VertexPartitionBaseOps.org$apache$spark$internal$Logging$$log__$eq-VertexPartitionBaseOps.scala-34-34=49
org/apache/spark/rdd/RDD.withScope-RDD.scala-385-385=2
org/apache/spark/status/api/v1/ShuffleReadMetrics.recordsRead-api.scala-251-251=259
org/apache/spark/rdd/RDD$$anonfun$org$apache$spark$rdd$RDD$$visit$1$1.apply-RDD.scala-326-326=2435
org/apache/spark/graphx/impl/ShippableVertexPartitionOps.createUsingIndex-ShippableVertexPartition.scala-186-195=5
org/apache/spark/rdd/ZippedPartitionsPartition.partitionValues_$eq-ZippedPartitionsRDD.scala-34-34=642
org/apache/spark/graphx/impl/ShippableVertexPartition$ShippableVertexPartitionOpsConstructor$.toOps-ShippableVertexPartition.scala-88-88=17
org/apache/spark/rdd/RDD$$anonfun$map$1.apply-RDD.scala-392-392=1
org/apache/spark/rdd/RDD$$anonfun$preferredLocations$2.apply-RDD.scala-297-297=40
org/apache/spark/graphx/impl/ShippableVertexPartition.index-ShippableVertexPartition.scala-98-98=147
org/apache/spark/graphx/impl/VertexPartitionBase.size-VertexPartitionBase.scala-71-71=3
org/apache/spark/graphx/impl/VertexPartitionBase.iterator-VertexPartitionBase.scala-82-82=5
org/apache/spark/rdd/RDD.org$apache$spark$rdd$RDD$$visit$1-RDD.scala-323-326=2494
org/apache/spark/rdd/RDD.isBarrier-RDD.scala-1931-1931=182
org/apache/spark/graphx/impl/VertexRDDImpl$$anonfun$5.apply-VertexRDDImpl.scala-215-215=9
org/apache/spark/rdd/ZippedPartitionsPartition$$anonfun$writeObject$1$$anonfun$apply$mcV$sp$1.apply-ZippedPartitionsRDD.scala-40-40=2587
org/apache/spark/rdd/ZippedPartitionsPartition.preferredLocations-ZippedPartitionsRDD.scala-30-30=20
org/apache/spark/rdd/ZippedPartitionsBaseRDD.getPreferredLocations-ZippedPartitionsRDD.scala-70-70=20
org/apache/spark/rdd/RDD$$anonfun$fold$1$$anonfun$22.apply-RDD.scala-1141-1141=4
org/apache/spark/rdd/RDD.iterator-RDD.scala-307-307=72
org/apache/spark/rdd/ZippedPartitionsPartition.partitions-ZippedPartitionsRDD.scala-35-35=28
org/apache/spark/util/JsonProtocol$$anonfun$rddInfoToJson$7.apply-JsonProtocol.scala-444-444=314
org/apache/spark/rdd/RDDOperationScope$.$lessinit$greater$default$2-RDDOperationScope.scala-48-48=31
org/apache/spark/rdd/RDD.fold-RDD.scala-1137-1137=1
org/apache/spark/util/JsonProtocol$$anonfun$rddInfoToJson$2.apply-JsonProtocol.scala-437-437=316
org/apache/spark/rdd/MapPartitionsRDD.getPartitions-MapPartitionsRDD.scala-49-49=1
org/apache/spark/status/api/v1/ShuffleReadMetrics.remoteBytesRead-api.scala-248-248=260
org/apache/spark/rdd/InputFileBlockHolder$.unset-InputFileBlockHolder.scala-86-86=2
org/apache/spark/rdd/RDD$$anonfun$fold$1$$anonfun$23.apply-RDD.scala-1142-1142=8
org/apache/spark/status/api/v1/TaskMetrics.executorRunTime-api.scala-223-223=237
org/apache/spark/status/api/v1/TaskMetrics.inputMetrics-api.scala-231-231=514
org/apache/spark/util/JsonProtocol$$anonfun$rddInfoToJson$6.apply-JsonProtocol.scala-443-443=314
org/apache/spark/rdd/ShuffledRDDPartition.index-ShuffledRDD.scala-27-27=7
org/apache/spark/graphx/impl/ShippableVertexPartitionOps.initializeLogIfNecessary-ShippableVertexPartition.scala-34-34=7
org/apache/spark/graphx/impl/GraphImpl.edges-GraphImpl.scala-35-35=1
org/apache/spark/status/api/v1/RDDPartitionInfo.diskUsed-api.scala-160-160=41
org/apache/spark/rdd/RDD.org$apache$spark$rdd$RDD$$partitions__$eq-RDD.scala-242-242=1
org/apache/spark/status/api/v1/TaskMetrics.executorDeserializeCpuTime-api.scala-222-222=104
org/apache/spark/rdd/RDD.dependencies-RDD.scala-252-252=11324
org/apache/spark/graphx/impl/ShippableVertexPartitionOps.map-ShippableVertexPartition.scala-58-64=6
org/apache/spark/status/api/v1/ShuffleReadMetrics.fetchWaitTime-api.scala-247-247=111
org/apache/spark/rdd/MapPartitionsRDD.isBarrier_-MapPartitionsRDD.scala-60-60=177
org/apache/spark/rdd/RDD$$anonfun$mapPartitions$1$$anonfun$apply$23.apply-RDD.scala-823-823=26
org/apache/spark/rdd/RDD$$anonfun$map$1$$anonfun$apply$5.apply-RDD.scala-394-394=7
org/apache/spark/status/api/v1/TaskMetrics.shuffleReadMetrics-api.scala-233-233=1216
org/apache/spark/status/api/v1/RDDPartitionInfo.memoryUsed-api.scala-159-159=39
org/apache/spark/rdd/RDD$$anonfun$fold$1.apply-RDD.scala-1139-1144=1
org/apache/spark/status/api/v1/ShuffleReadMetrics.remoteBlocksFetched-api.scala-245-245=106
org/apache/spark/status/api/v1/ShuffleWriteMetrics.recordsWritten-api.scala-256-256=259
org/apache/spark/status/api/v1/TaskMetrics.diskBytesSpilled-api.scala-229-229=260
org/apache/spark/rdd/RDD$$anonfun$partitions$2.apply-RDD.scala-269-269=4016
org/apache/spark/rdd/RDDOperationScope.id-RDDOperationScope.scala-49-49=191
org/apache/spark/graphx/impl/VertexRDDImpl$$anonfun$5.apply-VertexRDDImpl.scala-216-216=7
org/apache/spark/rdd/RDD$$anonfun$4.apply-RDD.scala-323-323=7148
org/apache/spark/util/JsonProtocol$$anonfun$rddInfoToJson$4$$anonfun$apply$19.apply-JsonProtocol.scala-439-439=314
org/apache/spark/rdd/InputFileBlockHolder$$anon$1.initialValue-InputFileBlockHolder.scala-53-53=2
org/apache/spark/rdd/RDDOperationScope$.org$apache$spark$rdd$RDDOperationScope$$jsonMapper-RDDOperationScope.scala-82-82=223
org/apache/spark/rdd/RDDOperationScope$.withScope-RDDOperationScope.scala-102-112=2
org/apache/spark/util/JsonProtocol$$anonfun$rddInfoToJson$9.apply-JsonProtocol.scala-446-446=314
org/apache/spark/status/api/v1/ShuffleReadMetrics.localBytesRead-api.scala-250-250=263
org/apache/spark/util/JsonProtocol$$anonfun$rddInfoToJson$4.apply-JsonProtocol.scala-439-439=314
org/apache/spark/rdd/MapPartitionsRDD.compute-MapPartitionsRDD.scala-52-52=16
org/apache/spark/rdd/RDDOperationScope$$anonfun$5.apply-RDDOperationScope.scala-137-137=62
org/apache/spark/rdd/RDD$$anonfun$doCheckpoint$1.apply$mcV$sp-RDD.scala-1801-1801=31
org/apache/spark/graphx/GraphOps$$anonfun$degreesRDD$1.apply-GraphOps.scala-71-71=1
org/apache/spark/rdd/RDD$$anonfun$getNarrowAncestors$1.apply-RDD.scala-335-335=4870
org/apache/spark/rdd/RDD.org$apache$spark$rdd$RDD$$doCheckpointCalled_$eq-RDD.scala-1792-1792=21
org/apache/spark/graphx/impl/ShippableVertexPartition.iterator-ShippableVertexPartition.scala-82-82=3
org/apache/spark/graphx/impl/VertexPartitionBaseOps$$anonfun$aggregateUsingIndex$1.apply-VertexPartitionBaseOps.scala-222-221=3
org/apache/spark/rdd/RDDOperationScope.parent-RDDOperationScope.scala-48-48=191
org/apache/spark/rdd/RDD$$anon$1.next-RDD.scala-367-368=20
org/apache/spark/status/api/v1/JobData.jobId-api.scala-110-110=21
org/apache/spark/graphx/impl/ShippableVertexPartition$.shippablePartitionToOps-ShippableVertexPartition.scala-77-77=55
org/apache/spark/status/api/v1/TaskMetrics.jvmGcTime-api.scala-226-226=102
org/apache/spark/graphx/impl/VertexPartitionBaseOps.map-VertexPartitionBaseOps.scala-58-64=5
org/apache/spark/rdd/RDD.getDependencies-RDD.scala-132-132=2
org/apache/spark/rdd/ShuffledRDD.compute-ShuffledRDD.scala-103-105=7
org/apache/spark/rdd/RDDOperationScope$.$lessinit$greater$default$3-RDDOperationScope.scala-49-49=33
org/apache/spark/graphx/impl/ShippableVertexPartition.values-ShippableVertexPartition.scala-99-99=27
org/apache/spark/graphx/impl/VertexPartitionBaseOps$$anonfun$leftJoin$1.apply-VertexPartitionBaseOps.scala-131-131=2
