org/apache/spark/status/api/v1/OutputMetrics.bytesWritten-api.scala-241-241=357
org/apache/spark/rdd/CoalescedRDDPartition.parents_$eq-CoalescedRDD.scala-42-42=8
org/apache/spark/status/api/v1/TaskMetrics.resultSize-api.scala-225-225=319
org/apache/spark/graphx/util/collection/GraphXPrimitiveKeyOpenHashMap.grow-GraphXPrimitiveKeyOpenHashMap.scala-145-145=38
org/apache/spark/graphx/util/collection/GraphXPrimitiveKeyOpenHashMap.changeValue-GraphXPrimitiveKeyOpenHashMap.scala-103-102=82
org/apache/spark/graphx/impl/EdgePartition.iterator-EdgePartition.scala-327-327=12
org/apache/spark/rdd/RDD.org$apache$spark$rdd$RDD$$partitions_-RDD.scala-242-242=303
org/apache/spark/status/api/v1/ShuffleReadMetrics.localBlocksFetched-api.scala-246-246=315
org/apache/spark/graphx/util/collection/GraphXPrimitiveKeyOpenHashMap._values-GraphXPrimitiveKeyOpenHashMap.scala-34-34=200
org/apache/spark/graphx/Edge.srcId_$eq-Edge.scala-33-33=40
org/apache/spark/graphx/impl/RoutingTablePartition$$anonfun$edgePartitionToMsgs$2.apply-RoutingTablePartition.scala-55-55=21
org/apache/spark/rdd/RDD.id-RDD.scala-150-150=254
org/apache/spark/rdd/RDD.scope-RDD.scala-1743-1743=5
org/apache/spark/status/api/v1/InputMetrics.recordsRead-api.scala-238-238=360
org/apache/spark/util/JsonProtocol$$anonfun$rddInfoToJson$5.apply-JsonProtocol.scala-440-440=20
org/apache/spark/status/api/v1/ShuffleWriteMetrics.writeTime-api.scala-255-255=307
org/apache/spark/status/api/v1/TaskMetrics.peakExecutionMemory-api.scala-230-230=317
org/apache/spark/rdd/CoalescedRDDPartition$$anonfun$writeObject$1$$anonfun$apply$mcV$sp$1.apply-CoalescedRDD.scala-47-47=36
org/apache/spark/status/api/v1/TaskMetrics.shuffleWriteMetrics-api.scala-234-234=1025
org/apache/spark/status/api/v1/StageData.attemptId-api.scala-166-166=26
org/apache/spark/graphx/VertexRDD$$anonfun$4.apply-VertexRDD.scala-356-356=25
org/apache/spark/status/api/v1/StageData.stageId-api.scala-165-165=26
org/apache/spark/status/api/v1/ShuffleReadMetrics.remoteBytesReadToDisk-api.scala-249-249=313
org/apache/spark/rdd/RDD.getNarrowAncestors-RDD.scala-320-335=1
org/apache/spark/rdd/RDD.elementClassTag-RDD.scala-1749-1749=7
org/apache/spark/graphx/util/collection/GraphXPrimitiveKeyOpenHashMap$$anon$1.hasNext-GraphXPrimitiveKeyOpenHashMap.scala-131-131=73
org/apache/spark/graphx/util/collection/GraphXPrimitiveKeyOpenHashMap.iterator-GraphXPrimitiveKeyOpenHashMap.scala-115-115=11
org/apache/spark/status/api/v1/TaskMetrics.memoryBytesSpilled-api.scala-228-228=356
org/apache/spark/rdd/RDD.isCheckpointedAndMaterialized-RDD.scala-1677-1677=10
org/apache/spark/status/api/v1/ShuffleReadMetrics.recordsRead-api.scala-251-251=359
org/apache/spark/rdd/RDD$$anonfun$org$apache$spark$rdd$RDD$$visit$1$1.apply-RDD.scala-326-326=4
org/apache/spark/status/api/v1/OutputMetrics.recordsWritten-api.scala-242-242=360
org/apache/spark/rdd/RDD.creationSite-RDD.scala-1734-1734=5
org/apache/spark/rdd/RDD$$anonfun$6.apply-RDD.scala-325-325=8
org/apache/spark/rdd/CoalescedRDDPartition$$anonfun$writeObject$1.apply$mcV$sp-CoalescedRDD.scala-47-48=9
org/apache/spark/rdd/RDD$$anonfun$preferredLocations$2.apply-RDD.scala-297-297=100
org/apache/spark/rdd/RDD.org$apache$spark$rdd$RDD$$dependencies_-RDD.scala-241-241=271
org/apache/spark/status/api/v1/TaskMetrics.executorCpuTime-api.scala-224-224=343
org/apache/spark/graphx/util/collection/GraphXPrimitiveKeyOpenHashMap.move-GraphXPrimitiveKeyOpenHashMap.scala-150-150=40
org/apache/spark/rdd/RDDOperationScope.toJson-RDDOperationScope.scala-52-52=10
org/apache/spark/rdd/RDD.org$apache$spark$rdd$RDD$$visit$1-RDD.scala-323-326=5
org/apache/spark/rdd/RDD.isBarrier-RDD.scala-1931-1931=20
org/apache/spark/graphx/impl/EdgePartition$$anon$1.next-EdgePartition.scala-327-327=45
org/apache/spark/graphx/impl/EdgePartition.org$apache$spark$graphx$impl$EdgePartition$$dstIds-EdgePartition.scala-108-108=39
org/apache/spark/status/api/v1/InputMetrics.bytesRead-api.scala-237-237=360
org/apache/spark/rdd/RDD.getPreferredLocations-RDD.scala-137-137=80
org/apache/spark/status/api/v1/ExecutorSummary.hostPort-api.scala-78-78=27
org/apache/spark/graphx/VertexRDD$$anonfun$4$$anonfun$apply$2.apply-VertexRDD.scala-357-357=26
org/apache/spark/rdd/RDD.getOrCompute-RDD.scala-354-357=10
org/apache/spark/graphx/Edge.srcId-Edge.scala-33-33=40
org/apache/spark/rdd/RDD.iterator-RDD.scala-307-307=22
org/apache/spark/status/api/v1/ShuffleWriteMetrics.bytesWritten-api.scala-254-254=358
org/apache/spark/graphx/util/collection/GraphXPrimitiveKeyOpenHashMap$$anon$1.map-GraphXPrimitiveKeyOpenHashMap.scala-115-115=11
org/apache/spark/util/JsonProtocol$$anonfun$rddInfoToJson$7.apply-JsonProtocol.scala-444-444=20
org/apache/spark/rdd/CoalescedRDDPartition.parentsIndices-CoalescedRDD.scala-40-40=11
org/apache/spark/rdd/RDD.firstParent-RDD.scala-1763-1763=11
org/apache/spark/graphx/impl/RoutingTablePartition$.org$apache$spark$graphx$impl$RoutingTablePartition$$toMessage-RoutingTablePartition.scala-34-36=23
org/apache/spark/graphx/impl/RoutingTablePartition$$anonfun$edgePartitionToMsgs$2.apply-RoutingTablePartition.scala-56-58=20
org/apache/spark/util/JsonProtocol$$anonfun$rddInfoToJson$2.apply-JsonProtocol.scala-437-437=20
org/apache/spark/status/api/v1/ShuffleReadMetrics.remoteBytesRead-api.scala-248-248=355
org/apache/spark/rdd/InputFileBlockHolder$.unset-InputFileBlockHolder.scala-86-86=6
org/apache/spark/rdd/RDDOperationScope.name-RDDOperationScope.scala-47-47=10
org/apache/spark/status/api/v1/TaskMetrics.executorRunTime-api.scala-223-223=340
org/apache/spark/status/api/v1/TaskMetrics.inputMetrics-api.scala-231-231=727
org/apache/spark/rdd/RDD$$anonfun$5.apply-RDD.scala-324-324=8
org/apache/spark/rdd/CoalescedRDDPartition.rdd-CoalescedRDD.scala-39-39=16
org/apache/spark/rdd/RDD.name-RDD.scala-153-153=5
org/apache/spark/util/JsonProtocol$$anonfun$rddInfoToJson$6.apply-JsonProtocol.scala-443-443=20
org/apache/spark/rdd/ShuffledRDDPartition.index-ShuffledRDD.scala-27-27=20
org/apache/spark/rdd/RDD$$anonfun$dependencies$2.apply-RDD.scala-252-252=136
org/apache/spark/rdd/RDD.computeOrReadCheckpoint-RDD.scala-343-343=13
org/apache/spark/status/api/v1/TaskMetrics.outputMetrics-api.scala-232-232=717
org/apache/spark/graphx/impl/RoutingTablePartition$$anonfun$edgePartitionToMsgs$1.apply-RoutingTablePartition.scala-52-53=45
org/apache/spark/graphx/Edge$.$lessinit$greater$default$2-Edge.scala-34-34=14
org/apache/spark/util/JsonProtocol$$anonfun$rddInfoToJson$8.apply-JsonProtocol.scala-445-445=20
org/apache/spark/rdd/CoalescedRDDPartition.index-CoalescedRDD.scala-38-38=38
org/apache/spark/graphx/impl/RoutingTablePartition$.edgePartitionToMsgs-RoutingTablePartition.scala-50-55=12
org/apache/spark/graphx/impl/RoutingTablePartition$$anonfun$edgePartitionToMsgs$1$$anonfun$apply$2.apply$mcB$sp-RoutingTablePartition.scala-53-53=26
org/apache/spark/rdd/CoalescedRDDPartition$$anonfun$writeObject$1.org$apache$spark$rdd$CoalescedRDDPartition$$anonfun$$$outer-CoalescedRDD.scala-45-45=16
org/apache/spark/rdd/CoalescedRDDPartition$$anonfun$writeObject$1.apply-CoalescedRDD.scala-45-45=10
org/apache/spark/graphx/impl/EdgePartition.size-EdgePartition.scala-314-314=45
org/apache/spark/status/api/v1/TaskMetrics.executorDeserializeCpuTime-api.scala-222-222=311
org/apache/spark/rdd/RDD.preferredLocations-RDD.scala-296-296=100
org/apache/spark/rdd/RDD.dependencies-RDD.scala-252-252=136
org/apache/spark/status/api/v1/ShuffleReadMetrics.fetchWaitTime-api.scala-247-247=311
org/apache/spark/graphx/Edge.attr_$eq-Edge.scala-35-35=40
org/apache/spark/rdd/MapPartitionsRDD.isBarrier_-MapPartitionsRDD.scala-60-60=20
org/apache/spark/rdd/RDD$$anonfun$mapPartitions$1$$anonfun$apply$23.apply-RDD.scala-823-823=26
org/apache/spark/graphx/impl/RoutingTablePartition$$anonfun$edgePartitionToMsgs$1$$anonfun$apply$4.apply-RoutingTablePartition.scala-53-53=41
org/apache/spark/graphx/impl/RoutingTablePartition$$anonfun$edgePartitionToMsgs$1$$anonfun$apply$3.apply-RoutingTablePartition.scala-52-52=43
org/apache/spark/graphx/impl/EdgePartition$$anon$1.foreach-EdgePartition.scala-327-327=12
org/apache/spark/rdd/ShuffledRDD.getPreferredLocations-ShuffledRDD.scala-97-99=20
org/apache/spark/status/api/v1/TaskMetrics.shuffleReadMetrics-api.scala-233-233=2328
org/apache/spark/status/api/v1/ShuffleReadMetrics.remoteBlocksFetched-api.scala-245-245=315
org/apache/spark/graphx/impl/EdgePartition$$anon$1.hasNext-EdgePartition.scala-331-331=52
org/apache/spark/status/api/v1/ShuffleWriteMetrics.recordsWritten-api.scala-256-256=355
org/apache/spark/util/JsonProtocol$$anonfun$rddInfoToJson$1.apply-JsonProtocol.scala-437-437=20
org/apache/spark/status/api/v1/TaskMetrics.diskBytesSpilled-api.scala-229-229=358
org/apache/spark/graphx/Edge$.$lessinit$greater$default$1-Edge.scala-33-33=12
org/apache/spark/status/api/v1/TaskMetrics.resultSerializationTime-api.scala-227-227=309
org/apache/spark/graphx/Edge.dstId_$eq-Edge.scala-34-34=41
org/apache/spark/rdd/RDD$$anonfun$partitions$2.apply-RDD.scala-269-269=151
org/apache/spark/rdd/RDD.getStorageLevel-RDD.scala-223-223=10
org/apache/spark/graphx/util/collection/GraphXPrimitiveKeyOpenHashMap.keySet-GraphXPrimitiveKeyOpenHashMap.scala-34-34=201
org/apache/spark/rdd/RDDOperationScope.id-RDDOperationScope.scala-49-49=10
org/apache/spark/rdd/RDD$$anonfun$4.apply-RDD.scala-323-323=8
org/apache/spark/util/JsonProtocol$$anonfun$rddInfoToJson$4$$anonfun$apply$19.apply-JsonProtocol.scala-439-439=20
org/apache/spark/rdd/InputFileBlockHolder$$anon$1.initialValue-InputFileBlockHolder.scala-53-53=3
org/apache/spark/rdd/RDD.sparkContext-RDD.scala-147-147=1
org/apache/spark/rdd/RDDOperationScope$.org$apache$spark$rdd$RDDOperationScope$$jsonMapper-RDDOperationScope.scala-82-82=10
org/apache/spark/rdd/InputFileBlockHolder$.initialize-InputFileBlockHolder.scala-92-92=4
org/apache/spark/graphx/impl/RoutingTablePartition$$anonfun$edgePartitionToMsgs$1$$anonfun$apply$1.apply$mcB$sp-RoutingTablePartition.scala-52-52=18
org/apache/spark/util/JsonProtocol$$anonfun$rddInfoToJson$9.apply-JsonProtocol.scala-446-446=20
org/apache/spark/util/JsonProtocol$$anonfun$rddInfoToJson$3.apply-JsonProtocol.scala-439-439=20
org/apache/spark/rdd/RDD.checkpointData-RDD.scala-1751-1751=386
org/apache/spark/util/JsonProtocol$$anonfun$rddInfoToJson$4.apply-JsonProtocol.scala-439-439=20
org/apache/spark/status/api/v1/ShuffleReadMetrics.localBytesRead-api.scala-250-250=357
org/apache/spark/graphx/Edge$.$lessinit$greater$default$3-Edge.scala-35-35=12
org/apache/spark/rdd/MapPartitionsRDD.compute-MapPartitionsRDD.scala-52-52=10
org/apache/spark/status/api/v1/TaskMetrics.executorDeserializeTime-api.scala-221-221=357
org/apache/spark/rdd/RDD$$anonfun$getNarrowAncestors$1.apply-RDD.scala-335-335=8
org/apache/spark/rdd/RDDOperationScope.parent-RDDOperationScope.scala-48-48=10
org/apache/spark/graphx/impl/EdgePartition.org$apache$spark$graphx$impl$EdgePartition$$srcIds-EdgePartition.scala-106-106=36
org/apache/spark/rdd/RDD.partitions-RDD.scala-269-269=150
org/apache/spark/rdd/RDD$$anon$1.next-RDD.scala-367-368=12
org/apache/spark/status/api/v1/JobData.jobId-api.scala-110-110=18
org/apache/spark/status/api/v1/ExecutorSummary.id-api.scala-77-77=27
org/apache/spark/status/api/v1/TaskMetrics.jvmGcTime-api.scala-226-226=316
org/apache/spark/graphx/impl/RoutingTablePartition$$anonfun$edgePartitionToMsgs$1$$anonfun$apply$1.apply-RoutingTablePartition.scala-52-52=17
org/apache/spark/graphx/impl/RoutingTablePartition$$anonfun$edgePartitionToMsgs$1$$anonfun$apply$2.apply-RoutingTablePartition.scala-53-53=26
org/apache/spark/graphx/impl/RoutingTablePartition$$anonfun$edgePartitionToMsgs$1.apply-RoutingTablePartition.scala-51-51=43
org/apache/spark/status/api/v1/RDDStorageInfo.id-api.scala-132-132=9
org/apache/spark/graphx/Edge.dstId-Edge.scala-34-34=43
org/apache/spark/graphx/util/collection/GraphXPrimitiveKeyOpenHashMap$$anon$1.next-GraphXPrimitiveKeyOpenHashMap.scala-115-115=24
org/apache/spark/rdd/RDD$$anonfun$org$apache$spark$rdd$RDD$$visit$1$1.apply-RDD.scala-327-328=4
