org/apache/spark/graphx/impl/EdgePartition$mcI$sp.updateVertices-EdgePartition.scala-86-86=38
org/apache/spark/rdd/CoalescedRDDPartition.parents_$eq-CoalescedRDD.scala-42-42=12
org/apache/spark/graphx/impl/EdgeRDDImpl$$anonfun$mapEdgePartitions$1.apply-EdgeRDDImpl.scala-120-120=7
org/apache/spark/graphx/util/collection/GraphXPrimitiveKeyOpenHashMap.size-GraphXPrimitiveKeyOpenHashMap.scala-59-59=10
org/apache/spark/rdd/ZippedPartitionsPartition$$anonfun$writeObject$1.apply-ZippedPartitionsRDD.scala-38-38=62
org/apache/spark/graphx/util/collection/GraphXPrimitiveKeyOpenHashMap$mcJI$sp._oldValues_$eq-GraphXPrimitiveKeyOpenHashMap.scala-57-57=13
org/apache/spark/graphx/util/collection/GraphXPrimitiveKeyOpenHashMap.grow-GraphXPrimitiveKeyOpenHashMap.scala-145-145=17
org/apache/spark/graphx/impl/EdgeRDDImpl$$anonfun$mapEdgePartitions$1.apply-EdgeRDDImpl.scala-119-119=7
org/apache/spark/rdd/RDD.org$apache$spark$rdd$RDD$$partitions_-RDD.scala-242-242=562
org/apache/spark/graphx/Edge.srcId_$eq-Edge.scala-33-33=45
org/apache/spark/status/api/v1/InputMetrics.recordsRead-api.scala-238-238=861
org/apache/spark/rdd/ZippedPartitionsRDD2.f-ZippedPartitionsRDD.scala-81-81=27
org/apache/spark/rdd/CoalescedRDDPartition$$anonfun$writeObject$1$$anonfun$apply$mcV$sp$1.apply-CoalescedRDD.scala-47-47=39
org/apache/spark/graphx/impl/EdgeWithLocalIds$$anon$2.getKey-EdgePartitionBuilder.scala-147-147=31
org/apache/spark/status/api/v1/TaskMetrics.shuffleWriteMetrics-api.scala-234-234=2347
org/apache/spark/graphx/lib/StronglyConnectedComponents$$anonfun$1.apply$mcJJJ$sp-StronglyConnectedComponents.scala-99-99=11
org/apache/spark/status/api/v1/StageData.attemptId-api.scala-166-166=197
org/apache/spark/graphx/lib/StronglyConnectedComponents$$anonfun$8.apply-StronglyConnectedComponents.scala-93-93=29
org/apache/spark/rdd/ZippedPartitionsPartition$$anonfun$writeObject$1.apply$mcV$sp-ZippedPartitionsRDD.scala-40-41=63
org/apache/spark/status/api/v1/ShuffleReadMetrics.remoteBytesReadToDisk-api.scala-249-249=632
org/apache/spark/rdd/RDD.getNarrowAncestors-RDD.scala-320-335=1
org/apache/spark/graphx/impl/GraphImpl$$anonfun$13$$anonfun$apply$3$$anonfun$1.apply-GraphImpl.scala-211-211=9
org/apache/spark/graphx/impl/EdgePartition.indexSize-EdgePartition.scala-317-317=10
org/apache/spark/graphx/Edge.attr-Edge.scala-35-35=24
org/apache/spark/status/api/v1/TaskMetrics.memoryBytesSpilled-api.scala-228-228=860
org/apache/spark/rdd/RDD.isCheckpointedAndMaterialized-RDD.scala-1677-1677=81
org/apache/spark/rdd/ZippedPartitionsRDD2.compute-ZippedPartitionsRDD.scala-88-89=29
org/apache/spark/graphx/EdgeTriplet.dstAttr_$eq-EdgeTriplet.scala-35-35=50
org/apache/spark/rdd/ZippedPartitionsPartition.org$apache$spark$rdd$ZippedPartitionsPartition$$rdds-ZippedPartitionsRDD.scala-29-29=86
org/apache/spark/status/api/v1/OutputMetrics.recordsWritten-api.scala-242-242=859
org/apache/spark/rdd/RDD.creationSite-RDD.scala-1734-1734=22
org/apache/spark/graphx/impl/AggregatingEdgeContext.srcAttr-EdgePartition.scala-523-523=30
org/apache/spark/rdd/RDD$$anonfun$6.apply-RDD.scala-325-325=42
org/apache/spark/rdd/RDD.org$apache$spark$rdd$RDD$$dependencies_-RDD.scala-241-241=251
org/apache/spark/status/api/v1/TaskMetrics.executorCpuTime-api.scala-224-224=822
org/apache/spark/graphx/EdgeTriplet.dstAttr-EdgeTriplet.scala-35-35=56
org/apache/spark/graphx/impl/EdgeWithLocalIds$$anon$1.compare-EdgePartitionBuilder.scala-135-135=14
org/apache/spark/graphx/impl/AggregatingEdgeContext.sendToDst-EdgePartition.scala-531-531=26
org/apache/spark/rdd/RDDOperationScope.toJson-RDDOperationScope.scala-52-52=44
org/apache/spark/status/api/v1/InputMetrics.bytesRead-api.scala-237-237=863
org/apache/spark/rdd/RDD.getPreferredLocations-RDD.scala-137-137=20
org/apache/spark/status/api/v1/ExecutorSummary.hostPort-api.scala-78-78=56
org/apache/spark/graphx/impl/EdgeWithLocalIds$.edgeArraySortDataFormat-EdgePartitionBuilder.scala-145-145=10
org/apache/spark/rdd/RDD.getOrCompute-RDD.scala-354-357=27
org/apache/spark/graphx/impl/ExistingEdgePartitionBuilder$mcI$sp.toEdgePartition$mcI$sp-EdgePartitionBuilder.scala-98-123=9
org/apache/spark/rdd/ZippedPartitionsRDD2.getPreferredLocations-ZippedPartitionsRDD.scala-70-70=20
org/apache/spark/status/api/v1/ShuffleWriteMetrics.bytesWritten-api.scala-254-254=862
org/apache/spark/rdd/CoalescedRDDPartition.parentsIndices-CoalescedRDD.scala-40-40=8
org/apache/spark/rdd/RDD.firstParent-RDD.scala-1763-1763=18
org/apache/spark/graphx/impl/EdgeWithLocalIds.srcId-EdgePartitionBuilder.scala-129-129=88
org/apache/spark/rdd/RDDOperationScope.name-RDDOperationScope.scala-47-47=44
org/apache/spark/rdd/RDD$$anonfun$5.apply-RDD.scala-324-324=42
org/apache/spark/rdd/RDD.name-RDD.scala-153-153=22
org/apache/spark/graphx/impl/EdgeRDDImpl$$anonfun$filter$1.apply-EdgeRDDImpl.scala-101-101=17
org/apache/spark/rdd/RDD$$anonfun$dependencies$2.apply-RDD.scala-252-252=124
org/apache/spark/rdd/ZippedPartitionsRDD2.rdd2-ZippedPartitionsRDD.scala-83-83=27
org/apache/spark/rdd/RDD.computeOrReadCheckpoint-RDD.scala-343-343=84
org/apache/spark/graphx/impl/ReplicatedVertexView$$anonfun$4.apply-ReplicatedVertexView.scala-113-113=61
org/apache/spark/status/api/v1/RDDPartitionInfo.executors-api.scala-161-161=35
org/apache/spark/status/api/v1/TaskMetrics.outputMetrics-api.scala-232-232=1732
org/apache/spark/graphx/Edge$.$lessinit$greater$default$2-Edge.scala-34-34=45
org/apache/spark/util/JsonProtocol$$anonfun$rddInfoToJson$8.apply-JsonProtocol.scala-445-445=88
org/apache/spark/graphx/util/collection/GraphXPrimitiveKeyOpenHashMap$mcJI$sp._values$mcI$sp-GraphXPrimitiveKeyOpenHashMap.scala--1--1=16
org/apache/spark/rdd/CoalescedRDDPartition$$anonfun$writeObject$1.org$apache$spark$rdd$CoalescedRDDPartition$$anonfun$$$outer-CoalescedRDD.scala-45-45=22
org/apache/spark/rdd/ZippedPartitionsPartition$$anonfun$writeObject$1.org$apache$spark$rdd$ZippedPartitionsPartition$$anonfun$$$outer-ZippedPartitionsRDD.scala-38-38=188
org/apache/spark/rdd/RDD.preferredLocations-RDD.scala-296-296=40
org/apache/spark/graphx/impl/VertexAttributeBlock.iterator-ShippableVertexPartition.scala-31-31=609
org/apache/spark/graphx/lib/StronglyConnectedComponents$$anonfun$6.apply-StronglyConnectedComponents.scala-79-79=104
org/apache/spark/graphx/impl/EdgeWithLocalIds$$anon$2.allocate-EdgePartitionBuilder.scala-145-145=6
org/apache/spark/graphx/impl/EdgeWithLocalIds$$anon$1.compare-EdgePartitionBuilder.scala-133-133=13
org/apache/spark/util/JsonProtocol$$anonfun$rddInfoToJson$1.apply-JsonProtocol.scala-437-437=88
org/apache/spark/graphx/impl/AggregatingEdgeContext.dstId-EdgePartition.scala-522-522=59
org/apache/spark/graphx/EdgeTriplet.srcAttr-EdgeTriplet.scala-30-30=86
org/apache/spark/graphx/impl/AggregatingEdgeContext.set-EdgePartition.scala-499-505=26
org/apache/spark/status/api/v1/TaskMetrics.resultSerializationTime-api.scala-227-227=621
org/apache/spark/rdd/RDD.getStorageLevel-RDD.scala-223-223=26
org/apache/spark/graphx/lib/StronglyConnectedComponents$$anonfun$8.apply-StronglyConnectedComponents.scala-92-92=30
org/apache/spark/graphx/EdgeTriplet.srcAttr_$eq-EdgeTriplet.scala-30-30=54
org/apache/spark/rdd/RDD.sparkContext-RDD.scala-147-147=1
org/apache/spark/rdd/InputFileBlockHolder$.initialize-InputFileBlockHolder.scala-92-92=4
org/apache/spark/graphx/util/collection/GraphXPrimitiveKeyOpenHashMap$mcJI$sp.update$mcJI$sp-GraphXPrimitiveKeyOpenHashMap.scala-75-78=14
org/apache/spark/util/JsonProtocol$$anonfun$rddInfoToJson$3.apply-JsonProtocol.scala-439-439=88
org/apache/spark/rdd/RDD.checkpointData-RDD.scala-1751-1751=523
org/apache/spark/graphx/GraphXUtils$$anonfun$org$apache$spark$graphx$GraphXUtils$$sendMsg$1$1.apply-GraphXUtils.scala-58-58=28
org/apache/spark/status/api/v1/TaskMetrics.executorDeserializeTime-api.scala-221-221=719
org/apache/spark/rdd/ZippedPartitionsPartition.partitionValues-ZippedPartitionsRDD.scala-34-34=26
org/apache/spark/graphx/impl/EdgePartition$$anonfun$aggregateMessagesEdgeScan$1.apply-EdgePartition.scala-414-414=28
org/apache/spark/rdd/RDD.partitions-RDD.scala-269-269=270
org/apache/spark/graphx/impl/AggregatingEdgeContext.srcId-EdgePartition.scala-521-521=57
org/apache/spark/status/api/v1/ExecutorSummary.id-api.scala-77-77=58
org/apache/spark/rdd/RDD$$anonfun$7.apply-RDD.scala-357-357=19
org/apache/spark/graphx/impl/ReplicatedVertexView$$anonfun$4$$anonfun$apply$5$$anonfun$apply$6.apply-ReplicatedVertexView.scala-115-115=1194
org/apache/spark/graphx/impl/ReplicatedVertexView$$anonfun$4$$anonfun$apply$5.apply-ReplicatedVertexView.scala-113-113=66
org/apache/spark/status/api/v1/RDDStorageInfo.id-api.scala-132-132=978
org/apache/spark/graphx/Edge.dstId-Edge.scala-34-34=86
org/apache/spark/graphx/impl/EdgeWithLocalIds.localDstId-EdgePartitionBuilder.scala-129-129=24
org/apache/spark/rdd/RDD$$anonfun$org$apache$spark$rdd$RDD$$visit$1$1.apply-RDD.scala-327-328=21
org/apache/spark/graphx/util/collection/GraphXPrimitiveKeyOpenHashMap$mcJI$sp.keySet$mcJ$sp-GraphXPrimitiveKeyOpenHashMap.scala--1--1=40
org/apache/spark/status/api/v1/OutputMetrics.bytesWritten-api.scala-241-241=871
org/apache/spark/graphx/util/collection/GraphXPrimitiveKeyOpenHashMap$mcJI$sp._oldValues$mcI$sp_$eq-GraphXPrimitiveKeyOpenHashMap.scala--1--1=15
org/apache/spark/graphx/impl/EdgeWithLocalIds$$anon$2.getKey-EdgePartitionBuilder.scala-145-145=32
org/apache/spark/status/api/v1/TaskMetrics.resultSize-api.scala-225-225=622
org/apache/spark/rdd/ZippedPartitionsRDD2.rdd1-ZippedPartitionsRDD.scala-82-82=27
org/apache/spark/rdd/ZippedPartitionsPartition.index-ZippedPartitionsRDD.scala-33-33=64
org/apache/spark/status/api/v1/ShuffleReadMetrics.localBlocksFetched-api.scala-246-246=626
org/apache/spark/graphx/Edge.attr$mcI$sp-Edge.scala-35-35=25
org/apache/spark/rdd/RDD.id-RDD.scala-150-150=252
org/apache/spark/rdd/RDD.scope-RDD.scala-1743-1743=22
org/apache/spark/util/JsonProtocol$$anonfun$rddInfoToJson$5.apply-JsonProtocol.scala-440-440=88
org/apache/spark/status/api/v1/ShuffleWriteMetrics.writeTime-api.scala-255-255=625
org/apache/spark/status/api/v1/TaskMetrics.peakExecutionMemory-api.scala-230-230=626
org/apache/spark/graphx/Edge.attr$mcI$sp_$eq-Edge.scala-35-35=24
org/apache/spark/graphx/impl/EdgePartition.aggregateMessagesEdgeScan-EdgePartition.scala-388-414=12
org/apache/spark/status/api/v1/StageData.stageId-api.scala-165-165=202
org/apache/spark/rdd/RDD.elementClassTag-RDD.scala-1749-1749=25
org/apache/spark/graphx/util/collection/GraphXPrimitiveKeyOpenHashMap$mcJI$sp.keySet-GraphXPrimitiveKeyOpenHashMap.scala-34-34=43
org/apache/spark/graphx/impl/ExistingEdgePartitionBuilder$mcI$sp.add$mcI$sp-EdgePartitionBuilder.scala-94-94=26
org/apache/spark/status/api/v1/ShuffleReadMetrics.recordsRead-api.scala-251-251=860
org/apache/spark/rdd/RDD$$anonfun$org$apache$spark$rdd$RDD$$visit$1$1.apply-RDD.scala-326-326=21
org/apache/spark/rdd/ZippedPartitionsPartition.partitionValues_$eq-ZippedPartitionsRDD.scala-34-34=88
org/apache/spark/rdd/CoalescedRDDPartition$$anonfun$writeObject$1.apply$mcV$sp-CoalescedRDD.scala-47-48=11
org/apache/spark/rdd/RDD$$anonfun$preferredLocations$2.apply-RDD.scala-297-297=40
org/apache/spark/graphx/impl/EdgePartition$mcI$sp.filter$mcI$sp-EdgePartition.scala-199-217=8
org/apache/spark/graphx/impl/ExistingEdgePartitionBuilder$.$lessinit$greater$default$5-EdgePartitionBuilder.scala-89-89=7
org/apache/spark/graphx/util/collection/GraphXPrimitiveKeyOpenHashMap.move-GraphXPrimitiveKeyOpenHashMap.scala-150-150=14
org/apache/spark/graphx/GraphXUtils$$anonfun$mapReduceTriplets$1.apply-GraphXUtils.scala-70-70=60
org/apache/spark/rdd/RDD.org$apache$spark$rdd$RDD$$visit$1-RDD.scala-323-326=22
org/apache/spark/rdd/RDD.isBarrier-RDD.scala-1931-1931=20
org/apache/spark/graphx/impl/GraphImpl$$anonfun$13.apply-GraphImpl.scala-208-208=15
org/apache/spark/rdd/ZippedPartitionsPartition$$anonfun$writeObject$1$$anonfun$apply$mcV$sp$1.apply-ZippedPartitionsRDD.scala-40-40=376
org/apache/spark/graphx/impl/EdgePartition$mcI$sp.filter-EdgePartition.scala-196-196=12
org/apache/spark/rdd/ZippedPartitionsPartition.preferredLocations-ZippedPartitionsRDD.scala-30-30=20
org/apache/spark/rdd/ZippedPartitionsBaseRDD.getPreferredLocations-ZippedPartitionsRDD.scala-70-70=20
org/apache/spark/graphx/GraphXUtils$.org$apache$spark$graphx$GraphXUtils$$sendMsg$1-GraphXUtils.scala-58-58=31
org/apache/spark/graphx/Edge.srcId-Edge.scala-33-33=51
org/apache/spark/rdd/RDD.iterator-RDD.scala-307-307=88
org/apache/spark/rdd/ZippedPartitionsPartition.partitions-ZippedPartitionsRDD.scala-35-35=30
org/apache/spark/graphx/impl/VertexAttributeBlock.vids-ShippableVertexPartition.scala-28-28=639
org/apache/spark/graphx/lib/StronglyConnectedComponents$$anonfun$1.apply-StronglyConnectedComponents.scala-99-99=20
org/apache/spark/util/JsonProtocol$$anonfun$rddInfoToJson$7.apply-JsonProtocol.scala-444-444=88
org/apache/spark/graphx/GraphXUtils$$anonfun$org$apache$spark$graphx$GraphXUtils$$sendMsg$1$1.apply-GraphXUtils.scala-59-58=29
org/apache/spark/util/JsonProtocol$$anonfun$rddInfoToJson$2.apply-JsonProtocol.scala-437-437=88
org/apache/spark/graphx/impl/EdgeWithLocalIds.localSrcId-EdgePartitionBuilder.scala-129-129=23
org/apache/spark/status/api/v1/ShuffleReadMetrics.remoteBytesRead-api.scala-248-248=864
org/apache/spark/rdd/InputFileBlockHolder$.unset-InputFileBlockHolder.scala-86-86=9
org/apache/spark/graphx/impl/EdgePartition$mcI$sp.updateVertices$mcI$sp-EdgePartition.scala-87-93=40
org/apache/spark/status/api/v1/TaskMetrics.inputMetrics-api.scala-231-231=1725
org/apache/spark/status/api/v1/TaskMetrics.executorRunTime-api.scala-223-223=822
org/apache/spark/graphx/impl/GraphImpl$$anonfun$13$$anonfun$apply$3.apply-GraphImpl.scala-208-208=18
org/apache/spark/rdd/CoalescedRDDPartition.rdd-CoalescedRDD.scala-39-39=22
org/apache/spark/util/JsonProtocol$$anonfun$rddInfoToJson$6.apply-JsonProtocol.scala-443-443=86
org/apache/spark/rdd/ShuffledRDDPartition.index-ShuffledRDD.scala-27-27=36
org/apache/spark/graphx/impl/GraphImpl$$anonfun$13$$anonfun$apply$3$$anonfun$1.apply$mcI$sp-GraphImpl.scala-211-211=8
org/apache/spark/status/api/v1/RDDPartitionInfo.diskUsed-api.scala-160-160=31
org/apache/spark/graphx/impl/EdgeWithLocalIds.dstId-EdgePartitionBuilder.scala-129-129=22
org/apache/spark/graphx/impl/AggregatingEdgeContext.attr-EdgePartition.scala-525-525=28
org/apache/spark/rdd/CoalescedRDDPartition$$anonfun$writeObject$1.apply-CoalescedRDD.scala-45-45=12
org/apache/spark/graphx/impl/EdgePartition.size-EdgePartition.scala-314-314=68
org/apache/spark/status/api/v1/TaskMetrics.executorDeserializeCpuTime-api.scala-222-222=618
org/apache/spark/rdd/RDD.dependencies-RDD.scala-252-252=128
org/apache/spark/status/api/v1/ShuffleReadMetrics.fetchWaitTime-api.scala-247-247=634
org/apache/spark/graphx/Edge.attr_$eq-Edge.scala-35-35=52
org/apache/spark/rdd/MapPartitionsRDD.isBarrier_-MapPartitionsRDD.scala-60-60=20
org/apache/spark/rdd/RDD$$anonfun$mapPartitions$1$$anonfun$apply$23.apply-RDD.scala-823-823=26
org/apache/spark/graphx/impl/EdgePartition.numActives-EdgePartition.scala-118-118=9
org/apache/spark/status/api/v1/TaskMetrics.shuffleReadMetrics-api.scala-233-233=5088
org/apache/spark/status/api/v1/RDDPartitionInfo.memoryUsed-api.scala-159-159=38
org/apache/spark/status/api/v1/ShuffleReadMetrics.remoteBlocksFetched-api.scala-245-245=623
org/apache/spark/status/api/v1/ShuffleWriteMetrics.recordsWritten-api.scala-256-256=863
org/apache/spark/status/api/v1/TaskMetrics.diskBytesSpilled-api.scala-229-229=865
org/apache/spark/graphx/Edge$.$lessinit$greater$default$1-Edge.scala-33-33=46
org/apache/spark/graphx/Edge.dstId_$eq-Edge.scala-34-34=52
org/apache/spark/graphx/impl/EdgeWithLocalIds$.lexicographicOrdering-EdgePartitionBuilder.scala-133-133=11
org/apache/spark/rdd/RDD$$anonfun$partitions$2.apply-RDD.scala-269-269=269
org/apache/spark/rdd/RDDOperationScope.id-RDDOperationScope.scala-49-49=44
org/apache/spark/rdd/RDD$$anonfun$4.apply-RDD.scala-323-323=56
org/apache/spark/util/JsonProtocol$$anonfun$rddInfoToJson$4$$anonfun$apply$19.apply-JsonProtocol.scala-439-439=88
org/apache/spark/rdd/InputFileBlockHolder$$anon$1.initialValue-InputFileBlockHolder.scala-53-53=4
org/apache/spark/rdd/RDDOperationScope$.org$apache$spark$rdd$RDDOperationScope$$jsonMapper-RDDOperationScope.scala-82-82=44
org/apache/spark/util/JsonProtocol$$anonfun$rddInfoToJson$9.apply-JsonProtocol.scala-446-446=88
org/apache/spark/graphx/EdgeContext.toEdgeTriplet-EdgeContext.scala-43-49=28
org/apache/spark/status/api/v1/ShuffleReadMetrics.localBytesRead-api.scala-250-250=859
org/apache/spark/util/JsonProtocol$$anonfun$rddInfoToJson$4.apply-JsonProtocol.scala-439-439=88
org/apache/spark/graphx/Edge$.$lessinit$greater$default$3-Edge.scala-35-35=47
org/apache/spark/graphx/impl/AggregatingEdgeContext.dstAttr-EdgePartition.scala-524-524=31
org/apache/spark/graphx/impl/EdgeWithLocalIds$mcI$sp.attr$mcI$sp-EdgePartitionBuilder.scala--1--1=21
org/apache/spark/rdd/MapPartitionsRDD.compute-MapPartitionsRDD.scala-52-52=13
org/apache/spark/rdd/RDD$$anonfun$getNarrowAncestors$1.apply-RDD.scala-335-335=42
org/apache/spark/graphx/impl/GraphImpl$$anonfun$subgraph$default$1$1.apply-GraphImpl.scala-160-160=47
org/apache/spark/rdd/RDDOperationScope.parent-RDDOperationScope.scala-48-48=44
org/apache/spark/rdd/RDD$$anon$1.next-RDD.scala-367-368=7
org/apache/spark/status/api/v1/JobData.jobId-api.scala-110-110=40
org/apache/spark/status/api/v1/TaskMetrics.jvmGcTime-api.scala-226-226=622
org/apache/spark/rdd/ShuffledRDD.compute-ShuffledRDD.scala-103-105=31
