org/apache/spark/status/api/v1/OutputMetrics.bytesWritten-api.scala-241-241=743
org/apache/spark/status/api/v1/TaskMetrics.resultSize-api.scala-225-225=453
org/apache/spark/rdd/ZippedPartitionsPartition$$anonfun$writeObject$1.apply-ZippedPartitionsRDD.scala-38-38=2104
org/apache/spark/rdd/ZippedPartitionsRDD2.rdd1-ZippedPartitionsRDD.scala-82-82=21
org/apache/spark/graphx/impl/VertexRDDImpl$$anonfun$shipVertexAttributes$1$$anonfun$apply$7.apply-VertexRDDImpl.scala-247-247=29
org/apache/spark/rdd/RDD.org$apache$spark$rdd$RDD$$partitions_-RDD.scala-242-242=8325
org/apache/spark/graphx/impl/ShippableVertexPartitionOps.org$apache$spark$internal$Logging$$log__$eq-ShippableVertexPartition.scala-34-34=57
org/apache/spark/rdd/ZippedPartitionsPartition.index-ZippedPartitionsRDD.scala-33-33=114
org/apache/spark/status/api/v1/ShuffleReadMetrics.localBlocksFetched-api.scala-246-246=457
org/apache/spark/graphx/Pregel$$anonfun$1.apply-Pregel.scala-130-130=3
org/apache/spark/rdd/RDD.id-RDD.scala-150-150=929
org/apache/spark/rdd/RDD.scope-RDD.scala-1743-1743=59
org/apache/spark/rdd/ZippedPartitionsRDD2.f-ZippedPartitionsRDD.scala-81-81=23
org/apache/spark/status/api/v1/InputMetrics.recordsRead-api.scala-238-238=729
org/apache/spark/util/JsonProtocol$$anonfun$rddInfoToJson$5.apply-JsonProtocol.scala-440-440=2360
org/apache/spark/graphx/impl/VertexRDDImpl$$anonfun$shipVertexAttributes$1.apply-VertexRDDImpl.scala-247-247=33
org/apache/spark/status/api/v1/ShuffleWriteMetrics.writeTime-api.scala-255-255=463
org/apache/spark/status/api/v1/TaskMetrics.peakExecutionMemory-api.scala-230-230=450
org/apache/spark/status/api/v1/TaskMetrics.shuffleWriteMetrics-api.scala-234-234=1953
org/apache/spark/graphx/impl/ShippableVertexPartition$$anonfun$shipVertexAttributes$1$$anonfun$apply$1.apply-ShippableVertexPartition.scala-121-121=145
org/apache/spark/status/api/v1/StageData.attemptId-api.scala-166-166=207
org/apache/spark/graphx/impl/VertexRDDImpl$$anonfun$2.apply-VertexRDDImpl.scala-144-144=21
org/apache/spark/rdd/ZippedPartitionsPartition$$anonfun$writeObject$1.apply$mcV$sp-ZippedPartitionsRDD.scala-40-41=2104
org/apache/spark/graphx/impl/VertexRDDImpl$$anonfun$1.apply-VertexRDDImpl.scala-96-96=19
org/apache/spark/graphx/impl/VertexRDDImpl.vdTag-VertexRDDImpl.scala-30-30=27
org/apache/spark/graphx/impl/ShippableVertexPartition$ShippableVertexPartitionOpsConstructor$.toOps-ShippableVertexPartition.scala-85-85=19
org/apache/spark/graphx/impl/ShippableVertexPartitionOps.withMask-ShippableVertexPartition.scala-152-152=21
org/apache/spark/status/api/v1/StageData.stageId-api.scala-165-165=207
org/apache/spark/status/api/v1/ShuffleReadMetrics.remoteBytesReadToDisk-api.scala-249-249=455
org/apache/spark/rdd/RDD.getNarrowAncestors-RDD.scala-320-335=1
org/apache/spark/rdd/RDD.elementClassTag-RDD.scala-1749-1749=44
org/apache/spark/graphx/impl/ShippableVertexPartitionOps.withValues-ShippableVertexPartition.scala-152-152=28
org/apache/spark/rdd/ZippedPartitionsRDD2.compute-ZippedPartitionsRDD.scala-88-89=17
org/apache/spark/status/api/v1/TaskMetrics.memoryBytesSpilled-api.scala-228-228=735
org/apache/spark/rdd/RDD.isCheckpointedAndMaterialized-RDD.scala-1677-1677=65
org/apache/spark/graphx/impl/VertexPartitionBaseOps.org$apache$spark$internal$Logging$$log__$eq-VertexPartitionBaseOps.scala-34-34=57
org/apache/spark/graphx/impl/VertexPartitionBase.capacity-VertexPartitionBase.scala-69-69=12
org/apache/spark/rdd/ZippedPartitionsPartition.org$apache$spark$rdd$ZippedPartitionsPartition$$rdds-ZippedPartitionsRDD.scala-29-29=1967
org/apache/spark/status/api/v1/ShuffleReadMetrics.recordsRead-api.scala-251-251=747
org/apache/spark/rdd/RDD$$anonfun$org$apache$spark$rdd$RDD$$visit$1$1.apply-RDD.scala-326-326=57
org/apache/spark/status/api/v1/OutputMetrics.recordsWritten-api.scala-242-242=745
org/apache/spark/rdd/RDD.creationSite-RDD.scala-1734-1734=60
org/apache/spark/rdd/ZippedPartitionsPartition.partitionValues_$eq-ZippedPartitionsRDD.scala-34-34=1982
org/apache/spark/rdd/RDD$$anonfun$6.apply-RDD.scala-325-325=148
org/apache/spark/graphx/impl/ShippableVertexPartition$ShippableVertexPartitionOpsConstructor$.toOps-ShippableVertexPartition.scala-88-88=21
org/apache/spark/graphx/impl/VertexPartitionBase.isDefined-VertexPartitionBase.scala-77-76=75
org/apache/spark/rdd/RDD$$anonfun$preferredLocations$2.apply-RDD.scala-297-297=120
org/apache/spark/graphx/impl/ShippableVertexPartition$$anonfun$shipVertexAttributes$1.org$apache$spark$graphx$impl$ShippableVertexPartition$$anonfun$$$outer-ShippableVertexPartition.scala-116-116=75
org/apache/spark/graphx/impl/ShippableVertexPartition.index-ShippableVertexPartition.scala-98-98=279
org/apache/spark/rdd/RDD.org$apache$spark$rdd$RDD$$dependencies_-RDD.scala-241-241=627
org/apache/spark/status/api/v1/TaskMetrics.executorCpuTime-api.scala-224-224=666
org/apache/spark/graphx/impl/ShippableVertexPartition.capacity-ShippableVertexPartition.scala-69-69=16
org/apache/spark/rdd/RDDOperationScope.toJson-RDDOperationScope.scala-52-52=1175
org/apache/spark/rdd/RDD.org$apache$spark$rdd$RDD$$visit$1-RDD.scala-323-326=56
org/apache/spark/graphx/impl/ShippableVertexPartition$$anonfun$shipVertexAttributes$1.apply-ShippableVertexPartition.scala-116-116=393
org/apache/spark/rdd/RDD.isBarrier-RDD.scala-1931-1931=20
org/apache/spark/rdd/ZippedPartitionsPartition$$anonfun$writeObject$1$$anonfun$apply$mcV$sp$1.apply-ZippedPartitionsRDD.scala-40-40=7898
org/apache/spark/status/api/v1/InputMetrics.bytesRead-api.scala-237-237=735
org/apache/spark/rdd/RDD.getPreferredLocations-RDD.scala-137-137=40
org/apache/spark/rdd/ZippedPartitionsPartition.preferredLocations-ZippedPartitionsRDD.scala-30-30=80
org/apache/spark/status/api/v1/ExecutorSummary.hostPort-api.scala-78-78=83
org/apache/spark/rdd/ZippedPartitionsBaseRDD.getPreferredLocations-ZippedPartitionsRDD.scala-70-70=80
org/apache/spark/graphx/impl/GraphImpl$$anonfun$5.apply-GraphImpl.scala-130-130=19
org/apache/spark/rdd/RDD.getOrCompute-RDD.scala-354-357=47
org/apache/spark/rdd/RDD.iterator-RDD.scala-307-307=83
org/apache/spark/rdd/ZippedPartitionsPartition.partitions-ZippedPartitionsRDD.scala-35-35=19
org/apache/spark/rdd/ZippedPartitionsRDD2.getPreferredLocations-ZippedPartitionsRDD.scala-70-70=80
org/apache/spark/status/api/v1/ShuffleWriteMetrics.bytesWritten-api.scala-254-254=750
org/apache/spark/graphx/impl/ShippableVertexPartition.shipVertexAttributes-ShippableVertexPartition.scala-116-116=16
org/apache/spark/util/JsonProtocol$$anonfun$rddInfoToJson$7.apply-JsonProtocol.scala-444-444=2345
org/apache/spark/rdd/RDD.firstParent-RDD.scala-1763-1763=38
org/apache/spark/util/JsonProtocol$$anonfun$rddInfoToJson$2.apply-JsonProtocol.scala-437-437=2353
org/apache/spark/status/api/v1/ShuffleReadMetrics.remoteBytesRead-api.scala-248-248=740
org/apache/spark/graphx/impl/RoutingTablePartition.numEdgePartitions-RoutingTablePartition.scala-105-105=16
org/apache/spark/graphx/impl/ShippableVertexPartition.isDefined-ShippableVertexPartition.scala-77-76=73
org/apache/spark/rdd/InputFileBlockHolder$.unset-InputFileBlockHolder.scala-86-86=7
org/apache/spark/rdd/RDDOperationScope.name-RDDOperationScope.scala-47-47=1162
org/apache/spark/status/api/v1/TaskMetrics.executorRunTime-api.scala-223-223=663
org/apache/spark/status/api/v1/TaskMetrics.inputMetrics-api.scala-231-231=1469
org/apache/spark/rdd/RDD$$anonfun$5.apply-RDD.scala-324-324=146
org/apache/spark/util/JsonProtocol$$anonfun$rddInfoToJson$6.apply-JsonProtocol.scala-443-443=2338
org/apache/spark/rdd/RDD.name-RDD.scala-153-153=59
org/apache/spark/graphx/impl/ShippableVertexPartition.routingTable-ShippableVertexPartition.scala-101-101=1010
org/apache/spark/rdd/RDD$$anonfun$dependencies$2.apply-RDD.scala-252-252=313
org/apache/spark/rdd/ZippedPartitionsRDD2.rdd2-ZippedPartitionsRDD.scala-83-83=19
org/apache/spark/rdd/RDD.computeOrReadCheckpoint-RDD.scala-343-343=43
org/apache/spark/status/api/v1/RDDPartitionInfo.executors-api.scala-161-161=36
org/apache/spark/graphx/impl/RoutingTablePartition.foreachWithinEdgePartition-RoutingTablePartition.scala-127-127=469
org/apache/spark/status/api/v1/TaskMetrics.outputMetrics-api.scala-232-232=1493
org/apache/spark/status/api/v1/RDDPartitionInfo.diskUsed-api.scala-160-160=36
org/apache/spark/util/JsonProtocol$$anonfun$rddInfoToJson$8.apply-JsonProtocol.scala-445-445=2346
org/apache/spark/graphx/lib/StronglyConnectedComponents$$anonfun$7.apply-StronglyConnectedComponents.scala-91-91=2
org/apache/spark/rdd/ZippedPartitionsPartition$$anonfun$writeObject$1.org$apache$spark$rdd$ZippedPartitionsPartition$$anonfun$$$outer-ZippedPartitionsRDD.scala-38-38=3943
org/apache/spark/status/api/v1/TaskMetrics.executorDeserializeCpuTime-api.scala-222-222=454
org/apache/spark/graphx/lib/StronglyConnectedComponents$$anonfun$run$5.apply-StronglyConnectedComponents.scala-85-85=3
org/apache/spark/rdd/RDD.preferredLocations-RDD.scala-296-296=120
org/apache/spark/rdd/RDD.dependencies-RDD.scala-252-252=312
org/apache/spark/graphx/impl/ShippableVertexPartitionOps.map-ShippableVertexPartition.scala-58-64=12
org/apache/spark/status/api/v1/ShuffleReadMetrics.fetchWaitTime-api.scala-247-247=457
org/apache/spark/rdd/MapPartitionsRDD.isBarrier_-MapPartitionsRDD.scala-60-60=20
org/apache/spark/graphx/impl/VertexRDDImpl$$anonfun$2.apply-VertexRDDImpl.scala-145-147=20
org/apache/spark/rdd/RDD$$anonfun$mapPartitions$1$$anonfun$apply$23.apply-RDD.scala-823-823=71
org/apache/spark/status/api/v1/TaskMetrics.shuffleReadMetrics-api.scala-233-233=4053
org/apache/spark/status/api/v1/RDDPartitionInfo.memoryUsed-api.scala-159-159=36
org/apache/spark/status/api/v1/ShuffleReadMetrics.remoteBlocksFetched-api.scala-245-245=456
org/apache/spark/status/api/v1/ShuffleWriteMetrics.recordsWritten-api.scala-256-256=734
org/apache/spark/util/JsonProtocol$$anonfun$rddInfoToJson$1.apply-JsonProtocol.scala-437-437=2353
org/apache/spark/status/api/v1/TaskMetrics.diskBytesSpilled-api.scala-229-229=732
org/apache/spark/graphx/impl/RoutingTablePartition.partitionSize-RoutingTablePartition.scala-108-108=460
org/apache/spark/status/api/v1/TaskMetrics.resultSerializationTime-api.scala-227-227=462
org/apache/spark/graphx/impl/ShippableVertexPartition.apply-ShippableVertexPartition.scala-74-74=9
org/apache/spark/rdd/RDD$$anonfun$partitions$2.apply-RDD.scala-269-269=4157
org/apache/spark/rdd/RDD.getStorageLevel-RDD.scala-223-223=100
org/apache/spark/rdd/RDDOperationScope.id-RDDOperationScope.scala-49-49=1162
org/apache/spark/rdd/RDD$$anonfun$4.apply-RDD.scala-323-323=180
org/apache/spark/util/JsonProtocol$$anonfun$rddInfoToJson$4$$anonfun$apply$19.apply-JsonProtocol.scala-439-439=2349
org/apache/spark/rdd/InputFileBlockHolder$$anon$1.initialValue-InputFileBlockHolder.scala-53-53=11
org/apache/spark/rdd/RDD.sparkContext-RDD.scala-147-147=1
org/apache/spark/rdd/RDDOperationScope$.org$apache$spark$rdd$RDDOperationScope$$jsonMapper-RDDOperationScope.scala-82-82=1164
org/apache/spark/rdd/InputFileBlockHolder$.initialize-InputFileBlockHolder.scala-92-92=6
org/apache/spark/graphx/impl/VertexPartitionBase.apply-VertexPartitionBase.scala-74-74=8
org/apache/spark/util/JsonProtocol$$anonfun$rddInfoToJson$9.apply-JsonProtocol.scala-446-446=2341
org/apache/spark/util/JsonProtocol$$anonfun$rddInfoToJson$3.apply-JsonProtocol.scala-439-439=2345
org/apache/spark/rdd/RDD.checkpointData-RDD.scala-1751-1751=4658
org/apache/spark/util/JsonProtocol$$anonfun$rddInfoToJson$4.apply-JsonProtocol.scala-439-439=2349
org/apache/spark/status/api/v1/ShuffleReadMetrics.localBytesRead-api.scala-250-250=738
org/apache/spark/rdd/MapPartitionsRDD.compute-MapPartitionsRDD.scala-52-52=32
org/apache/spark/graphx/impl/VertexPartitionBaseOps.diff-VertexPartitionBaseOps.scala-110-110=24
org/apache/spark/status/api/v1/TaskMetrics.executorDeserializeTime-api.scala-221-221=524
org/apache/spark/rdd/ZippedPartitionsPartition.partitionValues-ZippedPartitionsRDD.scala-34-34=22
org/apache/spark/rdd/RDD$$anonfun$getNarrowAncestors$1.apply-RDD.scala-335-335=118
org/apache/spark/graphx/impl/ShippableVertexPartitionOps.diff-ShippableVertexPartition.scala-110-110=18
org/apache/spark/graphx/impl/ShippableVertexPartition$$anonfun$shipVertexAttributes$1$$anonfun$apply$1.apply$mcVJ$sp-ShippableVertexPartition.scala-122-126=78
org/apache/spark/graphx/impl/ShippableVertexPartition.mask-ShippableVertexPartition.scala-100-100=192
org/apache/spark/graphx/impl/ShippableVertexPartition$$anonfun$shipVertexAttributes$1.apply-ShippableVertexPartition.scala-117-128=435
org/apache/spark/rdd/RDDOperationScope.parent-RDDOperationScope.scala-48-48=1170
org/apache/spark/rdd/RDD.partitions-RDD.scala-269-269=4159
org/apache/spark/rdd/RDD$$anon$1.next-RDD.scala-367-368=40
org/apache/spark/status/api/v1/JobData.jobId-api.scala-110-110=79
org/apache/spark/status/api/v1/ExecutorSummary.id-api.scala-77-77=83
org/apache/spark/rdd/RDD$$anonfun$7.apply-RDD.scala-357-357=11
org/apache/spark/graphx/impl/ShippableVertexPartition$.shippablePartitionToOps-ShippableVertexPartition.scala-77-77=67
org/apache/spark/status/api/v1/TaskMetrics.jvmGcTime-api.scala-226-226=454
org/apache/spark/graphx/impl/VertexPartitionBaseOps.map-VertexPartitionBaseOps.scala-58-64=11
org/apache/spark/status/api/v1/RDDStorageInfo.id-api.scala-132-132=1816
org/apache/spark/rdd/RDD$$anonfun$org$apache$spark$rdd$RDD$$visit$1$1.apply-RDD.scala-327-328=57
org/apache/spark/graphx/impl/ShippableVertexPartition.values-ShippableVertexPartition.scala-99-99=71
