org/apache/spark/status/api/v1/OutputMetrics.bytesWritten-api.scala-241-241=415
org/apache/spark/graphx/GraphOps.stronglyConnectedComponents-GraphOps.scala-463-463=1
org/apache/spark/rdd/RDD.doCheckpoint-RDD.scala-1800-1800=3
org/apache/spark/status/api/v1/TaskMetrics.resultSize-api.scala-225-225=123
org/apache/spark/graphx/impl/VertexRDDImpl.partitionsRDD-VertexRDDImpl.scala-28-28=23
org/apache/spark/rdd/ZippedPartitionsPartition$$anonfun$writeObject$1.apply-ZippedPartitionsRDD.scala-38-38=840
org/apache/spark/graphx/impl/GraphImpl.vertices-GraphImpl.scala-36-36=1
org/apache/spark/graphx/impl/VertexRDDImpl.getPreferredLocations-VertexRDDImpl.scala-40-40=20
org/apache/spark/rdd/RDD.getNumPartitions-RDD.scala-289-289=49
org/apache/spark/rdd/RDD.org$apache$spark$rdd$RDD$$partitions_-RDD.scala-242-242=7905
org/apache/spark/graphx/impl/ShippableVertexPartitionOps.org$apache$spark$internal$Logging$$log__$eq-ShippableVertexPartition.scala-34-34=11
org/apache/spark/rdd/ZippedPartitionsPartition.index-ZippedPartitionsRDD.scala-33-33=90
org/apache/spark/graphx/impl/ShippableVertexPartition.size-ShippableVertexPartition.scala-71-71=5
org/apache/spark/status/api/v1/ShuffleReadMetrics.localBlocksFetched-api.scala-246-246=123
org/apache/spark/rdd/RDD.org$apache$spark$rdd$RDD$$sc-RDD.scala-89-100=18
org/apache/spark/rdd/RDDOperationScope$$anonfun$2.apply-RDDOperationScope.scala-105-105=30
org/apache/spark/rdd/RDD$.rddToPairRDDFunctions-RDD.scala-2016-2016=1
org/apache/spark/rdd/RDD.id-RDD.scala-150-150=5253
org/apache/spark/rdd/RDD.scope-RDD.scala-1743-1743=2085
org/apache/spark/status/api/v1/InputMetrics.recordsRead-api.scala-238-238=414
org/apache/spark/graphx/impl/VertexRDDImpl$$anonfun$count$2.apply-VertexRDDImpl.scala-90-90=6
org/apache/spark/util/JsonProtocol$$anonfun$rddInfoToJson$5.apply-JsonProtocol.scala-440-440=4302
org/apache/spark/status/api/v1/ShuffleWriteMetrics.writeTime-api.scala-255-255=124
org/apache/spark/status/api/v1/TaskMetrics.peakExecutionMemory-api.scala-230-230=123
org/apache/spark/rdd/MapPartitionsRDD$.$lessinit$greater$default$4-MapPartitionsRDD.scala-43-43=1
org/apache/spark/status/api/v1/TaskMetrics.shuffleWriteMetrics-api.scala-234-234=952
org/apache/spark/status/api/v1/StageData.attemptId-api.scala-166-166=363
org/apache/spark/rdd/RDD$.CHECKPOINT_ALL_MARKED_ANCESTORS-RDD.scala-2006-2006=1
org/apache/spark/rdd/ZippedPartitionsPartition$$anonfun$writeObject$1.apply$mcV$sp-ZippedPartitionsRDD.scala-40-41=840
org/apache/spark/graphx/impl/VertexRDDImpl$$anonfun$1.apply-VertexRDDImpl.scala-96-96=15
org/apache/spark/status/api/v1/StageData.stageId-api.scala-165-165=1530862
org/apache/spark/graphx/impl/ShippableVertexPartitionOps.withMask-ShippableVertexPartition.scala-152-152=5
org/apache/spark/status/api/v1/ShuffleReadMetrics.remoteBytesReadToDisk-api.scala-249-249=123
org/apache/spark/rdd/RDD.getNarrowAncestors-RDD.scala-320-335=51
org/apache/spark/rdd/RDD.elementClassTag-RDD.scala-1749-1749=12
org/apache/spark/rdd/RDD$$anonfun$partitions$2$$anonfun$apply$3.apply-RDD.scala-274-274=80
org/apache/spark/graphx/impl/VertexRDDImpl$$anonfun$count$1.apply$mcJJJ$sp-VertexRDDImpl.scala-90-90=20
org/apache/spark/status/api/v1/TaskMetrics.memoryBytesSpilled-api.scala-228-228=414
org/apache/spark/rdd/RDD.isCheckpointedAndMaterialized-RDD.scala-1677-1677=19
org/apache/spark/rdd/RDD.isBarrier_-RDD.scala-1935-1935=2
org/apache/spark/graphx/impl/VertexPartitionBaseOps.org$apache$spark$internal$Logging$$log__$eq-VertexPartitionBaseOps.scala-34-34=11
org/apache/spark/rdd/RDD.withScope-RDD.scala-385-385=2
org/apache/spark/rdd/RDD$$anonfun$mapPartitions$1.apply-RDD.scala-819-819=1
org/apache/spark/rdd/RDD.org$apache$spark$rdd$RDD$$doCheckpointCalled-RDD.scala-1792-1792=3
org/apache/spark/graphx/impl/VertexPartitionBase.capacity-VertexPartitionBase.scala-69-69=11
org/apache/spark/status/api/v1/ShuffleReadMetrics.recordsRead-api.scala-251-251=414
org/apache/spark/rdd/ZippedPartitionsPartition.org$apache$spark$rdd$ZippedPartitionsPartition$$rdds-ZippedPartitionsRDD.scala-29-29=829
org/apache/spark/status/api/v1/OutputMetrics.recordsWritten-api.scala-242-242=415
org/apache/spark/rdd/RDD$$anonfun$org$apache$spark$rdd$RDD$$visit$1$1.apply-RDD.scala-326-326=2034
org/apache/spark/rdd/RDD.creationSite-RDD.scala-1734-1734=2134
org/apache/spark/rdd/RDD$$anonfun$isBarrier_$2.apply-RDD.scala-1936-1936=2
org/apache/spark/rdd/ZippedPartitionsPartition.partitionValues_$eq-ZippedPartitionsRDD.scala-34-34=836
org/apache/spark/rdd/RDD$$anonfun$6.apply-RDD.scala-325-325=4738
org/apache/spark/rdd/RDD$$anonfun$preferredLocations$2.apply-RDD.scala-297-297=60
org/apache/spark/graphx/impl/ShippableVertexPartition.index-ShippableVertexPartition.scala-98-98=11
org/apache/spark/rdd/RDD.org$apache$spark$rdd$RDD$$dependencies_-RDD.scala-241-241=17303
org/apache/spark/status/api/v1/TaskMetrics.executorCpuTime-api.scala-224-224=394
org/apache/spark/graphx/impl/ShippableVertexPartition.capacity-ShippableVertexPartition.scala-69-69=12
org/apache/spark/graphx/impl/VertexPartitionBase.size-VertexPartitionBase.scala-71-71=5
org/apache/spark/graphx/impl/VertexRDDImpl$$anonfun$count$1.apply-VertexRDDImpl.scala-90-90=40
org/apache/spark/rdd/RDDOperationScope.toJson-RDDOperationScope.scala-52-52=2155
org/apache/spark/rdd/RDD$$anonfun$isBarrier_$1.apply-RDD.scala-1936-1936=2
org/apache/spark/rdd/RDD.org$apache$spark$rdd$RDD$$visit$1-RDD.scala-323-326=2085
org/apache/spark/rdd/RDD.isBarrier-RDD.scala-1931-1931=172
org/apache/spark/status/api/v1/InputMetrics.bytesRead-api.scala-237-237=415
org/apache/spark/rdd/ZippedPartitionsPartition$$anonfun$writeObject$1$$anonfun$apply$mcV$sp$1.apply-ZippedPartitionsRDD.scala-40-40=3342
org/apache/spark/rdd/RDD.getPreferredLocations-RDD.scala-137-137=20
org/apache/spark/rdd/ZippedPartitionsPartition.preferredLocations-ZippedPartitionsRDD.scala-30-30=20
org/apache/spark/status/api/v1/ExecutorSummary.hostPort-api.scala-78-78=483
org/apache/spark/rdd/ZippedPartitionsBaseRDD.getPreferredLocations-ZippedPartitionsRDD.scala-70-70=20
org/apache/spark/graphx/Graph$.graphToGraphOps-Graph.scala-538-538=1
org/apache/spark/rdd/PairRDDFunctions.org$apache$spark$internal$Logging$$log__$eq-PairRDDFunctions.scala-49-49=1
org/apache/spark/rdd/RDD$$anonfun$fold$1$$anonfun$22.apply-RDD.scala-1141-1141=11
org/apache/spark/rdd/RDD$$anonfun$doCheckpoint$1.apply-RDD.scala-1801-1801=3
org/apache/spark/rdd/MapPartitionsRDD$$anonfun$isBarrier_$1.apply-MapPartitionsRDD.scala-60-60=2
org/apache/spark/rdd/RDD.getOrCompute-RDD.scala-354-357=16
org/apache/spark/rdd/RDD.iterator-RDD.scala-307-307=21
org/apache/spark/rdd/ZippedPartitionsRDD2.getPreferredLocations-ZippedPartitionsRDD.scala-70-70=20
org/apache/spark/status/api/v1/ShuffleWriteMetrics.bytesWritten-api.scala-254-254=414
org/apache/spark/rdd/RDD.context-RDD.scala-1772-1772=3
org/apache/spark/util/JsonProtocol$$anonfun$rddInfoToJson$7.apply-JsonProtocol.scala-444-444=4297
org/apache/spark/rdd/RDDOperationScope$$anonfun$getAllScopes$2.apply-RDDOperationScope.scala-61-61=1996
org/apache/spark/rdd/RDDOperationScope$.$lessinit$greater$default$2-RDDOperationScope.scala-48-48=3
org/apache/spark/rdd/RDD.firstParent-RDD.scala-1763-1763=14
org/apache/spark/rdd/RDDOperationScope$.withScope-RDDOperationScope.scala-134-155=5
org/apache/spark/graphx/GraphOps.numVertices-GraphOps.scala-41-41=2
org/apache/spark/rdd/RDDOperationScope.getAllScopes-RDDOperationScope.scala-61-61=1992
org/apache/spark/rdd/RDD.fold-RDD.scala-1137-1137=1
org/apache/spark/graphx/impl/GraphImpl$$anonfun$8.apply-GraphImpl.scala-164-164=8
org/apache/spark/util/JsonProtocol$$anonfun$rddInfoToJson$2.apply-JsonProtocol.scala-437-437=4301
org/apache/spark/rdd/RDD.org$apache$spark$rdd$RDD$$stateLock-RDD.scala-237-237=4
org/apache/spark/rdd/MapPartitionsRDD.getPartitions-MapPartitionsRDD.scala-49-49=1
org/apache/spark/status/api/v1/ShuffleReadMetrics.remoteBytesRead-api.scala-248-248=372
org/apache/spark/rdd/InputFileBlockHolder$.unset-InputFileBlockHolder.scala-86-86=3
org/apache/spark/rdd/HadoopRDD$.addLocalConfiguration-HadoopRDD.scala-401-408=1
org/apache/spark/rdd/RDD$$anonfun$fold$1$$anonfun$23.apply-RDD.scala-1142-1142=30
org/apache/spark/status/api/v1/TaskMetrics.executorRunTime-api.scala-223-223=394
org/apache/spark/status/api/v1/TaskMetrics.inputMetrics-api.scala-231-231=830
org/apache/spark/rdd/RDDOperationScope.name-RDDOperationScope.scala-47-47=4152
org/apache/spark/rdd/RDD$$anonfun$5.apply-RDD.scala-324-324=4738
org/apache/spark/util/JsonProtocol$$anonfun$rddInfoToJson$6.apply-JsonProtocol.scala-443-443=4299
org/apache/spark/rdd/RDD.name-RDD.scala-153-153=2085
org/apache/spark/rdd/PairRDDFunctions.valueClass-PairRDDFunctions.scala-1113-1113=1
org/apache/spark/graphx/lib/StronglyConnectedComponents$.run-StronglyConnectedComponents.scala-39-124=1
org/apache/spark/graphx/impl/ShippableVertexPartition.routingTable-ShippableVertexPartition.scala-101-101=6
org/apache/spark/rdd/PairRDDFunctions.saveAsHadoopFile$default$6-PairRDDFunctions.scala-1032-1032=1
org/apache/spark/rdd/RDD$$anonfun$dependencies$2.apply-RDD.scala-252-252=8651
org/apache/spark/rdd/RDD.computeOrReadCheckpoint-RDD.scala-343-343=17
org/apache/spark/status/api/v1/RDDPartitionInfo.executors-api.scala-161-161=60
org/apache/spark/status/api/v1/TaskMetrics.outputMetrics-api.scala-232-232=830
org/apache/spark/status/api/v1/RDDPartitionInfo.diskUsed-api.scala-160-160=20
org/apache/spark/rdd/RDD.conf-RDD.scala-107-107=2
org/apache/spark/rdd/RDD.org$apache$spark$rdd$RDD$$partitions__$eq-RDD.scala-242-242=2
org/apache/spark/rdd/RDD$$anonfun$37.apply-RDD.scala-1744-1744=2
org/apache/spark/status/api/v1/StageData.completionTime-api.scala-178-178=726
org/apache/spark/util/JsonProtocol$$anonfun$rddInfoToJson$8.apply-JsonProtocol.scala-445-445=4297
org/apache/spark/graphx/VertexRDD.getPartitions-VertexRDD.scala-63-63=1
org/apache/spark/rdd/ZippedPartitionsPartition$$anonfun$writeObject$1.org$apache$spark$rdd$ZippedPartitionsPartition$$anonfun$$$outer-ZippedPartitionsRDD.scala-38-38=1674
org/apache/spark/status/api/v1/TaskMetrics.executorDeserializeCpuTime-api.scala-222-222=124
org/apache/spark/rdd/RDDOperationScope$.withScope$default$2-RDDOperationScope.scala-101-101=5
org/apache/spark/rdd/RDD.preferredLocations-RDD.scala-296-296=60
org/apache/spark/rdd/RDD.dependencies-RDD.scala-252-252=8651
org/apache/spark/rdd/RDDOperationScope$$anonfun$3.apply-RDDOperationScope.scala-106-106=10
org/apache/spark/graphx/impl/VertexRDDImpl.count-VertexRDDImpl.scala-90-90=1
org/apache/spark/rdd/PairRDDFunctions.keyClass-PairRDDFunctions.scala-1111-1111=1
org/apache/spark/status/api/v1/ShuffleReadMetrics.fetchWaitTime-api.scala-247-247=124
org/apache/spark/rdd/MapPartitionsRDD.isBarrier_-MapPartitionsRDD.scala-60-60=170
org/apache/spark/graphx/lib/StronglyConnectedComponents$$anonfun$6.apply-StronglyConnectedComponents.scala-79-79=2
org/apache/spark/rdd/RDD$$anonfun$mapPartitions$1$$anonfun$apply$23.apply-RDD.scala-823-823=16
org/apache/spark/rdd/PairRDDFunctions.saveAsHadoopFile$default$5-PairRDDFunctions.scala-1031-1031=1
org/apache/spark/rdd/RDD.mapPartitions$default$2-RDD.scala-819-819=1
org/apache/spark/rdd/RDD$$anonfun$map$1$$anonfun$apply$5.apply-RDD.scala-394-394=15
org/apache/spark/rdd/RDD.org$apache$spark$rdd$RDD$$dependencies__$eq-RDD.scala-241-241=2
org/apache/spark/graphx/impl/VertexRDDImpl.getStorageLevel-VertexRDDImpl.scala-74-74=2
org/apache/spark/status/api/v1/TaskMetrics.shuffleReadMetrics-api.scala-233-233=1737
org/apache/spark/status/api/v1/RDDPartitionInfo.memoryUsed-api.scala-159-159=20
org/apache/spark/rdd/RDD$$anonfun$fold$1.apply-RDD.scala-1139-1144=1
org/apache/spark/status/api/v1/ShuffleReadMetrics.remoteBlocksFetched-api.scala-245-245=123
org/apache/spark/status/api/v1/ShuffleWriteMetrics.recordsWritten-api.scala-256-256=415
org/apache/spark/status/api/v1/TaskMetrics.diskBytesSpilled-api.scala-229-229=415
org/apache/spark/util/JsonProtocol$$anonfun$rddInfoToJson$1.apply-JsonProtocol.scala-437-437=4298
org/apache/spark/rdd/RDD.mapPartitions-RDD.scala-819-819=1
org/apache/spark/status/api/v1/TaskMetrics.resultSerializationTime-api.scala-227-227=123
org/apache/spark/rdd/RDD$$anonfun$partitions$2.apply-RDD.scala-269-269=3954
org/apache/spark/rdd/RDD.getStorageLevel-RDD.scala-223-223=2088
org/apache/spark/graphx/Graph.ops-Graph.scala-449-449=1
org/apache/spark/rdd/RDDOperationScope.id-RDDOperationScope.scala-49-49=4149
org/apache/spark/rdd/RDD$$anonfun$doCheckpoint$1$$anonfun$apply$mcV$sp$2.apply-RDD.scala-1813-1813=4
org/apache/spark/rdd/RDDOperationScope$$anonfun$1.apply-RDDOperationScope.scala-104-104=20
org/apache/spark/rdd/RDD$$anonfun$4.apply-RDD.scala-323-323=5968
org/apache/spark/util/JsonProtocol$$anonfun$rddInfoToJson$4$$anonfun$apply$19.apply-JsonProtocol.scala-439-439=4304
org/apache/spark/rdd/InputFileBlockHolder$$anon$1.initialValue-InputFileBlockHolder.scala-53-53=2
org/apache/spark/rdd/RDD.sparkContext-RDD.scala-147-147=1
org/apache/spark/rdd/RDDOperationScope$.org$apache$spark$rdd$RDDOperationScope$$jsonMapper-RDDOperationScope.scala-82-82=2162
org/apache/spark/rdd/InputFileBlockHolder$.initialize-InputFileBlockHolder.scala-92-92=1
org/apache/spark/rdd/RDDOperationScope$.withScope-RDDOperationScope.scala-102-112=2
org/apache/spark/util/JsonProtocol$$anonfun$rddInfoToJson$9.apply-JsonProtocol.scala-446-446=4303
org/apache/spark/util/JsonProtocol$$anonfun$rddInfoToJson$3.apply-JsonProtocol.scala-439-439=4300
org/apache/spark/rdd/RDDOperationScope$.nextScopeId-RDDOperationScope.scala-90-90=4
org/apache/spark/rdd/RDD.checkpointData-RDD.scala-1751-1751=12681
org/apache/spark/status/api/v1/ShuffleReadMetrics.localBytesRead-api.scala-250-250=415
org/apache/spark/util/JsonProtocol$$anonfun$rddInfoToJson$4.apply-JsonProtocol.scala-439-439=4302
org/apache/spark/rdd/MapPartitionsRDD.compute-MapPartitionsRDD.scala-52-52=15
org/apache/spark/rdd/RDDOperationScope$$anonfun$5.apply-RDDOperationScope.scala-137-137=14
org/apache/spark/rdd/RDD$$anonfun$doCheckpoint$1.apply$mcV$sp-RDD.scala-1801-1801=3
org/apache/spark/status/api/v1/TaskMetrics.executorDeserializeTime-api.scala-221-221=144
org/apache/spark/rdd/RDD$$anonfun$getNarrowAncestors$1.apply-RDD.scala-335-335=4068
org/apache/spark/graphx/impl/ShippableVertexPartitionOps.filter-ShippableVertexPartition.scala-78-87=7
org/apache/spark/rdd/RDD.org$apache$spark$internal$Logging$$log__$eq-RDD.scala-77-77=1
org/apache/spark/graphx/impl/ShippableVertexPartition.mask-ShippableVertexPartition.scala-100-100=17
org/apache/spark/rdd/RDD.org$apache$spark$rdd$RDD$$doCheckpointCalled_$eq-RDD.scala-1792-1792=2
org/apache/spark/graphx/impl/VertexPartitionBaseOps.filter-VertexPartitionBaseOps.scala-78-87=5
org/apache/spark/rdd/RDDOperationScope$.fromJson-RDDOperationScope.scala-86-86=8
org/apache/spark/rdd/RDDOperationScope.parent-RDDOperationScope.scala-48-48=4151
org/apache/spark/rdd/RDD.partitions-RDD.scala-269-269=3956
org/apache/spark/rdd/RDD$$anon$1.next-RDD.scala-367-368=9
org/apache/spark/rdd/RDD$$anonfun$7.apply-RDD.scala-357-357=7
org/apache/spark/status/api/v1/JobData.jobId-api.scala-110-110=33
org/apache/spark/status/api/v1/ExecutorSummary.id-api.scala-77-77=483
org/apache/spark/graphx/impl/ShippableVertexPartition$.shippablePartitionToOps-ShippableVertexPartition.scala-77-77=9
org/apache/spark/status/api/v1/TaskMetrics.jvmGcTime-api.scala-226-226=123
org/apache/spark/status/api/v1/RDDStorageInfo.id-api.scala-132-132=13535
org/apache/spark/rdd/RDD$$anonfun$org$apache$spark$rdd$RDD$$visit$1$1.apply-RDD.scala-327-328=2034
org/apache/spark/rdd/MapPartitionsRDD$.$lessinit$greater$default$5-MapPartitionsRDD.scala-44-44=1
org/apache/spark/rdd/RDD.getDependencies-RDD.scala-132-132=2
org/apache/spark/rdd/RDDOperationScope$.$lessinit$greater$default$3-RDDOperationScope.scala-49-49=4
org/apache/spark/graphx/impl/ShippableVertexPartition.values-ShippableVertexPartition.scala-99-99=7
