org/apache/spark/status/api/v1/OutputMetrics.bytesWritten-api.scala-241-241=73
org/apache/spark/status/api/v1/TaskMetrics.resultSize-api.scala-225-225=53
org/apache/spark/rdd/CoalescedRDDPartition.parents_$eq-CoalescedRDD.scala-42-42=4
org/apache/spark/status/api/v1/TaskMetrics.inputMetrics-api.scala-231-231=146
org/apache/spark/status/api/v1/TaskMetrics.executorRunTime-api.scala-223-223=66
org/apache/spark/rdd/RDDOperationScope.name-RDDOperationScope.scala-47-47=13
org/apache/spark/rdd/ZippedPartitionsPartition$$anonfun$writeObject$1.apply-ZippedPartitionsRDD.scala-38-38=12
org/apache/spark/rdd/RDD$$anonfun$5.apply-RDD.scala-324-324=24
org/apache/spark/rdd/CoalescedRDDPartition.rdd-CoalescedRDD.scala-39-39=6
org/apache/spark/rdd/RDD.name-RDD.scala-153-153=13
org/apache/spark/util/JsonProtocol$$anonfun$rddInfoToJson$6.apply-JsonProtocol.scala-443-443=26
org/apache/spark/rdd/RDD$$anonfun$dependencies$2.apply-RDD.scala-252-252=134
org/apache/spark/rdd/RDD.org$apache$spark$rdd$RDD$$partitions_-RDD.scala-242-242=290
org/apache/spark/rdd/ZippedPartitionsPartition.index-ZippedPartitionsRDD.scala-33-33=20
org/apache/spark/status/api/v1/TaskMetrics.outputMetrics-api.scala-232-232=146
org/apache/spark/status/api/v1/ShuffleReadMetrics.localBlocksFetched-api.scala-246-246=51
org/apache/spark/rdd/RDD.id-RDD.scala-150-150=287
org/apache/spark/rdd/RDD.scope-RDD.scala-1743-1743=13
org/apache/spark/status/api/v1/InputMetrics.recordsRead-api.scala-238-238=73
org/apache/spark/util/JsonProtocol$$anonfun$rddInfoToJson$8.apply-JsonProtocol.scala-445-445=26
org/apache/spark/util/JsonProtocol$$anonfun$rddInfoToJson$5.apply-JsonProtocol.scala-440-440=26
org/apache/spark/status/api/v1/ShuffleWriteMetrics.writeTime-api.scala-255-255=51
org/apache/spark/status/api/v1/TaskMetrics.peakExecutionMemory-api.scala-230-230=53
org/apache/spark/rdd/CoalescedRDDPartition$$anonfun$writeObject$1.org$apache$spark$rdd$CoalescedRDDPartition$$anonfun$$$outer-CoalescedRDD.scala-45-45=6
org/apache/spark/rdd/CoalescedRDDPartition$$anonfun$writeObject$1$$anonfun$apply$mcV$sp$1.apply-CoalescedRDD.scala-47-47=12
org/apache/spark/rdd/ZippedPartitionsPartition$$anonfun$writeObject$1.org$apache$spark$rdd$ZippedPartitionsPartition$$anonfun$$$outer-ZippedPartitionsRDD.scala-38-38=24
org/apache/spark/rdd/CoalescedRDDPartition$$anonfun$writeObject$1.apply-CoalescedRDD.scala-45-45=4
org/apache/spark/status/api/v1/TaskMetrics.shuffleWriteMetrics-api.scala-234-234=197
org/apache/spark/status/api/v1/TaskMetrics.executorDeserializeCpuTime-api.scala-222-222=51
org/apache/spark/rdd/RDD.preferredLocations-RDD.scala-296-296=100
org/apache/spark/rdd/RDD.dependencies-RDD.scala-252-252=134
org/apache/spark/status/api/v1/StageData.attemptId-api.scala-166-166=15
org/apache/spark/status/api/v1/ShuffleReadMetrics.fetchWaitTime-api.scala-247-247=51
org/apache/spark/rdd/MapPartitionsRDD.isBarrier_-MapPartitionsRDD.scala-60-60=20
org/apache/spark/rdd/ZippedPartitionsPartition$$anonfun$writeObject$1.apply$mcV$sp-ZippedPartitionsRDD.scala-40-41=12
org/apache/spark/status/api/v1/StageData.stageId-api.scala-165-165=15
org/apache/spark/status/api/v1/ShuffleReadMetrics.remoteBytesReadToDisk-api.scala-249-249=51
org/apache/spark/rdd/RDD.getNarrowAncestors-RDD.scala-320-335=1
org/apache/spark/status/api/v1/TaskMetrics.memoryBytesSpilled-api.scala-228-228=75
org/apache/spark/status/api/v1/TaskMetrics.shuffleReadMetrics-api.scala-233-233=421
org/apache/spark/status/api/v1/ShuffleReadMetrics.remoteBlocksFetched-api.scala-245-245=51
org/apache/spark/status/api/v1/ShuffleWriteMetrics.recordsWritten-api.scala-256-256=73
org/apache/spark/status/api/v1/TaskMetrics.diskBytesSpilled-api.scala-229-229=75
org/apache/spark/util/JsonProtocol$$anonfun$rddInfoToJson$1.apply-JsonProtocol.scala-437-437=26
org/apache/spark/status/api/v1/ShuffleReadMetrics.recordsRead-api.scala-251-251=73
org/apache/spark/rdd/ZippedPartitionsPartition.org$apache$spark$rdd$ZippedPartitionsPartition$$rdds-ZippedPartitionsRDD.scala-29-29=12
org/apache/spark/status/api/v1/OutputMetrics.recordsWritten-api.scala-242-242=73
org/apache/spark/rdd/RDD$$anonfun$org$apache$spark$rdd$RDD$$visit$1$1.apply-RDD.scala-326-326=12
org/apache/spark/status/api/v1/TaskMetrics.resultSerializationTime-api.scala-227-227=53
org/apache/spark/rdd/RDD.creationSite-RDD.scala-1734-1734=13
org/apache/spark/rdd/RDD$$anonfun$partitions$2.apply-RDD.scala-269-269=145
org/apache/spark/rdd/RDD.getStorageLevel-RDD.scala-223-223=14
org/apache/spark/rdd/ZippedPartitionsPartition.partitionValues_$eq-ZippedPartitionsRDD.scala-34-34=12
org/apache/spark/rdd/RDD$$anonfun$6.apply-RDD.scala-325-325=24
org/apache/spark/rdd/RDD$$anonfun$preferredLocations$2.apply-RDD.scala-297-297=100
org/apache/spark/rdd/CoalescedRDDPartition$$anonfun$writeObject$1.apply$mcV$sp-CoalescedRDD.scala-47-48=4
org/apache/spark/rdd/RDDOperationScope.id-RDDOperationScope.scala-49-49=13
org/apache/spark/rdd/RDD$$anonfun$4.apply-RDD.scala-323-323=30
org/apache/spark/util/JsonProtocol$$anonfun$rddInfoToJson$4$$anonfun$apply$19.apply-JsonProtocol.scala-439-439=26
org/apache/spark/rdd/RDD.org$apache$spark$rdd$RDD$$dependencies_-RDD.scala-241-241=268
org/apache/spark/rdd/InputFileBlockHolder$$anon$1.initialValue-InputFileBlockHolder.scala-53-53=2
org/apache/spark/rdd/RDD.sparkContext-RDD.scala-147-147=1
org/apache/spark/status/api/v1/TaskMetrics.executorCpuTime-api.scala-224-224=66
org/apache/spark/rdd/RDDOperationScope$.org$apache$spark$rdd$RDDOperationScope$$jsonMapper-RDDOperationScope.scala-82-82=13
org/apache/spark/rdd/InputFileBlockHolder$.initialize-InputFileBlockHolder.scala-92-92=2
org/apache/spark/util/JsonProtocol$$anonfun$rddInfoToJson$9.apply-JsonProtocol.scala-446-446=26
org/apache/spark/util/JsonProtocol$$anonfun$rddInfoToJson$3.apply-JsonProtocol.scala-439-439=26
org/apache/spark/rdd/RDD.checkpointData-RDD.scala-1751-1751=379
org/apache/spark/status/api/v1/ShuffleReadMetrics.localBytesRead-api.scala-250-250=73
org/apache/spark/rdd/RDDOperationScope.toJson-RDDOperationScope.scala-52-52=13
org/apache/spark/util/JsonProtocol$$anonfun$rddInfoToJson$4.apply-JsonProtocol.scala-439-439=26
org/apache/spark/rdd/RDD.org$apache$spark$rdd$RDD$$visit$1-RDD.scala-323-326=13
org/apache/spark/rdd/RDD.isBarrier-RDD.scala-1931-1931=20
org/apache/spark/status/api/v1/InputMetrics.bytesRead-api.scala-237-237=73
org/apache/spark/status/api/v1/TaskMetrics.executorDeserializeTime-api.scala-221-221=59
org/apache/spark/rdd/RDD.getPreferredLocations-RDD.scala-137-137=40
org/apache/spark/rdd/ZippedPartitionsPartition.preferredLocations-ZippedPartitionsRDD.scala-30-30=60
org/apache/spark/rdd/ZippedPartitionsPartition$$anonfun$writeObject$1$$anonfun$apply$mcV$sp$1.apply-ZippedPartitionsRDD.scala-40-40=48
org/apache/spark/rdd/ZippedPartitionsBaseRDD.getPreferredLocations-ZippedPartitionsRDD.scala-70-70=60
org/apache/spark/status/api/v1/ExecutorSummary.hostPort-api.scala-78-78=6
org/apache/spark/rdd/RDD$$anonfun$getNarrowAncestors$1.apply-RDD.scala-335-335=24
org/apache/spark/rdd/ZippedPartitionsRDD2.getPreferredLocations-ZippedPartitionsRDD.scala-70-70=60
org/apache/spark/status/api/v1/ShuffleWriteMetrics.bytesWritten-api.scala-254-254=73
org/apache/spark/rdd/RDDOperationScope.parent-RDDOperationScope.scala-48-48=13
org/apache/spark/rdd/RDD.partitions-RDD.scala-269-269=145
org/apache/spark/status/api/v1/ExecutorSummary.id-api.scala-77-77=6
org/apache/spark/status/api/v1/JobData.jobId-api.scala-110-110=5
org/apache/spark/status/api/v1/TaskMetrics.jvmGcTime-api.scala-226-226=53
org/apache/spark/util/JsonProtocol$$anonfun$rddInfoToJson$7.apply-JsonProtocol.scala-444-444=26
org/apache/spark/rdd/CoalescedRDDPartition.parentsIndices-CoalescedRDD.scala-40-40=4
org/apache/spark/status/api/v1/RDDStorageInfo.id-api.scala-132-132=8
org/apache/spark/rdd/RDD$$anonfun$org$apache$spark$rdd$RDD$$visit$1$1.apply-RDD.scala-327-328=12
org/apache/spark/util/JsonProtocol$$anonfun$rddInfoToJson$2.apply-JsonProtocol.scala-437-437=26
org/apache/spark/status/api/v1/ShuffleReadMetrics.remoteBytesRead-api.scala-248-248=72
