org/apache/spark/status/api/v1/OutputMetrics.bytesWritten-api.scala-241-241=291
org/apache/spark/rdd/CoalescedRDDPartition.parents_$eq-CoalescedRDD.scala-42-42=40
org/apache/spark/graphx/util/collection/GraphXPrimitiveKeyOpenHashMap.size-GraphXPrimitiveKeyOpenHashMap.scala-59-59=10
org/apache/spark/status/api/v1/TaskMetrics.resultSize-api.scala-225-225=207
org/apache/spark/rdd/ZippedPartitionsPartition$$anonfun$writeObject$1.apply-ZippedPartitionsRDD.scala-38-38=400
org/apache/spark/rdd/RDD.org$apache$spark$rdd$RDD$$partitions_-RDD.scala-242-242=1788
org/apache/spark/rdd/ZippedPartitionsPartition.index-ZippedPartitionsRDD.scala-33-33=46
org/apache/spark/status/api/v1/ShuffleReadMetrics.localBlocksFetched-api.scala-246-246=208
org/apache/spark/graphx/GraphOps$$anonfun$degreesRDD$5.apply-GraphOps.scala-73-73=30
org/apache/spark/rdd/RDD.id-RDD.scala-150-150=447
org/apache/spark/rdd/RDD.scope-RDD.scala-1743-1743=28
org/apache/spark/status/api/v1/InputMetrics.recordsRead-api.scala-238-238=285
org/apache/spark/util/JsonProtocol$$anonfun$rddInfoToJson$5.apply-JsonProtocol.scala-440-440=736
org/apache/spark/status/api/v1/ShuffleWriteMetrics.writeTime-api.scala-255-255=200
org/apache/spark/status/api/v1/TaskMetrics.peakExecutionMemory-api.scala-230-230=205
org/apache/spark/rdd/CoalescedRDDPartition$$anonfun$writeObject$1$$anonfun$apply$mcV$sp$1.apply-CoalescedRDD.scala-47-47=128
org/apache/spark/graphx/GraphOps$$anonfun$degreesRDD$1.apply$mcIII$sp-GraphOps.scala-71-71=11
org/apache/spark/status/api/v1/TaskMetrics.shuffleWriteMetrics-api.scala-234-234=768
org/apache/spark/status/api/v1/StageData.attemptId-api.scala-166-166=55
org/apache/spark/rdd/ZippedPartitionsPartition$$anonfun$writeObject$1.apply$mcV$sp-ZippedPartitionsRDD.scala-40-41=400
org/apache/spark/graphx/impl/EdgePartition.aggregateMessagesEdgeScan-EdgePartition.scala-388-414=10
org/apache/spark/status/api/v1/StageData.stageId-api.scala-165-165=55
org/apache/spark/status/api/v1/ShuffleReadMetrics.remoteBytesReadToDisk-api.scala-249-249=205
org/apache/spark/rdd/RDD.getNarrowAncestors-RDD.scala-320-335=1
org/apache/spark/rdd/RDD.elementClassTag-RDD.scala-1749-1749=10
org/apache/spark/graphx/impl/GraphImpl$$anonfun$13$$anonfun$apply$3$$anonfun$1.apply-GraphImpl.scala-211-211=14
org/apache/spark/graphx/impl/EdgePartition.indexSize-EdgePartition.scala-317-317=9
org/apache/spark/rdd/RDD.isCheckpointedAndMaterialized-RDD.scala-1677-1677=12
org/apache/spark/status/api/v1/TaskMetrics.memoryBytesSpilled-api.scala-228-228=286
org/apache/spark/graphx/util/collection/GraphXPrimitiveKeyOpenHashMap$mcJI$sp.keySet-GraphXPrimitiveKeyOpenHashMap.scala-34-34=19
org/apache/spark/graphx/impl/AggregatingEdgeContext.sendToSrc-EdgePartition.scala-528-528=20
org/apache/spark/rdd/ZippedPartitionsPartition.org$apache$spark$rdd$ZippedPartitionsPartition$$rdds-ZippedPartitionsRDD.scala-29-29=362
org/apache/spark/status/api/v1/ShuffleReadMetrics.recordsRead-api.scala-251-251=286
org/apache/spark/rdd/RDD$$anonfun$org$apache$spark$rdd$RDD$$visit$1$1.apply-RDD.scala-326-326=27
org/apache/spark/status/api/v1/OutputMetrics.recordsWritten-api.scala-242-242=290
org/apache/spark/rdd/RDD.creationSite-RDD.scala-1734-1734=28
org/apache/spark/rdd/ZippedPartitionsPartition.partitionValues_$eq-ZippedPartitionsRDD.scala-34-34=371
org/apache/spark/rdd/RDD$$anonfun$6.apply-RDD.scala-325-325=54
org/apache/spark/rdd/CoalescedRDDPartition$$anonfun$writeObject$1.apply$mcV$sp-CoalescedRDD.scala-47-48=40
org/apache/spark/graphx/GraphOps$$anonfun$degreesRDD$4.apply-GraphOps.scala-71-71=40
org/apache/spark/rdd/RDD$$anonfun$preferredLocations$2.apply-RDD.scala-297-297=40
org/apache/spark/rdd/RDD.org$apache$spark$rdd$RDD$$dependencies_-RDD.scala-241-241=256
org/apache/spark/status/api/v1/TaskMetrics.executorCpuTime-api.scala-224-224=264
org/apache/spark/graphx/impl/AggregatingEdgeContext.sendToDst-EdgePartition.scala-531-531=20
org/apache/spark/rdd/RDDOperationScope.toJson-RDDOperationScope.scala-52-52=370
org/apache/spark/rdd/RDD.org$apache$spark$rdd$RDD$$visit$1-RDD.scala-323-326=28
org/apache/spark/rdd/RDD.isBarrier-RDD.scala-1931-1931=19
org/apache/spark/graphx/impl/GraphImpl$$anonfun$13.apply-GraphImpl.scala-208-208=34
org/apache/spark/rdd/ZippedPartitionsPartition$$anonfun$writeObject$1$$anonfun$apply$mcV$sp$1.apply-ZippedPartitionsRDD.scala-40-40=1476
org/apache/spark/status/api/v1/InputMetrics.bytesRead-api.scala-237-237=285
org/apache/spark/rdd/RDD.getPreferredLocations-RDD.scala-137-137=20
org/apache/spark/rdd/ZippedPartitionsPartition.preferredLocations-ZippedPartitionsRDD.scala-30-30=20
org/apache/spark/status/api/v1/ExecutorSummary.hostPort-api.scala-78-78=35
org/apache/spark/rdd/ZippedPartitionsBaseRDD.getPreferredLocations-ZippedPartitionsRDD.scala-70-70=20
org/apache/spark/rdd/RDD.getOrCompute-RDD.scala-354-357=14
org/apache/spark/rdd/RDD.iterator-RDD.scala-307-307=35
org/apache/spark/rdd/ZippedPartitionsRDD2.getPreferredLocations-ZippedPartitionsRDD.scala-70-70=20
org/apache/spark/status/api/v1/ShuffleWriteMetrics.bytesWritten-api.scala-254-254=283
org/apache/spark/rdd/RDDOperationScope$$anonfun$getAllScopes$2.apply-RDDOperationScope.scala-61-61=302
org/apache/spark/util/JsonProtocol$$anonfun$rddInfoToJson$7.apply-JsonProtocol.scala-444-444=738
org/apache/spark/rdd/CoalescedRDDPartition.parentsIndices-CoalescedRDD.scala-40-40=40
org/apache/spark/rdd/RDD.firstParent-RDD.scala-1763-1763=12
org/apache/spark/rdd/RDDOperationScope.getAllScopes-RDDOperationScope.scala-61-61=303
org/apache/spark/util/JsonProtocol$$anonfun$rddInfoToJson$2.apply-JsonProtocol.scala-437-437=733
org/apache/spark/status/api/v1/ShuffleReadMetrics.remoteBytesRead-api.scala-248-248=290
org/apache/spark/rdd/InputFileBlockHolder$.unset-InputFileBlockHolder.scala-86-86=4
org/apache/spark/rdd/RDDOperationScope.name-RDDOperationScope.scala-47-47=664
org/apache/spark/status/api/v1/TaskMetrics.executorRunTime-api.scala-223-223=265
org/apache/spark/status/api/v1/TaskMetrics.inputMetrics-api.scala-231-231=572
org/apache/spark/graphx/impl/GraphImpl$$anonfun$13$$anonfun$apply$3.apply-GraphImpl.scala-208-208=10
org/apache/spark/rdd/RDD$$anonfun$5.apply-RDD.scala-324-324=54
org/apache/spark/rdd/CoalescedRDDPartition.rdd-CoalescedRDD.scala-39-39=64
org/apache/spark/util/JsonProtocol$$anonfun$rddInfoToJson$6.apply-JsonProtocol.scala-443-443=735
org/apache/spark/rdd/RDD.name-RDD.scala-153-153=28
org/apache/spark/rdd/RDD$$anonfun$dependencies$2.apply-RDD.scala-252-252=130
org/apache/spark/rdd/RDD.computeOrReadCheckpoint-RDD.scala-343-343=16
org/apache/spark/graphx/GraphOps$$anonfun$degreesRDD$2.apply$mcIII$sp-GraphOps.scala-73-73=3
org/apache/spark/graphx/impl/GraphImpl$$anonfun$13$$anonfun$apply$3$$anonfun$1.apply$mcI$sp-GraphImpl.scala-211-211=16
org/apache/spark/status/api/v1/TaskMetrics.outputMetrics-api.scala-232-232=580
org/apache/spark/util/JsonProtocol$$anonfun$rddInfoToJson$8.apply-JsonProtocol.scala-445-445=729
org/apache/spark/rdd/CoalescedRDDPartition$$anonfun$writeObject$1.org$apache$spark$rdd$CoalescedRDDPartition$$anonfun$$$outer-CoalescedRDD.scala-45-45=64
org/apache/spark/rdd/ZippedPartitionsPartition$$anonfun$writeObject$1.org$apache$spark$rdd$ZippedPartitionsPartition$$anonfun$$$outer-ZippedPartitionsRDD.scala-38-38=741
org/apache/spark/rdd/CoalescedRDDPartition$$anonfun$writeObject$1.apply-CoalescedRDD.scala-45-45=40
org/apache/spark/graphx/impl/EdgePartition.size-EdgePartition.scala-314-314=42
org/apache/spark/status/api/v1/TaskMetrics.executorDeserializeCpuTime-api.scala-222-222=207
org/apache/spark/rdd/RDD.preferredLocations-RDD.scala-296-296=40
org/apache/spark/rdd/RDD.dependencies-RDD.scala-252-252=128
org/apache/spark/status/api/v1/ShuffleReadMetrics.fetchWaitTime-api.scala-247-247=205
org/apache/spark/rdd/MapPartitionsRDD.isBarrier_-MapPartitionsRDD.scala-60-60=19
org/apache/spark/rdd/RDD$$anonfun$mapPartitions$1$$anonfun$apply$23.apply-RDD.scala-823-823=29
org/apache/spark/graphx/impl/EdgePartition.numActives-EdgePartition.scala-118-118=18
org/apache/spark/status/api/v1/TaskMetrics.shuffleReadMetrics-api.scala-233-233=1690
org/apache/spark/status/api/v1/ShuffleReadMetrics.remoteBlocksFetched-api.scala-245-245=208
org/apache/spark/status/api/v1/ShuffleWriteMetrics.recordsWritten-api.scala-256-256=285
org/apache/spark/util/JsonProtocol$$anonfun$rddInfoToJson$1.apply-JsonProtocol.scala-437-437=732
org/apache/spark/status/api/v1/TaskMetrics.diskBytesSpilled-api.scala-229-229=287
org/apache/spark/graphx/impl/AggregatingEdgeContext.set-EdgePartition.scala-499-505=36
org/apache/spark/status/api/v1/TaskMetrics.resultSerializationTime-api.scala-227-227=206
org/apache/spark/rdd/RDD$$anonfun$partitions$2.apply-RDD.scala-269-269=890
org/apache/spark/rdd/RDD.getStorageLevel-RDD.scala-223-223=49
org/apache/spark/rdd/RDDOperationScope.id-RDDOperationScope.scala-49-49=662
org/apache/spark/rdd/RDD$$anonfun$4.apply-RDD.scala-323-323=74
org/apache/spark/util/JsonProtocol$$anonfun$rddInfoToJson$4$$anonfun$apply$19.apply-JsonProtocol.scala-439-439=737
org/apache/spark/rdd/InputFileBlockHolder$$anon$1.initialValue-InputFileBlockHolder.scala-53-53=11
org/apache/spark/rdd/RDD.sparkContext-RDD.scala-147-147=1
org/apache/spark/rdd/RDDOperationScope$.org$apache$spark$rdd$RDDOperationScope$$jsonMapper-RDDOperationScope.scala-82-82=363
org/apache/spark/rdd/InputFileBlockHolder$.initialize-InputFileBlockHolder.scala-92-92=4
org/apache/spark/util/JsonProtocol$$anonfun$rddInfoToJson$9.apply-JsonProtocol.scala-446-446=730
org/apache/spark/util/JsonProtocol$$anonfun$rddInfoToJson$3.apply-JsonProtocol.scala-439-439=736
org/apache/spark/rdd/RDD.checkpointData-RDD.scala-1751-1751=1065
org/apache/spark/util/JsonProtocol$$anonfun$rddInfoToJson$4.apply-JsonProtocol.scala-439-439=729
org/apache/spark/status/api/v1/ShuffleReadMetrics.localBytesRead-api.scala-250-250=290
org/apache/spark/rdd/MapPartitionsRDD.compute-MapPartitionsRDD.scala-52-52=15
org/apache/spark/status/api/v1/TaskMetrics.executorDeserializeTime-api.scala-221-221=242
org/apache/spark/graphx/GraphOps$$anonfun$degreesRDD$1.apply-GraphOps.scala-71-71=19
org/apache/spark/rdd/RDD$$anonfun$getNarrowAncestors$1.apply-RDD.scala-335-335=54
org/apache/spark/graphx/impl/EdgePartition$$anonfun$aggregateMessagesEdgeScan$1.apply-EdgePartition.scala-414-414=16
org/apache/spark/rdd/RDDOperationScope.parent-RDDOperationScope.scala-48-48=668
org/apache/spark/rdd/RDD.partitions-RDD.scala-269-269=897
org/apache/spark/rdd/RDD$$anon$1.next-RDD.scala-367-368=16
org/apache/spark/status/api/v1/JobData.jobId-api.scala-110-110=33
org/apache/spark/status/api/v1/ExecutorSummary.id-api.scala-77-77=34
org/apache/spark/graphx/GraphOps$$anonfun$degreesRDD$2.apply-GraphOps.scala-73-73=7
org/apache/spark/status/api/v1/TaskMetrics.jvmGcTime-api.scala-226-226=206
org/apache/spark/status/api/v1/RDDStorageInfo.id-api.scala-132-132=36
org/apache/spark/rdd/RDD$$anonfun$org$apache$spark$rdd$RDD$$visit$1$1.apply-RDD.scala-327-328=27
org/apache/spark/graphx/util/collection/GraphXPrimitiveKeyOpenHashMap$mcJI$sp.keySet$mcJ$sp-GraphXPrimitiveKeyOpenHashMap.scala--1--1=17
