org/apache/spark/status/api/v1/OutputMetrics.bytesWritten-api.scala-241-241=562
org/apache/spark/rdd/RDD$$anonfun$treeAggregate$1$$anonfun$28$$anonfun$apply$41.apply-RDD.scala-1202-1202=10
org/apache/spark/mllib/regression/LabeledPoint.features-LabeledPoint.scala-38-38=39295
org/apache/spark/status/api/v1/TaskMetrics.resultSize-api.scala-225-225=477
org/apache/spark/rdd/PartitionwiseSampledRDDPartition.seed-PartitionwiseSampledRDD.scala-29-29=2
org/apache/spark/rdd/RDD.org$apache$spark$rdd$RDD$$partitions_-RDD.scala-242-242=34
org/apache/spark/status/api/v1/ShuffleReadMetrics.localBlocksFetched-api.scala-246-246=476
org/apache/spark/rdd/RDD.id-RDD.scala-150-150=35
org/apache/spark/rdd/RDD.scope-RDD.scala-1743-1743=7
org/apache/spark/rdd/PartitionwiseSampledRDDPartition.index-PartitionwiseSampledRDD.scala-31-31=18
org/apache/spark/status/api/v1/InputMetrics.recordsRead-api.scala-238-238=554
org/apache/spark/util/JsonProtocol$$anonfun$rddInfoToJson$5.apply-JsonProtocol.scala-440-440=24
org/apache/spark/status/api/v1/ShuffleWriteMetrics.writeTime-api.scala-255-255=475
org/apache/spark/status/api/v1/TaskMetrics.peakExecutionMemory-api.scala-230-230=503
org/apache/spark/status/api/v1/TaskMetrics.shuffleWriteMetrics-api.scala-234-234=1597
org/apache/spark/mllib/optimization/LeastSquaresGradient.compute-Gradient.scala-299-301=39290
org/apache/spark/status/api/v1/StageData.attemptId-api.scala-166-166=37
org/apache/spark/status/api/v1/StageData.stageId-api.scala-165-165=38
org/apache/spark/status/api/v1/ShuffleReadMetrics.remoteBytesReadToDisk-api.scala-249-249=487
org/apache/spark/rdd/RDD.getNarrowAncestors-RDD.scala-320-335=1
org/apache/spark/rdd/RDD.elementClassTag-RDD.scala-1749-1749=8
org/apache/spark/status/api/v1/TaskMetrics.memoryBytesSpilled-api.scala-228-228=569
org/apache/spark/rdd/RDD.isCheckpointedAndMaterialized-RDD.scala-1677-1677=22
org/apache/spark/mllib/linalg/DenseVector.size-Vectors.scala-620-620=235945
org/apache/spark/mllib/optimization/GradientDescent$$anonfun$1.apply-GradientDescent.scala-242-243=39304
org/apache/spark/status/api/v1/ShuffleReadMetrics.recordsRead-api.scala-251-251=551
org/apache/spark/rdd/PartitionwiseSampledRDDPartition.prev-PartitionwiseSampledRDD.scala-29-29=7
org/apache/spark/rdd/RDD$$anonfun$org$apache$spark$rdd$RDD$$visit$1$1.apply-RDD.scala-326-326=6
org/apache/spark/status/api/v1/OutputMetrics.recordsWritten-api.scala-242-242=574
org/apache/spark/rdd/RDD.creationSite-RDD.scala-1734-1734=7
org/apache/spark/mllib/linalg/Vector$class.$init$-Vectors.scala-47-47=39299
org/apache/spark/rdd/RDD$$anonfun$treeAggregate$1$$anonfun$26.apply-RDD.scala-1190-1190=20
org/apache/spark/rdd/PairRDDFunctions$$anonfun$foldByKey$1.org$apache$spark$rdd$PairRDDFunctions$$anonfun$$cachedSerializer$2-PairRDDFunctions.scala-218-218=10
org/apache/spark/rdd/RDD$$anonfun$6.apply-RDD.scala-325-325=12
org/apache/spark/rdd/RDD$$anonfun$preferredLocations$2.apply-RDD.scala-297-297=4
org/apache/spark/rdd/RDD.org$apache$spark$rdd$RDD$$dependencies_-RDD.scala-241-241=79
org/apache/spark/rdd/MapPartitionsRDD.getOrCompute-MapPartitionsRDD.scala-354-357=8
org/apache/spark/status/api/v1/TaskMetrics.executorCpuTime-api.scala-224-224=494
org/apache/spark/rdd/PairRDDFunctions$$anonfun$foldByKey$1$$anonfun$apply$7.apply-PairRDDFunctions.scala-222-222=10
org/apache/spark/rdd/RDDOperationScope.toJson-RDDOperationScope.scala-52-52=13
org/apache/spark/rdd/RDD.org$apache$spark$rdd$RDD$$visit$1-RDD.scala-323-326=7
org/apache/spark/rdd/RDD.isBarrier-RDD.scala-1931-1931=10
org/apache/spark/rdd/HadoopPartition.index-HadoopRDD.scala-48-48=16
org/apache/spark/status/api/v1/InputMetrics.bytesRead-api.scala-237-237=555
org/apache/spark/rdd/RDD.getPreferredLocations-RDD.scala-137-137=2
org/apache/spark/status/api/v1/ExecutorSummary.hostPort-api.scala-78-78=28
org/apache/spark/rdd/MapPartitionsRDD.computeOrReadCheckpoint-MapPartitionsRDD.scala-343-343=39
org/apache/spark/rdd/RDD.getOrCompute-RDD.scala-354-357=8
org/apache/spark/rdd/MapPartitionsRDD.id-MapPartitionsRDD.scala-150-150=8
org/apache/spark/rdd/RDD.iterator-RDD.scala-307-307=48
org/apache/spark/status/api/v1/ShuffleWriteMetrics.bytesWritten-api.scala-254-254=551
org/apache/spark/rdd/MapPartitionsRDD.elementClassTag-MapPartitionsRDD.scala-1749-1749=7
org/apache/spark/util/JsonProtocol$$anonfun$rddInfoToJson$7.apply-JsonProtocol.scala-444-444=27
org/apache/spark/rdd/RDD.firstParent-RDD.scala-1763-1763=21
org/apache/spark/util/JsonProtocol$$anonfun$rddInfoToJson$2.apply-JsonProtocol.scala-437-437=26
org/apache/spark/status/api/v1/ShuffleReadMetrics.remoteBytesRead-api.scala-248-248=599
org/apache/spark/rdd/InputFileBlockHolder$.unset-InputFileBlockHolder.scala-86-86=10
org/apache/spark/rdd/RDD$$anonfun$treeAggregate$1$$anonfun$26$$anonfun$apply$40.apply-RDD.scala-1190-1190=9
org/apache/spark/mllib/regression/GeneralizedLinearAlgorithm$$anonfun$5.apply-GeneralizedLinearAlgorithm.scala-297-297=78565
org/apache/spark/rdd/RDDOperationScope.name-RDDOperationScope.scala-47-47=13
org/apache/spark/status/api/v1/TaskMetrics.executorRunTime-api.scala-223-223=497
org/apache/spark/status/api/v1/TaskMetrics.inputMetrics-api.scala-231-231=1149
org/apache/spark/rdd/RDD$$anonfun$5.apply-RDD.scala-324-324=12
org/apache/spark/rdd/RDD.name-RDD.scala-153-153=7
org/apache/spark/util/JsonProtocol$$anonfun$rddInfoToJson$6.apply-JsonProtocol.scala-443-443=24
org/apache/spark/rdd/ShuffledRDDPartition.index-ShuffledRDD.scala-27-27=2
org/apache/spark/rdd/RDD$$anonfun$mapPartitionsWithIndex$1$$anonfun$apply$25.apply-RDD.scala-875-875=20
org/apache/spark/rdd/RDD$$anonfun$dependencies$2.apply-RDD.scala-252-252=39
org/apache/spark/rdd/RDD.computeOrReadCheckpoint-RDD.scala-343-343=39
org/apache/spark/mllib/linalg/BLAS$.dot-BLAS.scala-106-119=39304
org/apache/spark/mllib/regression/LabeledPoint.label-LabeledPoint.scala-37-37=39301
org/apache/spark/status/api/v1/TaskMetrics.outputMetrics-api.scala-232-232=1162
org/apache/spark/rdd/RDD$$anonfun$treeAggregate$1$$anonfun$28.apply-RDD.scala-1202-1202=20
org/apache/spark/mllib/optimization/GradientDescent$$anonfun$2.apply-GradientDescent.scala-245-245=10
org/apache/spark/util/JsonProtocol$$anonfun$rddInfoToJson$8.apply-JsonProtocol.scala-445-445=28
org/apache/spark/status/api/v1/TaskMetrics.executorDeserializeCpuTime-api.scala-222-222=464
org/apache/spark/rdd/RDD.preferredLocations-RDD.scala-296-296=4
org/apache/spark/rdd/RDD.dependencies-RDD.scala-252-252=42
org/apache/spark/status/api/v1/ShuffleReadMetrics.fetchWaitTime-api.scala-247-247=508
org/apache/spark/rdd/MapPartitionsRDD.isBarrier_-MapPartitionsRDD.scala-60-60=10
org/apache/spark/rdd/RDD$$anonfun$mapPartitions$1$$anonfun$apply$23.apply-RDD.scala-823-823=20
org/apache/spark/rdd/RDD$$anonfun$map$1$$anonfun$apply$5.apply-RDD.scala-394-394=18
org/apache/spark/mllib/linalg/DenseVector.values-Vectors.scala-617-617=393158
org/apache/spark/rdd/ShuffledRDD.getPreferredLocations-ShuffledRDD.scala-97-99=2
org/apache/spark/status/api/v1/TaskMetrics.shuffleReadMetrics-api.scala-233-233=3726
org/apache/spark/status/api/v1/ShuffleReadMetrics.remoteBlocksFetched-api.scala-245-245=491
org/apache/spark/rdd/RDD$$anonfun$treeAggregate$1$$anonfun$26.org$apache$spark$rdd$RDD$$anonfun$$anonfun$$$outer-RDD.scala-1190-1190=9
org/apache/spark/mllib/optimization/GradientDescent$$anonfun$2.apply-GradientDescent.scala-247-247=10
org/apache/spark/status/api/v1/ShuffleWriteMetrics.recordsWritten-api.scala-256-256=499
org/apache/spark/rdd/PairRDDFunctions$$anonfun$foldByKey$1.org$apache$spark$rdd$PairRDDFunctions$$anonfun$$$outer-PairRDDFunctions.scala-211-211=10
org/apache/spark/util/JsonProtocol$$anonfun$rddInfoToJson$1.apply-JsonProtocol.scala-437-437=27
org/apache/spark/status/api/v1/TaskMetrics.diskBytesSpilled-api.scala-229-229=548
org/apache/spark/mllib/linalg/BLAS$.f2jBLAS-BLAS.scala-35-38=78654
org/apache/spark/mllib/linalg/BLAS$.axpy-BLAS.scala-45-58=39309
org/apache/spark/status/api/v1/TaskMetrics.resultSerializationTime-api.scala-227-227=506
org/apache/spark/rdd/RDD$$anonfun$partitions$2.apply-RDD.scala-269-269=17
org/apache/spark/rdd/RDD.getStorageLevel-RDD.scala-223-223=9
org/apache/spark/rdd/MapPartitionsRDD.isCheckpointedAndMaterialized-MapPartitionsRDD.scala-1677-1677=19
org/apache/spark/rdd/RDDOperationScope.id-RDDOperationScope.scala-49-49=13
org/apache/spark/rdd/RDD$$anonfun$4.apply-RDD.scala-323-323=12
org/apache/spark/util/JsonProtocol$$anonfun$rddInfoToJson$4$$anonfun$apply$19.apply-JsonProtocol.scala-439-439=25
org/apache/spark/rdd/InputFileBlockHolder$$anon$1.initialValue-InputFileBlockHolder.scala-53-53=4
org/apache/spark/rdd/RDD.sparkContext-RDD.scala-147-147=1
org/apache/spark/rdd/RDDOperationScope$.org$apache$spark$rdd$RDDOperationScope$$jsonMapper-RDDOperationScope.scala-82-82=13
org/apache/spark/rdd/InputFileBlockHolder$.initialize-InputFileBlockHolder.scala-92-92=4
org/apache/spark/util/JsonProtocol$$anonfun$rddInfoToJson$9.apply-JsonProtocol.scala-446-446=27
org/apache/spark/util/JsonProtocol$$anonfun$rddInfoToJson$3.apply-JsonProtocol.scala-439-439=25
org/apache/spark/rdd/RDD.checkpointData-RDD.scala-1751-1751=74
org/apache/spark/util/JsonProtocol$$anonfun$rddInfoToJson$4.apply-JsonProtocol.scala-439-439=25
org/apache/spark/status/api/v1/ShuffleReadMetrics.localBytesRead-api.scala-250-250=541
org/apache/spark/mllib/optimization/GradientDescent$$anonfun$1.apply-GradientDescent.scala-240-240=39298
org/apache/spark/rdd/MapPartitionsRDD.compute-MapPartitionsRDD.scala-52-52=29
org/apache/spark/status/api/v1/TaskMetrics.executorDeserializeTime-api.scala-221-221=485
org/apache/spark/rdd/MapPartitionsRDD.org$apache$spark$rdd$RDD$$dependencies_-MapPartitionsRDD.scala-241-241=38
org/apache/spark/rdd/PairRDDFunctions$$anonfun$foldByKey$1$$anonfun$2.apply-PairRDDFunctions.scala-219-219=10
org/apache/spark/rdd/RDD$$anonfun$getNarrowAncestors$1.apply-RDD.scala-335-335=12
org/apache/spark/rdd/MapPartitionsRDD.dependencies-MapPartitionsRDD.scala-252-252=19
org/apache/spark/rdd/MapPartitionsRDD.firstParent-MapPartitionsRDD.scala-1763-1763=20
org/apache/spark/rdd/RDD$$anonfun$treeAggregate$1$$anonfun$27.apply-RDD.scala-1191-1191=20
org/apache/spark/rdd/RDDOperationScope.parent-RDDOperationScope.scala-48-48=13
org/apache/spark/rdd/RDD.partitions-RDD.scala-269-269=17
org/apache/spark/rdd/RDD$$anon$1.next-RDD.scala-367-368=39298
org/apache/spark/status/api/v1/JobData.jobId-api.scala-110-110=19
org/apache/spark/status/api/v1/ExecutorSummary.id-api.scala-77-77=22
org/apache/spark/rdd/PartitionwiseSampledRDD.compute-PartitionwiseSampledRDD.scala-65-68=10
org/apache/spark/rdd/MapPartitionsRDD.checkpointData-MapPartitionsRDD.scala-1751-1751=38
org/apache/spark/status/api/v1/TaskMetrics.jvmGcTime-api.scala-226-226=499
org/apache/spark/mllib/linalg/Vectors$.fromBreeze-Vectors.scala-409-409=39269
org/apache/spark/status/api/v1/RDDStorageInfo.id-api.scala-132-132=3
org/apache/spark/rdd/MapPartitionsRDD.iterator-MapPartitionsRDD.scala-307-307=49
org/apache/spark/rdd/RDD$$anonfun$org$apache$spark$rdd$RDD$$visit$1$1.apply-RDD.scala-327-328=6
