org/apache/spark/mllib/regression/LinearRegressionWithSGD.numOfLinearPredictor-LinearRegression.scala-136-136=1
org/apache/spark/rdd/RDD.doCheckpoint-RDD.scala-1800-1800=4
org/apache/spark/rdd/RDD.org$apache$spark$rdd$RDD$$partitions_-RDD.scala-242-242=112
org/apache/spark/rdd/RDD.org$apache$spark$rdd$RDD$$sc-RDD.scala-89-100=12
org/apache/spark/status/api/v1/InputMetrics.recordsRead-api.scala-238-238=42
org/apache/spark/rdd/RDD$$anonfun$take$1$$anonfun$31.apply-RDD.scala-1409-1409=2
org/apache/spark/status/api/v1/TaskMetrics.shuffleWriteMetrics-api.scala-234-234=111
org/apache/spark/rdd/RDD$$anonfun$take$1.org$apache$spark$rdd$RDD$$anonfun$$$outer-RDD.scala-1382-1382=1
org/apache/spark/status/api/v1/StageData.attemptId-api.scala-166-166=10
org/apache/spark/rdd/RDD$.CHECKPOINT_ALL_MARKED_ANCESTORS-RDD.scala-2006-2006=1
org/apache/spark/status/api/v1/ShuffleReadMetrics.remoteBytesReadToDisk-api.scala-249-249=27
org/apache/spark/rdd/RDD.getNarrowAncestors-RDD.scala-320-335=2
org/apache/spark/rdd/HadoopRDD$$anonfun$convertSplitLocationInfo$1$$anonfun$apply$5.apply-HadoopRDD.scala-434-434=9
org/apache/spark/rdd/RDD.isCheckpointedAndMaterialized-RDD.scala-1677-1677=4
org/apache/spark/status/api/v1/TaskMetrics.memoryBytesSpilled-api.scala-228-228=42
org/apache/spark/mllib/linalg/DenseVector.size-Vectors.scala-620-620=1
org/apache/spark/rdd/RDD.org$apache$spark$rdd$RDD$$doCheckpointCalled-RDD.scala-1792-1792=4
org/apache/spark/status/api/v1/OutputMetrics.recordsWritten-api.scala-242-242=42
org/apache/spark/rdd/RDD.creationSite-RDD.scala-1734-1734=8
org/apache/spark/rdd/RDD$$anonfun$6.apply-RDD.scala-325-325=12
org/apache/spark/rdd/RDD.log-RDD.scala-77-77=3
org/apache/spark/mllib/regression/GeneralizedLinearAlgorithm$$anonfun$generateInitialWeights$1.apply-GeneralizedLinearAlgorithm.scala-204-204=2
org/apache/spark/rdd/RDD.org$apache$spark$rdd$RDD$$dependencies_-RDD.scala-241-241=123
org/apache/spark/rdd/MapPartitionsRDD$.$lessinit$greater$default$3-MapPartitionsRDD.scala-42-42=1
org/apache/spark/status/api/v1/TaskMetrics.executorCpuTime-api.scala-224-224=37
org/apache/spark/rdd/RDDOperationScope.toJson-RDDOperationScope.scala-52-52=20
org/apache/spark/api/java/JavaPairRDD$$anonfun$toScalaFunction$1.apply-JavaPairRDD.scala-1040-1040=4000
org/apache/spark/mllib/linalg/Vectors$.parseNumeric-Vectors.scala-395-401=4000
org/apache/spark/status/api/v1/InputMetrics.bytesRead-api.scala-237-237=42
org/apache/spark/rdd/RDD.getPreferredLocations-RDD.scala-137-137=28
org/apache/spark/status/api/v1/ExecutorSummary.hostPort-api.scala-78-78=25
org/apache/spark/mllib/regression/LinearRegressionWithSGD.useFeatureScaling-LinearRegression.scala-144-144=2
org/apache/spark/rdd/RDD$$anonfun$doCheckpoint$1.apply-RDD.scala-1801-1801=4
org/apache/spark/mllib/regression/LinearRegressionWithSGD.generateInitialWeights-LinearRegression.scala-203-202=1
org/apache/spark/rdd/MapPartitionsRDD$$anonfun$isBarrier_$1.apply-MapPartitionsRDD.scala-60-60=2
org/apache/spark/rdd/RDD.getOrCompute-RDD.scala-354-357=1
org/apache/spark/status/api/v1/ShuffleWriteMetrics.bytesWritten-api.scala-254-254=42
org/apache/spark/rdd/MapPartitionsRDD.elementClassTag-MapPartitionsRDD.scala-1749-1749=1
org/apache/spark/rdd/RDD.context-RDD.scala-1772-1772=1
org/apache/spark/rdd/RDD.firstParent-RDD.scala-1763-1763=4
org/apache/spark/rdd/RDDOperationScope$.withScope-RDDOperationScope.scala-134-155=7
org/apache/spark/rdd/RDD.org$apache$spark$rdd$RDD$$stateLock-RDD.scala-237-237=2
org/apache/spark/mllib/regression/LinearRegressionWithSGD.numFeatures_$eq-LinearRegression.scala-156-156=1
org/apache/spark/rdd/HadoopRDD$$anonfun$getJobConf$5$$anonfun$apply$3.apply-HadoopRDD.scala-180-180=2
org/apache/spark/rdd/RDDOperationScope.name-RDDOperationScope.scala-47-47=28
org/apache/spark/rdd/RDD$$anonfun$5.apply-RDD.scala-324-324=12
org/apache/spark/rdd/MapPartitionsRDD.org$apache$spark$internal$Logging$$log__$eq-MapPartitionsRDD.scala-77-77=1
org/apache/spark/rdd/HadoopRDD$.org$apache$spark$internal$Logging$$log__$eq-HadoopRDD.scala-379-379=1
org/apache/spark/rdd/RDD.name-RDD.scala-153-153=8
org/apache/spark/rdd/HadoopRDD$$anon$1.getNext-HadoopRDD.scala-224-224=4001
org/apache/spark/mllib/regression/GeneralizedLinearAlgorithm.numFeatures-GeneralizedLinearAlgorithm.scala-156-156=2
org/apache/spark/mllib/regression/LinearRegressionWithSGD.numFeatures-LinearRegression.scala-156-156=2
org/apache/spark/mllib/regression/LinearRegressionWithSGD.validators-LinearRegression.scala-107-107=1
org/apache/spark/rdd/RDD$$anonfun$dependencies$2.apply-RDD.scala-252-252=61
org/apache/spark/rdd/RDD.computeOrReadCheckpoint-RDD.scala-343-343=4
org/apache/spark/rdd/RDD.org$apache$spark$internal$Logging$$log_-RDD.scala-77-77=6
org/apache/spark/status/api/v1/RDDPartitionInfo.executors-api.scala-161-161=1
org/apache/spark/rdd/HadoopRDD$$anon$1.org$apache$spark$rdd$HadoopRDD$$anon$$inputMetrics-HadoopRDD.scala-230-230=8009
org/apache/spark/status/api/v1/TaskMetrics.outputMetrics-api.scala-232-232=84
org/apache/spark/mllib/regression/GeneralizedLinearAlgorithm.numFeatures_$eq-GeneralizedLinearAlgorithm.scala-156-156=1
org/apache/spark/rdd/RDD.map-RDD.scala-392-392=1
org/apache/spark/rdd/RDD$$anonfun$37.apply-RDD.scala-1744-1744=2
org/apache/spark/rdd/HadoopRDD$.CONFIGURATION_INSTANTIATION_LOCK-HadoopRDD.scala-384-384=1
org/apache/spark/util/JsonProtocol$$anonfun$rddInfoToJson$8.apply-JsonProtocol.scala-445-445=32
org/apache/spark/mllib/regression/LabeledPoint.parse-LabeledPoint.scala--1--1=4000
org/apache/spark/rdd/RDDOperationScope$.withScope$default$2-RDDOperationScope.scala-101-101=1
org/apache/spark/rdd/RDD.preferredLocations-RDD.scala-296-296=37
org/apache/spark/rdd/MapPartitionsRDD.logName-MapPartitionsRDD.scala-77-77=1
org/apache/spark/mllib/regression/GeneralizedLinearAlgorithm.addIntercept-GeneralizedLinearAlgorithm.scala-117-117=2
org/apache/spark/mllib/util/NumericParser$.parse-NumericParser.scala-37-49=4000
org/apache/spark/rdd/RDDOperationScope$$anonfun$3.apply-RDDOperationScope.scala-106-106=2
org/apache/spark/rdd/RDD.org$apache$spark$rdd$RDD$$dependencies__$eq-RDD.scala-241-241=1
org/apache/spark/mllib/linalg/DenseVector.values-Vectors.scala-617-617=1
org/apache/spark/rdd/HadoopRDD$$anonfun$convertSplitLocationInfo$1$$anonfun$apply$5.apply-HadoopRDD.scala-435-434=9
org/apache/spark/util/JsonProtocol$$anonfun$rddInfoToJson$1.apply-JsonProtocol.scala-437-437=30
org/apache/spark/rdd/RDD$$anonfun$first$1.apply-RDD.scala-1423-1425=1
org/apache/spark/status/api/v1/TaskMetrics.resultSerializationTime-api.scala-227-227=27
org/apache/spark/rdd/RDD.getStorageLevel-RDD.scala-223-223=13
org/apache/spark/mllib/regression/GeneralizedLinearAlgorithm.validators-GeneralizedLinearAlgorithm.scala-107-107=1
org/apache/spark/rdd/MapPartitionsRDD.isCheckpointedAndMaterialized-MapPartitionsRDD.scala-1677-1677=4
org/apache/spark/rdd/RDD$$anonfun$doCheckpoint$1$$anonfun$apply$mcV$sp$2.apply-RDD.scala-1813-1813=6
org/apache/spark/rdd/RDDOperationScope$$anonfun$1.apply-RDDOperationScope.scala-104-104=4
org/apache/spark/mllib/regression/LinearRegressionWithSGD.validateData-LinearRegression.scala-119-119=1
org/apache/spark/rdd/RDD.sparkContext-RDD.scala-147-147=1
org/apache/spark/rdd/InputFileBlockHolder$.initialize-InputFileBlockHolder.scala-92-92=1
org/apache/spark/rdd/HadoopRDD.getPreferredLocations-HadoopRDD.scala-354-360=9
org/apache/spark/rdd/RDDOperationScope$.nextScopeId-RDDOperationScope.scala-90-90=5
org/apache/spark/util/JsonProtocol$$anonfun$rddInfoToJson$3.apply-JsonProtocol.scala-439-439=30
org/apache/spark/rdd/RDD.checkpointData-RDD.scala-1751-1751=161
org/apache/spark/rdd/HadoopRDD$.getCachedMetadata-HadoopRDD.scala-393-393=1
org/apache/spark/rdd/HadoopRDD$$anon$1$$anonfun$3.apply-HadoopRDD.scala-281-281=1
org/apache/spark/rdd/MapPartitionsRDD.org$apache$spark$rdd$RDD$$dependencies_-MapPartitionsRDD.scala-241-241=6
org/apache/spark/status/api/v1/TaskMetrics.executorDeserializeTime-api.scala-221-221=31
org/apache/spark/rdd/RDD.org$apache$spark$internal$Logging$$log__$eq-RDD.scala-77-77=2
org/apache/spark/rdd/HadoopRDD.org$apache$spark$rdd$HadoopRDD$$createTime-HadoopRDD.scala-132-132=1
org/apache/spark/rdd/MapPartitionsRDD.dependencies-MapPartitionsRDD.scala-252-252=3
org/apache/spark/rdd/RDDOperationScope$.fromJson-RDDOperationScope.scala-86-86=5
org/apache/spark/rdd/HadoopRDD$$anon$1.org$apache$spark$rdd$HadoopRDD$$anon$$split-HadoopRDD.scala-226-226=4
org/apache/spark/rdd/InputFileBlockHolder$.set-InputFileBlockHolder.scala-77-80=1
org/apache/spark/rdd/RDD.partitions-RDD.scala-269-269=55
org/apache/spark/rdd/RDD$$anonfun$7.apply-RDD.scala-357-357=1
org/apache/spark/status/api/v1/ExecutorSummary.id-api.scala-77-77=25
org/apache/spark/status/api/v1/RDDStorageInfo.id-api.scala-132-132=12
org/apache/spark/rdd/RDD$$anonfun$org$apache$spark$rdd$RDD$$visit$1$1.apply-RDD.scala-327-328=6
org/apache/spark/rdd/MapPartitionsRDD$.$lessinit$greater$default$5-MapPartitionsRDD.scala-44-44=1
org/apache/spark/status/api/v1/OutputMetrics.bytesWritten-api.scala-241-241=42
org/apache/spark/mllib/regression/LabeledPoint.features-LabeledPoint.scala-38-38=1
org/apache/spark/status/api/v1/TaskMetrics.resultSize-api.scala-225-225=27
org/apache/spark/rdd/MapPartitionsRDD.initializeLogIfNecessary-MapPartitionsRDD.scala-77-77=2
org/apache/spark/mllib/regression/GeneralizedLinearAlgorithm.generateInitialWeights-GeneralizedLinearAlgorithm.scala-203-202=1
org/apache/spark/status/api/v1/ShuffleReadMetrics.localBlocksFetched-api.scala-246-246=27
org/apache/spark/rdd/HadoopRDD.jobConfCacheKey-HadoopRDD.scala-127-127=2
org/apache/spark/rdd/RDDOperationScope$$anonfun$2.apply-RDDOperationScope.scala-105-105=6
org/apache/spark/rdd/RDD.id-RDD.scala-150-150=113
org/apache/spark/rdd/RDD.scope-RDD.scala-1743-1743=8
org/apache/spark/rdd/HadoopRDD$$anonfun$getJobConf$5.apply-HadoopRDD.scala-177-177=1
org/apache/spark/util/JsonProtocol$$anonfun$rddInfoToJson$5.apply-JsonProtocol.scala-440-440=32
org/apache/spark/mllib/regression/LinearRegressionWithSGD.optimizer-LinearRegression.scala-89-89=1
org/apache/spark/status/api/v1/ShuffleWriteMetrics.writeTime-api.scala-255-255=27
org/apache/spark/status/api/v1/TaskMetrics.peakExecutionMemory-api.scala-230-230=27
org/apache/spark/rdd/MapPartitionsRDD$.$lessinit$greater$default$4-MapPartitionsRDD.scala-43-43=1
org/apache/spark/mllib/regression/GeneralizedLinearAlgorithm.validateData-GeneralizedLinearAlgorithm.scala-119-119=1
org/apache/spark/rdd/RDD$$anonfun$take$1$$anonfun$apply$48.apply-RDD.scala-1411-1411=1
org/apache/spark/status/api/v1/StageData.stageId-api.scala-165-165=10
org/apache/spark/rdd/RDD.elementClassTag-RDD.scala-1749-1749=2
org/apache/spark/rdd/RDD.logDebug-RDD.scala-77-77=1
org/apache/spark/rdd/HadoopRDD$$anon$1.org$apache$spark$rdd$HadoopRDD$$anon$$updateBytesRead-HadoopRDD.scala-254-254=7
org/apache/spark/rdd/RDD.take-RDD.scala-1382-1382=1
org/apache/spark/rdd/RDD$$anonfun$partitions$2$$anonfun$apply$3.apply-RDD.scala-274-274=20
org/apache/spark/rdd/HadoopRDD$$anon$1.close-HadoopRDD.scala-314-314=1
org/apache/spark/rdd/HadoopRDD$$anon$1$$anonfun$org$apache$spark$rdd$HadoopRDD$$anon$$updateBytesRead$1.apply-HadoopRDD.scala-254-254=7
org/apache/spark/rdd/RDD.withScope-RDD.scala-385-385=3
org/apache/spark/rdd/HadoopPartition.inputSplit-HadoopRDD.scala-51-51=13
org/apache/spark/status/api/v1/ShuffleReadMetrics.recordsRead-api.scala-251-251=42
org/apache/spark/rdd/RDD$$anonfun$org$apache$spark$rdd$RDD$$visit$1$1.apply-RDD.scala-326-326=6
org/apache/spark/rdd/HadoopRDD$$anonfun$convertSplitLocationInfo$1.apply-HadoopRDD.scala-434-434=18
org/apache/spark/mllib/linalg/Vector$class.$init$-Vectors.scala-47-47=4001
org/apache/spark/rdd/RDD$$anonfun$map$1.apply-RDD.scala-392-392=1
org/apache/spark/rdd/RDD$$anonfun$preferredLocations$2.apply-RDD.scala-297-297=37
org/apache/spark/rdd/MapPartitionsRDD.getOrCompute-MapPartitionsRDD.scala-354-357=1
org/apache/spark/mllib/regression/GeneralizedLinearAlgorithm.useFeatureScaling-GeneralizedLinearAlgorithm.scala-144-144=2
org/apache/spark/rdd/RDD.org$apache$spark$rdd$RDD$$visit$1-RDD.scala-323-326=8
org/apache/spark/rdd/RDD.isBarrier-RDD.scala-1931-1931=5
org/apache/spark/rdd/HadoopPartition.index-HadoopRDD.scala-48-48=16
org/apache/spark/mllib/regression/LabeledPoint$.parse-LabeledPoint.scala-61-61=4000
org/apache/spark/mllib/optimization/GradientDescent$.org$apache$spark$internal$Logging$$log__$eq-GradientDescent.scala-155-155=1
org/apache/spark/rdd/MapPartitionsRDD.computeOrReadCheckpoint-MapPartitionsRDD.scala-343-343=4
org/apache/spark/mllib/regression/GeneralizedLinearAlgorithm.numOfLinearPredictor-GeneralizedLinearAlgorithm.scala-136-136=1
org/apache/spark/rdd/HadoopRDD$$anon$1$$anonfun$3.apply-HadoopRDD.scala-284-285=1
org/apache/spark/rdd/MapPartitionsRDD.id-MapPartitionsRDD.scala-150-150=1
org/apache/spark/rdd/RDD.iterator-RDD.scala-307-307=4
org/apache/spark/mllib/linalg/Vectors$.zeros-Vectors.scala-362-362=1
org/apache/spark/rdd/MapPartitionsRDD.org$apache$spark$internal$Logging$$log_-MapPartitionsRDD.scala-77-77=6
org/apache/spark/util/JsonProtocol$$anonfun$rddInfoToJson$7.apply-JsonProtocol.scala-444-444=32
org/apache/spark/rdd/RDDOperationScope$$anonfun$getAllScopes$2.apply-RDDOperationScope.scala-61-61=8
org/apache/spark/rdd/RDDOperationScope$.$lessinit$greater$default$2-RDDOperationScope.scala-48-48=4
org/apache/spark/rdd/RDDOperationScope.getAllScopes-RDDOperationScope.scala-61-61=8
org/apache/spark/util/JsonProtocol$$anonfun$rddInfoToJson$2.apply-JsonProtocol.scala-437-437=30
org/apache/spark/rdd/MapPartitionsRDD.getPartitions-MapPartitionsRDD.scala-49-49=1
org/apache/spark/status/api/v1/ShuffleReadMetrics.remoteBytesRead-api.scala-248-248=42
org/apache/spark/rdd/InputFileBlockHolder$.unset-InputFileBlockHolder.scala-86-86=2
org/apache/spark/rdd/HadoopRDD$.addLocalConfiguration-HadoopRDD.scala-401-408=1
org/apache/spark/rdd/RDD$$anonfun$take$1.apply-RDD.scala-1383-1382=1
org/apache/spark/status/api/v1/TaskMetrics.executorRunTime-api.scala-223-223=37
org/apache/spark/status/api/v1/TaskMetrics.inputMetrics-api.scala-231-231=84
org/apache/spark/rdd/MapPartitionsRDD.logInfo-MapPartitionsRDD.scala-77-77=1
org/apache/spark/rdd/HadoopRDD$$anon$1$$anonfun$org$apache$spark$rdd$HadoopRDD$$anon$$updateBytesRead$1.apply-HadoopRDD.scala-255-255=7
org/apache/spark/util/JsonProtocol$$anonfun$rddInfoToJson$6.apply-JsonProtocol.scala-443-443=32
org/apache/spark/rdd/HadoopRDD$$anon$1.org$apache$spark$rdd$HadoopRDD$$anon$$existingBytesRead-HadoopRDD.scala-231-231=7
org/apache/spark/rdd/RDD.first-RDD.scala-1422-1422=1
org/apache/spark/rdd/HadoopRDD$$anon$1$$anonfun$2.apply-HadoopRDD.scala-227-227=1
org/apache/spark/rdd/MapPartitionsRDD.logDebug-MapPartitionsRDD.scala-77-77=1
org/apache/spark/status/api/v1/RDDPartitionInfo.diskUsed-api.scala-160-160=1
org/apache/spark/rdd/RDD.org$apache$spark$rdd$RDD$$partitions__$eq-RDD.scala-242-242=1
org/apache/spark/status/api/v1/TaskMetrics.executorDeserializeCpuTime-api.scala-222-222=27
org/apache/spark/rdd/RDD.dependencies-RDD.scala-252-252=61
org/apache/spark/rdd/RDD.logName-RDD.scala-77-77=1
org/apache/spark/status/api/v1/ShuffleReadMetrics.fetchWaitTime-api.scala-247-247=27
org/apache/spark/rdd/MapPartitionsRDD.isBarrier_-MapPartitionsRDD.scala-60-60=5
org/apache/spark/rdd/HadoopRDD.getJobConf-HadoopRDD.scala-144-153=1
org/apache/spark/rdd/RDD$$anonfun$map$1$$anonfun$apply$5.apply-RDD.scala-394-394=6
org/apache/spark/status/api/v1/TaskMetrics.shuffleReadMetrics-api.scala-233-233=234
org/apache/spark/status/api/v1/RDDPartitionInfo.memoryUsed-api.scala-159-159=1
org/apache/spark/status/api/v1/ShuffleReadMetrics.remoteBlocksFetched-api.scala-245-245=27
org/apache/spark/status/api/v1/ShuffleWriteMetrics.recordsWritten-api.scala-256-256=42
org/apache/spark/status/api/v1/TaskMetrics.diskBytesSpilled-api.scala-229-229=42
org/apache/spark/rdd/RDD$$anonfun$partitions$2.apply-RDD.scala-269-269=55
org/apache/spark/rdd/RDDOperationScope.id-RDDOperationScope.scala-49-49=28
org/apache/spark/rdd/RDD$$anonfun$4.apply-RDD.scala-323-323=12
org/apache/spark/util/JsonProtocol$$anonfun$rddInfoToJson$4$$anonfun$apply$19.apply-JsonProtocol.scala-439-439=32
org/apache/spark/rdd/InputFileBlockHolder$$anon$1.initialValue-InputFileBlockHolder.scala-53-53=1
org/apache/spark/rdd/RDDOperationScope$.org$apache$spark$rdd$RDDOperationScope$$jsonMapper-RDDOperationScope.scala-82-82=25
org/apache/spark/rdd/HadoopRDD$.org$apache$spark$rdd$HadoopRDD$$putCachedMetadata-HadoopRDD.scala-396-396=1
org/apache/spark/rdd/RDDOperationScope$.withScope-RDDOperationScope.scala-102-112=3
org/apache/spark/util/JsonProtocol$$anonfun$rddInfoToJson$9.apply-JsonProtocol.scala-446-446=32
org/apache/spark/util/JsonProtocol$$anonfun$rddInfoToJson$4.apply-JsonProtocol.scala-439-439=32
org/apache/spark/status/api/v1/ShuffleReadMetrics.localBytesRead-api.scala-250-250=42
org/apache/spark/rdd/HadoopRDD.getInputFormat-HadoopRDD.scala-190-196=1
org/apache/spark/rdd/MapPartitionsRDD.compute-MapPartitionsRDD.scala-52-52=3
org/apache/spark/rdd/RDDOperationScope$$anonfun$5.apply-RDDOperationScope.scala-137-137=8
org/apache/spark/rdd/RDD$$anonfun$doCheckpoint$1.apply$mcV$sp-RDD.scala-1801-1801=4
org/apache/spark/rdd/RDD$$anonfun$getNarrowAncestors$1.apply-RDD.scala-335-335=12
org/apache/spark/rdd/MapPartitionsRDD.log-MapPartitionsRDD.scala-77-77=3
org/apache/spark/rdd/RDD.logInfo-RDD.scala-77-77=1
org/apache/spark/rdd/RDD.org$apache$spark$rdd$RDD$$doCheckpointCalled_$eq-RDD.scala-1792-1792=4
org/apache/spark/rdd/MapPartitionsRDD.firstParent-MapPartitionsRDD.scala-1763-1763=3
org/apache/spark/rdd/HadoopRDD$.convertSplitLocationInfo-HadoopRDD.scala-434-434=9
org/apache/spark/rdd/HadoopRDD.compute-HadoopRDD.scala-95-95=1
org/apache/spark/rdd/RDDOperationScope.parent-RDDOperationScope.scala-48-48=28
org/apache/spark/rdd/RDD.initializeLogIfNecessary-RDD.scala-77-77=2
org/apache/spark/status/api/v1/JobData.jobId-api.scala-110-110=8
org/apache/spark/rdd/MapPartitionsRDD.checkpointData-MapPartitionsRDD.scala-1751-1751=7
org/apache/spark/mllib/linalg/Vectors$.dense-Vectors.scala-308-308=4000
org/apache/spark/status/api/v1/TaskMetrics.jvmGcTime-api.scala-226-226=27
org/apache/spark/mllib/regression/LinearRegressionWithSGD.addIntercept-LinearRegression.scala-117-117=2
org/apache/spark/rdd/MapPartitionsRDD.iterator-MapPartitionsRDD.scala-307-307=4
org/apache/spark/rdd/RDD.getDependencies-RDD.scala-132-132=1
org/apache/spark/rdd/RDDOperationScope$.$lessinit$greater$default$3-RDDOperationScope.scala-49-49=5
