org/apache/spark/rdd/ZippedPartitionsPartition$$anonfun$writeObject$1.apply-ZippedPartitionsRDD.scala-38-38=8
org/apache/spark/rdd/RDD.org$apache$spark$rdd$RDD$$partitions_-RDD.scala-242-242=257
org/apache/spark/rdd/ZippedPartitionsPartition.index-ZippedPartitionsRDD.scala-33-33=31
org/apache/spark/rdd/RDD.id-RDD.scala-150-150=249
org/apache/spark/status/api/v1/InputMetrics.recordsRead-api.scala-238-238=536
org/apache/spark/rdd/ZippedPartitionsPartition$$anonfun$writeObject$1.apply$mcV$sp-ZippedPartitionsRDD.scala-40-41=10
org/apache/spark/rdd/ZippedPartitionsPartition.org$apache$spark$rdd$ZippedPartitionsPartition$$rdds-ZippedPartitionsRDD.scala-29-29=13
org/apache/spark/rdd/ZippedPartitionsPartition.partitionValues_$eq-ZippedPartitionsRDD.scala-34-34=10
org/apache/spark/rdd/RDD$$anonfun$preferredLocations$2.apply-RDD.scala-297-297=20
org/apache/spark/rdd/RDD.isBarrier-RDD.scala-1931-1931=33
org/apache/spark/status/api/v1/InputMetrics.bytesRead-api.scala-237-237=528
org/apache/spark/rdd/ZippedPartitionsPartition$$anonfun$writeObject$1$$anonfun$apply$mcV$sp$1.apply-ZippedPartitionsRDD.scala-40-40=52
org/apache/spark/rdd/RDD.getPreferredLocations-RDD.scala-137-137=10
org/apache/spark/rdd/ZippedPartitionsPartition.preferredLocations-ZippedPartitionsRDD.scala-30-30=10
org/apache/spark/rdd/ZippedPartitionsBaseRDD.getPreferredLocations-ZippedPartitionsRDD.scala-70-70=10
org/apache/spark/rdd/ZippedPartitionsRDD2.getPreferredLocations-ZippedPartitionsRDD.scala-70-70=10
org/apache/spark/rdd/RDD$$anonfun$5.apply-RDD.scala-324-324=90
org/apache/spark/rdd/ZippedPartitionsPartition$$anonfun$writeObject$1.org$apache$spark$rdd$ZippedPartitionsPartition$$anonfun$$$outer-ZippedPartitionsRDD.scala-38-38=23
org/apache/spark/rdd/RDD.preferredLocations-RDD.scala-296-296=20
org/apache/spark/rdd/MapPartitionsRDD.isBarrier_-MapPartitionsRDD.scala-60-60=29
org/apache/spark/rdd/RDD$$anonfun$partitions$2.apply-RDD.scala-269-269=126
org/apache/spark/rdd/RDD$$anonfun$4.apply-RDD.scala-323-323=112
org/apache/spark/util/JsonProtocol$$anonfun$rddInfoToJson$3.apply-JsonProtocol.scala-439-439=46
org/apache/spark/rdd/RDD.checkpointData-RDD.scala-1751-1751=393
org/apache/spark/util/JsonProtocol$$anonfun$rddInfoToJson$4.apply-JsonProtocol.scala-439-439=48
org/apache/spark/rdd/RDD.partitions-RDD.scala-269-269=123
org/apache/spark/rdd/RDD$$anonfun$org$apache$spark$rdd$RDD$$visit$1$1.apply-RDD.scala-327-328=42
