org/apache/spark/status/api/v1/OutputMetrics.bytesWritten-api.scala-241-241=197
org/apache/spark/rdd/CoalescedRDDPartition.parents_$eq-CoalescedRDD.scala-42-42=2
org/apache/spark/status/api/v1/TaskMetrics.resultSize-api.scala-225-225=97
org/apache/spark/rdd/ZippedPartitionsPartition$$anonfun$writeObject$1.apply-ZippedPartitionsRDD.scala-38-38=8
org/apache/spark/graphx/lib/PageRank$$anonfun$3.apply$mcDDD$sp-PageRank.scala-141-141=62800
org/apache/spark/rdd/RDD.org$apache$spark$rdd$RDD$$partitions_-RDD.scala-242-242=92
org/apache/spark/rdd/ZippedPartitionsPartition.index-ZippedPartitionsRDD.scala-33-33=4
org/apache/spark/status/api/v1/ShuffleReadMetrics.localBlocksFetched-api.scala-246-246=99
org/apache/spark/rdd/RDD.id-RDD.scala-150-150=69
org/apache/spark/rdd/RDD.scope-RDD.scala-1743-1743=16
org/apache/spark/status/api/v1/InputMetrics.recordsRead-api.scala-238-238=186
org/apache/spark/util/JsonProtocol$$anonfun$rddInfoToJson$5.apply-JsonProtocol.scala-440-440=243
org/apache/spark/status/api/v1/ShuffleWriteMetrics.writeTime-api.scala-255-255=103
org/apache/spark/status/api/v1/TaskMetrics.peakExecutionMemory-api.scala-230-230=96
org/apache/spark/rdd/CoalescedRDDPartition$$anonfun$writeObject$1$$anonfun$apply$mcV$sp$1.apply-CoalescedRDD.scala-47-47=6
org/apache/spark/graphx/lib/PageRank$$anonfun$3.apply-PageRank.scala-141-141=125587
org/apache/spark/status/api/v1/TaskMetrics.shuffleWriteMetrics-api.scala-234-234=494
org/apache/spark/status/api/v1/StageData.attemptId-api.scala-166-166=81
org/apache/spark/rdd/ZippedPartitionsPartition$$anonfun$writeObject$1.apply$mcV$sp-ZippedPartitionsRDD.scala-40-41=8
org/apache/spark/graphx/impl/EdgePartition.aggregateMessagesEdgeScan-EdgePartition.scala-388-414=2
org/apache/spark/status/api/v1/StageData.stageId-api.scala-165-165=85
org/apache/spark/status/api/v1/ShuffleReadMetrics.remoteBytesReadToDisk-api.scala-249-249=100
org/apache/spark/rdd/RDD.getNarrowAncestors-RDD.scala-320-335=1
org/apache/spark/graphx/impl/GraphImpl$$anonfun$13$$anonfun$apply$3$$anonfun$1.apply-GraphImpl.scala-211-211=1
org/apache/spark/status/api/v1/TaskMetrics.memoryBytesSpilled-api.scala-228-228=183
org/apache/spark/rdd/RDD.isCheckpointedAndMaterialized-RDD.scala-1677-1677=1
org/apache/spark/status/api/v1/ShuffleReadMetrics.recordsRead-api.scala-251-251=184
org/apache/spark/rdd/ZippedPartitionsPartition.org$apache$spark$rdd$ZippedPartitionsPartition$$rdds-ZippedPartitionsRDD.scala-29-29=8
org/apache/spark/status/api/v1/OutputMetrics.recordsWritten-api.scala-242-242=207
org/apache/spark/rdd/RDD$$anonfun$org$apache$spark$rdd$RDD$$visit$1$1.apply-RDD.scala-326-326=15
org/apache/spark/rdd/RDD.creationSite-RDD.scala-1734-1734=16
org/apache/spark/rdd/ZippedPartitionsPartition.partitionValues_$eq-ZippedPartitionsRDD.scala-34-34=8
org/apache/spark/graphx/impl/AggregatingEdgeContext.srcAttr-EdgePartition.scala-523-523=64168
org/apache/spark/rdd/RDD$$anonfun$6.apply-RDD.scala-325-325=30
org/apache/spark/rdd/CoalescedRDDPartition$$anonfun$writeObject$1.apply$mcV$sp-CoalescedRDD.scala-47-48=2
org/apache/spark/rdd/RDD$$anonfun$preferredLocations$2.apply-RDD.scala-297-297=4
org/apache/spark/rdd/RDD.org$apache$spark$rdd$RDD$$dependencies_-RDD.scala-241-241=84
org/apache/spark/status/api/v1/TaskMetrics.executorCpuTime-api.scala-224-224=189
org/apache/spark/graphx/impl/AggregatingEdgeContext.sendToDst-EdgePartition.scala-531-531=64147
org/apache/spark/rdd/RDDOperationScope.toJson-RDDOperationScope.scala-52-52=112
org/apache/spark/rdd/RDD.org$apache$spark$rdd$RDD$$visit$1-RDD.scala-323-326=16
org/apache/spark/rdd/RDD.isBarrier-RDD.scala-1931-1931=2
org/apache/spark/status/api/v1/InputMetrics.bytesRead-api.scala-237-237=195
org/apache/spark/rdd/ZippedPartitionsPartition$$anonfun$writeObject$1$$anonfun$apply$mcV$sp$1.apply-ZippedPartitionsRDD.scala-40-40=32
org/apache/spark/rdd/RDD.getPreferredLocations-RDD.scala-137-137=2
org/apache/spark/rdd/ZippedPartitionsPartition.preferredLocations-ZippedPartitionsRDD.scala-30-30=2
org/apache/spark/status/api/v1/ExecutorSummary.hostPort-api.scala-78-78=15
org/apache/spark/rdd/ZippedPartitionsBaseRDD.getPreferredLocations-ZippedPartitionsRDD.scala-70-70=2
org/apache/spark/rdd/ZippedPartitionsRDD2.getPreferredLocations-ZippedPartitionsRDD.scala-70-70=2
org/apache/spark/status/api/v1/ShuffleWriteMetrics.bytesWritten-api.scala-254-254=195
org/apache/spark/graphx/lib/PageRank$$anonfun$10.apply-PageRank.scala-141-141=128278
org/apache/spark/util/JsonProtocol$$anonfun$rddInfoToJson$7.apply-JsonProtocol.scala-444-444=229
org/apache/spark/rdd/RDDOperationScope$$anonfun$getAllScopes$2.apply-RDDOperationScope.scala-61-61=116
org/apache/spark/rdd/CoalescedRDDPartition.parentsIndices-CoalescedRDD.scala-40-40=2
org/apache/spark/rdd/RDDOperationScope.getAllScopes-RDDOperationScope.scala-61-61=117
org/apache/spark/util/JsonProtocol$$anonfun$rddInfoToJson$2.apply-JsonProtocol.scala-437-437=211
org/apache/spark/status/api/v1/ShuffleReadMetrics.remoteBytesRead-api.scala-248-248=188
org/apache/spark/rdd/InputFileBlockHolder$.unset-InputFileBlockHolder.scala-86-86=2
org/apache/spark/rdd/RDDOperationScope.name-RDDOperationScope.scala-47-47=220
org/apache/spark/status/api/v1/TaskMetrics.inputMetrics-api.scala-231-231=383
org/apache/spark/status/api/v1/TaskMetrics.executorRunTime-api.scala-223-223=175
org/apache/spark/graphx/impl/GraphImpl$$anonfun$13$$anonfun$apply$3.apply-GraphImpl.scala-208-208=4
org/apache/spark/rdd/RDD$$anonfun$5.apply-RDD.scala-324-324=30
org/apache/spark/rdd/CoalescedRDDPartition.rdd-CoalescedRDD.scala-39-39=3
org/apache/spark/util/JsonProtocol$$anonfun$rddInfoToJson$6.apply-JsonProtocol.scala-443-443=233
org/apache/spark/rdd/RDD.name-RDD.scala-153-153=16
org/apache/spark/rdd/RDD$$anonfun$dependencies$2.apply-RDD.scala-252-252=42
org/apache/spark/rdd/RDD.computeOrReadCheckpoint-RDD.scala-343-343=1
org/apache/spark/status/api/v1/TaskMetrics.outputMetrics-api.scala-232-232=398
org/apache/spark/util/JsonProtocol$$anonfun$rddInfoToJson$8.apply-JsonProtocol.scala-445-445=230
org/apache/spark/graphx/impl/AggregatingEdgeContext.attr-EdgePartition.scala-525-525=64163
org/apache/spark/rdd/CoalescedRDDPartition$$anonfun$writeObject$1.org$apache$spark$rdd$CoalescedRDDPartition$$anonfun$$$outer-CoalescedRDD.scala-45-45=3
org/apache/spark/rdd/ZippedPartitionsPartition$$anonfun$writeObject$1.org$apache$spark$rdd$ZippedPartitionsPartition$$anonfun$$$outer-ZippedPartitionsRDD.scala-38-38=16
org/apache/spark/rdd/CoalescedRDDPartition$$anonfun$writeObject$1.apply-CoalescedRDD.scala-45-45=2
org/apache/spark/graphx/impl/EdgePartition.size-EdgePartition.scala-314-314=64142
org/apache/spark/status/api/v1/TaskMetrics.executorDeserializeCpuTime-api.scala-222-222=82
org/apache/spark/rdd/RDD.preferredLocations-RDD.scala-296-296=4
org/apache/spark/rdd/RDD.dependencies-RDD.scala-252-252=41
org/apache/spark/status/api/v1/ShuffleReadMetrics.fetchWaitTime-api.scala-247-247=113
org/apache/spark/rdd/MapPartitionsRDD.isBarrier_-MapPartitionsRDD.scala-60-60=2
org/apache/spark/status/api/v1/TaskMetrics.shuffleReadMetrics-api.scala-233-233=969
org/apache/spark/status/api/v1/ShuffleReadMetrics.remoteBlocksFetched-api.scala-245-245=107
org/apache/spark/status/api/v1/ShuffleWriteMetrics.recordsWritten-api.scala-256-256=199
org/apache/spark/util/JsonProtocol$$anonfun$rddInfoToJson$1.apply-JsonProtocol.scala-437-437=228
org/apache/spark/status/api/v1/TaskMetrics.diskBytesSpilled-api.scala-229-229=185
org/apache/spark/graphx/impl/AggregatingEdgeContext.set-EdgePartition.scala-499-505=64143
org/apache/spark/status/api/v1/TaskMetrics.resultSerializationTime-api.scala-227-227=100
org/apache/spark/rdd/RDD$$anonfun$partitions$2.apply-RDD.scala-269-269=46
org/apache/spark/rdd/RDD.getStorageLevel-RDD.scala-223-223=22
org/apache/spark/rdd/RDDOperationScope.id-RDDOperationScope.scala-49-49=223
org/apache/spark/rdd/RDD$$anonfun$4.apply-RDD.scala-323-323=38
org/apache/spark/util/JsonProtocol$$anonfun$rddInfoToJson$4$$anonfun$apply$19.apply-JsonProtocol.scala-439-439=240
org/apache/spark/rdd/InputFileBlockHolder$$anon$1.initialValue-InputFileBlockHolder.scala-53-53=1
org/apache/spark/rdd/RDD.sparkContext-RDD.scala-147-147=1
org/apache/spark/rdd/RDDOperationScope$.org$apache$spark$rdd$RDDOperationScope$$jsonMapper-RDDOperationScope.scala-82-82=110
org/apache/spark/rdd/InputFileBlockHolder$.initialize-InputFileBlockHolder.scala-92-92=1
org/apache/spark/util/JsonProtocol$$anonfun$rddInfoToJson$9.apply-JsonProtocol.scala-446-446=226
org/apache/spark/util/JsonProtocol$$anonfun$rddInfoToJson$3.apply-JsonProtocol.scala-439-439=234
org/apache/spark/rdd/RDD.checkpointData-RDD.scala-1751-1751=93
org/apache/spark/util/JsonProtocol$$anonfun$rddInfoToJson$4.apply-JsonProtocol.scala-439-439=257
org/apache/spark/status/api/v1/ShuffleReadMetrics.localBytesRead-api.scala-250-250=181
org/apache/spark/rdd/MapPartitionsRDD.compute-MapPartitionsRDD.scala-52-52=1
org/apache/spark/status/api/v1/TaskMetrics.executorDeserializeTime-api.scala-221-221=97
org/apache/spark/rdd/RDD$$anonfun$getNarrowAncestors$1.apply-RDD.scala-335-335=30
org/apache/spark/graphx/impl/EdgePartition$$anonfun$aggregateMessagesEdgeScan$1.apply-EdgePartition.scala-414-414=2980
org/apache/spark/rdd/RDDOperationScope.parent-RDDOperationScope.scala-48-48=223
org/apache/spark/rdd/RDD.partitions-RDD.scala-269-269=46
org/apache/spark/status/api/v1/ExecutorSummary.id-api.scala-77-77=16
org/apache/spark/status/api/v1/JobData.jobId-api.scala-110-110=9
org/apache/spark/status/api/v1/TaskMetrics.jvmGcTime-api.scala-226-226=101
org/apache/spark/status/api/v1/RDDStorageInfo.id-api.scala-132-132=20
org/apache/spark/rdd/RDD$$anonfun$org$apache$spark$rdd$RDD$$visit$1$1.apply-RDD.scala-327-328=15
