org/apache/spark/status/api/v1/OutputMetrics.bytesWritten-api.scala-241-241=231
org/apache/spark/graphx/impl/ShippableVertexPartitionOps.leftJoin-ShippableVertexPartition.scala-130-130=2
org/apache/spark/status/api/v1/TaskMetrics.resultSize-api.scala-225-225=190
org/apache/spark/graphx/lib/PageRank$$anonfun$5.apply$mcDJJ$sp-PageRank.scala-150-150=1000
org/apache/spark/rdd/ZippedPartitionsPartition$$anonfun$writeObject$1.apply-ZippedPartitionsRDD.scala-38-38=10
org/apache/spark/rdd/ZippedPartitionsRDD2.rdd1-ZippedPartitionsRDD.scala-82-82=6
org/apache/spark/graphx/impl/VertexRDDImpl$$anonfun$shipVertexAttributes$1$$anonfun$apply$7.apply-VertexRDDImpl.scala-247-247=4
org/apache/spark/graphx/lib/PageRank$$anonfun$3.apply$mcDDD$sp-PageRank.scala-141-141=500
org/apache/spark/rdd/RDD.org$apache$spark$rdd$RDD$$partitions_-RDD.scala-242-242=92
org/apache/spark/graphx/impl/ShippableVertexPartitionOps.org$apache$spark$internal$Logging$$log__$eq-ShippableVertexPartition.scala-34-34=10
org/apache/spark/rdd/ZippedPartitionsPartition.index-ZippedPartitionsRDD.scala-33-33=12
org/apache/spark/status/api/v1/ShuffleReadMetrics.localBlocksFetched-api.scala-246-246=185
org/apache/spark/graphx/impl/VertexRDDImpl$$anonfun$3.apply-VertexRDDImpl.scala-156-156=2
org/apache/spark/rdd/RDD.id-RDD.scala-150-150=77
org/apache/spark/rdd/RDD.scope-RDD.scala-1743-1743=12
org/apache/spark/status/api/v1/InputMetrics.recordsRead-api.scala-238-238=231
org/apache/spark/rdd/ZippedPartitionsRDD2.f-ZippedPartitionsRDD.scala-81-81=6
org/apache/spark/util/JsonProtocol$$anonfun$rddInfoToJson$5.apply-JsonProtocol.scala-440-440=52
org/apache/spark/graphx/impl/VertexRDDImpl$$anonfun$shipVertexAttributes$1.apply-VertexRDDImpl.scala-247-247=4
org/apache/spark/status/api/v1/ShuffleWriteMetrics.writeTime-api.scala-255-255=191
org/apache/spark/status/api/v1/TaskMetrics.peakExecutionMemory-api.scala-230-230=181
org/apache/spark/graphx/lib/PageRank$$anonfun$3.apply-PageRank.scala-141-141=1000
org/apache/spark/status/api/v1/TaskMetrics.shuffleWriteMetrics-api.scala-234-234=661
org/apache/spark/status/api/v1/StageData.attemptId-api.scala-166-166=30
org/apache/spark/graphx/impl/RoutingTablePartition$$anonfun$foreachWithinEdgePartition$1.apply-RoutingTablePartition.scala-136-136=2909
org/apache/spark/graphx/impl/VertexRDDImpl$$anonfun$2.apply-VertexRDDImpl.scala-144-144=2
org/apache/spark/rdd/ZippedPartitionsPartition$$anonfun$writeObject$1.apply$mcV$sp-ZippedPartitionsRDD.scala-40-41=10
org/apache/spark/status/api/v1/StageData.stageId-api.scala-165-165=30
org/apache/spark/graphx/impl/VertexRDDImpl.vdTag-VertexRDDImpl.scala-30-30=5
org/apache/spark/graphx/impl/ShippableVertexPartition$ShippableVertexPartitionOpsConstructor$.toOps-ShippableVertexPartition.scala-85-85=4
org/apache/spark/graphx/impl/ShippableVertexPartitionOps.withMask-ShippableVertexPartition.scala-152-152=4
org/apache/spark/status/api/v1/ShuffleReadMetrics.remoteBytesReadToDisk-api.scala-249-249=188
org/apache/spark/graphx/impl/RoutingTablePartition$$anonfun$foreachWithinEdgePartition$1.apply$mcVI$sp-RoutingTablePartition.scala-136-136=1454
org/apache/spark/rdd/RDD.getNarrowAncestors-RDD.scala-320-335=1
org/apache/spark/rdd/RDD.elementClassTag-RDD.scala-1749-1749=8
org/apache/spark/graphx/impl/VertexRDDImpl$$anonfun$5.org$apache$spark$graphx$impl$VertexRDDImpl$$anonfun$$$outer-VertexRDDImpl.scala-215-215=2
org/apache/spark/graphx/impl/EdgeRDDImpl.getStorageLevel-EdgeRDDImpl.scala-74-74=1
org/apache/spark/graphx/impl/ShippableVertexPartitionOps.withValues-ShippableVertexPartition.scala-152-152=6
org/apache/spark/status/api/v1/TaskMetrics.memoryBytesSpilled-api.scala-228-228=235
org/apache/spark/rdd/RDD.isCheckpointedAndMaterialized-RDD.scala-1677-1677=10
org/apache/spark/rdd/ZippedPartitionsRDD2.compute-ZippedPartitionsRDD.scala-88-89=6
org/apache/spark/graphx/impl/VertexPartitionBaseOps.org$apache$spark$internal$Logging$$log__$eq-VertexPartitionBaseOps.scala-34-34=10
org/apache/spark/graphx/impl/VertexPartitionBase.capacity-VertexPartitionBase.scala-69-69=6
org/apache/spark/status/api/v1/ShuffleReadMetrics.recordsRead-api.scala-251-251=234
org/apache/spark/rdd/ZippedPartitionsPartition.org$apache$spark$rdd$ZippedPartitionsPartition$$rdds-ZippedPartitionsRDD.scala-29-29=10
org/apache/spark/status/api/v1/OutputMetrics.recordsWritten-api.scala-242-242=233
org/apache/spark/rdd/RDD$$anonfun$org$apache$spark$rdd$RDD$$visit$1$1.apply-RDD.scala-326-326=11
org/apache/spark/rdd/RDD.creationSite-RDD.scala-1734-1734=12
org/apache/spark/rdd/ZippedPartitionsPartition.partitionValues_$eq-ZippedPartitionsRDD.scala-34-34=10
org/apache/spark/rdd/RDD$$anonfun$6.apply-RDD.scala-325-325=28
org/apache/spark/graphx/impl/ShippableVertexPartition$ShippableVertexPartitionOpsConstructor$.toOps-ShippableVertexPartition.scala-88-88=4
org/apache/spark/graphx/impl/VertexPartitionBase.isDefined-VertexPartitionBase.scala-77-76=1456
org/apache/spark/rdd/RDD$$anonfun$preferredLocations$2.apply-RDD.scala-297-297=6
org/apache/spark/graphx/impl/ShippableVertexPartition$$anonfun$shipVertexAttributes$1.org$apache$spark$graphx$impl$ShippableVertexPartition$$anonfun$$$outer-ShippableVertexPartition.scala-116-116=2908
org/apache/spark/graphx/impl/ShippableVertexPartition.index-ShippableVertexPartition.scala-98-98=5429
org/apache/spark/rdd/RDD.org$apache$spark$rdd$RDD$$dependencies_-RDD.scala-241-241=78
org/apache/spark/status/api/v1/TaskMetrics.executorCpuTime-api.scala-224-224=223
org/apache/spark/graphx/impl/ShippableVertexPartition.capacity-ShippableVertexPartition.scala-69-69=6
org/apache/spark/graphx/impl/VertexPartitionBaseOps$$anonfun$aggregateUsingIndex$1.apply-VertexPartitionBaseOps.scala-221-221=1490
org/apache/spark/rdd/RDDOperationScope.toJson-RDDOperationScope.scala-52-52=26
org/apache/spark/rdd/RDD.org$apache$spark$rdd$RDD$$visit$1-RDD.scala-323-326=12
org/apache/spark/rdd/RDD.isBarrier-RDD.scala-1931-1931=2
org/apache/spark/graphx/impl/ShippableVertexPartition$$anonfun$shipVertexAttributes$1.apply-ShippableVertexPartition.scala-116-116=4
org/apache/spark/graphx/impl/VertexRDDImpl$$anonfun$5.apply-VertexRDDImpl.scala-215-215=2
org/apache/spark/status/api/v1/InputMetrics.bytesRead-api.scala-237-237=231
org/apache/spark/rdd/ZippedPartitionsPartition$$anonfun$writeObject$1$$anonfun$apply$mcV$sp$1.apply-ZippedPartitionsRDD.scala-40-40=40
org/apache/spark/rdd/RDD.getPreferredLocations-RDD.scala-137-137=2
org/apache/spark/rdd/ZippedPartitionsPartition.preferredLocations-ZippedPartitionsRDD.scala-30-30=4
org/apache/spark/status/api/v1/ExecutorSummary.hostPort-api.scala-78-78=32
org/apache/spark/rdd/ZippedPartitionsBaseRDD.getPreferredLocations-ZippedPartitionsRDD.scala-70-70=4
org/apache/spark/graphx/impl/EdgeRDDImpl.partitionsRDD-EdgeRDDImpl.scala-28-28=1
org/apache/spark/rdd/RDD.getOrCompute-RDD.scala-354-357=7
org/apache/spark/graphx/impl/VertexRDDImpl$$anonfun$3.apply-VertexRDDImpl.scala-157-159=2
org/apache/spark/rdd/RDD.iterator-RDD.scala-307-307=15
org/apache/spark/rdd/ZippedPartitionsPartition.partitions-ZippedPartitionsRDD.scala-35-35=6
org/apache/spark/rdd/ZippedPartitionsRDD2.getPreferredLocations-ZippedPartitionsRDD.scala-70-70=4
org/apache/spark/status/api/v1/ShuffleWriteMetrics.bytesWritten-api.scala-254-254=238
org/apache/spark/graphx/impl/ShippableVertexPartition.shipVertexAttributes-ShippableVertexPartition.scala-116-116=2
org/apache/spark/util/JsonProtocol$$anonfun$rddInfoToJson$7.apply-JsonProtocol.scala-444-444=54
org/apache/spark/graphx/impl/ShippableVertexPartitionOps.aggregateUsingIndex-ShippableVertexPartition.scala-219-234=2
org/apache/spark/rdd/RDD.firstParent-RDD.scala-1763-1763=2
org/apache/spark/util/JsonProtocol$$anonfun$rddInfoToJson$2.apply-JsonProtocol.scala-437-437=52
org/apache/spark/status/api/v1/ShuffleReadMetrics.remoteBytesRead-api.scala-248-248=232
org/apache/spark/graphx/impl/RoutingTablePartition.numEdgePartitions-RoutingTablePartition.scala-105-105=2
org/apache/spark/graphx/impl/ShippableVertexPartition.isDefined-ShippableVertexPartition.scala-77-76=1455
org/apache/spark/rdd/InputFileBlockHolder$.unset-InputFileBlockHolder.scala-86-86=2
org/apache/spark/status/api/v1/TaskMetrics.executorRunTime-api.scala-223-223=221
org/apache/spark/rdd/RDDOperationScope.name-RDDOperationScope.scala-47-47=26
org/apache/spark/status/api/v1/TaskMetrics.inputMetrics-api.scala-231-231=463
org/apache/spark/rdd/RDD$$anonfun$5.apply-RDD.scala-324-324=28
org/apache/spark/rdd/RDD.name-RDD.scala-153-153=12
org/apache/spark/util/JsonProtocol$$anonfun$rddInfoToJson$6.apply-JsonProtocol.scala-443-443=52
org/apache/spark/rdd/ShuffledRDDPartition.index-ShuffledRDD.scala-27-27=4
org/apache/spark/graphx/impl/ShippableVertexPartition.routingTable-ShippableVertexPartition.scala-101-101=16
org/apache/spark/rdd/RDD$$anonfun$dependencies$2.apply-RDD.scala-252-252=39
org/apache/spark/rdd/ZippedPartitionsRDD2.rdd2-ZippedPartitionsRDD.scala-83-83=6
org/apache/spark/rdd/RDD.computeOrReadCheckpoint-RDD.scala-343-343=10
org/apache/spark/status/api/v1/RDDPartitionInfo.executors-api.scala-161-161=1
org/apache/spark/status/api/v1/TaskMetrics.outputMetrics-api.scala-232-232=462
org/apache/spark/graphx/impl/RoutingTablePartition.foreachWithinEdgePartition-RoutingTablePartition.scala-127-127=4
org/apache/spark/status/api/v1/RDDPartitionInfo.diskUsed-api.scala-160-160=1
org/apache/spark/util/JsonProtocol$$anonfun$rddInfoToJson$8.apply-JsonProtocol.scala-445-445=54
org/apache/spark/rdd/ZippedPartitionsPartition$$anonfun$writeObject$1.org$apache$spark$rdd$ZippedPartitionsPartition$$anonfun$$$outer-ZippedPartitionsRDD.scala-38-38=20
org/apache/spark/status/api/v1/TaskMetrics.executorDeserializeCpuTime-api.scala-222-222=191
org/apache/spark/rdd/RDD.preferredLocations-RDD.scala-296-296=6
org/apache/spark/rdd/RDD.dependencies-RDD.scala-252-252=39
org/apache/spark/status/api/v1/ShuffleReadMetrics.fetchWaitTime-api.scala-247-247=186
org/apache/spark/rdd/MapPartitionsRDD.isBarrier_-MapPartitionsRDD.scala-60-60=2
org/apache/spark/graphx/impl/VertexPartitionBaseOps.leftJoin-VertexPartitionBaseOps.scala-130-130=2
org/apache/spark/graphx/impl/VertexRDDImpl$$anonfun$2.apply-VertexRDDImpl.scala-145-147=2
org/apache/spark/rdd/RDD$$anonfun$mapPartitions$1$$anonfun$apply$23.apply-RDD.scala-823-823=4
org/apache/spark/graphx/lib/PageRank$$anonfun$runWithOptions$3$$anonfun$apply$2.apply$mcD$sp-PageRank.scala-154-154=10
org/apache/spark/status/api/v1/TaskMetrics.shuffleReadMetrics-api.scala-233-233=1452
org/apache/spark/status/api/v1/RDDPartitionInfo.memoryUsed-api.scala-159-159=1
org/apache/spark/status/api/v1/ShuffleReadMetrics.remoteBlocksFetched-api.scala-245-245=187
org/apache/spark/status/api/v1/ShuffleWriteMetrics.recordsWritten-api.scala-256-256=234
org/apache/spark/graphx/lib/PageRank$$anonfun$runWithOptions$3.apply-PageRank.scala-154-154=1998
org/apache/spark/util/JsonProtocol$$anonfun$rddInfoToJson$1.apply-JsonProtocol.scala-437-437=52
org/apache/spark/status/api/v1/TaskMetrics.diskBytesSpilled-api.scala-229-229=233
org/apache/spark/status/api/v1/TaskMetrics.resultSerializationTime-api.scala-227-227=191
org/apache/spark/graphx/impl/ShippableVertexPartition.apply-ShippableVertexPartition.scala-74-74=1453
org/apache/spark/rdd/RDD$$anonfun$partitions$2.apply-RDD.scala-269-269=46
org/apache/spark/rdd/RDD.getStorageLevel-RDD.scala-223-223=18
org/apache/spark/rdd/RDDOperationScope.id-RDDOperationScope.scala-49-49=26
org/apache/spark/rdd/RDD$$anonfun$4.apply-RDD.scala-323-323=34
org/apache/spark/graphx/impl/VertexRDDImpl$$anonfun$5.apply-VertexRDDImpl.scala-216-216=2
org/apache/spark/util/JsonProtocol$$anonfun$rddInfoToJson$4$$anonfun$apply$19.apply-JsonProtocol.scala-439-439=52
org/apache/spark/rdd/RDD.sparkContext-RDD.scala-147-147=1
org/apache/spark/rdd/RDDOperationScope$.org$apache$spark$rdd$RDDOperationScope$$jsonMapper-RDDOperationScope.scala-82-82=26
org/apache/spark/rdd/InputFileBlockHolder$.initialize-InputFileBlockHolder.scala-92-92=1
org/apache/spark/graphx/impl/VertexPartitionBase.apply-VertexPartitionBase.scala-74-74=1456
org/apache/spark/util/JsonProtocol$$anonfun$rddInfoToJson$9.apply-JsonProtocol.scala-446-446=54
org/apache/spark/graphx/lib/PageRank$$anonfun$runWithOptions$3$$anonfun$apply$2.apply-PageRank.scala-154-154=10
org/apache/spark/util/JsonProtocol$$anonfun$rddInfoToJson$3.apply-JsonProtocol.scala-439-439=52
org/apache/spark/graphx/impl/VertexRDDImpl$$anonfun$5$$anonfun$apply$5.apply-VertexRDDImpl.scala-216-216=4
org/apache/spark/rdd/RDD.checkpointData-RDD.scala-1751-1751=101
org/apache/spark/status/api/v1/ShuffleReadMetrics.localBytesRead-api.scala-250-250=235
org/apache/spark/util/JsonProtocol$$anonfun$rddInfoToJson$4.apply-JsonProtocol.scala-439-439=52
org/apache/spark/rdd/MapPartitionsRDD.compute-MapPartitionsRDD.scala-52-52=2
org/apache/spark/status/api/v1/TaskMetrics.executorDeserializeTime-api.scala-221-221=218
org/apache/spark/graphx/impl/VertexPartitionBaseOps.diff-VertexPartitionBaseOps.scala-110-110=2
org/apache/spark/rdd/ZippedPartitionsPartition.partitionValues-ZippedPartitionsRDD.scala-34-34=6
org/apache/spark/rdd/RDD$$anonfun$getNarrowAncestors$1.apply-RDD.scala-335-335=22
org/apache/spark/graphx/impl/ShippableVertexPartitionOps.diff-ShippableVertexPartition.scala-110-110=2
org/apache/spark/graphx/impl/ShippableVertexPartition$$anonfun$shipVertexAttributes$1$$anonfun$apply$1.apply$mcVJ$sp-ShippableVertexPartition.scala-122-126=1454
org/apache/spark/graphx/impl/ShippableVertexPartition.mask-ShippableVertexPartition.scala-100-100=3467
org/apache/spark/graphx/impl/ShippableVertexPartition$$anonfun$shipVertexAttributes$1.apply-ShippableVertexPartition.scala-117-128=4
org/apache/spark/graphx/impl/VertexPartitionBaseOps$$anonfun$aggregateUsingIndex$1.apply-VertexPartitionBaseOps.scala-222-221=1490
org/apache/spark/rdd/RDDOperationScope.parent-RDDOperationScope.scala-48-48=26
org/apache/spark/rdd/RDD.partitions-RDD.scala-269-269=46
org/apache/spark/rdd/RDD$$anon$1.next-RDD.scala-367-368=5
org/apache/spark/status/api/v1/JobData.jobId-api.scala-110-110=18
org/apache/spark/status/api/v1/ExecutorSummary.id-api.scala-77-77=32
org/apache/spark/rdd/RDD$$anonfun$7.apply-RDD.scala-357-357=2
org/apache/spark/graphx/impl/VertexPartitionBaseOps.aggregateUsingIndex-VertexPartitionBaseOps.scala-219-234=2
org/apache/spark/status/api/v1/TaskMetrics.jvmGcTime-api.scala-226-226=191
org/apache/spark/graphx/impl/ShippableVertexPartition$.shippablePartitionToOps-ShippableVertexPartition.scala-77-77=10
org/apache/spark/status/api/v1/RDDStorageInfo.id-api.scala-132-132=98
org/apache/spark/rdd/RDD$$anonfun$org$apache$spark$rdd$RDD$$visit$1$1.apply-RDD.scala-327-328=11
org/apache/spark/rdd/ShuffledRDD.compute-ShuffledRDD.scala-103-105=2
org/apache/spark/graphx/impl/ShippableVertexPartition.values-ShippableVertexPartition.scala-99-99=5442
