org/apache/spark/graphx/Graph.aggregateMessages-Graph.scala-378-378=2
org/apache/spark/graphx/GraphLoader$.initializeLogIfNecessary-GraphLoader.scala-28-28=2
org/apache/spark/rdd/RDD.doCheckpoint-RDD.scala-1800-1800=4
org/apache/spark/rdd/MapPartitionsRDD.partitioner-MapPartitionsRDD.scala-47-47=25
org/apache/spark/graphx/impl/ReplicatedVertexView.upgrade-ReplicatedVertexView.scala-62-61=3
org/apache/spark/rdd/CoalescedRDDPartition.parents_$eq-CoalescedRDD.scala-42-42=2
org/apache/spark/graphx/util/collection/GraphXPrimitiveKeyOpenHashMap$mcJI$sp._oldValues_$eq-GraphXPrimitiveKeyOpenHashMap.scala-57-57=1498
org/apache/spark/graphx/Edge$$anon$2.copyRange-Edge.scala-91-91=14037
org/apache/spark/graphx/util/collection/GraphXPrimitiveKeyOpenHashMap.grow-GraphXPrimitiveKeyOpenHashMap.scala-145-145=3469
org/apache/spark/rdd/RDD.getNumPartitions-RDD.scala-289-289=6
org/apache/spark/rdd/RDD.org$apache$spark$rdd$RDD$$partitions_-RDD.scala-242-242=576
org/apache/spark/graphx/impl/EdgePartitionBuilder$mcI$sp.add$mcI$sp-EdgePartitionBuilder.scala-34-34=64540
org/apache/spark/graphx/Edge$mcI$sp.attr$mcI$sp-Edge.scala--1--1=64407
org/apache/spark/graphx/impl/EdgePartitionBuilder$mcI$sp.toEdgePartition$mcI$sp-EdgePartitionBuilder.scala-38-72=2
org/apache/spark/rdd/RDD.org$apache$spark$rdd$RDD$$sc-RDD.scala-89-100=298
org/apache/spark/rdd/RDD$.rddToPairRDDFunctions-RDD.scala-2016-2016=6
org/apache/spark/status/api/v1/InputMetrics.recordsRead-api.scala-238-238=1023
org/apache/spark/rdd/CoalescedRDDPartition$$anonfun$writeObject$1$$anonfun$apply$mcV$sp$1.apply-CoalescedRDD.scala-47-47=6
org/apache/spark/status/api/v1/TaskMetrics.shuffleWriteMetrics-api.scala-234-234=2574
org/apache/spark/status/api/v1/StageData.attemptId-api.scala-166-166=66
org/apache/spark/rdd/RDD$.CHECKPOINT_ALL_MARKED_ANCESTORS-RDD.scala-2006-2006=42
org/apache/spark/graphx/impl/VertexRDDImpl.vdTag-VertexRDDImpl.scala-30-30=2
org/apache/spark/status/api/v1/ShuffleReadMetrics.remoteBytesReadToDisk-api.scala-249-249=883
org/apache/spark/rdd/RDD.getNarrowAncestors-RDD.scala-320-335=8
org/apache/spark/graphx/impl/EdgeRDDImpl.getStorageLevel-EdgeRDDImpl.scala-74-74=2
org/apache/spark/graphx/impl/GraphImpl.outerJoinVertices-GraphImpl.scala-253-253=2
org/apache/spark/status/api/v1/TaskMetrics.memoryBytesSpilled-api.scala-228-228=940
org/apache/spark/rdd/RDD.isCheckpointedAndMaterialized-RDD.scala-1677-1677=10
org/apache/spark/rdd/ZippedPartitionsRDD2.getPartitions-ZippedPartitionsRDD.scala-55-57=8
org/apache/spark/rdd/RDD.isBarrier_-RDD.scala-1935-1935=13
org/apache/spark/graphx/GraphLoader$$anonfun$1$$anonfun$apply$1.apply-GraphLoader.scala-77-77=64528
org/apache/spark/rdd/RDD$$anonfun$mapPartitions$1.apply-RDD.scala-819-819=12
org/apache/spark/rdd/RDD.org$apache$spark$rdd$RDD$$doCheckpointCalled-RDD.scala-1792-1792=4
org/apache/spark/graphx/impl/VertexRDDImpl.diff-VertexRDDImpl.scala-136-149=1
org/apache/spark/graphx/impl/GraphImpl$.apply-GraphImpl.scala-329-336=2
org/apache/spark/graphx/EdgeDirection$.Out-EdgeDirection.scala-54-54=2
org/apache/spark/status/api/v1/OutputMetrics.recordsWritten-api.scala-242-242=1005
org/apache/spark/rdd/RDD.creationSite-RDD.scala-1734-1734=73
org/apache/spark/rdd/RDD$$anonfun$isBarrier_$2.apply-RDD.scala-1936-1936=34
org/apache/spark/rdd/RDD$$anonfun$6.apply-RDD.scala-325-325=128
org/apache/spark/rdd/RDD.log-RDD.scala-77-77=9
org/apache/spark/rdd/RDD.org$apache$spark$rdd$RDD$$dependencies_-RDD.scala-241-241=693
org/apache/spark/graphx/impl/VertexRDDImpl.withTargetStorageLevel-VertexRDDImpl.scala-242-242=1
org/apache/spark/graphx/impl/VertexRDDImpl.setName-VertexRDDImpl.scala-27-27=1
org/apache/spark/graphx/impl/GraphImpl.mapVertices$default$3-GraphImpl.scala-124-124=1
org/apache/spark/status/api/v1/TaskMetrics.executorCpuTime-api.scala-224-224=809
org/apache/spark/graphx/impl/EdgeRDDImpl.withPartitionsRDD-EdgeRDDImpl.scala-131-131=6
org/apache/spark/rdd/RDDOperationScope.toJson-RDDOperationScope.scala-52-52=73
org/apache/spark/graphx/impl/VertexRDDImpl$.$lessinit$greater$default$2-VertexRDDImpl.scala-29-29=1
org/apache/spark/rdd/RDD$$anonfun$isBarrier_$1.apply-RDD.scala-1936-1936=34
org/apache/spark/rdd/ZippedPartitionsBaseRDD$$anonfun$getPartitions$3$$anonfun$3.apply-ZippedPartitionsRDD.scala-63-63=32
org/apache/spark/status/api/v1/InputMetrics.bytesRead-api.scala-237-237=994
org/apache/spark/graphx/impl/ReplicatedVertexView.edges-ReplicatedVertexView.scala-34-34=21
org/apache/spark/rdd/RDD.getPreferredLocations-RDD.scala-137-137=16
org/apache/spark/status/api/v1/ExecutorSummary.hostPort-api.scala-78-78=626
org/apache/spark/rdd/RDD$$anonfun$zipPartitions$1.apply-RDD.scala-931-931=8
org/apache/spark/graphx/Edge$$anon$1.compare-Edge.scala-60-60=368147
org/apache/spark/rdd/PairRDDFunctions.org$apache$spark$internal$Logging$$log__$eq-PairRDDFunctions.scala-49-49=6
org/apache/spark/rdd/RDD$$anonfun$doCheckpoint$1.apply-RDD.scala-1801-1801=4
org/apache/spark/rdd/ZippedPartitionsPartition$$anonfun$1.apply-ZippedPartitionsRDD.scala-34-34=64
org/apache/spark/graphx/impl/EdgeRDDImpl.partitionsRDD-EdgeRDDImpl.scala-28-28=43
org/apache/spark/rdd/MapPartitionsRDD$$anonfun$isBarrier_$1.apply-MapPartitionsRDD.scala-60-60=24
org/apache/spark/rdd/RDD.getOrCompute-RDD.scala-354-357=2
org/apache/spark/graphx/GraphOps.outDegrees-GraphOps.scala-54-54=1
org/apache/spark/rdd/ZippedPartitionsRDD2.getPreferredLocations-ZippedPartitionsRDD.scala-70-70=8
org/apache/spark/status/api/v1/ShuffleWriteMetrics.bytesWritten-api.scala-254-254=922
org/apache/spark/rdd/ZippedPartitionsBaseRDD$$anonfun$$lessinit$greater$1.apply-ZippedPartitionsRDD.scala-49-49=32
org/apache/spark/rdd/RDD.context-RDD.scala-1772-1772=46
org/apache/spark/graphx/GraphLoader$.org$apache$spark$internal$Logging$$log_-GraphLoader.scala-28-28=2
org/apache/spark/rdd/PairRDDFunctions$$anonfun$partitionBy$1.apply-PairRDDFunctions.scala-529-529=6
org/apache/spark/rdd/CoalescedRDDPartition.parentsIndices-CoalescedRDD.scala-40-40=2
org/apache/spark/rdd/RDD.firstParent-RDD.scala-1763-1763=31
org/apache/spark/graphx/Edge$$anon$2.getKey-Edge.scala-71-71=661917
org/apache/spark/rdd/RDDOperationScope$.withScope-RDDOperationScope.scala-134-155=33
org/apache/spark/rdd/RDD.persist-RDD.scala-189-189=14
org/apache/spark/rdd/RDD.org$apache$spark$rdd$RDD$$stateLock-RDD.scala-237-237=61
org/apache/spark/graphx/impl/VertexRDDImpl.aggregateUsingIndex-VertexRDDImpl.scala-214-218=2
org/apache/spark/rdd/ShuffledRDD.getPartitions-ShuffledRDD.scala-93-93=6
org/apache/spark/graphx/impl/GraphImpl.mapTriplets-GraphImpl.scala-151-156=1
org/apache/spark/rdd/HadoopRDD$$anonfun$getJobConf$5$$anonfun$apply$3.apply-HadoopRDD.scala-180-180=4
org/apache/spark/rdd/RDDOperationScope.name-RDDOperationScope.scala-47-47=139
org/apache/spark/rdd/RDD$$anonfun$5.apply-RDD.scala-324-324=128
org/apache/spark/rdd/HadoopRDD$.org$apache$spark$internal$Logging$$log__$eq-HadoopRDD.scala-379-379=1
org/apache/spark/rdd/RDD.name-RDD.scala-153-153=88
org/apache/spark/rdd/HadoopRDD$$anon$1.getNext-HadoopRDD.scala-224-224=64518
org/apache/spark/rdd/HadoopRDD$$anonfun$getJobConf$4.apply-HadoopRDD.scala-167-167=1
org/apache/spark/rdd/RDD$$anonfun$mapPartitionsWithIndex$1$$anonfun$apply$25.apply-RDD.scala-875-875=4
org/apache/spark/rdd/PairRDDFunctions.partitionBy-PairRDDFunctions.scala-529-529=6
org/apache/spark/rdd/RDD$$anonfun$dependencies$2.apply-RDD.scala-252-252=333
org/apache/spark/rdd/RDD.computeOrReadCheckpoint-RDD.scala-343-343=10
org/apache/spark/rdd/RDD.org$apache$spark$internal$Logging$$log_-RDD.scala-77-77=18
org/apache/spark/graphx/impl/VertexRDDImpl.targetStorageLevel-VertexRDDImpl.scala-29-29=15
org/apache/spark/graphx/util/collection/GraphXPrimitiveKeyOpenHashMap$mcJI$sp._oldValues$mcI$sp-GraphXPrimitiveKeyOpenHashMap.scala--1--1=4847
org/apache/spark/rdd/HadoopRDD$$anon$1.org$apache$spark$rdd$HadoopRDD$$anon$$inputMetrics-HadoopRDD.scala-230-230=129109
org/apache/spark/graphx/impl/EdgePartitionBuilder$mcI$sp$$anonfun$toEdgePartition$mcI$sp$4.apply$mcII$sp-EdgePartitionBuilder.scala-61-61=62935
org/apache/spark/status/api/v1/TaskMetrics.outputMetrics-api.scala-232-232=2036
org/apache/spark/rdd/RDD$$anonfun$37.apply-RDD.scala-1744-1744=52
org/apache/spark/graphx/util/collection/GraphXPrimitiveKeyOpenHashMap$$anonfun$2.apply$mcVII$sp-GraphXPrimitiveKeyOpenHashMap.scala-151-151=4847
org/apache/spark/rdd/HadoopRDD$.CONFIGURATION_INSTANTIATION_LOCK-HadoopRDD.scala-384-384=2
org/apache/spark/util/JsonProtocol$$anonfun$rddInfoToJson$8.apply-JsonProtocol.scala-445-445=82
org/apache/spark/graphx/impl/VertexRDDImpl.cache-VertexRDDImpl.scala-27-27=9
org/apache/spark/rdd/CoalescedRDDPartition.index-CoalescedRDD.scala-38-38=18
org/apache/spark/graphx/util/collection/GraphXPrimitiveKeyOpenHashMap$mcJI$sp._values$mcI$sp-GraphXPrimitiveKeyOpenHashMap.scala--1--1=388887
org/apache/spark/rdd/CoalescedRDDPartition$$anonfun$writeObject$1.org$apache$spark$rdd$CoalescedRDDPartition$$anonfun$$$outer-CoalescedRDD.scala-45-45=3
org/apache/spark/rdd/RDDOperationScope$.withScope$default$2-RDDOperationScope.scala-101-101=30
org/apache/spark/rdd/RDD.preferredLocations-RDD.scala-296-296=34
org/apache/spark/rdd/RDDOperationScope$$anonfun$3.apply-RDDOperationScope.scala-106-106=60
org/apache/spark/graphx/lib/PageRank$.org$apache$spark$internal$Logging$$log__$eq-PageRank.scala-64-64=1
org/apache/spark/graphx/GraphLoader$.logInfo-GraphLoader.scala-28-28=1
org/apache/spark/graphx/impl/VertexRDDImpl.leftZipJoin-VertexRDDImpl.scala-154-161=2
org/apache/spark/rdd/ZippedPartitionsBaseRDD.getPartitions-ZippedPartitionsRDD.scala-55-57=8
org/apache/spark/graphx/GraphLoader$$anonfun$1.apply-GraphLoader.scala-76-92=2
org/apache/spark/rdd/RDD.org$apache$spark$rdd$RDD$$dependencies__$eq-RDD.scala-241-241=27
org/apache/spark/rdd/ShuffledRDD.getPreferredLocations-ShuffledRDD.scala-97-99=10
org/apache/spark/graphx/GraphLoader$.log-GraphLoader.scala-28-28=1
org/apache/spark/rdd/ShuffledRDD$$anonfun$1.apply-ShuffledRDD.scala-79-79=6
org/apache/spark/util/JsonProtocol$$anonfun$rddInfoToJson$1.apply-JsonProtocol.scala-437-437=84
org/apache/spark/rdd/ZippedPartitionsBaseRDD$$anonfun$getPartitions$3.apply-ZippedPartitionsRDD.scala-60-60=16
org/apache/spark/graphx/Edge$$anon$2.allocate-Edge.scala-71-71=325
org/apache/spark/graphx/util/collection/GraphXPrimitiveKeyOpenHashMap$mcJI$sp._values_$eq-GraphXPrimitiveKeyOpenHashMap.scala-32-32=19
org/apache/spark/status/api/v1/TaskMetrics.resultSerializationTime-api.scala-227-227=790
org/apache/spark/rdd/RDD.getStorageLevel-RDD.scala-223-223=87
org/apache/spark/graphx/Graph.ops-Graph.scala-449-449=2
org/apache/spark/rdd/RDD$$anonfun$doCheckpoint$1$$anonfun$apply$mcV$sp$2.apply-RDD.scala-1813-1813=6
org/apache/spark/rdd/RDDOperationScope$$anonfun$1.apply-RDDOperationScope.scala-104-104=120
org/apache/spark/rdd/ShuffledRDD$$anonfun$getPartitions$1.apply-ShuffledRDD.scala-93-93=24
org/apache/spark/rdd/RDD.sparkContext-RDD.scala-147-147=7
org/apache/spark/rdd/InputFileBlockHolder$.initialize-InputFileBlockHolder.scala-92-92=2
org/apache/spark/graphx/util/collection/GraphXPrimitiveKeyOpenHashMap$mcJI$sp.update$mcJI$sp-GraphXPrimitiveKeyOpenHashMap.scala-75-78=1481
org/apache/spark/util/JsonProtocol$$anonfun$rddInfoToJson$3.apply-JsonProtocol.scala-439-439=84
org/apache/spark/rdd/RDDOperationScope$.nextScopeId-RDDOperationScope.scala-90-90=31
org/apache/spark/rdd/RDD.checkpointData-RDD.scala-1751-1751=649
org/apache/spark/rdd/HadoopRDD$.getCachedMetadata-HadoopRDD.scala-393-393=3
org/apache/spark/rdd/HadoopRDD$$anon$1$$anonfun$3.apply-HadoopRDD.scala-281-281=2
org/apache/spark/status/api/v1/TaskMetrics.executorDeserializeTime-api.scala-221-221=891
org/apache/spark/rdd/ZippedPartitionsBaseRDD.rdds-ZippedPartitionsRDD.scala-47-47=48
org/apache/spark/rdd/RDD.org$apache$spark$internal$Logging$$log__$eq-RDD.scala-77-77=44
org/apache/spark/rdd/HadoopRDD.org$apache$spark$rdd$HadoopRDD$$createTime-HadoopRDD.scala-132-132=3
org/apache/spark/graphx/util/collection/GraphXPrimitiveKeyOpenHashMap$mcJI$sp._values-GraphXPrimitiveKeyOpenHashMap.scala-32-32=4866
org/apache/spark/rdd/RDD$$anonfun$zipPartitions$2.apply-RDD.scala-937-937=3
org/apache/spark/rdd/RDDOperationScope$.fromJson-RDDOperationScope.scala-86-86=32
org/apache/spark/rdd/HadoopRDD$$anon$1.org$apache$spark$rdd$HadoopRDD$$anon$$split-HadoopRDD.scala-226-226=12
org/apache/spark/rdd/InputFileBlockHolder$.set-InputFileBlockHolder.scala-77-80=3
org/apache/spark/rdd/RDD.partitions-RDD.scala-269-269=254
org/apache/spark/status/api/v1/ExecutorSummary.id-api.scala-77-77=617
org/apache/spark/rdd/RDD$$anonfun$7.apply-RDD.scala-357-357=2
org/apache/spark/graphx/impl/ReplicatedVertexView.hasDstId-ReplicatedVertexView.scala-36-36=4
org/apache/spark/graphx/EdgeRDD$.fromEdgePartitions-EdgeRDD.scala-123-123=1
org/apache/spark/graphx/lib/PageRank$$anonfun$1.apply-PageRank.scala-115-115=1
org/apache/spark/graphx/impl/VertexRDDImpl.withPartitionsRDD-VertexRDDImpl.scala-237-237=6
org/apache/spark/status/api/v1/RDDStorageInfo.id-api.scala-132-132=297
org/apache/spark/graphx/Edge.dstId-Edge.scala-34-34=586337
org/apache/spark/rdd/RDD$$anonfun$org$apache$spark$rdd$RDD$$visit$1$1.apply-RDD.scala-327-328=59
org/apache/spark/graphx/util/collection/GraphXPrimitiveKeyOpenHashMap$mcJI$sp.keySet$mcJ$sp-GraphXPrimitiveKeyOpenHashMap.scala--1--1=133806
org/apache/spark/rdd/MapPartitionsRDD$.$lessinit$greater$default$5-MapPartitionsRDD.scala-44-44=12
org/apache/spark/status/api/v1/OutputMetrics.bytesWritten-api.scala-241-241=1015
org/apache/spark/graphx/Edge$$anon$2.swap-Edge.scala-77-79=6
org/apache/spark/graphx/util/collection/GraphXPrimitiveKeyOpenHashMap$mcJI$sp._oldValues$mcI$sp_$eq-GraphXPrimitiveKeyOpenHashMap.scala--1--1=1499
org/apache/spark/rdd/ZippedPartitionsBaseRDD.partitioner-ZippedPartitionsRDD.scala-51-51=15
org/apache/spark/status/api/v1/TaskMetrics.resultSize-api.scala-225-225=740
org/apache/spark/graphx/impl/VertexRDDImpl.partitionsRDD-VertexRDDImpl.scala-28-28=45
org/apache/spark/graphx/impl/GraphImpl.vertices-GraphImpl.scala-36-36=16
org/apache/spark/graphx/util/collection/GraphXPrimitiveKeyOpenHashMap$mcJI$sp._oldValues_$eq-GraphXPrimitiveKeyOpenHashMap.scala-32-32=19
org/apache/spark/graphx/impl/ReplicatedVertexView$.$lessinit$greater$default$2-ReplicatedVertexView.scala-35-35=3
org/apache/spark/rdd/CoalescedRDD$$anonfun$compute$1.apply-CoalescedRDD.scala-99-99=3
org/apache/spark/rdd/ShuffledRDD.isBarrier-ShuffledRDD.scala-114-114=6
org/apache/spark/rdd/ZippedPartitionsPartition.index-ZippedPartitionsRDD.scala-33-33=40
org/apache/spark/status/api/v1/ShuffleReadMetrics.localBlocksFetched-api.scala-246-246=871
org/apache/spark/graphx/impl/VertexRDDImpl.leftJoin-VertexRDDImpl.scala-170-170=2
org/apache/spark/rdd/HadoopRDD.jobConfCacheKey-HadoopRDD.scala-127-127=5
org/apache/spark/graphx/Edge$.edgeArraySortDataFormat-Edge.scala-71-71=2
org/apache/spark/rdd/RDDOperationScope$$anonfun$2.apply-RDDOperationScope.scala-105-105=180
org/apache/spark/rdd/RDD.id-RDD.scala-150-150=245
org/apache/spark/rdd/RDD.scope-RDD.scala-1743-1743=67
org/apache/spark/rdd/HadoopRDD$$anonfun$getJobConf$5.apply-HadoopRDD.scala-177-177=2
org/apache/spark/util/JsonProtocol$$anonfun$rddInfoToJson$5.apply-JsonProtocol.scala-440-440=84
org/apache/spark/status/api/v1/ShuffleWriteMetrics.writeTime-api.scala-255-255=759
org/apache/spark/graphx/Edge$$anon$1.compare-Edge.scala-62-62=368114
org/apache/spark/status/api/v1/TaskMetrics.peakExecutionMemory-api.scala-230-230=809
org/apache/spark/rdd/MapPartitionsRDD$.$lessinit$greater$default$4-MapPartitionsRDD.scala-43-43=12
org/apache/spark/rdd/RDD.zipPartitions-RDD.scala-936-936=3
org/apache/spark/graphx/Edge$$anon$2.copyRange-Edge.scala-71-71=14044
org/apache/spark/graphx/EdgeDirection$.In-EdgeDirection.scala-51-51=1
org/apache/spark/rdd/ZippedPartitionsBaseRDD$$anonfun$getPartitions$1.apply-ZippedPartitionsRDD.scala-56-56=32
org/apache/spark/status/api/v1/StageData.stageId-api.scala-165-165=66
org/apache/spark/rdd/ShuffledRDD.getDependencies-ShuffledRDD.scala-79-87=6
org/apache/spark/rdd/RDD.elementClassTag-RDD.scala-1749-1749=44
org/apache/spark/rdd/RDD.logDebug-RDD.scala-77-77=3
org/apache/spark/rdd/HadoopRDD$$anon$1.org$apache$spark$rdd$HadoopRDD$$anon$$updateBytesRead-HadoopRDD.scala-254-254=68
org/apache/spark/rdd/RDD.count-RDD.scala-1213-1213=1
org/apache/spark/graphx/Edge$$anon$2.getKey-Edge.scala-73-73=661826
org/apache/spark/rdd/RDD$$anonfun$partitions$2$$anonfun$apply$3.apply-RDD.scala-274-274=136
org/apache/spark/rdd/HadoopRDD$$anon$1.close-HadoopRDD.scala-314-314=3
org/apache/spark/rdd/HadoopRDD$$anon$1$$anonfun$org$apache$spark$rdd$HadoopRDD$$anon$$updateBytesRead$1.apply-HadoopRDD.scala-254-254=68
org/apache/spark/graphx/util/collection/GraphXPrimitiveKeyOpenHashMap$mcJI$sp.keySet-GraphXPrimitiveKeyOpenHashMap.scala-34-34=133797
org/apache/spark/rdd/RDD.withScope-RDD.scala-385-385=29
org/apache/spark/graphx/Edge$$anon$2.copyElement-Edge.scala-71-71=237715
org/apache/spark/rdd/RDD$$anonfun$persist$1.apply-RDD.scala-176-176=14
org/apache/spark/graphx/impl/GraphImpl$.fromEdgePartitions-GraphImpl.scala-300-300=1
org/apache/spark/rdd/HadoopPartition.inputSplit-HadoopRDD.scala-51-51=12
org/apache/spark/graphx/util/collection/GraphXPrimitiveKeyOpenHashMap$mcJI$sp._oldValues-GraphXPrimitiveKeyOpenHashMap.scala-32-32=4847
org/apache/spark/status/api/v1/ShuffleReadMetrics.recordsRead-api.scala-251-251=955
org/apache/spark/rdd/ZippedPartitionsBaseRDD$$anonfun$getPartitions$3$$anonfun$2.apply-ZippedPartitionsRDD.scala-61-61=64
org/apache/spark/rdd/RDD$$anonfun$org$apache$spark$rdd$RDD$$visit$1$1.apply-RDD.scala-326-326=59
org/apache/spark/graphx/Edge$$anon$2.swap-Edge.scala-71-71=6
org/apache/spark/graphx/util/collection/GraphXPrimitiveKeyOpenHashMap$mcJI$sp._values$mcI$sp_$eq-GraphXPrimitiveKeyOpenHashMap.scala--1--1=19
org/apache/spark/graphx/impl/GraphImpl.replicatedVertexView-GraphImpl.scala-37-37=12
org/apache/spark/graphx/Edge$.lexicographicOrdering-Edge.scala-60-60=2
org/apache/spark/rdd/CoalescedRDDPartition$$anonfun$writeObject$1.apply$mcV$sp-CoalescedRDD.scala-47-48=2
org/apache/spark/rdd/ShuffledRDD.partitioner-ShuffledRDD.scala-41-41=1
org/apache/spark/rdd/RDD$$anonfun$preferredLocations$2.apply-RDD.scala-297-297=34
org/apache/spark/graphx/impl/EdgeRDDImpl.partitioner-EdgeRDDImpl.scala-47-47=3
org/apache/spark/graphx/impl/EdgePartitionBuilder$mcI$sp$$anonfun$toEdgePartition$mcI$sp$2.apply$mcII$sp-EdgePartitionBuilder.scala-59-59=63910
org/apache/spark/graphx/util/collection/GraphXPrimitiveKeyOpenHashMap.move-GraphXPrimitiveKeyOpenHashMap.scala-150-150=3470
org/apache/spark/graphx/Graph.mapTriplets-Graph.scala-267-267=1
org/apache/spark/graphx/impl/ReplicatedVertexView.updateVertices-ReplicatedVertexView.scala-108-118=1
org/apache/spark/rdd/RDD.org$apache$spark$rdd$RDD$$visit$1-RDD.scala-323-326=67
org/apache/spark/rdd/ZippedPartitionsBaseRDD$$anonfun$getPartitions$3.apply-ZippedPartitionsRDD.scala-61-65=16
org/apache/spark/rdd/RDD.isBarrier-RDD.scala-1931-1931=46
org/apache/spark/rdd/HadoopPartition.index-HadoopRDD.scala-48-48=6
org/apache/spark/rdd/ZippedPartitionsPartition.preferredLocations-ZippedPartitionsRDD.scala-30-30=8
org/apache/spark/rdd/ZippedPartitionsBaseRDD.getPreferredLocations-ZippedPartitionsRDD.scala-70-70=8
org/apache/spark/graphx/Graph$.graphToGraphOps-Graph.scala-538-538=2
org/apache/spark/graphx/Edge.srcId-Edge.scala-33-33=1268400
org/apache/spark/rdd/HadoopRDD$$anon$1$$anonfun$3.apply-HadoopRDD.scala-284-285=2
org/apache/spark/rdd/RDD.iterator-RDD.scala-307-307=10
org/apache/spark/graphx/VertexRDD$.createRoutingTables-VertexRDD.scala-356-361=1
org/apache/spark/graphx/impl/VertexRDDImpl.partitioner-VertexRDDImpl.scala-37-37=8
org/apache/spark/graphx/impl/EdgePartitionBuilder$.$lessinit$greater$default$1-EdgePartitionBuilder.scala-29-29=2
org/apache/spark/rdd/RDDOperationScope$$anonfun$getAllScopes$2.apply-RDDOperationScope.scala-61-61=66
org/apache/spark/util/JsonProtocol$$anonfun$rddInfoToJson$7.apply-JsonProtocol.scala-444-444=82
org/apache/spark/rdd/CoalescedRDD$$anonfun$compute$1.apply-CoalescedRDD.scala-100-100=3
org/apache/spark/rdd/RDDOperationScope$.$lessinit$greater$default$2-RDDOperationScope.scala-48-48=4
org/apache/spark/graphx/lib/PageRank$$anonfun$1.apply$mcJ$sp-PageRank.scala-115-115=1
org/apache/spark/rdd/RDDOperationScope.getAllScopes-RDDOperationScope.scala-61-61=66
org/apache/spark/rdd/RDD$$anonfun$count$1.apply-RDD.scala-1213-1213=2
org/apache/spark/rdd/ShuffledRDD.prev-ShuffledRDD.scala-42-42=6
org/apache/spark/util/JsonProtocol$$anonfun$rddInfoToJson$2.apply-JsonProtocol.scala-437-437=84
org/apache/spark/rdd/MapPartitionsRDD.getPartitions-MapPartitionsRDD.scala-49-49=12
org/apache/spark/status/api/v1/ShuffleReadMetrics.remoteBytesRead-api.scala-248-248=989
org/apache/spark/rdd/InputFileBlockHolder$.unset-InputFileBlockHolder.scala-86-86=4
org/apache/spark/rdd/HadoopRDD$.addLocalConfiguration-HadoopRDD.scala-401-408=3
org/apache/spark/graphx/impl/EdgePartitionBuilder$mcI$sp$$anonfun$toEdgePartition$mcI$sp$3.apply$mcI$sp-EdgePartitionBuilder.scala-61-61=1481
org/apache/spark/graphx/EdgeDirection.equals-EdgeDirection.scala-37-37=2
org/apache/spark/graphx/util/collection/GraphXPrimitiveKeyOpenHashMap$mcJI$sp._values_$eq-GraphXPrimitiveKeyOpenHashMap.scala-34-34=19
org/apache/spark/rdd/CoalescedRDDPartition.parents-CoalescedRDD.scala-42-42=2
org/apache/spark/status/api/v1/TaskMetrics.executorRunTime-api.scala-223-223=864
org/apache/spark/status/api/v1/TaskMetrics.inputMetrics-api.scala-231-231=1982
org/apache/spark/rdd/CoalescedRDDPartition.rdd-CoalescedRDD.scala-39-39=3
org/apache/spark/graphx/impl/ReplicatedVertexView.hasDstId_$eq-ReplicatedVertexView.scala-36-36=2
org/apache/spark/rdd/HadoopRDD$$anon$1$$anonfun$org$apache$spark$rdd$HadoopRDD$$anon$$updateBytesRead$1.apply-HadoopRDD.scala-255-255=68
org/apache/spark/util/JsonProtocol$$anonfun$rddInfoToJson$6.apply-JsonProtocol.scala-443-443=82
org/apache/spark/rdd/ShuffledRDDPartition.index-ShuffledRDD.scala-27-27=26
org/apache/spark/rdd/HadoopRDD$$anon$1.org$apache$spark$rdd$HadoopRDD$$anon$$existingBytesRead-HadoopRDD.scala-231-231=68
org/apache/spark/graphx/impl/GraphImpl.edges-GraphImpl.scala-35-35=1
org/apache/spark/graphx/impl/GraphImpl$.fromExistingRDDs-GraphImpl.scala-347-347=3
org/apache/spark/rdd/HadoopRDD$$anon$1$$anonfun$2.apply-HadoopRDD.scala-227-227=3
org/apache/spark/status/api/v1/RDDPartitionInfo.diskUsed-api.scala-160-160=1
org/apache/spark/rdd/RDD.org$apache$spark$rdd$RDD$$partitions__$eq-RDD.scala-242-242=34
org/apache/spark/graphx/impl/ReplicatedVertexView.hasSrcId-ReplicatedVertexView.scala-35-35=6
org/apache/spark/graphx/GraphLoader$$anonfun$1$$anonfun$apply$1.apply-GraphLoader.scala-78-78=64542
org/apache/spark/rdd/RDD.isLocallyCheckpointed-RDD.scala-1684-1684=14
org/apache/spark/graphx/impl/VertexRDDImpl.mapVertexPartitions-VertexRDDImpl.scala-96-97=1
org/apache/spark/graphx/impl/GraphImpl.mapVertices-GraphImpl.scala-127-127=1
org/apache/spark/graphx/impl/EdgePartitionBuilder$mcI$sp$$anonfun$toEdgePartition$mcI$sp$1.apply$mcI$sp-EdgePartitionBuilder.scala-59-59=508
org/apache/spark/rdd/CoalescedRDDPartition$$anonfun$writeObject$1.apply-CoalescedRDD.scala-45-45=2
org/apache/spark/status/api/v1/TaskMetrics.executorDeserializeCpuTime-api.scala-222-222=777
org/apache/spark/graphx/VertexRDD$.fromEdges-VertexRDD.scala-344-350=1
org/apache/spark/rdd/RDD.dependencies-RDD.scala-252-252=333
org/apache/spark/graphx/GraphLoader$.logName-GraphLoader.scala-28-28=1
org/apache/spark/rdd/PairRDDFunctions.keyClass-PairRDDFunctions.scala-1111-1111=6
org/apache/spark/status/api/v1/ShuffleReadMetrics.fetchWaitTime-api.scala-247-247=867
org/apache/spark/rdd/RDD.logName-RDD.scala-77-77=2
org/apache/spark/rdd/MapPartitionsRDD.isBarrier_-MapPartitionsRDD.scala-60-60=33
org/apache/spark/rdd/ZippedPartitionsRDD2.partitioner-ZippedPartitionsRDD.scala-51-51=15
org/apache/spark/graphx/impl/EdgeRDDImpl.targetStorageLevel-EdgeRDDImpl.scala-29-29=11
org/apache/spark/rdd/HadoopRDD.getJobConf-HadoopRDD.scala-144-153=3
org/apache/spark/rdd/RDD.mapPartitions$default$2-RDD.scala-819-819=6
org/apache/spark/rdd/RDD.zipPartitions-RDD.scala-930-930=8
org/apache/spark/rdd/RDD$$anonfun$map$1$$anonfun$apply$5.apply-RDD.scala-394-394=6
org/apache/spark/graphx/impl/GraphImpl.outerJoinVertices$default$5-GraphImpl.scala-250-250=1
org/apache/spark/status/api/v1/TaskMetrics.shuffleReadMetrics-api.scala-233-233=6600
org/apache/spark/status/api/v1/RDDPartitionInfo.memoryUsed-api.scala-159-159=1
org/apache/spark/status/api/v1/ShuffleReadMetrics.remoteBlocksFetched-api.scala-245-245=881
org/apache/spark/graphx/EdgeRDD.getPartitions-EdgeRDD.scala-47-47=8
org/apache/spark/graphx/GraphLoader$.edgeListFile-GraphLoader.scala-66-98=1
org/apache/spark/status/api/v1/ShuffleWriteMetrics.recordsWritten-api.scala-256-256=821
org/apache/spark/rdd/ShuffledRDD.org$apache$spark$rdd$ShuffledRDD$$mapSideCombine-ShuffledRDD.scala-52-52=12
org/apache/spark/status/api/v1/TaskMetrics.diskBytesSpilled-api.scala-229-229=925
org/apache/spark/rdd/ZippedPartitionsRDD2.rdds-ZippedPartitionsRDD.scala-47-47=48
org/apache/spark/rdd/RDD.mapPartitions-RDD.scala-819-819=12
org/apache/spark/graphx/impl/GraphImpl.aggregateMessagesWithActiveSet-GraphImpl.scala-195-199=2
org/apache/spark/rdd/RDD$$anonfun$partitions$2.apply-RDD.scala-269-269=254
org/apache/spark/graphx/Edge$$anon$2.copyElement-Edge.scala-85-85=237744
org/apache/spark/rdd/RDDOperationScope.id-RDDOperationScope.scala-49-49=139
org/apache/spark/rdd/RDD$$anonfun$4.apply-RDD.scala-323-323=152
org/apache/spark/util/JsonProtocol$$anonfun$rddInfoToJson$4$$anonfun$apply$19.apply-JsonProtocol.scala-439-439=84
org/apache/spark/rdd/InputFileBlockHolder$$anon$1.initialValue-InputFileBlockHolder.scala-53-53=3
org/apache/spark/rdd/RDD.name_$eq-RDD.scala-153-153=23
org/apache/spark/rdd/RDDOperationScope$.org$apache$spark$rdd$RDDOperationScope$$jsonMapper-RDDOperationScope.scala-82-82=105
org/apache/spark/graphx/impl/EdgeRDDImpl$$anonfun$1.apply-EdgeRDDImpl.scala-48-48=8
org/apache/spark/rdd/HadoopRDD$.org$apache$spark$rdd$HadoopRDD$$putCachedMetadata-HadoopRDD.scala-396-396=2
org/apache/spark/graphx/GraphLoader$.org$apache$spark$internal$Logging$$log__$eq-GraphLoader.scala-28-28=1
org/apache/spark/rdd/RDDOperationScope$.withScope-RDDOperationScope.scala-102-112=29
org/apache/spark/util/JsonProtocol$$anonfun$rddInfoToJson$9.apply-JsonProtocol.scala-446-446=82
org/apache/spark/graphx/impl/ReplicatedVertexView.hasSrcId_$eq-ReplicatedVertexView.scala-35-35=2
org/apache/spark/graphx/impl/GraphImpl.cache-GraphImpl.scala-60-62=2
org/apache/spark/util/JsonProtocol$$anonfun$rddInfoToJson$4.apply-JsonProtocol.scala-439-439=84
org/apache/spark/status/api/v1/ShuffleReadMetrics.localBytesRead-api.scala-250-250=998
org/apache/spark/rdd/CoalescedRDD.compute-CoalescedRDD.scala-99-99=2
org/apache/spark/graphx/util/collection/GraphXPrimitiveKeyOpenHashMap$$anonfun$1.apply$mcVI$sp-GraphXPrimitiveKeyOpenHashMap.scala-146-147=19
org/apache/spark/rdd/HadoopRDD.getInputFormat-HadoopRDD.scala-190-196=3
org/apache/spark/graphx/GraphLoader$$anonfun$1.apply-GraphLoader.scala-75-75=2
org/apache/spark/rdd/MapPartitionsRDD.compute-MapPartitionsRDD.scala-52-52=5
org/apache/spark/rdd/RDDOperationScope$$anonfun$5.apply-RDDOperationScope.scala-137-137=12
org/apache/spark/rdd/RDD$$anonfun$doCheckpoint$1.apply$mcV$sp-RDD.scala-1801-1801=4
org/apache/spark/graphx/impl/EdgeRDDImpl.mapEdgePartitions-EdgeRDDImpl.scala-119-119=3
org/apache/spark/rdd/RDD$$anonfun$getNarrowAncestors$1.apply-RDD.scala-335-335=118
org/apache/spark/graphx/util/collection/GraphXPrimitiveKeyOpenHashMap$mcJI$sp.changeValue$mcJI$sp-GraphXPrimitiveKeyOpenHashMap.scala-103-102=128834
org/apache/spark/graphx/impl/ReplicatedVertexView.withEdges-ReplicatedVertexView.scala-44-44=1
org/apache/spark/rdd/RDD.logInfo-RDD.scala-77-77=3
org/apache/spark/graphx/lib/PageRank$.runWithOptions$default$4-PageRank.scala-107-107=1
org/apache/spark/rdd/RDD.org$apache$spark$rdd$RDD$$doCheckpointCalled_$eq-RDD.scala-1792-1792=4
org/apache/spark/rdd/RDD.setName-RDD.scala-157-158=23
org/apache/spark/rdd/RDDOperationScope.parent-RDDOperationScope.scala-48-48=139
org/apache/spark/rdd/HadoopRDD.compute-HadoopRDD.scala-95-95=3
org/apache/spark/rdd/RDD.initializeLogIfNecessary-RDD.scala-77-77=4
org/apache/spark/graphx/impl/EdgeRDDImpl$.$lessinit$greater$default$2-EdgeRDDImpl.scala-29-29=1
org/apache/spark/status/api/v1/JobData.jobId-api.scala-110-110=43
org/apache/spark/graphx/impl/ReplicatedVertexView.edges_$eq-ReplicatedVertexView.scala-34-34=2
org/apache/spark/status/api/v1/TaskMetrics.jvmGcTime-api.scala-226-226=776
org/apache/spark/graphx/impl/ReplicatedVertexView$.$lessinit$greater$default$3-ReplicatedVertexView.scala-36-36=3
org/apache/spark/graphx/impl/VertexRDDImpl.shipVertexAttributes-VertexRDDImpl.scala-247-247=3
org/apache/spark/rdd/RDD.getDependencies-RDD.scala-132-132=21
org/apache/spark/rdd/RDDOperationScope$.$lessinit$greater$default$3-RDDOperationScope.scala-49-49=31
