org/apache/spark/status/api/v1/OutputMetrics.bytesWritten-api.scala-241-241=114
org/apache/spark/rdd/InputFileBlockHolder$.unset-InputFileBlockHolder.scala-86-86=2
org/apache/spark/status/api/v1/TaskMetrics.resultSize-api.scala-225-225=69
org/apache/spark/rdd/RDDOperationScope.name-RDDOperationScope.scala-47-47=33
org/apache/spark/status/api/v1/TaskMetrics.executorRunTime-api.scala-223-223=112
org/apache/spark/status/api/v1/TaskMetrics.inputMetrics-api.scala-231-231=239
org/apache/spark/graphx/impl/GraphImpl$$anonfun$13$$anonfun$apply$3.apply-GraphImpl.scala-208-208=4
org/apache/spark/util/JsonProtocol$$anonfun$rddInfoToJson$6.apply-JsonProtocol.scala-443-443=76
org/apache/spark/graphx/lib/PageRank$$anonfun$3.apply$mcDDD$sp-PageRank.scala-141-141=62992
org/apache/spark/rdd/RDD$$anonfun$dependencies$2.apply-RDD.scala-252-252=9
org/apache/spark/rdd/RDD.org$apache$spark$rdd$RDD$$partitions_-RDD.scala-242-242=20
org/apache/spark/status/api/v1/ShuffleReadMetrics.localBlocksFetched-api.scala-246-246=70
org/apache/spark/status/api/v1/TaskMetrics.outputMetrics-api.scala-232-232=232
org/apache/spark/rdd/RDD.id-RDD.scala-150-150=34
org/apache/spark/util/JsonProtocol$$anonfun$rddInfoToJson$8.apply-JsonProtocol.scala-445-445=75
org/apache/spark/status/api/v1/InputMetrics.recordsRead-api.scala-238-238=120
org/apache/spark/graphx/impl/AggregatingEdgeContext.attr-EdgePartition.scala-525-525=64284
org/apache/spark/util/JsonProtocol$$anonfun$rddInfoToJson$5.apply-JsonProtocol.scala-440-440=79
org/apache/spark/status/api/v1/ShuffleWriteMetrics.writeTime-api.scala-255-255=63
org/apache/spark/status/api/v1/TaskMetrics.peakExecutionMemory-api.scala-230-230=62
org/apache/spark/graphx/lib/PageRank$$anonfun$3.apply-PageRank.scala-141-141=125997
org/apache/spark/graphx/impl/EdgePartition.size-EdgePartition.scala-314-314=64290
org/apache/spark/status/api/v1/TaskMetrics.shuffleWriteMetrics-api.scala-234-234=289
org/apache/spark/status/api/v1/TaskMetrics.executorDeserializeCpuTime-api.scala-222-222=65
org/apache/spark/rdd/RDD.preferredLocations-RDD.scala-296-296=4
org/apache/spark/status/api/v1/StageData.attemptId-api.scala-166-166=40
org/apache/spark/rdd/RDD.dependencies-RDD.scala-252-252=9
org/apache/spark/status/api/v1/ShuffleReadMetrics.fetchWaitTime-api.scala-247-247=68
org/apache/spark/graphx/impl/EdgePartition.aggregateMessagesEdgeScan-EdgePartition.scala-388-414=2
org/apache/spark/status/api/v1/StageData.stageId-api.scala-165-165=37
org/apache/spark/status/api/v1/ShuffleReadMetrics.remoteBytesReadToDisk-api.scala-249-249=68
org/apache/spark/status/api/v1/TaskMetrics.memoryBytesSpilled-api.scala-228-228=112
org/apache/spark/status/api/v1/TaskMetrics.shuffleReadMetrics-api.scala-233-233=644
org/apache/spark/status/api/v1/ShuffleReadMetrics.remoteBlocksFetched-api.scala-245-245=74
org/apache/spark/status/api/v1/ShuffleWriteMetrics.recordsWritten-api.scala-256-256=100
org/apache/spark/util/JsonProtocol$$anonfun$rddInfoToJson$1.apply-JsonProtocol.scala-437-437=79
org/apache/spark/status/api/v1/TaskMetrics.diskBytesSpilled-api.scala-229-229=105
org/apache/spark/graphx/impl/AggregatingEdgeContext.set-EdgePartition.scala-499-505=64281
org/apache/spark/status/api/v1/ShuffleReadMetrics.recordsRead-api.scala-251-251=122
org/apache/spark/status/api/v1/OutputMetrics.recordsWritten-api.scala-242-242=112
org/apache/spark/status/api/v1/TaskMetrics.resultSerializationTime-api.scala-227-227=64
org/apache/spark/graphx/impl/AggregatingEdgeContext.srcAttr-EdgePartition.scala-523-523=64300
org/apache/spark/rdd/RDD.getStorageLevel-RDD.scala-223-223=6
org/apache/spark/rdd/RDD$$anonfun$partitions$2.apply-RDD.scala-269-269=10
org/apache/spark/rdd/RDD$$anonfun$preferredLocations$2.apply-RDD.scala-297-297=4
org/apache/spark/rdd/RDDOperationScope.id-RDDOperationScope.scala-49-49=34
org/apache/spark/util/JsonProtocol$$anonfun$rddInfoToJson$4$$anonfun$apply$19.apply-JsonProtocol.scala-439-439=76
org/apache/spark/rdd/RDD.org$apache$spark$rdd$RDD$$dependencies_-RDD.scala-241-241=18
org/apache/spark/rdd/RDDOperationScope$.org$apache$spark$rdd$RDDOperationScope$$jsonMapper-RDDOperationScope.scala-82-82=39
org/apache/spark/status/api/v1/TaskMetrics.executorCpuTime-api.scala-224-224=109
org/apache/spark/graphx/impl/AggregatingEdgeContext.sendToDst-EdgePartition.scala-531-531=64294
org/apache/spark/util/JsonProtocol$$anonfun$rddInfoToJson$9.apply-JsonProtocol.scala-446-446=82
org/apache/spark/util/JsonProtocol$$anonfun$rddInfoToJson$3.apply-JsonProtocol.scala-439-439=89
org/apache/spark/rdd/RDDOperationScope.toJson-RDDOperationScope.scala-52-52=40
org/apache/spark/util/JsonProtocol$$anonfun$rddInfoToJson$4.apply-JsonProtocol.scala-439-439=78
org/apache/spark/status/api/v1/ShuffleReadMetrics.localBytesRead-api.scala-250-250=115
org/apache/spark/rdd/RDD.checkpointData-RDD.scala-1751-1751=23
org/apache/spark/status/api/v1/TaskMetrics.executorDeserializeTime-api.scala-221-221=84
org/apache/spark/status/api/v1/InputMetrics.bytesRead-api.scala-237-237=119
org/apache/spark/rdd/RDD.getPreferredLocations-RDD.scala-137-137=2
org/apache/spark/rdd/ZippedPartitionsPartition.preferredLocations-ZippedPartitionsRDD.scala-30-30=2
org/apache/spark/status/api/v1/ExecutorSummary.hostPort-api.scala-78-78=9
org/apache/spark/rdd/ZippedPartitionsBaseRDD.getPreferredLocations-ZippedPartitionsRDD.scala-70-70=2
org/apache/spark/rdd/ZippedPartitionsRDD2.getPreferredLocations-ZippedPartitionsRDD.scala-70-70=2
org/apache/spark/status/api/v1/ShuffleWriteMetrics.bytesWritten-api.scala-254-254=122
org/apache/spark/graphx/impl/EdgePartition$$anonfun$aggregateMessagesEdgeScan$1.apply-EdgePartition.scala-414-414=2980
org/apache/spark/rdd/RDDOperationScope.parent-RDDOperationScope.scala-48-48=38
org/apache/spark/rdd/RDD.partitions-RDD.scala-269-269=10
org/apache/spark/status/api/v1/JobData.jobId-api.scala-110-110=8
org/apache/spark/status/api/v1/ExecutorSummary.id-api.scala-77-77=6
org/apache/spark/graphx/lib/PageRank$$anonfun$10.apply-PageRank.scala-141-141=128586
org/apache/spark/status/api/v1/TaskMetrics.jvmGcTime-api.scala-226-226=67
org/apache/spark/util/JsonProtocol$$anonfun$rddInfoToJson$7.apply-JsonProtocol.scala-444-444=82
org/apache/spark/status/api/v1/RDDStorageInfo.id-api.scala-132-132=17
org/apache/spark/util/JsonProtocol$$anonfun$rddInfoToJson$2.apply-JsonProtocol.scala-437-437=83
org/apache/spark/status/api/v1/ShuffleReadMetrics.remoteBytesRead-api.scala-248-248=128
