org/apache/spark/rdd/ZippedPartitionsPartition$$anonfun$writeObject$1.apply-ZippedPartitionsRDD.scala-38-38=6
org/apache/spark/graphx/impl/ShippableVertexPartition$$anonfun$apply$6.apply-ShippableVertexPartition.scala-64-64=2000
org/apache/spark/graphx/util/collection/GraphXPrimitiveKeyOpenHashMap.grow-GraphXPrimitiveKeyOpenHashMap.scala-145-145=1000
org/apache/spark/graphx/impl/VertexRDDImpl$$anonfun$shipVertexAttributes$1$$anonfun$apply$7.apply-VertexRDDImpl.scala-247-247=5
org/apache/spark/rdd/RDD.org$apache$spark$rdd$RDD$$partitions_-RDD.scala-242-242=97
org/apache/spark/graphx/impl/ShippableVertexPartitionOps.org$apache$spark$internal$Logging$$log__$eq-ShippableVertexPartition.scala-34-34=8
org/apache/spark/graphx/impl/RoutingTablePartition$$anonfun$fromMsgs$2.apply-RoutingTablePartition.scala-77-77=8
org/apache/spark/status/api/v1/InputMetrics.recordsRead-api.scala-238-238=1689
org/apache/spark/rdd/ZippedPartitionsRDD2.f-ZippedPartitionsRDD.scala-81-81=4
org/apache/spark/graphx/impl/VertexRDDImpl$$anonfun$shipVertexAttributes$1.apply-VertexRDDImpl.scala-247-247=4
org/apache/spark/status/api/v1/TaskMetrics.shuffleWriteMetrics-api.scala-234-234=4525
org/apache/spark/status/api/v1/StageData.attemptId-api.scala-166-166=473
org/apache/spark/rdd/ZippedPartitionsPartition$$anonfun$writeObject$1.apply$mcV$sp-ZippedPartitionsRDD.scala-40-41=5
org/apache/spark/graphx/impl/VertexRDDImpl$$anonfun$1.apply-VertexRDDImpl.scala-96-96=4
org/apache/spark/graphx/impl/VertexRDDImpl.vdTag-VertexRDDImpl.scala-30-30=4
org/apache/spark/graphx/impl/ShippableVertexPartition$ShippableVertexPartitionOpsConstructor$.toOps-ShippableVertexPartition.scala-85-85=2
org/apache/spark/status/api/v1/ShuffleReadMetrics.remoteBytesReadToDisk-api.scala-249-249=1133
org/apache/spark/graphx/impl/RoutingTablePartition$$anonfun$foreachWithinEdgePartition$1.apply$mcVI$sp-RoutingTablePartition.scala-136-136=2849
org/apache/spark/rdd/RDD.getNarrowAncestors-RDD.scala-320-335=1
org/apache/spark/graphx/impl/VertexRDDImpl$$anonfun$5.org$apache$spark$graphx$impl$VertexRDDImpl$$anonfun$$$outer-VertexRDDImpl.scala-215-215=2
org/apache/spark/graphx/impl/ShippableVertexPartitionOps.withValues-ShippableVertexPartition.scala-152-152=6
org/apache/spark/status/api/v1/TaskMetrics.memoryBytesSpilled-api.scala-228-228=1700
org/apache/spark/rdd/RDD.isCheckpointedAndMaterialized-RDD.scala-1677-1677=16
org/apache/spark/rdd/ZippedPartitionsRDD2.compute-ZippedPartitionsRDD.scala-88-89=4
org/apache/spark/graphx/impl/VertexPartitionBase.capacity-VertexPartitionBase.scala-69-69=8
org/apache/spark/rdd/ZippedPartitionsPartition.org$apache$spark$rdd$ZippedPartitionsPartition$$rdds-ZippedPartitionsRDD.scala-29-29=6
org/apache/spark/status/api/v1/OutputMetrics.recordsWritten-api.scala-242-242=1701
org/apache/spark/rdd/RDD.creationSite-RDD.scala-1734-1734=7
org/apache/spark/rdd/RDD$$anonfun$6.apply-RDD.scala-325-325=14
org/apache/spark/graphx/impl/ShippableVertexPartition$$anonfun$shipVertexAttributes$1.org$apache$spark$graphx$impl$ShippableVertexPartition$$anonfun$$$outer-ShippableVertexPartition.scala-116-116=5689
org/apache/spark/graphx/VertexRDD$$anonfun$3.apply-VertexRDD.scala-345-345=2
org/apache/spark/rdd/RDD.org$apache$spark$rdd$RDD$$dependencies_-RDD.scala-241-241=103
org/apache/spark/status/api/v1/TaskMetrics.executorCpuTime-api.scala-224-224=1621
org/apache/spark/graphx/impl/ShippableVertexPartition.capacity-ShippableVertexPartition.scala-69-69=8
org/apache/spark/graphx/impl/VertexPartitionBaseOps$$anonfun$aggregateUsingIndex$1.apply-VertexPartitionBaseOps.scala-221-221=1488
org/apache/spark/rdd/RDDOperationScope.toJson-RDDOperationScope.scala-52-52=17
org/apache/spark/graphx/impl/ShippableVertexPartition$$anonfun$shipVertexAttributes$1.apply-ShippableVertexPartition.scala-116-116=8
org/apache/spark/status/api/v1/InputMetrics.bytesRead-api.scala-237-237=1696
org/apache/spark/rdd/RDD.getPreferredLocations-RDD.scala-137-137=8
org/apache/spark/status/api/v1/ExecutorSummary.hostPort-api.scala-78-78=191
org/apache/spark/rdd/RDD.getOrCompute-RDD.scala-354-357=7
org/apache/spark/graphx/impl/ShippableVertexPartition$$anonfun$apply$6.apply-ShippableVertexPartition.scala-63-63=2000
org/apache/spark/graphx/impl/VertexRDDImpl$$anonfun$3.apply-VertexRDDImpl.scala-157-159=2
org/apache/spark/rdd/ZippedPartitionsRDD2.getPreferredLocations-ZippedPartitionsRDD.scala-70-70=4
org/apache/spark/status/api/v1/ShuffleWriteMetrics.bytesWritten-api.scala-254-254=1695
org/apache/spark/graphx/impl/ShippableVertexPartitionOps.aggregateUsingIndex-ShippableVertexPartition.scala-219-234=2
org/apache/spark/rdd/RDD.firstParent-RDD.scala-1763-1763=8
org/apache/spark/graphx/util/collection/GraphXPrimitiveKeyOpenHashMap._values_$eq-GraphXPrimitiveKeyOpenHashMap.scala-34-34=8
org/apache/spark/graphx/impl/ShippableVertexPartition.isDefined-ShippableVertexPartition.scala-77-76=2845
org/apache/spark/rdd/RDDOperationScope.name-RDDOperationScope.scala-47-47=16
org/apache/spark/rdd/RDD$$anonfun$5.apply-RDD.scala-324-324=14
org/apache/spark/rdd/RDD.name-RDD.scala-153-153=7
org/apache/spark/graphx/impl/ShippableVertexPartition.routingTable-ShippableVertexPartition.scala-101-101=18
org/apache/spark/rdd/RDD$$anonfun$dependencies$2.apply-RDD.scala-252-252=51
org/apache/spark/rdd/RDD.computeOrReadCheckpoint-RDD.scala-343-343=15
org/apache/spark/rdd/ZippedPartitionsRDD2.rdd2-ZippedPartitionsRDD.scala-83-83=3
org/apache/spark/graphx/GraphOps$$anonfun$degreesRDD$2.apply$mcIII$sp-GraphOps.scala-73-73=500
org/apache/spark/graphx/impl/RoutingTablePartition$$anonfun$iterator$1.apply-RoutingTablePartition.scala-111-111=8
org/apache/spark/status/api/v1/RDDPartitionInfo.executors-api.scala-161-161=3
org/apache/spark/status/api/v1/TaskMetrics.outputMetrics-api.scala-232-232=3399
org/apache/spark/graphx/impl/RoutingTablePartition.iterator-RoutingTablePartition.scala-111-111=2
org/apache/spark/graphx/util/collection/GraphXPrimitiveKeyOpenHashMap$$anonfun$2.apply$mcVII$sp-GraphXPrimitiveKeyOpenHashMap.scala-151-151=1348
org/apache/spark/util/JsonProtocol$$anonfun$rddInfoToJson$8.apply-JsonProtocol.scala-445-445=34
org/apache/spark/rdd/ZippedPartitionsPartition$$anonfun$writeObject$1.org$apache$spark$rdd$ZippedPartitionsPartition$$anonfun$$$outer-ZippedPartitionsRDD.scala-38-38=14
org/apache/spark/rdd/RDD.preferredLocations-RDD.scala-296-296=12
org/apache/spark/graphx/impl/VertexPartitionBaseOps.leftJoin-VertexPartitionBaseOps.scala-130-130=2
org/apache/spark/graphx/impl/RoutingTablePartition$$anonfun$fromMsgs$1.apply-RoutingTablePartition.scala-68-68=2000
org/apache/spark/util/JsonProtocol$$anonfun$rddInfoToJson$1.apply-JsonProtocol.scala-437-437=34
org/apache/spark/graphx/util/collection/GraphXPrimitiveKeyOpenHashMap.keySet$mcJ$sp-GraphXPrimitiveKeyOpenHashMap.scala-34-34=4
org/apache/spark/status/api/v1/TaskMetrics.resultSerializationTime-api.scala-227-227=1146
org/apache/spark/graphx/impl/ShippableVertexPartition.apply-ShippableVertexPartition.scala-74-74=2850
org/apache/spark/rdd/RDD.getStorageLevel-RDD.scala-223-223=23
org/apache/spark/graphx/util/collection/GraphXPrimitiveKeyOpenHashMap.keySet-GraphXPrimitiveKeyOpenHashMap.scala-34-34=3004
org/apache/spark/graphx/impl/ShippableVertexPartition$.apply-ShippableVertexPartition.scala-57-67=2
org/apache/spark/rdd/RDD.sparkContext-RDD.scala-147-147=1
org/apache/spark/rdd/InputFileBlockHolder$.initialize-InputFileBlockHolder.scala-92-92=2
org/apache/spark/graphx/impl/VertexPartitionBase.apply-VertexPartitionBase.scala-74-74=2858
org/apache/spark/graphx/lib/PageRank$$anonfun$2.apply$mcDJI$sp-PageRank.scala-128-128=1000
org/apache/spark/graphx/lib/PageRank$$anonfun$2.apply-PageRank.scala-127-127=1999
org/apache/spark/util/JsonProtocol$$anonfun$rddInfoToJson$3.apply-JsonProtocol.scala-439-439=36
org/apache/spark/graphx/impl/VertexRDDImpl$$anonfun$5$$anonfun$apply$5.apply-VertexRDDImpl.scala-216-216=4
org/apache/spark/rdd/RDD.checkpointData-RDD.scala-1751-1751=126
org/apache/spark/status/api/v1/TaskMetrics.executorDeserializeTime-api.scala-221-221=1304
org/apache/spark/rdd/ZippedPartitionsPartition.partitionValues-ZippedPartitionsRDD.scala-34-34=4
org/apache/spark/graphx/impl/ShippableVertexPartition.mask-ShippableVertexPartition.scala-100-100=5850
org/apache/spark/graphx/impl/ShippableVertexPartition$$anonfun$shipVertexAttributes$1.apply-ShippableVertexPartition.scala-117-128=8
org/apache/spark/rdd/RDD.partitions-RDD.scala-269-269=45
org/apache/spark/status/api/v1/ExecutorSummary.id-api.scala-77-77=191
org/apache/spark/rdd/RDD$$anonfun$7.apply-RDD.scala-357-357=6
org/apache/spark/graphx/GraphOps$$anonfun$degreesRDD$2.apply-GraphOps.scala-73-73=1000
org/apache/spark/graphx/impl/VertexPartitionBaseOps.aggregateUsingIndex-VertexPartitionBaseOps.scala-219-234=2
org/apache/spark/status/api/v1/RDDStorageInfo.id-api.scala-132-132=382
org/apache/spark/rdd/RDD$$anonfun$org$apache$spark$rdd$RDD$$visit$1$1.apply-RDD.scala-327-328=6
org/apache/spark/status/api/v1/OutputMetrics.bytesWritten-api.scala-241-241=1697
org/apache/spark/graphx/impl/ShippableVertexPartition$.apply-ShippableVertexPartition.scala-47-47=2
org/apache/spark/graphx/impl/ShippableVertexPartitionOps.leftJoin-ShippableVertexPartition.scala-130-130=2
org/apache/spark/status/api/v1/TaskMetrics.resultSize-api.scala-225-225=1145
org/apache/spark/rdd/ZippedPartitionsRDD2.rdd1-ZippedPartitionsRDD.scala-82-82=4
org/apache/spark/graphx/VertexRDD$$anonfun$createRoutingTables$1.apply-VertexRDD.scala-362-362=4
org/apache/spark/graphx/util/collection/GraphXPrimitiveKeyOpenHashMap.changeValue-GraphXPrimitiveKeyOpenHashMap.scala-103-102=2000
org/apache/spark/rdd/ZippedPartitionsPartition.index-ZippedPartitionsRDD.scala-33-33=11
org/apache/spark/status/api/v1/ShuffleReadMetrics.localBlocksFetched-api.scala-246-246=1138
org/apache/spark/graphx/impl/RoutingTablePartition$.org$apache$spark$graphx$impl$RoutingTablePartition$$positionFromMessage-RoutingTablePartition.scala-41-41=2000
org/apache/spark/graphx/util/collection/GraphXPrimitiveKeyOpenHashMap._values-GraphXPrimitiveKeyOpenHashMap.scala-34-34=5358
org/apache/spark/graphx/impl/VertexRDDImpl$$anonfun$3.apply-VertexRDDImpl.scala-156-156=2
org/apache/spark/rdd/RDD.id-RDD.scala-150-150=98
org/apache/spark/rdd/RDD.scope-RDD.scala-1743-1743=7
org/apache/spark/util/JsonProtocol$$anonfun$rddInfoToJson$5.apply-JsonProtocol.scala-440-440=34
org/apache/spark/status/api/v1/ShuffleWriteMetrics.writeTime-api.scala-255-255=1133
org/apache/spark/status/api/v1/TaskMetrics.peakExecutionMemory-api.scala-230-230=1143
org/apache/spark/graphx/impl/RoutingTablePartition$$anonfun$foreachWithinEdgePartition$1.apply-RoutingTablePartition.scala-136-136=5700
org/apache/spark/graphx/impl/RoutingTablePartition$.fromMsgs-RoutingTablePartition.scala-65-77=2
org/apache/spark/status/api/v1/StageData.stageId-api.scala-165-165=470
org/apache/spark/graphx/impl/ShippableVertexPartitionOps.withMask-ShippableVertexPartition.scala-152-152=2
org/apache/spark/graphx/impl/RoutingTablePartition$$anonfun$fromMsgs$1.apply-RoutingTablePartition.scala-69-74=2000
org/apache/spark/rdd/RDD.elementClassTag-RDD.scala-1749-1749=8
org/apache/spark/graphx/VertexRDD$$anonfun$3.apply-VertexRDD.scala-347-348=2
org/apache/spark/graphx/impl/VertexPartitionBaseOps.org$apache$spark$internal$Logging$$log__$eq-VertexPartitionBaseOps.scala-34-34=8
org/apache/spark/status/api/v1/ShuffleReadMetrics.recordsRead-api.scala-251-251=1697
org/apache/spark/rdd/RDD$$anonfun$org$apache$spark$rdd$RDD$$visit$1$1.apply-RDD.scala-326-326=6
org/apache/spark/rdd/ZippedPartitionsPartition.partitionValues_$eq-ZippedPartitionsRDD.scala-34-34=6
org/apache/spark/graphx/impl/ShippableVertexPartition$ShippableVertexPartitionOpsConstructor$.toOps-ShippableVertexPartition.scala-88-88=2
org/apache/spark/graphx/impl/VertexPartitionBase.isDefined-VertexPartitionBase.scala-77-76=2851
org/apache/spark/rdd/RDD$$anonfun$preferredLocations$2.apply-RDD.scala-297-297=12
org/apache/spark/graphx/impl/ShippableVertexPartition.index-ShippableVertexPartition.scala-98-98=9195
org/apache/spark/graphx/util/collection/GraphXPrimitiveKeyOpenHashMap.move-GraphXPrimitiveKeyOpenHashMap.scala-150-150=1000
org/apache/spark/rdd/RDD.org$apache$spark$rdd$RDD$$visit$1-RDD.scala-323-326=7
org/apache/spark/rdd/RDD.isBarrier-RDD.scala-1931-1931=2
org/apache/spark/graphx/lib/PageRank$$anonfun$8.apply-PageRank.scala-123-123=2000
org/apache/spark/graphx/impl/VertexRDDImpl$$anonfun$5.apply-VertexRDDImpl.scala-215-215=2
org/apache/spark/rdd/ZippedPartitionsPartition$$anonfun$writeObject$1$$anonfun$apply$mcV$sp$1.apply-ZippedPartitionsRDD.scala-40-40=28
org/apache/spark/rdd/ZippedPartitionsPartition.preferredLocations-ZippedPartitionsRDD.scala-30-30=4
org/apache/spark/rdd/ZippedPartitionsBaseRDD.getPreferredLocations-ZippedPartitionsRDD.scala-70-70=4
org/apache/spark/rdd/RDD.iterator-RDD.scala-307-307=17
org/apache/spark/rdd/ZippedPartitionsPartition.partitions-ZippedPartitionsRDD.scala-35-35=4
org/apache/spark/graphx/impl/ShippableVertexPartition.shipVertexAttributes-ShippableVertexPartition.scala-116-116=2
org/apache/spark/util/JsonProtocol$$anonfun$rddInfoToJson$7.apply-JsonProtocol.scala-444-444=34
org/apache/spark/graphx/impl/RoutingTablePartition$.org$apache$spark$graphx$impl$RoutingTablePartition$$toBitSet-RoutingTablePartition.scala-84-92=8
org/apache/spark/util/JsonProtocol$$anonfun$rddInfoToJson$2.apply-JsonProtocol.scala-437-437=35
org/apache/spark/status/api/v1/ShuffleReadMetrics.remoteBytesRead-api.scala-248-248=1698
org/apache/spark/graphx/impl/RoutingTablePartition.numEdgePartitions-RoutingTablePartition.scala-105-105=2
org/apache/spark/rdd/InputFileBlockHolder$.unset-InputFileBlockHolder.scala-86-86=4
org/apache/spark/graphx/lib/PageRank$$anonfun$8$$anonfun$apply$1.apply$mcI$sp-PageRank.scala-123-123=12
org/apache/spark/status/api/v1/TaskMetrics.executorRunTime-api.scala-223-223=1615
org/apache/spark/status/api/v1/TaskMetrics.inputMetrics-api.scala-231-231=3392
org/apache/spark/util/JsonProtocol$$anonfun$rddInfoToJson$6.apply-JsonProtocol.scala-443-443=32
org/apache/spark/rdd/ShuffledRDDPartition.index-ShuffledRDD.scala-27-27=16
org/apache/spark/graphx/impl/RoutingTablePartition.foreachWithinEdgePartition-RoutingTablePartition.scala-127-127=8
org/apache/spark/status/api/v1/RDDPartitionInfo.diskUsed-api.scala-160-160=4
org/apache/spark/graphx/impl/RoutingTablePartition$.org$apache$spark$graphx$impl$RoutingTablePartition$$pidFromMessage-RoutingTablePartition.scala-40-40=2000
org/apache/spark/status/api/v1/TaskMetrics.executorDeserializeCpuTime-api.scala-222-222=1143
org/apache/spark/rdd/RDD.dependencies-RDD.scala-252-252=49
org/apache/spark/graphx/impl/ShippableVertexPartitionOps.map-ShippableVertexPartition.scala-58-64=2
org/apache/spark/status/api/v1/ShuffleReadMetrics.fetchWaitTime-api.scala-247-247=1133
org/apache/spark/rdd/MapPartitionsRDD.isBarrier_-MapPartitionsRDD.scala-60-60=2
org/apache/spark/rdd/RDD$$anonfun$mapPartitions$1$$anonfun$apply$23.apply-RDD.scala-823-823=16
org/apache/spark/status/api/v1/TaskMetrics.shuffleReadMetrics-api.scala-233-233=9638
org/apache/spark/status/api/v1/RDDPartitionInfo.memoryUsed-api.scala-159-159=4
org/apache/spark/status/api/v1/ShuffleReadMetrics.remoteBlocksFetched-api.scala-245-245=1142
org/apache/spark/status/api/v1/ShuffleWriteMetrics.recordsWritten-api.scala-256-256=1694
org/apache/spark/status/api/v1/TaskMetrics.diskBytesSpilled-api.scala-229-229=1696
org/apache/spark/graphx/impl/ShippableVertexPartition$$anonfun$apply$6$$anonfun$apply$8.apply-ShippableVertexPartition.scala-64-64=1000
org/apache/spark/graphx/impl/RoutingTablePartition$.org$apache$spark$graphx$impl$RoutingTablePartition$$vidFromMessage-RoutingTablePartition.scala-39-39=2000
org/apache/spark/rdd/RDD$$anonfun$partitions$2.apply-RDD.scala-269-269=47
org/apache/spark/rdd/RDDOperationScope.id-RDDOperationScope.scala-49-49=16
org/apache/spark/rdd/RDD$$anonfun$4.apply-RDD.scala-323-323=18
org/apache/spark/graphx/impl/VertexRDDImpl$$anonfun$5.apply-VertexRDDImpl.scala-216-216=2
org/apache/spark/util/JsonProtocol$$anonfun$rddInfoToJson$4$$anonfun$apply$19.apply-JsonProtocol.scala-439-439=34
org/apache/spark/rdd/InputFileBlockHolder$$anon$1.initialValue-InputFileBlockHolder.scala-53-53=2
org/apache/spark/rdd/RDDOperationScope$.org$apache$spark$rdd$RDDOperationScope$$jsonMapper-RDDOperationScope.scala-82-82=16
org/apache/spark/util/JsonProtocol$$anonfun$rddInfoToJson$9.apply-JsonProtocol.scala-446-446=34
org/apache/spark/graphx/impl/GraphImpl$$anonfun$mapVertices$1.apply-GraphImpl.scala-137-137=4
org/apache/spark/util/JsonProtocol$$anonfun$rddInfoToJson$4.apply-JsonProtocol.scala-439-439=30
org/apache/spark/status/api/v1/ShuffleReadMetrics.localBytesRead-api.scala-250-250=1691
org/apache/spark/graphx/util/collection/GraphXPrimitiveKeyOpenHashMap$$anonfun$1.apply$mcVI$sp-GraphXPrimitiveKeyOpenHashMap.scala-146-147=8
org/apache/spark/graphx/impl/ShippableVertexPartition$$anonfun$apply$6$$anonfun$apply$7.apply-ShippableVertexPartition.scala-64-64=1000
org/apache/spark/rdd/MapPartitionsRDD.compute-MapPartitionsRDD.scala-52-52=8
org/apache/spark/rdd/RDD$$anonfun$getNarrowAncestors$1.apply-RDD.scala-335-335=12
org/apache/spark/graphx/impl/ShippableVertexPartition$$anonfun$shipVertexAttributes$1$$anonfun$apply$1.apply$mcVJ$sp-ShippableVertexPartition.scala-122-126=2851
org/apache/spark/graphx/util/collection/GraphXPrimitiveKeyOpenHashMap._oldValues_$eq-GraphXPrimitiveKeyOpenHashMap.scala-57-57=8
org/apache/spark/graphx/impl/VertexPartitionBaseOps$$anonfun$aggregateUsingIndex$1.apply-VertexPartitionBaseOps.scala-222-221=1488
org/apache/spark/rdd/RDDOperationScope.parent-RDDOperationScope.scala-48-48=15
org/apache/spark/rdd/RDD$$anon$1.next-RDD.scala-367-368=2
org/apache/spark/status/api/v1/JobData.jobId-api.scala-110-110=97
org/apache/spark/status/api/v1/TaskMetrics.jvmGcTime-api.scala-226-226=1147
org/apache/spark/graphx/impl/ShippableVertexPartition$.shippablePartitionToOps-ShippableVertexPartition.scala-77-77=8
org/apache/spark/graphx/impl/RoutingTablePartition$$anonfun$1.apply-RoutingTablePartition.scala-65-65=4
org/apache/spark/graphx/impl/RoutingTablePartition$$anonfun$3.apply-RoutingTablePartition.scala-67-67=4
org/apache/spark/graphx/util/collection/GraphXPrimitiveKeyOpenHashMap._oldValues-GraphXPrimitiveKeyOpenHashMap.scala-57-57=1348
org/apache/spark/graphx/impl/VertexPartitionBaseOps.map-VertexPartitionBaseOps.scala-58-64=2
org/apache/spark/graphx/impl/RoutingTablePartition$$anonfun$2.apply-RoutingTablePartition.scala-66-66=4
org/apache/spark/rdd/ShuffledRDD.compute-ShuffledRDD.scala-103-105=3
org/apache/spark/graphx/lib/PageRank$$anonfun$8$$anonfun$apply$1.apply-PageRank.scala-123-123=12
org/apache/spark/graphx/impl/ShippableVertexPartition.values-ShippableVertexPartition.scala-99-99=5838
