org/apache/spark/rdd/RDD.doCheckpoint-RDD.scala-1800-1800=2
org/apache/spark/rdd/MapPartitionsRDD.partitioner-MapPartitionsRDD.scala-47-47=3
org/apache/spark/rdd/ZippedPartitionsPartition$$anonfun$writeObject$1.apply-ZippedPartitionsRDD.scala-38-38=24
org/apache/spark/graphx/impl/VertexRDDImpl.getPreferredLocations-VertexRDDImpl.scala-40-40=2
org/apache/spark/rdd/RDD.getNumPartitions-RDD.scala-289-289=13
org/apache/spark/rdd/RDD.org$apache$spark$rdd$RDD$$partitions_-RDD.scala-242-242=720
org/apache/spark/graphx/impl/ShippableVertexPartition.size-ShippableVertexPartition.scala-71-71=2
org/apache/spark/rdd/RDD.org$apache$spark$rdd$RDD$$sc-RDD.scala-89-100=72
org/apache/spark/rdd/RDD$.rddToPairRDDFunctions-RDD.scala-2016-2016=2
org/apache/spark/status/api/v1/InputMetrics.recordsRead-api.scala-238-238=249
org/apache/spark/graphx/impl/VertexRDDImpl$$anonfun$count$2.apply-VertexRDDImpl.scala-90-90=4
org/apache/spark/status/api/v1/TaskMetrics.shuffleWriteMetrics-api.scala-234-234=608
org/apache/spark/status/api/v1/StageData.attemptId-api.scala-166-166=129
org/apache/spark/rdd/RDD$.CHECKPOINT_ALL_MARKED_ANCESTORS-RDD.scala-2006-2006=9
org/apache/spark/rdd/ZippedPartitionsPartition$$anonfun$writeObject$1.apply$mcV$sp-ZippedPartitionsRDD.scala-40-41=24
org/apache/spark/graphx/impl/VertexRDDImpl.vdTag-VertexRDDImpl.scala-30-30=1
org/apache/spark/status/api/v1/ShuffleReadMetrics.remoteBytesReadToDisk-api.scala-249-249=110
org/apache/spark/rdd/RDD.getNarrowAncestors-RDD.scala-320-335=15
org/apache/spark/graphx/impl/VertexRDDImpl$$anonfun$count$1.apply$mcJJJ$sp-VertexRDDImpl.scala-90-90=4
org/apache/spark/status/api/v1/TaskMetrics.memoryBytesSpilled-api.scala-228-228=249
org/apache/spark/rdd/RDD.isCheckpointedAndMaterialized-RDD.scala-1677-1677=2
org/apache/spark/rdd/ZippedPartitionsRDD2.getPartitions-ZippedPartitionsRDD.scala-55-57=2
org/apache/spark/rdd/RDD.isBarrier_-RDD.scala-1935-1935=2
org/apache/spark/rdd/RDD$$anonfun$mapPartitions$1.apply-RDD.scala-819-819=3
org/apache/spark/rdd/RDD.org$apache$spark$rdd$RDD$$doCheckpointCalled-RDD.scala-1792-1792=2
org/apache/spark/graphx/impl/VertexRDDImpl.diff-VertexRDDImpl.scala-136-149=1
org/apache/spark/rdd/ZippedPartitionsPartition.org$apache$spark$rdd$ZippedPartitionsPartition$$rdds-ZippedPartitionsRDD.scala-29-29=24
org/apache/spark/status/api/v1/OutputMetrics.recordsWritten-api.scala-242-242=249
org/apache/spark/rdd/RDD.creationSite-RDD.scala-1734-1734=232
org/apache/spark/rdd/RDD$$anonfun$isBarrier_$2.apply-RDD.scala-1936-1936=2
org/apache/spark/rdd/RDD$$anonfun$6.apply-RDD.scala-325-325=472
org/apache/spark/rdd/RDD.org$apache$spark$rdd$RDD$$dependencies_-RDD.scala-241-241=1786
org/apache/spark/status/api/v1/TaskMetrics.executorCpuTime-api.scala-224-224=239
org/apache/spark/graphx/impl/EdgeRDDImpl.withPartitionsRDD-EdgeRDDImpl.scala-131-131=1
org/apache/spark/graphx/impl/VertexRDDImpl$$anonfun$count$1.apply-VertexRDDImpl.scala-90-90=8
org/apache/spark/rdd/RDDOperationScope.toJson-RDDOperationScope.scala-52-52=252
org/apache/spark/rdd/RDD$$anonfun$isBarrier_$1.apply-RDD.scala-1936-1936=2
org/apache/spark/rdd/ZippedPartitionsBaseRDD$$anonfun$getPartitions$3$$anonfun$3.apply-ZippedPartitionsRDD.scala-63-63=8
org/apache/spark/status/api/v1/InputMetrics.bytesRead-api.scala-237-237=249
org/apache/spark/graphx/impl/ReplicatedVertexView.edges-ReplicatedVertexView.scala-34-34=4
org/apache/spark/rdd/RDD.getPreferredLocations-RDD.scala-137-137=8
org/apache/spark/status/api/v1/ExecutorSummary.hostPort-api.scala-78-78=188
org/apache/spark/rdd/RDD$$anonfun$zipPartitions$1.apply-RDD.scala-931-931=2
org/apache/spark/rdd/PairRDDFunctions.org$apache$spark$internal$Logging$$log__$eq-PairRDDFunctions.scala-49-49=2
org/apache/spark/rdd/RDD$$anonfun$doCheckpoint$1.apply-RDD.scala-1801-1801=2
org/apache/spark/rdd/ZippedPartitionsPartition$$anonfun$1.apply-ZippedPartitionsRDD.scala-34-34=16
org/apache/spark/graphx/impl/EdgeRDDImpl.partitionsRDD-EdgeRDDImpl.scala-28-28=4
org/apache/spark/rdd/MapPartitionsRDD$$anonfun$isBarrier_$1.apply-MapPartitionsRDD.scala-60-60=4
org/apache/spark/rdd/RDD.getOrCompute-RDD.scala-354-357=2
org/apache/spark/rdd/ZippedPartitionsRDD2.getPreferredLocations-ZippedPartitionsRDD.scala-70-70=4
org/apache/spark/status/api/v1/ShuffleWriteMetrics.bytesWritten-api.scala-254-254=249
org/apache/spark/rdd/ZippedPartitionsBaseRDD$$anonfun$$lessinit$greater$1.apply-ZippedPartitionsRDD.scala-49-49=8
org/apache/spark/rdd/RDD.context-RDD.scala-1772-1772=11
org/apache/spark/rdd/PairRDDFunctions$$anonfun$partitionBy$1.apply-PairRDDFunctions.scala-529-529=1
org/apache/spark/rdd/RDD.firstParent-RDD.scala-1763-1763=7
org/apache/spark/rdd/RDDOperationScope$.withScope-RDDOperationScope.scala-134-155=10
org/apache/spark/graphx/GraphOps.numVertices-GraphOps.scala-41-41=1
org/apache/spark/rdd/RDD.persist-RDD.scala-189-189=2
org/apache/spark/rdd/RDD.org$apache$spark$rdd$RDD$$stateLock-RDD.scala-237-237=14
org/apache/spark/rdd/ShuffledRDD.getPartitions-ShuffledRDD.scala-93-93=1
org/apache/spark/rdd/RDDOperationScope.name-RDDOperationScope.scala-47-47=446
org/apache/spark/rdd/RDD$$anonfun$5.apply-RDD.scala-324-324=472
org/apache/spark/rdd/RDD.name-RDD.scala-153-153=222
org/apache/spark/rdd/PairRDDFunctions.saveAsHadoopFile$default$6-PairRDDFunctions.scala-1032-1032=1
org/apache/spark/rdd/PairRDDFunctions.partitionBy-PairRDDFunctions.scala-529-529=1
org/apache/spark/rdd/RDD$$anonfun$dependencies$2.apply-RDD.scala-252-252=890
org/apache/spark/rdd/RDD.computeOrReadCheckpoint-RDD.scala-343-343=2
org/apache/spark/graphx/impl/VertexRDDImpl.targetStorageLevel-VertexRDDImpl.scala-29-29=4
org/apache/spark/status/api/v1/TaskMetrics.outputMetrics-api.scala-232-232=498
org/apache/spark/rdd/RDD.conf-RDD.scala-107-107=2
org/apache/spark/rdd/RDD$$anonfun$37.apply-RDD.scala-1744-1744=12
org/apache/spark/util/JsonProtocol$$anonfun$rddInfoToJson$8.apply-JsonProtocol.scala-445-445=487
org/apache/spark/graphx/impl/VertexRDDImpl.cache-VertexRDDImpl.scala-27-27=2
org/apache/spark/graphx/VertexRDD.getPartitions-VertexRDD.scala-63-63=1
org/apache/spark/rdd/ZippedPartitionsPartition$$anonfun$writeObject$1.org$apache$spark$rdd$ZippedPartitionsPartition$$anonfun$$$outer-ZippedPartitionsRDD.scala-38-38=48
org/apache/spark/rdd/RDDOperationScope$.withScope$default$2-RDDOperationScope.scala-101-101=11
org/apache/spark/rdd/RDD.preferredLocations-RDD.scala-296-296=16
org/apache/spark/rdd/RDDOperationScope$$anonfun$3.apply-RDDOperationScope.scala-106-106=22
org/apache/spark/graphx/impl/VertexRDDImpl.count-VertexRDDImpl.scala-90-90=1
org/apache/spark/graphx/lib/PageRank$.runWithOptions-PageRank.scala-109-166=1
org/apache/spark/rdd/ZippedPartitionsBaseRDD.getPartitions-ZippedPartitionsRDD.scala-55-57=2
org/apache/spark/rdd/RDD.org$apache$spark$rdd$RDD$$dependencies__$eq-RDD.scala-241-241=6
org/apache/spark/rdd/ShuffledRDD.getPreferredLocations-ShuffledRDD.scala-97-99=2
org/apache/spark/graphx/impl/VertexRDDImpl.getStorageLevel-VertexRDDImpl.scala-74-74=2
org/apache/spark/rdd/ShuffledRDD$$anonfun$1.apply-ShuffledRDD.scala-79-79=1
org/apache/spark/util/JsonProtocol$$anonfun$rddInfoToJson$1.apply-JsonProtocol.scala-437-437=488
org/apache/spark/rdd/ZippedPartitionsBaseRDD$$anonfun$getPartitions$3.apply-ZippedPartitionsRDD.scala-60-60=4
org/apache/spark/status/api/v1/TaskMetrics.resultSerializationTime-api.scala-227-227=110
org/apache/spark/rdd/RDD.getStorageLevel-RDD.scala-223-223=223
org/apache/spark/rdd/RDD$$anonfun$doCheckpoint$1$$anonfun$apply$mcV$sp$2.apply-RDD.scala-1813-1813=2
org/apache/spark/rdd/RDDOperationScope$$anonfun$1.apply-RDDOperationScope.scala-104-104=44
org/apache/spark/rdd/ShuffledRDD$$anonfun$getPartitions$1.apply-ShuffledRDD.scala-93-93=4
org/apache/spark/rdd/RDD.sparkContext-RDD.scala-147-147=2
org/apache/spark/rdd/InputFileBlockHolder$.initialize-InputFileBlockHolder.scala-92-92=1
org/apache/spark/util/JsonProtocol$$anonfun$rddInfoToJson$3.apply-JsonProtocol.scala-439-439=488
org/apache/spark/rdd/RDDOperationScope$.nextScopeId-RDDOperationScope.scala-90-90=8
org/apache/spark/rdd/RDD.checkpointData-RDD.scala-1751-1751=1263
org/apache/spark/status/api/v1/TaskMetrics.executorDeserializeTime-api.scala-221-221=126
org/apache/spark/rdd/ZippedPartitionsBaseRDD.rdds-ZippedPartitionsRDD.scala-47-47=12
org/apache/spark/rdd/RDD.org$apache$spark$internal$Logging$$log__$eq-RDD.scala-77-77=9
org/apache/spark/graphx/impl/ShippableVertexPartition.mask-ShippableVertexPartition.scala-100-100=2
org/apache/spark/rdd/RDD$$anonfun$zipPartitions$2.apply-RDD.scala-937-937=1
org/apache/spark/rdd/RDDOperationScope$.fromJson-RDDOperationScope.scala-86-86=13
org/apache/spark/rdd/RDD.partitions-RDD.scala-269-269=352
org/apache/spark/status/api/v1/ExecutorSummary.id-api.scala-77-77=188
org/apache/spark/graphx/lib/PageRank$.run-PageRank.scala-85-85=1
org/apache/spark/graphx/impl/ReplicatedVertexView.hasDstId-ReplicatedVertexView.scala-36-36=3
org/apache/spark/graphx/impl/VertexRDDImpl.withPartitionsRDD-VertexRDDImpl.scala-237-237=2
org/apache/spark/status/api/v1/RDDStorageInfo.id-api.scala-132-132=1107
org/apache/spark/rdd/RDD$$anonfun$org$apache$spark$rdd$RDD$$visit$1$1.apply-RDD.scala-327-328=204
org/apache/spark/rdd/MapPartitionsRDD$.$lessinit$greater$default$5-MapPartitionsRDD.scala-44-44=3
org/apache/spark/status/api/v1/OutputMetrics.bytesWritten-api.scala-241-241=249
org/apache/spark/rdd/ZippedPartitionsBaseRDD.partitioner-ZippedPartitionsRDD.scala-51-51=5
org/apache/spark/status/api/v1/TaskMetrics.resultSize-api.scala-225-225=110
org/apache/spark/graphx/impl/VertexRDDImpl.partitionsRDD-VertexRDDImpl.scala-28-28=16
org/apache/spark/graphx/impl/GraphImpl.vertices-GraphImpl.scala-36-36=4
org/apache/spark/rdd/ZippedPartitionsPartition.index-ZippedPartitionsRDD.scala-33-33=20
org/apache/spark/status/api/v1/ShuffleReadMetrics.localBlocksFetched-api.scala-246-246=110
org/apache/spark/rdd/RDDOperationScope$$anonfun$2.apply-RDDOperationScope.scala-105-105=66
org/apache/spark/rdd/RDD.id-RDD.scala-150-150=550
org/apache/spark/rdd/RDD.scope-RDD.scala-1743-1743=219
org/apache/spark/util/JsonProtocol$$anonfun$rddInfoToJson$5.apply-JsonProtocol.scala-440-440=488
org/apache/spark/status/api/v1/ShuffleWriteMetrics.writeTime-api.scala-255-255=110
org/apache/spark/status/api/v1/TaskMetrics.peakExecutionMemory-api.scala-230-230=110
org/apache/spark/rdd/MapPartitionsRDD$.$lessinit$greater$default$4-MapPartitionsRDD.scala-43-43=3
org/apache/spark/rdd/RDD.zipPartitions-RDD.scala-936-936=1
org/apache/spark/rdd/ZippedPartitionsBaseRDD$$anonfun$getPartitions$1.apply-ZippedPartitionsRDD.scala-56-56=8
org/apache/spark/status/api/v1/StageData.stageId-api.scala-165-165=129
org/apache/spark/rdd/ShuffledRDD.getDependencies-ShuffledRDD.scala-79-87=1
org/apache/spark/rdd/RDD.elementClassTag-RDD.scala-1749-1749=11
org/apache/spark/rdd/RDD$$anonfun$partitions$2$$anonfun$apply$3.apply-RDD.scala-274-274=32
org/apache/spark/rdd/RDD.withScope-RDD.scala-385-385=8
org/apache/spark/rdd/RDD$$anonfun$persist$1.apply-RDD.scala-176-176=2
org/apache/spark/status/api/v1/ShuffleReadMetrics.recordsRead-api.scala-251-251=249
org/apache/spark/rdd/ZippedPartitionsBaseRDD$$anonfun$getPartitions$3$$anonfun$2.apply-ZippedPartitionsRDD.scala-61-61=16
org/apache/spark/rdd/RDD$$anonfun$org$apache$spark$rdd$RDD$$visit$1$1.apply-RDD.scala-326-326=204
org/apache/spark/graphx/impl/GraphImpl.replicatedVertexView-GraphImpl.scala-37-37=1
org/apache/spark/rdd/ZippedPartitionsPartition.partitionValues_$eq-ZippedPartitionsRDD.scala-34-34=24
org/apache/spark/rdd/RDD$$anonfun$preferredLocations$2.apply-RDD.scala-297-297=16
org/apache/spark/graphx/impl/EdgeRDDImpl.partitioner-EdgeRDDImpl.scala-47-47=1
org/apache/spark/graphx/impl/VertexPartitionBase.size-VertexPartitionBase.scala-71-71=2
org/apache/spark/graphx/impl/ReplicatedVertexView.updateVertices-ReplicatedVertexView.scala-108-118=1
org/apache/spark/rdd/RDD.org$apache$spark$rdd$RDD$$visit$1-RDD.scala-323-326=219
org/apache/spark/rdd/ZippedPartitionsBaseRDD$$anonfun$getPartitions$3.apply-ZippedPartitionsRDD.scala-61-65=4
org/apache/spark/rdd/RDD.isBarrier-RDD.scala-1931-1931=47
org/apache/spark/rdd/ZippedPartitionsPartition$$anonfun$writeObject$1$$anonfun$apply$mcV$sp$1.apply-ZippedPartitionsRDD.scala-40-40=96
org/apache/spark/rdd/ZippedPartitionsPartition.preferredLocations-ZippedPartitionsRDD.scala-30-30=4
org/apache/spark/rdd/ZippedPartitionsBaseRDD.getPreferredLocations-ZippedPartitionsRDD.scala-70-70=4
org/apache/spark/rdd/RDD$$anonfun$fold$1$$anonfun$22.apply-RDD.scala-1141-1141=4
org/apache/spark/rdd/RDD.iterator-RDD.scala-307-307=4
org/apache/spark/graphx/impl/VertexRDDImpl.partitioner-VertexRDDImpl.scala-37-37=2
org/apache/spark/util/JsonProtocol$$anonfun$rddInfoToJson$7.apply-JsonProtocol.scala-444-444=488
org/apache/spark/rdd/RDDOperationScope$$anonfun$getAllScopes$2.apply-RDDOperationScope.scala-61-61=194
org/apache/spark/rdd/RDDOperationScope$.$lessinit$greater$default$2-RDDOperationScope.scala-48-48=2
org/apache/spark/graphx/GraphOps.staticPageRank-GraphOps.scala-424-424=1
org/apache/spark/rdd/RDDOperationScope.getAllScopes-RDDOperationScope.scala-61-61=194
org/apache/spark/rdd/RDD.fold-RDD.scala-1137-1137=1
org/apache/spark/rdd/ShuffledRDD.prev-ShuffledRDD.scala-42-42=1
org/apache/spark/util/JsonProtocol$$anonfun$rddInfoToJson$2.apply-JsonProtocol.scala-437-437=488
org/apache/spark/rdd/MapPartitionsRDD.getPartitions-MapPartitionsRDD.scala-49-49=3
org/apache/spark/status/api/v1/ShuffleReadMetrics.remoteBytesRead-api.scala-248-248=249
org/apache/spark/rdd/InputFileBlockHolder$.unset-InputFileBlockHolder.scala-86-86=2
org/apache/spark/rdd/HadoopRDD$.addLocalConfiguration-HadoopRDD.scala-401-408=1
org/apache/spark/rdd/RDD$$anonfun$fold$1$$anonfun$23.apply-RDD.scala-1142-1142=4
org/apache/spark/status/api/v1/TaskMetrics.executorRunTime-api.scala-223-223=240
org/apache/spark/status/api/v1/TaskMetrics.inputMetrics-api.scala-231-231=498
org/apache/spark/util/JsonProtocol$$anonfun$rddInfoToJson$6.apply-JsonProtocol.scala-443-443=488
org/apache/spark/rdd/PairRDDFunctions.valueClass-PairRDDFunctions.scala-1113-1113=1
org/apache/spark/rdd/ShuffledRDDPartition.index-ShuffledRDD.scala-27-27=4
org/apache/spark/rdd/RDD.org$apache$spark$rdd$RDD$$partitions__$eq-RDD.scala-242-242=8
org/apache/spark/graphx/impl/ReplicatedVertexView.hasSrcId-ReplicatedVertexView.scala-35-35=3
org/apache/spark/rdd/RDD.isLocallyCheckpointed-RDD.scala-1684-1684=2
org/apache/spark/graphx/impl/VertexRDDImpl.mapVertexPartitions-VertexRDDImpl.scala-96-97=1
org/apache/spark/graphx/impl/GraphImpl.mapVertices-GraphImpl.scala-127-127=1
org/apache/spark/status/api/v1/TaskMetrics.executorDeserializeCpuTime-api.scala-222-222=110
org/apache/spark/rdd/RDD.dependencies-RDD.scala-252-252=890
org/apache/spark/rdd/PairRDDFunctions.keyClass-PairRDDFunctions.scala-1111-1111=2
org/apache/spark/status/api/v1/ShuffleReadMetrics.fetchWaitTime-api.scala-247-247=110
org/apache/spark/rdd/MapPartitionsRDD.isBarrier_-MapPartitionsRDD.scala-60-60=45
org/apache/spark/rdd/ZippedPartitionsRDD2.partitioner-ZippedPartitionsRDD.scala-51-51=5
org/apache/spark/graphx/impl/EdgeRDDImpl.targetStorageLevel-EdgeRDDImpl.scala-29-29=1
org/apache/spark/rdd/PairRDDFunctions.saveAsHadoopFile$default$5-PairRDDFunctions.scala-1031-1031=1
org/apache/spark/rdd/RDD.zipPartitions-RDD.scala-930-930=2
org/apache/spark/rdd/RDD.mapPartitions$default$2-RDD.scala-819-819=2
org/apache/spark/rdd/RDD$$anonfun$map$1$$anonfun$apply$5.apply-RDD.scala-394-394=4
org/apache/spark/status/api/v1/TaskMetrics.shuffleReadMetrics-api.scala-233-233=1187
org/apache/spark/rdd/RDD$$anonfun$fold$1.apply-RDD.scala-1139-1144=1
org/apache/spark/status/api/v1/ShuffleReadMetrics.remoteBlocksFetched-api.scala-245-245=110
org/apache/spark/graphx/EdgeRDD.getPartitions-EdgeRDD.scala-47-47=1
org/apache/spark/status/api/v1/ShuffleWriteMetrics.recordsWritten-api.scala-256-256=249
org/apache/spark/rdd/ShuffledRDD.org$apache$spark$rdd$ShuffledRDD$$mapSideCombine-ShuffledRDD.scala-52-52=2
org/apache/spark/status/api/v1/TaskMetrics.diskBytesSpilled-api.scala-229-229=249
org/apache/spark/rdd/ZippedPartitionsRDD2.rdds-ZippedPartitionsRDD.scala-47-47=12
org/apache/spark/rdd/RDD.mapPartitions-RDD.scala-819-819=3
org/apache/spark/rdd/RDD$$anonfun$partitions$2.apply-RDD.scala-269-269=352
org/apache/spark/rdd/RDDOperationScope.id-RDDOperationScope.scala-49-49=446
org/apache/spark/rdd/RDD$$anonfun$4.apply-RDD.scala-323-323=584
org/apache/spark/util/JsonProtocol$$anonfun$rddInfoToJson$4$$anonfun$apply$19.apply-JsonProtocol.scala-439-439=488
org/apache/spark/rdd/InputFileBlockHolder$$anon$1.initialValue-InputFileBlockHolder.scala-53-53=1
org/apache/spark/rdd/RDD.name_$eq-RDD.scala-153-153=4
org/apache/spark/rdd/RDDOperationScope$.org$apache$spark$rdd$RDDOperationScope$$jsonMapper-RDDOperationScope.scala-82-82=265
org/apache/spark/graphx/impl/EdgeRDDImpl$$anonfun$1.apply-EdgeRDDImpl.scala-48-48=1
org/apache/spark/rdd/RDDOperationScope$.withScope-RDDOperationScope.scala-102-112=8
org/apache/spark/util/JsonProtocol$$anonfun$rddInfoToJson$9.apply-JsonProtocol.scala-446-446=487
org/apache/spark/util/JsonProtocol$$anonfun$rddInfoToJson$4.apply-JsonProtocol.scala-439-439=488
org/apache/spark/status/api/v1/ShuffleReadMetrics.localBytesRead-api.scala-250-250=249
org/apache/spark/rdd/MapPartitionsRDD.compute-MapPartitionsRDD.scala-52-52=2
org/apache/spark/rdd/RDDOperationScope$$anonfun$5.apply-RDDOperationScope.scala-137-137=14
org/apache/spark/rdd/RDD$$anonfun$doCheckpoint$1.apply$mcV$sp-RDD.scala-1801-1801=2
org/apache/spark/rdd/RDD$$anonfun$getNarrowAncestors$1.apply-RDD.scala-335-335=408
org/apache/spark/rdd/RDD.org$apache$spark$rdd$RDD$$doCheckpointCalled_$eq-RDD.scala-1792-1792=1
org/apache/spark/rdd/RDD.setName-RDD.scala-157-158=4
org/apache/spark/rdd/RDDOperationScope.parent-RDDOperationScope.scala-48-48=446
org/apache/spark/rdd/RDD$$anon$1.next-RDD.scala-367-368=2
org/apache/spark/status/api/v1/JobData.jobId-api.scala-110-110=13
org/apache/spark/status/api/v1/TaskMetrics.jvmGcTime-api.scala-226-226=110
org/apache/spark/graphx/impl/VertexRDDImpl.shipVertexAttributes-VertexRDDImpl.scala-247-247=1
org/apache/spark/rdd/RDD.getDependencies-RDD.scala-132-132=5
org/apache/spark/rdd/RDDOperationScope$.$lessinit$greater$default$3-RDDOperationScope.scala-49-49=8
