org/apache/spark/status/api/v1/OutputMetrics.bytesWritten-api.scala-241-241=994
org/apache/spark/graphx/impl/EdgePartition$mcI$sp.updateVertices-EdgePartition.scala-86-86=2
org/apache/spark/status/api/v1/TaskMetrics.resultSize-api.scala-225-225=717
org/apache/spark/rdd/CoalescedRDDPartition.parents_$eq-CoalescedRDD.scala-42-42=2
org/apache/spark/graphx/impl/EdgeRDDImpl$$anonfun$mapEdgePartitions$1.apply-EdgeRDDImpl.scala-120-120=6
org/apache/spark/graphx/util/collection/GraphXPrimitiveKeyOpenHashMap.size-GraphXPrimitiveKeyOpenHashMap.scala-59-59=2
org/apache/spark/rdd/ZippedPartitionsPartition$$anonfun$writeObject$1.apply-ZippedPartitionsRDD.scala-38-38=4
org/apache/spark/rdd/ZippedPartitionsRDD2.rdd1-ZippedPartitionsRDD.scala-82-82=4
org/apache/spark/graphx/util/collection/GraphXPrimitiveKeyOpenHashMap$mcJI$sp.apply$mcJI$sp-GraphXPrimitiveKeyOpenHashMap.scala-63-64=2976
org/apache/spark/graphx/impl/EdgeRDDImpl$$anonfun$mapEdgePartitions$1.apply-EdgeRDDImpl.scala-119-119=6
org/apache/spark/graphx/lib/PageRank$$anonfun$3.apply$mcDDD$sp-PageRank.scala-141-141=62883
org/apache/spark/rdd/RDD.org$apache$spark$rdd$RDD$$partitions_-RDD.scala-242-242=74
org/apache/spark/graphx/impl/EdgePartition.map-EdgePartition.scala-182-189=2
org/apache/spark/rdd/ZippedPartitionsPartition.index-ZippedPartitionsRDD.scala-33-33=10
org/apache/spark/status/api/v1/ShuffleReadMetrics.localBlocksFetched-api.scala-246-246=738
org/apache/spark/graphx/Edge.srcId_$eq-Edge.scala-33-33=64196
org/apache/spark/graphx/impl/EdgePartition$$anon$2.hasNext-EdgePartition.scala-352-352=64211
org/apache/spark/graphx/impl/GraphImpl$$anonfun$7.apply-GraphImpl.scala-154-154=2
org/apache/spark/rdd/RDD.id-RDD.scala-150-150=94
org/apache/spark/rdd/RDD.scope-RDD.scala-1743-1743=12
org/apache/spark/graphx/impl/EdgePartition$$anon$2.map-EdgePartition.scala-349-349=2
org/apache/spark/graphx/impl/EdgePartition.withData-EdgePartition.scala-72-72=2
org/apache/spark/status/api/v1/InputMetrics.recordsRead-api.scala-238-238=1009
org/apache/spark/rdd/ZippedPartitionsRDD2.f-ZippedPartitionsRDD.scala-81-81=4
org/apache/spark/graphx/impl/EdgePartition.tripletIterator-EdgePartition.scala-349-349=2
org/apache/spark/util/JsonProtocol$$anonfun$rddInfoToJson$5.apply-JsonProtocol.scala-440-440=44
org/apache/spark/status/api/v1/ShuffleWriteMetrics.writeTime-api.scala-255-255=773
org/apache/spark/status/api/v1/TaskMetrics.peakExecutionMemory-api.scala-230-230=762
org/apache/spark/rdd/CoalescedRDDPartition$$anonfun$writeObject$1$$anonfun$apply$mcV$sp$1.apply-CoalescedRDD.scala-47-47=6
org/apache/spark/graphx/lib/PageRank$$anonfun$3.apply-PageRank.scala-141-141=125733
org/apache/spark/status/api/v1/TaskMetrics.shuffleWriteMetrics-api.scala-234-234=2760
org/apache/spark/graphx/impl/EdgePartition.withoutVertexAttributes-EdgePartition.scala-100-101=2
org/apache/spark/status/api/v1/StageData.attemptId-api.scala-166-166=157
org/apache/spark/rdd/ZippedPartitionsPartition$$anonfun$writeObject$1.apply$mcV$sp-ZippedPartitionsRDD.scala-40-41=4
org/apache/spark/graphx/impl/EdgePartition.aggregateMessagesEdgeScan-EdgePartition.scala-388-414=2
org/apache/spark/status/api/v1/StageData.stageId-api.scala-165-165=158
org/apache/spark/status/api/v1/ShuffleReadMetrics.remoteBytesReadToDisk-api.scala-249-249=752
org/apache/spark/rdd/RDD.getNarrowAncestors-RDD.scala-320-335=1
org/apache/spark/rdd/RDD.elementClassTag-RDD.scala-1749-1749=6
org/apache/spark/graphx/impl/GraphImpl$$anonfun$13$$anonfun$apply$3$$anonfun$1.apply-GraphImpl.scala-211-211=2
org/apache/spark/graphx/impl/EdgePartition.indexSize-EdgePartition.scala-317-317=2
org/apache/spark/graphx/impl/EdgeRDDImpl.getStorageLevel-EdgeRDDImpl.scala-74-74=1
org/apache/spark/graphx/impl/VertexAttributeBlock.attrs-ShippableVertexPartition.scala-28-28=2976
org/apache/spark/graphx/impl/VertexAttributeBlock$$anonfun$iterator$1.apply-ShippableVertexPartition.scala-31-31=5952
org/apache/spark/status/api/v1/TaskMetrics.memoryBytesSpilled-api.scala-228-228=960
org/apache/spark/rdd/RDD.isCheckpointedAndMaterialized-RDD.scala-1677-1677=16
org/apache/spark/rdd/ZippedPartitionsRDD2.compute-ZippedPartitionsRDD.scala-88-89=4
org/apache/spark/graphx/util/collection/GraphXPrimitiveKeyOpenHashMap$mcJI$sp.keySet-GraphXPrimitiveKeyOpenHashMap.scala-34-34=2978
org/apache/spark/status/api/v1/ShuffleReadMetrics.recordsRead-api.scala-251-251=994
org/apache/spark/rdd/ZippedPartitionsPartition.org$apache$spark$rdd$ZippedPartitionsPartition$$rdds-ZippedPartitionsRDD.scala-29-29=4
org/apache/spark/rdd/RDD$$anonfun$org$apache$spark$rdd$RDD$$visit$1$1.apply-RDD.scala-326-326=11
org/apache/spark/status/api/v1/OutputMetrics.recordsWritten-api.scala-242-242=981
org/apache/spark/rdd/RDD.creationSite-RDD.scala-1734-1734=12
org/apache/spark/rdd/ZippedPartitionsPartition.partitionValues_$eq-ZippedPartitionsRDD.scala-34-34=4
org/apache/spark/graphx/impl/AggregatingEdgeContext.srcAttr-EdgePartition.scala-523-523=64338
org/apache/spark/rdd/RDD$$anonfun$6.apply-RDD.scala-325-325=22
org/apache/spark/rdd/CoalescedRDDPartition$$anonfun$writeObject$1.apply$mcV$sp-CoalescedRDD.scala-47-48=2
org/apache/spark/rdd/RDD$$anonfun$preferredLocations$2.apply-RDD.scala-297-297=4
org/apache/spark/graphx/impl/EdgePartition$mcI$sp.withoutVertexAttributes-EdgePartition.scala-99-99=2
org/apache/spark/rdd/RDD.org$apache$spark$rdd$RDD$$dependencies_-RDD.scala-241-241=108
org/apache/spark/status/api/v1/TaskMetrics.executorCpuTime-api.scala-224-224=919
org/apache/spark/graphx/impl/AggregatingEdgeContext.sendToDst-EdgePartition.scala-531-531=64328
org/apache/spark/rdd/RDDOperationScope.toJson-RDDOperationScope.scala-52-52=22
org/apache/spark/rdd/RDD.org$apache$spark$rdd$RDD$$visit$1-RDD.scala-323-326=12
org/apache/spark/rdd/RDD.isBarrier-RDD.scala-1931-1931=2
org/apache/spark/graphx/impl/GraphImpl$$anonfun$13.apply-GraphImpl.scala-208-208=4
org/apache/spark/status/api/v1/InputMetrics.bytesRead-api.scala-237-237=995
org/apache/spark/rdd/ZippedPartitionsPartition$$anonfun$writeObject$1$$anonfun$apply$mcV$sp$1.apply-ZippedPartitionsRDD.scala-40-40=16
org/apache/spark/rdd/RDD.getPreferredLocations-RDD.scala-137-137=2
org/apache/spark/rdd/ZippedPartitionsPartition.preferredLocations-ZippedPartitionsRDD.scala-30-30=2
org/apache/spark/status/api/v1/ExecutorSummary.hostPort-api.scala-78-78=89
org/apache/spark/rdd/ZippedPartitionsBaseRDD.getPreferredLocations-ZippedPartitionsRDD.scala-70-70=2
org/apache/spark/graphx/impl/EdgeRDDImpl.partitionsRDD-EdgeRDDImpl.scala-28-28=1
org/apache/spark/rdd/RDD.getOrCompute-RDD.scala-354-357=5
org/apache/spark/rdd/RDD.iterator-RDD.scala-307-307=17
org/apache/spark/rdd/ZippedPartitionsPartition.partitions-ZippedPartitionsRDD.scala-35-35=4
org/apache/spark/rdd/ZippedPartitionsRDD2.getPreferredLocations-ZippedPartitionsRDD.scala-70-70=2
org/apache/spark/status/api/v1/ShuffleWriteMetrics.bytesWritten-api.scala-254-254=992
org/apache/spark/graphx/impl/VertexAttributeBlock.vids-ShippableVertexPartition.scala-28-28=2984
org/apache/spark/graphx/lib/PageRank$$anonfun$10.apply-PageRank.scala-141-141=128639
org/apache/spark/util/JsonProtocol$$anonfun$rddInfoToJson$7.apply-JsonProtocol.scala-444-444=42
org/apache/spark/rdd/CoalescedRDDPartition.parentsIndices-CoalescedRDD.scala-40-40=2
org/apache/spark/rdd/RDD.firstParent-RDD.scala-1763-1763=8
org/apache/spark/util/JsonProtocol$$anonfun$rddInfoToJson$2.apply-JsonProtocol.scala-437-437=44
org/apache/spark/status/api/v1/ShuffleReadMetrics.remoteBytesRead-api.scala-248-248=983
org/apache/spark/graphx/impl/GraphImpl$$anonfun$7.apply-GraphImpl.scala-153-153=2
org/apache/spark/rdd/InputFileBlockHolder$.unset-InputFileBlockHolder.scala-86-86=2
org/apache/spark/graphx/impl/EdgePartition$mcI$sp.updateVertices$mcI$sp-EdgePartition.scala-87-93=2
org/apache/spark/status/api/v1/TaskMetrics.executorRunTime-api.scala-223-223=926
org/apache/spark/status/api/v1/TaskMetrics.inputMetrics-api.scala-231-231=2011
org/apache/spark/rdd/RDDOperationScope.name-RDDOperationScope.scala-47-47=22
org/apache/spark/graphx/impl/GraphImpl$$anonfun$13$$anonfun$apply$3.apply-GraphImpl.scala-208-208=4
org/apache/spark/rdd/RDD$$anonfun$5.apply-RDD.scala-324-324=22
org/apache/spark/rdd/CoalescedRDDPartition.rdd-CoalescedRDD.scala-39-39=3
org/apache/spark/graphx/lib/PageRank$$anonfun$9.apply-PageRank.scala-125-125=128418
org/apache/spark/rdd/RDD.name-RDD.scala-153-153=12
org/apache/spark/util/JsonProtocol$$anonfun$rddInfoToJson$6.apply-JsonProtocol.scala-443-443=44
org/apache/spark/rdd/ShuffledRDDPartition.index-ShuffledRDD.scala-27-27=6
org/apache/spark/rdd/RDD$$anonfun$dependencies$2.apply-RDD.scala-252-252=54
org/apache/spark/rdd/RDD.computeOrReadCheckpoint-RDD.scala-343-343=16
org/apache/spark/rdd/ZippedPartitionsRDD2.rdd2-ZippedPartitionsRDD.scala-83-83=3
org/apache/spark/graphx/impl/GraphImpl$$anonfun$13$$anonfun$apply$3$$anonfun$1.apply$mcI$sp-GraphImpl.scala-211-211=2
org/apache/spark/status/api/v1/RDDPartitionInfo.executors-api.scala-161-161=2
org/apache/spark/graphx/impl/ReplicatedVertexView$$anonfun$2.apply-ReplicatedVertexView.scala-71-71=8
org/apache/spark/status/api/v1/TaskMetrics.outputMetrics-api.scala-232-232=1989
org/apache/spark/status/api/v1/RDDPartitionInfo.diskUsed-api.scala-160-160=2
org/apache/spark/graphx/Edge$.$lessinit$greater$default$2-Edge.scala-34-34=64221
org/apache/spark/util/JsonProtocol$$anonfun$rddInfoToJson$8.apply-JsonProtocol.scala-445-445=42
org/apache/spark/rdd/CoalescedRDDPartition.index-CoalescedRDD.scala-38-38=6
org/apache/spark/graphx/impl/AggregatingEdgeContext.attr-EdgePartition.scala-525-525=64344
org/apache/spark/graphx/util/collection/GraphXPrimitiveKeyOpenHashMap$mcJI$sp._values$mcI$sp-GraphXPrimitiveKeyOpenHashMap.scala--1--1=2976
org/apache/spark/rdd/CoalescedRDDPartition$$anonfun$writeObject$1.org$apache$spark$rdd$CoalescedRDDPartition$$anonfun$$$outer-CoalescedRDD.scala-45-45=3
org/apache/spark/rdd/ZippedPartitionsPartition$$anonfun$writeObject$1.org$apache$spark$rdd$ZippedPartitionsPartition$$anonfun$$$outer-ZippedPartitionsRDD.scala-38-38=8
org/apache/spark/rdd/CoalescedRDDPartition$$anonfun$writeObject$1.apply-CoalescedRDD.scala-45-45=2
org/apache/spark/graphx/impl/EdgePartition.size-EdgePartition.scala-314-314=128562
org/apache/spark/status/api/v1/TaskMetrics.executorDeserializeCpuTime-api.scala-222-222=730
org/apache/spark/rdd/RDD.preferredLocations-RDD.scala-296-296=4
org/apache/spark/rdd/RDD.dependencies-RDD.scala-252-252=54
org/apache/spark/status/api/v1/ShuffleReadMetrics.fetchWaitTime-api.scala-247-247=743
org/apache/spark/graphx/impl/VertexAttributeBlock.iterator-ShippableVertexPartition.scala-31-31=8
org/apache/spark/graphx/Edge.attr_$eq-Edge.scala-35-35=64200
org/apache/spark/rdd/MapPartitionsRDD.isBarrier_-MapPartitionsRDD.scala-60-60=2
org/apache/spark/rdd/RDD$$anonfun$mapPartitions$1$$anonfun$apply$23.apply-RDD.scala-823-823=16
org/apache/spark/graphx/impl/GraphImpl$$anonfun$14.apply-GraphImpl.scala-333-333=8
org/apache/spark/graphx/impl/EdgePartition.numActives-EdgePartition.scala-118-118=2
org/apache/spark/status/api/v1/TaskMetrics.shuffleReadMetrics-api.scala-233-233=5988
org/apache/spark/status/api/v1/RDDPartitionInfo.memoryUsed-api.scala-159-159=3
org/apache/spark/status/api/v1/ShuffleReadMetrics.remoteBlocksFetched-api.scala-245-245=744
org/apache/spark/status/api/v1/ShuffleWriteMetrics.recordsWritten-api.scala-256-256=996
org/apache/spark/status/api/v1/TaskMetrics.diskBytesSpilled-api.scala-229-229=953
org/apache/spark/util/JsonProtocol$$anonfun$rddInfoToJson$1.apply-JsonProtocol.scala-437-437=44
org/apache/spark/graphx/Edge$.$lessinit$greater$default$1-Edge.scala-33-33=64231
org/apache/spark/graphx/EdgeTriplet.srcAttr-EdgeTriplet.scala-30-30=64201
org/apache/spark/graphx/impl/AggregatingEdgeContext.set-EdgePartition.scala-499-505=64336
org/apache/spark/status/api/v1/TaskMetrics.resultSerializationTime-api.scala-227-227=735
org/apache/spark/graphx/Edge.dstId_$eq-Edge.scala-34-34=64193
org/apache/spark/rdd/RDD$$anonfun$partitions$2.apply-RDD.scala-269-269=37
org/apache/spark/rdd/RDD.getStorageLevel-RDD.scala-223-223=21
org/apache/spark/rdd/RDDOperationScope.id-RDDOperationScope.scala-49-49=22
org/apache/spark/graphx/EdgeTriplet.srcAttr_$eq-EdgeTriplet.scala-30-30=64189
org/apache/spark/rdd/RDD$$anonfun$4.apply-RDD.scala-323-323=26
org/apache/spark/util/JsonProtocol$$anonfun$rddInfoToJson$4$$anonfun$apply$19.apply-JsonProtocol.scala-439-439=44
org/apache/spark/rdd/InputFileBlockHolder$$anon$1.initialValue-InputFileBlockHolder.scala-53-53=1
org/apache/spark/graphx/impl/EdgePartition$$anon$2.next-EdgePartition.scala-349-349=64201
org/apache/spark/rdd/RDD.sparkContext-RDD.scala-147-147=1
org/apache/spark/rdd/RDDOperationScope$.org$apache$spark$rdd$RDDOperationScope$$jsonMapper-RDDOperationScope.scala-82-82=22
org/apache/spark/rdd/InputFileBlockHolder$.initialize-InputFileBlockHolder.scala-92-92=1
org/apache/spark/graphx/impl/EdgePartition$mcI$sp.withoutVertexAttributes$mcI$sp-EdgePartition.scala-100-101=2
org/apache/spark/util/JsonProtocol$$anonfun$rddInfoToJson$9.apply-JsonProtocol.scala-446-446=42
org/apache/spark/util/JsonProtocol$$anonfun$rddInfoToJson$3.apply-JsonProtocol.scala-439-439=44
org/apache/spark/graphx/impl/ReplicatedVertexView$$anonfun$2$$anonfun$apply$1.apply-ReplicatedVertexView.scala-71-71=8
org/apache/spark/rdd/RDD.checkpointData-RDD.scala-1751-1751=110
org/apache/spark/status/api/v1/ShuffleReadMetrics.localBytesRead-api.scala-250-250=1006
org/apache/spark/util/JsonProtocol$$anonfun$rddInfoToJson$4.apply-JsonProtocol.scala-439-439=44
org/apache/spark/graphx/Edge$.$lessinit$greater$default$3-Edge.scala-35-35=64215
org/apache/spark/graphx/impl/EdgePartition.updateVertices-EdgePartition.scala-87-93=2
org/apache/spark/rdd/MapPartitionsRDD.compute-MapPartitionsRDD.scala-52-52=8
org/apache/spark/status/api/v1/TaskMetrics.executorDeserializeTime-api.scala-221-221=836
org/apache/spark/graphx/Graph$$anonfun$mapTriplets$2.apply-Graph.scala-267-267=4
org/apache/spark/rdd/ZippedPartitionsPartition.partitionValues-ZippedPartitionsRDD.scala-34-34=4
org/apache/spark/graphx/impl/ReplicatedVertexView$$anonfun$2$$anonfun$apply$1$$anonfun$apply$2.apply-ReplicatedVertexView.scala-73-73=16
org/apache/spark/rdd/RDD$$anonfun$getNarrowAncestors$1.apply-RDD.scala-335-335=22
org/apache/spark/graphx/impl/EdgePartition$$anonfun$aggregateMessagesEdgeScan$1.apply-EdgePartition.scala-414-414=2980
org/apache/spark/rdd/RDDOperationScope.parent-RDDOperationScope.scala-48-48=22
org/apache/spark/rdd/RDD.partitions-RDD.scala-269-269=37
org/apache/spark/rdd/RDD$$anon$1.next-RDD.scala-367-368=2
org/apache/spark/status/api/v1/JobData.jobId-api.scala-110-110=51
org/apache/spark/status/api/v1/ExecutorSummary.id-api.scala-77-77=86
org/apache/spark/rdd/RDD$$anonfun$7.apply-RDD.scala-357-357=4
org/apache/spark/status/api/v1/TaskMetrics.jvmGcTime-api.scala-226-226=736
org/apache/spark/status/api/v1/RDDStorageInfo.id-api.scala-132-132=244
org/apache/spark/rdd/RDD$$anonfun$org$apache$spark$rdd$RDD$$visit$1$1.apply-RDD.scala-327-328=11
org/apache/spark/graphx/util/collection/GraphXPrimitiveKeyOpenHashMap$mcJI$sp.keySet$mcJ$sp-GraphXPrimitiveKeyOpenHashMap.scala--1--1=2978
org/apache/spark/rdd/ShuffledRDD.compute-ShuffledRDD.scala-103-105=4
