org/apache/spark/api/java/JavaRDD.toRDD-JavaRDD.scala--1--1=1
org/apache/spark/mllib/optimization/GradientDescent.org$apache$spark$internal$Logging$$log__$eq-GradientDescent.scala-35-35=1
org/apache/spark/rdd/RDD.org$apache$spark$rdd$RDD$$partitions_-RDD.scala-242-242=46
org/apache/spark/status/api/v1/ApplicationInfo.id-api.scala-30-30=1
org/apache/spark/rdd/RDD.org$apache$spark$rdd$RDD$$sc-RDD.scala-89-100=36
org/apache/spark/api/java/JavaRDD$.fromRDD-JavaRDD.scala-213-213=1
org/apache/spark/rdd/HadoopRDD.jobConfCacheKey-HadoopRDD.scala-127-127=2
org/apache/spark/rdd/RDDOperationScope$$anonfun$2.apply-RDDOperationScope.scala-105-105=42
org/apache/spark/api/java/JavaRDDLike$class.map-JavaRDDLike.scala-93-93=1
org/apache/spark/rdd/RDD.id-RDD.scala-150-150=51
org/apache/spark/rdd/HadoopRDD$$anonfun$getJobConf$5.apply-HadoopRDD.scala-177-177=1
org/apache/spark/rdd/RDD.scope-RDD.scala-1743-1743=4
org/apache/spark/rdd/MapPartitionsRDD$.$lessinit$greater$default$4-MapPartitionsRDD.scala-43-43=3
org/apache/spark/api/java/JavaSparkContext$.fakeClassTag-JavaSparkContext.scala-870-870=2
org/apache/spark/rdd/RDD$.CHECKPOINT_ALL_MARKED_ANCESTORS-RDD.scala-2006-2006=4
org/apache/spark/rdd/RDD.elementClassTag-RDD.scala-1749-1749=4
org/apache/spark/rdd/RDD.logDebug-RDD.scala-77-77=1
org/apache/spark/rdd/RDD.getNarrowAncestors-RDD.scala-320-335=1
org/apache/spark/rdd/HadoopRDD$$anonfun$convertSplitLocationInfo$1$$anonfun$apply$5.apply-HadoopRDD.scala-434-434=1
org/apache/spark/rdd/RDD$$anonfun$partitions$2$$anonfun$apply$3.apply-RDD.scala-274-274=80
org/apache/spark/rdd/RDD.isBarrier_-RDD.scala-1935-1935=1
org/apache/spark/rdd/RDD.withScope-RDD.scala-385-385=3
org/apache/spark/api/java/JavaSparkContext.sc-JavaSparkContext.scala-46-46=2
org/apache/spark/rdd/RDD$$anonfun$persist$1.apply-RDD.scala-176-176=2
org/apache/spark/mllib/classification/LogisticRegressionWithSGD.numFeatures-LogisticRegression.scala-156-156=1
org/apache/spark/api/java/JavaRDD.rdd-JavaRDD.scala-30-30=2
org/apache/spark/rdd/HadoopPartition.inputSplit-HadoopRDD.scala-51-51=1
org/apache/spark/rdd/RDD$$anonfun$org$apache$spark$rdd$RDD$$visit$1$1.apply-RDD.scala-326-326=3
org/apache/spark/rdd/HadoopRDD$$anonfun$convertSplitLocationInfo$1.apply-HadoopRDD.scala-434-434=2
org/apache/spark/rdd/RDD.creationSite-RDD.scala-1734-1734=4
org/apache/spark/rdd/RDD$$anonfun$map$1.apply-RDD.scala-392-392=3
org/apache/spark/rdd/RDD.log-RDD.scala-77-77=1
org/apache/spark/rdd/RDD$$anonfun$6.apply-RDD.scala-325-325=6
org/apache/spark/rdd/RDD$$anonfun$preferredLocations$2.apply-RDD.scala-297-297=4
org/apache/spark/status/api/v1/ApplicationInfo$.apply-api.scala-29-29=1
org/apache/spark/rdd/RDD.org$apache$spark$rdd$RDD$$dependencies_-RDD.scala-241-241=56
org/apache/spark/rdd/MapPartitionsRDD$.$lessinit$greater$default$3-MapPartitionsRDD.scala-42-42=3
org/apache/spark/rdd/RDDOperationScope.toJson-RDDOperationScope.scala-52-52=5
org/apache/spark/rdd/RDD.org$apache$spark$rdd$RDD$$visit$1-RDD.scala-323-326=4
org/apache/spark/rdd/HadoopPartition.index-HadoopRDD.scala-48-48=40
org/apache/spark/rdd/RDD.isBarrier-RDD.scala-1931-1931=6
org/apache/spark/rdd/RDD.getPreferredLocations-RDD.scala-137-137=3
org/apache/spark/status/api/v1/ExecutorSummary.hostPort-api.scala-78-78=42
org/apache/spark/rdd/RDDOperationScope$.org$apache$spark$internal$Logging$$log__$eq-RDDOperationScope.scala-81-81=1
org/apache/spark/rdd/MapPartitionsRDD$$anonfun$isBarrier_$1.apply-MapPartitionsRDD.scala-60-60=6
org/apache/spark/rdd/RDD.context-RDD.scala-1772-1772=3
org/apache/spark/api/java/JavaPairRDD.map-JavaPairRDD.scala-45-45=1
org/apache/spark/mllib/optimization/GradientDescent.setRegParam-GradientDescent.scala-80-83=1
org/apache/spark/status/api/v1/ApplicationEnvironmentInfo.sparkProperties-api.scala-313-313=1
org/apache/spark/rdd/RDD.firstParent-RDD.scala-1763-1763=3
org/apache/spark/rdd/RDDOperationScope$.withScope-RDDOperationScope.scala-134-155=5
org/apache/spark/rdd/RDD.persist-RDD.scala-189-189=1
org/apache/spark/rdd/RDD.org$apache$spark$rdd$RDD$$stateLock-RDD.scala-237-237=8
org/apache/spark/rdd/MapPartitionsRDD.getPartitions-MapPartitionsRDD.scala-49-49=3
org/apache/spark/util/JsonProtocol$$anonfun$rddInfoToJson$2.apply-JsonProtocol.scala-437-437=2
org/apache/spark/api/java/AbstractJavaRDDLike.map-JavaRDDLike.scala-45-45=1
org/apache/spark/mllib/util/DataValidators$.binaryLabelValidator-DataValidators.scala-39-39=1
org/apache/spark/status/api/v1/UIRootFromServletContext$.setUiRoot-ApiRootResource.scala-105-105=1
org/apache/spark/api/java/JavaSparkContext.textFile-JavaSparkContext.scala-172-172=1
org/apache/spark/mllib/optimization/GradientDescent.setMiniBatchFraction-GradientDescent.scala-60-63=1
org/apache/spark/rdd/HadoopRDD$$anonfun$getJobConf$5$$anonfun$apply$3.apply-HadoopRDD.scala-180-180=2
org/apache/spark/rdd/RDDOperationScope.name-RDDOperationScope.scala-47-47=5
org/apache/spark/rdd/HadoopRDD$.org$apache$spark$internal$Logging$$log__$eq-HadoopRDD.scala-379-379=1
org/apache/spark/rdd/RDD$$anonfun$5.apply-RDD.scala-324-324=6
org/apache/spark/status/api/v1/ApiRootResource$.getServletHandler-ApiRootResource.scala-61-67=1
org/apache/spark/rdd/RDD.name-RDD.scala-153-153=4
org/apache/spark/mllib/regression/GeneralizedLinearAlgorithm.numFeatures-GeneralizedLinearAlgorithm.scala-156-156=1
org/apache/spark/rdd/RDD$$anonfun$dependencies$2.apply-RDD.scala-252-252=26
org/apache/spark/rdd/HadoopRDD.getPartitions-HadoopRDD.scala-200-203=1
org/apache/spark/rdd/RDD.org$apache$spark$internal$Logging$$log_-RDD.scala-77-77=2
org/apache/spark/rdd/HadoopRDD$$anonfun$getPartitions$1.apply$mcVI$sp-HadoopRDD.scala-212-212=10
org/apache/spark/rdd/RDD.map-RDD.scala-392-392=3
org/apache/spark/rdd/RDD.conf-RDD.scala-107-107=1
org/apache/spark/rdd/RDD.org$apache$spark$rdd$RDD$$partitions__$eq-RDD.scala-242-242=4
org/apache/spark/rdd/RDD$$anonfun$37.apply-RDD.scala-1744-1744=8
org/apache/spark/api/java/JavaRDDLike$class.$init$-JavaRDDLike.scala-53-53=2
org/apache/spark/rdd/RDD.isLocallyCheckpointed-RDD.scala-1684-1684=1
org/apache/spark/rdd/HadoopRDD$.CONFIGURATION_INSTANTIATION_LOCK-HadoopRDD.scala-384-384=1
org/apache/spark/rdd/RDDOperationScope$.withScope$default$2-RDDOperationScope.scala-101-101=7
org/apache/spark/rdd/RDD.preferredLocations-RDD.scala-296-296=4
org/apache/spark/rdd/RDD.dependencies-RDD.scala-252-252=26
org/apache/spark/rdd/RDDOperationScope$$anonfun$3.apply-RDDOperationScope.scala-106-106=14
org/apache/spark/mllib/regression/GeneralizedLinearAlgorithm.org$apache$spark$internal$Logging$$log__$eq-GeneralizedLinearAlgorithm.scala-104-104=1
org/apache/spark/api/java/JavaPairRDD$.toScalaFunction-JavaPairRDD.scala-1040-1040=1
org/apache/spark/rdd/RDD.logName-RDD.scala-77-77=1
org/apache/spark/rdd/MapPartitionsRDD.isBarrier_-MapPartitionsRDD.scala-60-60=5
org/apache/spark/rdd/HadoopRDD.getJobConf-HadoopRDD.scala-144-153=1
org/apache/spark/rdd/RDD.org$apache$spark$rdd$RDD$$dependencies__$eq-RDD.scala-241-241=4
org/apache/spark/rdd/HadoopRDD$$anonfun$convertSplitLocationInfo$1$$anonfun$apply$5.apply-HadoopRDD.scala-435-434=1
org/apache/spark/mllib/classification/LogisticRegressionWithSGD.org$apache$spark$internal$Logging$$log__$eq-LogisticRegression.scala-104-104=1
org/apache/spark/util/JsonProtocol$$anonfun$rddInfoToJson$1.apply-JsonProtocol.scala-437-437=2
org/apache/spark/mllib/optimization/GradientDescent.setStepSize-GradientDescent.scala-49-52=1
org/apache/spark/mllib/optimization/GradientDescent.setNumIterations-GradientDescent.scala-70-73=1
org/apache/spark/rdd/RDD$$anonfun$partitions$2.apply-RDD.scala-269-269=19
org/apache/spark/rdd/RDD.getStorageLevel-RDD.scala-223-223=8
org/apache/spark/rdd/RDDOperationScope.id-RDDOperationScope.scala-49-49=5
org/apache/spark/rdd/RDDOperationScope$$anonfun$1.apply-RDDOperationScope.scala-104-104=28
org/apache/spark/rdd/RDD$$anonfun$4.apply-RDD.scala-323-323=6
org/apache/spark/rdd/RDD.name_$eq-RDD.scala-153-153=2
org/apache/spark/rdd/RDDOperationScope$.org$apache$spark$rdd$RDDOperationScope$$jsonMapper-RDDOperationScope.scala-82-82=12
org/apache/spark/rdd/RDD.sparkContext-RDD.scala-147-147=5
org/apache/spark/rdd/RDDOperationScope$.withScope-RDDOperationScope.scala-102-112=5
org/apache/spark/rdd/HadoopRDD$.org$apache$spark$rdd$HadoopRDD$$putCachedMetadata-HadoopRDD.scala-396-396=1
org/apache/spark/rdd/HadoopRDD.getPreferredLocations-HadoopRDD.scala-354-360=1
org/apache/spark/rdd/RDDOperationScope$.nextScopeId-RDDOperationScope.scala-90-90=4
org/apache/spark/util/JsonProtocol$$anonfun$rddInfoToJson$3.apply-JsonProtocol.scala-439-439=2
org/apache/spark/rdd/RDD.checkpointData-RDD.scala-1751-1751=50
org/apache/spark/rdd/HadoopRDD$.getCachedMetadata-HadoopRDD.scala-393-393=1
org/apache/spark/rdd/HadoopRDD.getInputFormat-HadoopRDD.scala-190-196=1
org/apache/spark/rdd/RDDOperationScope$$anonfun$5.apply-RDDOperationScope.scala-137-137=6
org/apache/spark/mllib/util/DataValidators$.org$apache$spark$internal$Logging$$log__$eq-DataValidators.scala-31-31=1
org/apache/spark/rdd/RDD.org$apache$spark$internal$Logging$$log__$eq-RDD.scala-77-77=5
org/apache/spark/rdd/RDD$$anonfun$getNarrowAncestors$1.apply-RDD.scala-335-335=6
org/apache/spark/rdd/RDDOperationScope$.fromJson-RDDOperationScope.scala-86-86=7
org/apache/spark/rdd/RDD.setName-RDD.scala-157-158=2
org/apache/spark/rdd/HadoopRDD$.convertSplitLocationInfo-HadoopRDD.scala-434-434=1
org/apache/spark/rdd/RDDOperationScope.parent-RDDOperationScope.scala-48-48=5
org/apache/spark/rdd/RDD.initializeLogIfNecessary-RDD.scala-77-77=2
org/apache/spark/rdd/RDD.partitions-RDD.scala-269-269=19
org/apache/spark/status/api/v1/ExecutorSummary.id-api.scala-77-77=42
org/apache/spark/status/api/v1/JobData.jobId-api.scala-110-110=1
org/apache/spark/status/api/v1/ApplicationAttemptInfo$.apply-api.scala-41-41=1
org/apache/spark/rdd/RDD$$anonfun$org$apache$spark$rdd$RDD$$visit$1$1.apply-RDD.scala-327-328=3
org/apache/spark/rdd/MapPartitionsRDD$.$lessinit$greater$default$5-MapPartitionsRDD.scala-44-44=3
org/apache/spark/rdd/RDD.getDependencies-RDD.scala-132-132=4
org/apache/spark/rdd/RDDOperationScope$.$lessinit$greater$default$3-RDDOperationScope.scala-49-49=4
org/apache/spark/api/java/JavaRDD$.toRDD-JavaRDD.scala-215-215=1
