org/apache/spark/status/api/v1/OutputMetrics.bytesWritten-api.scala-241-241=17
org/apache/spark/rdd/RDD.doCheckpoint-RDD.scala-1800-1800=6
org/apache/spark/mllib/optimization/GradientDescent$.log-GradientDescent.scala-155-155=1
org/apache/spark/status/api/v1/TaskMetrics.resultSize-api.scala-225-225=12
org/apache/spark/mllib/optimization/GradientDescent$.runMiniBatchSGD-GradientDescent.scala-193-278=1
org/apache/spark/rdd/RDD.org$apache$spark$rdd$RDD$$partitions_-RDD.scala-242-242=106
org/apache/spark/api/java/JavaDoubleRDD.srdd-JavaDoubleRDD.scala-34-34=1
org/apache/spark/status/api/v1/ShuffleReadMetrics.localBlocksFetched-api.scala-246-246=11
org/apache/spark/rdd/RDD$.doubleRDDToDoubleRDDFunctions-RDD.scala-2040-2040=1
org/apache/spark/rdd/RDD.org$apache$spark$rdd$RDD$$sc-RDD.scala-89-100=39
org/apache/spark/mllib/optimization/GradientDescent.optimize-GradientDescent.scala-135-135=1
org/apache/spark/rdd/RDDOperationScope$$anonfun$2.apply-RDDOperationScope.scala-105-105=42
org/apache/spark/api/java/JavaRDDLike$class.map-JavaRDDLike.scala-93-93=2
org/apache/spark/rdd/RDD.id-RDD.scala-150-150=117
org/apache/spark/rdd/RDD.scope-RDD.scala-1743-1743=8
org/apache/spark/status/api/v1/InputMetrics.recordsRead-api.scala-238-238=17
org/apache/spark/util/JsonProtocol$$anonfun$rddInfoToJson$5.apply-JsonProtocol.scala-440-440=20
org/apache/spark/status/api/v1/ShuffleWriteMetrics.writeTime-api.scala-255-255=10
org/apache/spark/mllib/classification/LogisticRegressionWithSGD.train-LogisticRegression.scala--1--1=1
org/apache/spark/status/api/v1/TaskMetrics.peakExecutionMemory-api.scala-230-230=12
org/apache/spark/rdd/MapPartitionsRDD$.$lessinit$greater$default$4-MapPartitionsRDD.scala-43-43=4
org/apache/spark/status/api/v1/TaskMetrics.shuffleWriteMetrics-api.scala-234-234=44
org/apache/spark/status/api/v1/StageData.attemptId-api.scala-166-166=3
org/apache/spark/api/java/JavaSparkContext$.fakeClassTag-JavaSparkContext.scala-870-870=4
org/apache/spark/rdd/RDD$.CHECKPOINT_ALL_MARKED_ANCESTORS-RDD.scala-2006-2006=4
org/apache/spark/status/api/v1/StageData.stageId-api.scala-165-165=3
org/apache/spark/status/api/v1/ShuffleReadMetrics.remoteBytesReadToDisk-api.scala-249-249=11
org/apache/spark/rdd/RDD.getNarrowAncestors-RDD.scala-320-335=2
org/apache/spark/rdd/RDD.elementClassTag-RDD.scala-1749-1749=4
org/apache/spark/mllib/classification/LogisticRegressionWithSGD.run-LogisticRegression.scala-245-372=1
org/apache/spark/rdd/RDD$$anonfun$partitions$2$$anonfun$apply$3.apply-RDD.scala-274-274=60
org/apache/spark/status/api/v1/TaskMetrics.memoryBytesSpilled-api.scala-228-228=18
org/apache/spark/rdd/RDD.isCheckpointedAndMaterialized-RDD.scala-1677-1677=2
org/apache/spark/rdd/RDD.withScope-RDD.scala-385-385=6
org/apache/spark/rdd/RDD$$anonfun$mapPartitions$1.apply-RDD.scala-819-819=1
org/apache/spark/rdd/RDD.org$apache$spark$rdd$RDD$$doCheckpointCalled-RDD.scala-1792-1792=6
org/apache/spark/mllib/linalg/DenseVector.size-Vectors.scala-620-620=3
org/apache/spark/mllib/classification/LogisticRegressionWithSGD.createModel-LogisticRegression.scala-212-212=1
org/apache/spark/api/java/JavaRDD.rdd-JavaRDD.scala-30-30=3
org/apache/spark/status/api/v1/ShuffleReadMetrics.recordsRead-api.scala-251-251=17
org/apache/spark/rdd/RDD$$anonfun$org$apache$spark$rdd$RDD$$visit$1$1.apply-RDD.scala-326-326=6
org/apache/spark/status/api/v1/OutputMetrics.recordsWritten-api.scala-242-242=16
org/apache/spark/mllib/pmml/PMMLExportable$class.$init$-PMMLExportable.scala-37-37=1
org/apache/spark/rdd/RDD.creationSite-RDD.scala-1734-1734=8
org/apache/spark/mllib/linalg/Vector$class.$init$-Vectors.scala-47-47=2
org/apache/spark/rdd/DoubleRDDFunctions.org$apache$spark$internal$Logging$$log__$eq-DoubleRDDFunctions.scala-32-32=1
org/apache/spark/rdd/RDD$$anonfun$6.apply-RDD.scala-325-325=12
org/apache/spark/rdd/RDD$$anonfun$map$1.apply-RDD.scala-392-392=3
org/apache/spark/rdd/RDD$$anonfun$preferredLocations$2.apply-RDD.scala-297-297=30
org/apache/spark/mllib/classification/LogisticRegressionWithSGD$.train-LogisticRegression.scala-336-336=1
org/apache/spark/rdd/RDD.org$apache$spark$rdd$RDD$$dependencies_-RDD.scala-241-241=137
org/apache/spark/mllib/regression/GeneralizedLinearAlgorithm.useFeatureScaling-GeneralizedLinearAlgorithm.scala-144-144=1
org/apache/spark/rdd/MapPartitionsRDD$.$lessinit$greater$default$3-MapPartitionsRDD.scala-42-42=3
org/apache/spark/status/api/v1/TaskMetrics.executorCpuTime-api.scala-224-224=15
org/apache/spark/rdd/RDDOperationScope.toJson-RDDOperationScope.scala-52-52=20
org/apache/spark/rdd/RDD.org$apache$spark$rdd$RDD$$visit$1-RDD.scala-323-326=8
org/apache/spark/mllib/optimization/GradientDescent$.initializeLogIfNecessary-GradientDescent.scala-155-155=2
org/apache/spark/rdd/RDD.isBarrier-RDD.scala-1931-1931=8
org/apache/spark/rdd/HadoopPartition.index-HadoopRDD.scala-48-48=30
org/apache/spark/status/api/v1/InputMetrics.bytesRead-api.scala-237-237=16
org/apache/spark/rdd/RDD.getPreferredLocations-RDD.scala-137-137=30
org/apache/spark/status/api/v1/ExecutorSummary.hostPort-api.scala-78-78=79
org/apache/spark/rdd/RDD$$anonfun$fold$1$$anonfun$22.apply-RDD.scala-1141-1141=2
org/apache/spark/rdd/RDD$$anonfun$doCheckpoint$1.apply-RDD.scala-1801-1801=6
org/apache/spark/mllib/optimization/GradientDescent$.org$apache$spark$internal$Logging$$log__$eq-GradientDescent.scala-155-155=1
org/apache/spark/rdd/MapPartitionsRDD.computeOrReadCheckpoint-MapPartitionsRDD.scala-343-343=2
org/apache/spark/rdd/MapPartitionsRDD$$anonfun$isBarrier_$1.apply-MapPartitionsRDD.scala-60-60=6
org/apache/spark/rdd/RDD.iterator-RDD.scala-307-307=2
org/apache/spark/status/api/v1/ShuffleWriteMetrics.bytesWritten-api.scala-254-254=17
org/apache/spark/rdd/RDD.context-RDD.scala-1772-1772=4
org/apache/spark/api/java/JavaPairRDD.map-JavaPairRDD.scala-45-45=2
org/apache/spark/mllib/linalg/DenseVector.asBreeze-Vectors.scala-627-627=4
org/apache/spark/util/JsonProtocol$$anonfun$rddInfoToJson$7.apply-JsonProtocol.scala-444-444=20
org/apache/spark/rdd/RDDOperationScope$.$lessinit$greater$default$2-RDDOperationScope.scala-48-48=6
org/apache/spark/rdd/RDDOperationScope$$anonfun$getAllScopes$2.apply-RDDOperationScope.scala-61-61=6
org/apache/spark/rdd/RDD.firstParent-RDD.scala-1763-1763=3
org/apache/spark/rdd/RDDOperationScope$.withScope-RDDOperationScope.scala-134-155=12
org/apache/spark/rdd/RDD.fold-RDD.scala-1137-1137=1
org/apache/spark/rdd/RDDOperationScope.getAllScopes-RDDOperationScope.scala-61-61=6
org/apache/spark/util/JsonProtocol$$anonfun$rddInfoToJson$2.apply-JsonProtocol.scala-437-437=20
org/apache/spark/rdd/RDD.org$apache$spark$rdd$RDD$$stateLock-RDD.scala-237-237=6
org/apache/spark/rdd/MapPartitionsRDD.getPartitions-MapPartitionsRDD.scala-49-49=3
org/apache/spark/status/api/v1/ShuffleReadMetrics.remoteBytesRead-api.scala-248-248=17
org/apache/spark/mllib/optimization/GradientDescent$.logName-GradientDescent.scala-155-155=1
org/apache/spark/mllib/optimization/GradientDescent$.logInfo-GradientDescent.scala-155-155=1
org/apache/spark/api/java/AbstractJavaRDDLike.map-JavaRDDLike.scala-45-45=2
org/apache/spark/rdd/InputFileBlockHolder$.unset-InputFileBlockHolder.scala-86-86=1
org/apache/spark/rdd/RDD$$anonfun$fold$1$$anonfun$23.apply-RDD.scala-1142-1142=4
org/apache/spark/rdd/RDDOperationScope.name-RDDOperationScope.scala-47-47=26
org/apache/spark/status/api/v1/TaskMetrics.executorRunTime-api.scala-223-223=15
org/apache/spark/status/api/v1/TaskMetrics.inputMetrics-api.scala-231-231=35
org/apache/spark/rdd/RDD$$anonfun$5.apply-RDD.scala-324-324=12
org/apache/spark/rdd/RDD.treeAggregate-RDD.scala-1182-1182=1
org/apache/spark/rdd/RDD.name-RDD.scala-153-153=8
org/apache/spark/util/JsonProtocol$$anonfun$rddInfoToJson$6.apply-JsonProtocol.scala-443-443=20
org/apache/spark/rdd/ShuffledRDDPartition.index-ShuffledRDD.scala-27-27=3
org/apache/spark/rdd/RDD$$anonfun$dependencies$2.apply-RDD.scala-252-252=67
org/apache/spark/rdd/RDD.computeOrReadCheckpoint-RDD.scala-343-343=2
org/apache/spark/rdd/PairRDDFunctions$$anonfun$values$1.apply-PairRDDFunctions.scala-1109-1109=3
org/apache/spark/status/api/v1/TaskMetrics.outputMetrics-api.scala-232-232=33
org/apache/spark/rdd/RDD.map-RDD.scala-392-392=3
org/apache/spark/rdd/RDD.org$apache$spark$rdd$RDD$$partitions__$eq-RDD.scala-242-242=3
org/apache/spark/rdd/RDD$$anonfun$37.apply-RDD.scala-1744-1744=8
org/apache/spark/mllib/optimization/GradientDescent$$anonfun$2.apply-GradientDescent.scala-245-245=8
org/apache/spark/api/java/JavaRDDLike$class.$init$-JavaRDDLike.scala-53-53=3
org/apache/spark/util/JsonProtocol$$anonfun$rddInfoToJson$8.apply-JsonProtocol.scala-445-445=20
org/apache/spark/status/api/v1/TaskMetrics.executorDeserializeCpuTime-api.scala-222-222=11
org/apache/spark/rdd/RDDOperationScope$.withScope$default$2-RDDOperationScope.scala-101-101=7
org/apache/spark/rdd/RDD.preferredLocations-RDD.scala-296-296=30
org/apache/spark/rdd/RDD.dependencies-RDD.scala-252-252=67
org/apache/spark/mllib/regression/GeneralizedLinearAlgorithm.addIntercept-GeneralizedLinearAlgorithm.scala-117-117=2
org/apache/spark/rdd/RDDOperationScope$$anonfun$3.apply-RDDOperationScope.scala-106-106=14
org/apache/spark/api/java/JavaPairRDD$.toScalaFunction-JavaPairRDD.scala-1040-1040=2
org/apache/spark/status/api/v1/ShuffleReadMetrics.fetchWaitTime-api.scala-247-247=12
org/apache/spark/rdd/MapPartitionsRDD.isBarrier_-MapPartitionsRDD.scala-60-60=8
org/apache/spark/mllib/classification/LogisticRegressionWithSGD.run-LogisticRegression.scala-234-234=1
org/apache/spark/rdd/RDD.mapPartitions$default$2-RDD.scala-819-819=1
org/apache/spark/rdd/RDD$$anonfun$map$1$$anonfun$apply$5.apply-RDD.scala-394-394=2
org/apache/spark/rdd/RDD.org$apache$spark$rdd$RDD$$dependencies__$eq-RDD.scala-241-241=3
org/apache/spark/mllib/linalg/DenseVector.values-Vectors.scala-617-617=8
org/apache/spark/status/api/v1/TaskMetrics.shuffleReadMetrics-api.scala-233-233=98
org/apache/spark/rdd/RDD$$anonfun$fold$1.apply-RDD.scala-1139-1144=1
org/apache/spark/status/api/v1/ShuffleReadMetrics.remoteBlocksFetched-api.scala-245-245=11
org/apache/spark/mllib/optimization/GradientDescent$$anonfun$2.apply-GradientDescent.scala-247-247=7
org/apache/spark/mllib/classification/ClassificationModel$class.$init$-ClassificationModel.scala-32-32=1
org/apache/spark/status/api/v1/ShuffleWriteMetrics.recordsWritten-api.scala-256-256=18
org/apache/spark/util/JsonProtocol$$anonfun$rddInfoToJson$1.apply-JsonProtocol.scala-437-437=20
org/apache/spark/status/api/v1/TaskMetrics.diskBytesSpilled-api.scala-229-229=18
org/apache/spark/mllib/classification/LogisticRegressionWithSGD$.train-LogisticRegression.scala-297-298=1
org/apache/spark/rdd/RDD.mapPartitions-RDD.scala-819-819=1
org/apache/spark/mllib/classification/LogisticRegressionWithSGD.useFeatureScaling-LogisticRegression.scala-144-144=1
org/apache/spark/mllib/classification/LogisticRegressionWithSGD.addIntercept-LogisticRegression.scala-117-117=2
org/apache/spark/status/api/v1/TaskMetrics.resultSerializationTime-api.scala-227-227=12
org/apache/spark/rdd/RDD$$anonfun$partitions$2.apply-RDD.scala-269-269=50
org/apache/spark/rdd/RDD.getStorageLevel-RDD.scala-223-223=14
org/apache/spark/rdd/MapPartitionsRDD.isCheckpointedAndMaterialized-MapPartitionsRDD.scala-1677-1677=3
org/apache/spark/rdd/RDDOperationScope.id-RDDOperationScope.scala-49-49=26
org/apache/spark/rdd/RDD$$anonfun$doCheckpoint$1$$anonfun$apply$mcV$sp$2.apply-RDD.scala-1813-1813=10
org/apache/spark/rdd/RDDOperationScope$$anonfun$1.apply-RDDOperationScope.scala-104-104=28
org/apache/spark/rdd/RDD$$anonfun$4.apply-RDD.scala-323-323=14
org/apache/spark/util/JsonProtocol$$anonfun$rddInfoToJson$4$$anonfun$apply$19.apply-JsonProtocol.scala-439-439=20
org/apache/spark/rdd/InputFileBlockHolder$$anon$1.initialValue-InputFileBlockHolder.scala-53-53=1
org/apache/spark/rdd/RDD.sparkContext-RDD.scala-147-147=1
org/apache/spark/rdd/RDDOperationScope$.org$apache$spark$rdd$RDDOperationScope$$jsonMapper-RDDOperationScope.scala-82-82=33
org/apache/spark/rdd/InputFileBlockHolder$.initialize-InputFileBlockHolder.scala-92-92=1
org/apache/spark/rdd/RDDOperationScope$.withScope-RDDOperationScope.scala-102-112=6
org/apache/spark/util/JsonProtocol$$anonfun$rddInfoToJson$9.apply-JsonProtocol.scala-446-446=20
org/apache/spark/util/JsonProtocol$$anonfun$rddInfoToJson$3.apply-JsonProtocol.scala-439-439=20
org/apache/spark/rdd/RDDOperationScope$.nextScopeId-RDDOperationScope.scala-90-90=10
org/apache/spark/rdd/RDD.checkpointData-RDD.scala-1751-1751=156
org/apache/spark/util/JsonProtocol$$anonfun$rddInfoToJson$4.apply-JsonProtocol.scala-439-439=20
org/apache/spark/status/api/v1/ShuffleReadMetrics.localBytesRead-api.scala-250-250=18
org/apache/spark/mllib/regression/GeneralizedLinearAlgorithm.run-GeneralizedLinearAlgorithm.scala-245-372=1
org/apache/spark/rdd/MapPartitionsRDD.compute-MapPartitionsRDD.scala-52-52=1
org/apache/spark/rdd/RDDOperationScope$$anonfun$5.apply-RDDOperationScope.scala-137-137=18
org/apache/spark/rdd/RDD$$anonfun$doCheckpoint$1.apply$mcV$sp-RDD.scala-1801-1801=6
org/apache/spark/status/api/v1/TaskMetrics.executorDeserializeTime-api.scala-221-221=13
org/apache/spark/rdd/MapPartitionsRDD.org$apache$spark$rdd$RDD$$dependencies_-MapPartitionsRDD.scala-241-241=3
org/apache/spark/rdd/RDD$$anonfun$getNarrowAncestors$1.apply-RDD.scala-335-335=12
org/apache/spark/rdd/RDD.org$apache$spark$internal$Logging$$log__$eq-RDD.scala-77-77=4
org/apache/spark/rdd/MapPartitionsRDD.dependencies-MapPartitionsRDD.scala-252-252=1
org/apache/spark/rdd/RDD.org$apache$spark$rdd$RDD$$doCheckpointCalled_$eq-RDD.scala-1792-1792=5
org/apache/spark/rdd/RDDOperationScope$.fromJson-RDDOperationScope.scala-86-86=13
org/apache/spark/mllib/optimization/SquaredL2Updater.compute-Updater.scala-148-154=1
org/apache/spark/rdd/MapPartitionsRDD.firstParent-MapPartitionsRDD.scala-1763-1763=1
org/apache/spark/rdd/RDDOperationScope.parent-RDDOperationScope.scala-48-48=26
org/apache/spark/rdd/RDD.partitions-RDD.scala-269-269=50
org/apache/spark/status/api/v1/JobData.jobId-api.scala-110-110=4
org/apache/spark/status/api/v1/ExecutorSummary.id-api.scala-77-77=79
org/apache/spark/rdd/MapPartitionsRDD.checkpointData-MapPartitionsRDD.scala-1751-1751=1
org/apache/spark/status/api/v1/TaskMetrics.jvmGcTime-api.scala-226-226=12
org/apache/spark/mllib/linalg/Vectors$.fromBreeze-Vectors.scala-409-409=2
org/apache/spark/mllib/optimization/GradientDescent$.org$apache$spark$internal$Logging$$log_-GradientDescent.scala-155-155=2
org/apache/spark/rdd/MapPartitionsRDD.iterator-MapPartitionsRDD.scala-307-307=2
org/apache/spark/status/api/v1/RDDStorageInfo.id-api.scala-132-132=36
org/apache/spark/rdd/RDD$$anonfun$treeAggregate$1.apply-RDD.scala-1183-1182=1
org/apache/spark/rdd/RDD$$anonfun$org$apache$spark$rdd$RDD$$visit$1$1.apply-RDD.scala-327-328=6
org/apache/spark/rdd/MapPartitionsRDD$.$lessinit$greater$default$5-MapPartitionsRDD.scala-44-44=4
org/apache/spark/rdd/RDD.getDependencies-RDD.scala-132-132=3
org/apache/spark/rdd/ShuffledRDD.compute-ShuffledRDD.scala-103-105=1
org/apache/spark/rdd/RDDOperationScope$.$lessinit$greater$default$3-RDDOperationScope.scala-49-49=10
org/apache/spark/mllib/regression/GeneralizedLinearAlgorithm.run-GeneralizedLinearAlgorithm.scala-234-234=1
