org/apache/spark/rdd/RDD.org$apache$spark$rdd$RDD$$partitions_-RDD.scala-242-242=415
org/apache/spark/rdd/RDD.id-RDD.scala-150-150=327
org/apache/spark/status/api/v1/InputMetrics.recordsRead-api.scala-238-238=79
org/apache/spark/rdd/RDD$$anonfun$preferredLocations$2.apply-RDD.scala-297-297=30
org/apache/spark/rdd/RDD.isBarrier-RDD.scala-1931-1931=42
org/apache/spark/status/api/v1/InputMetrics.bytesRead-api.scala-237-237=75
org/apache/spark/rdd/RDD.getPreferredLocations-RDD.scala-137-137=30
org/apache/spark/rdd/MapPartitionsRDD.computeOrReadCheckpoint-MapPartitionsRDD.scala-343-343=44
org/apache/spark/rdd/RDD$$anonfun$5.apply-RDD.scala-324-324=182
org/apache/spark/rdd/RDD.preferredLocations-RDD.scala-296-296=30
org/apache/spark/rdd/MapPartitionsRDD.isBarrier_-MapPartitionsRDD.scala-60-60=41
org/apache/spark/rdd/RDD$$anonfun$partitions$2.apply-RDD.scala-269-269=202
org/apache/spark/rdd/RDD$$anonfun$4.apply-RDD.scala-323-323=216
org/apache/spark/util/JsonProtocol$$anonfun$rddInfoToJson$3.apply-JsonProtocol.scala-439-439=74
org/apache/spark/rdd/RDD.checkpointData-RDD.scala-1751-1751=842
org/apache/spark/util/JsonProtocol$$anonfun$rddInfoToJson$4.apply-JsonProtocol.scala-439-439=74
org/apache/spark/rdd/MapPartitionsRDD.org$apache$spark$rdd$RDD$$dependencies_-MapPartitionsRDD.scala-241-241=76
org/apache/spark/rdd/MapPartitionsRDD.dependencies-MapPartitionsRDD.scala-252-252=40
org/apache/spark/rdd/RDD.partitions-RDD.scala-269-269=202
org/apache/spark/rdd/MapPartitionsRDD.checkpointData-MapPartitionsRDD.scala-1751-1751=72
org/apache/spark/rdd/MapPartitionsRDD.iterator-MapPartitionsRDD.scala-307-307=48
org/apache/spark/rdd/RDD$$anonfun$org$apache$spark$rdd$RDD$$visit$1$1.apply-RDD.scala-327-328=85
